 a 61502
 b 61212
 c 61629
 d 61249
 e 61605
 f 61803
 g 61460
 h 61572
 i 61489
 j 61445
 k 61737
 l 61894
 m 61406
 n 61763
 o 61694
 p 61524
 q 61669
 r 61536
 s 61640
 t 61330
 u 61416
 v 61627
 w 61372
 x 61651
 y 61387
 z 61388

Total characters:  1600000
DATA, 100000, 100, elf73, 6.361000
 a 61502
 b 61212
 c 61629
 d 61249
 e 61605
 f 61803
 g 61460
 h 61572
 i 61489
 j 61445
 k 61737
 l 61894
 m 61406
 n 61763
 o 61694
 p 61524
 q 61669
 r 61536
 s 61640
 t 61330
 u 61416
 v 61627
 w 61372
 x 61651
 y 61387
 z 61388

Total characters:  1600000
DATA, 100000, 100, elf73, 6.422000
 a 61502
 b 61212
 c 61629
 d 61249
 e 61605
 f 61803
 g 61460
 h 61572
 i 61489
 j 61445
 k 61737
 l 61894
 m 61406
 n 61763
 o 61694
 p 61524
 q 61669
 r 61536
 s 61640
 t 61330
 u 61416
 v 61627
 w 61372
 x 61651
 y 61387
 z 61388

Total characters:  1600000
DATA, 100000, 100, elf73, 6.478000
 a 61502
 b 61212
 c 61629
 d 61249
 e 61605
 f 61803
 g 61460
 h 61572
 i 61489
 j 61445
 k 61737
 l 61894
 m 61406
 n 61763
 o 61694
 p 61524
 q 61669
 r 61536
 s 61640
 t 61330
 u 61416
 v 61627
 w 61372
 x 61651
 y 61387
 z 61388

Total characters:  1600000
DATA, 100000, 100, elf73, 6.432000
 a 61502
 b 61212
 c 61629
 d 61249
 e 61605
 f 61803
 g 61460
 h 61572
 i 61489
 j 61445
 k 61737
 l 61894
 m 61406
 n 61763
 o 61694
 p 61524
 q 61669
 r 61536
 s 61640
 t 61330
 u 61416
 v 61627
 w 61372
 x 61651
 y 61387
 z 61388

Total characters:  1600000
DATA, 100000, 100, elf73, 6.417000
 a 61502
 b 61212
 c 61629
 d 61249
 e 61605
 f 61803
 g 61460
 h 61572
 i 61489
 j 61445
 k 61737
 l 61894
 m 61406
 n 61763
 o 61694
 p 61524
 q 61669
 r 61536
 s 61640
 t 61330
 u 61416
 v 61627
 w 61372
 x 61651
 y 61387
 z 61388

Total characters:  1600000
DATA, 100000, 100, elf73, 6.338000
 a 61502
 b 61212
 c 61629
 d 61249
 e 61605
 f 61803
 g 61460
 h 61572
 i 61489
 j 61445
 k 61737
 l 61894
 m 61406
 n 61763
 o 61694
 p 61524
 q 61669
 r 61536
 s 61640
 t 61330
 u 61416
 v 61627
 w 61372
 x 61651
 y 61387
 z 61388

Total characters:  1600000
DATA, 100000, 100, elf73, 6.362000
 a 61502
 b 61212
 c 61629
 d 61249
 e 61605
 f 61803
 g 61460
 h 61572
 i 61489
 j 61445
 k 61737
 l 61894
 m 61406
 n 61763
 o 61694
 p 61524
 q 61669
 r 61536
 s 61640
 t 61330
 u 61416
 v 61627
 w 61372
 x 61651
 y 61387
 z 61388

Total characters:  1600000
DATA, 100000, 100, elf73, 6.431000
 a 61502
 b 61212
 c 61629
 d 61249
 e 61605
 f 61803
 g 61460
 h 61572
 i 61489
 j 61445
 k 61737
 l 61894
 m 61406
 n 61763
 o 61694
 p 61524
 q 61669
 r 61536
 s 61640
 t 61330
 u 61416
 v 61627
 w 61372
 x 61651
 y 61387
 z 61388

Total characters:  1600000
DATA, 100000, 100, elf73, 6.437000
 a 61502
 b 61212
 c 61629
 d 61249
 e 61605
 f 61803
 g 61460
 h 61572
 i 61489
 j 61445
 k 61737
 l 61894
 m 61406
 n 61763
 o 61694
 p 61524
 q 61669
 r 61536
 s 61640
 t 61330
 u 61416
 v 61627
 w 61372
 x 61651
 y 61387
 z 61388

Total characters:  1600000
DATA, 100000, 100, elf73, 6.379000
 a 61502
 b 61212
 c 61629
 d 61249
 e 61605
 f 61803
 g 61460
 h 61572
 i 61489
 j 61445
 k 61737
 l 61894
 m 61406
 n 61763
 o 61694
 p 61524
 q 61669
 r 61536
 s 61640
 t 61330
 u 61416
 v 61627
 w 61372
 x 61651
 y 61387
 z 61388

Total characters:  1600000
DATA, 100000, 100, elf79, 6.635000
 a 61502
 b 61212
 c 61629
 d 61249
 e 61605
 f 61803
 g 61460
 h 61572
 i 61489
 j 61445
 k 61737
 l 61894
 m 61406
 n 61763
 o 61694
 p 61524
 q 61669
 r 61536
 s 61640
 t 61330
 u 61416
 v 61627
 w 61372
 x 61651
 y 61387
 z 61388

Total characters:  1600000
DATA, 100000, 100, elf67, 6.368000
 a 61502
 b 61212
 c 61629
 d 61249
 e 61605
 f 61803
 g 61460
 h 61572
 i 61489
 j 61445
 k 61737
 l 61894
 m 61406
 n 61763
 o 61694
 p 61524
 q 61669
 r 61536
 s 61640
 t 61330
 u 61416
 v 61627
 w 61372
 x 61651
 y 61387
 z 61388

Total characters:  1600000
DATA, 100000, 100, elf79, 6.636000
 a 61502
 b 61212
 c 61629
 d 61249
 e 61605
 f 61803
 g 61460
 h 61572
 i 61489
 j 61445
 k 61737
 l 61894
 m 61406
 n 61763
 o 61694
 p 61524
 q 61669
 r 61536
 s 61640
 t 61330
 u 61416
 v 61627
 w 61372
 x 61651
 y 61387
 z 61388

Total characters:  1600000
DATA, 100000, 100, elf67, 6.423000
 a 61502
 b 61212
 c 61629
 d 61249
 e 61605
 f 61803
 g 61460
 h 61572
 i 61489
 j 61445
 k 61737
 l 61894
 m 61406
 n 61763
 o 61694
 p 61524
 q 61669
 r 61536
 s 61640
 t 61330
 u 61416
 v 61627
 w 61372
 x 61651
 y 61387
 z 61388

Total characters:  1600000
DATA, 100000, 100, elf67, 6.454000
 a 61502
 b 61212
 c 61629
 d 61249
 e 61605
 f 61803
 g 61460
 h 61572
 i 61489
 j 61445
 k 61737
 l 61894
 m 61406
 n 61763
 o 61694
 p 61524
 q 61669
 r 61536
 s 61640
 t 61330
 u 61416
 v 61627
 w 61372
 x 61651
 y 61387
 z 61388

Total characters:  1600000
DATA, 100000, 100, elf67, 6.509000
 a 61502
 b 61212
 c 61629
 d 61249
 e 61605
 f 61803
 g 61460
 h 61572
 i 61489
 j 61445
 k 61737
 l 61894
 m 61406
 n 61763
 o 61694
 p 61524
 q 61669
 r 61536
 s 61640
 t 61330
 u 61416
 v 61627
 w 61372
 x 61651
 y 61387
 z 61388

Total characters:  1600000
DATA, 100000, 100, elf67, 6.605000
 a 61502
 b 61212
 c 61629
 d 61249
 e 61605
 f 61803
 g 61460
 h 61572
 i 61489
 j 61445
 k 61737
 l 61894
 m 61406
 n 61763
 o 61694
 p 61524
 q 61669
 r 61536
 s 61640
 t 61330
 u 61416
 v 61627
 w 61372
 x 61651
 y 61387
 z 61388

Total characters:  1600000
DATA, 100000, 100, elf77, 6.347000
 a 61502
 b 61212
 c 61629
 d 61249
 e 61605
 f 61803
 g 61460
 h 61572
 i 61489
 j 61445
 k 61737
 l 61894
 m 61406
 n 61763
 o 61694
 p 61524
 q 61669
 r 61536
 s 61640
 t 61330
 u 61416
 v 61627
 w 61372
 x 61651
 y 61387
 z 61388

Total characters:  1600000
DATA, 100000, 100, elf58, 6.438000
 a 61502
 b 61212
 c 61629
 d 61249
 e 61605
 f 61803
 g 61460
 h 61572
 i 61489
 j 61445
 k 61737
 l 61894
 m 61406
 n 61763
 o 61694
 p 61524
 q 61669
 r 61536
 s 61640
 t 61330
 u 61416
 v 61627
 w 61372
 x 61651
 y 61387
 z 61388

Total characters:  1600000
DATA, 100000, 100, elf77, 6.388000
 a 61502
 b 61212
 c 61629
 d 61249
 e 61605
 f 61803
 g 61460
 h 61572
 i 61489
 j 61445
 k 61737
 l 61894
 m 61406
 n 61763
 o 61694
 p 61524
 q 61669
 r 61536
 s 61640
 t 61330
 u 61416
 v 61627
 w 61372
 x 61651
 y 61387
 z 61388

Total characters:  1600000
DATA, 100000, 100, elf58, 6.354000
 a 61502
 b 61212
 c 61629
 d 61249
 e 61605
 f 61803
 g 61460
 h 61572
 i 61489
 j 61445
 k 61737
 l 61894
 m 61406
 n 61763
 o 61694
 p 61524
 q 61669
 r 61536
 s 61640
 t 61330
 u 61416
 v 61627
 w 61372
 x 61651
 y 61387
 z 61388

Total characters:  1600000
DATA, 100000, 100, elf77, 6.305000
 a 61502
 b 61212
 c 61629
 d 61249
 e 61605
 f 61803
 g 61460
 h 61572
 i 61489
 j 61445
 k 61737
 l 61894
 m 61406
 n 61763
 o 61694
 p 61524
 q 61669
 r 61536
 s 61640
 t 61330
 u 61416
 v 61627
 w 61372
 x 61651
 y 61387
 z 61388

Total characters:  1600000
DATA, 100000, 100, elf58, 6.324000
 a 61502
 b 61212
 c 61629
 d 61249
 e 61605
 f 61803
 g 61460
 h 61572
 i 61489
 j 61445
 k 61737
 l 61894
 m 61406
 n 61763
 o 61694
 p 61524
 q 61669
 r 61536
 s 61640
 t 61330
 u 61416
 v 61627
 w 61372
 x 61651
 y 61387
 z 61388

Total characters:  1600000
DATA, 100000, 100, elf77, 6.429000
 a 61502
 b 61212
 c 61629
 d 61249
 e 61605
 f 61803
 g 61460
 h 61572
 i 61489
 j 61445
 k 61737
 l 61894
 m 61406
 n 61763
 o 61694
 p 61524
 q 61669
 r 61536
 s 61640
 t 61330
 u 61416
 v 61627
 w 61372
 x 61651
 y 61387
 z 61388

Total characters:  1600000
DATA, 100000, 100, elf58, 6.322000
 a 61502
 b 61212
 c 61629
 d 61249
 e 61605
 f 61803
 g 61460
 h 61572
 i 61489
 j 61445
 k 61737
 l 61894
 m 61406
 n 61763
 o 61694
 p 61524
 q 61669
 r 61536
 s 61640
 t 61330
 u 61416
 v 61627
 w 61372
 x 61651
 y 61387
 z 61388

Total characters:  1600000
DATA, 100000, 100, elf77, 6.486000
 a 61502
 b 61212
 c 61629
 d 61249
 e 61605
 f 61803
 g 61460
 h 61572
 i 61489
 j 61445
 k 61737
 l 61894
 m 61406
 n 61763
 o 61694
 p 61524
 q 61669
 r 61536
 s 61640
 t 61330
 u 61416
 v 61627
 w 61372
 x 61651
 y 61387
 z 61388

Total characters:  1600000
DATA, 100000, 100, elf77, 6.321000
 a 61502
 b 61212
 c 61629
 d 61249
 e 61605
 f 61803
 g 61460
 h 61572
 i 61489
 j 61445
 k 61737
 l 61894
 m 61406
 n 61763
 o 61694
 p 61524
 q 61669
 r 61536
 s 61640
 t 61330
 u 61416
 v 61627
 w 61372
 x 61651
 y 61387
 z 61388

Total characters:  1600000
DATA, 100000, 100, elf77, 6.319000
 a 61502
 b 61212
 c 61629
 d 61249
 e 61605
 f 61803
 g 61460
 h 61572
 i 61489
 j 61445
 k 61737
 l 61894
 m 61406
 n 61763
 o 61694
 p 61524
 q 61669
 r 61536
 s 61640
 t 61330
 u 61416
 v 61627
 w 61372
 x 61651
 y 61387
 z 61388

Total characters:  1600000
DATA, 100000, 100, elf77, 6.394000
 a 61502
 b 61212
 c 61629
 d 61249
 e 61605
 f 61803
 g 61460
 h 61572
 i 61489
 j 61445
 k 61737
 l 61894
 m 61406
 n 61763
 o 61694
 p 61524
 q 61669
 r 61536
 s 61640
 t 61330
 u 61416
 v 61627
 w 61372
 x 61651
 y 61387
 z 61388

Total characters:  1600000
DATA, 100000, 100, elf77, 6.309000
 a 61502
 b 61212
 c 61629
 d 61249
 e 61605
 f 61803
 g 61460
 h 61572
 i 61489
 j 61445
 k 61737
 l 61894
 m 61406
 n 61763
 o 61694
 p 61524
 q 61669
 r 61536
 s 61640
 t 61330
 u 61416
 v 61627
 w 61372
 x 61651
 y 61387
 z 61388

Total characters:  1600000
DATA, 100000, 100, elf77, 6.463000
 a 61502
 b 61212
 c 61629
 d 61249
 e 61605
 f 61803
 g 61460
 h 61572
 i 61489
 j 61445
 k 61737
 l 61894
 m 61406
 n 61763
 o 61694
 p 61524
 q 61669
 r 61536
 s 61640
 t 61330
 u 61416
 v 61627
 w 61372
 x 61651
 y 61387
 z 61388

Total characters:  1600000
DATA, 100000, 100, elf77, 6.349000
 a 61502
 b 61212
 c 61629
 d 61249
 e 61605
 f 61803
 g 61460
 h 61572
 i 61489
 j 61445
 k 61737
 l 61894
 m 61406
 n 61763
 o 61694
 p 61524
 q 61669
 r 61536
 s 61640
 t 61330
 u 61416
 v 61627
 w 61372
 x 61651
 y 61387
 z 61388

Total characters:  1600000
DATA, 100000, 100, elf77, 6.576000
 a 61502
 b 61212
 c 61629
 d 61249
 e 61605
 f 61803
 g 61460
 h 61572
 i 61489
 j 61445
 k 61737
 l 61894
 m 61406
 n 61763
 o 61694
 p 61524
 q 61669
 r 61536
 s 61640
 t 61330
 u 61416
 v 61627
 w 61372
 x 61651
 y 61387
 z 61388

Total characters:  1600000
DATA, 100000, 100, elf77, 6.489000
 a 61502
 b 61212
 c 61629
 d 61249
 e 61605
 f 61803
 g 61460
 h 61572
 i 61489
 j 61445
 k 61737
 l 61894
 m 61406
 n 61763
 o 61694
 p 61524
 q 61669
 r 61536
 s 61640
 t 61330
 u 61416
 v 61627
 w 61372
 x 61651
 y 61387
 z 61388

Total characters:  1600000
DATA, 100000, 100, elf58, 6.597000
 a 61502
 b 61212
 c 61629
 d 61249
 e 61605
 f 61803
 g 61460
 h 61572
 i 61489
 j 61445
 k 61737
 l 61894
 m 61406
 n 61763
 o 61694
 p 61524
 q 61669
 r 61536
 s 61640
 t 61330
 u 61416
 v 61627
 w 61372
 x 61651
 y 61387
 z 61388

Total characters:  1600000
DATA, 100000, 100, elf79, 6.667000
 a 61502
 b 61212
 c 61629
 d 61249
 e 61605
 f 61803
 g 61460
 h 61572
 i 61489
 j 61445
 k 61737
 l 61894
 m 61406
 n 61763
 o 61694
 p 61524
 q 61669
 r 61536
 s 61640
 t 61330
 u 61416
 v 61627
 w 61372
 x 61651
 y 61387
 z 61388

Total characters:  1600000
DATA, 100000, 100, elf58, 6.608000
 a 61502
 b 61212
 c 61629
 d 61249
 e 61605
 f 61803
 g 61460
 h 61572
 i 61489
 j 61445
 k 61737
 l 61894
 m 61406
 n 61763
 o 61694
 p 61524
 q 61669
 r 61536
 s 61640
 t 61330
 u 61416
 v 61627
 w 61372
 x 61651
 y 61387
 z 61388

Total characters:  1600000
DATA, 100000, 100, elf77, 6.384000
 a 61502
 b 61212
 c 61629
 d 61249
 e 61605
 f 61803
 g 61460
 h 61572
 i 61489
 j 61445
 k 61737
 l 61894
 m 61406
 n 61763
 o 61694
 p 61524
 q 61669
 r 61536
 s 61640
 t 61330
 u 61416
 v 61627
 w 61372
 x 61651
 y 61387
 z 61388

Total characters:  1600000
DATA, 100000, 100, elf77, 6.513000
 a 61502
 b 61212
 c 61629
 d 61249
 e 61605
 f 61803
 g 61460
 h 61572
 i 61489
 j 61445
 k 61737
 l 61894
 m 61406
 n 61763
 o 61694
 p 61524
 q 61669
 r 61536
 s 61640
 t 61330
 u 61416
 v 61627
 w 61372
 x 61651
 y 61387
 z 61388

Total characters:  1600000
DATA, 100000, 100, elf58, 6.295000
 a 61502
 b 61212
 c 61629
 d 61249
 e 61605
 f 61803
 g 61460
 h 61572
 i 61489
 j 61445
 k 61737
 l 61894
 m 61406
 n 61763
 o 61694
 p 61524
 q 61669
 r 61536
 s 61640
 t 61330
 u 61416
 v 61627
 w 61372
 x 61651
 y 61387
 z 61388

Total characters:  1600000
DATA, 100000, 100, elf58, 6.401000
 a 61502
 b 61212
 c 61629
 d 61249
 e 61605
 f 61803
 g 61460
 h 61572
 i 61489
 j 61445
 k 61737
 l 61894
 m 61406
 n 61763
 o 61694
 p 61524
 q 61669
 r 61536
 s 61640
 t 61330
 u 61416
 v 61627
 w 61372
 x 61651
 y 61387
 z 61388

Total characters:  1600000
DATA, 100000, 100, elf58, 6.302000
 a 61502
 b 61212
 c 61629
 d 61249
 e 61605
 f 61803
 g 61460
 h 61572
 i 61489
 j 61445
 k 61737
 l 61894
 m 61406
 n 61763
 o 61694
 p 61524
 q 61669
 r 61536
 s 61640
 t 61330
 u 61416
 v 61627
 w 61372
 x 61651
 y 61387
 z 61388

Total characters:  1600000
DATA, 100000, 100, elf58, 6.419000
 a 61502
 b 61212
 c 61629
 d 61249
 e 61605
 f 61803
 g 61460
 h 61572
 i 61489
 j 61445
 k 61737
 l 61894
 m 61406
 n 61763
 o 61694
 p 61524
 q 61669
 r 61536
 s 61640
 t 61330
 u 61416
 v 61627
 w 61372
 x 61651
 y 61387
 z 61388

Total characters:  1600000
DATA, 100000, 100, elf77, 6.454000
 a 61502
 b 61212
 c 61629
 d 61249
 e 61605
 f 61803
 g 61460
 h 61572
 i 61489
 j 61445
 k 61737
 l 61894
 m 61406
 n 61763
 o 61694
 p 61524
 q 61669
 r 61536
 s 61640
 t 61330
 u 61416
 v 61627
 w 61372
 x 61651
 y 61387
 z 61388

Total characters:  1600000
DATA, 100000, 100, elf77, 6.361000
 a 61502
 b 61212
 c 61629
 d 61249
 e 61605
 f 61803
 g 61460
 h 61572
 i 61489
 j 61445
 k 61737
 l 61894
 m 61406
 n 61763
 o 61694
 p 61524
 q 61669
 r 61536
 s 61640
 t 61330
 u 61416
 v 61627
 w 61372
 x 61651
 y 61387
 z 61388

Total characters:  1600000
DATA, 100000, 100, elf58, 6.449000
 a 61502
 b 61212
 c 61629
 d 61249
 e 61605
 f 61803
 g 61460
 h 61572
 i 61489
 j 61445
 k 61737
 l 61894
 m 61406
 n 61763
 o 61694
 p 61524
 q 61669
 r 61536
 s 61640
 t 61330
 u 61416
 v 61627
 w 61372
 x 61651
 y 61387
 z 61388

Total characters:  1600000
DATA, 100000, 100, elf77, 6.481000
 a 61502
 b 61212
 c 61629
 d 61249
 e 61605
 f 61803
 g 61460
 h 61572
 i 61489
 j 61445
 k 61737
 l 61894
 m 61406
 n 61763
 o 61694
 p 61524
 q 61669
 r 61536
 s 61640
 t 61330
 u 61416
 v 61627
 w 61372
 x 61651
 y 61387
 z 61388

Total characters:  1600000
DATA, 100000, 100, elf58, 6.490000
 a 61502
 b 61212
 c 61629
 d 61249
 e 61605
 f 61803
 g 61460
 h 61572
 i 61489
 j 61445
 k 61737
 l 61894
 m 61406
 n 61763
 o 61694
 p 61524
 q 61669
 r 61536
 s 61640
 t 61330
 u 61416
 v 61627
 w 61372
 x 61651
 y 61387
 z 61388

Total characters:  1600000
DATA, 100000, 100, elf58, 6.478000
 a 61502
 b 61212
 c 61629
 d 61249
 e 61605
 f 61803
 g 61460
 h 61572
 i 61489
 j 61445
 k 61737
 l 61894
 m 61406
 n 61763
 o 61694
 p 61524
 q 61669
 r 61536
 s 61640
 t 61330
 u 61416
 v 61627
 w 61372
 x 61651
 y 61387
 z 61388

Total characters:  1600000
DATA, 100000, 100, elf58, 6.428000
 a 61502
 b 61212
 c 61629
 d 61249
 e 61605
 f 61803
 g 61460
 h 61572
 i 61489
 j 61445
 k 61737
 l 61894
 m 61406
 n 61763
 o 61694
 p 61524
 q 61669
 r 61536
 s 61640
 t 61330
 u 61416
 v 61627
 w 61372
 x 61651
 y 61387
 z 61388

Total characters:  1600000
DATA, 100000, 100, elf58, 6.426000
 a 61502
 b 61212
 c 61629
 d 61249
 e 61605
 f 61803
 g 61460
 h 61572
 i 61489
 j 61445
 k 61737
 l 61894
 m 61406
 n 61763
 o 61694
 p 61524
 q 61669
 r 61536
 s 61640
 t 61330
 u 61416
 v 61627
 w 61372
 x 61651
 y 61387
 z 61388

Total characters:  1600000
DATA, 100000, 100, elf58, 6.604000
 a 61502
 b 61212
 c 61629
 d 61249
 e 61605
 f 61803
 g 61460
 h 61572
 i 61489
 j 61445
 k 61737
 l 61894
 m 61406
 n 61763
 o 61694
 p 61524
 q 61669
 r 61536
 s 61640
 t 61330
 u 61416
 v 61627
 w 61372
 x 61651
 y 61387
 z 61388

Total characters:  1600000
DATA, 100000, 100, elf58, 6.343000
 a 61502
 b 61212
 c 61629
 d 61249
 e 61605
 f 61803
 g 61460
 h 61572
 i 61489
 j 61445
 k 61737
 l 61894
 m 61406
 n 61763
 o 61694
 p 61524
 q 61669
 r 61536
 s 61640
 t 61330
 u 61416
 v 61627
 w 61372
 x 61651
 y 61387
 z 61388

Total characters:  1600000
DATA, 100000, 100, elf58, 6.622000
 a 61502
 b 61212
 c 61629
 d 61249
 e 61605
 f 61803
 g 61460
 h 61572
 i 61489
 j 61445
 k 61737
 l 61894
 m 61406
 n 61763
 o 61694
 p 61524
 q 61669
 r 61536
 s 61640
 t 61330
 u 61416
 v 61627
 w 61372
 x 61651
 y 61387
 z 61388

Total characters:  1600000
DATA, 100000, 100, elf67, 6.616000
 a 61502
 b 61212
 c 61629
 d 61249
 e 61605
 f 61803
 g 61460
 h 61572
 i 61489
 j 61445
 k 61737
 l 61894
 m 61406
 n 61763
 o 61694
 p 61524
 q 61669
 r 61536
 s 61640
 t 61330
 u 61416
 v 61627
 w 61372
 x 61651
 y 61387
 z 61388

Total characters:  1600000
DATA, 100000, 100, elf67, 6.300000
 a 61502
 b 61212
 c 61629
 d 61249
 e 61605
 f 61803
 g 61460
 h 61572
 i 61489
 j 61445
 k 61737
 l 61894
 m 61406
 n 61763
 o 61694
 p 61524
 q 61669
 r 61536
 s 61640
 t 61330
 u 61416
 v 61627
 w 61372
 x 61651
 y 61387
 z 61388

Total characters:  1600000
DATA, 100000, 100, elf67, 6.340000
 a 61502
 b 61212
 c 61629
 d 61249
 e 61605
 f 61803
 g 61460
 h 61572
 i 61489
 j 61445
 k 61737
 l 61894
 m 61406
 n 61763
 o 61694
 p 61524
 q 61669
 r 61536
 s 61640
 t 61330
 u 61416
 v 61627
 w 61372
 x 61651
 y 61387
 z 61388

Total characters:  1600000
DATA, 100000, 100, elf67, 6.372000
 a 61502
 b 61212
 c 61629
 d 61249
 e 61605
 f 61803
 g 61460
 h 61572
 i 61489
 j 61445
 k 61737
 l 61894
 m 61406
 n 61763
 o 61694
 p 61524
 q 61669
 r 61536
 s 61640
 t 61330
 u 61416
 v 61627
 w 61372
 x 61651
 y 61387
 z 61388

Total characters:  1600000
DATA, 100000, 100, elf67, 6.491000
 a 61502
 b 61212
 c 61629
 d 61249
 e 61605
 f 61803
 g 61460
 h 61572
 i 61489
 j 61445
 k 61737
 l 61894
 m 61406
 n 61763
 o 61694
 p 61524
 q 61669
 r 61536
 s 61640
 t 61330
 u 61416
 v 61627
 w 61372
 x 61651
 y 61387
 z 61388

Total characters:  1600000
DATA, 100000, 100, elf67, 6.373000
 a 61502
 b 61212
 c 61629
 d 61249
 e 61605
 f 61803
 g 61460
 h 61572
 i 61489
 j 61445
 k 61737
 l 61894
 m 61406
 n 61763
 o 61694
 p 61524
 q 61669
 r 61536
 s 61640
 t 61330
 u 61416
 v 61627
 w 61372
 x 61651
 y 61387
 z 61388

Total characters:  1600000
DATA, 100000, 100, elf67, 6.427000
 a 61502
 b 61212
 c 61629
 d 61249
 e 61605
 f 61803
 g 61460
 h 61572
 i 61489
 j 61445
 k 61737
 l 61894
 m 61406
 n 61763
 o 61694
 p 61524
 q 61669
 r 61536
 s 61640
 t 61330
 u 61416
 v 61627
 w 61372
 x 61651
 y 61387
 z 61388

Total characters:  1600000
DATA, 100000, 100, elf79, 6.785000
 a 61502
 b 61212
 c 61629
 d 61249
 e 61605
 f 61803
 g 61460
 h 61572
 i 61489
 j 61445
 k 61737
 l 61894
 m 61406
 n 61763
 o 61694
 p 61524
 q 61669
 r 61536
 s 61640
 t 61330
 u 61416
 v 61627
 w 61372
 x 61651
 y 61387
 z 61388

Total characters:  1600000
DATA, 100000, 100, elf67, 6.305000
 a 61502
 b 61212
 c 61629
 d 61249
 e 61605
 f 61803
 g 61460
 h 61572
 i 61489
 j 61445
 k 61737
 l 61894
 m 61406
 n 61763
 o 61694
 p 61524
 q 61669
 r 61536
 s 61640
 t 61330
 u 61416
 v 61627
 w 61372
 x 61651
 y 61387
 z 61388

Total characters:  1600000
DATA, 100000, 100, elf67, 6.439000
 a 61502
 b 61212
 c 61629
 d 61249
 e 61605
 f 61803
 g 61460
 h 61572
 i 61489
 j 61445
 k 61737
 l 61894
 m 61406
 n 61763
 o 61694
 p 61524
 q 61669
 r 61536
 s 61640
 t 61330
 u 61416
 v 61627
 w 61372
 x 61651
 y 61387
 z 61388

Total characters:  1600000
DATA, 100000, 100, elf67, 6.329000
 a 61502
 b 61212
 c 61629
 d 61249
 e 61605
 f 61803
 g 61460
 h 61572
 i 61489
 j 61445
 k 61737
 l 61894
 m 61406
 n 61763
 o 61694
 p 61524
 q 61669
 r 61536
 s 61640
 t 61330
 u 61416
 v 61627
 w 61372
 x 61651
 y 61387
 z 61388

Total characters:  1600000
DATA, 100000, 100, elf79, 6.811000
 a 61502
 b 61212
 c 61629
 d 61249
 e 61605
 f 61803
 g 61460
 h 61572
 i 61489
 j 61445
 k 61737
 l 61894
 m 61406
 n 61763
 o 61694
 p 61524
 q 61669
 r 61536
 s 61640
 t 61330
 u 61416
 v 61627
 w 61372
 x 61651
 y 61387
 z 61388

Total characters:  1600000
DATA, 100000, 100, elf79, 6.653000
 a 61502
 b 61212
 c 61629
 d 61249
 e 61605
 f 61803
 g 61460
 h 61572
 i 61489
 j 61445
 k 61737
 l 61894
 m 61406
 n 61763
 o 61694
 p 61524
 q 61669
 r 61536
 s 61640
 t 61330
 u 61416
 v 61627
 w 61372
 x 61651
 y 61387
 z 61388

Total characters:  1600000
DATA, 100000, 100, elf79, 6.816000
 a 61502
 b 61212
 c 61629
 d 61249
 e 61605
 f 61803
 g 61460
 h 61572
 i 61489
 j 61445
 k 61737
 l 61894
 m 61406
 n 61763
 o 61694
 p 61524
 q 61669
 r 61536
 s 61640
 t 61330
 u 61416
 v 61627
 w 61372
 x 61651
 y 61387
 z 61388

Total characters:  1600000
DATA, 100000, 100, elf79, 6.778000
 a 61502
 b 61212
 c 61629
 d 61249
 e 61605
 f 61803
 g 61460
 h 61572
 i 61489
 j 61445
 k 61737
 l 61894
 m 61406
 n 61763
 o 61694
 p 61524
 q 61669
 r 61536
 s 61640
 t 61330
 u 61416
 v 61627
 w 61372
 x 61651
 y 61387
 z 61388

Total characters:  1600000
DATA, 100000, 100, elf79, 6.639000
 a 61502
 b 61212
 c 61629
 d 61249
 e 61605
 f 61803
 g 61460
 h 61572
 i 61489
 j 61445
 k 61737
 l 61894
 m 61406
 n 61763
 o 61694
 p 61524
 q 61669
 r 61536
 s 61640
 t 61330
 u 61416
 v 61627
 w 61372
 x 61651
 y 61387
 z 61388

Total characters:  1600000
DATA, 100000, 100, elf79, 6.707000
 a 61502
 b 61212
 c 61629
 d 61249
 e 61605
 f 61803
 g 61460
 h 61572
 i 61489
 j 61445
 k 61737
 l 61894
 m 61406
 n 61763
 o 61694
 p 61524
 q 61669
 r 61536
 s 61640
 t 61330
 u 61416
 v 61627
 w 61372
 x 61651
 y 61387
 z 61388

Total characters:  1600000
DATA, 100000, 100, elf79, 6.802000
 a 61502
 b 61212
 c 61629
 d 61249
 e 61605
 f 61803
 g 61460
 h 61572
 i 61489
 j 61445
 k 61737
 l 61894
 m 61406
 n 61763
 o 61694
 p 61524
 q 61669
 r 61536
 s 61640
 t 61330
 u 61416
 v 61627
 w 61372
 x 61651
 y 61387
 z 61388

Total characters:  1600000
DATA, 100000, 100, elf79, 6.768000
 a 61502
 b 61212
 c 61629
 d 61249
 e 61605
 f 61803
 g 61460
 h 61572
 i 61489
 j 61445
 k 61737
 l 61894
 m 61406
 n 61763
 o 61694
 p 61524
 q 61669
 r 61536
 s 61640
 t 61330
 u 61416
 v 61627
 w 61372
 x 61651
 y 61387
 z 61388

Total characters:  1600000
DATA, 100000, 100, elf79, 6.740000
 a 61502
 b 61212
 c 61629
 d 61249
 e 61605
 f 61803
 g 61460
 h 61572
 i 61489
 j 61445
 k 61737
 l 61894
 m 61406
 n 61763
 o 61694
 p 61524
 q 61669
 r 61536
 s 61640
 t 61330
 u 61416
 v 61627
 w 61372
 x 61651
 y 61387
 z 61388

Total characters:  1600000
DATA, 100000, 100, elf79, 6.841000
 a 61502
 b 61212
 c 61629
 d 61249
 e 61605
 f 61803
 g 61460
 h 61572
 i 61489
 j 61445
 k 61737
 l 61894
 m 61406
 n 61763
 o 61694
 p 61524
 q 61669
 r 61536
 s 61640
 t 61330
 u 61416
 v 61627
 w 61372
 x 61651
 y 61387
 z 61388

Total characters:  1600000
DATA, 100000, 100, elf79, 7.019000
 a 61502
 b 61212
 c 61629
 d 61249
 e 61605
 f 61803
 g 61460
 h 61572
 i 61489
 j 61445
 k 61737
 l 61894
 m 61406
 n 61763
 o 61694
 p 61524
 q 61669
 r 61536
 s 61640
 t 61330
 u 61416
 v 61627
 w 61372
 x 61651
 y 61387
 z 61388

Total characters:  1600000
DATA, 100000, 100, elf79, 6.852000
 a 61502
 b 61212
 c 61629
 d 61249
 e 61605
 f 61803
 g 61460
 h 61572
 i 61489
 j 61445
 k 61737
 l 61894
 m 61406
 n 61763
 o 61694
 p 61524
 q 61669
 r 61536
 s 61640
 t 61330
 u 61416
 v 61627
 w 61372
 x 61651
 y 61387
 z 61388

Total characters:  1600000
DATA, 100000, 100, elf79, 6.896000
 a 61502
 b 61212
 c 61629
 d 61249
 e 61605
 f 61803
 g 61460
 h 61572
 i 61489
 j 61445
 k 61737
 l 61894
 m 61406
 n 61763
 o 61694
 p 61524
 q 61669
 r 61536
 s 61640
 t 61330
 u 61416
 v 61627
 w 61372
 x 61651
 y 61387
 z 61388

Total characters:  1600000
DATA, 100000, 100, elf79, 6.734000
 a 61502
 b 61212
 c 61629
 d 61249
 e 61605
 f 61803
 g 61460
 h 61572
 i 61489
 j 61445
 k 61737
 l 61894
 m 61406
 n 61763
 o 61694
 p 61524
 q 61669
 r 61536
 s 61640
 t 61330
 u 61416
 v 61627
 w 61372
 x 61651
 y 61387
 z 61388

Total characters:  1600000
DATA, 100000, 100, elf67, 6.307000
 a 61502
 b 61212
 c 61629
 d 61249
 e 61605
 f 61803
 g 61460
 h 61572
 i 61489
 j 61445
 k 61737
 l 61894
 m 61406
 n 61763
 o 61694
 p 61524
 q 61669
 r 61536
 s 61640
 t 61330
 u 61416
 v 61627
 w 61372
 x 61651
 y 61387
 z 61388

Total characters:  1600000
DATA, 100000, 100, elf67, 6.188000
 a 61502
 b 61212
 c 61629
 d 61249
 e 61605
 f 61803
 g 61460
 h 61572
 i 61489
 j 61445
 k 61737
 l 61894
 m 61406
 n 61763
 o 61694
 p 61524
 q 61669
 r 61536
 s 61640
 t 61330
 u 61416
 v 61627
 w 61372
 x 61651
 y 61387
 z 61388

Total characters:  1600000
DATA, 100000, 100, elf67, 6.436000
 a 61502
 b 61212
 c 61629
 d 61249
 e 61605
 f 61803
 g 61460
 h 61572
 i 61489
 j 61445
 k 61737
 l 61894
 m 61406
 n 61763
 o 61694
 p 61524
 q 61669
 r 61536
 s 61640
 t 61330
 u 61416
 v 61627
 w 61372
 x 61651
 y 61387
 z 61388

Total characters:  1600000
DATA, 100000, 100, elf78, 6.532000
 a 61502
 b 61212
 c 61629
 d 61249
 e 61605
 f 61803
 g 61460
 h 61572
 i 61489
 j 61445
 k 61737
 l 61894
 m 61406
 n 61763
 o 61694
 p 61524
 q 61669
 r 61536
 s 61640
 t 61330
 u 61416
 v 61627
 w 61372
 x 61651
 y 61387
 z 61388

Total characters:  1600000
DATA, 100000, 100, elf78, 6.826000
 a 61502
 b 61212
 c 61629
 d 61249
 e 61605
 f 61803
 g 61460
 h 61572
 i 61489
 j 61445
 k 61737
 l 61894
 m 61406
 n 61763
 o 61694
 p 61524
 q 61669
 r 61536
 s 61640
 t 61330
 u 61416
 v 61627
 w 61372
 x 61651
 y 61387
 z 61388

Total characters:  1600000
DATA, 100000, 100, elf78, 6.808000
 a 61502
 b 61212
 c 61629
 d 61249
 e 61605
 f 61803
 g 61460
 h 61572
 i 61489
 j 61445
 k 61737
 l 61894
 m 61406
 n 61763
 o 61694
 p 61524
 q 61669
 r 61536
 s 61640
 t 61330
 u 61416
 v 61627
 w 61372
 x 61651
 y 61387
 z 61388

Total characters:  1600000
DATA, 100000, 100, elf78, 6.759000
 a 61502
 b 61212
 c 61629
 d 61249
 e 61605
 f 61803
 g 61460
 h 61572
 i 61489
 j 61445
 k 61737
 l 61894
 m 61406
 n 61763
 o 61694
 p 61524
 q 61669
 r 61536
 s 61640
 t 61330
 u 61416
 v 61627
 w 61372
 x 61651
 y 61387
 z 61388

Total characters:  1600000
DATA, 100000, 100, elf78, 17.690000
 a 61502
 b 61212
 c 61629
 d 61249
 e 61605
 f 61803
 g 61460
 h 61572
 i 61489
 j 61445
 k 61737
 l 61894
 m 61406
 n 61763
 o 61694
 p 61524
 q 61669
 r 61536
 s 61640
 t 61330
 u 61416
 v 61627
 w 61372
 x 61651
 y 61387
 z 61388

Total characters:  1600000
DATA, 100000, 100, elf78, 6.695000
 a 61502
 b 61212
 c 61629
 d 61249
 e 61605
 f 61803
 g 61460
 h 61572
 i 61489
 j 61445
 k 61737
 l 61894
 m 61406
 n 61763
 o 61694
 p 61524
 q 61669
 r 61536
 s 61640
 t 61330
 u 61416
 v 61627
 w 61372
 x 61651
 y 61387
 z 61388

Total characters:  1600000
DATA, 100000, 100, elf78, 18.452000
 a 61502
 b 61212
 c 61629
 d 61249
 e 61605
 f 61803
 g 61460
 h 61572
 i 61489
 j 61445
 k 61737
 l 61894
 m 61406
 n 61763
 o 61694
 p 61524
 q 61669
 r 61536
 s 61640
 t 61330
 u 61416
 v 61627
 w 61372
 x 61651
 y 61387
 z 61388

Total characters:  1600000
DATA, 100000, 100, elf78, 17.568000
 a 61502
 b 61212
 c 61629
 d 61249
 e 61605
 f 61803
 g 61460
 h 61572
 i 61489
 j 61445
 k 61737
 l 61894
 m 61406
 n 61763
 o 61694
 p 61524
 q 61669
 r 61536
 s 61640
 t 61330
 u 61416
 v 61627
 w 61372
 x 61651
 y 61387
 z 61388

Total characters:  1600000
DATA, 100000, 100, elf78, 17.567000
 a 61502
 b 61212
 c 61629
 d 61249
 e 61605
 f 61803
 g 61460
 h 61572
 i 61489
 j 61445
 k 61737
 l 61894
 m 61406
 n 61763
 o 61694
 p 61524
 q 61669
 r 61536
 s 61640
 t 61330
 u 61416
 v 61627
 w 61372
 x 61651
 y 61387
 z 61388

Total characters:  1600000
DATA, 100000, 100, elf78, 17.740000
 a 61502
 b 61212
 c 61629
 d 61249
 e 61605
 f 61803
 g 61460
 h 61572
 i 61489
 j 61445
 k 61737
 l 61894
 m 61406
 n 61763
 o 61694
 p 61524
 q 61669
 r 61536
 s 61640
 t 61330
 u 61416
 v 61627
 w 61372
 x 61651
 y 61387
 z 61388

Total characters:  1600000
DATA, 100000, 100, elf78, 17.603000
 a 61502
 b 61212
 c 61629
 d 61249
 e 61605
 f 61803
 g 61460
 h 61572
 i 61489
 j 61445
 k 61737
 l 61894
 m 61406
 n 61763
 o 61694
 p 61524
 q 61669
 r 61536
 s 61640
 t 61330
 u 61416
 v 61627
 w 61372
 x 61651
 y 61387
 z 61388

Total characters:  1600000
DATA, 100000, 100, elf78, 17.739000
 a 61502
 b 61212
 c 61629
 d 61249
 e 61605
 f 61803
 g 61460
 h 61572
 i 61489
 j 61445
 k 61737
 l 61894
 m 61406
 n 61763
 o 61694
 p 61524
 q 61669
 r 61536
 s 61640
 t 61330
 u 61416
 v 61627
 w 61372
 x 61651
 y 61387
 z 61388

Total characters:  1600000
DATA, 100000, 100, elf78, 6.774000
 a 61502
 b 61212
 c 61629
 d 61249
 e 61605
 f 61803
 g 61460
 h 61572
 i 61489
 j 61445
 k 61737
 l 61894
 m 61406
 n 61763
 o 61694
 p 61524
 q 61669
 r 61536
 s 61640
 t 61330
 u 61416
 v 61627
 w 61372
 x 61651
 y 61387
 z 61388

Total characters:  1600000
DATA, 100000, 100, elf78, 6.854000
 a 61502
 b 61212
 c 61629
 d 61249
 e 61605
 f 61803
 g 61460
 h 61572
 i 61489
 j 61445
 k 61737
 l 61894
 m 61406
 n 61763
 o 61694
 p 61524
 q 61669
 r 61536
 s 61640
 t 61330
 u 61416
 v 61627
 w 61372
 x 61651
 y 61387
 z 61388

Total characters:  1600000
DATA, 100000, 100, elf78, 6.841000
 a 61502
 b 61212
 c 61629
 d 61249
 e 61605
 f 61803
 g 61460
 h 61572
 i 61489
 j 61445
 k 61737
 l 61894
 m 61406
 n 61763
 o 61694
 p 61524
 q 61669
 r 61536
 s 61640
 t 61330
 u 61416
 v 61627
 w 61372
 x 61651
 y 61387
 z 61388

Total characters:  1600000
DATA, 100000, 100, elf78, 17.398000
 a 61502
 b 61212
 c 61629
 d 61249
 e 61605
 f 61803
 g 61460
 h 61572
 i 61489
 j 61445
 k 61737
 l 61894
 m 61406
 n 61763
 o 61694
 p 61524
 q 61669
 r 61536
 s 61640
 t 61330
 u 61416
 v 61627
 w 61372
 x 61651
 y 61387
 z 61388

Total characters:  1600000
DATA, 100000, 100, elf78, 18.440000
 a 61502
 b 61212
 c 61629
 d 61249
 e 61605
 f 61803
 g 61460
 h 61572
 i 61489
 j 61445
 k 61737
 l 61894
 m 61406
 n 61763
 o 61694
 p 61524
 q 61669
 r 61536
 s 61640
 t 61330
 u 61416
 v 61627
 w 61372
 x 61651
 y 61387
 z 61388

Total characters:  1600000
DATA, 100000, 100, elf78, 17.839000
 a 4919012
 b 4921795
 c 4926574
 d 4923347
 e 4922587
 f 4921194
 g 4921172
 h 4924136
 i 4922782
 j 4923424
 k 4924965
 l 4921798
 m 4924714
 n 4923356
 o 4924130
 p 4923067
 q 4923414
 r 4923847
 s 4922934
 t 4921513
 u 4921384
 v 4924699
 w 4926437
 x 4924902
 y 4921682
 z 4921135

Total characters:  128000000
 a 4919012
 b 4921795
 c 4926574
 d 4923347
 e 4922587
 f 4921194
 g 4921172
 h 4924136
 i 4922782
 j 4923424
 k 4924965
 l 4921798
 m 4924714
 n 4923356
 o 4924130
 p 4923067
 q 4923414
 r 4923847
 s 4922934
 t 4921513
 u 4921384
 v 4924699
 w 4926437
 x 4924902
 y 4921682
 z 4921135

Total characters:  128000000
 a 4919012
 b 4921795
 c 4926574
 d 4923347
 e 4922587
 f 4921194
 g 4921172
 h 4924136
 i 4922782
 j 4923424
 k 4924965
 l 4921798
 m 4924714
 n 4923356
 o 4924130
 p 4923067
 q 4923414
 r 4923847
 s 4922934
 t 4921513
 u 4921384
 v 4924699
 w 4926437
 x 4924902
 y 4921682
 z 4921135

Total characters:  128000000
 a 4919012
 b 4921795
 c 4926574
 d 4923347
 e 4922587
 f 4921194
 g 4921172
 h 4924136
 i 4922782
 j 4923424
 k 4924965
 l 4921798
 m 4924714
 n 4923356
 o 4924130
 p 4923067
 q 4923414
 r 4923847
 s 4922934
 t 4921513
 u 4921384
 v 4924699
 w 4926437
 x 4924902
 y 4921682
 z 4921135

Total characters:  128000000
 a 4919012
 b 4921795
 c 4926574
 d 4923347
 e 4922587
 f 4921194
 g 4921172
 h 4924136
 i 4922782
 j 4923424
 k 4924965
 l 4921798
 m 4924714
 n 4923356
 o 4924130
 p 4923067
 q 4923414
 r 4923847
 s 4922934
 t 4921513
 u 4921384
 v 4924699
 w 4926437
 x 4924902
 y 4921682
 z 4921135

Total characters:  128000000
 a 4919012
 b 4921795
 c 4926574
 d 4923347
 e 4922587
 f 4921194
 g 4921172
 h 4924136
 i 4922782
 j 4923424
 k 4924965
 l 4921798
 m 4924714
 n 4923356
 o 4924130
 p 4923067
 q 4923414
 r 4923847
 s 4922934
 t 4921513
 u 4921384
 v 4924699
 w 4926437
 x 4924902
 y 4921682
 z 4921135

Total characters:  128000000
 a 4919012
 b 4921795
 c 4926574
 d 4923347
 e 4922587
 f 4921194
 g 4921172
 h 4924136
 i 4922782
 j 4923424
 k 4924965
 l 4921798
 m 4924714
 n 4923356
 o 4924130
 p 4923067
 q 4923414
 r 4923847
 s 4922934
 t 4921513
 u 4921384
 v 4924699
 w 4926437
 x 4924902
 y 4921682
 z 4921135

Total characters:  128000000
 a 4919012
 b 4921795
 c 4926574
 d 4923347
 e 4922587
 f 4921194
 g 4921172
 h 4924136
 i 4922782
 j 4923424
 k 4924965
 l 4921798
 m 4924714
 n 4923356
 o 4924130
 p 4923067
 q 4923414
 r 4923847
 s 4922934
 t 4921513
 u 4921384
 v 4924699
 w 4926437
 x 4924902
 y 4921682
 z 4921135

Total characters:  128000000
 a 4919012
 b 4921795
 c 4926574
 d 4923347
 e 4922587
 f 4921194
 g 4921172
 h 4924136
 i 4922782
 j 4923424
 k 4924965
 l 4921798
 m 4924714
 n 4923356
 o 4924130
 p 4923067
 q 4923414
 r 4923847
 s 4922934
 t 4921513
 u 4921384
 v 4924699
 w 4926437
 x 4924902
 y 4921682
 z 4921135

Total characters:  128000000
 a 4919012
 b 4921795
 c 4926574
 d 4923347
 e 4922587
 f 4921194
 g 4921172
 h 4924136
 i 4922782
 j 4923424
 k 4924965
 l 4921798
 m 4924714
 n 4923356
 o 4924130
 p 4923067
 q 4923414
 r 4923847
 s 4922934
 t 4921513
 u 4921384
 v 4924699
 w 4926437
 x 4924902
 y 4921682
 z 4921135

Total characters:  128000000
 a 4919012
 b 4921795
 c 4926574
 d 4923347
 e 4922587
 f 4921194
 g 4921172
 h 4924136
 i 4922782
 j 4923424
 k 4924965
 l 4921798
 m 4924714
 n 4923356
 o 4924130
 p 4923067
 q 4923414
 r 4923847
 s 4922934
 t 4921513
 u 4921384
 v 4924699
 w 4926437
 x 4924902
 y 4921682
 z 4921135

Total characters:  128000000
 a 4919012
 b 4921795
 c 4926574
 d 4923347
 e 4922587
 f 4921194
 g 4921172
 h 4924136
 i 4922782
 j 4923424
 k 4924965
 l 4921798
 m 4924714
 n 4923356
 o 4924130
 p 4923067
 q 4923414
 r 4923847
 s 4922934
 t 4921513
 u 4921384
 v 4924699
 w 4926437
 x 4924902
 y 4921682
 z 4921135

Total characters:  128000000
 a 4919012
 b 4921795
 c 4926574
 d 4923347
 e 4922587
 f 4921194
 g 4921172
 h 4924136
 i 4922782
 j 4923424
 k 4924965
 l 4921798
 m 4924714
 n 4923356
 o 4924130
 p 4923067
 q 4923414
 r 4923847
 s 4922934
 t 4921513
 u 4921384
 v 4924699
 w 4926437
 x 4924902
 y 4921682
 z 4921135

Total characters:  128000000
 a 4919012
 b 4921795
 c 4926574
 d 4923347
 e 4922587
 f 4921194
 g 4921172
 h 4924136
 i 4922782
 j 4923424
 k 4924965
 l 4921798
 m 4924714
 n 4923356
 o 4924130
 p 4923067
 q 4923414
 r 4923847
 s 4922934
 t 4921513
 u 4921384
 v 4924699
 w 4926437
 x 4924902
 y 4921682
 z 4921135

Total characters:  128000000
 a 4919012
 b 4921795
 c 4926574
 d 4923347
 e 4922587
 f 4921194
 g 4921172
 h 4924136
 i 4922782
 j 4923424
 k 4924965
 l 4921798
 m 4924714
 n 4923356
 o 4924130
 p 4923067
 q 4923414
 r 4923847
 s 4922934
 t 4921513
 u 4921384
 v 4924699
 w 4926437
 x 4924902
 y 4921682
 z 4921135

Total characters:  128000000
 a 4919012
 b 4921795
 c 4926574
 d 4923347
 e 4922587
 f 4921194
 g 4921172
 h 4924136
 i 4922782
 j 4923424
 k 4924965
 l 4921798
 m 4924714
 n 4923356
 o 4924130
 p 4923067
 q 4923414
 r 4923847
 s 4922934
 t 4921513
 u 4921384
 v 4924699
 w 4926437
 x 4924902
 y 4921682
 z 4921135

Total characters:  128000000
 a 4919012
 b 4921795
 c 4926574
 d 4923347
 e 4922587
 f 4921194
 g 4921172
 h 4924136
 i 4922782
 j 4923424
 k 4924965
 l 4921798
 m 4924714
 n 4923356
 o 4924130
 p 4923067
 q 4923414
 r 4923847
 s 4922934
 t 4921513
 u 4921384
 v 4924699
 w 4926437
 x 4924902
 y 4921682
 z 4921135

Total characters:  128000000
 a 4919012
 b 4921795
 c 4926574
 d 4923347
 e 4922587
 f 4921194
 g 4921172
 h 4924136
 i 4922782
 j 4923424
 k 4924965
 l 4921798
 m 4924714
 n 4923356
 o 4924130
 p 4923067
 q 4923414
 r 4923847
 s 4922934
 t 4921513
 u 4921384
 v 4924699
 w 4926437
 x 4924902
 y 4921682
 z 4921135

Total characters:  128000000
 a 4919012
 b 4921795
 c 4926574
 d 4923347
 e 4922587
 f 4921194
 g 4921172
 h 4924136
 i 4922782
 j 4923424
 k 4924965
 l 4921798
 m 4924714
 n 4923356
 o 4924130
 p 4923067
 q 4923414
 r 4923847
 s 4922934
 t 4921513
 u 4921384
 v 4924699
 w 4926437
 x 4924902
 y 4921682
 z 4921135

Total characters:  128000000
 a 4919012
 b 4921795
 c 4926574
 d 4923347
 e 4922587
 f 4921194
 g 4921172
 h 4924136
 i 4922782
 j 4923424
 k 4924965
 l 4921798
 m 4924714
 n 4923356
 o 4924130
 p 4923067
 q 4923414
 r 4923847
 s 4922934
 t 4921513
 u 4921384
 v 4924699
 w 4926437
 x 4924902
 y 4921682
 z 4921135

Total characters:  128000000
 a 4919012
 b 4921795
 c 4926574
 d 4923347
 e 4922587
 f 4921194
 g 4921172
 h 4924136
 i 4922782
 j 4923424
 k 4924965
 l 4921798
 m 4924714
 n 4923356
 o 4924130
 p 4923067
 q 4923414
 r 4923847
 s 4922934
 t 4921513
 u 4921384
 v 4924699
 w 4926437
 x 4924902
 y 4921682
 z 4921135

Total characters:  128000000
 a 4919012
 b 4921795
 c 4926574
 d 4923347
 e 4922587
 f 4921194
 g 4921172
 h 4924136
 i 4922782
 j 4923424
 k 4924965
 l 4921798
 m 4924714
 n 4923356
 o 4924130
 p 4923067
 q 4923414
 r 4923847
 s 4922934
 t 4921513
 u 4921384
 v 4924699
 w 4926437
 x 4924902
 y 4921682
 z 4921135

Total characters:  128000000
 a 4919012
 b 4921795
 c 4926574
 d 4923347
 e 4922587
 f 4921194
 g 4921172
 h 4924136
 i 4922782
 j 4923424
 k 4924965
 l 4921798
 m 4924714
 n 4923356
 o 4924130
 p 4923067
 q 4923414
 r 4923847
 s 4922934
 t 4921513
 u 4921384
 v 4924699
 w 4926437
 x 4924902
 y 4921682
 z 4921135

Total characters:  128000000
 a 4919012
 b 4921795
 c 4926574
 d 4923347
 e 4922587
 f 4921194
 g 4921172
 h 4924136
 i 4922782
 j 4923424
 k 4924965
 l 4921798
 m 4924714
 n 4923356
 o 4924130
 p 4923067
 q 4923414
 r 4923847
 s 4922934
 t 4921513
 u 4921384
 v 4924699
 w 4926437
 x 4924902
 y 4921682
 z 4921135

Total characters:  128000000
 a 4919012
 b 4921795
 c 4926574
 d 4923347
 e 4922587
 f 4921194
 g 4921172
 h 4924136
 i 4922782
 j 4923424
 k 4924965
 l 4921798
 m 4924714
 n 4923356
 o 4924130
 p 4923067
 q 4923414
 r 4923847
 s 4922934
 t 4921513
 u 4921384
 v 4924699
 w 4926437
 x 4924902
 y 4921682
 z 4921135

Total characters:  128000000
 a 4919012
 b 4921795
 c 4926574
 d 4923347
 e 4922587
 f 4921194
 g 4921172
 h 4924136
 i 4922782
 j 4923424
 k 4924965
 l 4921798
 m 4924714
 n 4923356
 o 4924130
 p 4923067
 q 4923414
 r 4923847
 s 4922934
 t 4921513
 u 4921384
 v 4924699
 w 4926437
 x 4924902
 y 4921682
 z 4921135

Total characters:  128000000
 a 4919012
 b 4921795
 c 4926574
 d 4923347
 e 4922587
 f 4921194
 g 4921172
 h 4924136
 i 4922782
 j 4923424
 k 4924965
 l 4921798
 m 4924714
 n 4923356
 o 4924130
 p 4923067
 q 4923414
 r 4923847
 s 4922934
 t 4921513
 u 4921384
 v 4924699
 w 4926437
 x 4924902
 y 4921682
 z 4921135

Total characters:  128000000
 a 4919012
 b 4921795
 c 4926574
 d 4923347
 e 4922587
 f 4921194
 g 4921172
 h 4924136
 i 4922782
 j 4923424
 k 4924965
 l 4921798
 m 4924714
 n 4923356
 o 4924130
 p 4923067
 q 4923414
 r 4923847
 s 4922934
 t 4921513
 u 4921384
 v 4924699
 w 4926437
 x 4924902
 y 4921682
 z 4921135

Total characters:  128000000
 a 4919012
 b 4921795
 c 4926574
 d 4923347
 e 4922587
 f 4921194
 g 4921172
 h 4924136
 i 4922782
 j 4923424
 k 4924965
 l 4921798
 m 4924714
 n 4923356
 o 4924130
 p 4923067
 q 4923414
 r 4923847
 s 4922934
 t 4921513
 u 4921384
 v 4924699
 w 4926437
 x 4924902
 y 4921682
 z 4921135

Total characters:  128000000
 a 4919012
 b 4921795
 c 4926574
 d 4923347
 e 4922587
 f 4921194
 g 4921172
 h 4924136
 i 4922782
 j 4923424
 k 4924965
 l 4921798
 m 4924714
 n 4923356
 o 4924130
 p 4923067
 q 4923414
 r 4923847
 s 4922934
 t 4921513
 u 4921384
 v 4924699
 w 4926437
 x 4924902
 y 4921682
 z 4921135

Total characters:  128000000
 a 4919012
 b 4921795
 c 4926574
 d 4923347
 e 4922587
 f 4921194
 g 4921172
 h 4924136
 i 4922782
 j 4923424
 k 4924965
 l 4921798
 m 4924714
 n 4923356
 o 4924130
 p 4923067
 q 4923414
 r 4923847
 s 4922934
 t 4921513
 u 4921384
 v 4924699
 w 4926437
 x 4924902
 y 4921682
 z 4921135

Total characters:  128000000
 a 4919012
 b 4921795
 c 4926574
 d 4923347
 e 4922587
 f 4921194
 g 4921172
 h 4924136
 i 4922782
 j 4923424
 k 4924965
 l 4921798
 m 4924714
 n 4923356
 o 4924130
 p 4923067
 q 4923414
 r 4923847
 s 4922934
 t 4921513
 u 4921384
 v 4924699
 w 4926437
 x 4924902
 y 4921682
 z 4921135

Total characters:  128000000
 a 4919012
 b 4921795
 c 4926574
 d 4923347
 e 4922587
 f 4921194
 g 4921172
 h 4924136
 i 4922782
 j 4923424
 k 4924965
 l 4921798
 m 4924714
 n 4923356
 o 4924130
 p 4923067
 q 4923414
 r 4923847
 s 4922934
 t 4921513
 u 4921384
 v 4924699
 w 4926437
 x 4924902
 y 4921682
 z 4921135

Total characters:  128000000
 a 4919012
 b 4921795
 c 4926574
 d 4923347
 e 4922587
 f 4921194
 g 4921172
 h 4924136
 i 4922782
 j 4923424
 k 4924965
 l 4921798
 m 4924714
 n 4923356
 o 4924130
 p 4923067
 q 4923414
 r 4923847
 s 4922934
 t 4921513
 u 4921384
 v 4924699
 w 4926437
 x 4924902
 y 4921682
 z 4921135

Total characters:  128000000
 a 4919012
 b 4921795
 c 4926574
 d 4923347
 e 4922587
 f 4921194
 g 4921172
 h 4924136
 i 4922782
 j 4923424
 k 4924965
 l 4921798
 m 4924714
 n 4923356
 o 4924130
 p 4923067
 q 4923414
 r 4923847
 s 4922934
 t 4921513
 u 4921384
 v 4924699
 w 4926437
 x 4924902
 y 4921682
 z 4921135

Total characters:  128000000
 a 4919012
 b 4921795
 c 4926574
 d 4923347
 e 4922587
 f 4921194
 g 4921172
 h 4924136
 i 4922782
 j 4923424
 k 4924965
 l 4921798
 m 4924714
 n 4923356
 o 4924130
 p 4923067
 q 4923414
 r 4923847
 s 4922934
 t 4921513
 u 4921384
 v 4924699
 w 4926437
 x 4924902
 y 4921682
 z 4921135

Total characters:  128000000
 a 4919012
 b 4921795
 c 4926574
 d 4923347
 e 4922587
 f 4921194
 g 4921172
 h 4924136
 i 4922782
 j 4923424
 k 4924965
 l 4921798
 m 4924714
 n 4923356
 o 4924130
 p 4923067
 q 4923414
 r 4923847
 s 4922934
 t 4921513
 u 4921384
 v 4924699
 w 4926437
 x 4924902
 y 4921682
 z 4921135

Total characters:  128000000
 a 4919012
 b 4921795
 c 4926574
 d 4923347
 e 4922587
 f 4921194
 g 4921172
 h 4924136
 i 4922782
 j 4923424
 k 4924965
 l 4921798
 m 4924714
 n 4923356
 o 4924130
 p 4923067
 q 4923414
 r 4923847
 s 4922934
 t 4921513
 u 4921384
 v 4924699
 w 4926437
 x 4924902
 y 4921682
 z 4921135

Total characters:  128000000
 a 4919012
 b 4921795
 c 4926574
 d 4923347
 e 4922587
 f 4921194
 g 4921172
 h 4924136
 i 4922782
 j 4923424
 k 4924965
 l 4921798
 m 4924714
 n 4923356
 o 4924130
 p 4923067
 q 4923414
 r 4923847
 s 4922934
 t 4921513
 u 4921384
 v 4924699
 w 4926437
 x 4924902
 y 4921682
 z 4921135

Total characters:  128000000
 a 4919012
 b 4921795
 c 4926574
 d 4923347
 e 4922587
 f 4921194
 g 4921172
 h 4924136
 i 4922782
 j 4923424
 k 4924965
 l 4921798
 m 4924714
 n 4923356
 o 4924130
 p 4923067
 q 4923414
 r 4923847
 s 4922934
 t 4921513
 u 4921384
 v 4924699
 w 4926437
 x 4924902
 y 4921682
 z 4921135

Total characters:  128000000
 a 4919012
 b 4921795
 c 4926574
 d 4923347
 e 4922587
 f 4921194
 g 4921172
 h 4924136
 i 4922782
 j 4923424
 k 4924965
 l 4921798
 m 4924714
 n 4923356
 o 4924130
 p 4923067
 q 4923414
 r 4923847
 s 4922934
 t 4921513
 u 4921384
 v 4924699
 w 4926437
 x 4924902
 y 4921682
 z 4921135

Total characters:  128000000
 a 4919012
 b 4921795
 c 4926574
 d 4923347
 e 4922587
 f 4921194
 g 4921172
 h 4924136
 i 4922782
 j 4923424
 k 4924965
 l 4921798
 m 4924714
 n 4923356
 o 4924130
 p 4923067
 q 4923414
 r 4923847
 s 4922934
 t 4921513
 u 4921384
 v 4924699
 w 4926437
 x 4924902
 y 4921682
 z 4921135

Total characters:  128000000
 a 4919012
 b 4921795
 c 4926574
 d 4923347
 e 4922587
 f 4921194
 g 4921172
 h 4924136
 i 4922782
 j 4923424
 k 4924965
 l 4921798
 m 4924714
 n 4923356
 o 4924130
 p 4923067
 q 4923414
 r 4923847
 s 4922934
 t 4921513
 u 4921384
 v 4924699
 w 4926437
 x 4924902
 y 4921682
 z 4921135

Total characters:  128000000
srun: error: elf73: tasks 36-39,41-42,44-45: Exited with exit code 30
 a 4919012
 b 4921795
 c 4926574
 d 4923347
 e 4922587
 f 4921194
 g 4921172
 h 4924136
 i 4922782
 j 4923424
 k 4924965
 l 4921798
 m 4924714
 n 4923356
 o 4924130
 p 4923067
 q 4923414
 r 4923847
 s 4922934
 t 4921513
 u 4921384
 v 4924699
 w 4926437
 x 4924902
 y 4921682
 z 4921135

Total characters:  128000000
 a 4919012
 b 4921795
 c 4926574
 d 4923347
 e 4922587
 f 4921194
 g 4921172
 h 4924136
 i 4922782
 j 4923424
 k 4924965
 l 4921798
 m 4924714
 n 4923356
 o 4924130
 p 4923067
 q 4923414
 r 4923847
 s 4922934
 t 4921513
 u 4921384
 v 4924699
 w 4926437
 x 4924902
 y 4921682
 z 4921135

Total characters:  128000000
 a 4919012
 b 4921795
 c 4926574
 d 4923347
 e 4922587
 f 4921194
 g 4921172
 h 4924136
 i 4922782
 j 4923424
 k 4924965
 l 4921798
 m 4924714
 n 4923356
 o 4924130
 p 4923067
 q 4923414
 r 4923847
 s 4922934
 t 4921513
 u 4921384
 v 4924699
 w 4926437
 x 4924902
 y 4921682
 z 4921135

Total characters:  128000000
 a 4919012
 b 4921795
 c 4926574
 d 4923347
 e 4922587
 f 4921194
 g 4921172
 h 4924136
 i 4922782
 j 4923424
 k 4924965
 l 4921798
 m 4924714
 n 4923356
 o 4924130
 p 4923067
 q 4923414
 r 4923847
 s 4922934
 t 4921513
 u 4921384
 v 4924699
 w 4926437
 x 4924902
 y 4921682
 z 4921135

Total characters:  128000000
 a 4919012
 b 4921795
 c 4926574
 d 4923347
 e 4922587
 f 4921194
 g 4921172
 h 4924136
 i 4922782
 j 4923424
 k 4924965
 l 4921798
 m 4924714
 n 4923356
 o 4924130
 p 4923067
 q 4923414
 r 4923847
 s 4922934
 t 4921513
 u 4921384
 v 4924699
 w 4926437
 x 4924902
 y 4921682
 z 4921135

Total characters:  128000000
 a 4919012
 b 4921795
 c 4926574
 d 4923347
 e 4922587
 f 4921194
 g 4921172
 h 4924136
 i 4922782
 j 4923424
 k 4924965
 l 4921798
 m 4924714
 n 4923356
 o 4924130
 p 4923067
 q 4923414
 r 4923847
 s 4922934
 t 4921513
 u 4921384
 v 4924699
 w 4926437
 x 4924902
 y 4921682
 z 4921135

Total characters:  128000000
 a 4919012
 b 4921795
 c 4926574
 d 4923347
 e 4922587
 f 4921194
 g 4921172
 h 4924136
 i 4922782
 j 4923424
 k 4924965
 l 4921798
 m 4924714
 n 4923356
 o 4924130
 p 4923067
 q 4923414
 r 4923847
 s 4922934
 t 4921513
 u 4921384
 v 4924699
 w 4926437
 x 4924902
 y 4921682
 z 4921135

Total characters:  128000000
 a 4919012
 b 4921795
 c 4926574
 d 4923347
 e 4922587
 f 4921194
 g 4921172
 h 4924136
 i 4922782
 j 4923424
 k 4924965
 l 4921798
 m 4924714
 n 4923356
 o 4924130
 p 4923067
 q 4923414
 r 4923847
 s 4922934
 t 4921513
 u 4921384
 v 4924699
 w 4926437
 x 4924902
 y 4921682
 z 4921135

Total characters:  128000000
 a 4919012
 b 4921795
 c 4926574
 d 4923347
 e 4922587
 f 4921194
 g 4921172
 h 4924136
 i 4922782
 j 4923424
 k 4924965
 l 4921798
 m 4924714
 n 4923356
 o 4924130
 p 4923067
 q 4923414
 r 4923847
 s 4922934
 t 4921513
 u 4921384
 v 4924699
 w 4926437
 x 4924902
 y 4921682
 z 4921135

Total characters:  128000000
 a 4919012
 b 4921795
 c 4926574
 d 4923347
 e 4922587
 f 4921194
 g 4921172
 h 4924136
 i 4922782
 j 4923424
 k 4924965
 l 4921798
 m 4924714
 n 4923356
 o 4924130
 p 4923067
 q 4923414
 r 4923847
 s 4922934
 t 4921513
 u 4921384
 v 4924699
 w 4926437
 x 4924902
 y 4921682
 z 4921135

Total characters:  128000000
 a 4919012
 b 4921795
 c 4926574
 d 4923347
 e 4922587
 f 4921194
 g 4921172
 h 4924136
 i 4922782
 j 4923424
 k 4924965
 l 4921798
 m 4924714
 n 4923356
 o 4924130
 p 4923067
 q 4923414
 r 4923847
 s 4922934
 t 4921513
 u 4921384
 v 4924699
 w 4926437
 x 4924902
 y 4921682
 z 4921135

Total characters:  128000000
 a 4919012
 b 4921795
 c 4926574
 d 4923347
 e 4922587
 f 4921194
 g 4921172
 h 4924136
 i 4922782
 j 4923424
 k 4924965
 l 4921798
 m 4924714
 n 4923356
 o 4924130
 p 4923067
 q 4923414
 r 4923847
 s 4922934
 t 4921513
 u 4921384
 v 4924699
 w 4926437
 x 4924902
 y 4921682
 z 4921135

Total characters:  128000000
 a 4919012
 b 4921795
 c 4926574
 d 4923347
 e 4922587
 f 4921194
 g 4921172
 h 4924136
 i 4922782
 j 4923424
 k 4924965
 l 4921798
 m 4924714
 n 4923356
 o 4924130
 p 4923067
 q 4923414
 r 4923847
 s 4922934
 t 4921513
 u 4921384
 v 4924699
 w 4926437
 x 4924902
 y 4921682
 z 4921135

Total characters:  128000000
 a 4919012
 b 4921795
 c 4926574
 d 4923347
 e 4922587
 f 4921194
 g 4921172
 h 4924136
 i 4922782
 j 4923424
 k 4924965
 l 4921798
 m 4924714
 n 4923356
 o 4924130
 p 4923067
 q 4923414
 r 4923847
 s 4922934
 t 4921513
 u 4921384
 v 4924699
 w 4926437
 x 4924902
 y 4921682
 z 4921135

Total characters:  128000000
 a 4919012
 b 4921795
 c 4926574
 d 4923347
 e 4922587
 f 4921194
 g 4921172
 h 4924136
 i 4922782
 j 4923424
 k 4924965
 l 4921798
 m 4924714
 n 4923356
 o 4924130
 p 4923067
 q 4923414
 r 4923847
 s 4922934
 t 4921513
 u 4921384
 v 4924699
 w 4926437
 x 4924902
 y 4921682
 z 4921135

Total characters:  128000000
 a 4919012
 b 4921795
 c 4926574
 d 4923347
 e 4922587
 f 4921194
 g 4921172
 h 4924136
 i 4922782
 j 4923424
 k 4924965
 l 4921798
 m 4924714
 n 4923356
 o 4924130
 p 4923067
 q 4923414
 r 4923847
 s 4922934
 t 4921513
 u 4921384
 v 4924699
 w 4926437
 x 4924902
 y 4921682
 z 4921135

Total characters:  128000000
 a 4919012
 b 4921795
 c 4926574
 d 4923347
 e 4922587
 f 4921194
 g 4921172
 h 4924136
 i 4922782
 j 4923424
 k 4924965
 l 4921798
 m 4924714
 n 4923356
 o 4924130
 p 4923067
 q 4923414
 r 4923847
 s 4922934
 t 4921513
 u 4921384
 v 4924699
 w 4926437
 x 4924902
 y 4921682
 z 4921135

Total characters:  128000000
 a 4919012
 b 4921795
 c 4926574
 d 4923347
 e 4922587
 f 4921194
 g 4921172
 h 4924136
 i 4922782
 j 4923424
 k 4924965
 l 4921798
 m 4924714
 n 4923356
 o 4924130
 p 4923067
 q 4923414
 r 4923847
 s 4922934
 t 4921513
 u 4921384
 v 4924699
 w 4926437
 x 4924902
 y 4921682
 z 4921135

Total characters:  128000000
 a 4919012
 b 4921795
 c 4926574
 d 4923347
 e 4922587
 f 4921194
 g 4921172
 h 4924136
 i 4922782
 j 4923424
 k 4924965
 l 4921798
 m 4924714
 n 4923356
 o 4924130
 p 4923067
 q 4923414
 r 4923847
 s 4922934
 t 4921513
 u 4921384
 v 4924699
 w 4926437
 x 4924902
 y 4921682
 z 4921135

Total characters:  128000000
srun: error: elf58: tasks 0-3,5-17: Exited with exit code 30
 a 4919012
 b 4921795
 c 4926574
 d 4923347
 e 4922587
 f 4921194
 g 4921172
 h 4924136
 i 4922782
 j 4923424
 k 4924965
 l 4921798
 m 4924714
 n 4923356
 o 4924130
 p 4923067
 q 4923414
 r 4923847
 s 4922934
 t 4921513
 u 4921384
 v 4924699
 w 4926437
 x 4924902
 y 4921682
 z 4921135

Total characters:  128000000
srun: error: elf67: tasks 18-25,27-35: Exited with exit code 30
srun: error: elf77: tasks 46-63: Exited with exit code 30
srun: error: elf67: task 26: Exited with exit code 30
 a 4919012
 b 4921795
 c 4926574
 d 4923347
 e 4922587
 f 4921194
 g 4921172
 h 4924136
 i 4922782
 j 4923424
 k 4924965
 l 4921798
 m 4924714
 n 4923356
 o 4924130
 p 4923067
 q 4923414
 r 4923847
 s 4922934
 t 4921513
 u 4921384
 v 4924699
 w 4926437
 x 4924902
 y 4921682
 z 4921135

Total characters:  128000000
 a 4919012
 b 4921795
 c 4926574
 d 4923347
 e 4922587
 f 4921194
 g 4921172
 h 4924136
 i 4922782
 j 4923424
 k 4924965
 l 4921798
 m 4924714
 n 4923356
 o 4924130
 p 4923067
 q 4923414
 r 4923847
 s 4922934
 t 4921513
 u 4921384
 v 4924699
 w 4926437
 x 4924902
 y 4921682
 z 4921135

Total characters:  128000000
 a 4919012
 b 4921795
 c 4926574
 d 4923347
 e 4922587
 f 4921194
 g 4921172
 h 4924136
 i 4922782
 j 4923424
 k 4924965
 l 4921798
 m 4924714
 n 4923356
 o 4924130
 p 4923067
 q 4923414
 r 4923847
 s 4922934
 t 4921513
 u 4921384
 v 4924699
 w 4926437
 x 4924902
 y 4921682
 z 4921135

Total characters:  128000000
 a 4919012
 b 4921795
 c 4926574
 d 4923347
 e 4922587
 f 4921194
 g 4921172
 h 4924136
 i 4922782
 j 4923424
 k 4924965
 l 4921798
 m 4924714
 n 4923356
 o 4924130
 p 4923067
 q 4923414
 r 4923847
 s 4922934
 t 4921513
 u 4921384
 v 4924699
 w 4926437
 x 4924902
 y 4921682
 z 4921135

Total characters:  128000000
 a 4919012
 b 4921795
 c 4926574
 d 4923347
 e 4922587
 f 4921194
 g 4921172
 h 4924136
 i 4922782
 j 4923424
 k 4924965
 l 4921798
 m 4924714
 n 4923356
 o 4924130
 p 4923067
 q 4923414
 r 4923847
 s 4922934
 t 4921513
 u 4921384
 v 4924699
 w 4926437
 x 4924902
 y 4921682
 z 4921135

Total characters:  128000000
 a 4919012
 b 4921795
 c 4926574
 d 4923347
 e 4922587
 f 4921194
 g 4921172
 h 4924136
 i 4922782
 j 4923424
 k 4924965
 l 4921798
 m 4924714
 n 4923356
 o 4924130
 p 4923067
 q 4923414
 r 4923847
 s 4922934
 t 4921513
 u 4921384
 v 4924699
 w 4926437
 x 4924902
 y 4921682
 z 4921135

Total characters:  128000000
 a 4919012
 b 4921795
 c 4926574
 d 4923347
 e 4922587
 f 4921194
 g 4921172
 h 4924136
 i 4922782
 j 4923424
 k 4924965
 l 4921798
 m 4924714
 n 4923356
 o 4924130
 p 4923067
 q 4923414
 r 4923847
 s 4922934
 t 4921513
 u 4921384
 v 4924699
 w 4926437
 x 4924902
 y 4921682
 z 4921135

Total characters:  128000000
 a 4919012
 b 4921795
 c 4926574
 d 4923347
 e 4922587
 f 4921194
 g 4921172
 h 4924136
 i 4922782
 j 4923424
 k 4924965
 l 4921798
 m 4924714
 n 4923356
 o 4924130
 p 4923067
 q 4923414
 r 4923847
 s 4922934
 t 4921513
 u 4921384
 v 4924699
 w 4926437
 x 4924902
 y 4921682
 z 4921135

Total characters:  128000000
 a 4919012
 b 4921795
 c 4926574
 d 4923347
 e 4922587
 f 4921194
 g 4921172
 h 4924136
 i 4922782
 j 4923424
 k 4924965
 l 4921798
 m 4924714
 n 4923356
 o 4924130
 p 4923067
 q 4923414
 r 4923847
 s 4922934
 t 4921513
 u 4921384
 v 4924699
 w 4926437
 x 4924902
 y 4921682
 z 4921135

Total characters:  128000000
 a 4919012
 b 4921795
 c 4926574
 d 4923347
 e 4922587
 f 4921194
 g 4921172
 h 4924136
 i 4922782
 j 4923424
 k 4924965
 l 4921798
 m 4924714
 n 4923356
 o 4924130
 p 4923067
 q 4923414
 r 4923847
 s 4922934
 t 4921513
 u 4921384
 v 4924699
 w 4926437
 x 4924902
 y 4921682
 z 4921135

Total characters:  128000000
 a 4919012
 b 4921795
 c 4926574
 d 4923347
 e 4922587
 f 4921194
 g 4921172
 h 4924136
 i 4922782
 j 4923424
 k 4924965
 l 4921798
 m 4924714
 n 4923356
 o 4924130
 p 4923067
 q 4923414
 r 4923847
 s 4922934
 t 4921513
 u 4921384
 v 4924699
 w 4926437
 x 4924902
 y 4921682
 z 4921135

Total characters:  128000000
 a 4919012
 b 4921795
 c 4926574
 d 4923347
 e 4922587
 f 4921194
 g 4921172
 h 4924136
 i 4922782
 j 4923424
 k 4924965
 l 4921798
 m 4924714
 n 4923356
 o 4924130
 p 4923067
 q 4923414
 r 4923847
 s 4922934
 t 4921513
 u 4921384
 v 4924699
 w 4926437
 x 4924902
 y 4921682
 z 4921135

Total characters:  128000000
 a 4919012
 b 4921795
 c 4926574
 d 4923347
 e 4922587
 f 4921194
 g 4921172
 h 4924136
 i 4922782
 j 4923424
 k 4924965
 l 4921798
 m 4924714
 n 4923356
 o 4924130
 p 4923067
 q 4923414
 r 4923847
 s 4922934
 t 4921513
 u 4921384
 v 4924699
 w 4926437
 x 4924902
 y 4921682
 z 4921135

Total characters:  128000000
 a 4919012
 b 4921795
 c 4926574
 d 4923347
 e 4922587
 f 4921194
 g 4921172
 h 4924136
 i 4922782
 j 4923424
 k 4924965
 l 4921798
 m 4924714
 n 4923356
 o 4924130
 p 4923067
 q 4923414
 r 4923847
 s 4922934
 t 4921513
 u 4921384
 v 4924699
 w 4926437
 x 4924902
 y 4921682
 z 4921135

Total characters:  128000000
 a 4919012
 b 4921795
 c 4926574
 d 4923347
 e 4922587
 f 4921194
 g 4921172
 h 4924136
 i 4922782
 j 4923424
 k 4924965
 l 4921798
 m 4924714
 n 4923356
 o 4924130
 p 4923067
 q 4923414
 r 4923847
 s 4922934
 t 4921513
 u 4921384
 v 4924699
 w 4926437
 x 4924902
 y 4921682
 z 4921135

Total characters:  128000000
 a 4919012
 b 4921795
 c 4926574
 d 4923347
 e 4922587
 f 4921194
 g 4921172
 h 4924136
 i 4922782
 j 4923424
 k 4924965
 l 4921798
 m 4924714
 n 4923356
 o 4924130
 p 4923067
 q 4923414
 r 4923847
 s 4922934
 t 4921513
 u 4921384
 v 4924699
 w 4926437
 x 4924902
 y 4921682
 z 4921135

Total characters:  128000000
srun: error: elf73: tasks 40,43: Exited with exit code 30
 a 4919012
 b 4921795
 c 4926574
 d 4923347
 e 4922587
 f 4921194
 g 4921172
 h 4924136
 i 4922782
 j 4923424
 k 4924965
 l 4921798
 m 4924714
 n 4923356
 o 4924130
 p 4923067
 q 4923414
 r 4923847
 s 4922934
 t 4921513
 u 4921384
 v 4924699
 w 4926437
 x 4924902
 y 4921682
 z 4921135

Total characters:  128000000
srun: error: elf79: tasks 83-99: Exited with exit code 30
 a 4919012
 b 4921795
 c 4926574
 d 4923347
 e 4922587
 f 4921194
 g 4921172
 h 4924136
 i 4922782
 j 4923424
 k 4924965
 l 4921798
 m 4924714
 n 4923356
 o 4924130
 p 4923067
 q 4923414
 r 4923847
 s 4922934
 t 4921513
 u 4921384
 v 4924699
 w 4926437
 x 4924902
 y 4921682
 z 4921135

Total characters:  128000000
srun: error: elf58: task 4: Exited with exit code 30
 a 4919012
 b 4921795
 c 4926574
 d 4923347
 e 4922587
 f 4921194
 g 4921172
 h 4924136
 i 4922782
 j 4923424
 k 4924965
 l 4921798
 m 4924714
 n 4923356
 o 4924130
 p 4923067
 q 4923414
 r 4923847
 s 4922934
 t 4921513
 u 4921384
 v 4924699
 w 4926437
 x 4924902
 y 4921682
 z 4921135

Total characters:  128000000
 a 4919012
 b 4921795
 c 4926574
 d 4923347
 e 4922587
 f 4921194
 g 4921172
 h 4924136
 i 4922782
 j 4923424
 k 4924965
 l 4921798
 m 4924714
 n 4923356
 o 4924130
 p 4923067
 q 4923414
 r 4923847
 s 4922934
 t 4921513
 u 4921384
 v 4924699
 w 4926437
 x 4924902
 y 4921682
 z 4921135

Total characters:  128000000
 a 4919012
 b 4921795
 c 4926574
 d 4923347
 e 4922587
 f 4921194
 g 4921172
 h 4924136
 i 4922782
 j 4923424
 k 4924965
 l 4921798
 m 4924714
 n 4923356
 o 4924130
 p 4923067
 q 4923414
 r 4923847
 s 4922934
 t 4921513
 u 4921384
 v 4924699
 w 4926437
 x 4924902
 y 4921682
 z 4921135

Total characters:  128000000
 a 4919012
 b 4921795
 c 4926574
 d 4923347
 e 4922587
 f 4921194
 g 4921172
 h 4924136
 i 4922782
 j 4923424
 k 4924965
 l 4921798
 m 4924714
 n 4923356
 o 4924130
 p 4923067
 q 4923414
 r 4923847
 s 4922934
 t 4921513
 u 4921384
 v 4924699
 w 4926437
 x 4924902
 y 4921682
 z 4921135

Total characters:  128000000
 a 4919012
 b 4921795
 c 4926574
 d 4923347
 e 4922587
 f 4921194
 g 4921172
 h 4924136
 i 4922782
 j 4923424
 k 4924965
 l 4921798
 m 4924714
 n 4923356
 o 4924130
 p 4923067
 q 4923414
 r 4923847
 s 4922934
 t 4921513
 u 4921384
 v 4924699
 w 4926437
 x 4924902
 y 4921682
 z 4921135

Total characters:  128000000
 a 4919012
 b 4921795
 c 4926574
 d 4923347
 e 4922587
 f 4921194
 g 4921172
 h 4924136
 i 4922782
 j 4923424
 k 4924965
 l 4921798
 m 4924714
 n 4923356
 o 4924130
 p 4923067
 q 4923414
 r 4923847
 s 4922934
 t 4921513
 u 4921384
 v 4924699
 w 4926437
 x 4924902
 y 4921682
 z 4921135

Total characters:  128000000
 a 4919012
 b 4921795
 c 4926574
 d 4923347
 e 4922587
 f 4921194
 g 4921172
 h 4924136
 i 4922782
 j 4923424
 k 4924965
 l 4921798
 m 4924714
 n 4923356
 o 4924130
 p 4923067
 q 4923414
 r 4923847
 s 4922934
 t 4921513
 u 4921384
 v 4924699
 w 4926437
 x 4924902
 y 4921682
 z 4921135

Total characters:  128000000
 a 4919012
 b 4921795
 c 4926574
 d 4923347
 e 4922587
 f 4921194
 g 4921172
 h 4924136
 i 4922782
 j 4923424
 k 4924965
 l 4921798
 m 4924714
 n 4923356
 o 4924130
 p 4923067
 q 4923414
 r 4923847
 s 4922934
 t 4921513
 u 4921384
 v 4924699
 w 4926437
 x 4924902
 y 4921682
 z 4921135

Total characters:  128000000
 a 4919012
 b 4921795
 c 4926574
 d 4923347
 e 4922587
 f 4921194
 g 4921172
 h 4924136
 i 4922782
 j 4923424
 k 4924965
 l 4921798
 m 4924714
 n 4923356
 o 4924130
 p 4923067
 q 4923414
 r 4923847
 s 4922934
 t 4921513
 u 4921384
 v 4924699
 w 4926437
 x 4924902
 y 4921682
 z 4921135

Total characters:  128000000
 a 4919012
 b 4921795
 c 4926574
 d 4923347
 e 4922587
 f 4921194
 g 4921172
 h 4924136
 i 4922782
 j 4923424
 k 4924965
 l 4921798
 m 4924714
 n 4923356
 o 4924130
 p 4923067
 q 4923414
 r 4923847
 s 4922934
 t 4921513
 u 4921384
 v 4924699
 w 4926437
 x 4924902
 y 4921682
 z 4921135

Total characters:  128000000
 a 4919012
 b 4921795
 c 4926574
 d 4923347
 e 4922587
 f 4921194
 g 4921172
 h 4924136
 i 4922782
 j 4923424
 k 4924965
 l 4921798
 m 4924714
 n 4923356
 o 4924130
 p 4923067
 q 4923414
 r 4923847
 s 4922934
 t 4921513
 u 4921384
 v 4924699
 w 4926437
 x 4924902
 y 4921682
 z 4921135

Total characters:  128000000
 a 4919012
 b 4921795
 c 4926574
 d 4923347
 e 4922587
 f 4921194
 g 4921172
 h 4924136
 i 4922782
 j 4923424
 k 4924965
 l 4921798
 m 4924714
 n 4923356
 o 4924130
 p 4923067
 q 4923414
 r 4923847
 s 4922934
 t 4921513
 u 4921384
 v 4924699
 w 4926437
 x 4924902
 y 4921682
 z 4921135

Total characters:  128000000
 a 4919012
 b 4921795
 c 4926574
 d 4923347
 e 4922587
 f 4921194
 g 4921172
 h 4924136
 i 4922782
 j 4923424
 k 4924965
 l 4921798
 m 4924714
 n 4923356
 o 4924130
 p 4923067
 q 4923414
 r 4923847
 s 4922934
 t 4921513
 u 4921384
 v 4924699
 w 4926437
 x 4924902
 y 4921682
 z 4921135

Total characters:  128000000
 a 4919012
 b 4921795
 c 4926574
 d 4923347
 e 4922587
 f 4921194
 g 4921172
 h 4924136
 i 4922782
 j 4923424
 k 4924965
 l 4921798
 m 4924714
 n 4923356
 o 4924130
 p 4923067
 q 4923414
 r 4923847
 s 4922934
 t 4921513
 u 4921384
 v 4924699
 w 4926437
 x 4924902
 y 4921682
 z 4921135

Total characters:  128000000
 a 4919012
 b 4921795
 c 4926574
 d 4923347
 e 4922587
 f 4921194
 g 4921172
 h 4924136
 i 4922782
 j 4923424
 k 4924965
 l 4921798
 m 4924714
 n 4923356
 o 4924130
 p 4923067
 q 4923414
 r 4923847
 s 4922934
 t 4921513
 u 4921384
 v 4924699
 w 4926437
 x 4924902
 y 4921682
 z 4921135

Total characters:  128000000
 a 4919012
 b 4921795
 c 4926574
 d 4923347
 e 4922587
 f 4921194
 g 4921172
 h 4924136
 i 4922782
 j 4923424
 k 4924965
 l 4921798
 m 4924714
 n 4923356
 o 4924130
 p 4923067
 q 4923414
 r 4923847
 s 4922934
 t 4921513
 u 4921384
 v 4924699
 w 4926437
 x 4924902
 y 4921682
 z 4921135

Total characters:  128000000
 a 4919012
 b 4921795
 c 4926574
 d 4923347
 e 4922587
 f 4921194
 g 4921172
 h 4924136
 i 4922782
 j 4923424
 k 4924965
 l 4921798
 m 4924714
 n 4923356
 o 4924130
 p 4923067
 q 4923414
 r 4923847
 s 4922934
 t 4921513
 u 4921384
 v 4924699
 w 4926437
 x 4924902
 y 4921682
 z 4921135

Total characters:  128000000
 a 4919012
 b 4921795
 c 4926574
 d 4923347
 e 4922587
 f 4921194
 g 4921172
 h 4924136
 i 4922782
 j 4923424
 k 4924965
 l 4921798
 m 4924714
 n 4923356
 o 4924130
 p 4923067
 q 4923414
 r 4923847
 s 4922934
 t 4921513
 u 4921384
 v 4924699
 w 4926437
 x 4924902
 y 4921682
 z 4921135

Total characters:  128000000
 a 4919012
 b 4921795
 c 4926574
 d 4923347
 e 4922587
 f 4921194
 g 4921172
 h 4924136
 i 4922782
 j 4923424
 k 4924965
 l 4921798
 m 4924714
 n 4923356
 o 4924130
 p 4923067
 q 4923414
 r 4923847
 s 4922934
 t 4921513
 u 4921384
 v 4924699
 w 4926437
 x 4924902
 y 4921682
 z 4921135

Total characters:  128000000
srun: error: elf79: task 82: Exited with exit code 30
srun: error: elf78: tasks 64-81: Exited with exit code 30
