 a 4919012
 b 4921795
 c 4926574
 d 4923347
 e 4922587
 f 4921194
 g 4921172
 h 4924136
 i 4922782
 j 4923424
 k 4924965
 l 4921798
 m 4924714
 n 4923356
 o 4924130
 p 4923067
 q 4923414
 r 4923847
 s 4922934
 t 4921513
 u 4921384
 v 4924699
 w 4926437
 x 4924902
 y 4921682
 z 4921135

Total characters:  128000000
 a 4919012
 b 4921795
 c 4926574
 d 4923347
 e 4922587
 f 4921194
 g 4921172
 h 4924136
 i 4922782
 j 4923424
 k 4924965
 l 4921798
 m 4924714
 n 4923356
 o 4924130
 p 4923067
 q 4923414
 r 4923847
 s 4922934
 t 4921513
 u 4921384
 v 4924699
 w 4926437
 x 4924902
 y 4921682
 z 4921135

Total characters:  128000000
 a 4919012
 b 4921795
 c 4926574
 d 4923347
 e 4922587
 f 4921194
 g 4921172
 h 4924136
 i 4922782
 j 4923424
 k 4924965
 l 4921798
 m 4924714
 n 4923356
 o 4924130
 p 4923067
 q 4923414
 r 4923847
 s 4922934
 t 4921513
 u 4921384
 v 4924699
 w 4926437
 x 4924902
 y 4921682
 z 4921135

Total characters:  128000000
srun: error: elf36: tasks 96,98: Exited with exit code 30
 a 4919012
 b 4921795
 c 4926574
 d 4923347
 e 4922587
 f 4921194
 g 4921172
 h 4924136
 i 4922782
 j 4923424
 k 4924965
 l 4921798
 m 4924714
 n 4923356
 o 4924130
 p 4923067
 q 4923414
 r 4923847
 s 4922934
 t 4921513
 u 4921384
 v 4924699
 w 4926437
 x 4924902
 y 4921682
 z 4921135

Total characters:  128000000
 a 4919012
 b 4921795
 c 4926574
 d 4923347
 e 4922587
 f 4921194
 g 4921172
 h 4924136
 i 4922782
 j 4923424
 k 4924965
 l 4921798
 m 4924714
 n 4923356
 o 4924130
 p 4923067
 q 4923414
 r 4923847
 s 4922934
 t 4921513
 u 4921384
 v 4924699
 w 4926437
 x 4924902
 y 4921682
 z 4921135

Total characters:  128000000
 a 4919012
 b 4921795
 c 4926574
 d 4923347
 e 4922587
 f 4921194
 g 4921172
 h 4924136
 i 4922782
 j 4923424
 k 4924965
 l 4921798
 m 4924714
 n 4923356
 o 4924130
 p 4923067
 q 4923414
 r 4923847
 s 4922934
 t 4921513
 u 4921384
 v 4924699
 w 4926437
 x 4924902
 y 4921682
 z 4921135

Total characters:  128000000
 a 4919012
 b 4921795
 c 4926574
 d 4923347
 e 4922587
 f 4921194
 g 4921172
 h 4924136
 i 4922782
 j 4923424
 k 4924965
 l 4921798
 m 4924714
 n 4923356
 o 4924130
 p 4923067
 q 4923414
 r 4923847
 s 4922934
 t 4921513
 u 4921384
 v 4924699
 w 4926437
 x 4924902
 y 4921682
 z 4921135

Total characters:  128000000
 a 4919012
 b 4921795
 c 4926574
 d 4923347
 e 4922587
 f 4921194
 g 4921172
 h 4924136
 i 4922782
 j 4923424
 k 4924965
 l 4921798
 m 4924714
 n 4923356
 o 4924130
 p 4923067
 q 4923414
 r 4923847
 s 4922934
 t 4921513
 u 4921384
 v 4924699
 w 4926437
 x 4924902
 y 4921682
 z 4921135

Total characters:  128000000
 a 4919012
 b 4921795
 c 4926574
 d 4923347
 e 4922587
 f 4921194
 g 4921172
 h 4924136
 i 4922782
 j 4923424
 k 4924965
 l 4921798
 m 4924714
 n 4923356
 o 4924130
 p 4923067
 q 4923414
 r 4923847
 s 4922934
 t 4921513
 u 4921384
 v 4924699
 w 4926437
 x 4924902
 y 4921682
 z 4921135

Total characters:  128000000
 a 4919012
 b 4921795
 c 4926574
 d 4923347
 e 4922587
 f 4921194
 g 4921172
 h 4924136
 i 4922782
 j 4923424
 k 4924965
 l 4921798
 m 4924714
 n 4923356
 o 4924130
 p 4923067
 q 4923414
 r 4923847
 s 4922934
 t 4921513
 u 4921384
 v 4924699
 w 4926437
 x 4924902
 y 4921682
 z 4921135

Total characters:  128000000
 a 4919012
 b 4921795
 c 4926574
 d 4923347
 e 4922587
 f 4921194
 g 4921172
 h 4924136
 i 4922782
 j 4923424
 k 4924965
 l 4921798
 m 4924714
 n 4923356
 o 4924130
 p 4923067
 q 4923414
 r 4923847
 s 4922934
 t 4921513
 u 4921384
 v 4924699
 w 4926437
 x 4924902
 y 4921682
 z 4921135

Total characters:  128000000
 a 4919012
 b 4921795
 c 4926574
 d 4923347
 e 4922587
 f 4921194
 g 4921172
 h 4924136
 i 4922782
 j 4923424
 k 4924965
 l 4921798
 m 4924714
 n 4923356
 o 4924130
 p 4923067
 q 4923414
 r 4923847
 s 4922934
 t 4921513
 u 4921384
 v 4924699
 w 4926437
 x 4924902
 y 4921682
 z 4921135

Total characters:  128000000
 a 4919012
 b 4921795
 c 4926574
 d 4923347
 e 4922587
 f 4921194
 g 4921172
 h 4924136
 i 4922782
 j 4923424
 k 4924965
 l 4921798
 m 4924714
 n 4923356
 o 4924130
 p 4923067
 q 4923414
 r 4923847
 s 4922934
 t 4921513
 u 4921384
 v 4924699
 w 4926437
 x 4924902
 y 4921682
 z 4921135

Total characters:  128000000
 a 4919012
 b 4921795
 c 4926574
 d 4923347
 e 4922587
 f 4921194
 g 4921172
 h 4924136
 i 4922782
 j 4923424
 k 4924965
 l 4921798
 m 4924714
 n 4923356
 o 4924130
 p 4923067
 q 4923414
 r 4923847
 s 4922934
 t 4921513
 u 4921384
 v 4924699
 w 4926437
 x 4924902
 y 4921682
 z 4921135

Total characters:  128000000
 a 4919012
 b 4921795
 c 4926574
 d 4923347
 e 4922587
 f 4921194
 g 4921172
 h 4924136
 i 4922782
 j 4923424
 k 4924965
 l 4921798
 m 4924714
 n 4923356
 o 4924130
 p 4923067
 q 4923414
 r 4923847
 s 4922934
 t 4921513
 u 4921384
 v 4924699
 w 4926437
 x 4924902
 y 4921682
 z 4921135

Total characters:  128000000
 a 4919012
 b 4921795
 c 4926574
 d 4923347
 e 4922587
 f 4921194
 g 4921172
 h 4924136
 i 4922782
 j 4923424
 k 4924965
 l 4921798
 m 4924714
 n 4923356
 o 4924130
 p 4923067
 q 4923414
 r 4923847
 s 4922934
 t 4921513
 u 4921384
 v 4924699
 w 4926437
 x 4924902
 y 4921682
 z 4921135

Total characters:  128000000
 a 4919012
 b 4921795
 c 4926574
 d 4923347
 e 4922587
 f 4921194
 g 4921172
 h 4924136
 i 4922782
 j 4923424
 k 4924965
 l 4921798
 m 4924714
 n 4923356
 o 4924130
 p 4923067
 q 4923414
 r 4923847
 s 4922934
 t 4921513
 u 4921384
 v 4924699
 w 4926437
 x 4924902
 y 4921682
 z 4921135

Total characters:  128000000
 a 4919012
 b 4921795
 c 4926574
 d 4923347
 e 4922587
 f 4921194
 g 4921172
 h 4924136
 i 4922782
 j 4923424
 k 4924965
 l 4921798
 m 4924714
 n 4923356
 o 4924130
 p 4923067
 q 4923414
 r 4923847
 s 4922934
 t 4921513
 u 4921384
 v 4924699
 w 4926437
 x 4924902
 y 4921682
 z 4921135

Total characters:  128000000
 a 4919012
 b 4921795
 c 4926574
 d 4923347
 e 4922587
 f 4921194
 g 4921172
 h 4924136
 i 4922782
 j 4923424
 k 4924965
 l 4921798
 m 4924714
 n 4923356
 o 4924130
 p 4923067
 q 4923414
 r 4923847
 s 4922934
 t 4921513
 u 4921384
 v 4924699
 w 4926437
 x 4924902
 y 4921682
 z 4921135

Total characters:  128000000
 a 4919012
 b 4921795
 c 4926574
 d 4923347
 e 4922587
 f 4921194
 g 4921172
 h 4924136
 i 4922782
 j 4923424
 k 4924965
 l 4921798
 m 4924714
 n 4923356
 o 4924130
 p 4923067
 q 4923414
 r 4923847
 s 4922934
 t 4921513
 u 4921384
 v 4924699
 w 4926437
 x 4924902
 y 4921682
 z 4921135

Total characters:  128000000
 a 4919012
 b 4921795
 c 4926574
 d 4923347
 e 4922587
 f 4921194
 g 4921172
 h 4924136
 i 4922782
 j 4923424
 k 4924965
 l 4921798
 m 4924714
 n 4923356
 o 4924130
 p 4923067
 q 4923414
 r 4923847
 s 4922934
 t 4921513
 u 4921384
 v 4924699
 w 4926437
 x 4924902
 y 4921682
 z 4921135

Total characters:  128000000
 a 4919012
 b 4921795
 c 4926574
 d 4923347
 e 4922587
 f 4921194
 g 4921172
 h 4924136
 i 4922782
 j 4923424
 k 4924965
 l 4921798
 m 4924714
 n 4923356
 o 4924130
 p 4923067
 q 4923414
 r 4923847
 s 4922934
 t 4921513
 u 4921384
 v 4924699
 w 4926437
 x 4924902
 y 4921682
 z 4921135

Total characters:  128000000
 a 4919012
 b 4921795
 c 4926574
 d 4923347
 e 4922587
 f 4921194
 g 4921172
 h 4924136
 i 4922782
 j 4923424
 k 4924965
 l 4921798
 m 4924714
 n 4923356
 o 4924130
 p 4923067
 q 4923414
 r 4923847
 s 4922934
 t 4921513
 u 4921384
 v 4924699
 w 4926437
 x 4924902
 y 4921682
 z 4921135

Total characters:  128000000
 a 4919012
 b 4921795
 c 4926574
 d 4923347
 e 4922587
 f 4921194
 g 4921172
 h 4924136
 i 4922782
 j 4923424
 k 4924965
 l 4921798
 m 4924714
 n 4923356
 o 4924130
 p 4923067
 q 4923414
 r 4923847
 s 4922934
 t 4921513
 u 4921384
 v 4924699
 w 4926437
 x 4924902
 y 4921682
 z 4921135

Total characters:  128000000
 a 4919012
 b 4921795
 c 4926574
 d 4923347
 e 4922587
 f 4921194
 g 4921172
 h 4924136
 i 4922782
 j 4923424
 k 4924965
 l 4921798
 m 4924714
 n 4923356
 o 4924130
 p 4923067
 q 4923414
 r 4923847
 s 4922934
 t 4921513
 u 4921384
 v 4924699
 w 4926437
 x 4924902
 y 4921682
 z 4921135

Total characters:  128000000
 a 4919012
 b 4921795
 c 4926574
 d 4923347
 e 4922587
 f 4921194
 g 4921172
 h 4924136
 i 4922782
 j 4923424
 k 4924965
 l 4921798
 m 4924714
 n 4923356
 o 4924130
 p 4923067
 q 4923414
 r 4923847
 s 4922934
 t 4921513
 u 4921384
 v 4924699
 w 4926437
 x 4924902
 y 4921682
 z 4921135

Total characters:  128000000
 a 4919012
 b 4921795
 c 4926574
 d 4923347
 e 4922587
 f 4921194
 g 4921172
 h 4924136
 i 4922782
 j 4923424
 k 4924965
 l 4921798
 m 4924714
 n 4923356
 o 4924130
 p 4923067
 q 4923414
 r 4923847
 s 4922934
 t 4921513
 u 4921384
 v 4924699
 w 4926437
 x 4924902
 y 4921682
 z 4921135

Total characters:  128000000
 a 4919012
 b 4921795
 c 4926574
 d 4923347
 e 4922587
 f 4921194
 g 4921172
 h 4924136
 i 4922782
 j 4923424
 k 4924965
 l 4921798
 m 4924714
 n 4923356
 o 4924130
 p 4923067
 q 4923414
 r 4923847
 s 4922934
 t 4921513
 u 4921384
 v 4924699
 w 4926437
 x 4924902
 y 4921682
 z 4921135

Total characters:  128000000
 a 4919012
 b 4921795
 c 4926574
 d 4923347
 e 4922587
 f 4921194
 g 4921172
 h 4924136
 i 4922782
 j 4923424
 k 4924965
 l 4921798
 m 4924714
 n 4923356
 o 4924130
 p 4923067
 q 4923414
 r 4923847
 s 4922934
 t 4921513
 u 4921384
 v 4924699
 w 4926437
 x 4924902
 y 4921682
 z 4921135

Total characters:  128000000
 a 4919012
 b 4921795
 c 4926574
 d 4923347
 e 4922587
 f 4921194
 g 4921172
 h 4924136
 i 4922782
 j 4923424
 k 4924965
 l 4921798
 m 4924714
 n 4923356
 o 4924130
 p 4923067
 q 4923414
 r 4923847
 s 4922934
 t 4921513
 u 4921384
 v 4924699
 w 4926437
 x 4924902
 y 4921682
 z 4921135

Total characters:  128000000
 a 4919012
 b 4921795
 c 4926574
 d 4923347
 e 4922587
 f 4921194
 g 4921172
 h 4924136
 i 4922782
 j 4923424
 k 4924965
 l 4921798
 m 4924714
 n 4923356
 o 4924130
 p 4923067
 q 4923414
 r 4923847
 s 4922934
 t 4921513
 u 4921384
 v 4924699
 w 4926437
 x 4924902
 y 4921682
 z 4921135

Total characters:  128000000
 a 4919012
 b 4921795
 c 4926574
 d 4923347
 e 4922587
 f 4921194
 g 4921172
 h 4924136
 i 4922782
 j 4923424
 k 4924965
 l 4921798
 m 4924714
 n 4923356
 o 4924130
 p 4923067
 q 4923414
 r 4923847
 s 4922934
 t 4921513
 u 4921384
 v 4924699
 w 4926437
 x 4924902
 y 4921682
 z 4921135

Total characters:  128000000
 a 4919012
 b 4921795
 c 4926574
 d 4923347
 e 4922587
 f 4921194
 g 4921172
 h 4924136
 i 4922782
 j 4923424
 k 4924965
 l 4921798
 m 4924714
 n 4923356
 o 4924130
 p 4923067
 q 4923414
 r 4923847
 s 4922934
 t 4921513
 u 4921384
 v 4924699
 w 4926437
 x 4924902
 y 4921682
 z 4921135

Total characters:  128000000
 a 4919012
 b 4921795
 c 4926574
 d 4923347
 e 4922587
 f 4921194
 g 4921172
 h 4924136
 i 4922782
 j 4923424
 k 4924965
 l 4921798
 m 4924714
 n 4923356
 o 4924130
 p 4923067
 q 4923414
 r 4923847
 s 4922934
 t 4921513
 u 4921384
 v 4924699
 w 4926437
 x 4924902
 y 4921682
 z 4921135

Total characters:  128000000
 a 4919012
 b 4921795
 c 4926574
 d 4923347
 e 4922587
 f 4921194
 g 4921172
 h 4924136
 i 4922782
 j 4923424
 k 4924965
 l 4921798
 m 4924714
 n 4923356
 o 4924130
 p 4923067
 q 4923414
 r 4923847
 s 4922934
 t 4921513
 u 4921384
 v 4924699
 w 4926437
 x 4924902
 y 4921682
 z 4921135

Total characters:  128000000
 a 4919012
 b 4921795
 c 4926574
 d 4923347
 e 4922587
 f 4921194
 g 4921172
 h 4924136
 i 4922782
 j 4923424
 k 4924965
 l 4921798
 m 4924714
 n 4923356
 o 4924130
 p 4923067
 q 4923414
 r 4923847
 s 4922934
 t 4921513
 u 4921384
 v 4924699
 w 4926437
 x 4924902
 y 4921682
 z 4921135

Total characters:  128000000
 a 4919012
 b 4921795
 c 4926574
 d 4923347
 e 4922587
 f 4921194
 g 4921172
 h 4924136
 i 4922782
 j 4923424
 k 4924965
 l 4921798
 m 4924714
 n 4923356
 o 4924130
 p 4923067
 q 4923414
 r 4923847
 s 4922934
 t 4921513
 u 4921384
 v 4924699
 w 4926437
 x 4924902
 y 4921682
 z 4921135

Total characters:  128000000
 a 4919012
 b 4921795
 c 4926574
 d 4923347
 e 4922587
 f 4921194
 g 4921172
 h 4924136
 i 4922782
 j 4923424
 k 4924965
 l 4921798
 m 4924714
 n 4923356
 o 4924130
 p 4923067
 q 4923414
 r 4923847
 s 4922934
 t 4921513
 u 4921384
 v 4924699
 w 4926437
 x 4924902
 y 4921682
 z 4921135

Total characters:  128000000
 a 4919012
 b 4921795
 c 4926574
 d 4923347
 e 4922587
 f 4921194
 g 4921172
 h 4924136
 i 4922782
 j 4923424
 k 4924965
 l 4921798
 m 4924714
 n 4923356
 o 4924130
 p 4923067
 q 4923414
 r 4923847
 s 4922934
 t 4921513
 u 4921384
 v 4924699
 w 4926437
 x 4924902
 y 4921682
 z 4921135

Total characters:  128000000
 a 4919012
 b 4921795
 c 4926574
 d 4923347
 e 4922587
 f 4921194
 g 4921172
 h 4924136
 i 4922782
 j 4923424
 k 4924965
 l 4921798
 m 4924714
 n 4923356
 o 4924130
 p 4923067
 q 4923414
 r 4923847
 s 4922934
 t 4921513
 u 4921384
 v 4924699
 w 4926437
 x 4924902
 y 4921682
 z 4921135

Total characters:  128000000
 a 4919012
 b 4921795
 c 4926574
 d 4923347
 e 4922587
 f 4921194
 g 4921172
 h 4924136
 i 4922782
 j 4923424
 k 4924965
 l 4921798
 m 4924714
 n 4923356
 o 4924130
 p 4923067
 q 4923414
 r 4923847
 s 4922934
 t 4921513
 u 4921384
 v 4924699
 w 4926437
 x 4924902
 y 4921682
 z 4921135

Total characters:  128000000
 a 4919012
 b 4921795
 c 4926574
 d 4923347
 e 4922587
 f 4921194
 g 4921172
 h 4924136
 i 4922782
 j 4923424
 k 4924965
 l 4921798
 m 4924714
 n 4923356
 o 4924130
 p 4923067
 q 4923414
 r 4923847
 s 4922934
 t 4921513
 u 4921384
 v 4924699
 w 4926437
 x 4924902
 y 4921682
 z 4921135

Total characters:  128000000
 a 4919012
 b 4921795
 c 4926574
 d 4923347
 e 4922587
 f 4921194
 g 4921172
 h 4924136
 i 4922782
 j 4923424
 k 4924965
 l 4921798
 m 4924714
 n 4923356
 o 4924130
 p 4923067
 q 4923414
 r 4923847
 s 4922934
 t 4921513
 u 4921384
 v 4924699
 w 4926437
 x 4924902
 y 4921682
 z 4921135

Total characters:  128000000
 a 4919012
 b 4921795
 c 4926574
 d 4923347
 e 4922587
 f 4921194
 g 4921172
 h 4924136
 i 4922782
 j 4923424
 k 4924965
 l 4921798
 m 4924714
 n 4923356
 o 4924130
 p 4923067
 q 4923414
 r 4923847
 s 4922934
 t 4921513
 u 4921384
 v 4924699
 w 4926437
 x 4924902
 y 4921682
 z 4921135

Total characters:  128000000
 a 4919012
 b 4921795
 c 4926574
 d 4923347
 e 4922587
 f 4921194
 g 4921172
 h 4924136
 i 4922782
 j 4923424
 k 4924965
 l 4921798
 m 4924714
 n 4923356
 o 4924130
 p 4923067
 q 4923414
 r 4923847
 s 4922934
 t 4921513
 u 4921384
 v 4924699
 w 4926437
 x 4924902
 y 4921682
 z 4921135

Total characters:  128000000
 a 4919012
 b 4921795
 c 4926574
 d 4923347
 e 4922587
 f 4921194
 g 4921172
 h 4924136
 i 4922782
 j 4923424
 k 4924965
 l 4921798
 m 4924714
 n 4923356
 o 4924130
 p 4923067
 q 4923414
 r 4923847
 s 4922934
 t 4921513
 u 4921384
 v 4924699
 w 4926437
 x 4924902
 y 4921682
 z 4921135

Total characters:  128000000
 a 4919012
 b 4921795
 c 4926574
 d 4923347
 e 4922587
 f 4921194
 g 4921172
 h 4924136
 i 4922782
 j 4923424
 k 4924965
 l 4921798
 m 4924714
 n 4923356
 o 4924130
 p 4923067
 q 4923414
 r 4923847
 s 4922934
 t 4921513
 u 4921384
 v 4924699
 w 4926437
 x 4924902
 y 4921682
 z 4921135

Total characters:  128000000
 a 4919012
 b 4921795
 c 4926574
 d 4923347
 e 4922587
 f 4921194
 g 4921172
 h 4924136
 i 4922782
 j 4923424
 k 4924965
 l 4921798
 m 4924714
 n 4923356
 o 4924130
 p 4923067
 q 4923414
 r 4923847
 s 4922934
 t 4921513
 u 4921384
 v 4924699
 w 4926437
 x 4924902
 y 4921682
 z 4921135

Total characters:  128000000
 a 4919012
 b 4921795
 c 4926574
 d 4923347
 e 4922587
 f 4921194
 g 4921172
 h 4924136
 i 4922782
 j 4923424
 k 4924965
 l 4921798
 m 4924714
 n 4923356
 o 4924130
 p 4923067
 q 4923414
 r 4923847
 s 4922934
 t 4921513
 u 4921384
 v 4924699
 w 4926437
 x 4924902
 y 4921682
 z 4921135

Total characters:  128000000
 a 4919012
 b 4921795
 c 4926574
 d 4923347
 e 4922587
 f 4921194
 g 4921172
 h 4924136
 i 4922782
 j 4923424
 k 4924965
 l 4921798
 m 4924714
 n 4923356
 o 4924130
 p 4923067
 q 4923414
 r 4923847
 s 4922934
 t 4921513
 u 4921384
 v 4924699
 w 4926437
 x 4924902
 y 4921682
 z 4921135

Total characters:  128000000
 a 4919012
 b 4921795
 c 4926574
 d 4923347
 e 4922587
 f 4921194
 g 4921172
 h 4924136
 i 4922782
 j 4923424
 k 4924965
 l 4921798
 m 4924714
 n 4923356
 o 4924130
 p 4923067
 q 4923414
 r 4923847
 s 4922934
 t 4921513
 u 4921384
 v 4924699
 w 4926437
 x 4924902
 y 4921682
 z 4921135

Total characters:  128000000
 a 4919012
 b 4921795
 c 4926574
 d 4923347
 e 4922587
 f 4921194
 g 4921172
 h 4924136
 i 4922782
 j 4923424
 k 4924965
 l 4921798
 m 4924714
 n 4923356
 o 4924130
 p 4923067
 q 4923414
 r 4923847
 s 4922934
 t 4921513
 u 4921384
 v 4924699
 w 4926437
 x 4924902
 y 4921682
 z 4921135

Total characters:  128000000
 a 4919012
 b 4921795
 c 4926574
 d 4923347
 e 4922587
 f 4921194
 g 4921172
 h 4924136
 i 4922782
 j 4923424
 k 4924965
 l 4921798
 m 4924714
 n 4923356
 o 4924130
 p 4923067
 q 4923414
 r 4923847
 s 4922934
 t 4921513
 u 4921384
 v 4924699
 w 4926437
 x 4924902
 y 4921682
 z 4921135

Total characters:  128000000
 a 4919012
 b 4921795
 c 4926574
 d 4923347
 e 4922587
 f 4921194
 g 4921172
 h 4924136
 i 4922782
 j 4923424
 k 4924965
 l 4921798
 m 4924714
 n 4923356
 o 4924130
 p 4923067
 q 4923414
 r 4923847
 s 4922934
 t 4921513
 u 4921384
 v 4924699
 w 4926437
 x 4924902
 y 4921682
 z 4921135

Total characters:  128000000
 a 4919012
 b 4921795
 c 4926574
 d 4923347
 e 4922587
 f 4921194
 g 4921172
 h 4924136
 i 4922782
 j 4923424
 k 4924965
 l 4921798
 m 4924714
 n 4923356
 o 4924130
 p 4923067
 q 4923414
 r 4923847
 s 4922934
 t 4921513
 u 4921384
 v 4924699
 w 4926437
 x 4924902
 y 4921682
 z 4921135

Total characters:  128000000
 a 4919012
 b 4921795
 c 4926574
 d 4923347
 e 4922587
 f 4921194
 g 4921172
 h 4924136
 i 4922782
 j 4923424
 k 4924965
 l 4921798
 m 4924714
 n 4923356
 o 4924130
 p 4923067
 q 4923414
 r 4923847
 s 4922934
 t 4921513
 u 4921384
 v 4924699
 w 4926437
 x 4924902
 y 4921682
 z 4921135

Total characters:  128000000
 a 4919012
 b 4921795
 c 4926574
 d 4923347
 e 4922587
 f 4921194
 g 4921172
 h 4924136
 i 4922782
 j 4923424
 k 4924965
 l 4921798
 m 4924714
 n 4923356
 o 4924130
 p 4923067
 q 4923414
 r 4923847
 s 4922934
 t 4921513
 u 4921384
 v 4924699
 w 4926437
 x 4924902
 y 4921682
 z 4921135

Total characters:  128000000
 a 4919012
 b 4921795
 c 4926574
 d 4923347
 e 4922587
 f 4921194
 g 4921172
 h 4924136
 i 4922782
 j 4923424
 k 4924965
 l 4921798
 m 4924714
 n 4923356
 o 4924130
 p 4923067
 q 4923414
 r 4923847
 s 4922934
 t 4921513
 u 4921384
 v 4924699
 w 4926437
 x 4924902
 y 4921682
 z 4921135

Total characters:  128000000
 a 4919012
 b 4921795
 c 4926574
 d 4923347
 e 4922587
 f 4921194
 g 4921172
 h 4924136
 i 4922782
 j 4923424
 k 4924965
 l 4921798
 m 4924714
 n 4923356
 o 4924130
 p 4923067
 q 4923414
 r 4923847
 s 4922934
 t 4921513
 u 4921384
 v 4924699
 w 4926437
 x 4924902
 y 4921682
 z 4921135

Total characters:  128000000
 a 4919012
 b 4921795
 c 4926574
 d 4923347
 e 4922587
 f 4921194
 g 4921172
 h 4924136
 i 4922782
 j 4923424
 k 4924965
 l 4921798
 m 4924714
 n 4923356
 o 4924130
 p 4923067
 q 4923414
 r 4923847
 s 4922934
 t 4921513
 u 4921384
 v 4924699
 w 4926437
 x 4924902
 y 4921682
 z 4921135

Total characters:  128000000
 a 4919012
 b 4921795
 c 4926574
 d 4923347
 e 4922587
 f 4921194
 g 4921172
 h 4924136
 i 4922782
 j 4923424
 k 4924965
 l 4921798
 m 4924714
 n 4923356
 o 4924130
 p 4923067
 q 4923414
 r 4923847
 s 4922934
 t 4921513
 u 4921384
 v 4924699
 w 4926437
 x 4924902
 y 4921682
 z 4921135

Total characters:  128000000
 a 4919012
 b 4921795
 c 4926574
 d 4923347
 e 4922587
 f 4921194
 g 4921172
 h 4924136
 i 4922782
 j 4923424
 k 4924965
 l 4921798
 m 4924714
 n 4923356
 o 4924130
 p 4923067
 q 4923414
 r 4923847
 s 4922934
 t 4921513
 u 4921384
 v 4924699
 w 4926437
 x 4924902
 y 4921682
 z 4921135

Total characters:  128000000
 a 4919012
 b 4921795
 c 4926574
 d 4923347
 e 4922587
 f 4921194
 g 4921172
 h 4924136
 i 4922782
 j 4923424
 k 4924965
 l 4921798
 m 4924714
 n 4923356
 o 4924130
 p 4923067
 q 4923414
 r 4923847
 s 4922934
 t 4921513
 u 4921384
 v 4924699
 w 4926437
 x 4924902
 y 4921682
 z 4921135

Total characters:  128000000
 a 4919012
 b 4921795
 c 4926574
 d 4923347
 e 4922587
 f 4921194
 g 4921172
 h 4924136
 i 4922782
 j 4923424
 k 4924965
 l 4921798
 m 4924714
 n 4923356
 o 4924130
 p 4923067
 q 4923414
 r 4923847
 s 4922934
 t 4921513
 u 4921384
 v 4924699
 w 4926437
 x 4924902
 y 4921682
 z 4921135

Total characters:  128000000
 a 4919012
 b 4921795
 c 4926574
 d 4923347
 e 4922587
 f 4921194
 g 4921172
 h 4924136
 i 4922782
 j 4923424
 k 4924965
 l 4921798
 m 4924714
 n 4923356
 o 4924130
 p 4923067
 q 4923414
 r 4923847
 s 4922934
 t 4921513
 u 4921384
 v 4924699
 w 4926437
 x 4924902
 y 4921682
 z 4921135

Total characters:  128000000
 a 4919012
 b 4921795
 c 4926574
 d 4923347
 e 4922587
 f 4921194
 g 4921172
 h 4924136
 i 4922782
 j 4923424
 k 4924965
 l 4921798
 m 4924714
 n 4923356
 o 4924130
 p 4923067
 q 4923414
 r 4923847
 s 4922934
 t 4921513
 u 4921384
 v 4924699
 w 4926437
 x 4924902
 y 4921682
 z 4921135

Total characters:  128000000
 a 4919012
 b 4921795
 c 4926574
 d 4923347
 e 4922587
 f 4921194
 g 4921172
 h 4924136
 i 4922782
 j 4923424
 k 4924965
 l 4921798
 m 4924714
 n 4923356
 o 4924130
 p 4923067
 q 4923414
 r 4923847
 s 4922934
 t 4921513
 u 4921384
 v 4924699
 w 4926437
 x 4924902
 y 4921682
 z 4921135

Total characters:  128000000
 a 4919012
 b 4921795
 c 4926574
 d 4923347
 e 4922587
 f 4921194
 g 4921172
 h 4924136
 i 4922782
 j 4923424
 k 4924965
 l 4921798
 m 4924714
 n 4923356
 o 4924130
 p 4923067
 q 4923414
 r 4923847
 s 4922934
 t 4921513
 u 4921384
 v 4924699
 w 4926437
 x 4924902
 y 4921682
 z 4921135

Total characters:  128000000
 a 4919012
 b 4921795
 c 4926574
 d 4923347
 e 4922587
 f 4921194
 g 4921172
 h 4924136
 i 4922782
 j 4923424
 k 4924965
 l 4921798
 m 4924714
 n 4923356
 o 4924130
 p 4923067
 q 4923414
 r 4923847
 s 4922934
 t 4921513
 u 4921384
 v 4924699
 w 4926437
 x 4924902
 y 4921682
 z 4921135

Total characters:  128000000
 a 4919012
 b 4921795
 c 4926574
 d 4923347
 e 4922587
 f 4921194
 g 4921172
 h 4924136
 i 4922782
 j 4923424
 k 4924965
 l 4921798
 m 4924714
 n 4923356
 o 4924130
 p 4923067
 q 4923414
 r 4923847
 s 4922934
 t 4921513
 u 4921384
 v 4924699
 w 4926437
 x 4924902
 y 4921682
 z 4921135

Total characters:  128000000
 a 4919012
 b 4921795
 c 4926574
 d 4923347
 e 4922587
 f 4921194
 g 4921172
 h 4924136
 i 4922782
 j 4923424
 k 4924965
 l 4921798
 m 4924714
 n 4923356
 o 4924130
 p 4923067
 q 4923414
 r 4923847
 s 4922934
 t 4921513
 u 4921384
 v 4924699
 w 4926437
 x 4924902
 y 4921682
 z 4921135

Total characters:  128000000
 a 4919012
 b 4921795
 c 4926574
 d 4923347
 e 4922587
 f 4921194
 g 4921172
 h 4924136
 i 4922782
 j 4923424
 k 4924965
 l 4921798
 m 4924714
 n 4923356
 o 4924130
 p 4923067
 q 4923414
 r 4923847
 s 4922934
 t 4921513
 u 4921384
 v 4924699
 w 4926437
 x 4924902
 y 4921682
 z 4921135

Total characters:  128000000
 a 4919012
 b 4921795
 c 4926574
 d 4923347
 e 4922587
 f 4921194
 g 4921172
 h 4924136
 i 4922782
 j 4923424
 k 4924965
 l 4921798
 m 4924714
 n 4923356
 o 4924130
 p 4923067
 q 4923414
 r 4923847
 s 4922934
 t 4921513
 u 4921384
 v 4924699
 w 4926437
 x 4924902
 y 4921682
 z 4921135

Total characters:  128000000
 a 4919012
 b 4921795
 c 4926574
 d 4923347
 e 4922587
 f 4921194
 g 4921172
 h 4924136
 i 4922782
 j 4923424
 k 4924965
 l 4921798
 m 4924714
 n 4923356
 o 4924130
 p 4923067
 q 4923414
 r 4923847
 s 4922934
 t 4921513
 u 4921384
 v 4924699
 w 4926437
 x 4924902
 y 4921682
 z 4921135

Total characters:  128000000
 a 4919012
 b 4921795
 c 4926574
 d 4923347
 e 4922587
 f 4921194
 g 4921172
 h 4924136
 i 4922782
 j 4923424
 k 4924965
 l 4921798
 m 4924714
 n 4923356
 o 4924130
 p 4923067
 q 4923414
 r 4923847
 s 4922934
 t 4921513
 u 4921384
 v 4924699
 w 4926437
 x 4924902
 y 4921682
 z 4921135

Total characters:  128000000
srun: error: elf36: task 99: Exited with exit code 30
 a 4919012
 b 4921795
 c 4926574
 d 4923347
 e 4922587
 f 4921194
 g 4921172
 h 4924136
 i 4922782
 j 4923424
 k 4924965
 l 4921798
 m 4924714
 n 4923356
 o 4924130
 p 4923067
 q 4923414
 r 4923847
 s 4922934
 t 4921513
 u 4921384
 v 4924699
 w 4926437
 x 4924902
 y 4921682
 z 4921135

Total characters:  128000000
 a 4919012
 b 4921795
 c 4926574
 d 4923347
 e 4922587
 f 4921194
 g 4921172
 h 4924136
 i 4922782
 j 4923424
 k 4924965
 l 4921798
 m 4924714
 n 4923356
 o 4924130
 p 4923067
 q 4923414
 r 4923847
 s 4922934
 t 4921513
 u 4921384
 v 4924699
 w 4926437
 x 4924902
 y 4921682
 z 4921135

Total characters:  128000000
 a 4919012
 b 4921795
 c 4926574
 d 4923347
 e 4922587
 f 4921194
 g 4921172
 h 4924136
 i 4922782
 j 4923424
 k 4924965
 l 4921798
 m 4924714
 n 4923356
 o 4924130
 p 4923067
 q 4923414
 r 4923847
 s 4922934
 t 4921513
 u 4921384
 v 4924699
 w 4926437
 x 4924902
 y 4921682
 z 4921135

Total characters:  128000000
 a 4919012
 b 4921795
 c 4926574
 d 4923347
 e 4922587
 f 4921194
 g 4921172
 h 4924136
 i 4922782
 j 4923424
 k 4924965
 l 4921798
 m 4924714
 n 4923356
 o 4924130
 p 4923067
 q 4923414
 r 4923847
 s 4922934
 t 4921513
 u 4921384
 v 4924699
 w 4926437
 x 4924902
 y 4921682
 z 4921135

Total characters:  128000000
 a 4919012
 b 4921795
 c 4926574
 d 4923347
 e 4922587
 f 4921194
 g 4921172
 h 4924136
 i 4922782
 j 4923424
 k 4924965
 l 4921798
 m 4924714
 n 4923356
 o 4924130
 p 4923067
 q 4923414
 r 4923847
 s 4922934
 t 4921513
 u 4921384
 v 4924699
 w 4926437
 x 4924902
 y 4921682
 z 4921135

Total characters:  128000000
 a 4919012
 b 4921795
 c 4926574
 d 4923347
 e 4922587
 f 4921194
 g 4921172
 h 4924136
 i 4922782
 j 4923424
 k 4924965
 l 4921798
 m 4924714
 n 4923356
 o 4924130
 p 4923067
 q 4923414
 r 4923847
 s 4922934
 t 4921513
 u 4921384
 v 4924699
 w 4926437
 x 4924902
 y 4921682
 z 4921135

Total characters:  128000000
 a 4919012
 b 4921795
 c 4926574
 d 4923347
 e 4922587
 f 4921194
 g 4921172
 h 4924136
 i 4922782
 j 4923424
 k 4924965
 l 4921798
 m 4924714
 n 4923356
 o 4924130
 p 4923067
 q 4923414
 r 4923847
 s 4922934
 t 4921513
 u 4921384
 v 4924699
 w 4926437
 x 4924902
 y 4921682
 z 4921135

Total characters:  128000000
 a 4919012
 b 4921795
 c 4926574
 d 4923347
 e 4922587
 f 4921194
 g 4921172
 h 4924136
 i 4922782
 j 4923424
 k 4924965
 l 4921798
 m 4924714
 n 4923356
 o 4924130
 p 4923067
 q 4923414
 r 4923847
 s 4922934
 t 4921513
 u 4921384
 v 4924699
 w 4926437
 x 4924902
 y 4921682
 z 4921135

Total characters:  128000000
 a 4919012
 b 4921795
 c 4926574
 d 4923347
 e 4922587
 f 4921194
 g 4921172
 h 4924136
 i 4922782
 j 4923424
 k 4924965
 l 4921798
 m 4924714
 n 4923356
 o 4924130
 p 4923067
 q 4923414
 r 4923847
 s 4922934
 t 4921513
 u 4921384
 v 4924699
 w 4926437
 x 4924902
 y 4921682
 z 4921135

Total characters:  128000000
 a 4919012
 b 4921795
 c 4926574
 d 4923347
 e 4922587
 f 4921194
 g 4921172
 h 4924136
 i 4922782
 j 4923424
 k 4924965
 l 4921798
 m 4924714
 n 4923356
 o 4924130
 p 4923067
 q 4923414
 r 4923847
 s 4922934
 t 4921513
 u 4921384
 v 4924699
 w 4926437
 x 4924902
 y 4921682
 z 4921135

Total characters:  128000000
 a 4919012
 b 4921795
 c 4926574
 d 4923347
 e 4922587
 f 4921194
 g 4921172
 h 4924136
 i 4922782
 j 4923424
 k 4924965
 l 4921798
 m 4924714
 n 4923356
 o 4924130
 p 4923067
 q 4923414
 r 4923847
 s 4922934
 t 4921513
 u 4921384
 v 4924699
 w 4926437
 x 4924902
 y 4921682
 z 4921135

Total characters:  128000000
 a 4919012
 b 4921795
 c 4926574
 d 4923347
 e 4922587
 f 4921194
 g 4921172
 h 4924136
 i 4922782
 j 4923424
 k 4924965
 l 4921798
 m 4924714
 n 4923356
 o 4924130
 p 4923067
 q 4923414
 r 4923847
 s 4922934
 t 4921513
 u 4921384
 v 4924699
 w 4926437
 x 4924902
 y 4921682
 z 4921135

Total characters:  128000000
 a 4919012
 b 4921795
 c 4926574
 d 4923347
 e 4922587
 f 4921194
 g 4921172
 h 4924136
 i 4922782
 j 4923424
 k 4924965
 l 4921798
 m 4924714
 n 4923356
 o 4924130
 p 4923067
 q 4923414
 r 4923847
 s 4922934
 t 4921513
 u 4921384
 v 4924699
 w 4926437
 x 4924902
 y 4921682
 z 4921135

Total characters:  128000000
 a 4919012
 b 4921795
 c 4926574
 d 4923347
 e 4922587
 f 4921194
 g 4921172
 h 4924136
 i 4922782
 j 4923424
 k 4924965
 l 4921798
 m 4924714
 n 4923356
 o 4924130
 p 4923067
 q 4923414
 r 4923847
 s 4922934
 t 4921513
 u 4921384
 v 4924699
 w 4926437
 x 4924902
 y 4921682
 z 4921135

Total characters:  128000000
 a 4919012
 b 4921795
 c 4926574
 d 4923347
 e 4922587
 f 4921194
 g 4921172
 h 4924136
 i 4922782
 j 4923424
 k 4924965
 l 4921798
 m 4924714
 n 4923356
 o 4924130
 p 4923067
 q 4923414
 r 4923847
 s 4922934
 t 4921513
 u 4921384
 v 4924699
 w 4926437
 x 4924902
 y 4921682
 z 4921135

Total characters:  128000000
 a 4919012
 b 4921795
 c 4926574
 d 4923347
 e 4922587
 f 4921194
 g 4921172
 h 4924136
 i 4922782
 j 4923424
 k 4924965
 l 4921798
 m 4924714
 n 4923356
 o 4924130
 p 4923067
 q 4923414
 r 4923847
 s 4922934
 t 4921513
 u 4921384
 v 4924699
 w 4926437
 x 4924902
 y 4921682
 z 4921135

Total characters:  128000000
 a 4919012
 b 4921795
 c 4926574
 d 4923347
 e 4922587
 f 4921194
 g 4921172
 h 4924136
 i 4922782
 j 4923424
 k 4924965
 l 4921798
 m 4924714
 n 4923356
 o 4924130
 p 4923067
 q 4923414
 r 4923847
 s 4922934
 t 4921513
 u 4921384
 v 4924699
 w 4926437
 x 4924902
 y 4921682
 z 4921135

Total characters:  128000000
 a 4919012
 b 4921795
 c 4926574
 d 4923347
 e 4922587
 f 4921194
 g 4921172
 h 4924136
 i 4922782
 j 4923424
 k 4924965
 l 4921798
 m 4924714
 n 4923356
 o 4924130
 p 4923067
 q 4923414
 r 4923847
 s 4922934
 t 4921513
 u 4921384
 v 4924699
 w 4926437
 x 4924902
 y 4921682
 z 4921135

Total characters:  128000000
srun: error: elf20: tasks 16-18,20-27,29-31: Exited with exit code 30
srun: error: elf25: tasks 32-34,36-47: Exited with exit code 30
srun: error: elf35: tasks 80-88,90-95: Exited with exit code 30
srun: error: elf09: tasks 0,2-10,12-15: Exited with exit code 30
srun: error: elf32: tasks 64-79: Exited with exit code 30
 a 4919012
 b 4921795
 c 4926574
 d 4923347
 e 4922587
 f 4921194
 g 4921172
 h 4924136
 i 4922782
 j 4923424
 k 4924965
 l 4921798
 m 4924714
 n 4923356
 o 4924130
 p 4923067
 q 4923414
 r 4923847
 s 4922934
 t 4921513
 u 4921384
 v 4924699
 w 4926437
 x 4924902
 y 4921682
 z 4921135

Total characters:  128000000
srun: error: elf27: tasks 48-63: Exited with exit code 30
 a 4919012
 b 4921795
 c 4926574
 d 4923347
 e 4922587
 f 4921194
 g 4921172
 h 4924136
 i 4922782
 j 4923424
 k 4924965
 l 4921798
 m 4924714
 n 4923356
 o 4924130
 p 4923067
 q 4923414
 r 4923847
 s 4922934
 t 4921513
 u 4921384
 v 4924699
 w 4926437
 x 4924902
 y 4921682
 z 4921135

Total characters:  128000000
srun: error: elf20: tasks 19,28: Exited with exit code 30
 a 4919012
 b 4921795
 c 4926574
 d 4923347
 e 4922587
 f 4921194
 g 4921172
 h 4924136
 i 4922782
 j 4923424
 k 4924965
 l 4921798
 m 4924714
 n 4923356
 o 4924130
 p 4923067
 q 4923414
 r 4923847
 s 4922934
 t 4921513
 u 4921384
 v 4924699
 w 4926437
 x 4924902
 y 4921682
 z 4921135

Total characters:  128000000
srun: error: elf36: task 97: Exited with exit code 30
 a 4919012
 b 4921795
 c 4926574
 d 4923347
 e 4922587
 f 4921194
 g 4921172
 h 4924136
 i 4922782
 j 4923424
 k 4924965
 l 4921798
 m 4924714
 n 4923356
 o 4924130
 p 4923067
 q 4923414
 r 4923847
 s 4922934
 t 4921513
 u 4921384
 v 4924699
 w 4926437
 x 4924902
 y 4921682
 z 4921135

Total characters:  128000000
 a 4919012
 b 4921795
 c 4926574
 d 4923347
 e 4922587
 f 4921194
 g 4921172
 h 4924136
 i 4922782
 j 4923424
 k 4924965
 l 4921798
 m 4924714
 n 4923356
 o 4924130
 p 4923067
 q 4923414
 r 4923847
 s 4922934
 t 4921513
 u 4921384
 v 4924699
 w 4926437
 x 4924902
 y 4921682
 z 4921135

Total characters:  128000000
srun: error: elf35: task 89: Exited with exit code 30
 a 4919012
 b 4921795
 c 4926574
 d 4923347
 e 4922587
 f 4921194
 g 4921172
 h 4924136
 i 4922782
 j 4923424
 k 4924965
 l 4921798
 m 4924714
 n 4923356
 o 4924130
 p 4923067
 q 4923414
 r 4923847
 s 4922934
 t 4921513
 u 4921384
 v 4924699
 w 4926437
 x 4924902
 y 4921682
 z 4921135

Total characters:  128000000
 a 4919012
 b 4921795
 c 4926574
 d 4923347
 e 4922587
 f 4921194
 g 4921172
 h 4924136
 i 4922782
 j 4923424
 k 4924965
 l 4921798
 m 4924714
 n 4923356
 o 4924130
 p 4923067
 q 4923414
 r 4923847
 s 4922934
 t 4921513
 u 4921384
 v 4924699
 w 4926437
 x 4924902
 y 4921682
 z 4921135

Total characters:  128000000
srun: error: elf25: task 35: Exited with exit code 30
srun: error: elf09: tasks 1,11: Exited with exit code 30
 a 5967
 b 6241
 c 6149
 d 6027
 e 6157
 f 6183
 g 6195
 h 6420
 i 6137
 j 6103
 k 6197
 l 6123
 m 5988
 n 6221
 o 6165
 p 6254
 q 6253
 r 6132
 s 6205
 t 6141
 u 6137
 v 6037
 w 6086
 x 6136
 y 6251
 z 6095

Total characters:  160000
DATA, 10000, 100, elf36, 3.074000
 a 5967
 b 6241
 c 6149
 d 6027
 e 6157
 f 6183
 g 6195
 h 6420
 i 6137
 j 6103
 k 6197
 l 6123
 m 5988
 n 6221
 o 6165
 p 6254
 q 6253
 r 6132
 s 6205
 t 6141
 u 6137
 v 6037
 w 6086
 x 6136
 y 6251
 z 6095

Total characters:  160000
DATA, 10000, 100, elf36, 3.173000
 a 5967
 b 6241
 c 6149
 d 6027
 e 6157
 f 6183
 g 6195
 h 6420
 i 6137
 j 6103
 k 6197
 l 6123
 m 5988
 n 6221
 o 6165
 p 6254
 q 6253
 r 6132
 s 6205
 t 6141
 u 6137
 v 6037
 w 6086
 x 6136
 y 6251
 z 6095

Total characters:  160000
DATA, 10000, 100, elf36, 3.169000
 a 5967
 b 6241
 c 6149
 d 6027
 e 6157
 f 6183
 g 6195
 h 6420
 i 6137
 j 6103
 k 6197
 l 6123
 m 5988
 n 6221
 o 6165
 p 6254
 q 6253
 r 6132
 s 6205
 t 6141
 u 6137
 v 6037
 w 6086
 x 6136
 y 6251
 z 6095

Total characters:  160000
DATA, 10000, 100, elf36, 3.178000
 a 5967
 b 6241
 c 6149
 d 6027
 e 6157
 f 6183
 g 6195
 h 6420
 i 6137
 j 6103
 k 6197
 l 6123
 m 5988
 n 6221
 o 6165
 p 6254
 q 6253
 r 6132
 s 6205
 t 6141
 u 6137
 v 6037
 w 6086
 x 6136
 y 6251
 z 6095

Total characters:  160000
DATA, 10000, 100, elf32, 2.962000
 a 5967
 b 6241
 c 6149
 d 6027
 e 6157
 f 6183
 g 6195
 h 6420
 i 6137
 j 6103
 k 6197
 l 6123
 m 5988
 n 6221
 o 6165
 p 6254
 q 6253
 r 6132
 s 6205
 t 6141
 u 6137
 v 6037
 w 6086
 x 6136
 y 6251
 z 6095

Total characters:  160000
DATA, 10000, 100, elf25, 3.372000
 a 5967
 b 6241
 c 6149
 d 6027
 e 6157
 f 6183
 g 6195
 h 6420
 i 6137
 j 6103
 k 6197
 l 6123
 m 5988
 n 6221
 o 6165
 p 6254
 q 6253
 r 6132
 s 6205
 t 6141
 u 6137
 v 6037
 w 6086
 x 6136
 y 6251
 z 6095

Total characters:  160000
DATA, 10000, 100, elf35, 3.180000
 a 5967
 b 6241
 c 6149
 d 6027
 e 6157
 f 6183
 g 6195
 h 6420
 i 6137
 j 6103
 k 6197
 l 6123
 m 5988
 n 6221
 o 6165
 p 6254
 q 6253
 r 6132
 s 6205
 t 6141
 u 6137
 v 6037
 w 6086
 x 6136
 y 6251
 z 6095

Total characters:  160000
DATA, 10000, 100, elf27, 3.384000
 a 5967
 b 6241
 c 6149
 d 6027
 e 6157
 f 6183
 g 6195
 h 6420
 i 6137
 j 6103
 k 6197
 l 6123
 m 5988
 n 6221
 o 6165
 p 6254
 q 6253
 r 6132
 s 6205
 t 6141
 u 6137
 v 6037
 w 6086
 x 6136
 y 6251
 z 6095

Total characters:  160000
DATA, 10000, 100, elf09, 3.288000
 a 5967
 b 6241
 c 6149
 d 6027
 e 6157
 f 6183
 g 6195
 h 6420
 i 6137
 j 6103
 k 6197
 l 6123
 m 5988
 n 6221
 o 6165
 p 6254
 q 6253
 r 6132
 s 6205
 t 6141
 u 6137
 v 6037
 w 6086
 x 6136
 y 6251
 z 6095

Total characters:  160000
DATA, 10000, 100, elf20, 3.346000
 a 5967
 b 6241
 c 6149
 d 6027
 e 6157
 f 6183
 g 6195
 h 6420
 i 6137
 j 6103
 k 6197
 l 6123
 m 5988
 n 6221
 o 6165
 p 6254
 q 6253
 r 6132
 s 6205
 t 6141
 u 6137
 v 6037
 w 6086
 x 6136
 y 6251
 z 6095

Total characters:  160000
DATA, 10000, 100, elf32, 3.543000
 a 5967
 b 6241
 c 6149
 d 6027
 e 6157
 f 6183
 g 6195
 h 6420
 i 6137
 j 6103
 k 6197
 l 6123
 m 5988
 n 6221
 o 6165
 p 6254
 q 6253
 r 6132
 s 6205
 t 6141
 u 6137
 v 6037
 w 6086
 x 6136
 y 6251
 z 6095

Total characters:  160000
DATA, 10000, 100, elf32, 3.361000
 a 5967
 b 6241
 c 6149
 d 6027
 e 6157
 f 6183
 g 6195
 h 6420
 i 6137
 j 6103
 k 6197
 l 6123
 m 5988
 n 6221
 o 6165
 p 6254
 q 6253
 r 6132
 s 6205
 t 6141
 u 6137
 v 6037
 w 6086
 x 6136
 y 6251
 z 6095

Total characters:  160000
DATA, 10000, 100, elf32, 3.387000
 a 5967
 b 6241
 c 6149
 d 6027
 e 6157
 f 6183
 g 6195
 h 6420
 i 6137
 j 6103
 k 6197
 l 6123
 m 5988
 n 6221
 o 6165
 p 6254
 q 6253
 r 6132
 s 6205
 t 6141
 u 6137
 v 6037
 w 6086
 x 6136
 y 6251
 z 6095

Total characters:  160000
DATA, 10000, 100, elf32, 3.386000
 a 5967
 b 6241
 c 6149
 d 6027
 e 6157
 f 6183
 g 6195
 h 6420
 i 6137
 j 6103
 k 6197
 l 6123
 m 5988
 n 6221
 o 6165
 p 6254
 q 6253
 r 6132
 s 6205
 t 6141
 u 6137
 v 6037
 w 6086
 x 6136
 y 6251
 z 6095

Total characters:  160000
DATA, 10000, 100, elf32, 3.386000
 a 5967
 b 6241
 c 6149
 d 6027
 e 6157
 f 6183
 g 6195
 h 6420
 i 6137
 j 6103
 k 6197
 l 6123
 m 5988
 n 6221
 o 6165
 p 6254
 q 6253
 r 6132
 s 6205
 t 6141
 u 6137
 v 6037
 w 6086
 x 6136
 y 6251
 z 6095

Total characters:  160000
DATA, 10000, 100, elf32, 3.375000
 a 5967
 b 6241
 c 6149
 d 6027
 e 6157
 f 6183
 g 6195
 h 6420
 i 6137
 j 6103
 k 6197
 l 6123
 m 5988
 n 6221
 o 6165
 p 6254
 q 6253
 r 6132
 s 6205
 t 6141
 u 6137
 v 6037
 w 6086
 x 6136
 y 6251
 z 6095

Total characters:  160000
DATA, 10000, 100, elf32, 3.380000
 a 5967
 b 6241
 c 6149
 d 6027
 e 6157
 f 6183
 g 6195
 h 6420
 i 6137
 j 6103
 k 6197
 l 6123
 m 5988
 n 6221
 o 6165
 p 6254
 q 6253
 r 6132
 s 6205
 t 6141
 u 6137
 v 6037
 w 6086
 x 6136
 y 6251
 z 6095

Total characters:  160000
DATA, 10000, 100, elf32, 3.333000
 a 5967
 b 6241
 c 6149
 d 6027
 e 6157
 f 6183
 g 6195
 h 6420
 i 6137
 j 6103
 k 6197
 l 6123
 m 5988
 n 6221
 o 6165
 p 6254
 q 6253
 r 6132
 s 6205
 t 6141
 u 6137
 v 6037
 w 6086
 x 6136
 y 6251
 z 6095

Total characters:  160000
DATA, 10000, 100, elf32, 3.315000
 a 5967
 b 6241
 c 6149
 d 6027
 e 6157
 f 6183
 g 6195
 h 6420
 i 6137
 j 6103
 k 6197
 l 6123
 m 5988
 n 6221
 o 6165
 p 6254
 q 6253
 r 6132
 s 6205
 t 6141
 u 6137
 v 6037
 w 6086
 x 6136
 y 6251
 z 6095

Total characters:  160000
DATA, 10000, 100, elf32, 3.391000
 a 5967
 b 6241
 c 6149
 d 6027
 e 6157
 f 6183
 g 6195
 h 6420
 i 6137
 j 6103
 k 6197
 l 6123
 m 5988
 n 6221
 o 6165
 p 6254
 q 6253
 r 6132
 s 6205
 t 6141
 u 6137
 v 6037
 w 6086
 x 6136
 y 6251
 z 6095

Total characters:  160000
DATA, 10000, 100, elf32, 3.352000
 a 5967
 b 6241
 c 6149
 d 6027
 e 6157
 f 6183
 g 6195
 h 6420
 i 6137
 j 6103
 k 6197
 l 6123
 m 5988
 n 6221
 o 6165
 p 6254
 q 6253
 r 6132
 s 6205
 t 6141
 u 6137
 v 6037
 w 6086
 x 6136
 y 6251
 z 6095

Total characters:  160000
DATA, 10000, 100, elf32, 3.595000
 a 5967
 b 6241
 c 6149
 d 6027
 e 6157
 f 6183
 g 6195
 h 6420
 i 6137
 j 6103
 k 6197
 l 6123
 m 5988
 n 6221
 o 6165
 p 6254
 q 6253
 r 6132
 s 6205
 t 6141
 u 6137
 v 6037
 w 6086
 x 6136
 y 6251
 z 6095

Total characters:  160000
DATA, 10000, 100, elf32, 3.368000
 a 5967
 b 6241
 c 6149
 d 6027
 e 6157
 f 6183
 g 6195
 h 6420
 i 6137
 j 6103
 k 6197
 l 6123
 m 5988
 n 6221
 o 6165
 p 6254
 q 6253
 r 6132
 s 6205
 t 6141
 u 6137
 v 6037
 w 6086
 x 6136
 y 6251
 z 6095

Total characters:  160000
DATA, 10000, 100, elf32, 3.529000
 a 5967
 b 6241
 c 6149
 d 6027
 e 6157
 f 6183
 g 6195
 h 6420
 i 6137
 j 6103
 k 6197
 l 6123
 m 5988
 n 6221
 o 6165
 p 6254
 q 6253
 r 6132
 s 6205
 t 6141
 u 6137
 v 6037
 w 6086
 x 6136
 y 6251
 z 6095

Total characters:  160000
DATA, 10000, 100, elf32, 3.205000
 a 5967
 b 6241
 c 6149
 d 6027
 e 6157
 f 6183
 g 6195
 h 6420
 i 6137
 j 6103
 k 6197
 l 6123
 m 5988
 n 6221
 o 6165
 p 6254
 q 6253
 r 6132
 s 6205
 t 6141
 u 6137
 v 6037
 w 6086
 x 6136
 y 6251
 z 6095

Total characters:  160000
DATA, 10000, 100, elf25, 3.377000
 a 5967
 b 6241
 c 6149
 d 6027
 e 6157
 f 6183
 g 6195
 h 6420
 i 6137
 j 6103
 k 6197
 l 6123
 m 5988
 n 6221
 o 6165
 p 6254
 q 6253
 r 6132
 s 6205
 t 6141
 u 6137
 v 6037
 w 6086
 x 6136
 y 6251
 z 6095

Total characters:  160000
DATA, 10000, 100, elf25, 3.385000
 a 5967
 b 6241
 c 6149
 d 6027
 e 6157
 f 6183
 g 6195
 h 6420
 i 6137
 j 6103
 k 6197
 l 6123
 m 5988
 n 6221
 o 6165
 p 6254
 q 6253
 r 6132
 s 6205
 t 6141
 u 6137
 v 6037
 w 6086
 x 6136
 y 6251
 z 6095

Total characters:  160000
DATA, 10000, 100, elf25, 3.401000
 a 5967
 b 6241
 c 6149
 d 6027
 e 6157
 f 6183
 g 6195
 h 6420
 i 6137
 j 6103
 k 6197
 l 6123
 m 5988
 n 6221
 o 6165
 p 6254
 q 6253
 r 6132
 s 6205
 t 6141
 u 6137
 v 6037
 w 6086
 x 6136
 y 6251
 z 6095

Total characters:  160000
DATA, 10000, 100, elf25, 3.364000
 a 5967
 b 6241
 c 6149
 d 6027
 e 6157
 f 6183
 g 6195
 h 6420
 i 6137
 j 6103
 k 6197
 l 6123
 m 5988
 n 6221
 o 6165
 p 6254
 q 6253
 r 6132
 s 6205
 t 6141
 u 6137
 v 6037
 w 6086
 x 6136
 y 6251
 z 6095

Total characters:  160000
DATA, 10000, 100, elf25, 3.368000
 a 5967
 b 6241
 c 6149
 d 6027
 e 6157
 f 6183
 g 6195
 h 6420
 i 6137
 j 6103
 k 6197
 l 6123
 m 5988
 n 6221
 o 6165
 p 6254
 q 6253
 r 6132
 s 6205
 t 6141
 u 6137
 v 6037
 w 6086
 x 6136
 y 6251
 z 6095

Total characters:  160000
DATA, 10000, 100, elf25, 3.355000
 a 5967
 b 6241
 c 6149
 d 6027
 e 6157
 f 6183
 g 6195
 h 6420
 i 6137
 j 6103
 k 6197
 l 6123
 m 5988
 n 6221
 o 6165
 p 6254
 q 6253
 r 6132
 s 6205
 t 6141
 u 6137
 v 6037
 w 6086
 x 6136
 y 6251
 z 6095

Total characters:  160000
DATA, 10000, 100, elf25, 3.314000
 a 5967
 b 6241
 c 6149
 d 6027
 e 6157
 f 6183
 g 6195
 h 6420
 i 6137
 j 6103
 k 6197
 l 6123
 m 5988
 n 6221
 o 6165
 p 6254
 q 6253
 r 6132
 s 6205
 t 6141
 u 6137
 v 6037
 w 6086
 x 6136
 y 6251
 z 6095

Total characters:  160000
DATA, 10000, 100, elf25, 3.376000
 a 5967
 b 6241
 c 6149
 d 6027
 e 6157
 f 6183
 g 6195
 h 6420
 i 6137
 j 6103
 k 6197
 l 6123
 m 5988
 n 6221
 o 6165
 p 6254
 q 6253
 r 6132
 s 6205
 t 6141
 u 6137
 v 6037
 w 6086
 x 6136
 y 6251
 z 6095

Total characters:  160000
DATA, 10000, 100, elf25, 3.372000
 a 5967
 b 6241
 c 6149
 d 6027
 e 6157
 f 6183
 g 6195
 h 6420
 i 6137
 j 6103
 k 6197
 l 6123
 m 5988
 n 6221
 o 6165
 p 6254
 q 6253
 r 6132
 s 6205
 t 6141
 u 6137
 v 6037
 w 6086
 x 6136
 y 6251
 z 6095

Total characters:  160000
DATA, 10000, 100, elf25, 3.517000
 a 5967
 b 6241
 c 6149
 d 6027
 e 6157
 f 6183
 g 6195
 h 6420
 i 6137
 j 6103
 k 6197
 l 6123
 m 5988
 n 6221
 o 6165
 p 6254
 q 6253
 r 6132
 s 6205
 t 6141
 u 6137
 v 6037
 w 6086
 x 6136
 y 6251
 z 6095

Total characters:  160000
DATA, 10000, 100, elf25, 3.334000
 a 5967
 b 6241
 c 6149
 d 6027
 e 6157
 f 6183
 g 6195
 h 6420
 i 6137
 j 6103
 k 6197
 l 6123
 m 5988
 n 6221
 o 6165
 p 6254
 q 6253
 r 6132
 s 6205
 t 6141
 u 6137
 v 6037
 w 6086
 x 6136
 y 6251
 z 6095

Total characters:  160000
DATA, 10000, 100, elf25, 3.145000
 a 5967
 b 6241
 c 6149
 d 6027
 e 6157
 f 6183
 g 6195
 h 6420
 i 6137
 j 6103
 k 6197
 l 6123
 m 5988
 n 6221
 o 6165
 p 6254
 q 6253
 r 6132
 s 6205
 t 6141
 u 6137
 v 6037
 w 6086
 x 6136
 y 6251
 z 6095

Total characters:  160000
DATA, 10000, 100, elf25, 3.322000
 a 5967
 b 6241
 c 6149
 d 6027
 e 6157
 f 6183
 g 6195
 h 6420
 i 6137
 j 6103
 k 6197
 l 6123
 m 5988
 n 6221
 o 6165
 p 6254
 q 6253
 r 6132
 s 6205
 t 6141
 u 6137
 v 6037
 w 6086
 x 6136
 y 6251
 z 6095

Total characters:  160000
DATA, 10000, 100, elf25, 3.217000
 a 5967
 b 6241
 c 6149
 d 6027
 e 6157
 f 6183
 g 6195
 h 6420
 i 6137
 j 6103
 k 6197
 l 6123
 m 5988
 n 6221
 o 6165
 p 6254
 q 6253
 r 6132
 s 6205
 t 6141
 u 6137
 v 6037
 w 6086
 x 6136
 y 6251
 z 6095

Total characters:  160000
DATA, 10000, 100, elf25, 3.247000
 a 5967
 b 6241
 c 6149
 d 6027
 e 6157
 f 6183
 g 6195
 h 6420
 i 6137
 j 6103
 k 6197
 l 6123
 m 5988
 n 6221
 o 6165
 p 6254
 q 6253
 r 6132
 s 6205
 t 6141
 u 6137
 v 6037
 w 6086
 x 6136
 y 6251
 z 6095

Total characters:  160000
DATA, 10000, 100, elf35, 3.384000
 a 5967
 b 6241
 c 6149
 d 6027
 e 6157
 f 6183
 g 6195
 h 6420
 i 6137
 j 6103
 k 6197
 l 6123
 m 5988
 n 6221
 o 6165
 p 6254
 q 6253
 r 6132
 s 6205
 t 6141
 u 6137
 v 6037
 w 6086
 x 6136
 y 6251
 z 6095

Total characters:  160000
DATA, 10000, 100, elf35, 3.182000
 a 5967
 b 6241
 c 6149
 d 6027
 e 6157
 f 6183
 g 6195
 h 6420
 i 6137
 j 6103
 k 6197
 l 6123
 m 5988
 n 6221
 o 6165
 p 6254
 q 6253
 r 6132
 s 6205
 t 6141
 u 6137
 v 6037
 w 6086
 x 6136
 y 6251
 z 6095

Total characters:  160000
DATA, 10000, 100, elf35, 3.379000
 a 5967
 b 6241
 c 6149
 d 6027
 e 6157
 f 6183
 g 6195
 h 6420
 i 6137
 j 6103
 k 6197
 l 6123
 m 5988
 n 6221
 o 6165
 p 6254
 q 6253
 r 6132
 s 6205
 t 6141
 u 6137
 v 6037
 w 6086
 x 6136
 y 6251
 z 6095

Total characters:  160000
DATA, 10000, 100, elf35, 3.388000
 a 5967
 b 6241
 c 6149
 d 6027
 e 6157
 f 6183
 g 6195
 h 6420
 i 6137
 j 6103
 k 6197
 l 6123
 m 5988
 n 6221
 o 6165
 p 6254
 q 6253
 r 6132
 s 6205
 t 6141
 u 6137
 v 6037
 w 6086
 x 6136
 y 6251
 z 6095

Total characters:  160000
DATA, 10000, 100, elf35, 3.394000
 a 5967
 b 6241
 c 6149
 d 6027
 e 6157
 f 6183
 g 6195
 h 6420
 i 6137
 j 6103
 k 6197
 l 6123
 m 5988
 n 6221
 o 6165
 p 6254
 q 6253
 r 6132
 s 6205
 t 6141
 u 6137
 v 6037
 w 6086
 x 6136
 y 6251
 z 6095

Total characters:  160000
DATA, 10000, 100, elf35, 3.367000
 a 5967
 b 6241
 c 6149
 d 6027
 e 6157
 f 6183
 g 6195
 h 6420
 i 6137
 j 6103
 k 6197
 l 6123
 m 5988
 n 6221
 o 6165
 p 6254
 q 6253
 r 6132
 s 6205
 t 6141
 u 6137
 v 6037
 w 6086
 x 6136
 y 6251
 z 6095

Total characters:  160000
DATA, 10000, 100, elf35, 3.113000
 a 5967
 b 6241
 c 6149
 d 6027
 e 6157
 f 6183
 g 6195
 h 6420
 i 6137
 j 6103
 k 6197
 l 6123
 m 5988
 n 6221
 o 6165
 p 6254
 q 6253
 r 6132
 s 6205
 t 6141
 u 6137
 v 6037
 w 6086
 x 6136
 y 6251
 z 6095

Total characters:  160000
DATA, 10000, 100, elf35, 3.186000
 a 5967
 b 6241
 c 6149
 d 6027
 e 6157
 f 6183
 g 6195
 h 6420
 i 6137
 j 6103
 k 6197
 l 6123
 m 5988
 n 6221
 o 6165
 p 6254
 q 6253
 r 6132
 s 6205
 t 6141
 u 6137
 v 6037
 w 6086
 x 6136
 y 6251
 z 6095

Total characters:  160000
DATA, 10000, 100, elf35, 3.160000
 a 5967
 b 6241
 c 6149
 d 6027
 e 6157
 f 6183
 g 6195
 h 6420
 i 6137
 j 6103
 k 6197
 l 6123
 m 5988
 n 6221
 o 6165
 p 6254
 q 6253
 r 6132
 s 6205
 t 6141
 u 6137
 v 6037
 w 6086
 x 6136
 y 6251
 z 6095

Total characters:  160000
DATA, 10000, 100, elf35, 3.149000
 a 5967
 b 6241
 c 6149
 d 6027
 e 6157
 f 6183
 g 6195
 h 6420
 i 6137
 j 6103
 k 6197
 l 6123
 m 5988
 n 6221
 o 6165
 p 6254
 q 6253
 r 6132
 s 6205
 t 6141
 u 6137
 v 6037
 w 6086
 x 6136
 y 6251
 z 6095

Total characters:  160000
DATA, 10000, 100, elf35, 3.053000
 a 5967
 b 6241
 c 6149
 d 6027
 e 6157
 f 6183
 g 6195
 h 6420
 i 6137
 j 6103
 k 6197
 l 6123
 m 5988
 n 6221
 o 6165
 p 6254
 q 6253
 r 6132
 s 6205
 t 6141
 u 6137
 v 6037
 w 6086
 x 6136
 y 6251
 z 6095

Total characters:  160000
DATA, 10000, 100, elf35, 3.208000
 a 5967
 b 6241
 c 6149
 d 6027
 e 6157
 f 6183
 g 6195
 h 6420
 i 6137
 j 6103
 k 6197
 l 6123
 m 5988
 n 6221
 o 6165
 p 6254
 q 6253
 r 6132
 s 6205
 t 6141
 u 6137
 v 6037
 w 6086
 x 6136
 y 6251
 z 6095

Total characters:  160000
DATA, 10000, 100, elf35, 3.203000
 a 5967
 b 6241
 c 6149
 d 6027
 e 6157
 f 6183
 g 6195
 h 6420
 i 6137
 j 6103
 k 6197
 l 6123
 m 5988
 n 6221
 o 6165
 p 6254
 q 6253
 r 6132
 s 6205
 t 6141
 u 6137
 v 6037
 w 6086
 x 6136
 y 6251
 z 6095

Total characters:  160000
DATA, 10000, 100, elf35, 3.330000
 a 5967
 b 6241
 c 6149
 d 6027
 e 6157
 f 6183
 g 6195
 h 6420
 i 6137
 j 6103
 k 6197
 l 6123
 m 5988
 n 6221
 o 6165
 p 6254
 q 6253
 r 6132
 s 6205
 t 6141
 u 6137
 v 6037
 w 6086
 x 6136
 y 6251
 z 6095

Total characters:  160000
DATA, 10000, 100, elf35, 3.172000
 a 5967
 b 6241
 c 6149
 d 6027
 e 6157
 f 6183
 g 6195
 h 6420
 i 6137
 j 6103
 k 6197
 l 6123
 m 5988
 n 6221
 o 6165
 p 6254
 q 6253
 r 6132
 s 6205
 t 6141
 u 6137
 v 6037
 w 6086
 x 6136
 y 6251
 z 6095

Total characters:  160000
DATA, 10000, 100, elf27, 3.366000
 a 5967
 b 6241
 c 6149
 d 6027
 e 6157
 f 6183
 g 6195
 h 6420
 i 6137
 j 6103
 k 6197
 l 6123
 m 5988
 n 6221
 o 6165
 p 6254
 q 6253
 r 6132
 s 6205
 t 6141
 u 6137
 v 6037
 w 6086
 x 6136
 y 6251
 z 6095

Total characters:  160000
DATA, 10000, 100, elf27, 3.319000
 a 5967
 b 6241
 c 6149
 d 6027
 e 6157
 f 6183
 g 6195
 h 6420
 i 6137
 j 6103
 k 6197
 l 6123
 m 5988
 n 6221
 o 6165
 p 6254
 q 6253
 r 6132
 s 6205
 t 6141
 u 6137
 v 6037
 w 6086
 x 6136
 y 6251
 z 6095

Total characters:  160000
DATA, 10000, 100, elf27, 3.249000
 a 5967
 b 6241
 c 6149
 d 6027
 e 6157
 f 6183
 g 6195
 h 6420
 i 6137
 j 6103
 k 6197
 l 6123
 m 5988
 n 6221
 o 6165
 p 6254
 q 6253
 r 6132
 s 6205
 t 6141
 u 6137
 v 6037
 w 6086
 x 6136
 y 6251
 z 6095

Total characters:  160000
DATA, 10000, 100, elf27, 3.208000
 a 5967
 b 6241
 c 6149
 d 6027
 e 6157
 f 6183
 g 6195
 h 6420
 i 6137
 j 6103
 k 6197
 l 6123
 m 5988
 n 6221
 o 6165
 p 6254
 q 6253
 r 6132
 s 6205
 t 6141
 u 6137
 v 6037
 w 6086
 x 6136
 y 6251
 z 6095

Total characters:  160000
DATA, 10000, 100, elf27, 3.234000
 a 5967
 b 6241
 c 6149
 d 6027
 e 6157
 f 6183
 g 6195
 h 6420
 i 6137
 j 6103
 k 6197
 l 6123
 m 5988
 n 6221
 o 6165
 p 6254
 q 6253
 r 6132
 s 6205
 t 6141
 u 6137
 v 6037
 w 6086
 x 6136
 y 6251
 z 6095

Total characters:  160000
DATA, 10000, 100, elf27, 3.391000
 a 5967
 b 6241
 c 6149
 d 6027
 e 6157
 f 6183
 g 6195
 h 6420
 i 6137
 j 6103
 k 6197
 l 6123
 m 5988
 n 6221
 o 6165
 p 6254
 q 6253
 r 6132
 s 6205
 t 6141
 u 6137
 v 6037
 w 6086
 x 6136
 y 6251
 z 6095

Total characters:  160000
DATA, 10000, 100, elf27, 3.359000
 a 5967
 b 6241
 c 6149
 d 6027
 e 6157
 f 6183
 g 6195
 h 6420
 i 6137
 j 6103
 k 6197
 l 6123
 m 5988
 n 6221
 o 6165
 p 6254
 q 6253
 r 6132
 s 6205
 t 6141
 u 6137
 v 6037
 w 6086
 x 6136
 y 6251
 z 6095

Total characters:  160000
DATA, 10000, 100, elf27, 3.208000
 a 5967
 b 6241
 c 6149
 d 6027
 e 6157
 f 6183
 g 6195
 h 6420
 i 6137
 j 6103
 k 6197
 l 6123
 m 5988
 n 6221
 o 6165
 p 6254
 q 6253
 r 6132
 s 6205
 t 6141
 u 6137
 v 6037
 w 6086
 x 6136
 y 6251
 z 6095

Total characters:  160000
DATA, 10000, 100, elf27, 3.163000
 a 5967
 b 6241
 c 6149
 d 6027
 e 6157
 f 6183
 g 6195
 h 6420
 i 6137
 j 6103
 k 6197
 l 6123
 m 5988
 n 6221
 o 6165
 p 6254
 q 6253
 r 6132
 s 6205
 t 6141
 u 6137
 v 6037
 w 6086
 x 6136
 y 6251
 z 6095

Total characters:  160000
DATA, 10000, 100, elf27, 3.354000
 a 5967
 b 6241
 c 6149
 d 6027
 e 6157
 f 6183
 g 6195
 h 6420
 i 6137
 j 6103
 k 6197
 l 6123
 m 5988
 n 6221
 o 6165
 p 6254
 q 6253
 r 6132
 s 6205
 t 6141
 u 6137
 v 6037
 w 6086
 x 6136
 y 6251
 z 6095

Total characters:  160000
DATA, 10000, 100, elf27, 3.387000
 a 5967
 b 6241
 c 6149
 d 6027
 e 6157
 f 6183
 g 6195
 h 6420
 i 6137
 j 6103
 k 6197
 l 6123
 m 5988
 n 6221
 o 6165
 p 6254
 q 6253
 r 6132
 s 6205
 t 6141
 u 6137
 v 6037
 w 6086
 x 6136
 y 6251
 z 6095

Total characters:  160000
DATA, 10000, 100, elf27, 3.396000
 a 5967
 b 6241
 c 6149
 d 6027
 e 6157
 f 6183
 g 6195
 h 6420
 i 6137
 j 6103
 k 6197
 l 6123
 m 5988
 n 6221
 o 6165
 p 6254
 q 6253
 r 6132
 s 6205
 t 6141
 u 6137
 v 6037
 w 6086
 x 6136
 y 6251
 z 6095

Total characters:  160000
DATA, 10000, 100, elf27, 3.138000
 a 5967
 b 6241
 c 6149
 d 6027
 e 6157
 f 6183
 g 6195
 h 6420
 i 6137
 j 6103
 k 6197
 l 6123
 m 5988
 n 6221
 o 6165
 p 6254
 q 6253
 r 6132
 s 6205
 t 6141
 u 6137
 v 6037
 w 6086
 x 6136
 y 6251
 z 6095

Total characters:  160000
DATA, 10000, 100, elf27, 3.448000
 a 5967
 b 6241
 c 6149
 d 6027
 e 6157
 f 6183
 g 6195
 h 6420
 i 6137
 j 6103
 k 6197
 l 6123
 m 5988
 n 6221
 o 6165
 p 6254
 q 6253
 r 6132
 s 6205
 t 6141
 u 6137
 v 6037
 w 6086
 x 6136
 y 6251
 z 6095

Total characters:  160000
DATA, 10000, 100, elf27, 3.365000
 a 5967
 b 6241
 c 6149
 d 6027
 e 6157
 f 6183
 g 6195
 h 6420
 i 6137
 j 6103
 k 6197
 l 6123
 m 5988
 n 6221
 o 6165
 p 6254
 q 6253
 r 6132
 s 6205
 t 6141
 u 6137
 v 6037
 w 6086
 x 6136
 y 6251
 z 6095

Total characters:  160000
DATA, 10000, 100, elf09, 3.327000
 a 5967
 b 6241
 c 6149
 d 6027
 e 6157
 f 6183
 g 6195
 h 6420
 i 6137
 j 6103
 k 6197
 l 6123
 m 5988
 n 6221
 o 6165
 p 6254
 q 6253
 r 6132
 s 6205
 t 6141
 u 6137
 v 6037
 w 6086
 x 6136
 y 6251
 z 6095

Total characters:  160000
DATA, 10000, 100, elf09, 3.344000
 a 5967
 b 6241
 c 6149
 d 6027
 e 6157
 f 6183
 g 6195
 h 6420
 i 6137
 j 6103
 k 6197
 l 6123
 m 5988
 n 6221
 o 6165
 p 6254
 q 6253
 r 6132
 s 6205
 t 6141
 u 6137
 v 6037
 w 6086
 x 6136
 y 6251
 z 6095

Total characters:  160000
DATA, 10000, 100, elf20, 3.432000
 a 5967
 b 6241
 c 6149
 d 6027
 e 6157
 f 6183
 g 6195
 h 6420
 i 6137
 j 6103
 k 6197
 l 6123
 m 5988
 n 6221
 o 6165
 p 6254
 q 6253
 r 6132
 s 6205
 t 6141
 u 6137
 v 6037
 w 6086
 x 6136
 y 6251
 z 6095

Total characters:  160000
DATA, 10000, 100, elf09, 3.316000
 a 5967
 b 6241
 c 6149
 d 6027
 e 6157
 f 6183
 g 6195
 h 6420
 i 6137
 j 6103
 k 6197
 l 6123
 m 5988
 n 6221
 o 6165
 p 6254
 q 6253
 r 6132
 s 6205
 t 6141
 u 6137
 v 6037
 w 6086
 x 6136
 y 6251
 z 6095

Total characters:  160000
DATA, 10000, 100, elf20, 3.371000
 a 5967
 b 6241
 c 6149
 d 6027
 e 6157
 f 6183
 g 6195
 h 6420
 i 6137
 j 6103
 k 6197
 l 6123
 m 5988
 n 6221
 o 6165
 p 6254
 q 6253
 r 6132
 s 6205
 t 6141
 u 6137
 v 6037
 w 6086
 x 6136
 y 6251
 z 6095

Total characters:  160000
DATA, 10000, 100, elf09, 3.881000
 a 5967
 b 6241
 c 6149
 d 6027
 e 6157
 f 6183
 g 6195
 h 6420
 i 6137
 j 6103
 k 6197
 l 6123
 m 5988
 n 6221
 o 6165
 p 6254
 q 6253
 r 6132
 s 6205
 t 6141
 u 6137
 v 6037
 w 6086
 x 6136
 y 6251
 z 6095

Total characters:  160000
DATA, 10000, 100, elf20, 3.172000
 a 5967
 b 6241
 c 6149
 d 6027
 e 6157
 f 6183
 g 6195
 h 6420
 i 6137
 j 6103
 k 6197
 l 6123
 m 5988
 n 6221
 o 6165
 p 6254
 q 6253
 r 6132
 s 6205
 t 6141
 u 6137
 v 6037
 w 6086
 x 6136
 y 6251
 z 6095

Total characters:  160000
DATA, 10000, 100, elf09, 3.323000
 a 5967
 b 6241
 c 6149
 d 6027
 e 6157
 f 6183
 g 6195
 h 6420
 i 6137
 j 6103
 k 6197
 l 6123
 m 5988
 n 6221
 o 6165
 p 6254
 q 6253
 r 6132
 s 6205
 t 6141
 u 6137
 v 6037
 w 6086
 x 6136
 y 6251
 z 6095

Total characters:  160000
DATA, 10000, 100, elf20, 3.394000
 a 5967
 b 6241
 c 6149
 d 6027
 e 6157
 f 6183
 g 6195
 h 6420
 i 6137
 j 6103
 k 6197
 l 6123
 m 5988
 n 6221
 o 6165
 p 6254
 q 6253
 r 6132
 s 6205
 t 6141
 u 6137
 v 6037
 w 6086
 x 6136
 y 6251
 z 6095

Total characters:  160000
DATA, 10000, 100, elf09, 3.025000
 a 5967
 b 6241
 c 6149
 d 6027
 e 6157
 f 6183
 g 6195
 h 6420
 i 6137
 j 6103
 k 6197
 l 6123
 m 5988
 n 6221
 o 6165
 p 6254
 q 6253
 r 6132
 s 6205
 t 6141
 u 6137
 v 6037
 w 6086
 x 6136
 y 6251
 z 6095

Total characters:  160000
DATA, 10000, 100, elf09, 3.194000
 a 5967
 b 6241
 c 6149
 d 6027
 e 6157
 f 6183
 g 6195
 h 6420
 i 6137
 j 6103
 k 6197
 l 6123
 m 5988
 n 6221
 o 6165
 p 6254
 q 6253
 r 6132
 s 6205
 t 6141
 u 6137
 v 6037
 w 6086
 x 6136
 y 6251
 z 6095

Total characters:  160000
DATA, 10000, 100, elf09, 3.125000
 a 5967
 b 6241
 c 6149
 d 6027
 e 6157
 f 6183
 g 6195
 h 6420
 i 6137
 j 6103
 k 6197
 l 6123
 m 5988
 n 6221
 o 6165
 p 6254
 q 6253
 r 6132
 s 6205
 t 6141
 u 6137
 v 6037
 w 6086
 x 6136
 y 6251
 z 6095

Total characters:  160000
DATA, 10000, 100, elf20, 3.367000
 a 5967
 b 6241
 c 6149
 d 6027
 e 6157
 f 6183
 g 6195
 h 6420
 i 6137
 j 6103
 k 6197
 l 6123
 m 5988
 n 6221
 o 6165
 p 6254
 q 6253
 r 6132
 s 6205
 t 6141
 u 6137
 v 6037
 w 6086
 x 6136
 y 6251
 z 6095

Total characters:  160000
DATA, 10000, 100, elf20, 3.277000
 a 5967
 b 6241
 c 6149
 d 6027
 e 6157
 f 6183
 g 6195
 h 6420
 i 6137
 j 6103
 k 6197
 l 6123
 m 5988
 n 6221
 o 6165
 p 6254
 q 6253
 r 6132
 s 6205
 t 6141
 u 6137
 v 6037
 w 6086
 x 6136
 y 6251
 z 6095

Total characters:  160000
DATA, 10000, 100, elf20, 3.326000
 a 5967
 b 6241
 c 6149
 d 6027
 e 6157
 f 6183
 g 6195
 h 6420
 i 6137
 j 6103
 k 6197
 l 6123
 m 5988
 n 6221
 o 6165
 p 6254
 q 6253
 r 6132
 s 6205
 t 6141
 u 6137
 v 6037
 w 6086
 x 6136
 y 6251
 z 6095

Total characters:  160000
DATA, 10000, 100, elf20, 3.403000
 a 5967
 b 6241
 c 6149
 d 6027
 e 6157
 f 6183
 g 6195
 h 6420
 i 6137
 j 6103
 k 6197
 l 6123
 m 5988
 n 6221
 o 6165
 p 6254
 q 6253
 r 6132
 s 6205
 t 6141
 u 6137
 v 6037
 w 6086
 x 6136
 y 6251
 z 6095

Total characters:  160000
DATA, 10000, 100, elf20, 3.392000
 a 5967
 b 6241
 c 6149
 d 6027
 e 6157
 f 6183
 g 6195
 h 6420
 i 6137
 j 6103
 k 6197
 l 6123
 m 5988
 n 6221
 o 6165
 p 6254
 q 6253
 r 6132
 s 6205
 t 6141
 u 6137
 v 6037
 w 6086
 x 6136
 y 6251
 z 6095

Total characters:  160000
DATA, 10000, 100, elf20, 3.363000
 a 5967
 b 6241
 c 6149
 d 6027
 e 6157
 f 6183
 g 6195
 h 6420
 i 6137
 j 6103
 k 6197
 l 6123
 m 5988
 n 6221
 o 6165
 p 6254
 q 6253
 r 6132
 s 6205
 t 6141
 u 6137
 v 6037
 w 6086
 x 6136
 y 6251
 z 6095

Total characters:  160000
DATA, 10000, 100, elf20, 3.384000
 a 5967
 b 6241
 c 6149
 d 6027
 e 6157
 f 6183
 g 6195
 h 6420
 i 6137
 j 6103
 k 6197
 l 6123
 m 5988
 n 6221
 o 6165
 p 6254
 q 6253
 r 6132
 s 6205
 t 6141
 u 6137
 v 6037
 w 6086
 x 6136
 y 6251
 z 6095

Total characters:  160000
DATA, 10000, 100, elf20, 3.335000
 a 5967
 b 6241
 c 6149
 d 6027
 e 6157
 f 6183
 g 6195
 h 6420
 i 6137
 j 6103
 k 6197
 l 6123
 m 5988
 n 6221
 o 6165
 p 6254
 q 6253
 r 6132
 s 6205
 t 6141
 u 6137
 v 6037
 w 6086
 x 6136
 y 6251
 z 6095

Total characters:  160000
DATA, 10000, 100, elf20, 3.319000
 a 5967
 b 6241
 c 6149
 d 6027
 e 6157
 f 6183
 g 6195
 h 6420
 i 6137
 j 6103
 k 6197
 l 6123
 m 5988
 n 6221
 o 6165
 p 6254
 q 6253
 r 6132
 s 6205
 t 6141
 u 6137
 v 6037
 w 6086
 x 6136
 y 6251
 z 6095

Total characters:  160000
DATA, 10000, 100, elf20, 3.363000
 a 5967
 b 6241
 c 6149
 d 6027
 e 6157
 f 6183
 g 6195
 h 6420
 i 6137
 j 6103
 k 6197
 l 6123
 m 5988
 n 6221
 o 6165
 p 6254
 q 6253
 r 6132
 s 6205
 t 6141
 u 6137
 v 6037
 w 6086
 x 6136
 y 6251
 z 6095

Total characters:  160000
DATA, 10000, 100, elf09, 3.398000
 a 5967
 b 6241
 c 6149
 d 6027
 e 6157
 f 6183
 g 6195
 h 6420
 i 6137
 j 6103
 k 6197
 l 6123
 m 5988
 n 6221
 o 6165
 p 6254
 q 6253
 r 6132
 s 6205
 t 6141
 u 6137
 v 6037
 w 6086
 x 6136
 y 6251
 z 6095

Total characters:  160000
DATA, 10000, 100, elf20, 3.356000
 a 5967
 b 6241
 c 6149
 d 6027
 e 6157
 f 6183
 g 6195
 h 6420
 i 6137
 j 6103
 k 6197
 l 6123
 m 5988
 n 6221
 o 6165
 p 6254
 q 6253
 r 6132
 s 6205
 t 6141
 u 6137
 v 6037
 w 6086
 x 6136
 y 6251
 z 6095

Total characters:  160000
DATA, 10000, 100, elf09, 3.446000
 a 5967
 b 6241
 c 6149
 d 6027
 e 6157
 f 6183
 g 6195
 h 6420
 i 6137
 j 6103
 k 6197
 l 6123
 m 5988
 n 6221
 o 6165
 p 6254
 q 6253
 r 6132
 s 6205
 t 6141
 u 6137
 v 6037
 w 6086
 x 6136
 y 6251
 z 6095

Total characters:  160000
DATA, 10000, 100, elf09, 3.373000
 a 5967
 b 6241
 c 6149
 d 6027
 e 6157
 f 6183
 g 6195
 h 6420
 i 6137
 j 6103
 k 6197
 l 6123
 m 5988
 n 6221
 o 6165
 p 6254
 q 6253
 r 6132
 s 6205
 t 6141
 u 6137
 v 6037
 w 6086
 x 6136
 y 6251
 z 6095

Total characters:  160000
DATA, 10000, 100, elf09, 3.621000
 a 5967
 b 6241
 c 6149
 d 6027
 e 6157
 f 6183
 g 6195
 h 6420
 i 6137
 j 6103
 k 6197
 l 6123
 m 5988
 n 6221
 o 6165
 p 6254
 q 6253
 r 6132
 s 6205
 t 6141
 u 6137
 v 6037
 w 6086
 x 6136
 y 6251
 z 6095

Total characters:  160000
DATA, 10000, 100, elf09, 3.456000
 a 5967
 b 6241
 c 6149
 d 6027
 e 6157
 f 6183
 g 6195
 h 6420
 i 6137
 j 6103
 k 6197
 l 6123
 m 5988
 n 6221
 o 6165
 p 6254
 q 6253
 r 6132
 s 6205
 t 6141
 u 6137
 v 6037
 w 6086
 x 6136
 y 6251
 z 6095

Total characters:  160000
DATA, 10000, 100, elf09, 3.422000
 a 5967
 b 6241
 c 6149
 d 6027
 e 6157
 f 6183
 g 6195
 h 6420
 i 6137
 j 6103
 k 6197
 l 6123
 m 5988
 n 6221
 o 6165
 p 6254
 q 6253
 r 6132
 s 6205
 t 6141
 u 6137
 v 6037
 w 6086
 x 6136
 y 6251
 z 6095

Total characters:  160000
DATA, 10000, 100, elf09, 3.358000
