 a 601
 b 629
 c 662
 d 640
 e 604
 f 568
 g 608
 h 647
 i 641
 j 611
 k 571
 l 642
 m 638
 n 653
 o 624
 p 619
 q 635
 r 576
 s 586
 t 589
 u 610
 v 605
 w 627
 x 598
 y 608
 z 608

Total characters:  16000
DATA, 1000, 100, elf36, 0.075000
 a 601
 b 629
 c 662
 d 640
 e 604
 f 568
 g 608
 h 647
 i 641
 j 611
 k 571
 l 642
 m 638
 n 653
 o 624
 p 619
 q 635
 r 576
 s 586
 t 589
 u 610
 v 605
 w 627
 x 598
 y 608
 z 608

Total characters:  16000
DATA, 1000, 100, elf36, 0.067000
 a 601
 b 629
 c 662
 d 640
 e 604
 f 568
 g 608
 h 647
 i 641
 j 611
 k 571
 l 642
 m 638
 n 653
 o 624
 p 619
 q 635
 r 576
 s 586
 t 589
 u 610
 v 605
 w 627
 x 598
 y 608
 z 608

Total characters:  16000
DATA, 1000, 100, elf36, 0.064000
 a 601
 b 629
 c 662
 d 640
 e 604
 f 568
 g 608
 h 647
 i 641
 j 611
 k 571
 l 642
 m 638
 n 653
 o 624
 p 619
 q 635
 r 576
 s 586
 t 589
 u 610
 v 605
 w 627
 x 598
 y 608
 z 608

Total characters:  16000
DATA, 1000, 100, elf36, 0.061000
 a 601
 b 629
 c 662
 d 640
 e 604
 f 568
 g 608
 h 647
 i 641
 j 611
 k 571
 l 642
 m 638
 n 653
 o 624
 p 619
 q 635
 r 576
 s 586
 t 589
 u 610
 v 605
 w 627
 x 598
 y 608
 z 608

Total characters:  16000
DATA, 1000, 100, elf35, 0.101000
 a 601
 b 629
 c 662
 d 640
 e 604
 f 568
 g 608
 h 647
 i 641
 j 611
 k 571
 l 642
 m 638
 n 653
 o 624
 p 619
 q 635
 r 576
 s 586
 t 589
 u 610
 v 605
 w 627
 x 598
 y 608
 z 608

Total characters:  16000
DATA, 1000, 100, elf20, 0.080000
 a 601
 b 629
 c 662
 d 640
 e 604
 f 568
 g 608
 h 647
 i 641
 j 611
 k 571
 l 642
 m 638
 n 653
 o 624
 p 619
 q 635
 r 576
 s 586
 t 589
 u 610
 v 605
 w 627
 x 598
 y 608
 z 608

Total characters:  16000
DATA, 1000, 100, elf25, 0.072000
 a 601
 b 629
 c 662
 d 640
 e 604
 f 568
 g 608
 h 647
 i 641
 j 611
 k 571
 l 642
 m 638
 n 653
 o 624
 p 619
 q 635
 r 576
 s 586
 t 589
 u 610
 v 605
 w 627
 x 598
 y 608
 z 608

Total characters:  16000
DATA, 1000, 100, elf09, 0.090000
 a 601
 b 629
 c 662
 d 640
 e 604
 f 568
 g 608
 h 647
 i 641
 j 611
 k 571
 l 642
 m 638
 n 653
 o 624
 p 619
 q 635
 r 576
 s 586
 t 589
 u 610
 v 605
 w 627
 x 598
 y 608
 z 608

Total characters:  16000
DATA, 1000, 100, elf32, 0.067000
 a 601
 b 629
 c 662
 d 640
 e 604
 f 568
 g 608
 h 647
 i 641
 j 611
 k 571
 l 642
 m 638
 n 653
 o 624
 p 619
 q 635
 r 576
 s 586
 t 589
 u 610
 v 605
 w 627
 x 598
 y 608
 z 608

Total characters:  16000
DATA, 1000, 100, elf27, 0.089000
 a 601
 b 629
 c 662
 d 640
 e 604
 f 568
 g 608
 h 647
 i 641
 j 611
 k 571
 l 642
 m 638
 n 653
 o 624
 p 619
 q 635
 r 576
 s 586
 t 589
 u 610
 v 605
 w 627
 x 598
 y 608
 z 608

Total characters:  16000
DATA, 1000, 100, elf35, 0.132000
 a 601
 b 629
 c 662
 d 640
 e 604
 f 568
 g 608
 h 647
 i 641
 j 611
 k 571
 l 642
 m 638
 n 653
 o 624
 p 619
 q 635
 r 576
 s 586
 t 589
 u 610
 v 605
 w 627
 x 598
 y 608
 z 608

Total characters:  16000
DATA, 1000, 100, elf35, 0.064000
 a 601
 b 629
 c 662
 d 640
 e 604
 f 568
 g 608
 h 647
 i 641
 j 611
 k 571
 l 642
 m 638
 n 653
 o 624
 p 619
 q 635
 r 576
 s 586
 t 589
 u 610
 v 605
 w 627
 x 598
 y 608
 z 608

Total characters:  16000
DATA, 1000, 100, elf35, 0.065000
 a 601
 b 629
 c 662
 d 640
 e 604
 f 568
 g 608
 h 647
 i 641
 j 611
 k 571
 l 642
 m 638
 n 653
 o 624
 p 619
 q 635
 r 576
 s 586
 t 589
 u 610
 v 605
 w 627
 x 598
 y 608
 z 608

Total characters:  16000
DATA, 1000, 100, elf35, 0.074000
 a 601
 b 629
 c 662
 d 640
 e 604
 f 568
 g 608
 h 647
 i 641
 j 611
 k 571
 l 642
 m 638
 n 653
 o 624
 p 619
 q 635
 r 576
 s 586
 t 589
 u 610
 v 605
 w 627
 x 598
 y 608
 z 608

Total characters:  16000
DATA, 1000, 100, elf35, 0.062000
 a 601
 b 629
 c 662
 d 640
 e 604
 f 568
 g 608
 h 647
 i 641
 j 611
 k 571
 l 642
 m 638
 n 653
 o 624
 p 619
 q 635
 r 576
 s 586
 t 589
 u 610
 v 605
 w 627
 x 598
 y 608
 z 608

Total characters:  16000
DATA, 1000, 100, elf35, 0.070000
 a 601
 b 629
 c 662
 d 640
 e 604
 f 568
 g 608
 h 647
 i 641
 j 611
 k 571
 l 642
 m 638
 n 653
 o 624
 p 619
 q 635
 r 576
 s 586
 t 589
 u 610
 v 605
 w 627
 x 598
 y 608
 z 608

Total characters:  16000
DATA, 1000, 100, elf35, 0.077000
 a 601
 b 629
 c 662
 d 640
 e 604
 f 568
 g 608
 h 647
 i 641
 j 611
 k 571
 l 642
 m 638
 n 653
 o 624
 p 619
 q 635
 r 576
 s 586
 t 589
 u 610
 v 605
 w 627
 x 598
 y 608
 z 608

Total characters:  16000
DATA, 1000, 100, elf35, 0.069000
 a 601
 b 629
 c 662
 d 640
 e 604
 f 568
 g 608
 h 647
 i 641
 j 611
 k 571
 l 642
 m 638
 n 653
 o 624
 p 619
 q 635
 r 576
 s 586
 t 589
 u 610
 v 605
 w 627
 x 598
 y 608
 z 608

Total characters:  16000
DATA, 1000, 100, elf35, 0.069000
 a 601
 b 629
 c 662
 d 640
 e 604
 f 568
 g 608
 h 647
 i 641
 j 611
 k 571
 l 642
 m 638
 n 653
 o 624
 p 619
 q 635
 r 576
 s 586
 t 589
 u 610
 v 605
 w 627
 x 598
 y 608
 z 608

Total characters:  16000
DATA, 1000, 100, elf35, 0.059000
 a 601
 b 629
 c 662
 d 640
 e 604
 f 568
 g 608
 h 647
 i 641
 j 611
 k 571
 l 642
 m 638
 n 653
 o 624
 p 619
 q 635
 r 576
 s 586
 t 589
 u 610
 v 605
 w 627
 x 598
 y 608
 z 608

Total characters:  16000
DATA, 1000, 100, elf35, 0.068000
 a 601
 b 629
 c 662
 d 640
 e 604
 f 568
 g 608
 h 647
 i 641
 j 611
 k 571
 l 642
 m 638
 n 653
 o 624
 p 619
 q 635
 r 576
 s 586
 t 589
 u 610
 v 605
 w 627
 x 598
 y 608
 z 608

Total characters:  16000
DATA, 1000, 100, elf35, 0.067000
 a 601
 b 629
 c 662
 d 640
 e 604
 f 568
 g 608
 h 647
 i 641
 j 611
 k 571
 l 642
 m 638
 n 653
 o 624
 p 619
 q 635
 r 576
 s 586
 t 589
 u 610
 v 605
 w 627
 x 598
 y 608
 z 608

Total characters:  16000
DATA, 1000, 100, elf35, 0.097000
 a 601
 b 629
 c 662
 d 640
 e 604
 f 568
 g 608
 h 647
 i 641
 j 611
 k 571
 l 642
 m 638
 n 653
 o 624
 p 619
 q 635
 r 576
 s 586
 t 589
 u 610
 v 605
 w 627
 x 598
 y 608
 z 608

Total characters:  16000
DATA, 1000, 100, elf35, 0.057000
 a 601
 b 629
 c 662
 d 640
 e 604
 f 568
 g 608
 h 647
 i 641
 j 611
 k 571
 l 642
 m 638
 n 653
 o 624
 p 619
 q 635
 r 576
 s 586
 t 589
 u 610
 v 605
 w 627
 x 598
 y 608
 z 608

Total characters:  16000
DATA, 1000, 100, elf35, 0.065000
 a 601
 b 629
 c 662
 d 640
 e 604
 f 568
 g 608
 h 647
 i 641
 j 611
 k 571
 l 642
 m 638
 n 653
 o 624
 p 619
 q 635
 r 576
 s 586
 t 589
 u 610
 v 605
 w 627
 x 598
 y 608
 z 608

Total characters:  16000
DATA, 1000, 100, elf20, 0.100000
 a 601
 b 629
 c 662
 d 640
 e 604
 f 568
 g 608
 h 647
 i 641
 j 611
 k 571
 l 642
 m 638
 n 653
 o 624
 p 619
 q 635
 r 576
 s 586
 t 589
 u 610
 v 605
 w 627
 x 598
 y 608
 z 608

Total characters:  16000
DATA, 1000, 100, elf20, 0.066000
 a 601
 b 629
 c 662
 d 640
 e 604
 f 568
 g 608
 h 647
 i 641
 j 611
 k 571
 l 642
 m 638
 n 653
 o 624
 p 619
 q 635
 r 576
 s 586
 t 589
 u 610
 v 605
 w 627
 x 598
 y 608
 z 608

Total characters:  16000
DATA, 1000, 100, elf20, 0.098000
 a 601
 b 629
 c 662
 d 640
 e 604
 f 568
 g 608
 h 647
 i 641
 j 611
 k 571
 l 642
 m 638
 n 653
 o 624
 p 619
 q 635
 r 576
 s 586
 t 589
 u 610
 v 605
 w 627
 x 598
 y 608
 z 608

Total characters:  16000
DATA, 1000, 100, elf25, 0.085000
 a 601
 b 629
 c 662
 d 640
 e 604
 f 568
 g 608
 h 647
 i 641
 j 611
 k 571
 l 642
 m 638
 n 653
 o 624
 p 619
 q 635
 r 576
 s 586
 t 589
 u 610
 v 605
 w 627
 x 598
 y 608
 z 608

Total characters:  16000
DATA, 1000, 100, elf20, 0.072000
 a 601
 b 629
 c 662
 d 640
 e 604
 f 568
 g 608
 h 647
 i 641
 j 611
 k 571
 l 642
 m 638
 n 653
 o 624
 p 619
 q 635
 r 576
 s 586
 t 589
 u 610
 v 605
 w 627
 x 598
 y 608
 z 608

Total characters:  16000
DATA, 1000, 100, elf25, 0.065000
 a 601
 b 629
 c 662
 d 640
 e 604
 f 568
 g 608
 h 647
 i 641
 j 611
 k 571
 l 642
 m 638
 n 653
 o 624
 p 619
 q 635
 r 576
 s 586
 t 589
 u 610
 v 605
 w 627
 x 598
 y 608
 z 608

Total characters:  16000
DATA, 1000, 100, elf20, 0.065000
 a 601
 b 629
 c 662
 d 640
 e 604
 f 568
 g 608
 h 647
 i 641
 j 611
 k 571
 l 642
 m 638
 n 653
 o 624
 p 619
 q 635
 r 576
 s 586
 t 589
 u 610
 v 605
 w 627
 x 598
 y 608
 z 608

Total characters:  16000
DATA, 1000, 100, elf25, 0.062000
 a 601
 b 629
 c 662
 d 640
 e 604
 f 568
 g 608
 h 647
 i 641
 j 611
 k 571
 l 642
 m 638
 n 653
 o 624
 p 619
 q 635
 r 576
 s 586
 t 589
 u 610
 v 605
 w 627
 x 598
 y 608
 z 608

Total characters:  16000
DATA, 1000, 100, elf20, 0.078000
 a 601
 b 629
 c 662
 d 640
 e 604
 f 568
 g 608
 h 647
 i 641
 j 611
 k 571
 l 642
 m 638
 n 653
 o 624
 p 619
 q 635
 r 576
 s 586
 t 589
 u 610
 v 605
 w 627
 x 598
 y 608
 z 608

Total characters:  16000
DATA, 1000, 100, elf25, 0.082000
 a 601
 b 629
 c 662
 d 640
 e 604
 f 568
 g 608
 h 647
 i 641
 j 611
 k 571
 l 642
 m 638
 n 653
 o 624
 p 619
 q 635
 r 576
 s 586
 t 589
 u 610
 v 605
 w 627
 x 598
 y 608
 z 608

Total characters:  16000
DATA, 1000, 100, elf20, 0.064000
 a 601
 b 629
 c 662
 d 640
 e 604
 f 568
 g 608
 h 647
 i 641
 j 611
 k 571
 l 642
 m 638
 n 653
 o 624
 p 619
 q 635
 r 576
 s 586
 t 589
 u 610
 v 605
 w 627
 x 598
 y 608
 z 608

Total characters:  16000
DATA, 1000, 100, elf25, 0.070000
 a 601
 b 629
 c 662
 d 640
 e 604
 f 568
 g 608
 h 647
 i 641
 j 611
 k 571
 l 642
 m 638
 n 653
 o 624
 p 619
 q 635
 r 576
 s 586
 t 589
 u 610
 v 605
 w 627
 x 598
 y 608
 z 608

Total characters:  16000
DATA, 1000, 100, elf20, 0.065000
 a 601
 b 629
 c 662
 d 640
 e 604
 f 568
 g 608
 h 647
 i 641
 j 611
 k 571
 l 642
 m 638
 n 653
 o 624
 p 619
 q 635
 r 576
 s 586
 t 589
 u 610
 v 605
 w 627
 x 598
 y 608
 z 608

Total characters:  16000
DATA, 1000, 100, elf25, 0.077000
 a 601
 b 629
 c 662
 d 640
 e 604
 f 568
 g 608
 h 647
 i 641
 j 611
 k 571
 l 642
 m 638
 n 653
 o 624
 p 619
 q 635
 r 576
 s 586
 t 589
 u 610
 v 605
 w 627
 x 598
 y 608
 z 608

Total characters:  16000
DATA, 1000, 100, elf20, 0.069000
 a 601
 b 629
 c 662
 d 640
 e 604
 f 568
 g 608
 h 647
 i 641
 j 611
 k 571
 l 642
 m 638
 n 653
 o 624
 p 619
 q 635
 r 576
 s 586
 t 589
 u 610
 v 605
 w 627
 x 598
 y 608
 z 608

Total characters:  16000
DATA, 1000, 100, elf25, 0.066000
 a 601
 b 629
 c 662
 d 640
 e 604
 f 568
 g 608
 h 647
 i 641
 j 611
 k 571
 l 642
 m 638
 n 653
 o 624
 p 619
 q 635
 r 576
 s 586
 t 589
 u 610
 v 605
 w 627
 x 598
 y 608
 z 608

Total characters:  16000
DATA, 1000, 100, elf20, 0.053000
 a 601
 b 629
 c 662
 d 640
 e 604
 f 568
 g 608
 h 647
 i 641
 j 611
 k 571
 l 642
 m 638
 n 653
 o 624
 p 619
 q 635
 r 576
 s 586
 t 589
 u 610
 v 605
 w 627
 x 598
 y 608
 z 608

Total characters:  16000
DATA, 1000, 100, elf25, 0.097000
 a 601
 b 629
 c 662
 d 640
 e 604
 f 568
 g 608
 h 647
 i 641
 j 611
 k 571
 l 642
 m 638
 n 653
 o 624
 p 619
 q 635
 r 576
 s 586
 t 589
 u 610
 v 605
 w 627
 x 598
 y 608
 z 608

Total characters:  16000
DATA, 1000, 100, elf20, 0.108000
 a 601
 b 629
 c 662
 d 640
 e 604
 f 568
 g 608
 h 647
 i 641
 j 611
 k 571
 l 642
 m 638
 n 653
 o 624
 p 619
 q 635
 r 576
 s 586
 t 589
 u 610
 v 605
 w 627
 x 598
 y 608
 z 608

Total characters:  16000
DATA, 1000, 100, elf25, 0.089000
 a 601
 b 629
 c 662
 d 640
 e 604
 f 568
 g 608
 h 647
 i 641
 j 611
 k 571
 l 642
 m 638
 n 653
 o 624
 p 619
 q 635
 r 576
 s 586
 t 589
 u 610
 v 605
 w 627
 x 598
 y 608
 z 608

Total characters:  16000
DATA, 1000, 100, elf20, 0.067000
 a 601
 b 629
 c 662
 d 640
 e 604
 f 568
 g 608
 h 647
 i 641
 j 611
 k 571
 l 642
 m 638
 n 653
 o 624
 p 619
 q 635
 r 576
 s 586
 t 589
 u 610
 v 605
 w 627
 x 598
 y 608
 z 608

Total characters:  16000
DATA, 1000, 100, elf25, 0.064000
 a 601
 b 629
 c 662
 d 640
 e 604
 f 568
 g 608
 h 647
 i 641
 j 611
 k 571
 l 642
 m 638
 n 653
 o 624
 p 619
 q 635
 r 576
 s 586
 t 589
 u 610
 v 605
 w 627
 x 598
 y 608
 z 608

Total characters:  16000
DATA, 1000, 100, elf25, 0.068000
 a 601
 b 629
 c 662
 d 640
 e 604
 f 568
 g 608
 h 647
 i 641
 j 611
 k 571
 l 642
 m 638
 n 653
 o 624
 p 619
 q 635
 r 576
 s 586
 t 589
 u 610
 v 605
 w 627
 x 598
 y 608
 z 608

Total characters:  16000
DATA, 1000, 100, elf25, 0.062000
 a 601
 b 629
 c 662
 d 640
 e 604
 f 568
 g 608
 h 647
 i 641
 j 611
 k 571
 l 642
 m 638
 n 653
 o 624
 p 619
 q 635
 r 576
 s 586
 t 589
 u 610
 v 605
 w 627
 x 598
 y 608
 z 608

Total characters:  16000
DATA, 1000, 100, elf25, 0.060000
 a 601
 b 629
 c 662
 d 640
 e 604
 f 568
 g 608
 h 647
 i 641
 j 611
 k 571
 l 642
 m 638
 n 653
 o 624
 p 619
 q 635
 r 576
 s 586
 t 589
 u 610
 v 605
 w 627
 x 598
 y 608
 z 608

Total characters:  16000
DATA, 1000, 100, elf20, 0.064000
 a 601
 b 629
 c 662
 d 640
 e 604
 f 568
 g 608
 h 647
 i 641
 j 611
 k 571
 l 642
 m 638
 n 653
 o 624
 p 619
 q 635
 r 576
 s 586
 t 589
 u 610
 v 605
 w 627
 x 598
 y 608
 z 608

Total characters:  16000
DATA, 1000, 100, elf09, 0.068000
 a 601
 b 629
 c 662
 d 640
 e 604
 f 568
 g 608
 h 647
 i 641
 j 611
 k 571
 l 642
 m 638
 n 653
 o 624
 p 619
 q 635
 r 576
 s 586
 t 589
 u 610
 v 605
 w 627
 x 598
 y 608
 z 608

Total characters:  16000
DATA, 1000, 100, elf09, 0.188000
 a 601
 b 629
 c 662
 d 640
 e 604
 f 568
 g 608
 h 647
 i 641
 j 611
 k 571
 l 642
 m 638
 n 653
 o 624
 p 619
 q 635
 r 576
 s 586
 t 589
 u 610
 v 605
 w 627
 x 598
 y 608
 z 608

Total characters:  16000
DATA, 1000, 100, elf09, 0.087000
 a 601
 b 629
 c 662
 d 640
 e 604
 f 568
 g 608
 h 647
 i 641
 j 611
 k 571
 l 642
 m 638
 n 653
 o 624
 p 619
 q 635
 r 576
 s 586
 t 589
 u 610
 v 605
 w 627
 x 598
 y 608
 z 608

Total characters:  16000
DATA, 1000, 100, elf09, 0.077000
 a 601
 b 629
 c 662
 d 640
 e 604
 f 568
 g 608
 h 647
 i 641
 j 611
 k 571
 l 642
 m 638
 n 653
 o 624
 p 619
 q 635
 r 576
 s 586
 t 589
 u 610
 v 605
 w 627
 x 598
 y 608
 z 608

Total characters:  16000
DATA, 1000, 100, elf09, 0.188000
 a 601
 b 629
 c 662
 d 640
 e 604
 f 568
 g 608
 h 647
 i 641
 j 611
 k 571
 l 642
 m 638
 n 653
 o 624
 p 619
 q 635
 r 576
 s 586
 t 589
 u 610
 v 605
 w 627
 x 598
 y 608
 z 608

Total characters:  16000
DATA, 1000, 100, elf09, 0.062000
 a 601
 b 629
 c 662
 d 640
 e 604
 f 568
 g 608
 h 647
 i 641
 j 611
 k 571
 l 642
 m 638
 n 653
 o 624
 p 619
 q 635
 r 576
 s 586
 t 589
 u 610
 v 605
 w 627
 x 598
 y 608
 z 608

Total characters:  16000
DATA, 1000, 100, elf09, 0.095000
 a 601
 b 629
 c 662
 d 640
 e 604
 f 568
 g 608
 h 647
 i 641
 j 611
 k 571
 l 642
 m 638
 n 653
 o 624
 p 619
 q 635
 r 576
 s 586
 t 589
 u 610
 v 605
 w 627
 x 598
 y 608
 z 608

Total characters:  16000
DATA, 1000, 100, elf09, 0.076000
 a 601
 b 629
 c 662
 d 640
 e 604
 f 568
 g 608
 h 647
 i 641
 j 611
 k 571
 l 642
 m 638
 n 653
 o 624
 p 619
 q 635
 r 576
 s 586
 t 589
 u 610
 v 605
 w 627
 x 598
 y 608
 z 608

Total characters:  16000
DATA, 1000, 100, elf09, 0.070000
 a 601
 b 629
 c 662
 d 640
 e 604
 f 568
 g 608
 h 647
 i 641
 j 611
 k 571
 l 642
 m 638
 n 653
 o 624
 p 619
 q 635
 r 576
 s 586
 t 589
 u 610
 v 605
 w 627
 x 598
 y 608
 z 608

Total characters:  16000
DATA, 1000, 100, elf09, 0.080000
 a 601
 b 629
 c 662
 d 640
 e 604
 f 568
 g 608
 h 647
 i 641
 j 611
 k 571
 l 642
 m 638
 n 653
 o 624
 p 619
 q 635
 r 576
 s 586
 t 589
 u 610
 v 605
 w 627
 x 598
 y 608
 z 608

Total characters:  16000
DATA, 1000, 100, elf09, 0.064000
 a 601
 b 629
 c 662
 d 640
 e 604
 f 568
 g 608
 h 647
 i 641
 j 611
 k 571
 l 642
 m 638
 n 653
 o 624
 p 619
 q 635
 r 576
 s 586
 t 589
 u 610
 v 605
 w 627
 x 598
 y 608
 z 608

Total characters:  16000
DATA, 1000, 100, elf09, 0.064000
 a 601
 b 629
 c 662
 d 640
 e 604
 f 568
 g 608
 h 647
 i 641
 j 611
 k 571
 l 642
 m 638
 n 653
 o 624
 p 619
 q 635
 r 576
 s 586
 t 589
 u 610
 v 605
 w 627
 x 598
 y 608
 z 608

Total characters:  16000
DATA, 1000, 100, elf20, 0.090000
 a 601
 b 629
 c 662
 d 640
 e 604
 f 568
 g 608
 h 647
 i 641
 j 611
 k 571
 l 642
 m 638
 n 653
 o 624
 p 619
 q 635
 r 576
 s 586
 t 589
 u 610
 v 605
 w 627
 x 598
 y 608
 z 608

Total characters:  16000
DATA, 1000, 100, elf20, 0.061000
 a 601
 b 629
 c 662
 d 640
 e 604
 f 568
 g 608
 h 647
 i 641
 j 611
 k 571
 l 642
 m 638
 n 653
 o 624
 p 619
 q 635
 r 576
 s 586
 t 589
 u 610
 v 605
 w 627
 x 598
 y 608
 z 608

Total characters:  16000
DATA, 1000, 100, elf25, 0.171000
 a 601
 b 629
 c 662
 d 640
 e 604
 f 568
 g 608
 h 647
 i 641
 j 611
 k 571
 l 642
 m 638
 n 653
 o 624
 p 619
 q 635
 r 576
 s 586
 t 589
 u 610
 v 605
 w 627
 x 598
 y 608
 z 608

Total characters:  16000
DATA, 1000, 100, elf25, 0.060000
 a 601
 b 629
 c 662
 d 640
 e 604
 f 568
 g 608
 h 647
 i 641
 j 611
 k 571
 l 642
 m 638
 n 653
 o 624
 p 619
 q 635
 r 576
 s 586
 t 589
 u 610
 v 605
 w 627
 x 598
 y 608
 z 608

Total characters:  16000
DATA, 1000, 100, elf09, 0.062000
 a 601
 b 629
 c 662
 d 640
 e 604
 f 568
 g 608
 h 647
 i 641
 j 611
 k 571
 l 642
 m 638
 n 653
 o 624
 p 619
 q 635
 r 576
 s 586
 t 589
 u 610
 v 605
 w 627
 x 598
 y 608
 z 608

Total characters:  16000
DATA, 1000, 100, elf09, 0.068000
 a 601
 b 629
 c 662
 d 640
 e 604
 f 568
 g 608
 h 647
 i 641
 j 611
 k 571
 l 642
 m 638
 n 653
 o 624
 p 619
 q 635
 r 576
 s 586
 t 589
 u 610
 v 605
 w 627
 x 598
 y 608
 z 608

Total characters:  16000
DATA, 1000, 100, elf09, 0.064000
 a 601
 b 629
 c 662
 d 640
 e 604
 f 568
 g 608
 h 647
 i 641
 j 611
 k 571
 l 642
 m 638
 n 653
 o 624
 p 619
 q 635
 r 576
 s 586
 t 589
 u 610
 v 605
 w 627
 x 598
 y 608
 z 608

Total characters:  16000
DATA, 1000, 100, elf32, 0.072000
 a 601
 b 629
 c 662
 d 640
 e 604
 f 568
 g 608
 h 647
 i 641
 j 611
 k 571
 l 642
 m 638
 n 653
 o 624
 p 619
 q 635
 r 576
 s 586
 t 589
 u 610
 v 605
 w 627
 x 598
 y 608
 z 608

Total characters:  16000
DATA, 1000, 100, elf32, 0.069000
 a 601
 b 629
 c 662
 d 640
 e 604
 f 568
 g 608
 h 647
 i 641
 j 611
 k 571
 l 642
 m 638
 n 653
 o 624
 p 619
 q 635
 r 576
 s 586
 t 589
 u 610
 v 605
 w 627
 x 598
 y 608
 z 608

Total characters:  16000
DATA, 1000, 100, elf32, 0.085000
 a 601
 b 629
 c 662
 d 640
 e 604
 f 568
 g 608
 h 647
 i 641
 j 611
 k 571
 l 642
 m 638
 n 653
 o 624
 p 619
 q 635
 r 576
 s 586
 t 589
 u 610
 v 605
 w 627
 x 598
 y 608
 z 608

Total characters:  16000
DATA, 1000, 100, elf32, 0.084000
 a 601
 b 629
 c 662
 d 640
 e 604
 f 568
 g 608
 h 647
 i 641
 j 611
 k 571
 l 642
 m 638
 n 653
 o 624
 p 619
 q 635
 r 576
 s 586
 t 589
 u 610
 v 605
 w 627
 x 598
 y 608
 z 608

Total characters:  16000
DATA, 1000, 100, elf32, 0.090000
 a 601
 b 629
 c 662
 d 640
 e 604
 f 568
 g 608
 h 647
 i 641
 j 611
 k 571
 l 642
 m 638
 n 653
 o 624
 p 619
 q 635
 r 576
 s 586
 t 589
 u 610
 v 605
 w 627
 x 598
 y 608
 z 608

Total characters:  16000
DATA, 1000, 100, elf32, 0.067000
 a 601
 b 629
 c 662
 d 640
 e 604
 f 568
 g 608
 h 647
 i 641
 j 611
 k 571
 l 642
 m 638
 n 653
 o 624
 p 619
 q 635
 r 576
 s 586
 t 589
 u 610
 v 605
 w 627
 x 598
 y 608
 z 608

Total characters:  16000
DATA, 1000, 100, elf32, 0.080000
 a 601
 b 629
 c 662
 d 640
 e 604
 f 568
 g 608
 h 647
 i 641
 j 611
 k 571
 l 642
 m 638
 n 653
 o 624
 p 619
 q 635
 r 576
 s 586
 t 589
 u 610
 v 605
 w 627
 x 598
 y 608
 z 608

Total characters:  16000
DATA, 1000, 100, elf32, 0.071000
 a 601
 b 629
 c 662
 d 640
 e 604
 f 568
 g 608
 h 647
 i 641
 j 611
 k 571
 l 642
 m 638
 n 653
 o 624
 p 619
 q 635
 r 576
 s 586
 t 589
 u 610
 v 605
 w 627
 x 598
 y 608
 z 608

Total characters:  16000
DATA, 1000, 100, elf32, 0.065000
 a 601
 b 629
 c 662
 d 640
 e 604
 f 568
 g 608
 h 647
 i 641
 j 611
 k 571
 l 642
 m 638
 n 653
 o 624
 p 619
 q 635
 r 576
 s 586
 t 589
 u 610
 v 605
 w 627
 x 598
 y 608
 z 608

Total characters:  16000
DATA, 1000, 100, elf32, 0.075000
 a 601
 b 629
 c 662
 d 640
 e 604
 f 568
 g 608
 h 647
 i 641
 j 611
 k 571
 l 642
 m 638
 n 653
 o 624
 p 619
 q 635
 r 576
 s 586
 t 589
 u 610
 v 605
 w 627
 x 598
 y 608
 z 608

Total characters:  16000
DATA, 1000, 100, elf32, 0.059000
 a 601
 b 629
 c 662
 d 640
 e 604
 f 568
 g 608
 h 647
 i 641
 j 611
 k 571
 l 642
 m 638
 n 653
 o 624
 p 619
 q 635
 r 576
 s 586
 t 589
 u 610
 v 605
 w 627
 x 598
 y 608
 z 608

Total characters:  16000
DATA, 1000, 100, elf32, 0.062000
 a 601
 b 629
 c 662
 d 640
 e 604
 f 568
 g 608
 h 647
 i 641
 j 611
 k 571
 l 642
 m 638
 n 653
 o 624
 p 619
 q 635
 r 576
 s 586
 t 589
 u 610
 v 605
 w 627
 x 598
 y 608
 z 608

Total characters:  16000
DATA, 1000, 100, elf32, 0.071000
 a 601
 b 629
 c 662
 d 640
 e 604
 f 568
 g 608
 h 647
 i 641
 j 611
 k 571
 l 642
 m 638
 n 653
 o 624
 p 619
 q 635
 r 576
 s 586
 t 589
 u 610
 v 605
 w 627
 x 598
 y 608
 z 608

Total characters:  16000
DATA, 1000, 100, elf32, 0.078000
 a 601
 b 629
 c 662
 d 640
 e 604
 f 568
 g 608
 h 647
 i 641
 j 611
 k 571
 l 642
 m 638
 n 653
 o 624
 p 619
 q 635
 r 576
 s 586
 t 589
 u 610
 v 605
 w 627
 x 598
 y 608
 z 608

Total characters:  16000
DATA, 1000, 100, elf32, 0.090000
 a 601
 b 629
 c 662
 d 640
 e 604
 f 568
 g 608
 h 647
 i 641
 j 611
 k 571
 l 642
 m 638
 n 653
 o 624
 p 619
 q 635
 r 576
 s 586
 t 589
 u 610
 v 605
 w 627
 x 598
 y 608
 z 608

Total characters:  16000
DATA, 1000, 100, elf27, 0.070000
 a 601
 b 629
 c 662
 d 640
 e 604
 f 568
 g 608
 h 647
 i 641
 j 611
 k 571
 l 642
 m 638
 n 653
 o 624
 p 619
 q 635
 r 576
 s 586
 t 589
 u 610
 v 605
 w 627
 x 598
 y 608
 z 608

Total characters:  16000
DATA, 1000, 100, elf27, 0.072000
 a 601
 b 629
 c 662
 d 640
 e 604
 f 568
 g 608
 h 647
 i 641
 j 611
 k 571
 l 642
 m 638
 n 653
 o 624
 p 619
 q 635
 r 576
 s 586
 t 589
 u 610
 v 605
 w 627
 x 598
 y 608
 z 608

Total characters:  16000
DATA, 1000, 100, elf27, 0.072000
 a 601
 b 629
 c 662
 d 640
 e 604
 f 568
 g 608
 h 647
 i 641
 j 611
 k 571
 l 642
 m 638
 n 653
 o 624
 p 619
 q 635
 r 576
 s 586
 t 589
 u 610
 v 605
 w 627
 x 598
 y 608
 z 608

Total characters:  16000
DATA, 1000, 100, elf27, 0.068000
 a 601
 b 629
 c 662
 d 640
 e 604
 f 568
 g 608
 h 647
 i 641
 j 611
 k 571
 l 642
 m 638
 n 653
 o 624
 p 619
 q 635
 r 576
 s 586
 t 589
 u 610
 v 605
 w 627
 x 598
 y 608
 z 608

Total characters:  16000
DATA, 1000, 100, elf27, 0.070000
 a 601
 b 629
 c 662
 d 640
 e 604
 f 568
 g 608
 h 647
 i 641
 j 611
 k 571
 l 642
 m 638
 n 653
 o 624
 p 619
 q 635
 r 576
 s 586
 t 589
 u 610
 v 605
 w 627
 x 598
 y 608
 z 608

Total characters:  16000
DATA, 1000, 100, elf27, 0.071000
 a 601
 b 629
 c 662
 d 640
 e 604
 f 568
 g 608
 h 647
 i 641
 j 611
 k 571
 l 642
 m 638
 n 653
 o 624
 p 619
 q 635
 r 576
 s 586
 t 589
 u 610
 v 605
 w 627
 x 598
 y 608
 z 608

Total characters:  16000
DATA, 1000, 100, elf27, 0.081000
 a 601
 b 629
 c 662
 d 640
 e 604
 f 568
 g 608
 h 647
 i 641
 j 611
 k 571
 l 642
 m 638
 n 653
 o 624
 p 619
 q 635
 r 576
 s 586
 t 589
 u 610
 v 605
 w 627
 x 598
 y 608
 z 608

Total characters:  16000
DATA, 1000, 100, elf27, 0.062000
 a 601
 b 629
 c 662
 d 640
 e 604
 f 568
 g 608
 h 647
 i 641
 j 611
 k 571
 l 642
 m 638
 n 653
 o 624
 p 619
 q 635
 r 576
 s 586
 t 589
 u 610
 v 605
 w 627
 x 598
 y 608
 z 608

Total characters:  16000
DATA, 1000, 100, elf27, 0.073000
 a 601
 b 629
 c 662
 d 640
 e 604
 f 568
 g 608
 h 647
 i 641
 j 611
 k 571
 l 642
 m 638
 n 653
 o 624
 p 619
 q 635
 r 576
 s 586
 t 589
 u 610
 v 605
 w 627
 x 598
 y 608
 z 608

Total characters:  16000
DATA, 1000, 100, elf27, 0.078000
 a 601
 b 629
 c 662
 d 640
 e 604
 f 568
 g 608
 h 647
 i 641
 j 611
 k 571
 l 642
 m 638
 n 653
 o 624
 p 619
 q 635
 r 576
 s 586
 t 589
 u 610
 v 605
 w 627
 x 598
 y 608
 z 608

Total characters:  16000
DATA, 1000, 100, elf27, 0.065000
 a 601
 b 629
 c 662
 d 640
 e 604
 f 568
 g 608
 h 647
 i 641
 j 611
 k 571
 l 642
 m 638
 n 653
 o 624
 p 619
 q 635
 r 576
 s 586
 t 589
 u 610
 v 605
 w 627
 x 598
 y 608
 z 608

Total characters:  16000
DATA, 1000, 100, elf27, 0.067000
 a 601
 b 629
 c 662
 d 640
 e 604
 f 568
 g 608
 h 647
 i 641
 j 611
 k 571
 l 642
 m 638
 n 653
 o 624
 p 619
 q 635
 r 576
 s 586
 t 589
 u 610
 v 605
 w 627
 x 598
 y 608
 z 608

Total characters:  16000
DATA, 1000, 100, elf27, 0.074000
 a 601
 b 629
 c 662
 d 640
 e 604
 f 568
 g 608
 h 647
 i 641
 j 611
 k 571
 l 642
 m 638
 n 653
 o 624
 p 619
 q 635
 r 576
 s 586
 t 589
 u 610
 v 605
 w 627
 x 598
 y 608
 z 608

Total characters:  16000
DATA, 1000, 100, elf27, 0.073000
 a 601
 b 629
 c 662
 d 640
 e 604
 f 568
 g 608
 h 647
 i 641
 j 611
 k 571
 l 642
 m 638
 n 653
 o 624
 p 619
 q 635
 r 576
 s 586
 t 589
 u 610
 v 605
 w 627
 x 598
 y 608
 z 608

Total characters:  16000
DATA, 1000, 100, elf27, 0.085000
 a 4919012
 b 4921795
 c 4926574
 d 4923347
 e 4922587
 f 4921194
 g 4921172
 h 4924136
 i 4922782
 j 4923424
 k 4924965
 l 4921798
 m 4924714
 n 4923356
 o 4924130
 p 4923067
 q 4923414
 r 4923847
 s 4922934
 t 4921513
 u 4921384
 v 4924699
 w 4926437
 x 4924902
 y 4921682
 z 4921135

Total characters:  128000000
 a 4919012
 b 4921795
 c 4926574
 d 4923347
 e 4922587
 f 4921194
 g 4921172
 h 4924136
 i 4922782
 j 4923424
 k 4924965
 l 4921798
 m 4924714
 n 4923356
 o 4924130
 p 4923067
 q 4923414
 r 4923847
 s 4922934
 t 4921513
 u 4921384
 v 4924699
 w 4926437
 x 4924902
 y 4921682
 z 4921135

Total characters:  128000000
 a 4919012
 b 4921795
 c 4926574
 d 4923347
 e 4922587
 f 4921194
 g 4921172
 h 4924136
 i 4922782
 j 4923424
 k 4924965
 l 4921798
 m 4924714
 n 4923356
 o 4924130
 p 4923067
 q 4923414
 r 4923847
 s 4922934
 t 4921513
 u 4921384
 v 4924699
 w 4926437
 x 4924902
 y 4921682
 z 4921135

Total characters:  128000000
 a 4919012
 b 4921795
 c 4926574
 d 4923347
 e 4922587
 f 4921194
 g 4921172
 h 4924136
 i 4922782
 j 4923424
 k 4924965
 l 4921798
 m 4924714
 n 4923356
 o 4924130
 p 4923067
 q 4923414
 r 4923847
 s 4922934
 t 4921513
 u 4921384
 v 4924699
 w 4926437
 x 4924902
 y 4921682
 z 4921135

Total characters:  128000000
srun: error: elf36: tasks 96-99: Exited with exit code 30
 a 4919012
 b 4921795
 c 4926574
 d 4923347
 e 4922587
 f 4921194
 g 4921172
 h 4924136
 i 4922782
 j 4923424
 k 4924965
 l 4921798
 m 4924714
 n 4923356
 o 4924130
 p 4923067
 q 4923414
 r 4923847
 s 4922934
 t 4921513
 u 4921384
 v 4924699
 w 4926437
 x 4924902
 y 4921682
 z 4921135

Total characters:  128000000
 a 4919012
 b 4921795
 c 4926574
 d 4923347
 e 4922587
 f 4921194
 g 4921172
 h 4924136
 i 4922782
 j 4923424
 k 4924965
 l 4921798
 m 4924714
 n 4923356
 o 4924130
 p 4923067
 q 4923414
 r 4923847
 s 4922934
 t 4921513
 u 4921384
 v 4924699
 w 4926437
 x 4924902
 y 4921682
 z 4921135

Total characters:  128000000
 a 4919012
 b 4921795
 c 4926574
 d 4923347
 e 4922587
 f 4921194
 g 4921172
 h 4924136
 i 4922782
 j 4923424
 k 4924965
 l 4921798
 m 4924714
 n 4923356
 o 4924130
 p 4923067
 q 4923414
 r 4923847
 s 4922934
 t 4921513
 u 4921384
 v 4924699
 w 4926437
 x 4924902
 y 4921682
 z 4921135

Total characters:  128000000
 a 4919012
 b 4921795
 c 4926574
 d 4923347
 e 4922587
 f 4921194
 g 4921172
 h 4924136
 i 4922782
 j 4923424
 k 4924965
 l 4921798
 m 4924714
 n 4923356
 o 4924130
 p 4923067
 q 4923414
 r 4923847
 s 4922934
 t 4921513
 u 4921384
 v 4924699
 w 4926437
 x 4924902
 y 4921682
 z 4921135

Total characters:  128000000
 a 4919012
 b 4921795
 c 4926574
 d 4923347
 e 4922587
 f 4921194
 g 4921172
 h 4924136
 i 4922782
 j 4923424
 k 4924965
 l 4921798
 m 4924714
 n 4923356
 o 4924130
 p 4923067
 q 4923414
 r 4923847
 s 4922934
 t 4921513
 u 4921384
 v 4924699
 w 4926437
 x 4924902
 y 4921682
 z 4921135

Total characters:  128000000
 a 4919012
 b 4921795
 c 4926574
 d 4923347
 e 4922587
 f 4921194
 g 4921172
 h 4924136
 i 4922782
 j 4923424
 k 4924965
 l 4921798
 m 4924714
 n 4923356
 o 4924130
 p 4923067
 q 4923414
 r 4923847
 s 4922934
 t 4921513
 u 4921384
 v 4924699
 w 4926437
 x 4924902
 y 4921682
 z 4921135

Total characters:  128000000
 a 4919012
 b 4921795
 c 4926574
 d 4923347
 e 4922587
 f 4921194
 g 4921172
 h 4924136
 i 4922782
 j 4923424
 k 4924965
 l 4921798
 m 4924714
 n 4923356
 o 4924130
 p 4923067
 q 4923414
 r 4923847
 s 4922934
 t 4921513
 u 4921384
 v 4924699
 w 4926437
 x 4924902
 y 4921682
 z 4921135

Total characters:  128000000
 a 4919012
 b 4921795
 c 4926574
 d 4923347
 e 4922587
 f 4921194
 g 4921172
 h 4924136
 i 4922782
 j 4923424
 k 4924965
 l 4921798
 m 4924714
 n 4923356
 o 4924130
 p 4923067
 q 4923414
 r 4923847
 s 4922934
 t 4921513
 u 4921384
 v 4924699
 w 4926437
 x 4924902
 y 4921682
 z 4921135

Total characters:  128000000
 a 4919012
 b 4921795
 c 4926574
 d 4923347
 e 4922587
 f 4921194
 g 4921172
 h 4924136
 i 4922782
 j 4923424
 k 4924965
 l 4921798
 m 4924714
 n 4923356
 o 4924130
 p 4923067
 q 4923414
 r 4923847
 s 4922934
 t 4921513
 u 4921384
 v 4924699
 w 4926437
 x 4924902
 y 4921682
 z 4921135

Total characters:  128000000
 a 4919012
 b 4921795
 c 4926574
 d 4923347
 e 4922587
 f 4921194
 g 4921172
 h 4924136
 i 4922782
 j 4923424
 k 4924965
 l 4921798
 m 4924714
 n 4923356
 o 4924130
 p 4923067
 q 4923414
 r 4923847
 s 4922934
 t 4921513
 u 4921384
 v 4924699
 w 4926437
 x 4924902
 y 4921682
 z 4921135

Total characters:  128000000
 a 4919012
 b 4921795
 c 4926574
 d 4923347
 e 4922587
 f 4921194
 g 4921172
 h 4924136
 i 4922782
 j 4923424
 k 4924965
 l 4921798
 m 4924714
 n 4923356
 o 4924130
 p 4923067
 q 4923414
 r 4923847
 s 4922934
 t 4921513
 u 4921384
 v 4924699
 w 4926437
 x 4924902
 y 4921682
 z 4921135

Total characters:  128000000
 a 4919012
 b 4921795
 c 4926574
 d 4923347
 e 4922587
 f 4921194
 g 4921172
 h 4924136
 i 4922782
 j 4923424
 k 4924965
 l 4921798
 m 4924714
 n 4923356
 o 4924130
 p 4923067
 q 4923414
 r 4923847
 s 4922934
 t 4921513
 u 4921384
 v 4924699
 w 4926437
 x 4924902
 y 4921682
 z 4921135

Total characters:  128000000
 a 4919012
 b 4921795
 c 4926574
 d 4923347
 e 4922587
 f 4921194
 g 4921172
 h 4924136
 i 4922782
 j 4923424
 k 4924965
 l 4921798
 m 4924714
 n 4923356
 o 4924130
 p 4923067
 q 4923414
 r 4923847
 s 4922934
 t 4921513
 u 4921384
 v 4924699
 w 4926437
 x 4924902
 y 4921682
 z 4921135

Total characters:  128000000
 a 4919012
 b 4921795
 c 4926574
 d 4923347
 e 4922587
 f 4921194
 g 4921172
 h 4924136
 i 4922782
 j 4923424
 k 4924965
 l 4921798
 m 4924714
 n 4923356
 o 4924130
 p 4923067
 q 4923414
 r 4923847
 s 4922934
 t 4921513
 u 4921384
 v 4924699
 w 4926437
 x 4924902
 y 4921682
 z 4921135

Total characters:  128000000
 a 4919012
 b 4921795
 c 4926574
 d 4923347
 e 4922587
 f 4921194
 g 4921172
 h 4924136
 i 4922782
 j 4923424
 k 4924965
 l 4921798
 m 4924714
 n 4923356
 o 4924130
 p 4923067
 q 4923414
 r 4923847
 s 4922934
 t 4921513
 u 4921384
 v 4924699
 w 4926437
 x 4924902
 y 4921682
 z 4921135

Total characters:  128000000
 a 4919012
 b 4921795
 c 4926574
 d 4923347
 e 4922587
 f 4921194
 g 4921172
 h 4924136
 i 4922782
 j 4923424
 k 4924965
 l 4921798
 m 4924714
 n 4923356
 o 4924130
 p 4923067
 q 4923414
 r 4923847
 s 4922934
 t 4921513
 u 4921384
 v 4924699
 w 4926437
 x 4924902
 y 4921682
 z 4921135

Total characters:  128000000
 a 4919012
 b 4921795
 c 4926574
 d 4923347
 e 4922587
 f 4921194
 g 4921172
 h 4924136
 i 4922782
 j 4923424
 k 4924965
 l 4921798
 m 4924714
 n 4923356
 o 4924130
 p 4923067
 q 4923414
 r 4923847
 s 4922934
 t 4921513
 u 4921384
 v 4924699
 w 4926437
 x 4924902
 y 4921682
 z 4921135

Total characters:  128000000
 a 4919012
 b 4921795
 c 4926574
 d 4923347
 e 4922587
 f 4921194
 g 4921172
 h 4924136
 i 4922782
 j 4923424
 k 4924965
 l 4921798
 m 4924714
 n 4923356
 o 4924130
 p 4923067
 q 4923414
 r 4923847
 s 4922934
 t 4921513
 u 4921384
 v 4924699
 w 4926437
 x 4924902
 y 4921682
 z 4921135

Total characters:  128000000
 a 4919012
 b 4921795
 c 4926574
 d 4923347
 e 4922587
 f 4921194
 g 4921172
 h 4924136
 i 4922782
 j 4923424
 k 4924965
 l 4921798
 m 4924714
 n 4923356
 o 4924130
 p 4923067
 q 4923414
 r 4923847
 s 4922934
 t 4921513
 u 4921384
 v 4924699
 w 4926437
 x 4924902
 y 4921682
 z 4921135

Total characters:  128000000
 a 4919012
 b 4921795
 c 4926574
 d 4923347
 e 4922587
 f 4921194
 g 4921172
 h 4924136
 i 4922782
 j 4923424
 k 4924965
 l 4921798
 m 4924714
 n 4923356
 o 4924130
 p 4923067
 q 4923414
 r 4923847
 s 4922934
 t 4921513
 u 4921384
 v 4924699
 w 4926437
 x 4924902
 y 4921682
 z 4921135

Total characters:  128000000
 a 4919012
 b 4921795
 c 4926574
 d 4923347
 e 4922587
 f 4921194
 g 4921172
 h 4924136
 i 4922782
 j 4923424
 k 4924965
 l 4921798
 m 4924714
 n 4923356
 o 4924130
 p 4923067
 q 4923414
 r 4923847
 s 4922934
 t 4921513
 u 4921384
 v 4924699
 w 4926437
 x 4924902
 y 4921682
 z 4921135

Total characters:  128000000
 a 4919012
 b 4921795
 c 4926574
 d 4923347
 e 4922587
 f 4921194
 g 4921172
 h 4924136
 i 4922782
 j 4923424
 k 4924965
 l 4921798
 m 4924714
 n 4923356
 o 4924130
 p 4923067
 q 4923414
 r 4923847
 s 4922934
 t 4921513
 u 4921384
 v 4924699
 w 4926437
 x 4924902
 y 4921682
 z 4921135

Total characters:  128000000
 a 4919012
 b 4921795
 c 4926574
 d 4923347
 e 4922587
 f 4921194
 g 4921172
 h 4924136
 i 4922782
 j 4923424
 k 4924965
 l 4921798
 m 4924714
 n 4923356
 o 4924130
 p 4923067
 q 4923414
 r 4923847
 s 4922934
 t 4921513
 u 4921384
 v 4924699
 w 4926437
 x 4924902
 y 4921682
 z 4921135

Total characters:  128000000
 a 4919012
 b 4921795
 c 4926574
 d 4923347
 e 4922587
 f 4921194
 g 4921172
 h 4924136
 i 4922782
 j 4923424
 k 4924965
 l 4921798
 m 4924714
 n 4923356
 o 4924130
 p 4923067
 q 4923414
 r 4923847
 s 4922934
 t 4921513
 u 4921384
 v 4924699
 w 4926437
 x 4924902
 y 4921682
 z 4921135

Total characters:  128000000
 a 4919012
 b 4921795
 c 4926574
 d 4923347
 e 4922587
 f 4921194
 g 4921172
 h 4924136
 i 4922782
 j 4923424
 k 4924965
 l 4921798
 m 4924714
 n 4923356
 o 4924130
 p 4923067
 q 4923414
 r 4923847
 s 4922934
 t 4921513
 u 4921384
 v 4924699
 w 4926437
 x 4924902
 y 4921682
 z 4921135

Total characters:  128000000
 a 4919012
 b 4921795
 c 4926574
 d 4923347
 e 4922587
 f 4921194
 g 4921172
 h 4924136
 i 4922782
 j 4923424
 k 4924965
 l 4921798
 m 4924714
 n 4923356
 o 4924130
 p 4923067
 q 4923414
 r 4923847
 s 4922934
 t 4921513
 u 4921384
 v 4924699
 w 4926437
 x 4924902
 y 4921682
 z 4921135

Total characters:  128000000
 a 4919012
 b 4921795
 c 4926574
 d 4923347
 e 4922587
 f 4921194
 g 4921172
 h 4924136
 i 4922782
 j 4923424
 k 4924965
 l 4921798
 m 4924714
 n 4923356
 o 4924130
 p 4923067
 q 4923414
 r 4923847
 s 4922934
 t 4921513
 u 4921384
 v 4924699
 w 4926437
 x 4924902
 y 4921682
 z 4921135

Total characters:  128000000
 a 4919012
 b 4921795
 c 4926574
 d 4923347
 e 4922587
 f 4921194
 g 4921172
 h 4924136
 i 4922782
 j 4923424
 k 4924965
 l 4921798
 m 4924714
 n 4923356
 o 4924130
 p 4923067
 q 4923414
 r 4923847
 s 4922934
 t 4921513
 u 4921384
 v 4924699
 w 4926437
 x 4924902
 y 4921682
 z 4921135

Total characters:  128000000
 a 4919012
 b 4921795
 c 4926574
 d 4923347
 e 4922587
 f 4921194
 g 4921172
 h 4924136
 i 4922782
 j 4923424
 k 4924965
 l 4921798
 m 4924714
 n 4923356
 o 4924130
 p 4923067
 q 4923414
 r 4923847
 s 4922934
 t 4921513
 u 4921384
 v 4924699
 w 4926437
 x 4924902
 y 4921682
 z 4921135

Total characters:  128000000
 a 4919012
 b 4921795
 c 4926574
 d 4923347
 e 4922587
 f 4921194
 g 4921172
 h 4924136
 i 4922782
 j 4923424
 k 4924965
 l 4921798
 m 4924714
 n 4923356
 o 4924130
 p 4923067
 q 4923414
 r 4923847
 s 4922934
 t 4921513
 u 4921384
 v 4924699
 w 4926437
 x 4924902
 y 4921682
 z 4921135

Total characters:  128000000
 a 4919012
 b 4921795
 c 4926574
 d 4923347
 e 4922587
 f 4921194
 g 4921172
 h 4924136
 i 4922782
 j 4923424
 k 4924965
 l 4921798
 m 4924714
 n 4923356
 o 4924130
 p 4923067
 q 4923414
 r 4923847
 s 4922934
 t 4921513
 u 4921384
 v 4924699
 w 4926437
 x 4924902
 y 4921682
 z 4921135

Total characters:  128000000
 a 4919012
 b 4921795
 c 4926574
 d 4923347
 e 4922587
 f 4921194
 g 4921172
 h 4924136
 i 4922782
 j 4923424
 k 4924965
 l 4921798
 m 4924714
 n 4923356
 o 4924130
 p 4923067
 q 4923414
 r 4923847
 s 4922934
 t 4921513
 u 4921384
 v 4924699
 w 4926437
 x 4924902
 y 4921682
 z 4921135

Total characters:  128000000
 a 4919012
 b 4921795
 c 4926574
 d 4923347
 e 4922587
 f 4921194
 g 4921172
 h 4924136
 i 4922782
 j 4923424
 k 4924965
 l 4921798
 m 4924714
 n 4923356
 o 4924130
 p 4923067
 q 4923414
 r 4923847
 s 4922934
 t 4921513
 u 4921384
 v 4924699
 w 4926437
 x 4924902
 y 4921682
 z 4921135

Total characters:  128000000
 a 4919012
 b 4921795
 c 4926574
 d 4923347
 e 4922587
 f 4921194
 g 4921172
 h 4924136
 i 4922782
 j 4923424
 k 4924965
 l 4921798
 m 4924714
 n 4923356
 o 4924130
 p 4923067
 q 4923414
 r 4923847
 s 4922934
 t 4921513
 u 4921384
 v 4924699
 w 4926437
 x 4924902
 y 4921682
 z 4921135

Total characters:  128000000
 a 4919012
 b 4921795
 c 4926574
 d 4923347
 e 4922587
 f 4921194
 g 4921172
 h 4924136
 i 4922782
 j 4923424
 k 4924965
 l 4921798
 m 4924714
 n 4923356
 o 4924130
 p 4923067
 q 4923414
 r 4923847
 s 4922934
 t 4921513
 u 4921384
 v 4924699
 w 4926437
 x 4924902
 y 4921682
 z 4921135

Total characters:  128000000
 a 4919012
 b 4921795
 c 4926574
 d 4923347
 e 4922587
 f 4921194
 g 4921172
 h 4924136
 i 4922782
 j 4923424
 k 4924965
 l 4921798
 m 4924714
 n 4923356
 o 4924130
 p 4923067
 q 4923414
 r 4923847
 s 4922934
 t 4921513
 u 4921384
 v 4924699
 w 4926437
 x 4924902
 y 4921682
 z 4921135

Total characters:  128000000
 a 4919012
 b 4921795
 c 4926574
 d 4923347
 e 4922587
 f 4921194
 g 4921172
 h 4924136
 i 4922782
 j 4923424
 k 4924965
 l 4921798
 m 4924714
 n 4923356
 o 4924130
 p 4923067
 q 4923414
 r 4923847
 s 4922934
 t 4921513
 u 4921384
 v 4924699
 w 4926437
 x 4924902
 y 4921682
 z 4921135

Total characters:  128000000
 a 4919012
 b 4921795
 c 4926574
 d 4923347
 e 4922587
 f 4921194
 g 4921172
 h 4924136
 i 4922782
 j 4923424
 k 4924965
 l 4921798
 m 4924714
 n 4923356
 o 4924130
 p 4923067
 q 4923414
 r 4923847
 s 4922934
 t 4921513
 u 4921384
 v 4924699
 w 4926437
 x 4924902
 y 4921682
 z 4921135

Total characters:  128000000
 a 4919012
 b 4921795
 c 4926574
 d 4923347
 e 4922587
 f 4921194
 g 4921172
 h 4924136
 i 4922782
 j 4923424
 k 4924965
 l 4921798
 m 4924714
 n 4923356
 o 4924130
 p 4923067
 q 4923414
 r 4923847
 s 4922934
 t 4921513
 u 4921384
 v 4924699
 w 4926437
 x 4924902
 y 4921682
 z 4921135

Total characters:  128000000
 a 4919012
 b 4921795
 c 4926574
 d 4923347
 e 4922587
 f 4921194
 g 4921172
 h 4924136
 i 4922782
 j 4923424
 k 4924965
 l 4921798
 m 4924714
 n 4923356
 o 4924130
 p 4923067
 q 4923414
 r 4923847
 s 4922934
 t 4921513
 u 4921384
 v 4924699
 w 4926437
 x 4924902
 y 4921682
 z 4921135

Total characters:  128000000
 a 4919012
 b 4921795
 c 4926574
 d 4923347
 e 4922587
 f 4921194
 g 4921172
 h 4924136
 i 4922782
 j 4923424
 k 4924965
 l 4921798
 m 4924714
 n 4923356
 o 4924130
 p 4923067
 q 4923414
 r 4923847
 s 4922934
 t 4921513
 u 4921384
 v 4924699
 w 4926437
 x 4924902
 y 4921682
 z 4921135

Total characters:  128000000
 a 4919012
 b 4921795
 c 4926574
 d 4923347
 e 4922587
 f 4921194
 g 4921172
 h 4924136
 i 4922782
 j 4923424
 k 4924965
 l 4921798
 m 4924714
 n 4923356
 o 4924130
 p 4923067
 q 4923414
 r 4923847
 s 4922934
 t 4921513
 u 4921384
 v 4924699
 w 4926437
 x 4924902
 y 4921682
 z 4921135

Total characters:  128000000
 a 4919012
 b 4921795
 c 4926574
 d 4923347
 e 4922587
 f 4921194
 g 4921172
 h 4924136
 i 4922782
 j 4923424
 k 4924965
 l 4921798
 m 4924714
 n 4923356
 o 4924130
 p 4923067
 q 4923414
 r 4923847
 s 4922934
 t 4921513
 u 4921384
 v 4924699
 w 4926437
 x 4924902
 y 4921682
 z 4921135

Total characters:  128000000
 a 4919012
 b 4921795
 c 4926574
 d 4923347
 e 4922587
 f 4921194
 g 4921172
 h 4924136
 i 4922782
 j 4923424
 k 4924965
 l 4921798
 m 4924714
 n 4923356
 o 4924130
 p 4923067
 q 4923414
 r 4923847
 s 4922934
 t 4921513
 u 4921384
 v 4924699
 w 4926437
 x 4924902
 y 4921682
 z 4921135

Total characters:  128000000
 a 4919012
 b 4921795
 c 4926574
 d 4923347
 e 4922587
 f 4921194
 g 4921172
 h 4924136
 i 4922782
 j 4923424
 k 4924965
 l 4921798
 m 4924714
 n 4923356
 o 4924130
 p 4923067
 q 4923414
 r 4923847
 s 4922934
 t 4921513
 u 4921384
 v 4924699
 w 4926437
 x 4924902
 y 4921682
 z 4921135

Total characters:  128000000
 a 4919012
 b 4921795
 c 4926574
 d 4923347
 e 4922587
 f 4921194
 g 4921172
 h 4924136
 i 4922782
 j 4923424
 k 4924965
 l 4921798
 m 4924714
 n 4923356
 o 4924130
 p 4923067
 q 4923414
 r 4923847
 s 4922934
 t 4921513
 u 4921384
 v 4924699
 w 4926437
 x 4924902
 y 4921682
 z 4921135

Total characters:  128000000
 a 4919012
 b 4921795
 c 4926574
 d 4923347
 e 4922587
 f 4921194
 g 4921172
 h 4924136
 i 4922782
 j 4923424
 k 4924965
 l 4921798
 m 4924714
 n 4923356
 o 4924130
 p 4923067
 q 4923414
 r 4923847
 s 4922934
 t 4921513
 u 4921384
 v 4924699
 w 4926437
 x 4924902
 y 4921682
 z 4921135

Total characters:  128000000
 a 4919012
 b 4921795
 c 4926574
 d 4923347
 e 4922587
 f 4921194
 g 4921172
 h 4924136
 i 4922782
 j 4923424
 k 4924965
 l 4921798
 m 4924714
 n 4923356
 o 4924130
 p 4923067
 q 4923414
 r 4923847
 s 4922934
 t 4921513
 u 4921384
 v 4924699
 w 4926437
 x 4924902
 y 4921682
 z 4921135

Total characters:  128000000
 a 4919012
 b 4921795
 c 4926574
 d 4923347
 e 4922587
 f 4921194
 g 4921172
 h 4924136
 i 4922782
 j 4923424
 k 4924965
 l 4921798
 m 4924714
 n 4923356
 o 4924130
 p 4923067
 q 4923414
 r 4923847
 s 4922934
 t 4921513
 u 4921384
 v 4924699
 w 4926437
 x 4924902
 y 4921682
 z 4921135

Total characters:  128000000
 a 4919012
 b 4921795
 c 4926574
 d 4923347
 e 4922587
 f 4921194
 g 4921172
 h 4924136
 i 4922782
 j 4923424
 k 4924965
 l 4921798
 m 4924714
 n 4923356
 o 4924130
 p 4923067
 q 4923414
 r 4923847
 s 4922934
 t 4921513
 u 4921384
 v 4924699
 w 4926437
 x 4924902
 y 4921682
 z 4921135

Total characters:  128000000
 a 4919012
 b 4921795
 c 4926574
 d 4923347
 e 4922587
 f 4921194
 g 4921172
 h 4924136
 i 4922782
 j 4923424
 k 4924965
 l 4921798
 m 4924714
 n 4923356
 o 4924130
 p 4923067
 q 4923414
 r 4923847
 s 4922934
 t 4921513
 u 4921384
 v 4924699
 w 4926437
 x 4924902
 y 4921682
 z 4921135

Total characters:  128000000
 a 4919012
 b 4921795
 c 4926574
 d 4923347
 e 4922587
 f 4921194
 g 4921172
 h 4924136
 i 4922782
 j 4923424
 k 4924965
 l 4921798
 m 4924714
 n 4923356
 o 4924130
 p 4923067
 q 4923414
 r 4923847
 s 4922934
 t 4921513
 u 4921384
 v 4924699
 w 4926437
 x 4924902
 y 4921682
 z 4921135

Total characters:  128000000
 a 4919012
 b 4921795
 c 4926574
 d 4923347
 e 4922587
 f 4921194
 g 4921172
 h 4924136
 i 4922782
 j 4923424
 k 4924965
 l 4921798
 m 4924714
 n 4923356
 o 4924130
 p 4923067
 q 4923414
 r 4923847
 s 4922934
 t 4921513
 u 4921384
 v 4924699
 w 4926437
 x 4924902
 y 4921682
 z 4921135

Total characters:  128000000
 a 4919012
 b 4921795
 c 4926574
 d 4923347
 e 4922587
 f 4921194
 g 4921172
 h 4924136
 i 4922782
 j 4923424
 k 4924965
 l 4921798
 m 4924714
 n 4923356
 o 4924130
 p 4923067
 q 4923414
 r 4923847
 s 4922934
 t 4921513
 u 4921384
 v 4924699
 w 4926437
 x 4924902
 y 4921682
 z 4921135

Total characters:  128000000
 a 4919012
 b 4921795
 c 4926574
 d 4923347
 e 4922587
 f 4921194
 g 4921172
 h 4924136
 i 4922782
 j 4923424
 k 4924965
 l 4921798
 m 4924714
 n 4923356
 o 4924130
 p 4923067
 q 4923414
 r 4923847
 s 4922934
 t 4921513
 u 4921384
 v 4924699
 w 4926437
 x 4924902
 y 4921682
 z 4921135

Total characters:  128000000
 a 4919012
 b 4921795
 c 4926574
 d 4923347
 e 4922587
 f 4921194
 g 4921172
 h 4924136
 i 4922782
 j 4923424
 k 4924965
 l 4921798
 m 4924714
 n 4923356
 o 4924130
 p 4923067
 q 4923414
 r 4923847
 s 4922934
 t 4921513
 u 4921384
 v 4924699
 w 4926437
 x 4924902
 y 4921682
 z 4921135

Total characters:  128000000
 a 4919012
 b 4921795
 c 4926574
 d 4923347
 e 4922587
 f 4921194
 g 4921172
 h 4924136
 i 4922782
 j 4923424
 k 4924965
 l 4921798
 m 4924714
 n 4923356
 o 4924130
 p 4923067
 q 4923414
 r 4923847
 s 4922934
 t 4921513
 u 4921384
 v 4924699
 w 4926437
 x 4924902
 y 4921682
 z 4921135

Total characters:  128000000
 a 4919012
 b 4921795
 c 4926574
 d 4923347
 e 4922587
 f 4921194
 g 4921172
 h 4924136
 i 4922782
 j 4923424
 k 4924965
 l 4921798
 m 4924714
 n 4923356
 o 4924130
 p 4923067
 q 4923414
 r 4923847
 s 4922934
 t 4921513
 u 4921384
 v 4924699
 w 4926437
 x 4924902
 y 4921682
 z 4921135

Total characters:  128000000
 a 4919012
 b 4921795
 c 4926574
 d 4923347
 e 4922587
 f 4921194
 g 4921172
 h 4924136
 i 4922782
 j 4923424
 k 4924965
 l 4921798
 m 4924714
 n 4923356
 o 4924130
 p 4923067
 q 4923414
 r 4923847
 s 4922934
 t 4921513
 u 4921384
 v 4924699
 w 4926437
 x 4924902
 y 4921682
 z 4921135

Total characters:  128000000
 a 4919012
 b 4921795
 c 4926574
 d 4923347
 e 4922587
 f 4921194
 g 4921172
 h 4924136
 i 4922782
 j 4923424
 k 4924965
 l 4921798
 m 4924714
 n 4923356
 o 4924130
 p 4923067
 q 4923414
 r 4923847
 s 4922934
 t 4921513
 u 4921384
 v 4924699
 w 4926437
 x 4924902
 y 4921682
 z 4921135

Total characters:  128000000
 a 4919012
 b 4921795
 c 4926574
 d 4923347
 e 4922587
 f 4921194
 g 4921172
 h 4924136
 i 4922782
 j 4923424
 k 4924965
 l 4921798
 m 4924714
 n 4923356
 o 4924130
 p 4923067
 q 4923414
 r 4923847
 s 4922934
 t 4921513
 u 4921384
 v 4924699
 w 4926437
 x 4924902
 y 4921682
 z 4921135

Total characters:  128000000
 a 4919012
 b 4921795
 c 4926574
 d 4923347
 e 4922587
 f 4921194
 g 4921172
 h 4924136
 i 4922782
 j 4923424
 k 4924965
 l 4921798
 m 4924714
 n 4923356
 o 4924130
 p 4923067
 q 4923414
 r 4923847
 s 4922934
 t 4921513
 u 4921384
 v 4924699
 w 4926437
 x 4924902
 y 4921682
 z 4921135

Total characters:  128000000
 a 4919012
 b 4921795
 c 4926574
 d 4923347
 e 4922587
 f 4921194
 g 4921172
 h 4924136
 i 4922782
 j 4923424
 k 4924965
 l 4921798
 m 4924714
 n 4923356
 o 4924130
 p 4923067
 q 4923414
 r 4923847
 s 4922934
 t 4921513
 u 4921384
 v 4924699
 w 4926437
 x 4924902
 y 4921682
 z 4921135

Total characters:  128000000
 a 4919012
 b 4921795
 c 4926574
 d 4923347
 e 4922587
 f 4921194
 g 4921172
 h 4924136
 i 4922782
 j 4923424
 k 4924965
 l 4921798
 m 4924714
 n 4923356
 o 4924130
 p 4923067
 q 4923414
 r 4923847
 s 4922934
 t 4921513
 u 4921384
 v 4924699
 w 4926437
 x 4924902
 y 4921682
 z 4921135

Total characters:  128000000
 a 4919012
 b 4921795
 c 4926574
 d 4923347
 e 4922587
 f 4921194
 g 4921172
 h 4924136
 i 4922782
 j 4923424
 k 4924965
 l 4921798
 m 4924714
 n 4923356
 o 4924130
 p 4923067
 q 4923414
 r 4923847
 s 4922934
 t 4921513
 u 4921384
 v 4924699
 w 4926437
 x 4924902
 y 4921682
 z 4921135

Total characters:  128000000
 a 4919012
 b 4921795
 c 4926574
 d 4923347
 e 4922587
 f 4921194
 g 4921172
 h 4924136
 i 4922782
 j 4923424
 k 4924965
 l 4921798
 m 4924714
 n 4923356
 o 4924130
 p 4923067
 q 4923414
 r 4923847
 s 4922934
 t 4921513
 u 4921384
 v 4924699
 w 4926437
 x 4924902
 y 4921682
 z 4921135

Total characters:  128000000
 a 4919012
 b 4921795
 c 4926574
 d 4923347
 e 4922587
 f 4921194
 g 4921172
 h 4924136
 i 4922782
 j 4923424
 k 4924965
 l 4921798
 m 4924714
 n 4923356
 o 4924130
 p 4923067
 q 4923414
 r 4923847
 s 4922934
 t 4921513
 u 4921384
 v 4924699
 w 4926437
 x 4924902
 y 4921682
 z 4921135

Total characters:  128000000
 a 4919012
 b 4921795
 c 4926574
 d 4923347
 e 4922587
 f 4921194
 g 4921172
 h 4924136
 i 4922782
 j 4923424
 k 4924965
 l 4921798
 m 4924714
 n 4923356
 o 4924130
 p 4923067
 q 4923414
 r 4923847
 s 4922934
 t 4921513
 u 4921384
 v 4924699
 w 4926437
 x 4924902
 y 4921682
 z 4921135

Total characters:  128000000
 a 4919012
 b 4921795
 c 4926574
 d 4923347
 e 4922587
 f 4921194
 g 4921172
 h 4924136
 i 4922782
 j 4923424
 k 4924965
 l 4921798
 m 4924714
 n 4923356
 o 4924130
 p 4923067
 q 4923414
 r 4923847
 s 4922934
 t 4921513
 u 4921384
 v 4924699
 w 4926437
 x 4924902
 y 4921682
 z 4921135

Total characters:  128000000
 a 4919012
 b 4921795
 c 4926574
 d 4923347
 e 4922587
 f 4921194
 g 4921172
 h 4924136
 i 4922782
 j 4923424
 k 4924965
 l 4921798
 m 4924714
 n 4923356
 o 4924130
 p 4923067
 q 4923414
 r 4923847
 s 4922934
 t 4921513
 u 4921384
 v 4924699
 w 4926437
 x 4924902
 y 4921682
 z 4921135

Total characters:  128000000
 a 4919012
 b 4921795
 c 4926574
 d 4923347
 e 4922587
 f 4921194
 g 4921172
 h 4924136
 i 4922782
 j 4923424
 k 4924965
 l 4921798
 m 4924714
 n 4923356
 o 4924130
 p 4923067
 q 4923414
 r 4923847
 s 4922934
 t 4921513
 u 4921384
 v 4924699
 w 4926437
 x 4924902
 y 4921682
 z 4921135

Total characters:  128000000
 a 4919012
 b 4921795
 c 4926574
 d 4923347
 e 4922587
 f 4921194
 g 4921172
 h 4924136
 i 4922782
 j 4923424
 k 4924965
 l 4921798
 m 4924714
 n 4923356
 o 4924130
 p 4923067
 q 4923414
 r 4923847
 s 4922934
 t 4921513
 u 4921384
 v 4924699
 w 4926437
 x 4924902
 y 4921682
 z 4921135

Total characters:  128000000
 a 4919012
 b 4921795
 c 4926574
 d 4923347
 e 4922587
 f 4921194
 g 4921172
 h 4924136
 i 4922782
 j 4923424
 k 4924965
 l 4921798
 m 4924714
 n 4923356
 o 4924130
 p 4923067
 q 4923414
 r 4923847
 s 4922934
 t 4921513
 u 4921384
 v 4924699
 w 4926437
 x 4924902
 y 4921682
 z 4921135

Total characters:  128000000
 a 4919012
 b 4921795
 c 4926574
 d 4923347
 e 4922587
 f 4921194
 g 4921172
 h 4924136
 i 4922782
 j 4923424
 k 4924965
 l 4921798
 m 4924714
 n 4923356
 o 4924130
 p 4923067
 q 4923414
 r 4923847
 s 4922934
 t 4921513
 u 4921384
 v 4924699
 w 4926437
 x 4924902
 y 4921682
 z 4921135

Total characters:  128000000
 a 4919012
 b 4921795
 c 4926574
 d 4923347
 e 4922587
 f 4921194
 g 4921172
 h 4924136
 i 4922782
 j 4923424
 k 4924965
 l 4921798
 m 4924714
 n 4923356
 o 4924130
 p 4923067
 q 4923414
 r 4923847
 s 4922934
 t 4921513
 u 4921384
 v 4924699
 w 4926437
 x 4924902
 y 4921682
 z 4921135

Total characters:  128000000
 a 4919012
 b 4921795
 c 4926574
 d 4923347
 e 4922587
 f 4921194
 g 4921172
 h 4924136
 i 4922782
 j 4923424
 k 4924965
 l 4921798
 m 4924714
 n 4923356
 o 4924130
 p 4923067
 q 4923414
 r 4923847
 s 4922934
 t 4921513
 u 4921384
 v 4924699
 w 4926437
 x 4924902
 y 4921682
 z 4921135

Total characters:  128000000
 a 4919012
 b 4921795
 c 4926574
 d 4923347
 e 4922587
 f 4921194
 g 4921172
 h 4924136
 i 4922782
 j 4923424
 k 4924965
 l 4921798
 m 4924714
 n 4923356
 o 4924130
 p 4923067
 q 4923414
 r 4923847
 s 4922934
 t 4921513
 u 4921384
 v 4924699
 w 4926437
 x 4924902
 y 4921682
 z 4921135

Total characters:  128000000
 a 4919012
 b 4921795
 c 4926574
 d 4923347
 e 4922587
 f 4921194
 g 4921172
 h 4924136
 i 4922782
 j 4923424
 k 4924965
 l 4921798
 m 4924714
 n 4923356
 o 4924130
 p 4923067
 q 4923414
 r 4923847
 s 4922934
 t 4921513
 u 4921384
 v 4924699
 w 4926437
 x 4924902
 y 4921682
 z 4921135

Total characters:  128000000
 a 4919012
 b 4921795
 c 4926574
 d 4923347
 e 4922587
 f 4921194
 g 4921172
 h 4924136
 i 4922782
 j 4923424
 k 4924965
 l 4921798
 m 4924714
 n 4923356
 o 4924130
 p 4923067
 q 4923414
 r 4923847
 s 4922934
 t 4921513
 u 4921384
 v 4924699
 w 4926437
 x 4924902
 y 4921682
 z 4921135

Total characters:  128000000
 a 4919012
 b 4921795
 c 4926574
 d 4923347
 e 4922587
 f 4921194
 g 4921172
 h 4924136
 i 4922782
 j 4923424
 k 4924965
 l 4921798
 m 4924714
 n 4923356
 o 4924130
 p 4923067
 q 4923414
 r 4923847
 s 4922934
 t 4921513
 u 4921384
 v 4924699
 w 4926437
 x 4924902
 y 4921682
 z 4921135

Total characters:  128000000
 a 4919012
 b 4921795
 c 4926574
 d 4923347
 e 4922587
 f 4921194
 g 4921172
 h 4924136
 i 4922782
 j 4923424
 k 4924965
 l 4921798
 m 4924714
 n 4923356
 o 4924130
 p 4923067
 q 4923414
 r 4923847
 s 4922934
 t 4921513
 u 4921384
 v 4924699
 w 4926437
 x 4924902
 y 4921682
 z 4921135

Total characters:  128000000
 a 4919012
 b 4921795
 c 4926574
 d 4923347
 e 4922587
 f 4921194
 g 4921172
 h 4924136
 i 4922782
 j 4923424
 k 4924965
 l 4921798
 m 4924714
 n 4923356
 o 4924130
 p 4923067
 q 4923414
 r 4923847
 s 4922934
 t 4921513
 u 4921384
 v 4924699
 w 4926437
 x 4924902
 y 4921682
 z 4921135

Total characters:  128000000
 a 4919012
 b 4921795
 c 4926574
 d 4923347
 e 4922587
 f 4921194
 g 4921172
 h 4924136
 i 4922782
 j 4923424
 k 4924965
 l 4921798
 m 4924714
 n 4923356
 o 4924130
 p 4923067
 q 4923414
 r 4923847
 s 4922934
 t 4921513
 u 4921384
 v 4924699
 w 4926437
 x 4924902
 y 4921682
 z 4921135

Total characters:  128000000
 a 4919012
 b 4921795
 c 4926574
 d 4923347
 e 4922587
 f 4921194
 g 4921172
 h 4924136
 i 4922782
 j 4923424
 k 4924965
 l 4921798
 m 4924714
 n 4923356
 o 4924130
 p 4923067
 q 4923414
 r 4923847
 s 4922934
 t 4921513
 u 4921384
 v 4924699
 w 4926437
 x 4924902
 y 4921682
 z 4921135

Total characters:  128000000
 a 4919012
 b 4921795
 c 4926574
 d 4923347
 e 4922587
 f 4921194
 g 4921172
 h 4924136
 i 4922782
 j 4923424
 k 4924965
 l 4921798
 m 4924714
 n 4923356
 o 4924130
 p 4923067
 q 4923414
 r 4923847
 s 4922934
 t 4921513
 u 4921384
 v 4924699
 w 4926437
 x 4924902
 y 4921682
 z 4921135

Total characters:  128000000
 a 4919012
 b 4921795
 c 4926574
 d 4923347
 e 4922587
 f 4921194
 g 4921172
 h 4924136
 i 4922782
 j 4923424
 k 4924965
 l 4921798
 m 4924714
 n 4923356
 o 4924130
 p 4923067
 q 4923414
 r 4923847
 s 4922934
 t 4921513
 u 4921384
 v 4924699
 w 4926437
 x 4924902
 y 4921682
 z 4921135

Total characters:  128000000
 a 4919012
 b 4921795
 c 4926574
 d 4923347
 e 4922587
 f 4921194
 g 4921172
 h 4924136
 i 4922782
 j 4923424
 k 4924965
 l 4921798
 m 4924714
 n 4923356
 o 4924130
 p 4923067
 q 4923414
 r 4923847
 s 4922934
 t 4921513
 u 4921384
 v 4924699
 w 4926437
 x 4924902
 y 4921682
 z 4921135

Total characters:  128000000
 a 4919012
 b 4921795
 c 4926574
 d 4923347
 e 4922587
 f 4921194
 g 4921172
 h 4924136
 i 4922782
 j 4923424
 k 4924965
 l 4921798
 m 4924714
 n 4923356
 o 4924130
 p 4923067
 q 4923414
 r 4923847
 s 4922934
 t 4921513
 u 4921384
 v 4924699
 w 4926437
 x 4924902
 y 4921682
 z 4921135

Total characters:  128000000
 a 4919012
 b 4921795
 c 4926574
 d 4923347
 e 4922587
 f 4921194
 g 4921172
 h 4924136
 i 4922782
 j 4923424
 k 4924965
 l 4921798
 m 4924714
 n 4923356
 o 4924130
 p 4923067
 q 4923414
 r 4923847
 s 4922934
 t 4921513
 u 4921384
 v 4924699
 w 4926437
 x 4924902
 y 4921682
 z 4921135

Total characters:  128000000
 a 4919012
 b 4921795
 c 4926574
 d 4923347
 e 4922587
 f 4921194
 g 4921172
 h 4924136
 i 4922782
 j 4923424
 k 4924965
 l 4921798
 m 4924714
 n 4923356
 o 4924130
 p 4923067
 q 4923414
 r 4923847
 s 4922934
 t 4921513
 u 4921384
 v 4924699
 w 4926437
 x 4924902
 y 4921682
 z 4921135

Total characters:  128000000
srun: error: elf20: tasks 16-29,31: Exited with exit code 30
srun: error: elf32: tasks 64-68,70-79: Exited with exit code 30
srun: error: elf25: tasks 32-34,36-47: Exited with exit code 30
 a 4919012
 b 4921795
 c 4926574
 d 4923347
 e 4922587
 f 4921194
 g 4921172
 h 4924136
 i 4922782
 j 4923424
 k 4924965
 l 4921798
 m 4924714
 n 4923356
 o 4924130
 p 4923067
 q 4923414
 r 4923847
 s 4922934
 t 4921513
 u 4921384
 v 4924699
 w 4926437
 x 4924902
 y 4921682
 z 4921135

Total characters:  128000000
srun: error: elf35: tasks 80-81,83-95: Exited with exit code 30
srun: error: elf27: tasks 48-63: Exited with exit code 30
 a 4919012
 b 4921795
 c 4926574
 d 4923347
 e 4922587
 f 4921194
 g 4921172
 h 4924136
 i 4922782
 j 4923424
 k 4924965
 l 4921798
 m 4924714
 n 4923356
 o 4924130
 p 4923067
 q 4923414
 r 4923847
 s 4922934
 t 4921513
 u 4921384
 v 4924699
 w 4926437
 x 4924902
 y 4921682
 z 4921135

Total characters:  128000000
srun: error: elf09: tasks 0-2,4-14: Exited with exit code 30
 a 4919012
 b 4921795
 c 4926574
 d 4923347
 e 4922587
 f 4921194
 g 4921172
 h 4924136
 i 4922782
 j 4923424
 k 4924965
 l 4921798
 m 4924714
 n 4923356
 o 4924130
 p 4923067
 q 4923414
 r 4923847
 s 4922934
 t 4921513
 u 4921384
 v 4924699
 w 4926437
 x 4924902
 y 4921682
 z 4921135

Total characters:  128000000
srun: error: elf25: task 35: Exited with exit code 30
srun: error: elf32: task 69: Exited with exit code 30
srun: error: elf20: task 30: Exited with exit code 30
 a 4919012
 b 4921795
 c 4926574
 d 4923347
 e 4922587
 f 4921194
 g 4921172
 h 4924136
 i 4922782
 j 4923424
 k 4924965
 l 4921798
 m 4924714
 n 4923356
 o 4924130
 p 4923067
 q 4923414
 r 4923847
 s 4922934
 t 4921513
 u 4921384
 v 4924699
 w 4926437
 x 4924902
 y 4921682
 z 4921135

Total characters:  128000000
 a 4919012
 b 4921795
 c 4926574
 d 4923347
 e 4922587
 f 4921194
 g 4921172
 h 4924136
 i 4922782
 j 4923424
 k 4924965
 l 4921798
 m 4924714
 n 4923356
 o 4924130
 p 4923067
 q 4923414
 r 4923847
 s 4922934
 t 4921513
 u 4921384
 v 4924699
 w 4926437
 x 4924902
 y 4921682
 z 4921135

Total characters:  128000000
srun: error: elf09: tasks 3,15: Exited with exit code 30
 a 4919012
 b 4921795
 c 4926574
 d 4923347
 e 4922587
 f 4921194
 g 4921172
 h 4924136
 i 4922782
 j 4923424
 k 4924965
 l 4921798
 m 4924714
 n 4923356
 o 4924130
 p 4923067
 q 4923414
 r 4923847
 s 4922934
 t 4921513
 u 4921384
 v 4924699
 w 4926437
 x 4924902
 y 4921682
 z 4921135

Total characters:  128000000
srun: error: elf35: task 82: Exited with exit code 30
