 a 6150275
 b 6151694
 c 6157905
 d 6156670
 e 6151843
 f 6152513
 g 6153292
 h 6155462
 i 6155217
 j 6153262
 k 6154942
 l 6152156
 m 6153843
 n 6155212
 o 6154673
 p 6154663
 q 6153521
 r 6155682
 s 6153588
 t 6151459
 u 6150252
 v 6155762
 w 6158089
 x 6155051
 y 6151118
 z 6151856

Total characters:  160000000
DATA, 10000000, 100, elf36, 680.777000
 a 6150275
 b 6151694
 c 6157905
 d 6156670
 e 6151843
 f 6152513
 g 6153292
 h 6155462
 i 6155217
 j 6153262
 k 6154942
 l 6152156
 m 6153843
 n 6155212
 o 6154673
 p 6154663
 q 6153521
 r 6155682
 s 6153588
 t 6151459
 u 6150252
 v 6155762
 w 6158089
 x 6155051
 y 6151118
 z 6151856

Total characters:  160000000
DATA, 10000000, 100, elf36, 764.140000
 a 6150275
 b 6151694
 c 6157905
 d 6156670
 e 6151843
 f 6152513
 g 6153292
 h 6155462
 i 6155217
 j 6153262
 k 6154942
 l 6152156
 m 6153843
 n 6155212
 o 6154673
 p 6154663
 q 6153521
 r 6155682
 s 6153588
 t 6151459
 u 6150252
 v 6155762
 w 6158089
 x 6155051
 y 6151118
 z 6151856

Total characters:  160000000
DATA, 10000000, 100, elf36, 763.810000
 a 6150275
 b 6151694
 c 6157905
 d 6156670
 e 6151843
 f 6152513
 g 6153292
 h 6155462
 i 6155217
 j 6153262
 k 6154942
 l 6152156
 m 6153843
 n 6155212
 o 6154673
 p 6154663
 q 6153521
 r 6155682
 s 6153588
 t 6151459
 u 6150252
 v 6155762
 w 6158089
 x 6155051
 y 6151118
 z 6151856

Total characters:  160000000
DATA, 10000000, 100, elf25, 699.627000
 a 6150275
 b 6151694
 c 6157905
 d 6156670
 e 6151843
 f 6152513
 g 6153292
 h 6155462
 i 6155217
 j 6153262
 k 6154942
 l 6152156
 m 6153843
 n 6155212
 o 6154673
 p 6154663
 q 6153521
 r 6155682
 s 6153588
 t 6151459
 u 6150252
 v 6155762
 w 6158089
 x 6155051
 y 6151118
 z 6151856

Total characters:  160000000
DATA, 10000000, 100, elf36, 758.963000
 a 6150275
 b 6151694
 c 6157905
 d 6156670
 e 6151843
 f 6152513
 g 6153292
 h 6155462
 i 6155217
 j 6153262
 k 6154942
 l 6152156
 m 6153843
 n 6155212
 o 6154673
 p 6154663
 q 6153521
 r 6155682
 s 6153588
 t 6151459
 u 6150252
 v 6155762
 w 6158089
 x 6155051
 y 6151118
 z 6151856

Total characters:  160000000
DATA, 10000000, 100, elf35, 693.899000
 a 6150275
 b 6151694
 c 6157905
 d 6156670
 e 6151843
 f 6152513
 g 6153292
 h 6155462
 i 6155217
 j 6153262
 k 6154942
 l 6152156
 m 6153843
 n 6155212
 o 6154673
 p 6154663
 q 6153521
 r 6155682
 s 6153588
 t 6151459
 u 6150252
 v 6155762
 w 6158089
 x 6155051
 y 6151118
 z 6151856

Total characters:  160000000
DATA, 10000000, 100, elf20, 691.493000
 a 6150275
 b 6151694
 c 6157905
 d 6156670
 e 6151843
 f 6152513
 g 6153292
 h 6155462
 i 6155217
 j 6153262
 k 6154942
 l 6152156
 m 6153843
 n 6155212
 o 6154673
 p 6154663
 q 6153521
 r 6155682
 s 6153588
 t 6151459
 u 6150252
 v 6155762
 w 6158089
 x 6155051
 y 6151118
 z 6151856

Total characters:  160000000
DATA, 10000000, 100, elf32, 693.068000
 a 6150275
 b 6151694
 c 6157905
 d 6156670
 e 6151843
 f 6152513
 g 6153292
 h 6155462
 i 6155217
 j 6153262
 k 6154942
 l 6152156
 m 6153843
 n 6155212
 o 6154673
 p 6154663
 q 6153521
 r 6155682
 s 6153588
 t 6151459
 u 6150252
 v 6155762
 w 6158089
 x 6155051
 y 6151118
 z 6151856

Total characters:  160000000
DATA, 10000000, 100, elf09, 693.183000
 a 6150275
 b 6151694
 c 6157905
 d 6156670
 e 6151843
 f 6152513
 g 6153292
 h 6155462
 i 6155217
 j 6153262
 k 6154942
 l 6152156
 m 6153843
 n 6155212
 o 6154673
 p 6154663
 q 6153521
 r 6155682
 s 6153588
 t 6151459
 u 6150252
 v 6155762
 w 6158089
 x 6155051
 y 6151118
 z 6151856

Total characters:  160000000
DATA, 10000000, 100, elf27, 692.236000
 a 6150275
 b 6151694
 c 6157905
 d 6156670
 e 6151843
 f 6152513
 g 6153292
 h 6155462
 i 6155217
 j 6153262
 k 6154942
 l 6152156
 m 6153843
 n 6155212
 o 6154673
 p 6154663
 q 6153521
 r 6155682
 s 6153588
 t 6151459
 u 6150252
 v 6155762
 w 6158089
 x 6155051
 y 6151118
 z 6151856

Total characters:  160000000
DATA, 10000000, 100, elf25, 693.435000
 a 6150275
 b 6151694
 c 6157905
 d 6156670
 e 6151843
 f 6152513
 g 6153292
 h 6155462
 i 6155217
 j 6153262
 k 6154942
 l 6152156
 m 6153843
 n 6155212
 o 6154673
 p 6154663
 q 6153521
 r 6155682
 s 6153588
 t 6151459
 u 6150252
 v 6155762
 w 6158089
 x 6155051
 y 6151118
 z 6151856

Total characters:  160000000
DATA, 10000000, 100, elf25, 691.890000
 a 6150275
 b 6151694
 c 6157905
 d 6156670
 e 6151843
 f 6152513
 g 6153292
 h 6155462
 i 6155217
 j 6153262
 k 6154942
 l 6152156
 m 6153843
 n 6155212
 o 6154673
 p 6154663
 q 6153521
 r 6155682
 s 6153588
 t 6151459
 u 6150252
 v 6155762
 w 6158089
 x 6155051
 y 6151118
 z 6151856

Total characters:  160000000
DATA, 10000000, 100, elf25, 698.546000
 a 6150275
 b 6151694
 c 6157905
 d 6156670
 e 6151843
 f 6152513
 g 6153292
 h 6155462
 i 6155217
 j 6153262
 k 6154942
 l 6152156
 m 6153843
 n 6155212
 o 6154673
 p 6154663
 q 6153521
 r 6155682
 s 6153588
 t 6151459
 u 6150252
 v 6155762
 w 6158089
 x 6155051
 y 6151118
 z 6151856

Total characters:  160000000
DATA, 10000000, 100, elf35, 694.149000
 a 6150275
 b 6151694
 c 6157905
 d 6156670
 e 6151843
 f 6152513
 g 6153292
 h 6155462
 i 6155217
 j 6153262
 k 6154942
 l 6152156
 m 6153843
 n 6155212
 o 6154673
 p 6154663
 q 6153521
 r 6155682
 s 6153588
 t 6151459
 u 6150252
 v 6155762
 w 6158089
 x 6155051
 y 6151118
 z 6151856

Total characters:  160000000
DATA, 10000000, 100, elf35, 695.677000
 a 6150275
 b 6151694
 c 6157905
 d 6156670
 e 6151843
 f 6152513
 g 6153292
 h 6155462
 i 6155217
 j 6153262
 k 6154942
 l 6152156
 m 6153843
 n 6155212
 o 6154673
 p 6154663
 q 6153521
 r 6155682
 s 6153588
 t 6151459
 u 6150252
 v 6155762
 w 6158089
 x 6155051
 y 6151118
 z 6151856

Total characters:  160000000
DATA, 10000000, 100, elf20, 692.507000
 a 6150275
 b 6151694
 c 6157905
 d 6156670
 e 6151843
 f 6152513
 g 6153292
 h 6155462
 i 6155217
 j 6153262
 k 6154942
 l 6152156
 m 6153843
 n 6155212
 o 6154673
 p 6154663
 q 6153521
 r 6155682
 s 6153588
 t 6151459
 u 6150252
 v 6155762
 w 6158089
 x 6155051
 y 6151118
 z 6151856

Total characters:  160000000
DATA, 10000000, 100, elf32, 693.064000
 a 6150275
 b 6151694
 c 6157905
 d 6156670
 e 6151843
 f 6152513
 g 6153292
 h 6155462
 i 6155217
 j 6153262
 k 6154942
 l 6152156
 m 6153843
 n 6155212
 o 6154673
 p 6154663
 q 6153521
 r 6155682
 s 6153588
 t 6151459
 u 6150252
 v 6155762
 w 6158089
 x 6155051
 y 6151118
 z 6151856

Total characters:  160000000
DATA, 10000000, 100, elf20, 695.868000
 a 6150275
 b 6151694
 c 6157905
 d 6156670
 e 6151843
 f 6152513
 g 6153292
 h 6155462
 i 6155217
 j 6153262
 k 6154942
 l 6152156
 m 6153843
 n 6155212
 o 6154673
 p 6154663
 q 6153521
 r 6155682
 s 6153588
 t 6151459
 u 6150252
 v 6155762
 w 6158089
 x 6155051
 y 6151118
 z 6151856

Total characters:  160000000
DATA, 10000000, 100, elf32, 693.976000
 a 6150275
 b 6151694
 c 6157905
 d 6156670
 e 6151843
 f 6152513
 g 6153292
 h 6155462
 i 6155217
 j 6153262
 k 6154942
 l 6152156
 m 6153843
 n 6155212
 o 6154673
 p 6154663
 q 6153521
 r 6155682
 s 6153588
 t 6151459
 u 6150252
 v 6155762
 w 6158089
 x 6155051
 y 6151118
 z 6151856

Total characters:  160000000
DATA, 10000000, 100, elf20, 695.779000
 a 6150275
 b 6151694
 c 6157905
 d 6156670
 e 6151843
 f 6152513
 g 6153292
 h 6155462
 i 6155217
 j 6153262
 k 6154942
 l 6152156
 m 6153843
 n 6155212
 o 6154673
 p 6154663
 q 6153521
 r 6155682
 s 6153588
 t 6151459
 u 6150252
 v 6155762
 w 6158089
 x 6155051
 y 6151118
 z 6151856

Total characters:  160000000
DATA, 10000000, 100, elf32, 692.765000
 a 6150275
 b 6151694
 c 6157905
 d 6156670
 e 6151843
 f 6152513
 g 6153292
 h 6155462
 i 6155217
 j 6153262
 k 6154942
 l 6152156
 m 6153843
 n 6155212
 o 6154673
 p 6154663
 q 6153521
 r 6155682
 s 6153588
 t 6151459
 u 6150252
 v 6155762
 w 6158089
 x 6155051
 y 6151118
 z 6151856

Total characters:  160000000
DATA, 10000000, 100, elf20, 695.981000
 a 6150275
 b 6151694
 c 6157905
 d 6156670
 e 6151843
 f 6152513
 g 6153292
 h 6155462
 i 6155217
 j 6153262
 k 6154942
 l 6152156
 m 6153843
 n 6155212
 o 6154673
 p 6154663
 q 6153521
 r 6155682
 s 6153588
 t 6151459
 u 6150252
 v 6155762
 w 6158089
 x 6155051
 y 6151118
 z 6151856

Total characters:  160000000
DATA, 10000000, 100, elf09, 694.220000
 a 6150275
 b 6151694
 c 6157905
 d 6156670
 e 6151843
 f 6152513
 g 6153292
 h 6155462
 i 6155217
 j 6153262
 k 6154942
 l 6152156
 m 6153843
 n 6155212
 o 6154673
 p 6154663
 q 6153521
 r 6155682
 s 6153588
 t 6151459
 u 6150252
 v 6155762
 w 6158089
 x 6155051
 y 6151118
 z 6151856

Total characters:  160000000
DATA, 10000000, 100, elf09, 697.178000
 a 6150275
 b 6151694
 c 6157905
 d 6156670
 e 6151843
 f 6152513
 g 6153292
 h 6155462
 i 6155217
 j 6153262
 k 6154942
 l 6152156
 m 6153843
 n 6155212
 o 6154673
 p 6154663
 q 6153521
 r 6155682
 s 6153588
 t 6151459
 u 6150252
 v 6155762
 w 6158089
 x 6155051
 y 6151118
 z 6151856

Total characters:  160000000
DATA, 10000000, 100, elf25, 693.663000
 a 6150275
 b 6151694
 c 6157905
 d 6156670
 e 6151843
 f 6152513
 g 6153292
 h 6155462
 i 6155217
 j 6153262
 k 6154942
 l 6152156
 m 6153843
 n 6155212
 o 6154673
 p 6154663
 q 6153521
 r 6155682
 s 6153588
 t 6151459
 u 6150252
 v 6155762
 w 6158089
 x 6155051
 y 6151118
 z 6151856

Total characters:  160000000
DATA, 10000000, 100, elf35, 693.675000
 a 6150275
 b 6151694
 c 6157905
 d 6156670
 e 6151843
 f 6152513
 g 6153292
 h 6155462
 i 6155217
 j 6153262
 k 6154942
 l 6152156
 m 6153843
 n 6155212
 o 6154673
 p 6154663
 q 6153521
 r 6155682
 s 6153588
 t 6151459
 u 6150252
 v 6155762
 w 6158089
 x 6155051
 y 6151118
 z 6151856

Total characters:  160000000
DATA, 10000000, 100, elf25, 778.913000
 a 6150275
 b 6151694
 c 6157905
 d 6156670
 e 6151843
 f 6152513
 g 6153292
 h 6155462
 i 6155217
 j 6153262
 k 6154942
 l 6152156
 m 6153843
 n 6155212
 o 6154673
 p 6154663
 q 6153521
 r 6155682
 s 6153588
 t 6151459
 u 6150252
 v 6155762
 w 6158089
 x 6155051
 y 6151118
 z 6151856

Total characters:  160000000
DATA, 10000000, 100, elf09, 693.607000
 a 6150275
 b 6151694
 c 6157905
 d 6156670
 e 6151843
 f 6152513
 g 6153292
 h 6155462
 i 6155217
 j 6153262
 k 6154942
 l 6152156
 m 6153843
 n 6155212
 o 6154673
 p 6154663
 q 6153521
 r 6155682
 s 6153588
 t 6151459
 u 6150252
 v 6155762
 w 6158089
 x 6155051
 y 6151118
 z 6151856

Total characters:  160000000
DATA, 10000000, 100, elf09, 693.510000
 a 6150275
 b 6151694
 c 6157905
 d 6156670
 e 6151843
 f 6152513
 g 6153292
 h 6155462
 i 6155217
 j 6153262
 k 6154942
 l 6152156
 m 6153843
 n 6155212
 o 6154673
 p 6154663
 q 6153521
 r 6155682
 s 6153588
 t 6151459
 u 6150252
 v 6155762
 w 6158089
 x 6155051
 y 6151118
 z 6151856

Total characters:  160000000
DATA, 10000000, 100, elf27, 692.334000
 a 6150275
 b 6151694
 c 6157905
 d 6156670
 e 6151843
 f 6152513
 g 6153292
 h 6155462
 i 6155217
 j 6153262
 k 6154942
 l 6152156
 m 6153843
 n 6155212
 o 6154673
 p 6154663
 q 6153521
 r 6155682
 s 6153588
 t 6151459
 u 6150252
 v 6155762
 w 6158089
 x 6155051
 y 6151118
 z 6151856

Total characters:  160000000
DATA, 10000000, 100, elf27, 692.169000
 a 6150275
 b 6151694
 c 6157905
 d 6156670
 e 6151843
 f 6152513
 g 6153292
 h 6155462
 i 6155217
 j 6153262
 k 6154942
 l 6152156
 m 6153843
 n 6155212
 o 6154673
 p 6154663
 q 6153521
 r 6155682
 s 6153588
 t 6151459
 u 6150252
 v 6155762
 w 6158089
 x 6155051
 y 6151118
 z 6151856

Total characters:  160000000
DATA, 10000000, 100, elf27, 692.510000
 a 6150275
 b 6151694
 c 6157905
 d 6156670
 e 6151843
 f 6152513
 g 6153292
 h 6155462
 i 6155217
 j 6153262
 k 6154942
 l 6152156
 m 6153843
 n 6155212
 o 6154673
 p 6154663
 q 6153521
 r 6155682
 s 6153588
 t 6151459
 u 6150252
 v 6155762
 w 6158089
 x 6155051
 y 6151118
 z 6151856

Total characters:  160000000
DATA, 10000000, 100, elf27, 775.935000
 a 6150275
 b 6151694
 c 6157905
 d 6156670
 e 6151843
 f 6152513
 g 6153292
 h 6155462
 i 6155217
 j 6153262
 k 6154942
 l 6152156
 m 6153843
 n 6155212
 o 6154673
 p 6154663
 q 6153521
 r 6155682
 s 6153588
 t 6151459
 u 6150252
 v 6155762
 w 6158089
 x 6155051
 y 6151118
 z 6151856

Total characters:  160000000
DATA, 10000000, 100, elf09, 778.787000
 a 6150275
 b 6151694
 c 6157905
 d 6156670
 e 6151843
 f 6152513
 g 6153292
 h 6155462
 i 6155217
 j 6153262
 k 6154942
 l 6152156
 m 6153843
 n 6155212
 o 6154673
 p 6154663
 q 6153521
 r 6155682
 s 6153588
 t 6151459
 u 6150252
 v 6155762
 w 6158089
 x 6155051
 y 6151118
 z 6151856

Total characters:  160000000
DATA, 10000000, 100, elf20, 778.711000
 a 6150275
 b 6151694
 c 6157905
 d 6156670
 e 6151843
 f 6152513
 g 6153292
 h 6155462
 i 6155217
 j 6153262
 k 6154942
 l 6152156
 m 6153843
 n 6155212
 o 6154673
 p 6154663
 q 6153521
 r 6155682
 s 6153588
 t 6151459
 u 6150252
 v 6155762
 w 6158089
 x 6155051
 y 6151118
 z 6151856

Total characters:  160000000
DATA, 10000000, 100, elf27, 776.985000
 a 6150275
 b 6151694
 c 6157905
 d 6156670
 e 6151843
 f 6152513
 g 6153292
 h 6155462
 i 6155217
 j 6153262
 k 6154942
 l 6152156
 m 6153843
 n 6155212
 o 6154673
 p 6154663
 q 6153521
 r 6155682
 s 6153588
 t 6151459
 u 6150252
 v 6155762
 w 6158089
 x 6155051
 y 6151118
 z 6151856

Total characters:  160000000
DATA, 10000000, 100, elf20, 778.104000
 a 6150275
 b 6151694
 c 6157905
 d 6156670
 e 6151843
 f 6152513
 g 6153292
 h 6155462
 i 6155217
 j 6153262
 k 6154942
 l 6152156
 m 6153843
 n 6155212
 o 6154673
 p 6154663
 q 6153521
 r 6155682
 s 6153588
 t 6151459
 u 6150252
 v 6155762
 w 6158089
 x 6155051
 y 6151118
 z 6151856

Total characters:  160000000
DATA, 10000000, 100, elf09, 779.156000
 a 6150275
 b 6151694
 c 6157905
 d 6156670
 e 6151843
 f 6152513
 g 6153292
 h 6155462
 i 6155217
 j 6153262
 k 6154942
 l 6152156
 m 6153843
 n 6155212
 o 6154673
 p 6154663
 q 6153521
 r 6155682
 s 6153588
 t 6151459
 u 6150252
 v 6155762
 w 6158089
 x 6155051
 y 6151118
 z 6151856

Total characters:  160000000
DATA, 10000000, 100, elf25, 781.060000
 a 6150275
 b 6151694
 c 6157905
 d 6156670
 e 6151843
 f 6152513
 g 6153292
 h 6155462
 i 6155217
 j 6153262
 k 6154942
 l 6152156
 m 6153843
 n 6155212
 o 6154673
 p 6154663
 q 6153521
 r 6155682
 s 6153588
 t 6151459
 u 6150252
 v 6155762
 w 6158089
 x 6155051
 y 6151118
 z 6151856

Total characters:  160000000
DATA, 10000000, 100, elf27, 778.096000
 a 6150275
 b 6151694
 c 6157905
 d 6156670
 e 6151843
 f 6152513
 g 6153292
 h 6155462
 i 6155217
 j 6153262
 k 6154942
 l 6152156
 m 6153843
 n 6155212
 o 6154673
 p 6154663
 q 6153521
 r 6155682
 s 6153588
 t 6151459
 u 6150252
 v 6155762
 w 6158089
 x 6155051
 y 6151118
 z 6151856

Total characters:  160000000
DATA, 10000000, 100, elf35, 779.664000
 a 6150275
 b 6151694
 c 6157905
 d 6156670
 e 6151843
 f 6152513
 g 6153292
 h 6155462
 i 6155217
 j 6153262
 k 6154942
 l 6152156
 m 6153843
 n 6155212
 o 6154673
 p 6154663
 q 6153521
 r 6155682
 s 6153588
 t 6151459
 u 6150252
 v 6155762
 w 6158089
 x 6155051
 y 6151118
 z 6151856

Total characters:  160000000
DATA, 10000000, 100, elf35, 776.415000
 a 6150275
 b 6151694
 c 6157905
 d 6156670
 e 6151843
 f 6152513
 g 6153292
 h 6155462
 i 6155217
 j 6153262
 k 6154942
 l 6152156
 m 6153843
 n 6155212
 o 6154673
 p 6154663
 q 6153521
 r 6155682
 s 6153588
 t 6151459
 u 6150252
 v 6155762
 w 6158089
 x 6155051
 y 6151118
 z 6151856

Total characters:  160000000
DATA, 10000000, 100, elf20, 779.425000
 a 6150275
 b 6151694
 c 6157905
 d 6156670
 e 6151843
 f 6152513
 g 6153292
 h 6155462
 i 6155217
 j 6153262
 k 6154942
 l 6152156
 m 6153843
 n 6155212
 o 6154673
 p 6154663
 q 6153521
 r 6155682
 s 6153588
 t 6151459
 u 6150252
 v 6155762
 w 6158089
 x 6155051
 y 6151118
 z 6151856

Total characters:  160000000
DATA, 10000000, 100, elf32, 777.153000
 a 6150275
 b 6151694
 c 6157905
 d 6156670
 e 6151843
 f 6152513
 g 6153292
 h 6155462
 i 6155217
 j 6153262
 k 6154942
 l 6152156
 m 6153843
 n 6155212
 o 6154673
 p 6154663
 q 6153521
 r 6155682
 s 6153588
 t 6151459
 u 6150252
 v 6155762
 w 6158089
 x 6155051
 y 6151118
 z 6151856

Total characters:  160000000
DATA, 10000000, 100, elf35, 779.220000
 a 6150275
 b 6151694
 c 6157905
 d 6156670
 e 6151843
 f 6152513
 g 6153292
 h 6155462
 i 6155217
 j 6153262
 k 6154942
 l 6152156
 m 6153843
 n 6155212
 o 6154673
 p 6154663
 q 6153521
 r 6155682
 s 6153588
 t 6151459
 u 6150252
 v 6155762
 w 6158089
 x 6155051
 y 6151118
 z 6151856

Total characters:  160000000
DATA, 10000000, 100, elf35, 780.102000
 a 6150275
 b 6151694
 c 6157905
 d 6156670
 e 6151843
 f 6152513
 g 6153292
 h 6155462
 i 6155217
 j 6153262
 k 6154942
 l 6152156
 m 6153843
 n 6155212
 o 6154673
 p 6154663
 q 6153521
 r 6155682
 s 6153588
 t 6151459
 u 6150252
 v 6155762
 w 6158089
 x 6155051
 y 6151118
 z 6151856

Total characters:  160000000
DATA, 10000000, 100, elf27, 778.607000
 a 6150275
 b 6151694
 c 6157905
 d 6156670
 e 6151843
 f 6152513
 g 6153292
 h 6155462
 i 6155217
 j 6153262
 k 6154942
 l 6152156
 m 6153843
 n 6155212
 o 6154673
 p 6154663
 q 6153521
 r 6155682
 s 6153588
 t 6151459
 u 6150252
 v 6155762
 w 6158089
 x 6155051
 y 6151118
 z 6151856

Total characters:  160000000
DATA, 10000000, 100, elf32, 778.014000
 a 6150275
 b 6151694
 c 6157905
 d 6156670
 e 6151843
 f 6152513
 g 6153292
 h 6155462
 i 6155217
 j 6153262
 k 6154942
 l 6152156
 m 6153843
 n 6155212
 o 6154673
 p 6154663
 q 6153521
 r 6155682
 s 6153588
 t 6151459
 u 6150252
 v 6155762
 w 6158089
 x 6155051
 y 6151118
 z 6151856

Total characters:  160000000
DATA, 10000000, 100, elf25, 786.016000
 a 6150275
 b 6151694
 c 6157905
 d 6156670
 e 6151843
 f 6152513
 g 6153292
 h 6155462
 i 6155217
 j 6153262
 k 6154942
 l 6152156
 m 6153843
 n 6155212
 o 6154673
 p 6154663
 q 6153521
 r 6155682
 s 6153588
 t 6151459
 u 6150252
 v 6155762
 w 6158089
 x 6155051
 y 6151118
 z 6151856

Total characters:  160000000
DATA, 10000000, 100, elf27, 780.418000
 a 6150275
 b 6151694
 c 6157905
 d 6156670
 e 6151843
 f 6152513
 g 6153292
 h 6155462
 i 6155217
 j 6153262
 k 6154942
 l 6152156
 m 6153843
 n 6155212
 o 6154673
 p 6154663
 q 6153521
 r 6155682
 s 6153588
 t 6151459
 u 6150252
 v 6155762
 w 6158089
 x 6155051
 y 6151118
 z 6151856

Total characters:  160000000
DATA, 10000000, 100, elf35, 779.597000
 a 6150275
 b 6151694
 c 6157905
 d 6156670
 e 6151843
 f 6152513
 g 6153292
 h 6155462
 i 6155217
 j 6153262
 k 6154942
 l 6152156
 m 6153843
 n 6155212
 o 6154673
 p 6154663
 q 6153521
 r 6155682
 s 6153588
 t 6151459
 u 6150252
 v 6155762
 w 6158089
 x 6155051
 y 6151118
 z 6151856

Total characters:  160000000
DATA, 10000000, 100, elf09, 778.227000
 a 6150275
 b 6151694
 c 6157905
 d 6156670
 e 6151843
 f 6152513
 g 6153292
 h 6155462
 i 6155217
 j 6153262
 k 6154942
 l 6152156
 m 6153843
 n 6155212
 o 6154673
 p 6154663
 q 6153521
 r 6155682
 s 6153588
 t 6151459
 u 6150252
 v 6155762
 w 6158089
 x 6155051
 y 6151118
 z 6151856

Total characters:  160000000
DATA, 10000000, 100, elf35, 776.612000
 a 6150275
 b 6151694
 c 6157905
 d 6156670
 e 6151843
 f 6152513
 g 6153292
 h 6155462
 i 6155217
 j 6153262
 k 6154942
 l 6152156
 m 6153843
 n 6155212
 o 6154673
 p 6154663
 q 6153521
 r 6155682
 s 6153588
 t 6151459
 u 6150252
 v 6155762
 w 6158089
 x 6155051
 y 6151118
 z 6151856

Total characters:  160000000
DATA, 10000000, 100, elf32, 785.723000
 a 6150275
 b 6151694
 c 6157905
 d 6156670
 e 6151843
 f 6152513
 g 6153292
 h 6155462
 i 6155217
 j 6153262
 k 6154942
 l 6152156
 m 6153843
 n 6155212
 o 6154673
 p 6154663
 q 6153521
 r 6155682
 s 6153588
 t 6151459
 u 6150252
 v 6155762
 w 6158089
 x 6155051
 y 6151118
 z 6151856

Total characters:  160000000
DATA, 10000000, 100, elf20, 784.647000
 a 6150275
 b 6151694
 c 6157905
 d 6156670
 e 6151843
 f 6152513
 g 6153292
 h 6155462
 i 6155217
 j 6153262
 k 6154942
 l 6152156
 m 6153843
 n 6155212
 o 6154673
 p 6154663
 q 6153521
 r 6155682
 s 6153588
 t 6151459
 u 6150252
 v 6155762
 w 6158089
 x 6155051
 y 6151118
 z 6151856

Total characters:  160000000
DATA, 10000000, 100, elf32, 779.454000
 a 6150275
 b 6151694
 c 6157905
 d 6156670
 e 6151843
 f 6152513
 g 6153292
 h 6155462
 i 6155217
 j 6153262
 k 6154942
 l 6152156
 m 6153843
 n 6155212
 o 6154673
 p 6154663
 q 6153521
 r 6155682
 s 6153588
 t 6151459
 u 6150252
 v 6155762
 w 6158089
 x 6155051
 y 6151118
 z 6151856

Total characters:  160000000
DATA, 10000000, 100, elf32, 781.101000
 a 6150275
 b 6151694
 c 6157905
 d 6156670
 e 6151843
 f 6152513
 g 6153292
 h 6155462
 i 6155217
 j 6153262
 k 6154942
 l 6152156
 m 6153843
 n 6155212
 o 6154673
 p 6154663
 q 6153521
 r 6155682
 s 6153588
 t 6151459
 u 6150252
 v 6155762
 w 6158089
 x 6155051
 y 6151118
 z 6151856

Total characters:  160000000
DATA, 10000000, 100, elf25, 777.810000
 a 6150275
 b 6151694
 c 6157905
 d 6156670
 e 6151843
 f 6152513
 g 6153292
 h 6155462
 i 6155217
 j 6153262
 k 6154942
 l 6152156
 m 6153843
 n 6155212
 o 6154673
 p 6154663
 q 6153521
 r 6155682
 s 6153588
 t 6151459
 u 6150252
 v 6155762
 w 6158089
 x 6155051
 y 6151118
 z 6151856

Total characters:  160000000
DATA, 10000000, 100, elf09, 783.712000
 a 6150275
 b 6151694
 c 6157905
 d 6156670
 e 6151843
 f 6152513
 g 6153292
 h 6155462
 i 6155217
 j 6153262
 k 6154942
 l 6152156
 m 6153843
 n 6155212
 o 6154673
 p 6154663
 q 6153521
 r 6155682
 s 6153588
 t 6151459
 u 6150252
 v 6155762
 w 6158089
 x 6155051
 y 6151118
 z 6151856

Total characters:  160000000
DATA, 10000000, 100, elf20, 788.239000
 a 6150275
 b 6151694
 c 6157905
 d 6156670
 e 6151843
 f 6152513
 g 6153292
 h 6155462
 i 6155217
 j 6153262
 k 6154942
 l 6152156
 m 6153843
 n 6155212
 o 6154673
 p 6154663
 q 6153521
 r 6155682
 s 6153588
 t 6151459
 u 6150252
 v 6155762
 w 6158089
 x 6155051
 y 6151118
 z 6151856

Total characters:  160000000
DATA, 10000000, 100, elf32, 776.635000
 a 6150275
 b 6151694
 c 6157905
 d 6156670
 e 6151843
 f 6152513
 g 6153292
 h 6155462
 i 6155217
 j 6153262
 k 6154942
 l 6152156
 m 6153843
 n 6155212
 o 6154673
 p 6154663
 q 6153521
 r 6155682
 s 6153588
 t 6151459
 u 6150252
 v 6155762
 w 6158089
 x 6155051
 y 6151118
 z 6151856

Total characters:  160000000
DATA, 10000000, 100, elf27, 777.584000
 a 6150275
 b 6151694
 c 6157905
 d 6156670
 e 6151843
 f 6152513
 g 6153292
 h 6155462
 i 6155217
 j 6153262
 k 6154942
 l 6152156
 m 6153843
 n 6155212
 o 6154673
 p 6154663
 q 6153521
 r 6155682
 s 6153588
 t 6151459
 u 6150252
 v 6155762
 w 6158089
 x 6155051
 y 6151118
 z 6151856

Total characters:  160000000
DATA, 10000000, 100, elf20, 786.406000
 a 6150275
 b 6151694
 c 6157905
 d 6156670
 e 6151843
 f 6152513
 g 6153292
 h 6155462
 i 6155217
 j 6153262
 k 6154942
 l 6152156
 m 6153843
 n 6155212
 o 6154673
 p 6154663
 q 6153521
 r 6155682
 s 6153588
 t 6151459
 u 6150252
 v 6155762
 w 6158089
 x 6155051
 y 6151118
 z 6151856

Total characters:  160000000
DATA, 10000000, 100, elf27, 776.379000
 a 6150275
 b 6151694
 c 6157905
 d 6156670
 e 6151843
 f 6152513
 g 6153292
 h 6155462
 i 6155217
 j 6153262
 k 6154942
 l 6152156
 m 6153843
 n 6155212
 o 6154673
 p 6154663
 q 6153521
 r 6155682
 s 6153588
 t 6151459
 u 6150252
 v 6155762
 w 6158089
 x 6155051
 y 6151118
 z 6151856

Total characters:  160000000
DATA, 10000000, 100, elf32, 778.324000
 a 6150275
 b 6151694
 c 6157905
 d 6156670
 e 6151843
 f 6152513
 g 6153292
 h 6155462
 i 6155217
 j 6153262
 k 6154942
 l 6152156
 m 6153843
 n 6155212
 o 6154673
 p 6154663
 q 6153521
 r 6155682
 s 6153588
 t 6151459
 u 6150252
 v 6155762
 w 6158089
 x 6155051
 y 6151118
 z 6151856

Total characters:  160000000
DATA, 10000000, 100, elf20, 788.894000
 a 6150275
 b 6151694
 c 6157905
 d 6156670
 e 6151843
 f 6152513
 g 6153292
 h 6155462
 i 6155217
 j 6153262
 k 6154942
 l 6152156
 m 6153843
 n 6155212
 o 6154673
 p 6154663
 q 6153521
 r 6155682
 s 6153588
 t 6151459
 u 6150252
 v 6155762
 w 6158089
 x 6155051
 y 6151118
 z 6151856

Total characters:  160000000
DATA, 10000000, 100, elf32, 779.383000
 a 6150275
 b 6151694
 c 6157905
 d 6156670
 e 6151843
 f 6152513
 g 6153292
 h 6155462
 i 6155217
 j 6153262
 k 6154942
 l 6152156
 m 6153843
 n 6155212
 o 6154673
 p 6154663
 q 6153521
 r 6155682
 s 6153588
 t 6151459
 u 6150252
 v 6155762
 w 6158089
 x 6155051
 y 6151118
 z 6151856

Total characters:  160000000
DATA, 10000000, 100, elf27, 786.486000
 a 6150275
 b 6151694
 c 6157905
 d 6156670
 e 6151843
 f 6152513
 g 6153292
 h 6155462
 i 6155217
 j 6153262
 k 6154942
 l 6152156
 m 6153843
 n 6155212
 o 6154673
 p 6154663
 q 6153521
 r 6155682
 s 6153588
 t 6151459
 u 6150252
 v 6155762
 w 6158089
 x 6155051
 y 6151118
 z 6151856

Total characters:  160000000
DATA, 10000000, 100, elf32, 779.017000
 a 6150275
 b 6151694
 c 6157905
 d 6156670
 e 6151843
 f 6152513
 g 6153292
 h 6155462
 i 6155217
 j 6153262
 k 6154942
 l 6152156
 m 6153843
 n 6155212
 o 6154673
 p 6154663
 q 6153521
 r 6155682
 s 6153588
 t 6151459
 u 6150252
 v 6155762
 w 6158089
 x 6155051
 y 6151118
 z 6151856

Total characters:  160000000
DATA, 10000000, 100, elf32, 783.317000
 a 6150275
 b 6151694
 c 6157905
 d 6156670
 e 6151843
 f 6152513
 g 6153292
 h 6155462
 i 6155217
 j 6153262
 k 6154942
 l 6152156
 m 6153843
 n 6155212
 o 6154673
 p 6154663
 q 6153521
 r 6155682
 s 6153588
 t 6151459
 u 6150252
 v 6155762
 w 6158089
 x 6155051
 y 6151118
 z 6151856

Total characters:  160000000
DATA, 10000000, 100, elf32, 778.045000
 a 6150275
 b 6151694
 c 6157905
 d 6156670
 e 6151843
 f 6152513
 g 6153292
 h 6155462
 i 6155217
 j 6153262
 k 6154942
 l 6152156
 m 6153843
 n 6155212
 o 6154673
 p 6154663
 q 6153521
 r 6155682
 s 6153588
 t 6151459
 u 6150252
 v 6155762
 w 6158089
 x 6155051
 y 6151118
 z 6151856

Total characters:  160000000
DATA, 10000000, 100, elf20, 780.616000
 a 6150275
 b 6151694
 c 6157905
 d 6156670
 e 6151843
 f 6152513
 g 6153292
 h 6155462
 i 6155217
 j 6153262
 k 6154942
 l 6152156
 m 6153843
 n 6155212
 o 6154673
 p 6154663
 q 6153521
 r 6155682
 s 6153588
 t 6151459
 u 6150252
 v 6155762
 w 6158089
 x 6155051
 y 6151118
 z 6151856

Total characters:  160000000
DATA, 10000000, 100, elf25, 780.343000
 a 6150275
 b 6151694
 c 6157905
 d 6156670
 e 6151843
 f 6152513
 g 6153292
 h 6155462
 i 6155217
 j 6153262
 k 6154942
 l 6152156
 m 6153843
 n 6155212
 o 6154673
 p 6154663
 q 6153521
 r 6155682
 s 6153588
 t 6151459
 u 6150252
 v 6155762
 w 6158089
 x 6155051
 y 6151118
 z 6151856

Total characters:  160000000
DATA, 10000000, 100, elf25, 780.746000
 a 6150275
 b 6151694
 c 6157905
 d 6156670
 e 6151843
 f 6152513
 g 6153292
 h 6155462
 i 6155217
 j 6153262
 k 6154942
 l 6152156
 m 6153843
 n 6155212
 o 6154673
 p 6154663
 q 6153521
 r 6155682
 s 6153588
 t 6151459
 u 6150252
 v 6155762
 w 6158089
 x 6155051
 y 6151118
 z 6151856

Total characters:  160000000
DATA, 10000000, 100, elf09, 779.978000
 a 6150275
 b 6151694
 c 6157905
 d 6156670
 e 6151843
 f 6152513
 g 6153292
 h 6155462
 i 6155217
 j 6153262
 k 6154942
 l 6152156
 m 6153843
 n 6155212
 o 6154673
 p 6154663
 q 6153521
 r 6155682
 s 6153588
 t 6151459
 u 6150252
 v 6155762
 w 6158089
 x 6155051
 y 6151118
 z 6151856

Total characters:  160000000
DATA, 10000000, 100, elf25, 781.755000
 a 6150275
 b 6151694
 c 6157905
 d 6156670
 e 6151843
 f 6152513
 g 6153292
 h 6155462
 i 6155217
 j 6153262
 k 6154942
 l 6152156
 m 6153843
 n 6155212
 o 6154673
 p 6154663
 q 6153521
 r 6155682
 s 6153588
 t 6151459
 u 6150252
 v 6155762
 w 6158089
 x 6155051
 y 6151118
 z 6151856

Total characters:  160000000
DATA, 10000000, 100, elf35, 781.219000
 a 6150275
 b 6151694
 c 6157905
 d 6156670
 e 6151843
 f 6152513
 g 6153292
 h 6155462
 i 6155217
 j 6153262
 k 6154942
 l 6152156
 m 6153843
 n 6155212
 o 6154673
 p 6154663
 q 6153521
 r 6155682
 s 6153588
 t 6151459
 u 6150252
 v 6155762
 w 6158089
 x 6155051
 y 6151118
 z 6151856

Total characters:  160000000
DATA, 10000000, 100, elf32, 781.462000
 a 6150275
 b 6151694
 c 6157905
 d 6156670
 e 6151843
 f 6152513
 g 6153292
 h 6155462
 i 6155217
 j 6153262
 k 6154942
 l 6152156
 m 6153843
 n 6155212
 o 6154673
 p 6154663
 q 6153521
 r 6155682
 s 6153588
 t 6151459
 u 6150252
 v 6155762
 w 6158089
 x 6155051
 y 6151118
 z 6151856

Total characters:  160000000
DATA, 10000000, 100, elf25, 781.575000
 a 6150275
 b 6151694
 c 6157905
 d 6156670
 e 6151843
 f 6152513
 g 6153292
 h 6155462
 i 6155217
 j 6153262
 k 6154942
 l 6152156
 m 6153843
 n 6155212
 o 6154673
 p 6154663
 q 6153521
 r 6155682
 s 6153588
 t 6151459
 u 6150252
 v 6155762
 w 6158089
 x 6155051
 y 6151118
 z 6151856

Total characters:  160000000
DATA, 10000000, 100, elf25, 778.679000
 a 6150275
 b 6151694
 c 6157905
 d 6156670
 e 6151843
 f 6152513
 g 6153292
 h 6155462
 i 6155217
 j 6153262
 k 6154942
 l 6152156
 m 6153843
 n 6155212
 o 6154673
 p 6154663
 q 6153521
 r 6155682
 s 6153588
 t 6151459
 u 6150252
 v 6155762
 w 6158089
 x 6155051
 y 6151118
 z 6151856

Total characters:  160000000
DATA, 10000000, 100, elf35, 782.289000
 a 6150275
 b 6151694
 c 6157905
 d 6156670
 e 6151843
 f 6152513
 g 6153292
 h 6155462
 i 6155217
 j 6153262
 k 6154942
 l 6152156
 m 6153843
 n 6155212
 o 6154673
 p 6154663
 q 6153521
 r 6155682
 s 6153588
 t 6151459
 u 6150252
 v 6155762
 w 6158089
 x 6155051
 y 6151118
 z 6151856

Total characters:  160000000
DATA, 10000000, 100, elf25, 782.053000
 a 6150275
 b 6151694
 c 6157905
 d 6156670
 e 6151843
 f 6152513
 g 6153292
 h 6155462
 i 6155217
 j 6153262
 k 6154942
 l 6152156
 m 6153843
 n 6155212
 o 6154673
 p 6154663
 q 6153521
 r 6155682
 s 6153588
 t 6151459
 u 6150252
 v 6155762
 w 6158089
 x 6155051
 y 6151118
 z 6151856

Total characters:  160000000
DATA, 10000000, 100, elf25, 779.794000
 a 6150275
 b 6151694
 c 6157905
 d 6156670
 e 6151843
 f 6152513
 g 6153292
 h 6155462
 i 6155217
 j 6153262
 k 6154942
 l 6152156
 m 6153843
 n 6155212
 o 6154673
 p 6154663
 q 6153521
 r 6155682
 s 6153588
 t 6151459
 u 6150252
 v 6155762
 w 6158089
 x 6155051
 y 6151118
 z 6151856

Total characters:  160000000
DATA, 10000000, 100, elf35, 779.718000
 a 6150275
 b 6151694
 c 6157905
 d 6156670
 e 6151843
 f 6152513
 g 6153292
 h 6155462
 i 6155217
 j 6153262
 k 6154942
 l 6152156
 m 6153843
 n 6155212
 o 6154673
 p 6154663
 q 6153521
 r 6155682
 s 6153588
 t 6151459
 u 6150252
 v 6155762
 w 6158089
 x 6155051
 y 6151118
 z 6151856

Total characters:  160000000
DATA, 10000000, 100, elf35, 780.848000
 a 6150275
 b 6151694
 c 6157905
 d 6156670
 e 6151843
 f 6152513
 g 6153292
 h 6155462
 i 6155217
 j 6153262
 k 6154942
 l 6152156
 m 6153843
 n 6155212
 o 6154673
 p 6154663
 q 6153521
 r 6155682
 s 6153588
 t 6151459
 u 6150252
 v 6155762
 w 6158089
 x 6155051
 y 6151118
 z 6151856

Total characters:  160000000
DATA, 10000000, 100, elf27, 779.449000
 a 6150275
 b 6151694
 c 6157905
 d 6156670
 e 6151843
 f 6152513
 g 6153292
 h 6155462
 i 6155217
 j 6153262
 k 6154942
 l 6152156
 m 6153843
 n 6155212
 o 6154673
 p 6154663
 q 6153521
 r 6155682
 s 6153588
 t 6151459
 u 6150252
 v 6155762
 w 6158089
 x 6155051
 y 6151118
 z 6151856

Total characters:  160000000
DATA, 10000000, 100, elf35, 778.575000
 a 6150275
 b 6151694
 c 6157905
 d 6156670
 e 6151843
 f 6152513
 g 6153292
 h 6155462
 i 6155217
 j 6153262
 k 6154942
 l 6152156
 m 6153843
 n 6155212
 o 6154673
 p 6154663
 q 6153521
 r 6155682
 s 6153588
 t 6151459
 u 6150252
 v 6155762
 w 6158089
 x 6155051
 y 6151118
 z 6151856

Total characters:  160000000
DATA, 10000000, 100, elf09, 781.454000
 a 6150275
 b 6151694
 c 6157905
 d 6156670
 e 6151843
 f 6152513
 g 6153292
 h 6155462
 i 6155217
 j 6153262
 k 6154942
 l 6152156
 m 6153843
 n 6155212
 o 6154673
 p 6154663
 q 6153521
 r 6155682
 s 6153588
 t 6151459
 u 6150252
 v 6155762
 w 6158089
 x 6155051
 y 6151118
 z 6151856

Total characters:  160000000
DATA, 10000000, 100, elf35, 782.191000
 a 6150275
 b 6151694
 c 6157905
 d 6156670
 e 6151843
 f 6152513
 g 6153292
 h 6155462
 i 6155217
 j 6153262
 k 6154942
 l 6152156
 m 6153843
 n 6155212
 o 6154673
 p 6154663
 q 6153521
 r 6155682
 s 6153588
 t 6151459
 u 6150252
 v 6155762
 w 6158089
 x 6155051
 y 6151118
 z 6151856

Total characters:  160000000
DATA, 10000000, 100, elf09, 780.526000
 a 6150275
 b 6151694
 c 6157905
 d 6156670
 e 6151843
 f 6152513
 g 6153292
 h 6155462
 i 6155217
 j 6153262
 k 6154942
 l 6152156
 m 6153843
 n 6155212
 o 6154673
 p 6154663
 q 6153521
 r 6155682
 s 6153588
 t 6151459
 u 6150252
 v 6155762
 w 6158089
 x 6155051
 y 6151118
 z 6151856

Total characters:  160000000
DATA, 10000000, 100, elf09, 779.179000
 a 6150275
 b 6151694
 c 6157905
 d 6156670
 e 6151843
 f 6152513
 g 6153292
 h 6155462
 i 6155217
 j 6153262
 k 6154942
 l 6152156
 m 6153843
 n 6155212
 o 6154673
 p 6154663
 q 6153521
 r 6155682
 s 6153588
 t 6151459
 u 6150252
 v 6155762
 w 6158089
 x 6155051
 y 6151118
 z 6151856

Total characters:  160000000
DATA, 10000000, 100, elf09, 778.316000
 a 6150275
 b 6151694
 c 6157905
 d 6156670
 e 6151843
 f 6152513
 g 6153292
 h 6155462
 i 6155217
 j 6153262
 k 6154942
 l 6152156
 m 6153843
 n 6155212
 o 6154673
 p 6154663
 q 6153521
 r 6155682
 s 6153588
 t 6151459
 u 6150252
 v 6155762
 w 6158089
 x 6155051
 y 6151118
 z 6151856

Total characters:  160000000
DATA, 10000000, 100, elf20, 777.490000
 a 6150275
 b 6151694
 c 6157905
 d 6156670
 e 6151843
 f 6152513
 g 6153292
 h 6155462
 i 6155217
 j 6153262
 k 6154942
 l 6152156
 m 6153843
 n 6155212
 o 6154673
 p 6154663
 q 6153521
 r 6155682
 s 6153588
 t 6151459
 u 6150252
 v 6155762
 w 6158089
 x 6155051
 y 6151118
 z 6151856

Total characters:  160000000
DATA, 10000000, 100, elf27, 780.463000
 a 6150275
 b 6151694
 c 6157905
 d 6156670
 e 6151843
 f 6152513
 g 6153292
 h 6155462
 i 6155217
 j 6153262
 k 6154942
 l 6152156
 m 6153843
 n 6155212
 o 6154673
 p 6154663
 q 6153521
 r 6155682
 s 6153588
 t 6151459
 u 6150252
 v 6155762
 w 6158089
 x 6155051
 y 6151118
 z 6151856

Total characters:  160000000
DATA, 10000000, 100, elf09, 780.257000
 a 6150275
 b 6151694
 c 6157905
 d 6156670
 e 6151843
 f 6152513
 g 6153292
 h 6155462
 i 6155217
 j 6153262
 k 6154942
 l 6152156
 m 6153843
 n 6155212
 o 6154673
 p 6154663
 q 6153521
 r 6155682
 s 6153588
 t 6151459
 u 6150252
 v 6155762
 w 6158089
 x 6155051
 y 6151118
 z 6151856

Total characters:  160000000
DATA, 10000000, 100, elf20, 775.489000
 a 6150275
 b 6151694
 c 6157905
 d 6156670
 e 6151843
 f 6152513
 g 6153292
 h 6155462
 i 6155217
 j 6153262
 k 6154942
 l 6152156
 m 6153843
 n 6155212
 o 6154673
 p 6154663
 q 6153521
 r 6155682
 s 6153588
 t 6151459
 u 6150252
 v 6155762
 w 6158089
 x 6155051
 y 6151118
 z 6151856

Total characters:  160000000
DATA, 10000000, 100, elf20, 774.046000
 a 6150275
 b 6151694
 c 6157905
 d 6156670
 e 6151843
 f 6152513
 g 6153292
 h 6155462
 i 6155217
 j 6153262
 k 6154942
 l 6152156
 m 6153843
 n 6155212
 o 6154673
 p 6154663
 q 6153521
 r 6155682
 s 6153588
 t 6151459
 u 6150252
 v 6155762
 w 6158089
 x 6155051
 y 6151118
 z 6151856

Total characters:  160000000
DATA, 10000000, 100, elf27, 771.740000
 a 6150275
 b 6151694
 c 6157905
 d 6156670
 e 6151843
 f 6152513
 g 6153292
 h 6155462
 i 6155217
 j 6153262
 k 6154942
 l 6152156
 m 6153843
 n 6155212
 o 6154673
 p 6154663
 q 6153521
 r 6155682
 s 6153588
 t 6151459
 u 6150252
 v 6155762
 w 6158089
 x 6155051
 y 6151118
 z 6151856

Total characters:  160000000
DATA, 10000000, 100, elf09, 1730.180000
 a 6150275
 b 6151694
 c 6157905
 d 6156670
 e 6151843
 f 6152513
 g 6153292
 h 6155462
 i 6155217
 j 6153262
 k 6154942
 l 6152156
 m 6153843
 n 6155212
 o 6154673
 p 6154663
 q 6153521
 r 6155682
 s 6153588
 t 6151459
 u 6150252
 v 6155762
 w 6158089
 x 6155051
 y 6151118
 z 6151856

Total characters:  160000000
DATA, 10000000, 100, elf27, 1853.020000
 a 6150275
 b 6151694
 c 6157905
 d 6156670
 e 6151843
 f 6152513
 g 6153292
 h 6155462
 i 6155217
 j 6153262
 k 6154942
 l 6152156
 m 6153843
 n 6155212
 o 6154673
 p 6154663
 q 6153521
 r 6155682
 s 6153588
 t 6151459
 u 6150252
 v 6155762
 w 6158089
 x 6155051
 y 6151118
 z 6151856

Total characters:  160000000
DATA, 10000000, 100, elf36, 3300.069000
 a 6150275
 b 6151694
 c 6157905
 d 6156670
 e 6151843
 f 6152513
 g 6153292
 h 6155462
 i 6155217
 j 6153262
 k 6154942
 l 6152156
 m 6153843
 n 6155212
 o 6154673
 p 6154663
 q 6153521
 r 6155682
 s 6153588
 t 6151459
 u 6150252
 v 6155762
 w 6158089
 x 6155051
 y 6151118
 z 6151856

Total characters:  160000000
DATA, 10000000, 100, elf36, 3308.226000
 a 6150275
 b 6151694
 c 6157905
 d 6156670
 e 6151843
 f 6152513
 g 6153292
 h 6155462
 i 6155217
 j 6153262
 k 6154942
 l 6152156
 m 6153843
 n 6155212
 o 6154673
 p 6154663
 q 6153521
 r 6155682
 s 6153588
 t 6151459
 u 6150252
 v 6155762
 w 6158089
 x 6155051
 y 6151118
 z 6151856

Total characters:  160000000
DATA, 10000000, 100, elf36, 3311.298000
 a 6150275
 b 6151694
 c 6157905
 d 6156670
 e 6151843
 f 6152513
 g 6153292
 h 6155462
 i 6155217
 j 6153262
 k 6154942
 l 6152156
 m 6153843
 n 6155212
 o 6154673
 p 6154663
 q 6153521
 r 6155682
 s 6153588
 t 6151459
 u 6150252
 v 6155762
 w 6158089
 x 6155051
 y 6151118
 z 6151856

Total characters:  160000000
DATA, 10000000, 100, elf32, 3375.689000
 a 6150275
 b 6151694
 c 6157905
 d 6156670
 e 6151843
 f 6152513
 g 6153292
 h 6155462
 i 6155217
 j 6153262
 k 6154942
 l 6152156
 m 6153843
 n 6155212
 o 6154673
 p 6154663
 q 6153521
 r 6155682
 s 6153588
 t 6151459
 u 6150252
 v 6155762
 w 6158089
 x 6155051
 y 6151118
 z 6151856

Total characters:  160000000
DATA, 10000000, 100, elf35, 3380.992000
 a 6150275
 b 6151694
 c 6157905
 d 6156670
 e 6151843
 f 6152513
 g 6153292
 h 6155462
 i 6155217
 j 6153262
 k 6154942
 l 6152156
 m 6153843
 n 6155212
 o 6154673
 p 6154663
 q 6153521
 r 6155682
 s 6153588
 t 6151459
 u 6150252
 v 6155762
 w 6158089
 x 6155051
 y 6151118
 z 6151856

Total characters:  160000000
DATA, 10000000, 100, elf20, 3392.881000
 a 6150275
 b 6151694
 c 6157905
 d 6156670
 e 6151843
 f 6152513
 g 6153292
 h 6155462
 i 6155217
 j 6153262
 k 6154942
 l 6152156
 m 6153843
 n 6155212
 o 6154673
 p 6154663
 q 6153521
 r 6155682
 s 6153588
 t 6151459
 u 6150252
 v 6155762
 w 6158089
 x 6155051
 y 6151118
 z 6151856

Total characters:  160000000
DATA, 10000000, 100, elf25, 3386.754000
 a 6150275
 b 6151694
 c 6157905
 d 6156670
 e 6151843
 f 6152513
 g 6153292
 h 6155462
 i 6155217
 j 6153262
 k 6154942
 l 6152156
 m 6153843
 n 6155212
 o 6154673
 p 6154663
 q 6153521
 r 6155682
 s 6153588
 t 6151459
 u 6150252
 v 6155762
 w 6158089
 x 6155051
 y 6151118
 z 6151856

Total characters:  160000000
DATA, 10000000, 100, elf09, 3399.331000
 a 6150275
 b 6151694
 c 6157905
 d 6156670
 e 6151843
 f 6152513
 g 6153292
 h 6155462
 i 6155217
 j 6153262
 k 6154942
 l 6152156
 m 6153843
 n 6155212
 o 6154673
 p 6154663
 q 6153521
 r 6155682
 s 6153588
 t 6151459
 u 6150252
 v 6155762
 w 6158089
 x 6155051
 y 6151118
 z 6151856

Total characters:  160000000
DATA, 10000000, 100, elf27, 3397.700000
 a 6150275
 b 6151694
 c 6157905
 d 6156670
 e 6151843
 f 6152513
 g 6153292
 h 6155462
 i 6155217
 j 6153262
 k 6154942
 l 6152156
 m 6153843
 n 6155212
 o 6154673
 p 6154663
 q 6153521
 r 6155682
 s 6153588
 t 6151459
 u 6150252
 v 6155762
 w 6158089
 x 6155051
 y 6151118
 z 6151856

Total characters:  160000000
DATA, 10000000, 100, elf32, 3384.727000
 a 6150275
 b 6151694
 c 6157905
 d 6156670
 e 6151843
 f 6152513
 g 6153292
 h 6155462
 i 6155217
 j 6153262
 k 6154942
 l 6152156
 m 6153843
 n 6155212
 o 6154673
 p 6154663
 q 6153521
 r 6155682
 s 6153588
 t 6151459
 u 6150252
 v 6155762
 w 6158089
 x 6155051
 y 6151118
 z 6151856

Total characters:  160000000
DATA, 10000000, 100, elf32, 3396.489000
 a 6150275
 b 6151694
 c 6157905
 d 6156670
 e 6151843
 f 6152513
 g 6153292
 h 6155462
 i 6155217
 j 6153262
 k 6154942
 l 6152156
 m 6153843
 n 6155212
 o 6154673
 p 6154663
 q 6153521
 r 6155682
 s 6153588
 t 6151459
 u 6150252
 v 6155762
 w 6158089
 x 6155051
 y 6151118
 z 6151856

Total characters:  160000000
DATA, 10000000, 100, elf32, 3397.071000
 a 6150275
 b 6151694
 c 6157905
 d 6156670
 e 6151843
 f 6152513
 g 6153292
 h 6155462
 i 6155217
 j 6153262
 k 6154942
 l 6152156
 m 6153843
 n 6155212
 o 6154673
 p 6154663
 q 6153521
 r 6155682
 s 6153588
 t 6151459
 u 6150252
 v 6155762
 w 6158089
 x 6155051
 y 6151118
 z 6151856

Total characters:  160000000
DATA, 10000000, 100, elf32, 3395.257000
 a 6150275
 b 6151694
 c 6157905
 d 6156670
 e 6151843
 f 6152513
 g 6153292
 h 6155462
 i 6155217
 j 6153262
 k 6154942
 l 6152156
 m 6153843
 n 6155212
 o 6154673
 p 6154663
 q 6153521
 r 6155682
 s 6153588
 t 6151459
 u 6150252
 v 6155762
 w 6158089
 x 6155051
 y 6151118
 z 6151856

Total characters:  160000000
DATA, 10000000, 100, elf32, 3395.518000
 a 6150275
 b 6151694
 c 6157905
 d 6156670
 e 6151843
 f 6152513
 g 6153292
 h 6155462
 i 6155217
 j 6153262
 k 6154942
 l 6152156
 m 6153843
 n 6155212
 o 6154673
 p 6154663
 q 6153521
 r 6155682
 s 6153588
 t 6151459
 u 6150252
 v 6155762
 w 6158089
 x 6155051
 y 6151118
 z 6151856

Total characters:  160000000
DATA, 10000000, 100, elf32, 3397.878000
 a 6150275
 b 6151694
 c 6157905
 d 6156670
 e 6151843
 f 6152513
 g 6153292
 h 6155462
 i 6155217
 j 6153262
 k 6154942
 l 6152156
 m 6153843
 n 6155212
 o 6154673
 p 6154663
 q 6153521
 r 6155682
 s 6153588
 t 6151459
 u 6150252
 v 6155762
 w 6158089
 x 6155051
 y 6151118
 z 6151856

Total characters:  160000000
DATA, 10000000, 100, elf32, 3399.461000
 a 6150275
 b 6151694
 c 6157905
 d 6156670
 e 6151843
 f 6152513
 g 6153292
 h 6155462
 i 6155217
 j 6153262
 k 6154942
 l 6152156
 m 6153843
 n 6155212
 o 6154673
 p 6154663
 q 6153521
 r 6155682
 s 6153588
 t 6151459
 u 6150252
 v 6155762
 w 6158089
 x 6155051
 y 6151118
 z 6151856

Total characters:  160000000
DATA, 10000000, 100, elf32, 3389.020000
 a 6150275
 b 6151694
 c 6157905
 d 6156670
 e 6151843
 f 6152513
 g 6153292
 h 6155462
 i 6155217
 j 6153262
 k 6154942
 l 6152156
 m 6153843
 n 6155212
 o 6154673
 p 6154663
 q 6153521
 r 6155682
 s 6153588
 t 6151459
 u 6150252
 v 6155762
 w 6158089
 x 6155051
 y 6151118
 z 6151856

Total characters:  160000000
DATA, 10000000, 100, elf32, 3385.501000
 a 6150275
 b 6151694
 c 6157905
 d 6156670
 e 6151843
 f 6152513
 g 6153292
 h 6155462
 i 6155217
 j 6153262
 k 6154942
 l 6152156
 m 6153843
 n 6155212
 o 6154673
 p 6154663
 q 6153521
 r 6155682
 s 6153588
 t 6151459
 u 6150252
 v 6155762
 w 6158089
 x 6155051
 y 6151118
 z 6151856

Total characters:  160000000
DATA, 10000000, 100, elf35, 3380.794000
 a 6150275
 b 6151694
 c 6157905
 d 6156670
 e 6151843
 f 6152513
 g 6153292
 h 6155462
 i 6155217
 j 6153262
 k 6154942
 l 6152156
 m 6153843
 n 6155212
 o 6154673
 p 6154663
 q 6153521
 r 6155682
 s 6153588
 t 6151459
 u 6150252
 v 6155762
 w 6158089
 x 6155051
 y 6151118
 z 6151856

Total characters:  160000000
DATA, 10000000, 100, elf32, 3385.889000
 a 6150275
 b 6151694
 c 6157905
 d 6156670
 e 6151843
 f 6152513
 g 6153292
 h 6155462
 i 6155217
 j 6153262
 k 6154942
 l 6152156
 m 6153843
 n 6155212
 o 6154673
 p 6154663
 q 6153521
 r 6155682
 s 6153588
 t 6151459
 u 6150252
 v 6155762
 w 6158089
 x 6155051
 y 6151118
 z 6151856

Total characters:  160000000
DATA, 10000000, 100, elf35, 3380.444000
 a 6150275
 b 6151694
 c 6157905
 d 6156670
 e 6151843
 f 6152513
 g 6153292
 h 6155462
 i 6155217
 j 6153262
 k 6154942
 l 6152156
 m 6153843
 n 6155212
 o 6154673
 p 6154663
 q 6153521
 r 6155682
 s 6153588
 t 6151459
 u 6150252
 v 6155762
 w 6158089
 x 6155051
 y 6151118
 z 6151856

Total characters:  160000000
DATA, 10000000, 100, elf32, 3388.185000
 a 6150275
 b 6151694
 c 6157905
 d 6156670
 e 6151843
 f 6152513
 g 6153292
 h 6155462
 i 6155217
 j 6153262
 k 6154942
 l 6152156
 m 6153843
 n 6155212
 o 6154673
 p 6154663
 q 6153521
 r 6155682
 s 6153588
 t 6151459
 u 6150252
 v 6155762
 w 6158089
 x 6155051
 y 6151118
 z 6151856

Total characters:  160000000
DATA, 10000000, 100, elf35, 3389.346000
 a 6150275
 b 6151694
 c 6157905
 d 6156670
 e 6151843
 f 6152513
 g 6153292
 h 6155462
 i 6155217
 j 6153262
 k 6154942
 l 6152156
 m 6153843
 n 6155212
 o 6154673
 p 6154663
 q 6153521
 r 6155682
 s 6153588
 t 6151459
 u 6150252
 v 6155762
 w 6158089
 x 6155051
 y 6151118
 z 6151856

Total characters:  160000000
DATA, 10000000, 100, elf32, 3389.572000
 a 6150275
 b 6151694
 c 6157905
 d 6156670
 e 6151843
 f 6152513
 g 6153292
 h 6155462
 i 6155217
 j 6153262
 k 6154942
 l 6152156
 m 6153843
 n 6155212
 o 6154673
 p 6154663
 q 6153521
 r 6155682
 s 6153588
 t 6151459
 u 6150252
 v 6155762
 w 6158089
 x 6155051
 y 6151118
 z 6151856

Total characters:  160000000
DATA, 10000000, 100, elf35, 3390.715000
 a 6150275
 b 6151694
 c 6157905
 d 6156670
 e 6151843
 f 6152513
 g 6153292
 h 6155462
 i 6155217
 j 6153262
 k 6154942
 l 6152156
 m 6153843
 n 6155212
 o 6154673
 p 6154663
 q 6153521
 r 6155682
 s 6153588
 t 6151459
 u 6150252
 v 6155762
 w 6158089
 x 6155051
 y 6151118
 z 6151856

Total characters:  160000000
DATA, 10000000, 100, elf32, 3390.720000
 a 6150275
 b 6151694
 c 6157905
 d 6156670
 e 6151843
 f 6152513
 g 6153292
 h 6155462
 i 6155217
 j 6153262
 k 6154942
 l 6152156
 m 6153843
 n 6155212
 o 6154673
 p 6154663
 q 6153521
 r 6155682
 s 6153588
 t 6151459
 u 6150252
 v 6155762
 w 6158089
 x 6155051
 y 6151118
 z 6151856

Total characters:  160000000
DATA, 10000000, 100, elf35, 3391.858000
 a 6150275
 b 6151694
 c 6157905
 d 6156670
 e 6151843
 f 6152513
 g 6153292
 h 6155462
 i 6155217
 j 6153262
 k 6154942
 l 6152156
 m 6153843
 n 6155212
 o 6154673
 p 6154663
 q 6153521
 r 6155682
 s 6153588
 t 6151459
 u 6150252
 v 6155762
 w 6158089
 x 6155051
 y 6151118
 z 6151856

Total characters:  160000000
DATA, 10000000, 100, elf35, 3392.261000
 a 6150275
 b 6151694
 c 6157905
 d 6156670
 e 6151843
 f 6152513
 g 6153292
 h 6155462
 i 6155217
 j 6153262
 k 6154942
 l 6152156
 m 6153843
 n 6155212
 o 6154673
 p 6154663
 q 6153521
 r 6155682
 s 6153588
 t 6151459
 u 6150252
 v 6155762
 w 6158089
 x 6155051
 y 6151118
 z 6151856

Total characters:  160000000
DATA, 10000000, 100, elf35, 3406.742000
 a 6150275
 b 6151694
 c 6157905
 d 6156670
 e 6151843
 f 6152513
 g 6153292
 h 6155462
 i 6155217
 j 6153262
 k 6154942
 l 6152156
 m 6153843
 n 6155212
 o 6154673
 p 6154663
 q 6153521
 r 6155682
 s 6153588
 t 6151459
 u 6150252
 v 6155762
 w 6158089
 x 6155051
 y 6151118
 z 6151856

Total characters:  160000000
DATA, 10000000, 100, elf35, 3388.517000
 a 6150275
 b 6151694
 c 6157905
 d 6156670
 e 6151843
 f 6152513
 g 6153292
 h 6155462
 i 6155217
 j 6153262
 k 6154942
 l 6152156
 m 6153843
 n 6155212
 o 6154673
 p 6154663
 q 6153521
 r 6155682
 s 6153588
 t 6151459
 u 6150252
 v 6155762
 w 6158089
 x 6155051
 y 6151118
 z 6151856

Total characters:  160000000
DATA, 10000000, 100, elf20, 3385.229000
 a 6150275
 b 6151694
 c 6157905
 d 6156670
 e 6151843
 f 6152513
 g 6153292
 h 6155462
 i 6155217
 j 6153262
 k 6154942
 l 6152156
 m 6153843
 n 6155212
 o 6154673
 p 6154663
 q 6153521
 r 6155682
 s 6153588
 t 6151459
 u 6150252
 v 6155762
 w 6158089
 x 6155051
 y 6151118
 z 6151856

Total characters:  160000000
DATA, 10000000, 100, elf32, 3393.738000
 a 6150275
 b 6151694
 c 6157905
 d 6156670
 e 6151843
 f 6152513
 g 6153292
 h 6155462
 i 6155217
 j 6153262
 k 6154942
 l 6152156
 m 6153843
 n 6155212
 o 6154673
 p 6154663
 q 6153521
 r 6155682
 s 6153588
 t 6151459
 u 6150252
 v 6155762
 w 6158089
 x 6155051
 y 6151118
 z 6151856

Total characters:  160000000
DATA, 10000000, 100, elf35, 3382.554000
 a 6150275
 b 6151694
 c 6157905
 d 6156670
 e 6151843
 f 6152513
 g 6153292
 h 6155462
 i 6155217
 j 6153262
 k 6154942
 l 6152156
 m 6153843
 n 6155212
 o 6154673
 p 6154663
 q 6153521
 r 6155682
 s 6153588
 t 6151459
 u 6150252
 v 6155762
 w 6158089
 x 6155051
 y 6151118
 z 6151856

Total characters:  160000000
DATA, 10000000, 100, elf25, 3389.051000
 a 6150275
 b 6151694
 c 6157905
 d 6156670
 e 6151843
 f 6152513
 g 6153292
 h 6155462
 i 6155217
 j 6153262
 k 6154942
 l 6152156
 m 6153843
 n 6155212
 o 6154673
 p 6154663
 q 6153521
 r 6155682
 s 6153588
 t 6151459
 u 6150252
 v 6155762
 w 6158089
 x 6155051
 y 6151118
 z 6151856

Total characters:  160000000
DATA, 10000000, 100, elf20, 3402.591000
 a 6150275
 b 6151694
 c 6157905
 d 6156670
 e 6151843
 f 6152513
 g 6153292
 h 6155462
 i 6155217
 j 6153262
 k 6154942
 l 6152156
 m 6153843
 n 6155212
 o 6154673
 p 6154663
 q 6153521
 r 6155682
 s 6153588
 t 6151459
 u 6150252
 v 6155762
 w 6158089
 x 6155051
 y 6151118
 z 6151856

Total characters:  160000000
DATA, 10000000, 100, elf35, 3383.405000
 a 6150275
 b 6151694
 c 6157905
 d 6156670
 e 6151843
 f 6152513
 g 6153292
 h 6155462
 i 6155217
 j 6153262
 k 6154942
 l 6152156
 m 6153843
 n 6155212
 o 6154673
 p 6154663
 q 6153521
 r 6155682
 s 6153588
 t 6151459
 u 6150252
 v 6155762
 w 6158089
 x 6155051
 y 6151118
 z 6151856

Total characters:  160000000
DATA, 10000000, 100, elf25, 3391.995000
 a 6150275
 b 6151694
 c 6157905
 d 6156670
 e 6151843
 f 6152513
 g 6153292
 h 6155462
 i 6155217
 j 6153262
 k 6154942
 l 6152156
 m 6153843
 n 6155212
 o 6154673
 p 6154663
 q 6153521
 r 6155682
 s 6153588
 t 6151459
 u 6150252
 v 6155762
 w 6158089
 x 6155051
 y 6151118
 z 6151856

Total characters:  160000000
DATA, 10000000, 100, elf20, 3391.977000
 a 6150275
 b 6151694
 c 6157905
 d 6156670
 e 6151843
 f 6152513
 g 6153292
 h 6155462
 i 6155217
 j 6153262
 k 6154942
 l 6152156
 m 6153843
 n 6155212
 o 6154673
 p 6154663
 q 6153521
 r 6155682
 s 6153588
 t 6151459
 u 6150252
 v 6155762
 w 6158089
 x 6155051
 y 6151118
 z 6151856

Total characters:  160000000
DATA, 10000000, 100, elf35, 3396.632000
 a 6150275
 b 6151694
 c 6157905
 d 6156670
 e 6151843
 f 6152513
 g 6153292
 h 6155462
 i 6155217
 j 6153262
 k 6154942
 l 6152156
 m 6153843
 n 6155212
 o 6154673
 p 6154663
 q 6153521
 r 6155682
 s 6153588
 t 6151459
 u 6150252
 v 6155762
 w 6158089
 x 6155051
 y 6151118
 z 6151856

Total characters:  160000000
DATA, 10000000, 100, elf25, 3392.029000
 a 6150275
 b 6151694
 c 6157905
 d 6156670
 e 6151843
 f 6152513
 g 6153292
 h 6155462
 i 6155217
 j 6153262
 k 6154942
 l 6152156
 m 6153843
 n 6155212
 o 6154673
 p 6154663
 q 6153521
 r 6155682
 s 6153588
 t 6151459
 u 6150252
 v 6155762
 w 6158089
 x 6155051
 y 6151118
 z 6151856

Total characters:  160000000
DATA, 10000000, 100, elf20, 3392.724000
 a 6150275
 b 6151694
 c 6157905
 d 6156670
 e 6151843
 f 6152513
 g 6153292
 h 6155462
 i 6155217
 j 6153262
 k 6154942
 l 6152156
 m 6153843
 n 6155212
 o 6154673
 p 6154663
 q 6153521
 r 6155682
 s 6153588
 t 6151459
 u 6150252
 v 6155762
 w 6158089
 x 6155051
 y 6151118
 z 6151856

Total characters:  160000000
DATA, 10000000, 100, elf35, 3388.017000
 a 6150275
 b 6151694
 c 6157905
 d 6156670
 e 6151843
 f 6152513
 g 6153292
 h 6155462
 i 6155217
 j 6153262
 k 6154942
 l 6152156
 m 6153843
 n 6155212
 o 6154673
 p 6154663
 q 6153521
 r 6155682
 s 6153588
 t 6151459
 u 6150252
 v 6155762
 w 6158089
 x 6155051
 y 6151118
 z 6151856

Total characters:  160000000
DATA, 10000000, 100, elf25, 3391.041000
 a 6150275
 b 6151694
 c 6157905
 d 6156670
 e 6151843
 f 6152513
 g 6153292
 h 6155462
 i 6155217
 j 6153262
 k 6154942
 l 6152156
 m 6153843
 n 6155212
 o 6154673
 p 6154663
 q 6153521
 r 6155682
 s 6153588
 t 6151459
 u 6150252
 v 6155762
 w 6158089
 x 6155051
 y 6151118
 z 6151856

Total characters:  160000000
DATA, 10000000, 100, elf20, 3393.191000
 a 6150275
 b 6151694
 c 6157905
 d 6156670
 e 6151843
 f 6152513
 g 6153292
 h 6155462
 i 6155217
 j 6153262
 k 6154942
 l 6152156
 m 6153843
 n 6155212
 o 6154673
 p 6154663
 q 6153521
 r 6155682
 s 6153588
 t 6151459
 u 6150252
 v 6155762
 w 6158089
 x 6155051
 y 6151118
 z 6151856

Total characters:  160000000
DATA, 10000000, 100, elf25, 3392.643000
 a 6150275
 b 6151694
 c 6157905
 d 6156670
 e 6151843
 f 6152513
 g 6153292
 h 6155462
 i 6155217
 j 6153262
 k 6154942
 l 6152156
 m 6153843
 n 6155212
 o 6154673
 p 6154663
 q 6153521
 r 6155682
 s 6153588
 t 6151459
 u 6150252
 v 6155762
 w 6158089
 x 6155051
 y 6151118
 z 6151856

Total characters:  160000000
DATA, 10000000, 100, elf20, 3392.294000
 a 6150275
 b 6151694
 c 6157905
 d 6156670
 e 6151843
 f 6152513
 g 6153292
 h 6155462
 i 6155217
 j 6153262
 k 6154942
 l 6152156
 m 6153843
 n 6155212
 o 6154673
 p 6154663
 q 6153521
 r 6155682
 s 6153588
 t 6151459
 u 6150252
 v 6155762
 w 6158089
 x 6155051
 y 6151118
 z 6151856

Total characters:  160000000
DATA, 10000000, 100, elf09, 3401.170000
 a 6150275
 b 6151694
 c 6157905
 d 6156670
 e 6151843
 f 6152513
 g 6153292
 h 6155462
 i 6155217
 j 6153262
 k 6154942
 l 6152156
 m 6153843
 n 6155212
 o 6154673
 p 6154663
 q 6153521
 r 6155682
 s 6153588
 t 6151459
 u 6150252
 v 6155762
 w 6158089
 x 6155051
 y 6151118
 z 6151856

Total characters:  160000000
DATA, 10000000, 100, elf25, 3397.854000
 a 6150275
 b 6151694
 c 6157905
 d 6156670
 e 6151843
 f 6152513
 g 6153292
 h 6155462
 i 6155217
 j 6153262
 k 6154942
 l 6152156
 m 6153843
 n 6155212
 o 6154673
 p 6154663
 q 6153521
 r 6155682
 s 6153588
 t 6151459
 u 6150252
 v 6155762
 w 6158089
 x 6155051
 y 6151118
 z 6151856

Total characters:  160000000
DATA, 10000000, 100, elf20, 3389.830000
 a 6150275
 b 6151694
 c 6157905
 d 6156670
 e 6151843
 f 6152513
 g 6153292
 h 6155462
 i 6155217
 j 6153262
 k 6154942
 l 6152156
 m 6153843
 n 6155212
 o 6154673
 p 6154663
 q 6153521
 r 6155682
 s 6153588
 t 6151459
 u 6150252
 v 6155762
 w 6158089
 x 6155051
 y 6151118
 z 6151856

Total characters:  160000000
DATA, 10000000, 100, elf09, 3392.197000
 a 6150275
 b 6151694
 c 6157905
 d 6156670
 e 6151843
 f 6152513
 g 6153292
 h 6155462
 i 6155217
 j 6153262
 k 6154942
 l 6152156
 m 6153843
 n 6155212
 o 6154673
 p 6154663
 q 6153521
 r 6155682
 s 6153588
 t 6151459
 u 6150252
 v 6155762
 w 6158089
 x 6155051
 y 6151118
 z 6151856

Total characters:  160000000
DATA, 10000000, 100, elf25, 3402.002000
 a 6150275
 b 6151694
 c 6157905
 d 6156670
 e 6151843
 f 6152513
 g 6153292
 h 6155462
 i 6155217
 j 6153262
 k 6154942
 l 6152156
 m 6153843
 n 6155212
 o 6154673
 p 6154663
 q 6153521
 r 6155682
 s 6153588
 t 6151459
 u 6150252
 v 6155762
 w 6158089
 x 6155051
 y 6151118
 z 6151856

Total characters:  160000000
DATA, 10000000, 100, elf20, 3383.498000
 a 6150275
 b 6151694
 c 6157905
 d 6156670
 e 6151843
 f 6152513
 g 6153292
 h 6155462
 i 6155217
 j 6153262
 k 6154942
 l 6152156
 m 6153843
 n 6155212
 o 6154673
 p 6154663
 q 6153521
 r 6155682
 s 6153588
 t 6151459
 u 6150252
 v 6155762
 w 6158089
 x 6155051
 y 6151118
 z 6151856

Total characters:  160000000
DATA, 10000000, 100, elf09, 3392.872000
 a 6150275
 b 6151694
 c 6157905
 d 6156670
 e 6151843
 f 6152513
 g 6153292
 h 6155462
 i 6155217
 j 6153262
 k 6154942
 l 6152156
 m 6153843
 n 6155212
 o 6154673
 p 6154663
 q 6153521
 r 6155682
 s 6153588
 t 6151459
 u 6150252
 v 6155762
 w 6158089
 x 6155051
 y 6151118
 z 6151856

Total characters:  160000000
DATA, 10000000, 100, elf25, 3402.479000
 a 6150275
 b 6151694
 c 6157905
 d 6156670
 e 6151843
 f 6152513
 g 6153292
 h 6155462
 i 6155217
 j 6153262
 k 6154942
 l 6152156
 m 6153843
 n 6155212
 o 6154673
 p 6154663
 q 6153521
 r 6155682
 s 6153588
 t 6151459
 u 6150252
 v 6155762
 w 6158089
 x 6155051
 y 6151118
 z 6151856

Total characters:  160000000
DATA, 10000000, 100, elf20, 3385.592000
 a 6150275
 b 6151694
 c 6157905
 d 6156670
 e 6151843
 f 6152513
 g 6153292
 h 6155462
 i 6155217
 j 6153262
 k 6154942
 l 6152156
 m 6153843
 n 6155212
 o 6154673
 p 6154663
 q 6153521
 r 6155682
 s 6153588
 t 6151459
 u 6150252
 v 6155762
 w 6158089
 x 6155051
 y 6151118
 z 6151856

Total characters:  160000000
DATA, 10000000, 100, elf09, 3395.168000
 a 6150275
 b 6151694
 c 6157905
 d 6156670
 e 6151843
 f 6152513
 g 6153292
 h 6155462
 i 6155217
 j 6153262
 k 6154942
 l 6152156
 m 6153843
 n 6155212
 o 6154673
 p 6154663
 q 6153521
 r 6155682
 s 6153588
 t 6151459
 u 6150252
 v 6155762
 w 6158089
 x 6155051
 y 6151118
 z 6151856

Total characters:  160000000
DATA, 10000000, 100, elf25, 3406.078000
 a 6150275
 b 6151694
 c 6157905
 d 6156670
 e 6151843
 f 6152513
 g 6153292
 h 6155462
 i 6155217
 j 6153262
 k 6154942
 l 6152156
 m 6153843
 n 6155212
 o 6154673
 p 6154663
 q 6153521
 r 6155682
 s 6153588
 t 6151459
 u 6150252
 v 6155762
 w 6158089
 x 6155051
 y 6151118
 z 6151856

Total characters:  160000000
DATA, 10000000, 100, elf20, 3386.151000
 a 6150275
 b 6151694
 c 6157905
 d 6156670
 e 6151843
 f 6152513
 g 6153292
 h 6155462
 i 6155217
 j 6153262
 k 6154942
 l 6152156
 m 6153843
 n 6155212
 o 6154673
 p 6154663
 q 6153521
 r 6155682
 s 6153588
 t 6151459
 u 6150252
 v 6155762
 w 6158089
 x 6155051
 y 6151118
 z 6151856

Total characters:  160000000
DATA, 10000000, 100, elf09, 3394.427000
 a 6150275
 b 6151694
 c 6157905
 d 6156670
 e 6151843
 f 6152513
 g 6153292
 h 6155462
 i 6155217
 j 6153262
 k 6154942
 l 6152156
 m 6153843
 n 6155212
 o 6154673
 p 6154663
 q 6153521
 r 6155682
 s 6153588
 t 6151459
 u 6150252
 v 6155762
 w 6158089
 x 6155051
 y 6151118
 z 6151856

Total characters:  160000000
DATA, 10000000, 100, elf25, 3405.968000
 a 6150275
 b 6151694
 c 6157905
 d 6156670
 e 6151843
 f 6152513
 g 6153292
 h 6155462
 i 6155217
 j 6153262
 k 6154942
 l 6152156
 m 6153843
 n 6155212
 o 6154673
 p 6154663
 q 6153521
 r 6155682
 s 6153588
 t 6151459
 u 6150252
 v 6155762
 w 6158089
 x 6155051
 y 6151118
 z 6151856

Total characters:  160000000
DATA, 10000000, 100, elf20, 3388.193000
 a 6150275
 b 6151694
 c 6157905
 d 6156670
 e 6151843
 f 6152513
 g 6153292
 h 6155462
 i 6155217
 j 6153262
 k 6154942
 l 6152156
 m 6153843
 n 6155212
 o 6154673
 p 6154663
 q 6153521
 r 6155682
 s 6153588
 t 6151459
 u 6150252
 v 6155762
 w 6158089
 x 6155051
 y 6151118
 z 6151856

Total characters:  160000000
DATA, 10000000, 100, elf09, 3395.875000
 a 6150275
 b 6151694
 c 6157905
 d 6156670
 e 6151843
 f 6152513
 g 6153292
 h 6155462
 i 6155217
 j 6153262
 k 6154942
 l 6152156
 m 6153843
 n 6155212
 o 6154673
 p 6154663
 q 6153521
 r 6155682
 s 6153588
 t 6151459
 u 6150252
 v 6155762
 w 6158089
 x 6155051
 y 6151118
 z 6151856

Total characters:  160000000
DATA, 10000000, 100, elf25, 3404.257000
 a 6150275
 b 6151694
 c 6157905
 d 6156670
 e 6151843
 f 6152513
 g 6153292
 h 6155462
 i 6155217
 j 6153262
 k 6154942
 l 6152156
 m 6153843
 n 6155212
 o 6154673
 p 6154663
 q 6153521
 r 6155682
 s 6153588
 t 6151459
 u 6150252
 v 6155762
 w 6158089
 x 6155051
 y 6151118
 z 6151856

Total characters:  160000000
DATA, 10000000, 100, elf20, 3387.801000
 a 6150275
 b 6151694
 c 6157905
 d 6156670
 e 6151843
 f 6152513
 g 6153292
 h 6155462
 i 6155217
 j 6153262
 k 6154942
 l 6152156
 m 6153843
 n 6155212
 o 6154673
 p 6154663
 q 6153521
 r 6155682
 s 6153588
 t 6151459
 u 6150252
 v 6155762
 w 6158089
 x 6155051
 y 6151118
 z 6151856

Total characters:  160000000
DATA, 10000000, 100, elf09, 3396.154000
 a 6150275
 b 6151694
 c 6157905
 d 6156670
 e 6151843
 f 6152513
 g 6153292
 h 6155462
 i 6155217
 j 6153262
 k 6154942
 l 6152156
 m 6153843
 n 6155212
 o 6154673
 p 6154663
 q 6153521
 r 6155682
 s 6153588
 t 6151459
 u 6150252
 v 6155762
 w 6158089
 x 6155051
 y 6151118
 z 6151856

Total characters:  160000000
DATA, 10000000, 100, elf25, 3407.005000
 a 6150275
 b 6151694
 c 6157905
 d 6156670
 e 6151843
 f 6152513
 g 6153292
 h 6155462
 i 6155217
 j 6153262
 k 6154942
 l 6152156
 m 6153843
 n 6155212
 o 6154673
 p 6154663
 q 6153521
 r 6155682
 s 6153588
 t 6151459
 u 6150252
 v 6155762
 w 6158089
 x 6155051
 y 6151118
 z 6151856

Total characters:  160000000
DATA, 10000000, 100, elf20, 3391.834000
 a 6150275
 b 6151694
 c 6157905
 d 6156670
 e 6151843
 f 6152513
 g 6153292
 h 6155462
 i 6155217
 j 6153262
 k 6154942
 l 6152156
 m 6153843
 n 6155212
 o 6154673
 p 6154663
 q 6153521
 r 6155682
 s 6153588
 t 6151459
 u 6150252
 v 6155762
 w 6158089
 x 6155051
 y 6151118
 z 6151856

Total characters:  160000000
DATA, 10000000, 100, elf09, 3396.742000
 a 6150275
 b 6151694
 c 6157905
 d 6156670
 e 6151843
 f 6152513
 g 6153292
 h 6155462
 i 6155217
 j 6153262
 k 6154942
 l 6152156
 m 6153843
 n 6155212
 o 6154673
 p 6154663
 q 6153521
 r 6155682
 s 6153588
 t 6151459
 u 6150252
 v 6155762
 w 6158089
 x 6155051
 y 6151118
 z 6151856

Total characters:  160000000
DATA, 10000000, 100, elf25, 3404.222000
 a 6150275
 b 6151694
 c 6157905
 d 6156670
 e 6151843
 f 6152513
 g 6153292
 h 6155462
 i 6155217
 j 6153262
 k 6154942
 l 6152156
 m 6153843
 n 6155212
 o 6154673
 p 6154663
 q 6153521
 r 6155682
 s 6153588
 t 6151459
 u 6150252
 v 6155762
 w 6158089
 x 6155051
 y 6151118
 z 6151856

Total characters:  160000000
DATA, 10000000, 100, elf20, 3392.594000
 a 6150275
 b 6151694
 c 6157905
 d 6156670
 e 6151843
 f 6152513
 g 6153292
 h 6155462
 i 6155217
 j 6153262
 k 6154942
 l 6152156
 m 6153843
 n 6155212
 o 6154673
 p 6154663
 q 6153521
 r 6155682
 s 6153588
 t 6151459
 u 6150252
 v 6155762
 w 6158089
 x 6155051
 y 6151118
 z 6151856

Total characters:  160000000
DATA, 10000000, 100, elf09, 3397.224000
 a 6150275
 b 6151694
 c 6157905
 d 6156670
 e 6151843
 f 6152513
 g 6153292
 h 6155462
 i 6155217
 j 6153262
 k 6154942
 l 6152156
 m 6153843
 n 6155212
 o 6154673
 p 6154663
 q 6153521
 r 6155682
 s 6153588
 t 6151459
 u 6150252
 v 6155762
 w 6158089
 x 6155051
 y 6151118
 z 6151856

Total characters:  160000000
DATA, 10000000, 100, elf09, 3398.524000
 a 6150275
 b 6151694
 c 6157905
 d 6156670
 e 6151843
 f 6152513
 g 6153292
 h 6155462
 i 6155217
 j 6153262
 k 6154942
 l 6152156
 m 6153843
 n 6155212
 o 6154673
 p 6154663
 q 6153521
 r 6155682
 s 6153588
 t 6151459
 u 6150252
 v 6155762
 w 6158089
 x 6155051
 y 6151118
 z 6151856

Total characters:  160000000
DATA, 10000000, 100, elf09, 3397.791000
 a 6150275
 b 6151694
 c 6157905
 d 6156670
 e 6151843
 f 6152513
 g 6153292
 h 6155462
 i 6155217
 j 6153262
 k 6154942
 l 6152156
 m 6153843
 n 6155212
 o 6154673
 p 6154663
 q 6153521
 r 6155682
 s 6153588
 t 6151459
 u 6150252
 v 6155762
 w 6158089
 x 6155051
 y 6151118
 z 6151856

Total characters:  160000000
DATA, 10000000, 100, elf09, 3400.506000
 a 6150275
 b 6151694
 c 6157905
 d 6156670
 e 6151843
 f 6152513
 g 6153292
 h 6155462
 i 6155217
 j 6153262
 k 6154942
 l 6152156
 m 6153843
 n 6155212
 o 6154673
 p 6154663
 q 6153521
 r 6155682
 s 6153588
 t 6151459
 u 6150252
 v 6155762
 w 6158089
 x 6155051
 y 6151118
 z 6151856

Total characters:  160000000
DATA, 10000000, 100, elf09, 3401.461000
 a 6150275
 b 6151694
 c 6157905
 d 6156670
 e 6151843
 f 6152513
 g 6153292
 h 6155462
 i 6155217
 j 6153262
 k 6154942
 l 6152156
 m 6153843
 n 6155212
 o 6154673
 p 6154663
 q 6153521
 r 6155682
 s 6153588
 t 6151459
 u 6150252
 v 6155762
 w 6158089
 x 6155051
 y 6151118
 z 6151856

Total characters:  160000000
DATA, 10000000, 100, elf27, 3401.332000
 a 6150275
 b 6151694
 c 6157905
 d 6156670
 e 6151843
 f 6152513
 g 6153292
 h 6155462
 i 6155217
 j 6153262
 k 6154942
 l 6152156
 m 6153843
 n 6155212
 o 6154673
 p 6154663
 q 6153521
 r 6155682
 s 6153588
 t 6151459
 u 6150252
 v 6155762
 w 6158089
 x 6155051
 y 6151118
 z 6151856

Total characters:  160000000
DATA, 10000000, 100, elf27, 3389.877000
 a 6150275
 b 6151694
 c 6157905
 d 6156670
 e 6151843
 f 6152513
 g 6153292
 h 6155462
 i 6155217
 j 6153262
 k 6154942
 l 6152156
 m 6153843
 n 6155212
 o 6154673
 p 6154663
 q 6153521
 r 6155682
 s 6153588
 t 6151459
 u 6150252
 v 6155762
 w 6158089
 x 6155051
 y 6151118
 z 6151856

Total characters:  160000000
DATA, 10000000, 100, elf27, 3392.567000
 a 6150275
 b 6151694
 c 6157905
 d 6156670
 e 6151843
 f 6152513
 g 6153292
 h 6155462
 i 6155217
 j 6153262
 k 6154942
 l 6152156
 m 6153843
 n 6155212
 o 6154673
 p 6154663
 q 6153521
 r 6155682
 s 6153588
 t 6151459
 u 6150252
 v 6155762
 w 6158089
 x 6155051
 y 6151118
 z 6151856

Total characters:  160000000
DATA, 10000000, 100, elf27, 3392.533000
 a 6150275
 b 6151694
 c 6157905
 d 6156670
 e 6151843
 f 6152513
 g 6153292
 h 6155462
 i 6155217
 j 6153262
 k 6154942
 l 6152156
 m 6153843
 n 6155212
 o 6154673
 p 6154663
 q 6153521
 r 6155682
 s 6153588
 t 6151459
 u 6150252
 v 6155762
 w 6158089
 x 6155051
 y 6151118
 z 6151856

Total characters:  160000000
DATA, 10000000, 100, elf27, 3392.342000
 a 6150275
 b 6151694
 c 6157905
 d 6156670
 e 6151843
 f 6152513
 g 6153292
 h 6155462
 i 6155217
 j 6153262
 k 6154942
 l 6152156
 m 6153843
 n 6155212
 o 6154673
 p 6154663
 q 6153521
 r 6155682
 s 6153588
 t 6151459
 u 6150252
 v 6155762
 w 6158089
 x 6155051
 y 6151118
 z 6151856

Total characters:  160000000
DATA, 10000000, 100, elf27, 3391.645000
 a 6150275
 b 6151694
 c 6157905
 d 6156670
 e 6151843
 f 6152513
 g 6153292
 h 6155462
 i 6155217
 j 6153262
 k 6154942
 l 6152156
 m 6153843
 n 6155212
 o 6154673
 p 6154663
 q 6153521
 r 6155682
 s 6153588
 t 6151459
 u 6150252
 v 6155762
 w 6158089
 x 6155051
 y 6151118
 z 6151856

Total characters:  160000000
DATA, 10000000, 100, elf27, 3394.583000
 a 6150275
 b 6151694
 c 6157905
 d 6156670
 e 6151843
 f 6152513
 g 6153292
 h 6155462
 i 6155217
 j 6153262
 k 6154942
 l 6152156
 m 6153843
 n 6155212
 o 6154673
 p 6154663
 q 6153521
 r 6155682
 s 6153588
 t 6151459
 u 6150252
 v 6155762
 w 6158089
 x 6155051
 y 6151118
 z 6151856

Total characters:  160000000
DATA, 10000000, 100, elf27, 3395.141000
 a 6150275
 b 6151694
 c 6157905
 d 6156670
 e 6151843
 f 6152513
 g 6153292
 h 6155462
 i 6155217
 j 6153262
 k 6154942
 l 6152156
 m 6153843
 n 6155212
 o 6154673
 p 6154663
 q 6153521
 r 6155682
 s 6153588
 t 6151459
 u 6150252
 v 6155762
 w 6158089
 x 6155051
 y 6151118
 z 6151856

Total characters:  160000000
DATA, 10000000, 100, elf35, 3395.425000
 a 6150275
 b 6151694
 c 6157905
 d 6156670
 e 6151843
 f 6152513
 g 6153292
 h 6155462
 i 6155217
 j 6153262
 k 6154942
 l 6152156
 m 6153843
 n 6155212
 o 6154673
 p 6154663
 q 6153521
 r 6155682
 s 6153588
 t 6151459
 u 6150252
 v 6155762
 w 6158089
 x 6155051
 y 6151118
 z 6151856

Total characters:  160000000
DATA, 10000000, 100, elf27, 3393.015000
 a 6150275
 b 6151694
 c 6157905
 d 6156670
 e 6151843
 f 6152513
 g 6153292
 h 6155462
 i 6155217
 j 6153262
 k 6154942
 l 6152156
 m 6153843
 n 6155212
 o 6154673
 p 6154663
 q 6153521
 r 6155682
 s 6153588
 t 6151459
 u 6150252
 v 6155762
 w 6158089
 x 6155051
 y 6151118
 z 6151856

Total characters:  160000000
DATA, 10000000, 100, elf27, 3394.539000
 a 6150275
 b 6151694
 c 6157905
 d 6156670
 e 6151843
 f 6152513
 g 6153292
 h 6155462
 i 6155217
 j 6153262
 k 6154942
 l 6152156
 m 6153843
 n 6155212
 o 6154673
 p 6154663
 q 6153521
 r 6155682
 s 6153588
 t 6151459
 u 6150252
 v 6155762
 w 6158089
 x 6155051
 y 6151118
 z 6151856

Total characters:  160000000
DATA, 10000000, 100, elf27, 3395.218000
 a 6150275
 b 6151694
 c 6157905
 d 6156670
 e 6151843
 f 6152513
 g 6153292
 h 6155462
 i 6155217
 j 6153262
 k 6154942
 l 6152156
 m 6153843
 n 6155212
 o 6154673
 p 6154663
 q 6153521
 r 6155682
 s 6153588
 t 6151459
 u 6150252
 v 6155762
 w 6158089
 x 6155051
 y 6151118
 z 6151856

Total characters:  160000000
DATA, 10000000, 100, elf27, 3396.453000
 a 6150275
 b 6151694
 c 6157905
 d 6156670
 e 6151843
 f 6152513
 g 6153292
 h 6155462
 i 6155217
 j 6153262
 k 6154942
 l 6152156
 m 6153843
 n 6155212
 o 6154673
 p 6154663
 q 6153521
 r 6155682
 s 6153588
 t 6151459
 u 6150252
 v 6155762
 w 6158089
 x 6155051
 y 6151118
 z 6151856

Total characters:  160000000
DATA, 10000000, 100, elf27, 3396.373000
 a 6150275
 b 6151694
 c 6157905
 d 6156670
 e 6151843
 f 6152513
 g 6153292
 h 6155462
 i 6155217
 j 6153262
 k 6154942
 l 6152156
 m 6153843
 n 6155212
 o 6154673
 p 6154663
 q 6153521
 r 6155682
 s 6153588
 t 6151459
 u 6150252
 v 6155762
 w 6158089
 x 6155051
 y 6151118
 z 6151856

Total characters:  160000000
DATA, 10000000, 100, elf27, 3398.770000
 a 6150275
 b 6151694
 c 6157905
 d 6156670
 e 6151843
 f 6152513
 g 6153292
 h 6155462
 i 6155217
 j 6153262
 k 6154942
 l 6152156
 m 6153843
 n 6155212
 o 6154673
 p 6154663
 q 6153521
 r 6155682
 s 6153588
 t 6151459
 u 6150252
 v 6155762
 w 6158089
 x 6155051
 y 6151118
 z 6151856

Total characters:  160000000
DATA, 10000000, 100, elf27, 3397.574000
 a 6150275
 b 6151694
 c 6157905
 d 6156670
 e 6151843
 f 6152513
 g 6153292
 h 6155462
 i 6155217
 j 6153262
 k 6154942
 l 6152156
 m 6153843
 n 6155212
 o 6154673
 p 6154663
 q 6153521
 r 6155682
 s 6153588
 t 6151459
 u 6150252
 v 6155762
 w 6158089
 x 6155051
 y 6151118
 z 6151856

Total characters:  160000000
DATA, 10000000, 100, elf25, 3473.902000
 a 6150275
 b 6151694
 c 6157905
 d 6156670
 e 6151843
 f 6152513
 g 6153292
 h 6155462
 i 6155217
 j 6153262
 k 6154942
 l 6152156
 m 6153843
 n 6155212
 o 6154673
 p 6154663
 q 6153521
 r 6155682
 s 6153588
 t 6151459
 u 6150252
 v 6155762
 w 6158089
 x 6155051
 y 6151118
 z 6151856

Total characters:  160000000
DATA, 10000000, 100, elf09, 3475.352000
 a 6150275
 b 6151694
 c 6157905
 d 6156670
 e 6151843
 f 6152513
 g 6153292
 h 6155462
 i 6155217
 j 6153262
 k 6154942
 l 6152156
 m 6153843
 n 6155212
 o 6154673
 p 6154663
 q 6153521
 r 6155682
 s 6153588
 t 6151459
 u 6150252
 v 6155762
 w 6158089
 x 6155051
 y 6151118
 z 6151856

Total characters:  160000000
DATA, 10000000, 100, elf09, 3518.795000
 a 6150275
 b 6151694
 c 6157905
 d 6156670
 e 6151843
 f 6152513
 g 6153292
 h 6155462
 i 6155217
 j 6153262
 k 6154942
 l 6152156
 m 6153843
 n 6155212
 o 6154673
 p 6154663
 q 6153521
 r 6155682
 s 6153588
 t 6151459
 u 6150252
 v 6155762
 w 6158089
 x 6155051
 y 6151118
 z 6151856

Total characters:  160000000
DATA, 10000000, 100, elf20, 3531.230000
 a 6150275
 b 6151694
 c 6157905
 d 6156670
 e 6151843
 f 6152513
 g 6153292
 h 6155462
 i 6155217
 j 6153262
 k 6154942
 l 6152156
 m 6153843
 n 6155212
 o 6154673
 p 6154663
 q 6153521
 r 6155682
 s 6153588
 t 6151459
 u 6150252
 v 6155762
 w 6158089
 x 6155051
 y 6151118
 z 6151856

Total characters:  160000000
DATA, 10000000, 100, elf32, 3518.342000
 a 6150275
 b 6151694
 c 6157905
 d 6156670
 e 6151843
 f 6152513
 g 6153292
 h 6155462
 i 6155217
 j 6153262
 k 6154942
 l 6152156
 m 6153843
 n 6155212
 o 6154673
 p 6154663
 q 6153521
 r 6155682
 s 6153588
 t 6151459
 u 6150252
 v 6155762
 w 6158089
 x 6155051
 y 6151118
 z 6151856

Total characters:  160000000
DATA, 10000000, 100, elf36, 4312.340000
 a 6150275
 b 6151694
 c 6157905
 d 6156670
 e 6151843
 f 6152513
 g 6153292
 h 6155462
 i 6155217
 j 6153262
 k 6154942
 l 6152156
 m 6153843
 n 6155212
 o 6154673
 p 6154663
 q 6153521
 r 6155682
 s 6153588
 t 6151459
 u 6150252
 v 6155762
 w 6158089
 x 6155051
 y 6151118
 z 6151856

Total characters:  160000000
DATA, 10000000, 100, elf35, 4290.158000
 a 6150275
 b 6151694
 c 6157905
 d 6156670
 e 6151843
 f 6152513
 g 6153292
 h 6155462
 i 6155217
 j 6153262
 k 6154942
 l 6152156
 m 6153843
 n 6155212
 o 6154673
 p 6154663
 q 6153521
 r 6155682
 s 6153588
 t 6151459
 u 6150252
 v 6155762
 w 6158089
 x 6155051
 y 6151118
 z 6151856

Total characters:  160000000
DATA, 10000000, 100, elf25, 4412.962000
 a 6150275
 b 6151694
 c 6157905
 d 6156670
 e 6151843
 f 6152513
 g 6153292
 h 6155462
 i 6155217
 j 6153262
 k 6154942
 l 6152156
 m 6153843
 n 6155212
 o 6154673
 p 6154663
 q 6153521
 r 6155682
 s 6153588
 t 6151459
 u 6150252
 v 6155762
 w 6158089
 x 6155051
 y 6151118
 z 6151856

Total characters:  160000000
DATA, 10000000, 100, elf35, 4484.673000
