 a 601
 b 629
 c 662
 d 640
 e 604
 f 568
 g 608
 h 647
 i 641
 j 611
 k 571
 l 642
 m 638
 n 653
 o 624
 p 619
 q 635
 r 576
 s 586
 t 589
 u 610
 v 605
 w 627
 x 598
 y 608
 z 608

Total characters:  16000
DATA, 1000, 100, elf36, 0.067000
 a 601
 b 629
 c 662
 d 640
 e 604
 f 568
 g 608
 h 647
 i 641
 j 611
 k 571
 l 642
 m 638
 n 653
 o 624
 p 619
 q 635
 r 576
 s 586
 t 589
 u 610
 v 605
 w 627
 x 598
 y 608
 z 608

Total characters:  16000
DATA, 1000, 100, elf36, 0.058000
 a 601
 b 629
 c 662
 d 640
 e 604
 f 568
 g 608
 h 647
 i 641
 j 611
 k 571
 l 642
 m 638
 n 653
 o 624
 p 619
 q 635
 r 576
 s 586
 t 589
 u 610
 v 605
 w 627
 x 598
 y 608
 z 608

Total characters:  16000
DATA, 1000, 100, elf36, 0.073000
 a 601
 b 629
 c 662
 d 640
 e 604
 f 568
 g 608
 h 647
 i 641
 j 611
 k 571
 l 642
 m 638
 n 653
 o 624
 p 619
 q 635
 r 576
 s 586
 t 589
 u 610
 v 605
 w 627
 x 598
 y 608
 z 608

Total characters:  16000
DATA, 1000, 100, elf36, 0.092000
 a 601
 b 629
 c 662
 d 640
 e 604
 f 568
 g 608
 h 647
 i 641
 j 611
 k 571
 l 642
 m 638
 n 653
 o 624
 p 619
 q 635
 r 576
 s 586
 t 589
 u 610
 v 605
 w 627
 x 598
 y 608
 z 608

Total characters:  16000
DATA, 1000, 100, elf35, 0.069000
 a 601
 b 629
 c 662
 d 640
 e 604
 f 568
 g 608
 h 647
 i 641
 j 611
 k 571
 l 642
 m 638
 n 653
 o 624
 p 619
 q 635
 r 576
 s 586
 t 589
 u 610
 v 605
 w 627
 x 598
 y 608
 z 608

Total characters:  16000
DATA, 1000, 100, elf27, 0.070000
 a 601
 b 629
 c 662
 d 640
 e 604
 f 568
 g 608
 h 647
 i 641
 j 611
 k 571
 l 642
 m 638
 n 653
 o 624
 p 619
 q 635
 r 576
 s 586
 t 589
 u 610
 v 605
 w 627
 x 598
 y 608
 z 608

Total characters:  16000
DATA, 1000, 100, elf09, 0.097000
 a 601
 b 629
 c 662
 d 640
 e 604
 f 568
 g 608
 h 647
 i 641
 j 611
 k 571
 l 642
 m 638
 n 653
 o 624
 p 619
 q 635
 r 576
 s 586
 t 589
 u 610
 v 605
 w 627
 x 598
 y 608
 z 608

Total characters:  16000
DATA, 1000, 100, elf20, 0.079000
 a 601
 b 629
 c 662
 d 640
 e 604
 f 568
 g 608
 h 647
 i 641
 j 611
 k 571
 l 642
 m 638
 n 653
 o 624
 p 619
 q 635
 r 576
 s 586
 t 589
 u 610
 v 605
 w 627
 x 598
 y 608
 z 608

Total characters:  16000
DATA, 1000, 100, elf32, 0.064000
 a 601
 b 629
 c 662
 d 640
 e 604
 f 568
 g 608
 h 647
 i 641
 j 611
 k 571
 l 642
 m 638
 n 653
 o 624
 p 619
 q 635
 r 576
 s 586
 t 589
 u 610
 v 605
 w 627
 x 598
 y 608
 z 608

Total characters:  16000
DATA, 1000, 100, elf25, 0.067000
 a 601
 b 629
 c 662
 d 640
 e 604
 f 568
 g 608
 h 647
 i 641
 j 611
 k 571
 l 642
 m 638
 n 653
 o 624
 p 619
 q 635
 r 576
 s 586
 t 589
 u 610
 v 605
 w 627
 x 598
 y 608
 z 608

Total characters:  16000
DATA, 1000, 100, elf35, 0.059000
 a 601
 b 629
 c 662
 d 640
 e 604
 f 568
 g 608
 h 647
 i 641
 j 611
 k 571
 l 642
 m 638
 n 653
 o 624
 p 619
 q 635
 r 576
 s 586
 t 589
 u 610
 v 605
 w 627
 x 598
 y 608
 z 608

Total characters:  16000
DATA, 1000, 100, elf35, 0.065000
 a 601
 b 629
 c 662
 d 640
 e 604
 f 568
 g 608
 h 647
 i 641
 j 611
 k 571
 l 642
 m 638
 n 653
 o 624
 p 619
 q 635
 r 576
 s 586
 t 589
 u 610
 v 605
 w 627
 x 598
 y 608
 z 608

Total characters:  16000
DATA, 1000, 100, elf35, 0.077000
 a 601
 b 629
 c 662
 d 640
 e 604
 f 568
 g 608
 h 647
 i 641
 j 611
 k 571
 l 642
 m 638
 n 653
 o 624
 p 619
 q 635
 r 576
 s 586
 t 589
 u 610
 v 605
 w 627
 x 598
 y 608
 z 608

Total characters:  16000
DATA, 1000, 100, elf35, 0.079000
 a 601
 b 629
 c 662
 d 640
 e 604
 f 568
 g 608
 h 647
 i 641
 j 611
 k 571
 l 642
 m 638
 n 653
 o 624
 p 619
 q 635
 r 576
 s 586
 t 589
 u 610
 v 605
 w 627
 x 598
 y 608
 z 608

Total characters:  16000
DATA, 1000, 100, elf35, 0.064000
 a 601
 b 629
 c 662
 d 640
 e 604
 f 568
 g 608
 h 647
 i 641
 j 611
 k 571
 l 642
 m 638
 n 653
 o 624
 p 619
 q 635
 r 576
 s 586
 t 589
 u 610
 v 605
 w 627
 x 598
 y 608
 z 608

Total characters:  16000
DATA, 1000, 100, elf35, 0.103000
 a 601
 b 629
 c 662
 d 640
 e 604
 f 568
 g 608
 h 647
 i 641
 j 611
 k 571
 l 642
 m 638
 n 653
 o 624
 p 619
 q 635
 r 576
 s 586
 t 589
 u 610
 v 605
 w 627
 x 598
 y 608
 z 608

Total characters:  16000
DATA, 1000, 100, elf35, 0.073000
 a 601
 b 629
 c 662
 d 640
 e 604
 f 568
 g 608
 h 647
 i 641
 j 611
 k 571
 l 642
 m 638
 n 653
 o 624
 p 619
 q 635
 r 576
 s 586
 t 589
 u 610
 v 605
 w 627
 x 598
 y 608
 z 608

Total characters:  16000
DATA, 1000, 100, elf35, 0.077000
 a 601
 b 629
 c 662
 d 640
 e 604
 f 568
 g 608
 h 647
 i 641
 j 611
 k 571
 l 642
 m 638
 n 653
 o 624
 p 619
 q 635
 r 576
 s 586
 t 589
 u 610
 v 605
 w 627
 x 598
 y 608
 z 608

Total characters:  16000
DATA, 1000, 100, elf35, 0.064000
 a 601
 b 629
 c 662
 d 640
 e 604
 f 568
 g 608
 h 647
 i 641
 j 611
 k 571
 l 642
 m 638
 n 653
 o 624
 p 619
 q 635
 r 576
 s 586
 t 589
 u 610
 v 605
 w 627
 x 598
 y 608
 z 608

Total characters:  16000
DATA, 1000, 100, elf35, 0.084000
 a 601
 b 629
 c 662
 d 640
 e 604
 f 568
 g 608
 h 647
 i 641
 j 611
 k 571
 l 642
 m 638
 n 653
 o 624
 p 619
 q 635
 r 576
 s 586
 t 589
 u 610
 v 605
 w 627
 x 598
 y 608
 z 608

Total characters:  16000
DATA, 1000, 100, elf35, 0.064000
 a 601
 b 629
 c 662
 d 640
 e 604
 f 568
 g 608
 h 647
 i 641
 j 611
 k 571
 l 642
 m 638
 n 653
 o 624
 p 619
 q 635
 r 576
 s 586
 t 589
 u 610
 v 605
 w 627
 x 598
 y 608
 z 608

Total characters:  16000
DATA, 1000, 100, elf35, 0.080000
 a 601
 b 629
 c 662
 d 640
 e 604
 f 568
 g 608
 h 647
 i 641
 j 611
 k 571
 l 642
 m 638
 n 653
 o 624
 p 619
 q 635
 r 576
 s 586
 t 589
 u 610
 v 605
 w 627
 x 598
 y 608
 z 608

Total characters:  16000
DATA, 1000, 100, elf35, 0.078000
 a 601
 b 629
 c 662
 d 640
 e 604
 f 568
 g 608
 h 647
 i 641
 j 611
 k 571
 l 642
 m 638
 n 653
 o 624
 p 619
 q 635
 r 576
 s 586
 t 589
 u 610
 v 605
 w 627
 x 598
 y 608
 z 608

Total characters:  16000
DATA, 1000, 100, elf35, 0.064000
 a 601
 b 629
 c 662
 d 640
 e 604
 f 568
 g 608
 h 647
 i 641
 j 611
 k 571
 l 642
 m 638
 n 653
 o 624
 p 619
 q 635
 r 576
 s 586
 t 589
 u 610
 v 605
 w 627
 x 598
 y 608
 z 608

Total characters:  16000
DATA, 1000, 100, elf35, 0.055000
 a 601
 b 629
 c 662
 d 640
 e 604
 f 568
 g 608
 h 647
 i 641
 j 611
 k 571
 l 642
 m 638
 n 653
 o 624
 p 619
 q 635
 r 576
 s 586
 t 589
 u 610
 v 605
 w 627
 x 598
 y 608
 z 608

Total characters:  16000
DATA, 1000, 100, elf27, 0.072000
 a 601
 b 629
 c 662
 d 640
 e 604
 f 568
 g 608
 h 647
 i 641
 j 611
 k 571
 l 642
 m 638
 n 653
 o 624
 p 619
 q 635
 r 576
 s 586
 t 589
 u 610
 v 605
 w 627
 x 598
 y 608
 z 608

Total characters:  16000
DATA, 1000, 100, elf27, 0.071000
 a 601
 b 629
 c 662
 d 640
 e 604
 f 568
 g 608
 h 647
 i 641
 j 611
 k 571
 l 642
 m 638
 n 653
 o 624
 p 619
 q 635
 r 576
 s 586
 t 589
 u 610
 v 605
 w 627
 x 598
 y 608
 z 608

Total characters:  16000
DATA, 1000, 100, elf27, 0.175000
 a 601
 b 629
 c 662
 d 640
 e 604
 f 568
 g 608
 h 647
 i 641
 j 611
 k 571
 l 642
 m 638
 n 653
 o 624
 p 619
 q 635
 r 576
 s 586
 t 589
 u 610
 v 605
 w 627
 x 598
 y 608
 z 608

Total characters:  16000
DATA, 1000, 100, elf27, 0.066000
 a 601
 b 629
 c 662
 d 640
 e 604
 f 568
 g 608
 h 647
 i 641
 j 611
 k 571
 l 642
 m 638
 n 653
 o 624
 p 619
 q 635
 r 576
 s 586
 t 589
 u 610
 v 605
 w 627
 x 598
 y 608
 z 608

Total characters:  16000
DATA, 1000, 100, elf27, 0.078000
 a 601
 b 629
 c 662
 d 640
 e 604
 f 568
 g 608
 h 647
 i 641
 j 611
 k 571
 l 642
 m 638
 n 653
 o 624
 p 619
 q 635
 r 576
 s 586
 t 589
 u 610
 v 605
 w 627
 x 598
 y 608
 z 608

Total characters:  16000
DATA, 1000, 100, elf27, 0.065000
 a 601
 b 629
 c 662
 d 640
 e 604
 f 568
 g 608
 h 647
 i 641
 j 611
 k 571
 l 642
 m 638
 n 653
 o 624
 p 619
 q 635
 r 576
 s 586
 t 589
 u 610
 v 605
 w 627
 x 598
 y 608
 z 608

Total characters:  16000
DATA, 1000, 100, elf27, 0.064000
 a 601
 b 629
 c 662
 d 640
 e 604
 f 568
 g 608
 h 647
 i 641
 j 611
 k 571
 l 642
 m 638
 n 653
 o 624
 p 619
 q 635
 r 576
 s 586
 t 589
 u 610
 v 605
 w 627
 x 598
 y 608
 z 608

Total characters:  16000
DATA, 1000, 100, elf27, 0.064000
 a 601
 b 629
 c 662
 d 640
 e 604
 f 568
 g 608
 h 647
 i 641
 j 611
 k 571
 l 642
 m 638
 n 653
 o 624
 p 619
 q 635
 r 576
 s 586
 t 589
 u 610
 v 605
 w 627
 x 598
 y 608
 z 608

Total characters:  16000
DATA, 1000, 100, elf27, 0.069000
 a 601
 b 629
 c 662
 d 640
 e 604
 f 568
 g 608
 h 647
 i 641
 j 611
 k 571
 l 642
 m 638
 n 653
 o 624
 p 619
 q 635
 r 576
 s 586
 t 589
 u 610
 v 605
 w 627
 x 598
 y 608
 z 608

Total characters:  16000
DATA, 1000, 100, elf27, 0.064000
 a 601
 b 629
 c 662
 d 640
 e 604
 f 568
 g 608
 h 647
 i 641
 j 611
 k 571
 l 642
 m 638
 n 653
 o 624
 p 619
 q 635
 r 576
 s 586
 t 589
 u 610
 v 605
 w 627
 x 598
 y 608
 z 608

Total characters:  16000
DATA, 1000, 100, elf27, 0.067000
 a 601
 b 629
 c 662
 d 640
 e 604
 f 568
 g 608
 h 647
 i 641
 j 611
 k 571
 l 642
 m 638
 n 653
 o 624
 p 619
 q 635
 r 576
 s 586
 t 589
 u 610
 v 605
 w 627
 x 598
 y 608
 z 608

Total characters:  16000
DATA, 1000, 100, elf27, 0.091000
 a 601
 b 629
 c 662
 d 640
 e 604
 f 568
 g 608
 h 647
 i 641
 j 611
 k 571
 l 642
 m 638
 n 653
 o 624
 p 619
 q 635
 r 576
 s 586
 t 589
 u 610
 v 605
 w 627
 x 598
 y 608
 z 608

Total characters:  16000
DATA, 1000, 100, elf27, 0.068000
 a 601
 b 629
 c 662
 d 640
 e 604
 f 568
 g 608
 h 647
 i 641
 j 611
 k 571
 l 642
 m 638
 n 653
 o 624
 p 619
 q 635
 r 576
 s 586
 t 589
 u 610
 v 605
 w 627
 x 598
 y 608
 z 608

Total characters:  16000
DATA, 1000, 100, elf27, 0.064000
 a 601
 b 629
 c 662
 d 640
 e 604
 f 568
 g 608
 h 647
 i 641
 j 611
 k 571
 l 642
 m 638
 n 653
 o 624
 p 619
 q 635
 r 576
 s 586
 t 589
 u 610
 v 605
 w 627
 x 598
 y 608
 z 608

Total characters:  16000
DATA, 1000, 100, elf27, 0.060000
 a 601
 b 629
 c 662
 d 640
 e 604
 f 568
 g 608
 h 647
 i 641
 j 611
 k 571
 l 642
 m 638
 n 653
 o 624
 p 619
 q 635
 r 576
 s 586
 t 589
 u 610
 v 605
 w 627
 x 598
 y 608
 z 608

Total characters:  16000
DATA, 1000, 100, elf09, 0.080000
 a 601
 b 629
 c 662
 d 640
 e 604
 f 568
 g 608
 h 647
 i 641
 j 611
 k 571
 l 642
 m 638
 n 653
 o 624
 p 619
 q 635
 r 576
 s 586
 t 589
 u 610
 v 605
 w 627
 x 598
 y 608
 z 608

Total characters:  16000
DATA, 1000, 100, elf09, 0.072000
 a 601
 b 629
 c 662
 d 640
 e 604
 f 568
 g 608
 h 647
 i 641
 j 611
 k 571
 l 642
 m 638
 n 653
 o 624
 p 619
 q 635
 r 576
 s 586
 t 589
 u 610
 v 605
 w 627
 x 598
 y 608
 z 608

Total characters:  16000
DATA, 1000, 100, elf09, 0.069000
 a 601
 b 629
 c 662
 d 640
 e 604
 f 568
 g 608
 h 647
 i 641
 j 611
 k 571
 l 642
 m 638
 n 653
 o 624
 p 619
 q 635
 r 576
 s 586
 t 589
 u 610
 v 605
 w 627
 x 598
 y 608
 z 608

Total characters:  16000
DATA, 1000, 100, elf09, 0.064000
 a 601
 b 629
 c 662
 d 640
 e 604
 f 568
 g 608
 h 647
 i 641
 j 611
 k 571
 l 642
 m 638
 n 653
 o 624
 p 619
 q 635
 r 576
 s 586
 t 589
 u 610
 v 605
 w 627
 x 598
 y 608
 z 608

Total characters:  16000
DATA, 1000, 100, elf09, 0.070000
 a 601
 b 629
 c 662
 d 640
 e 604
 f 568
 g 608
 h 647
 i 641
 j 611
 k 571
 l 642
 m 638
 n 653
 o 624
 p 619
 q 635
 r 576
 s 586
 t 589
 u 610
 v 605
 w 627
 x 598
 y 608
 z 608

Total characters:  16000
DATA, 1000, 100, elf09, 0.063000
 a 601
 b 629
 c 662
 d 640
 e 604
 f 568
 g 608
 h 647
 i 641
 j 611
 k 571
 l 642
 m 638
 n 653
 o 624
 p 619
 q 635
 r 576
 s 586
 t 589
 u 610
 v 605
 w 627
 x 598
 y 608
 z 608

Total characters:  16000
DATA, 1000, 100, elf09, 0.071000
 a 601
 b 629
 c 662
 d 640
 e 604
 f 568
 g 608
 h 647
 i 641
 j 611
 k 571
 l 642
 m 638
 n 653
 o 624
 p 619
 q 635
 r 576
 s 586
 t 589
 u 610
 v 605
 w 627
 x 598
 y 608
 z 608

Total characters:  16000
DATA, 1000, 100, elf09, 0.091000
 a 601
 b 629
 c 662
 d 640
 e 604
 f 568
 g 608
 h 647
 i 641
 j 611
 k 571
 l 642
 m 638
 n 653
 o 624
 p 619
 q 635
 r 576
 s 586
 t 589
 u 610
 v 605
 w 627
 x 598
 y 608
 z 608

Total characters:  16000
DATA, 1000, 100, elf09, 0.065000
 a 601
 b 629
 c 662
 d 640
 e 604
 f 568
 g 608
 h 647
 i 641
 j 611
 k 571
 l 642
 m 638
 n 653
 o 624
 p 619
 q 635
 r 576
 s 586
 t 589
 u 610
 v 605
 w 627
 x 598
 y 608
 z 608

Total characters:  16000
DATA, 1000, 100, elf09, 0.060000
 a 601
 b 629
 c 662
 d 640
 e 604
 f 568
 g 608
 h 647
 i 641
 j 611
 k 571
 l 642
 m 638
 n 653
 o 624
 p 619
 q 635
 r 576
 s 586
 t 589
 u 610
 v 605
 w 627
 x 598
 y 608
 z 608

Total characters:  16000
DATA, 1000, 100, elf09, 0.063000
 a 601
 b 629
 c 662
 d 640
 e 604
 f 568
 g 608
 h 647
 i 641
 j 611
 k 571
 l 642
 m 638
 n 653
 o 624
 p 619
 q 635
 r 576
 s 586
 t 589
 u 610
 v 605
 w 627
 x 598
 y 608
 z 608

Total characters:  16000
DATA, 1000, 100, elf09, 0.079000
 a 601
 b 629
 c 662
 d 640
 e 604
 f 568
 g 608
 h 647
 i 641
 j 611
 k 571
 l 642
 m 638
 n 653
 o 624
 p 619
 q 635
 r 576
 s 586
 t 589
 u 610
 v 605
 w 627
 x 598
 y 608
 z 608

Total characters:  16000
DATA, 1000, 100, elf09, 0.079000
 a 601
 b 629
 c 662
 d 640
 e 604
 f 568
 g 608
 h 647
 i 641
 j 611
 k 571
 l 642
 m 638
 n 653
 o 624
 p 619
 q 635
 r 576
 s 586
 t 589
 u 610
 v 605
 w 627
 x 598
 y 608
 z 608

Total characters:  16000
DATA, 1000, 100, elf09, 0.062000
 a 601
 b 629
 c 662
 d 640
 e 604
 f 568
 g 608
 h 647
 i 641
 j 611
 k 571
 l 642
 m 638
 n 653
 o 624
 p 619
 q 635
 r 576
 s 586
 t 589
 u 610
 v 605
 w 627
 x 598
 y 608
 z 608

Total characters:  16000
DATA, 1000, 100, elf09, 0.063000
 a 601
 b 629
 c 662
 d 640
 e 604
 f 568
 g 608
 h 647
 i 641
 j 611
 k 571
 l 642
 m 638
 n 653
 o 624
 p 619
 q 635
 r 576
 s 586
 t 589
 u 610
 v 605
 w 627
 x 598
 y 608
 z 608

Total characters:  16000
DATA, 1000, 100, elf20, 0.064000
 a 601
 b 629
 c 662
 d 640
 e 604
 f 568
 g 608
 h 647
 i 641
 j 611
 k 571
 l 642
 m 638
 n 653
 o 624
 p 619
 q 635
 r 576
 s 586
 t 589
 u 610
 v 605
 w 627
 x 598
 y 608
 z 608

Total characters:  16000
DATA, 1000, 100, elf20, 0.081000
 a 601
 b 629
 c 662
 d 640
 e 604
 f 568
 g 608
 h 647
 i 641
 j 611
 k 571
 l 642
 m 638
 n 653
 o 624
 p 619
 q 635
 r 576
 s 586
 t 589
 u 610
 v 605
 w 627
 x 598
 y 608
 z 608

Total characters:  16000
DATA, 1000, 100, elf20, 0.095000
 a 601
 b 629
 c 662
 d 640
 e 604
 f 568
 g 608
 h 647
 i 641
 j 611
 k 571
 l 642
 m 638
 n 653
 o 624
 p 619
 q 635
 r 576
 s 586
 t 589
 u 610
 v 605
 w 627
 x 598
 y 608
 z 608

Total characters:  16000
DATA, 1000, 100, elf20, 0.076000
 a 601
 b 629
 c 662
 d 640
 e 604
 f 568
 g 608
 h 647
 i 641
 j 611
 k 571
 l 642
 m 638
 n 653
 o 624
 p 619
 q 635
 r 576
 s 586
 t 589
 u 610
 v 605
 w 627
 x 598
 y 608
 z 608

Total characters:  16000
DATA, 1000, 100, elf20, 0.063000
 a 601
 b 629
 c 662
 d 640
 e 604
 f 568
 g 608
 h 647
 i 641
 j 611
 k 571
 l 642
 m 638
 n 653
 o 624
 p 619
 q 635
 r 576
 s 586
 t 589
 u 610
 v 605
 w 627
 x 598
 y 608
 z 608

Total characters:  16000
DATA, 1000, 100, elf20, 0.066000
 a 601
 b 629
 c 662
 d 640
 e 604
 f 568
 g 608
 h 647
 i 641
 j 611
 k 571
 l 642
 m 638
 n 653
 o 624
 p 619
 q 635
 r 576
 s 586
 t 589
 u 610
 v 605
 w 627
 x 598
 y 608
 z 608

Total characters:  16000
DATA, 1000, 100, elf20, 0.070000
 a 601
 b 629
 c 662
 d 640
 e 604
 f 568
 g 608
 h 647
 i 641
 j 611
 k 571
 l 642
 m 638
 n 653
 o 624
 p 619
 q 635
 r 576
 s 586
 t 589
 u 610
 v 605
 w 627
 x 598
 y 608
 z 608

Total characters:  16000
DATA, 1000, 100, elf20, 0.061000
 a 601
 b 629
 c 662
 d 640
 e 604
 f 568
 g 608
 h 647
 i 641
 j 611
 k 571
 l 642
 m 638
 n 653
 o 624
 p 619
 q 635
 r 576
 s 586
 t 589
 u 610
 v 605
 w 627
 x 598
 y 608
 z 608

Total characters:  16000
DATA, 1000, 100, elf20, 0.062000
 a 601
 b 629
 c 662
 d 640
 e 604
 f 568
 g 608
 h 647
 i 641
 j 611
 k 571
 l 642
 m 638
 n 653
 o 624
 p 619
 q 635
 r 576
 s 586
 t 589
 u 610
 v 605
 w 627
 x 598
 y 608
 z 608

Total characters:  16000
DATA, 1000, 100, elf20, 0.076000
 a 601
 b 629
 c 662
 d 640
 e 604
 f 568
 g 608
 h 647
 i 641
 j 611
 k 571
 l 642
 m 638
 n 653
 o 624
 p 619
 q 635
 r 576
 s 586
 t 589
 u 610
 v 605
 w 627
 x 598
 y 608
 z 608

Total characters:  16000
DATA, 1000, 100, elf20, 0.079000
 a 601
 b 629
 c 662
 d 640
 e 604
 f 568
 g 608
 h 647
 i 641
 j 611
 k 571
 l 642
 m 638
 n 653
 o 624
 p 619
 q 635
 r 576
 s 586
 t 589
 u 610
 v 605
 w 627
 x 598
 y 608
 z 608

Total characters:  16000
DATA, 1000, 100, elf20, 0.062000
 a 601
 b 629
 c 662
 d 640
 e 604
 f 568
 g 608
 h 647
 i 641
 j 611
 k 571
 l 642
 m 638
 n 653
 o 624
 p 619
 q 635
 r 576
 s 586
 t 589
 u 610
 v 605
 w 627
 x 598
 y 608
 z 608

Total characters:  16000
DATA, 1000, 100, elf20, 0.065000
 a 601
 b 629
 c 662
 d 640
 e 604
 f 568
 g 608
 h 647
 i 641
 j 611
 k 571
 l 642
 m 638
 n 653
 o 624
 p 619
 q 635
 r 576
 s 586
 t 589
 u 610
 v 605
 w 627
 x 598
 y 608
 z 608

Total characters:  16000
DATA, 1000, 100, elf20, 0.064000
 a 601
 b 629
 c 662
 d 640
 e 604
 f 568
 g 608
 h 647
 i 641
 j 611
 k 571
 l 642
 m 638
 n 653
 o 624
 p 619
 q 635
 r 576
 s 586
 t 589
 u 610
 v 605
 w 627
 x 598
 y 608
 z 608

Total characters:  16000
DATA, 1000, 100, elf20, 0.061000
 a 601
 b 629
 c 662
 d 640
 e 604
 f 568
 g 608
 h 647
 i 641
 j 611
 k 571
 l 642
 m 638
 n 653
 o 624
 p 619
 q 635
 r 576
 s 586
 t 589
 u 610
 v 605
 w 627
 x 598
 y 608
 z 608

Total characters:  16000
DATA, 1000, 100, elf32, 0.069000
 a 601
 b 629
 c 662
 d 640
 e 604
 f 568
 g 608
 h 647
 i 641
 j 611
 k 571
 l 642
 m 638
 n 653
 o 624
 p 619
 q 635
 r 576
 s 586
 t 589
 u 610
 v 605
 w 627
 x 598
 y 608
 z 608

Total characters:  16000
DATA, 1000, 100, elf32, 0.070000
 a 601
 b 629
 c 662
 d 640
 e 604
 f 568
 g 608
 h 647
 i 641
 j 611
 k 571
 l 642
 m 638
 n 653
 o 624
 p 619
 q 635
 r 576
 s 586
 t 589
 u 610
 v 605
 w 627
 x 598
 y 608
 z 608

Total characters:  16000
DATA, 1000, 100, elf32, 0.117000
 a 601
 b 629
 c 662
 d 640
 e 604
 f 568
 g 608
 h 647
 i 641
 j 611
 k 571
 l 642
 m 638
 n 653
 o 624
 p 619
 q 635
 r 576
 s 586
 t 589
 u 610
 v 605
 w 627
 x 598
 y 608
 z 608

Total characters:  16000
DATA, 1000, 100, elf32, 0.073000
 a 601
 b 629
 c 662
 d 640
 e 604
 f 568
 g 608
 h 647
 i 641
 j 611
 k 571
 l 642
 m 638
 n 653
 o 624
 p 619
 q 635
 r 576
 s 586
 t 589
 u 610
 v 605
 w 627
 x 598
 y 608
 z 608

Total characters:  16000
DATA, 1000, 100, elf32, 0.160000
 a 601
 b 629
 c 662
 d 640
 e 604
 f 568
 g 608
 h 647
 i 641
 j 611
 k 571
 l 642
 m 638
 n 653
 o 624
 p 619
 q 635
 r 576
 s 586
 t 589
 u 610
 v 605
 w 627
 x 598
 y 608
 z 608

Total characters:  16000
DATA, 1000, 100, elf32, 0.152000
 a 601
 b 629
 c 662
 d 640
 e 604
 f 568
 g 608
 h 647
 i 641
 j 611
 k 571
 l 642
 m 638
 n 653
 o 624
 p 619
 q 635
 r 576
 s 586
 t 589
 u 610
 v 605
 w 627
 x 598
 y 608
 z 608

Total characters:  16000
DATA, 1000, 100, elf32, 0.082000
 a 601
 b 629
 c 662
 d 640
 e 604
 f 568
 g 608
 h 647
 i 641
 j 611
 k 571
 l 642
 m 638
 n 653
 o 624
 p 619
 q 635
 r 576
 s 586
 t 589
 u 610
 v 605
 w 627
 x 598
 y 608
 z 608

Total characters:  16000
DATA, 1000, 100, elf32, 0.091000
 a 601
 b 629
 c 662
 d 640
 e 604
 f 568
 g 608
 h 647
 i 641
 j 611
 k 571
 l 642
 m 638
 n 653
 o 624
 p 619
 q 635
 r 576
 s 586
 t 589
 u 610
 v 605
 w 627
 x 598
 y 608
 z 608

Total characters:  16000
DATA, 1000, 100, elf32, 0.058000
 a 601
 b 629
 c 662
 d 640
 e 604
 f 568
 g 608
 h 647
 i 641
 j 611
 k 571
 l 642
 m 638
 n 653
 o 624
 p 619
 q 635
 r 576
 s 586
 t 589
 u 610
 v 605
 w 627
 x 598
 y 608
 z 608

Total characters:  16000
DATA, 1000, 100, elf32, 0.059000
 a 601
 b 629
 c 662
 d 640
 e 604
 f 568
 g 608
 h 647
 i 641
 j 611
 k 571
 l 642
 m 638
 n 653
 o 624
 p 619
 q 635
 r 576
 s 586
 t 589
 u 610
 v 605
 w 627
 x 598
 y 608
 z 608

Total characters:  16000
DATA, 1000, 100, elf32, 0.090000
 a 601
 b 629
 c 662
 d 640
 e 604
 f 568
 g 608
 h 647
 i 641
 j 611
 k 571
 l 642
 m 638
 n 653
 o 624
 p 619
 q 635
 r 576
 s 586
 t 589
 u 610
 v 605
 w 627
 x 598
 y 608
 z 608

Total characters:  16000
DATA, 1000, 100, elf32, 0.089000
 a 601
 b 629
 c 662
 d 640
 e 604
 f 568
 g 608
 h 647
 i 641
 j 611
 k 571
 l 642
 m 638
 n 653
 o 624
 p 619
 q 635
 r 576
 s 586
 t 589
 u 610
 v 605
 w 627
 x 598
 y 608
 z 608

Total characters:  16000
DATA, 1000, 100, elf32, 0.064000
 a 601
 b 629
 c 662
 d 640
 e 604
 f 568
 g 608
 h 647
 i 641
 j 611
 k 571
 l 642
 m 638
 n 653
 o 624
 p 619
 q 635
 r 576
 s 586
 t 589
 u 610
 v 605
 w 627
 x 598
 y 608
 z 608

Total characters:  16000
DATA, 1000, 100, elf32, 0.059000
 a 601
 b 629
 c 662
 d 640
 e 604
 f 568
 g 608
 h 647
 i 641
 j 611
 k 571
 l 642
 m 638
 n 653
 o 624
 p 619
 q 635
 r 576
 s 586
 t 589
 u 610
 v 605
 w 627
 x 598
 y 608
 z 608

Total characters:  16000
DATA, 1000, 100, elf32, 0.071000
 a 601
 b 629
 c 662
 d 640
 e 604
 f 568
 g 608
 h 647
 i 641
 j 611
 k 571
 l 642
 m 638
 n 653
 o 624
 p 619
 q 635
 r 576
 s 586
 t 589
 u 610
 v 605
 w 627
 x 598
 y 608
 z 608

Total characters:  16000
DATA, 1000, 100, elf25, 0.080000
 a 601
 b 629
 c 662
 d 640
 e 604
 f 568
 g 608
 h 647
 i 641
 j 611
 k 571
 l 642
 m 638
 n 653
 o 624
 p 619
 q 635
 r 576
 s 586
 t 589
 u 610
 v 605
 w 627
 x 598
 y 608
 z 608

Total characters:  16000
DATA, 1000, 100, elf25, 0.064000
 a 601
 b 629
 c 662
 d 640
 e 604
 f 568
 g 608
 h 647
 i 641
 j 611
 k 571
 l 642
 m 638
 n 653
 o 624
 p 619
 q 635
 r 576
 s 586
 t 589
 u 610
 v 605
 w 627
 x 598
 y 608
 z 608

Total characters:  16000
DATA, 1000, 100, elf25, 0.065000
 a 601
 b 629
 c 662
 d 640
 e 604
 f 568
 g 608
 h 647
 i 641
 j 611
 k 571
 l 642
 m 638
 n 653
 o 624
 p 619
 q 635
 r 576
 s 586
 t 589
 u 610
 v 605
 w 627
 x 598
 y 608
 z 608

Total characters:  16000
DATA, 1000, 100, elf25, 0.069000
 a 601
 b 629
 c 662
 d 640
 e 604
 f 568
 g 608
 h 647
 i 641
 j 611
 k 571
 l 642
 m 638
 n 653
 o 624
 p 619
 q 635
 r 576
 s 586
 t 589
 u 610
 v 605
 w 627
 x 598
 y 608
 z 608

Total characters:  16000
DATA, 1000, 100, elf25, 0.066000
 a 601
 b 629
 c 662
 d 640
 e 604
 f 568
 g 608
 h 647
 i 641
 j 611
 k 571
 l 642
 m 638
 n 653
 o 624
 p 619
 q 635
 r 576
 s 586
 t 589
 u 610
 v 605
 w 627
 x 598
 y 608
 z 608

Total characters:  16000
DATA, 1000, 100, elf25, 0.075000
 a 601
 b 629
 c 662
 d 640
 e 604
 f 568
 g 608
 h 647
 i 641
 j 611
 k 571
 l 642
 m 638
 n 653
 o 624
 p 619
 q 635
 r 576
 s 586
 t 589
 u 610
 v 605
 w 627
 x 598
 y 608
 z 608

Total characters:  16000
DATA, 1000, 100, elf25, 0.073000
 a 601
 b 629
 c 662
 d 640
 e 604
 f 568
 g 608
 h 647
 i 641
 j 611
 k 571
 l 642
 m 638
 n 653
 o 624
 p 619
 q 635
 r 576
 s 586
 t 589
 u 610
 v 605
 w 627
 x 598
 y 608
 z 608

Total characters:  16000
DATA, 1000, 100, elf25, 0.067000
 a 601
 b 629
 c 662
 d 640
 e 604
 f 568
 g 608
 h 647
 i 641
 j 611
 k 571
 l 642
 m 638
 n 653
 o 624
 p 619
 q 635
 r 576
 s 586
 t 589
 u 610
 v 605
 w 627
 x 598
 y 608
 z 608

Total characters:  16000
DATA, 1000, 100, elf25, 0.101000
 a 601
 b 629
 c 662
 d 640
 e 604
 f 568
 g 608
 h 647
 i 641
 j 611
 k 571
 l 642
 m 638
 n 653
 o 624
 p 619
 q 635
 r 576
 s 586
 t 589
 u 610
 v 605
 w 627
 x 598
 y 608
 z 608

Total characters:  16000
DATA, 1000, 100, elf25, 0.103000
 a 601
 b 629
 c 662
 d 640
 e 604
 f 568
 g 608
 h 647
 i 641
 j 611
 k 571
 l 642
 m 638
 n 653
 o 624
 p 619
 q 635
 r 576
 s 586
 t 589
 u 610
 v 605
 w 627
 x 598
 y 608
 z 608

Total characters:  16000
DATA, 1000, 100, elf25, 0.181000
 a 601
 b 629
 c 662
 d 640
 e 604
 f 568
 g 608
 h 647
 i 641
 j 611
 k 571
 l 642
 m 638
 n 653
 o 624
 p 619
 q 635
 r 576
 s 586
 t 589
 u 610
 v 605
 w 627
 x 598
 y 608
 z 608

Total characters:  16000
DATA, 1000, 100, elf25, 0.059000
 a 601
 b 629
 c 662
 d 640
 e 604
 f 568
 g 608
 h 647
 i 641
 j 611
 k 571
 l 642
 m 638
 n 653
 o 624
 p 619
 q 635
 r 576
 s 586
 t 589
 u 610
 v 605
 w 627
 x 598
 y 608
 z 608

Total characters:  16000
DATA, 1000, 100, elf25, 0.058000
 a 601
 b 629
 c 662
 d 640
 e 604
 f 568
 g 608
 h 647
 i 641
 j 611
 k 571
 l 642
 m 638
 n 653
 o 624
 p 619
 q 635
 r 576
 s 586
 t 589
 u 610
 v 605
 w 627
 x 598
 y 608
 z 608

Total characters:  16000
DATA, 1000, 100, elf25, 0.078000
 a 601
 b 629
 c 662
 d 640
 e 604
 f 568
 g 608
 h 647
 i 641
 j 611
 k 571
 l 642
 m 638
 n 653
 o 624
 p 619
 q 635
 r 576
 s 586
 t 589
 u 610
 v 605
 w 627
 x 598
 y 608
 z 608

Total characters:  16000
DATA, 1000, 100, elf25, 0.082000
 a 601
 b 629
 c 662
 d 640
 e 604
 f 568
 g 608
 h 647
 i 641
 j 611
 k 571
 l 642
 m 638
 n 653
 o 624
 p 619
 q 635
 r 576
 s 586
 t 589
 u 610
 v 605
 w 627
 x 598
 y 608
 z 608

Total characters:  16000
DATA, 1000, 100, elf36, 0.376000
 a 601
 b 629
 c 662
 d 640
 e 604
 f 568
 g 608
 h 647
 i 641
 j 611
 k 571
 l 642
 m 638
 n 653
 o 624
 p 619
 q 635
 r 576
 s 586
 t 589
 u 610
 v 605
 w 627
 x 598
 y 608
 z 608

Total characters:  16000
DATA, 1000, 100, elf36, 0.381000
 a 601
 b 629
 c 662
 d 640
 e 604
 f 568
 g 608
 h 647
 i 641
 j 611
 k 571
 l 642
 m 638
 n 653
 o 624
 p 619
 q 635
 r 576
 s 586
 t 589
 u 610
 v 605
 w 627
 x 598
 y 608
 z 608

Total characters:  16000
DATA, 1000, 100, elf36, 0.378000
 a 601
 b 629
 c 662
 d 640
 e 604
 f 568
 g 608
 h 647
 i 641
 j 611
 k 571
 l 642
 m 638
 n 653
 o 624
 p 619
 q 635
 r 576
 s 586
 t 589
 u 610
 v 605
 w 627
 x 598
 y 608
 z 608

Total characters:  16000
DATA, 1000, 100, elf36, 0.353000
 a 601
 b 629
 c 662
 d 640
 e 604
 f 568
 g 608
 h 647
 i 641
 j 611
 k 571
 l 642
 m 638
 n 653
 o 624
 p 619
 q 635
 r 576
 s 586
 t 589
 u 610
 v 605
 w 627
 x 598
 y 608
 z 608

Total characters:  16000
DATA, 1000, 100, elf32, 0.421000
 a 601
 b 629
 c 662
 d 640
 e 604
 f 568
 g 608
 h 647
 i 641
 j 611
 k 571
 l 642
 m 638
 n 653
 o 624
 p 619
 q 635
 r 576
 s 586
 t 589
 u 610
 v 605
 w 627
 x 598
 y 608
 z 608

Total characters:  16000
DATA, 1000, 100, elf27, 0.407000
 a 601
 b 629
 c 662
 d 640
 e 604
 f 568
 g 608
 h 647
 i 641
 j 611
 k 571
 l 642
 m 638
 n 653
 o 624
 p 619
 q 635
 r 576
 s 586
 t 589
 u 610
 v 605
 w 627
 x 598
 y 608
 z 608

Total characters:  16000
DATA, 1000, 100, elf35, 0.361000
 a 601
 b 629
 c 662
 d 640
 e 604
 f 568
 g 608
 h 647
 i 641
 j 611
 k 571
 l 642
 m 638
 n 653
 o 624
 p 619
 q 635
 r 576
 s 586
 t 589
 u 610
 v 605
 w 627
 x 598
 y 608
 z 608

Total characters:  16000
DATA, 1000, 100, elf09, 0.398000
 a 601
 b 629
 c 662
 d 640
 e 604
 f 568
 g 608
 h 647
 i 641
 j 611
 k 571
 l 642
 m 638
 n 653
 o 624
 p 619
 q 635
 r 576
 s 586
 t 589
 u 610
 v 605
 w 627
 x 598
 y 608
 z 608

Total characters:  16000
DATA, 1000, 100, elf20, 0.426000
 a 601
 b 629
 c 662
 d 640
 e 604
 f 568
 g 608
 h 647
 i 641
 j 611
 k 571
 l 642
 m 638
 n 653
 o 624
 p 619
 q 635
 r 576
 s 586
 t 589
 u 610
 v 605
 w 627
 x 598
 y 608
 z 608

Total characters:  16000
DATA, 1000, 100, elf25, 0.401000
 a 601
 b 629
 c 662
 d 640
 e 604
 f 568
 g 608
 h 647
 i 641
 j 611
 k 571
 l 642
 m 638
 n 653
 o 624
 p 619
 q 635
 r 576
 s 586
 t 589
 u 610
 v 605
 w 627
 x 598
 y 608
 z 608

Total characters:  16000
DATA, 1000, 100, elf32, 0.425000
 a 601
 b 629
 c 662
 d 640
 e 604
 f 568
 g 608
 h 647
 i 641
 j 611
 k 571
 l 642
 m 638
 n 653
 o 624
 p 619
 q 635
 r 576
 s 586
 t 589
 u 610
 v 605
 w 627
 x 598
 y 608
 z 608

Total characters:  16000
DATA, 1000, 100, elf32, 0.416000
 a 601
 b 629
 c 662
 d 640
 e 604
 f 568
 g 608
 h 647
 i 641
 j 611
 k 571
 l 642
 m 638
 n 653
 o 624
 p 619
 q 635
 r 576
 s 586
 t 589
 u 610
 v 605
 w 627
 x 598
 y 608
 z 608

Total characters:  16000
DATA, 1000, 100, elf32, 0.400000
 a 601
 b 629
 c 662
 d 640
 e 604
 f 568
 g 608
 h 647
 i 641
 j 611
 k 571
 l 642
 m 638
 n 653
 o 624
 p 619
 q 635
 r 576
 s 586
 t 589
 u 610
 v 605
 w 627
 x 598
 y 608
 z 608

Total characters:  16000
DATA, 1000, 100, elf32, 0.408000
 a 601
 b 629
 c 662
 d 640
 e 604
 f 568
 g 608
 h 647
 i 641
 j 611
 k 571
 l 642
 m 638
 n 653
 o 624
 p 619
 q 635
 r 576
 s 586
 t 589
 u 610
 v 605
 w 627
 x 598
 y 608
 z 608

Total characters:  16000
DATA, 1000, 100, elf32, 0.397000
 a 601
 b 629
 c 662
 d 640
 e 604
 f 568
 g 608
 h 647
 i 641
 j 611
 k 571
 l 642
 m 638
 n 653
 o 624
 p 619
 q 635
 r 576
 s 586
 t 589
 u 610
 v 605
 w 627
 x 598
 y 608
 z 608

Total characters:  16000
DATA, 1000, 100, elf32, 0.417000
 a 601
 b 629
 c 662
 d 640
 e 604
 f 568
 g 608
 h 647
 i 641
 j 611
 k 571
 l 642
 m 638
 n 653
 o 624
 p 619
 q 635
 r 576
 s 586
 t 589
 u 610
 v 605
 w 627
 x 598
 y 608
 z 608

Total characters:  16000
DATA, 1000, 100, elf32, 0.401000
 a 601
 b 629
 c 662
 d 640
 e 604
 f 568
 g 608
 h 647
 i 641
 j 611
 k 571
 l 642
 m 638
 n 653
 o 624
 p 619
 q 635
 r 576
 s 586
 t 589
 u 610
 v 605
 w 627
 x 598
 y 608
 z 608

Total characters:  16000
DATA, 1000, 100, elf32, 0.376000
 a 601
 b 629
 c 662
 d 640
 e 604
 f 568
 g 608
 h 647
 i 641
 j 611
 k 571
 l 642
 m 638
 n 653
 o 624
 p 619
 q 635
 r 576
 s 586
 t 589
 u 610
 v 605
 w 627
 x 598
 y 608
 z 608

Total characters:  16000
DATA, 1000, 100, elf32, 0.363000
 a 601
 b 629
 c 662
 d 640
 e 604
 f 568
 g 608
 h 647
 i 641
 j 611
 k 571
 l 642
 m 638
 n 653
 o 624
 p 619
 q 635
 r 576
 s 586
 t 589
 u 610
 v 605
 w 627
 x 598
 y 608
 z 608

Total characters:  16000
DATA, 1000, 100, elf32, 0.383000
 a 601
 b 629
 c 662
 d 640
 e 604
 f 568
 g 608
 h 647
 i 641
 j 611
 k 571
 l 642
 m 638
 n 653
 o 624
 p 619
 q 635
 r 576
 s 586
 t 589
 u 610
 v 605
 w 627
 x 598
 y 608
 z 608

Total characters:  16000
DATA, 1000, 100, elf32, 0.413000
 a 601
 b 629
 c 662
 d 640
 e 604
 f 568
 g 608
 h 647
 i 641
 j 611
 k 571
 l 642
 m 638
 n 653
 o 624
 p 619
 q 635
 r 576
 s 586
 t 589
 u 610
 v 605
 w 627
 x 598
 y 608
 z 608

Total characters:  16000
DATA, 1000, 100, elf32, 0.437000
 a 601
 b 629
 c 662
 d 640
 e 604
 f 568
 g 608
 h 647
 i 641
 j 611
 k 571
 l 642
 m 638
 n 653
 o 624
 p 619
 q 635
 r 576
 s 586
 t 589
 u 610
 v 605
 w 627
 x 598
 y 608
 z 608

Total characters:  16000
DATA, 1000, 100, elf32, 0.361000
 a 601
 b 629
 c 662
 d 640
 e 604
 f 568
 g 608
 h 647
 i 641
 j 611
 k 571
 l 642
 m 638
 n 653
 o 624
 p 619
 q 635
 r 576
 s 586
 t 589
 u 610
 v 605
 w 627
 x 598
 y 608
 z 608

Total characters:  16000
DATA, 1000, 100, elf32, 0.368000
 a 601
 b 629
 c 662
 d 640
 e 604
 f 568
 g 608
 h 647
 i 641
 j 611
 k 571
 l 642
 m 638
 n 653
 o 624
 p 619
 q 635
 r 576
 s 586
 t 589
 u 610
 v 605
 w 627
 x 598
 y 608
 z 608

Total characters:  16000
DATA, 1000, 100, elf32, 0.405000
 a 601
 b 629
 c 662
 d 640
 e 604
 f 568
 g 608
 h 647
 i 641
 j 611
 k 571
 l 642
 m 638
 n 653
 o 624
 p 619
 q 635
 r 576
 s 586
 t 589
 u 610
 v 605
 w 627
 x 598
 y 608
 z 608

Total characters:  16000
DATA, 1000, 100, elf27, 0.432000
 a 601
 b 629
 c 662
 d 640
 e 604
 f 568
 g 608
 h 647
 i 641
 j 611
 k 571
 l 642
 m 638
 n 653
 o 624
 p 619
 q 635
 r 576
 s 586
 t 589
 u 610
 v 605
 w 627
 x 598
 y 608
 z 608

Total characters:  16000
DATA, 1000, 100, elf27, 0.400000
 a 601
 b 629
 c 662
 d 640
 e 604
 f 568
 g 608
 h 647
 i 641
 j 611
 k 571
 l 642
 m 638
 n 653
 o 624
 p 619
 q 635
 r 576
 s 586
 t 589
 u 610
 v 605
 w 627
 x 598
 y 608
 z 608

Total characters:  16000
DATA, 1000, 100, elf27, 0.400000
 a 601
 b 629
 c 662
 d 640
 e 604
 f 568
 g 608
 h 647
 i 641
 j 611
 k 571
 l 642
 m 638
 n 653
 o 624
 p 619
 q 635
 r 576
 s 586
 t 589
 u 610
 v 605
 w 627
 x 598
 y 608
 z 608

Total characters:  16000
DATA, 1000, 100, elf27, 0.395000
 a 601
 b 629
 c 662
 d 640
 e 604
 f 568
 g 608
 h 647
 i 641
 j 611
 k 571
 l 642
 m 638
 n 653
 o 624
 p 619
 q 635
 r 576
 s 586
 t 589
 u 610
 v 605
 w 627
 x 598
 y 608
 z 608

Total characters:  16000
DATA, 1000, 100, elf27, 0.394000
 a 601
 b 629
 c 662
 d 640
 e 604
 f 568
 g 608
 h 647
 i 641
 j 611
 k 571
 l 642
 m 638
 n 653
 o 624
 p 619
 q 635
 r 576
 s 586
 t 589
 u 610
 v 605
 w 627
 x 598
 y 608
 z 608

Total characters:  16000
DATA, 1000, 100, elf27, 0.404000
 a 601
 b 629
 c 662
 d 640
 e 604
 f 568
 g 608
 h 647
 i 641
 j 611
 k 571
 l 642
 m 638
 n 653
 o 624
 p 619
 q 635
 r 576
 s 586
 t 589
 u 610
 v 605
 w 627
 x 598
 y 608
 z 608

Total characters:  16000
DATA, 1000, 100, elf27, 0.384000
 a 601
 b 629
 c 662
 d 640
 e 604
 f 568
 g 608
 h 647
 i 641
 j 611
 k 571
 l 642
 m 638
 n 653
 o 624
 p 619
 q 635
 r 576
 s 586
 t 589
 u 610
 v 605
 w 627
 x 598
 y 608
 z 608

Total characters:  16000
DATA, 1000, 100, elf27, 0.403000
 a 601
 b 629
 c 662
 d 640
 e 604
 f 568
 g 608
 h 647
 i 641
 j 611
 k 571
 l 642
 m 638
 n 653
 o 624
 p 619
 q 635
 r 576
 s 586
 t 589
 u 610
 v 605
 w 627
 x 598
 y 608
 z 608

Total characters:  16000
DATA, 1000, 100, elf27, 0.402000
 a 601
 b 629
 c 662
 d 640
 e 604
 f 568
 g 608
 h 647
 i 641
 j 611
 k 571
 l 642
 m 638
 n 653
 o 624
 p 619
 q 635
 r 576
 s 586
 t 589
 u 610
 v 605
 w 627
 x 598
 y 608
 z 608

Total characters:  16000
DATA, 1000, 100, elf27, 0.431000
 a 601
 b 629
 c 662
 d 640
 e 604
 f 568
 g 608
 h 647
 i 641
 j 611
 k 571
 l 642
 m 638
 n 653
 o 624
 p 619
 q 635
 r 576
 s 586
 t 589
 u 610
 v 605
 w 627
 x 598
 y 608
 z 608

Total characters:  16000
DATA, 1000, 100, elf27, 0.395000
 a 601
 b 629
 c 662
 d 640
 e 604
 f 568
 g 608
 h 647
 i 641
 j 611
 k 571
 l 642
 m 638
 n 653
 o 624
 p 619
 q 635
 r 576
 s 586
 t 589
 u 610
 v 605
 w 627
 x 598
 y 608
 z 608

Total characters:  16000
DATA, 1000, 100, elf27, 0.393000
 a 601
 b 629
 c 662
 d 640
 e 604
 f 568
 g 608
 h 647
 i 641
 j 611
 k 571
 l 642
 m 638
 n 653
 o 624
 p 619
 q 635
 r 576
 s 586
 t 589
 u 610
 v 605
 w 627
 x 598
 y 608
 z 608

Total characters:  16000
DATA, 1000, 100, elf27, 0.394000
 a 601
 b 629
 c 662
 d 640
 e 604
 f 568
 g 608
 h 647
 i 641
 j 611
 k 571
 l 642
 m 638
 n 653
 o 624
 p 619
 q 635
 r 576
 s 586
 t 589
 u 610
 v 605
 w 627
 x 598
 y 608
 z 608

Total characters:  16000
DATA, 1000, 100, elf27, 0.395000
 a 601
 b 629
 c 662
 d 640
 e 604
 f 568
 g 608
 h 647
 i 641
 j 611
 k 571
 l 642
 m 638
 n 653
 o 624
 p 619
 q 635
 r 576
 s 586
 t 589
 u 610
 v 605
 w 627
 x 598
 y 608
 z 608

Total characters:  16000
DATA, 1000, 100, elf27, 0.355000
 a 601
 b 629
 c 662
 d 640
 e 604
 f 568
 g 608
 h 647
 i 641
 j 611
 k 571
 l 642
 m 638
 n 653
 o 624
 p 619
 q 635
 r 576
 s 586
 t 589
 u 610
 v 605
 w 627
 x 598
 y 608
 z 608

Total characters:  16000
DATA, 1000, 100, elf09, 0.434000
 a 601
 b 629
 c 662
 d 640
 e 604
 f 568
 g 608
 h 647
 i 641
 j 611
 k 571
 l 642
 m 638
 n 653
 o 624
 p 619
 q 635
 r 576
 s 586
 t 589
 u 610
 v 605
 w 627
 x 598
 y 608
 z 608

Total characters:  16000
DATA, 1000, 100, elf35, 0.355000
 a 601
 b 629
 c 662
 d 640
 e 604
 f 568
 g 608
 h 647
 i 641
 j 611
 k 571
 l 642
 m 638
 n 653
 o 624
 p 619
 q 635
 r 576
 s 586
 t 589
 u 610
 v 605
 w 627
 x 598
 y 608
 z 608

Total characters:  16000
DATA, 1000, 100, elf09, 0.419000
 a 601
 b 629
 c 662
 d 640
 e 604
 f 568
 g 608
 h 647
 i 641
 j 611
 k 571
 l 642
 m 638
 n 653
 o 624
 p 619
 q 635
 r 576
 s 586
 t 589
 u 610
 v 605
 w 627
 x 598
 y 608
 z 608

Total characters:  16000
DATA, 1000, 100, elf35, 0.520000
 a 601
 b 629
 c 662
 d 640
 e 604
 f 568
 g 608
 h 647
 i 641
 j 611
 k 571
 l 642
 m 638
 n 653
 o 624
 p 619
 q 635
 r 576
 s 586
 t 589
 u 610
 v 605
 w 627
 x 598
 y 608
 z 608

Total characters:  16000
DATA, 1000, 100, elf09, 0.401000
 a 601
 b 629
 c 662
 d 640
 e 604
 f 568
 g 608
 h 647
 i 641
 j 611
 k 571
 l 642
 m 638
 n 653
 o 624
 p 619
 q 635
 r 576
 s 586
 t 589
 u 610
 v 605
 w 627
 x 598
 y 608
 z 608

Total characters:  16000
DATA, 1000, 100, elf35, 0.404000
 a 601
 b 629
 c 662
 d 640
 e 604
 f 568
 g 608
 h 647
 i 641
 j 611
 k 571
 l 642
 m 638
 n 653
 o 624
 p 619
 q 635
 r 576
 s 586
 t 589
 u 610
 v 605
 w 627
 x 598
 y 608
 z 608

Total characters:  16000
DATA, 1000, 100, elf09, 0.388000
 a 601
 b 629
 c 662
 d 640
 e 604
 f 568
 g 608
 h 647
 i 641
 j 611
 k 571
 l 642
 m 638
 n 653
 o 624
 p 619
 q 635
 r 576
 s 586
 t 589
 u 610
 v 605
 w 627
 x 598
 y 608
 z 608

Total characters:  16000
DATA, 1000, 100, elf35, 0.419000
 a 601
 b 629
 c 662
 d 640
 e 604
 f 568
 g 608
 h 647
 i 641
 j 611
 k 571
 l 642
 m 638
 n 653
 o 624
 p 619
 q 635
 r 576
 s 586
 t 589
 u 610
 v 605
 w 627
 x 598
 y 608
 z 608

Total characters:  16000
DATA, 1000, 100, elf09, 0.417000
 a 601
 b 629
 c 662
 d 640
 e 604
 f 568
 g 608
 h 647
 i 641
 j 611
 k 571
 l 642
 m 638
 n 653
 o 624
 p 619
 q 635
 r 576
 s 586
 t 589
 u 610
 v 605
 w 627
 x 598
 y 608
 z 608

Total characters:  16000
DATA, 1000, 100, elf35, 0.428000
 a 601
 b 629
 c 662
 d 640
 e 604
 f 568
 g 608
 h 647
 i 641
 j 611
 k 571
 l 642
 m 638
 n 653
 o 624
 p 619
 q 635
 r 576
 s 586
 t 589
 u 610
 v 605
 w 627
 x 598
 y 608
 z 608

Total characters:  16000
DATA, 1000, 100, elf09, 0.390000
 a 601
 b 629
 c 662
 d 640
 e 604
 f 568
 g 608
 h 647
 i 641
 j 611
 k 571
 l 642
 m 638
 n 653
 o 624
 p 619
 q 635
 r 576
 s 586
 t 589
 u 610
 v 605
 w 627
 x 598
 y 608
 z 608

Total characters:  16000
DATA, 1000, 100, elf35, 0.434000
 a 601
 b 629
 c 662
 d 640
 e 604
 f 568
 g 608
 h 647
 i 641
 j 611
 k 571
 l 642
 m 638
 n 653
 o 624
 p 619
 q 635
 r 576
 s 586
 t 589
 u 610
 v 605
 w 627
 x 598
 y 608
 z 608

Total characters:  16000
DATA, 1000, 100, elf09, 0.407000
 a 601
 b 629
 c 662
 d 640
 e 604
 f 568
 g 608
 h 647
 i 641
 j 611
 k 571
 l 642
 m 638
 n 653
 o 624
 p 619
 q 635
 r 576
 s 586
 t 589
 u 610
 v 605
 w 627
 x 598
 y 608
 z 608

Total characters:  16000
DATA, 1000, 100, elf35, 0.406000
 a 601
 b 629
 c 662
 d 640
 e 604
 f 568
 g 608
 h 647
 i 641
 j 611
 k 571
 l 642
 m 638
 n 653
 o 624
 p 619
 q 635
 r 576
 s 586
 t 589
 u 610
 v 605
 w 627
 x 598
 y 608
 z 608

Total characters:  16000
DATA, 1000, 100, elf09, 0.384000
 a 601
 b 629
 c 662
 d 640
 e 604
 f 568
 g 608
 h 647
 i 641
 j 611
 k 571
 l 642
 m 638
 n 653
 o 624
 p 619
 q 635
 r 576
 s 586
 t 589
 u 610
 v 605
 w 627
 x 598
 y 608
 z 608

Total characters:  16000
DATA, 1000, 100, elf35, 0.420000
 a 601
 b 629
 c 662
 d 640
 e 604
 f 568
 g 608
 h 647
 i 641
 j 611
 k 571
 l 642
 m 638
 n 653
 o 624
 p 619
 q 635
 r 576
 s 586
 t 589
 u 610
 v 605
 w 627
 x 598
 y 608
 z 608

Total characters:  16000
DATA, 1000, 100, elf09, 0.395000
 a 601
 b 629
 c 662
 d 640
 e 604
 f 568
 g 608
 h 647
 i 641
 j 611
 k 571
 l 642
 m 638
 n 653
 o 624
 p 619
 q 635
 r 576
 s 586
 t 589
 u 610
 v 605
 w 627
 x 598
 y 608
 z 608

Total characters:  16000
DATA, 1000, 100, elf35, 0.400000
 a 601
 b 629
 c 662
 d 640
 e 604
 f 568
 g 608
 h 647
 i 641
 j 611
 k 571
 l 642
 m 638
 n 653
 o 624
 p 619
 q 635
 r 576
 s 586
 t 589
 u 610
 v 605
 w 627
 x 598
 y 608
 z 608

Total characters:  16000
DATA, 1000, 100, elf09, 0.359000
 a 601
 b 629
 c 662
 d 640
 e 604
 f 568
 g 608
 h 647
 i 641
 j 611
 k 571
 l 642
 m 638
 n 653
 o 624
 p 619
 q 635
 r 576
 s 586
 t 589
 u 610
 v 605
 w 627
 x 598
 y 608
 z 608

Total characters:  16000
DATA, 1000, 100, elf35, 0.456000
 a 601
 b 629
 c 662
 d 640
 e 604
 f 568
 g 608
 h 647
 i 641
 j 611
 k 571
 l 642
 m 638
 n 653
 o 624
 p 619
 q 635
 r 576
 s 586
 t 589
 u 610
 v 605
 w 627
 x 598
 y 608
 z 608

Total characters:  16000
DATA, 1000, 100, elf09, 0.415000
 a 601
 b 629
 c 662
 d 640
 e 604
 f 568
 g 608
 h 647
 i 641
 j 611
 k 571
 l 642
 m 638
 n 653
 o 624
 p 619
 q 635
 r 576
 s 586
 t 589
 u 610
 v 605
 w 627
 x 598
 y 608
 z 608

Total characters:  16000
DATA, 1000, 100, elf35, 0.436000
 a 601
 b 629
 c 662
 d 640
 e 604
 f 568
 g 608
 h 647
 i 641
 j 611
 k 571
 l 642
 m 638
 n 653
 o 624
 p 619
 q 635
 r 576
 s 586
 t 589
 u 610
 v 605
 w 627
 x 598
 y 608
 z 608

Total characters:  16000
DATA, 1000, 100, elf09, 0.411000
 a 601
 b 629
 c 662
 d 640
 e 604
 f 568
 g 608
 h 647
 i 641
 j 611
 k 571
 l 642
 m 638
 n 653
 o 624
 p 619
 q 635
 r 576
 s 586
 t 589
 u 610
 v 605
 w 627
 x 598
 y 608
 z 608

Total characters:  16000
DATA, 1000, 100, elf35, 0.414000
 a 601
 b 629
 c 662
 d 640
 e 604
 f 568
 g 608
 h 647
 i 641
 j 611
 k 571
 l 642
 m 638
 n 653
 o 624
 p 619
 q 635
 r 576
 s 586
 t 589
 u 610
 v 605
 w 627
 x 598
 y 608
 z 608

Total characters:  16000
DATA, 1000, 100, elf09, 0.377000
 a 601
 b 629
 c 662
 d 640
 e 604
 f 568
 g 608
 h 647
 i 641
 j 611
 k 571
 l 642
 m 638
 n 653
 o 624
 p 619
 q 635
 r 576
 s 586
 t 589
 u 610
 v 605
 w 627
 x 598
 y 608
 z 608

Total characters:  16000
DATA, 1000, 100, elf35, 0.399000
 a 601
 b 629
 c 662
 d 640
 e 604
 f 568
 g 608
 h 647
 i 641
 j 611
 k 571
 l 642
 m 638
 n 653
 o 624
 p 619
 q 635
 r 576
 s 586
 t 589
 u 610
 v 605
 w 627
 x 598
 y 608
 z 608

Total characters:  16000
DATA, 1000, 100, elf09, 0.381000
 a 601
 b 629
 c 662
 d 640
 e 604
 f 568
 g 608
 h 647
 i 641
 j 611
 k 571
 l 642
 m 638
 n 653
 o 624
 p 619
 q 635
 r 576
 s 586
 t 589
 u 610
 v 605
 w 627
 x 598
 y 608
 z 608

Total characters:  16000
DATA, 1000, 100, elf35, 0.394000
 a 601
 b 629
 c 662
 d 640
 e 604
 f 568
 g 608
 h 647
 i 641
 j 611
 k 571
 l 642
 m 638
 n 653
 o 624
 p 619
 q 635
 r 576
 s 586
 t 589
 u 610
 v 605
 w 627
 x 598
 y 608
 z 608

Total characters:  16000
DATA, 1000, 100, elf09, 0.423000
 a 601
 b 629
 c 662
 d 640
 e 604
 f 568
 g 608
 h 647
 i 641
 j 611
 k 571
 l 642
 m 638
 n 653
 o 624
 p 619
 q 635
 r 576
 s 586
 t 589
 u 610
 v 605
 w 627
 x 598
 y 608
 z 608

Total characters:  16000
DATA, 1000, 100, elf35, 0.357000
 a 601
 b 629
 c 662
 d 640
 e 604
 f 568
 g 608
 h 647
 i 641
 j 611
 k 571
 l 642
 m 638
 n 653
 o 624
 p 619
 q 635
 r 576
 s 586
 t 589
 u 610
 v 605
 w 627
 x 598
 y 608
 z 608

Total characters:  16000
DATA, 1000, 100, elf25, 0.391000
 a 601
 b 629
 c 662
 d 640
 e 604
 f 568
 g 608
 h 647
 i 641
 j 611
 k 571
 l 642
 m 638
 n 653
 o 624
 p 619
 q 635
 r 576
 s 586
 t 589
 u 610
 v 605
 w 627
 x 598
 y 608
 z 608

Total characters:  16000
DATA, 1000, 100, elf20, 0.413000
 a 601
 b 629
 c 662
 d 640
 e 604
 f 568
 g 608
 h 647
 i 641
 j 611
 k 571
 l 642
 m 638
 n 653
 o 624
 p 619
 q 635
 r 576
 s 586
 t 589
 u 610
 v 605
 w 627
 x 598
 y 608
 z 608

Total characters:  16000
DATA, 1000, 100, elf25, 0.389000
 a 601
 b 629
 c 662
 d 640
 e 604
 f 568
 g 608
 h 647
 i 641
 j 611
 k 571
 l 642
 m 638
 n 653
 o 624
 p 619
 q 635
 r 576
 s 586
 t 589
 u 610
 v 605
 w 627
 x 598
 y 608
 z 608

Total characters:  16000
DATA, 1000, 100, elf20, 0.414000
 a 601
 b 629
 c 662
 d 640
 e 604
 f 568
 g 608
 h 647
 i 641
 j 611
 k 571
 l 642
 m 638
 n 653
 o 624
 p 619
 q 635
 r 576
 s 586
 t 589
 u 610
 v 605
 w 627
 x 598
 y 608
 z 608

Total characters:  16000
DATA, 1000, 100, elf25, 0.387000
 a 601
 b 629
 c 662
 d 640
 e 604
 f 568
 g 608
 h 647
 i 641
 j 611
 k 571
 l 642
 m 638
 n 653
 o 624
 p 619
 q 635
 r 576
 s 586
 t 589
 u 610
 v 605
 w 627
 x 598
 y 608
 z 608

Total characters:  16000
DATA, 1000, 100, elf20, 0.407000
 a 601
 b 629
 c 662
 d 640
 e 604
 f 568
 g 608
 h 647
 i 641
 j 611
 k 571
 l 642
 m 638
 n 653
 o 624
 p 619
 q 635
 r 576
 s 586
 t 589
 u 610
 v 605
 w 627
 x 598
 y 608
 z 608

Total characters:  16000
DATA, 1000, 100, elf25, 0.395000
 a 601
 b 629
 c 662
 d 640
 e 604
 f 568
 g 608
 h 647
 i 641
 j 611
 k 571
 l 642
 m 638
 n 653
 o 624
 p 619
 q 635
 r 576
 s 586
 t 589
 u 610
 v 605
 w 627
 x 598
 y 608
 z 608

Total characters:  16000
DATA, 1000, 100, elf20, 0.407000
 a 601
 b 629
 c 662
 d 640
 e 604
 f 568
 g 608
 h 647
 i 641
 j 611
 k 571
 l 642
 m 638
 n 653
 o 624
 p 619
 q 635
 r 576
 s 586
 t 589
 u 610
 v 605
 w 627
 x 598
 y 608
 z 608

Total characters:  16000
DATA, 1000, 100, elf25, 0.403000
 a 601
 b 629
 c 662
 d 640
 e 604
 f 568
 g 608
 h 647
 i 641
 j 611
 k 571
 l 642
 m 638
 n 653
 o 624
 p 619
 q 635
 r 576
 s 586
 t 589
 u 610
 v 605
 w 627
 x 598
 y 608
 z 608

Total characters:  16000
DATA, 1000, 100, elf20, 0.392000
 a 601
 b 629
 c 662
 d 640
 e 604
 f 568
 g 608
 h 647
 i 641
 j 611
 k 571
 l 642
 m 638
 n 653
 o 624
 p 619
 q 635
 r 576
 s 586
 t 589
 u 610
 v 605
 w 627
 x 598
 y 608
 z 608

Total characters:  16000
DATA, 1000, 100, elf25, 0.386000
 a 601
 b 629
 c 662
 d 640
 e 604
 f 568
 g 608
 h 647
 i 641
 j 611
 k 571
 l 642
 m 638
 n 653
 o 624
 p 619
 q 635
 r 576
 s 586
 t 589
 u 610
 v 605
 w 627
 x 598
 y 608
 z 608

Total characters:  16000
DATA, 1000, 100, elf20, 0.398000
 a 601
 b 629
 c 662
 d 640
 e 604
 f 568
 g 608
 h 647
 i 641
 j 611
 k 571
 l 642
 m 638
 n 653
 o 624
 p 619
 q 635
 r 576
 s 586
 t 589
 u 610
 v 605
 w 627
 x 598
 y 608
 z 608

Total characters:  16000
DATA, 1000, 100, elf25, 0.364000
 a 601
 b 629
 c 662
 d 640
 e 604
 f 568
 g 608
 h 647
 i 641
 j 611
 k 571
 l 642
 m 638
 n 653
 o 624
 p 619
 q 635
 r 576
 s 586
 t 589
 u 610
 v 605
 w 627
 x 598
 y 608
 z 608

Total characters:  16000
DATA, 1000, 100, elf20, 0.412000
 a 601
 b 629
 c 662
 d 640
 e 604
 f 568
 g 608
 h 647
 i 641
 j 611
 k 571
 l 642
 m 638
 n 653
 o 624
 p 619
 q 635
 r 576
 s 586
 t 589
 u 610
 v 605
 w 627
 x 598
 y 608
 z 608

Total characters:  16000
DATA, 1000, 100, elf25, 0.377000
 a 601
 b 629
 c 662
 d 640
 e 604
 f 568
 g 608
 h 647
 i 641
 j 611
 k 571
 l 642
 m 638
 n 653
 o 624
 p 619
 q 635
 r 576
 s 586
 t 589
 u 610
 v 605
 w 627
 x 598
 y 608
 z 608

Total characters:  16000
DATA, 1000, 100, elf20, 0.425000
 a 601
 b 629
 c 662
 d 640
 e 604
 f 568
 g 608
 h 647
 i 641
 j 611
 k 571
 l 642
 m 638
 n 653
 o 624
 p 619
 q 635
 r 576
 s 586
 t 589
 u 610
 v 605
 w 627
 x 598
 y 608
 z 608

Total characters:  16000
DATA, 1000, 100, elf25, 0.414000
 a 601
 b 629
 c 662
 d 640
 e 604
 f 568
 g 608
 h 647
 i 641
 j 611
 k 571
 l 642
 m 638
 n 653
 o 624
 p 619
 q 635
 r 576
 s 586
 t 589
 u 610
 v 605
 w 627
 x 598
 y 608
 z 608

Total characters:  16000
DATA, 1000, 100, elf20, 0.402000
 a 601
 b 629
 c 662
 d 640
 e 604
 f 568
 g 608
 h 647
 i 641
 j 611
 k 571
 l 642
 m 638
 n 653
 o 624
 p 619
 q 635
 r 576
 s 586
 t 589
 u 610
 v 605
 w 627
 x 598
 y 608
 z 608

Total characters:  16000
DATA, 1000, 100, elf25, 0.354000
 a 601
 b 629
 c 662
 d 640
 e 604
 f 568
 g 608
 h 647
 i 641
 j 611
 k 571
 l 642
 m 638
 n 653
 o 624
 p 619
 q 635
 r 576
 s 586
 t 589
 u 610
 v 605
 w 627
 x 598
 y 608
 z 608

Total characters:  16000
DATA, 1000, 100, elf20, 0.385000
 a 601
 b 629
 c 662
 d 640
 e 604
 f 568
 g 608
 h 647
 i 641
 j 611
 k 571
 l 642
 m 638
 n 653
 o 624
 p 619
 q 635
 r 576
 s 586
 t 589
 u 610
 v 605
 w 627
 x 598
 y 608
 z 608

Total characters:  16000
DATA, 1000, 100, elf25, 0.333000
 a 601
 b 629
 c 662
 d 640
 e 604
 f 568
 g 608
 h 647
 i 641
 j 611
 k 571
 l 642
 m 638
 n 653
 o 624
 p 619
 q 635
 r 576
 s 586
 t 589
 u 610
 v 605
 w 627
 x 598
 y 608
 z 608

Total characters:  16000
DATA, 1000, 100, elf20, 0.401000
 a 601
 b 629
 c 662
 d 640
 e 604
 f 568
 g 608
 h 647
 i 641
 j 611
 k 571
 l 642
 m 638
 n 653
 o 624
 p 619
 q 635
 r 576
 s 586
 t 589
 u 610
 v 605
 w 627
 x 598
 y 608
 z 608

Total characters:  16000
DATA, 1000, 100, elf25, 0.387000
 a 601
 b 629
 c 662
 d 640
 e 604
 f 568
 g 608
 h 647
 i 641
 j 611
 k 571
 l 642
 m 638
 n 653
 o 624
 p 619
 q 635
 r 576
 s 586
 t 589
 u 610
 v 605
 w 627
 x 598
 y 608
 z 608

Total characters:  16000
DATA, 1000, 100, elf20, 0.378000
 a 601
 b 629
 c 662
 d 640
 e 604
 f 568
 g 608
 h 647
 i 641
 j 611
 k 571
 l 642
 m 638
 n 653
 o 624
 p 619
 q 635
 r 576
 s 586
 t 589
 u 610
 v 605
 w 627
 x 598
 y 608
 z 608

Total characters:  16000
DATA, 1000, 100, elf25, 0.388000
 a 601
 b 629
 c 662
 d 640
 e 604
 f 568
 g 608
 h 647
 i 641
 j 611
 k 571
 l 642
 m 638
 n 653
 o 624
 p 619
 q 635
 r 576
 s 586
 t 589
 u 610
 v 605
 w 627
 x 598
 y 608
 z 608

Total characters:  16000
DATA, 1000, 100, elf25, 0.376000
 a 601
 b 629
 c 662
 d 640
 e 604
 f 568
 g 608
 h 647
 i 641
 j 611
 k 571
 l 642
 m 638
 n 653
 o 624
 p 619
 q 635
 r 576
 s 586
 t 589
 u 610
 v 605
 w 627
 x 598
 y 608
 z 608

Total characters:  16000
DATA, 1000, 100, elf20, 0.380000
 a 601
 b 629
 c 662
 d 640
 e 604
 f 568
 g 608
 h 647
 i 641
 j 611
 k 571
 l 642
 m 638
 n 653
 o 624
 p 619
 q 635
 r 576
 s 586
 t 589
 u 610
 v 605
 w 627
 x 598
 y 608
 z 608

Total characters:  16000
DATA, 1000, 100, elf25, 0.356000
 a 601
 b 629
 c 662
 d 640
 e 604
 f 568
 g 608
 h 647
 i 641
 j 611
 k 571
 l 642
 m 638
 n 653
 o 624
 p 619
 q 635
 r 576
 s 586
 t 589
 u 610
 v 605
 w 627
 x 598
 y 608
 z 608

Total characters:  16000
DATA, 1000, 100, elf20, 0.403000
 a 601
 b 629
 c 662
 d 640
 e 604
 f 568
 g 608
 h 647
 i 641
 j 611
 k 571
 l 642
 m 638
 n 653
 o 624
 p 619
 q 635
 r 576
 s 586
 t 589
 u 610
 v 605
 w 627
 x 598
 y 608
 z 608

Total characters:  16000
DATA, 1000, 100, elf20, 0.368000
