 a 6150275
 b 6151694
 c 6157905
 d 6156670
 e 6151843
 f 6152513
 g 6153292
 h 6155462
 i 6155217
 j 6153262
 k 6154942
 l 6152156
 m 6153843
 n 6155212
 o 6154673
 p 6154663
 q 6153521
 r 6155682
 s 6153588
 t 6151459
 u 6150252
 v 6155762
 w 6158089
 x 6155051
 y 6151118
 z 6151856

Total characters:  160000000
DATA, 10000000, 100, elf85, 743.242000
 a 6150275
 b 6151694
 c 6157905
 d 6156670
 e 6151843
 f 6152513
 g 6153292
 h 6155462
 i 6155217
 j 6153262
 k 6154942
 l 6152156
 m 6153843
 n 6155212
 o 6154673
 p 6154663
 q 6153521
 r 6155682
 s 6153588
 t 6151459
 u 6150252
 v 6155762
 w 6158089
 x 6155051
 y 6151118
 z 6151856

Total characters:  160000000
DATA, 10000000, 100, elf80, 744.140000
 a 6150275
 b 6151694
 c 6157905
 d 6156670
 e 6151843
 f 6152513
 g 6153292
 h 6155462
 i 6155217
 j 6153262
 k 6154942
 l 6152156
 m 6153843
 n 6155212
 o 6154673
 p 6154663
 q 6153521
 r 6155682
 s 6153588
 t 6151459
 u 6150252
 v 6155762
 w 6158089
 x 6155051
 y 6151118
 z 6151856

Total characters:  160000000
DATA, 10000000, 100, elf84, 762.069000
 a 6150275
 b 6151694
 c 6157905
 d 6156670
 e 6151843
 f 6152513
 g 6153292
 h 6155462
 i 6155217
 j 6153262
 k 6154942
 l 6152156
 m 6153843
 n 6155212
 o 6154673
 p 6154663
 q 6153521
 r 6155682
 s 6153588
 t 6151459
 u 6150252
 v 6155762
 w 6158089
 x 6155051
 y 6151118
 z 6151856

Total characters:  160000000
DATA, 10000000, 100, elf83, 757.360000
 a 6150275
 b 6151694
 c 6157905
 d 6156670
 e 6151843
 f 6152513
 g 6153292
 h 6155462
 i 6155217
 j 6153262
 k 6154942
 l 6152156
 m 6153843
 n 6155212
 o 6154673
 p 6154663
 q 6153521
 r 6155682
 s 6153588
 t 6151459
 u 6150252
 v 6155762
 w 6158089
 x 6155051
 y 6151118
 z 6151856

Total characters:  160000000
DATA, 10000000, 100, elf81, 745.147000
 a 6150275
 b 6151694
 c 6157905
 d 6156670
 e 6151843
 f 6152513
 g 6153292
 h 6155462
 i 6155217
 j 6153262
 k 6154942
 l 6152156
 m 6153843
 n 6155212
 o 6154673
 p 6154663
 q 6153521
 r 6155682
 s 6153588
 t 6151459
 u 6150252
 v 6155762
 w 6158089
 x 6155051
 y 6151118
 z 6151856

Total characters:  160000000
DATA, 10000000, 100, elf85, 744.435000
 a 6150275
 b 6151694
 c 6157905
 d 6156670
 e 6151843
 f 6152513
 g 6153292
 h 6155462
 i 6155217
 j 6153262
 k 6154942
 l 6152156
 m 6153843
 n 6155212
 o 6154673
 p 6154663
 q 6153521
 r 6155682
 s 6153588
 t 6151459
 u 6150252
 v 6155762
 w 6158089
 x 6155051
 y 6151118
 z 6151856

Total characters:  160000000
DATA, 10000000, 100, elf85, 750.347000
 a 6150275
 b 6151694
 c 6157905
 d 6156670
 e 6151843
 f 6152513
 g 6153292
 h 6155462
 i 6155217
 j 6153262
 k 6154942
 l 6152156
 m 6153843
 n 6155212
 o 6154673
 p 6154663
 q 6153521
 r 6155682
 s 6153588
 t 6151459
 u 6150252
 v 6155762
 w 6158089
 x 6155051
 y 6151118
 z 6151856

Total characters:  160000000
DATA, 10000000, 100, elf85, 749.812000
 a 6150275
 b 6151694
 c 6157905
 d 6156670
 e 6151843
 f 6152513
 g 6153292
 h 6155462
 i 6155217
 j 6153262
 k 6154942
 l 6152156
 m 6153843
 n 6155212
 o 6154673
 p 6154663
 q 6153521
 r 6155682
 s 6153588
 t 6151459
 u 6150252
 v 6155762
 w 6158089
 x 6155051
 y 6151118
 z 6151856

Total characters:  160000000
DATA, 10000000, 100, elf85, 748.706000
 a 6150275
 b 6151694
 c 6157905
 d 6156670
 e 6151843
 f 6152513
 g 6153292
 h 6155462
 i 6155217
 j 6153262
 k 6154942
 l 6152156
 m 6153843
 n 6155212
 o 6154673
 p 6154663
 q 6153521
 r 6155682
 s 6153588
 t 6151459
 u 6150252
 v 6155762
 w 6158089
 x 6155051
 y 6151118
 z 6151856

Total characters:  160000000
DATA, 10000000, 100, elf85, 753.530000
 a 6150275
 b 6151694
 c 6157905
 d 6156670
 e 6151843
 f 6152513
 g 6153292
 h 6155462
 i 6155217
 j 6153262
 k 6154942
 l 6152156
 m 6153843
 n 6155212
 o 6154673
 p 6154663
 q 6153521
 r 6155682
 s 6153588
 t 6151459
 u 6150252
 v 6155762
 w 6158089
 x 6155051
 y 6151118
 z 6151856

Total characters:  160000000
DATA, 10000000, 100, elf85, 754.128000
 a 6150275
 b 6151694
 c 6157905
 d 6156670
 e 6151843
 f 6152513
 g 6153292
 h 6155462
 i 6155217
 j 6153262
 k 6154942
 l 6152156
 m 6153843
 n 6155212
 o 6154673
 p 6154663
 q 6153521
 r 6155682
 s 6153588
 t 6151459
 u 6150252
 v 6155762
 w 6158089
 x 6155051
 y 6151118
 z 6151856

Total characters:  160000000
DATA, 10000000, 100, elf85, 752.780000
 a 6150275
 b 6151694
 c 6157905
 d 6156670
 e 6151843
 f 6152513
 g 6153292
 h 6155462
 i 6155217
 j 6153262
 k 6154942
 l 6152156
 m 6153843
 n 6155212
 o 6154673
 p 6154663
 q 6153521
 r 6155682
 s 6153588
 t 6151459
 u 6150252
 v 6155762
 w 6158089
 x 6155051
 y 6151118
 z 6151856

Total characters:  160000000
DATA, 10000000, 100, elf85, 755.335000
 a 6150275
 b 6151694
 c 6157905
 d 6156670
 e 6151843
 f 6152513
 g 6153292
 h 6155462
 i 6155217
 j 6153262
 k 6154942
 l 6152156
 m 6153843
 n 6155212
 o 6154673
 p 6154663
 q 6153521
 r 6155682
 s 6153588
 t 6151459
 u 6150252
 v 6155762
 w 6158089
 x 6155051
 y 6151118
 z 6151856

Total characters:  160000000
DATA, 10000000, 100, elf85, 751.272000
 a 6150275
 b 6151694
 c 6157905
 d 6156670
 e 6151843
 f 6152513
 g 6153292
 h 6155462
 i 6155217
 j 6153262
 k 6154942
 l 6152156
 m 6153843
 n 6155212
 o 6154673
 p 6154663
 q 6153521
 r 6155682
 s 6153588
 t 6151459
 u 6150252
 v 6155762
 w 6158089
 x 6155051
 y 6151118
 z 6151856

Total characters:  160000000
DATA, 10000000, 100, elf85, 757.760000
 a 6150275
 b 6151694
 c 6157905
 d 6156670
 e 6151843
 f 6152513
 g 6153292
 h 6155462
 i 6155217
 j 6153262
 k 6154942
 l 6152156
 m 6153843
 n 6155212
 o 6154673
 p 6154663
 q 6153521
 r 6155682
 s 6153588
 t 6151459
 u 6150252
 v 6155762
 w 6158089
 x 6155051
 y 6151118
 z 6151856

Total characters:  160000000
DATA, 10000000, 100, elf85, 754.113000
 a 6150275
 b 6151694
 c 6157905
 d 6156670
 e 6151843
 f 6152513
 g 6153292
 h 6155462
 i 6155217
 j 6153262
 k 6154942
 l 6152156
 m 6153843
 n 6155212
 o 6154673
 p 6154663
 q 6153521
 r 6155682
 s 6153588
 t 6151459
 u 6150252
 v 6155762
 w 6158089
 x 6155051
 y 6151118
 z 6151856

Total characters:  160000000
DATA, 10000000, 100, elf85, 758.565000
 a 6150275
 b 6151694
 c 6157905
 d 6156670
 e 6151843
 f 6152513
 g 6153292
 h 6155462
 i 6155217
 j 6153262
 k 6154942
 l 6152156
 m 6153843
 n 6155212
 o 6154673
 p 6154663
 q 6153521
 r 6155682
 s 6153588
 t 6151459
 u 6150252
 v 6155762
 w 6158089
 x 6155051
 y 6151118
 z 6151856

Total characters:  160000000
DATA, 10000000, 100, elf85, 746.557000
 a 6150275
 b 6151694
 c 6157905
 d 6156670
 e 6151843
 f 6152513
 g 6153292
 h 6155462
 i 6155217
 j 6153262
 k 6154942
 l 6152156
 m 6153843
 n 6155212
 o 6154673
 p 6154663
 q 6153521
 r 6155682
 s 6153588
 t 6151459
 u 6150252
 v 6155762
 w 6158089
 x 6155051
 y 6151118
 z 6151856

Total characters:  160000000
DATA, 10000000, 100, elf85, 767.315000
 a 6150275
 b 6151694
 c 6157905
 d 6156670
 e 6151843
 f 6152513
 g 6153292
 h 6155462
 i 6155217
 j 6153262
 k 6154942
 l 6152156
 m 6153843
 n 6155212
 o 6154673
 p 6154663
 q 6153521
 r 6155682
 s 6153588
 t 6151459
 u 6150252
 v 6155762
 w 6158089
 x 6155051
 y 6151118
 z 6151856

Total characters:  160000000
DATA, 10000000, 100, elf85, 754.401000
 a 6150275
 b 6151694
 c 6157905
 d 6156670
 e 6151843
 f 6152513
 g 6153292
 h 6155462
 i 6155217
 j 6153262
 k 6154942
 l 6152156
 m 6153843
 n 6155212
 o 6154673
 p 6154663
 q 6153521
 r 6155682
 s 6153588
 t 6151459
 u 6150252
 v 6155762
 w 6158089
 x 6155051
 y 6151118
 z 6151856

Total characters:  160000000
DATA, 10000000, 100, elf80, 755.133000
 a 6150275
 b 6151694
 c 6157905
 d 6156670
 e 6151843
 f 6152513
 g 6153292
 h 6155462
 i 6155217
 j 6153262
 k 6154942
 l 6152156
 m 6153843
 n 6155212
 o 6154673
 p 6154663
 q 6153521
 r 6155682
 s 6153588
 t 6151459
 u 6150252
 v 6155762
 w 6158089
 x 6155051
 y 6151118
 z 6151856

Total characters:  160000000
DATA, 10000000, 100, elf80, 743.956000
 a 6150275
 b 6151694
 c 6157905
 d 6156670
 e 6151843
 f 6152513
 g 6153292
 h 6155462
 i 6155217
 j 6153262
 k 6154942
 l 6152156
 m 6153843
 n 6155212
 o 6154673
 p 6154663
 q 6153521
 r 6155682
 s 6153588
 t 6151459
 u 6150252
 v 6155762
 w 6158089
 x 6155051
 y 6151118
 z 6151856

Total characters:  160000000
DATA, 10000000, 100, elf80, 745.056000
 a 6150275
 b 6151694
 c 6157905
 d 6156670
 e 6151843
 f 6152513
 g 6153292
 h 6155462
 i 6155217
 j 6153262
 k 6154942
 l 6152156
 m 6153843
 n 6155212
 o 6154673
 p 6154663
 q 6153521
 r 6155682
 s 6153588
 t 6151459
 u 6150252
 v 6155762
 w 6158089
 x 6155051
 y 6151118
 z 6151856

Total characters:  160000000
DATA, 10000000, 100, elf80, 749.288000
 a 6150275
 b 6151694
 c 6157905
 d 6156670
 e 6151843
 f 6152513
 g 6153292
 h 6155462
 i 6155217
 j 6153262
 k 6154942
 l 6152156
 m 6153843
 n 6155212
 o 6154673
 p 6154663
 q 6153521
 r 6155682
 s 6153588
 t 6151459
 u 6150252
 v 6155762
 w 6158089
 x 6155051
 y 6151118
 z 6151856

Total characters:  160000000
DATA, 10000000, 100, elf80, 749.819000
 a 6150275
 b 6151694
 c 6157905
 d 6156670
 e 6151843
 f 6152513
 g 6153292
 h 6155462
 i 6155217
 j 6153262
 k 6154942
 l 6152156
 m 6153843
 n 6155212
 o 6154673
 p 6154663
 q 6153521
 r 6155682
 s 6153588
 t 6151459
 u 6150252
 v 6155762
 w 6158089
 x 6155051
 y 6151118
 z 6151856

Total characters:  160000000
DATA, 10000000, 100, elf80, 759.296000
 a 6150275
 b 6151694
 c 6157905
 d 6156670
 e 6151843
 f 6152513
 g 6153292
 h 6155462
 i 6155217
 j 6153262
 k 6154942
 l 6152156
 m 6153843
 n 6155212
 o 6154673
 p 6154663
 q 6153521
 r 6155682
 s 6153588
 t 6151459
 u 6150252
 v 6155762
 w 6158089
 x 6155051
 y 6151118
 z 6151856

Total characters:  160000000
DATA, 10000000, 100, elf80, 757.916000
 a 6150275
 b 6151694
 c 6157905
 d 6156670
 e 6151843
 f 6152513
 g 6153292
 h 6155462
 i 6155217
 j 6153262
 k 6154942
 l 6152156
 m 6153843
 n 6155212
 o 6154673
 p 6154663
 q 6153521
 r 6155682
 s 6153588
 t 6151459
 u 6150252
 v 6155762
 w 6158089
 x 6155051
 y 6151118
 z 6151856

Total characters:  160000000
DATA, 10000000, 100, elf80, 754.943000
 a 6150275
 b 6151694
 c 6157905
 d 6156670
 e 6151843
 f 6152513
 g 6153292
 h 6155462
 i 6155217
 j 6153262
 k 6154942
 l 6152156
 m 6153843
 n 6155212
 o 6154673
 p 6154663
 q 6153521
 r 6155682
 s 6153588
 t 6151459
 u 6150252
 v 6155762
 w 6158089
 x 6155051
 y 6151118
 z 6151856

Total characters:  160000000
DATA, 10000000, 100, elf80, 753.910000
 a 6150275
 b 6151694
 c 6157905
 d 6156670
 e 6151843
 f 6152513
 g 6153292
 h 6155462
 i 6155217
 j 6153262
 k 6154942
 l 6152156
 m 6153843
 n 6155212
 o 6154673
 p 6154663
 q 6153521
 r 6155682
 s 6153588
 t 6151459
 u 6150252
 v 6155762
 w 6158089
 x 6155051
 y 6151118
 z 6151856

Total characters:  160000000
DATA, 10000000, 100, elf80, 763.373000
 a 6150275
 b 6151694
 c 6157905
 d 6156670
 e 6151843
 f 6152513
 g 6153292
 h 6155462
 i 6155217
 j 6153262
 k 6154942
 l 6152156
 m 6153843
 n 6155212
 o 6154673
 p 6154663
 q 6153521
 r 6155682
 s 6153588
 t 6151459
 u 6150252
 v 6155762
 w 6158089
 x 6155051
 y 6151118
 z 6151856

Total characters:  160000000
DATA, 10000000, 100, elf80, 753.139000
 a 6150275
 b 6151694
 c 6157905
 d 6156670
 e 6151843
 f 6152513
 g 6153292
 h 6155462
 i 6155217
 j 6153262
 k 6154942
 l 6152156
 m 6153843
 n 6155212
 o 6154673
 p 6154663
 q 6153521
 r 6155682
 s 6153588
 t 6151459
 u 6150252
 v 6155762
 w 6158089
 x 6155051
 y 6151118
 z 6151856

Total characters:  160000000
DATA, 10000000, 100, elf80, 753.976000
 a 6150275
 b 6151694
 c 6157905
 d 6156670
 e 6151843
 f 6152513
 g 6153292
 h 6155462
 i 6155217
 j 6153262
 k 6154942
 l 6152156
 m 6153843
 n 6155212
 o 6154673
 p 6154663
 q 6153521
 r 6155682
 s 6153588
 t 6151459
 u 6150252
 v 6155762
 w 6158089
 x 6155051
 y 6151118
 z 6151856

Total characters:  160000000
DATA, 10000000, 100, elf80, 754.276000
 a 6150275
 b 6151694
 c 6157905
 d 6156670
 e 6151843
 f 6152513
 g 6153292
 h 6155462
 i 6155217
 j 6153262
 k 6154942
 l 6152156
 m 6153843
 n 6155212
 o 6154673
 p 6154663
 q 6153521
 r 6155682
 s 6153588
 t 6151459
 u 6150252
 v 6155762
 w 6158089
 x 6155051
 y 6151118
 z 6151856

Total characters:  160000000
DATA, 10000000, 100, elf80, 751.547000
 a 6150275
 b 6151694
 c 6157905
 d 6156670
 e 6151843
 f 6152513
 g 6153292
 h 6155462
 i 6155217
 j 6153262
 k 6154942
 l 6152156
 m 6153843
 n 6155212
 o 6154673
 p 6154663
 q 6153521
 r 6155682
 s 6153588
 t 6151459
 u 6150252
 v 6155762
 w 6158089
 x 6155051
 y 6151118
 z 6151856

Total characters:  160000000
DATA, 10000000, 100, elf80, 744.047000
 a 6150275
 b 6151694
 c 6157905
 d 6156670
 e 6151843
 f 6152513
 g 6153292
 h 6155462
 i 6155217
 j 6153262
 k 6154942
 l 6152156
 m 6153843
 n 6155212
 o 6154673
 p 6154663
 q 6153521
 r 6155682
 s 6153588
 t 6151459
 u 6150252
 v 6155762
 w 6158089
 x 6155051
 y 6151118
 z 6151856

Total characters:  160000000
DATA, 10000000, 100, elf80, 760.246000
 a 6150275
 b 6151694
 c 6157905
 d 6156670
 e 6151843
 f 6152513
 g 6153292
 h 6155462
 i 6155217
 j 6153262
 k 6154942
 l 6152156
 m 6153843
 n 6155212
 o 6154673
 p 6154663
 q 6153521
 r 6155682
 s 6153588
 t 6151459
 u 6150252
 v 6155762
 w 6158089
 x 6155051
 y 6151118
 z 6151856

Total characters:  160000000
DATA, 10000000, 100, elf85, 755.141000
 a 6150275
 b 6151694
 c 6157905
 d 6156670
 e 6151843
 f 6152513
 g 6153292
 h 6155462
 i 6155217
 j 6153262
 k 6154942
 l 6152156
 m 6153843
 n 6155212
 o 6154673
 p 6154663
 q 6153521
 r 6155682
 s 6153588
 t 6151459
 u 6150252
 v 6155762
 w 6158089
 x 6155051
 y 6151118
 z 6151856

Total characters:  160000000
DATA, 10000000, 100, elf84, 750.462000
 a 6150275
 b 6151694
 c 6157905
 d 6156670
 e 6151843
 f 6152513
 g 6153292
 h 6155462
 i 6155217
 j 6153262
 k 6154942
 l 6152156
 m 6153843
 n 6155212
 o 6154673
 p 6154663
 q 6153521
 r 6155682
 s 6153588
 t 6151459
 u 6150252
 v 6155762
 w 6158089
 x 6155051
 y 6151118
 z 6151856

Total characters:  160000000
DATA, 10000000, 100, elf84, 750.700000
 a 6150275
 b 6151694
 c 6157905
 d 6156670
 e 6151843
 f 6152513
 g 6153292
 h 6155462
 i 6155217
 j 6153262
 k 6154942
 l 6152156
 m 6153843
 n 6155212
 o 6154673
 p 6154663
 q 6153521
 r 6155682
 s 6153588
 t 6151459
 u 6150252
 v 6155762
 w 6158089
 x 6155051
 y 6151118
 z 6151856

Total characters:  160000000
DATA, 10000000, 100, elf84, 754.671000
 a 6150275
 b 6151694
 c 6157905
 d 6156670
 e 6151843
 f 6152513
 g 6153292
 h 6155462
 i 6155217
 j 6153262
 k 6154942
 l 6152156
 m 6153843
 n 6155212
 o 6154673
 p 6154663
 q 6153521
 r 6155682
 s 6153588
 t 6151459
 u 6150252
 v 6155762
 w 6158089
 x 6155051
 y 6151118
 z 6151856

Total characters:  160000000
DATA, 10000000, 100, elf84, 753.660000
 a 6150275
 b 6151694
 c 6157905
 d 6156670
 e 6151843
 f 6152513
 g 6153292
 h 6155462
 i 6155217
 j 6153262
 k 6154942
 l 6152156
 m 6153843
 n 6155212
 o 6154673
 p 6154663
 q 6153521
 r 6155682
 s 6153588
 t 6151459
 u 6150252
 v 6155762
 w 6158089
 x 6155051
 y 6151118
 z 6151856

Total characters:  160000000
DATA, 10000000, 100, elf84, 768.764000
 a 6150275
 b 6151694
 c 6157905
 d 6156670
 e 6151843
 f 6152513
 g 6153292
 h 6155462
 i 6155217
 j 6153262
 k 6154942
 l 6152156
 m 6153843
 n 6155212
 o 6154673
 p 6154663
 q 6153521
 r 6155682
 s 6153588
 t 6151459
 u 6150252
 v 6155762
 w 6158089
 x 6155051
 y 6151118
 z 6151856

Total characters:  160000000
DATA, 10000000, 100, elf84, 758.990000
 a 6150275
 b 6151694
 c 6157905
 d 6156670
 e 6151843
 f 6152513
 g 6153292
 h 6155462
 i 6155217
 j 6153262
 k 6154942
 l 6152156
 m 6153843
 n 6155212
 o 6154673
 p 6154663
 q 6153521
 r 6155682
 s 6153588
 t 6151459
 u 6150252
 v 6155762
 w 6158089
 x 6155051
 y 6151118
 z 6151856

Total characters:  160000000
DATA, 10000000, 100, elf84, 753.554000
 a 6150275
 b 6151694
 c 6157905
 d 6156670
 e 6151843
 f 6152513
 g 6153292
 h 6155462
 i 6155217
 j 6153262
 k 6154942
 l 6152156
 m 6153843
 n 6155212
 o 6154673
 p 6154663
 q 6153521
 r 6155682
 s 6153588
 t 6151459
 u 6150252
 v 6155762
 w 6158089
 x 6155051
 y 6151118
 z 6151856

Total characters:  160000000
DATA, 10000000, 100, elf84, 758.084000
 a 6150275
 b 6151694
 c 6157905
 d 6156670
 e 6151843
 f 6152513
 g 6153292
 h 6155462
 i 6155217
 j 6153262
 k 6154942
 l 6152156
 m 6153843
 n 6155212
 o 6154673
 p 6154663
 q 6153521
 r 6155682
 s 6153588
 t 6151459
 u 6150252
 v 6155762
 w 6158089
 x 6155051
 y 6151118
 z 6151856

Total characters:  160000000
DATA, 10000000, 100, elf84, 758.421000
 a 6150275
 b 6151694
 c 6157905
 d 6156670
 e 6151843
 f 6152513
 g 6153292
 h 6155462
 i 6155217
 j 6153262
 k 6154942
 l 6152156
 m 6153843
 n 6155212
 o 6154673
 p 6154663
 q 6153521
 r 6155682
 s 6153588
 t 6151459
 u 6150252
 v 6155762
 w 6158089
 x 6155051
 y 6151118
 z 6151856

Total characters:  160000000
DATA, 10000000, 100, elf84, 756.799000
 a 6150275
 b 6151694
 c 6157905
 d 6156670
 e 6151843
 f 6152513
 g 6153292
 h 6155462
 i 6155217
 j 6153262
 k 6154942
 l 6152156
 m 6153843
 n 6155212
 o 6154673
 p 6154663
 q 6153521
 r 6155682
 s 6153588
 t 6151459
 u 6150252
 v 6155762
 w 6158089
 x 6155051
 y 6151118
 z 6151856

Total characters:  160000000
DATA, 10000000, 100, elf84, 745.702000
 a 6150275
 b 6151694
 c 6157905
 d 6156670
 e 6151843
 f 6152513
 g 6153292
 h 6155462
 i 6155217
 j 6153262
 k 6154942
 l 6152156
 m 6153843
 n 6155212
 o 6154673
 p 6154663
 q 6153521
 r 6155682
 s 6153588
 t 6151459
 u 6150252
 v 6155762
 w 6158089
 x 6155051
 y 6151118
 z 6151856

Total characters:  160000000
DATA, 10000000, 100, elf84, 750.220000
 a 6150275
 b 6151694
 c 6157905
 d 6156670
 e 6151843
 f 6152513
 g 6153292
 h 6155462
 i 6155217
 j 6153262
 k 6154942
 l 6152156
 m 6153843
 n 6155212
 o 6154673
 p 6154663
 q 6153521
 r 6155682
 s 6153588
 t 6151459
 u 6150252
 v 6155762
 w 6158089
 x 6155051
 y 6151118
 z 6151856

Total characters:  160000000
DATA, 10000000, 100, elf83, 751.905000
 a 6150275
 b 6151694
 c 6157905
 d 6156670
 e 6151843
 f 6152513
 g 6153292
 h 6155462
 i 6155217
 j 6153262
 k 6154942
 l 6152156
 m 6153843
 n 6155212
 o 6154673
 p 6154663
 q 6153521
 r 6155682
 s 6153588
 t 6151459
 u 6150252
 v 6155762
 w 6158089
 x 6155051
 y 6151118
 z 6151856

Total characters:  160000000
DATA, 10000000, 100, elf83, 744.024000
 a 6150275
 b 6151694
 c 6157905
 d 6156670
 e 6151843
 f 6152513
 g 6153292
 h 6155462
 i 6155217
 j 6153262
 k 6154942
 l 6152156
 m 6153843
 n 6155212
 o 6154673
 p 6154663
 q 6153521
 r 6155682
 s 6153588
 t 6151459
 u 6150252
 v 6155762
 w 6158089
 x 6155051
 y 6151118
 z 6151856

Total characters:  160000000
DATA, 10000000, 100, elf83, 766.652000
 a 6150275
 b 6151694
 c 6157905
 d 6156670
 e 6151843
 f 6152513
 g 6153292
 h 6155462
 i 6155217
 j 6153262
 k 6154942
 l 6152156
 m 6153843
 n 6155212
 o 6154673
 p 6154663
 q 6153521
 r 6155682
 s 6153588
 t 6151459
 u 6150252
 v 6155762
 w 6158089
 x 6155051
 y 6151118
 z 6151856

Total characters:  160000000
DATA, 10000000, 100, elf83, 766.383000
 a 6150275
 b 6151694
 c 6157905
 d 6156670
 e 6151843
 f 6152513
 g 6153292
 h 6155462
 i 6155217
 j 6153262
 k 6154942
 l 6152156
 m 6153843
 n 6155212
 o 6154673
 p 6154663
 q 6153521
 r 6155682
 s 6153588
 t 6151459
 u 6150252
 v 6155762
 w 6158089
 x 6155051
 y 6151118
 z 6151856

Total characters:  160000000
DATA, 10000000, 100, elf83, 755.230000
 a 6150275
 b 6151694
 c 6157905
 d 6156670
 e 6151843
 f 6152513
 g 6153292
 h 6155462
 i 6155217
 j 6153262
 k 6154942
 l 6152156
 m 6153843
 n 6155212
 o 6154673
 p 6154663
 q 6153521
 r 6155682
 s 6153588
 t 6151459
 u 6150252
 v 6155762
 w 6158089
 x 6155051
 y 6151118
 z 6151856

Total characters:  160000000
DATA, 10000000, 100, elf83, 753.002000
 a 6150275
 b 6151694
 c 6157905
 d 6156670
 e 6151843
 f 6152513
 g 6153292
 h 6155462
 i 6155217
 j 6153262
 k 6154942
 l 6152156
 m 6153843
 n 6155212
 o 6154673
 p 6154663
 q 6153521
 r 6155682
 s 6153588
 t 6151459
 u 6150252
 v 6155762
 w 6158089
 x 6155051
 y 6151118
 z 6151856

Total characters:  160000000
DATA, 10000000, 100, elf83, 756.018000
 a 6150275
 b 6151694
 c 6157905
 d 6156670
 e 6151843
 f 6152513
 g 6153292
 h 6155462
 i 6155217
 j 6153262
 k 6154942
 l 6152156
 m 6153843
 n 6155212
 o 6154673
 p 6154663
 q 6153521
 r 6155682
 s 6153588
 t 6151459
 u 6150252
 v 6155762
 w 6158089
 x 6155051
 y 6151118
 z 6151856

Total characters:  160000000
DATA, 10000000, 100, elf83, 752.433000
 a 6150275
 b 6151694
 c 6157905
 d 6156670
 e 6151843
 f 6152513
 g 6153292
 h 6155462
 i 6155217
 j 6153262
 k 6154942
 l 6152156
 m 6153843
 n 6155212
 o 6154673
 p 6154663
 q 6153521
 r 6155682
 s 6153588
 t 6151459
 u 6150252
 v 6155762
 w 6158089
 x 6155051
 y 6151118
 z 6151856

Total characters:  160000000
DATA, 10000000, 100, elf83, 759.445000
 a 6150275
 b 6151694
 c 6157905
 d 6156670
 e 6151843
 f 6152513
 g 6153292
 h 6155462
 i 6155217
 j 6153262
 k 6154942
 l 6152156
 m 6153843
 n 6155212
 o 6154673
 p 6154663
 q 6153521
 r 6155682
 s 6153588
 t 6151459
 u 6150252
 v 6155762
 w 6158089
 x 6155051
 y 6151118
 z 6151856

Total characters:  160000000
DATA, 10000000, 100, elf83, 754.654000
 a 6150275
 b 6151694
 c 6157905
 d 6156670
 e 6151843
 f 6152513
 g 6153292
 h 6155462
 i 6155217
 j 6153262
 k 6154942
 l 6152156
 m 6153843
 n 6155212
 o 6154673
 p 6154663
 q 6153521
 r 6155682
 s 6153588
 t 6151459
 u 6150252
 v 6155762
 w 6158089
 x 6155051
 y 6151118
 z 6151856

Total characters:  160000000
DATA, 10000000, 100, elf83, 754.129000
 a 6150275
 b 6151694
 c 6157905
 d 6156670
 e 6151843
 f 6152513
 g 6153292
 h 6155462
 i 6155217
 j 6153262
 k 6154942
 l 6152156
 m 6153843
 n 6155212
 o 6154673
 p 6154663
 q 6153521
 r 6155682
 s 6153588
 t 6151459
 u 6150252
 v 6155762
 w 6158089
 x 6155051
 y 6151118
 z 6151856

Total characters:  160000000
DATA, 10000000, 100, elf83, 754.095000
 a 6150275
 b 6151694
 c 6157905
 d 6156670
 e 6151843
 f 6152513
 g 6153292
 h 6155462
 i 6155217
 j 6153262
 k 6154942
 l 6152156
 m 6153843
 n 6155212
 o 6154673
 p 6154663
 q 6153521
 r 6155682
 s 6153588
 t 6151459
 u 6150252
 v 6155762
 w 6158089
 x 6155051
 y 6151118
 z 6151856

Total characters:  160000000
DATA, 10000000, 100, elf83, 757.384000
 a 6150275
 b 6151694
 c 6157905
 d 6156670
 e 6151843
 f 6152513
 g 6153292
 h 6155462
 i 6155217
 j 6153262
 k 6154942
 l 6152156
 m 6153843
 n 6155212
 o 6154673
 p 6154663
 q 6153521
 r 6155682
 s 6153588
 t 6151459
 u 6150252
 v 6155762
 w 6158089
 x 6155051
 y 6151118
 z 6151856

Total characters:  160000000
DATA, 10000000, 100, elf83, 754.556000
 a 6150275
 b 6151694
 c 6157905
 d 6156670
 e 6151843
 f 6152513
 g 6153292
 h 6155462
 i 6155217
 j 6153262
 k 6154942
 l 6152156
 m 6153843
 n 6155212
 o 6154673
 p 6154663
 q 6153521
 r 6155682
 s 6153588
 t 6151459
 u 6150252
 v 6155762
 w 6158089
 x 6155051
 y 6151118
 z 6151856

Total characters:  160000000
DATA, 10000000, 100, elf83, 766.211000
 a 6150275
 b 6151694
 c 6157905
 d 6156670
 e 6151843
 f 6152513
 g 6153292
 h 6155462
 i 6155217
 j 6153262
 k 6154942
 l 6152156
 m 6153843
 n 6155212
 o 6154673
 p 6154663
 q 6153521
 r 6155682
 s 6153588
 t 6151459
 u 6150252
 v 6155762
 w 6158089
 x 6155051
 y 6151118
 z 6151856

Total characters:  160000000
DATA, 10000000, 100, elf83, 745.662000
 a 6150275
 b 6151694
 c 6157905
 d 6156670
 e 6151843
 f 6152513
 g 6153292
 h 6155462
 i 6155217
 j 6153262
 k 6154942
 l 6152156
 m 6153843
 n 6155212
 o 6154673
 p 6154663
 q 6153521
 r 6155682
 s 6153588
 t 6151459
 u 6150252
 v 6155762
 w 6158089
 x 6155051
 y 6151118
 z 6151856

Total characters:  160000000
DATA, 10000000, 100, elf84, 783.642000
 a 6150275
 b 6151694
 c 6157905
 d 6156670
 e 6151843
 f 6152513
 g 6153292
 h 6155462
 i 6155217
 j 6153262
 k 6154942
 l 6152156
 m 6153843
 n 6155212
 o 6154673
 p 6154663
 q 6153521
 r 6155682
 s 6153588
 t 6151459
 u 6150252
 v 6155762
 w 6158089
 x 6155051
 y 6151118
 z 6151856

Total characters:  160000000
DATA, 10000000, 100, elf81, 757.779000
 a 6150275
 b 6151694
 c 6157905
 d 6156670
 e 6151843
 f 6152513
 g 6153292
 h 6155462
 i 6155217
 j 6153262
 k 6154942
 l 6152156
 m 6153843
 n 6155212
 o 6154673
 p 6154663
 q 6153521
 r 6155682
 s 6153588
 t 6151459
 u 6150252
 v 6155762
 w 6158089
 x 6155051
 y 6151118
 z 6151856

Total characters:  160000000
DATA, 10000000, 100, elf81, 742.873000
 a 6150275
 b 6151694
 c 6157905
 d 6156670
 e 6151843
 f 6152513
 g 6153292
 h 6155462
 i 6155217
 j 6153262
 k 6154942
 l 6152156
 m 6153843
 n 6155212
 o 6154673
 p 6154663
 q 6153521
 r 6155682
 s 6153588
 t 6151459
 u 6150252
 v 6155762
 w 6158089
 x 6155051
 y 6151118
 z 6151856

Total characters:  160000000
DATA, 10000000, 100, elf81, 751.055000
 a 6150275
 b 6151694
 c 6157905
 d 6156670
 e 6151843
 f 6152513
 g 6153292
 h 6155462
 i 6155217
 j 6153262
 k 6154942
 l 6152156
 m 6153843
 n 6155212
 o 6154673
 p 6154663
 q 6153521
 r 6155682
 s 6153588
 t 6151459
 u 6150252
 v 6155762
 w 6158089
 x 6155051
 y 6151118
 z 6151856

Total characters:  160000000
DATA, 10000000, 100, elf81, 763.796000
 a 6150275
 b 6151694
 c 6157905
 d 6156670
 e 6151843
 f 6152513
 g 6153292
 h 6155462
 i 6155217
 j 6153262
 k 6154942
 l 6152156
 m 6153843
 n 6155212
 o 6154673
 p 6154663
 q 6153521
 r 6155682
 s 6153588
 t 6151459
 u 6150252
 v 6155762
 w 6158089
 x 6155051
 y 6151118
 z 6151856

Total characters:  160000000
DATA, 10000000, 100, elf81, 744.390000
 a 6150275
 b 6151694
 c 6157905
 d 6156670
 e 6151843
 f 6152513
 g 6153292
 h 6155462
 i 6155217
 j 6153262
 k 6154942
 l 6152156
 m 6153843
 n 6155212
 o 6154673
 p 6154663
 q 6153521
 r 6155682
 s 6153588
 t 6151459
 u 6150252
 v 6155762
 w 6158089
 x 6155051
 y 6151118
 z 6151856

Total characters:  160000000
DATA, 10000000, 100, elf81, 761.325000
 a 6150275
 b 6151694
 c 6157905
 d 6156670
 e 6151843
 f 6152513
 g 6153292
 h 6155462
 i 6155217
 j 6153262
 k 6154942
 l 6152156
 m 6153843
 n 6155212
 o 6154673
 p 6154663
 q 6153521
 r 6155682
 s 6153588
 t 6151459
 u 6150252
 v 6155762
 w 6158089
 x 6155051
 y 6151118
 z 6151856

Total characters:  160000000
DATA, 10000000, 100, elf81, 752.370000
 a 6150275
 b 6151694
 c 6157905
 d 6156670
 e 6151843
 f 6152513
 g 6153292
 h 6155462
 i 6155217
 j 6153262
 k 6154942
 l 6152156
 m 6153843
 n 6155212
 o 6154673
 p 6154663
 q 6153521
 r 6155682
 s 6153588
 t 6151459
 u 6150252
 v 6155762
 w 6158089
 x 6155051
 y 6151118
 z 6151856

Total characters:  160000000
DATA, 10000000, 100, elf81, 743.813000
 a 6150275
 b 6151694
 c 6157905
 d 6156670
 e 6151843
 f 6152513
 g 6153292
 h 6155462
 i 6155217
 j 6153262
 k 6154942
 l 6152156
 m 6153843
 n 6155212
 o 6154673
 p 6154663
 q 6153521
 r 6155682
 s 6153588
 t 6151459
 u 6150252
 v 6155762
 w 6158089
 x 6155051
 y 6151118
 z 6151856

Total characters:  160000000
DATA, 10000000, 100, elf81, 759.596000
 a 6150275
 b 6151694
 c 6157905
 d 6156670
 e 6151843
 f 6152513
 g 6153292
 h 6155462
 i 6155217
 j 6153262
 k 6154942
 l 6152156
 m 6153843
 n 6155212
 o 6154673
 p 6154663
 q 6153521
 r 6155682
 s 6153588
 t 6151459
 u 6150252
 v 6155762
 w 6158089
 x 6155051
 y 6151118
 z 6151856

Total characters:  160000000
DATA, 10000000, 100, elf81, 754.242000
 a 6150275
 b 6151694
 c 6157905
 d 6156670
 e 6151843
 f 6152513
 g 6153292
 h 6155462
 i 6155217
 j 6153262
 k 6154942
 l 6152156
 m 6153843
 n 6155212
 o 6154673
 p 6154663
 q 6153521
 r 6155682
 s 6153588
 t 6151459
 u 6150252
 v 6155762
 w 6158089
 x 6155051
 y 6151118
 z 6151856

Total characters:  160000000
DATA, 10000000, 100, elf81, 773.509000
 a 6150275
 b 6151694
 c 6157905
 d 6156670
 e 6151843
 f 6152513
 g 6153292
 h 6155462
 i 6155217
 j 6153262
 k 6154942
 l 6152156
 m 6153843
 n 6155212
 o 6154673
 p 6154663
 q 6153521
 r 6155682
 s 6153588
 t 6151459
 u 6150252
 v 6155762
 w 6158089
 x 6155051
 y 6151118
 z 6151856

Total characters:  160000000
DATA, 10000000, 100, elf81, 760.194000
 a 6150275
 b 6151694
 c 6157905
 d 6156670
 e 6151843
 f 6152513
 g 6153292
 h 6155462
 i 6155217
 j 6153262
 k 6154942
 l 6152156
 m 6153843
 n 6155212
 o 6154673
 p 6154663
 q 6153521
 r 6155682
 s 6153588
 t 6151459
 u 6150252
 v 6155762
 w 6158089
 x 6155051
 y 6151118
 z 6151856

Total characters:  160000000
DATA, 10000000, 100, elf81, 749.736000
 a 6150275
 b 6151694
 c 6157905
 d 6156670
 e 6151843
 f 6152513
 g 6153292
 h 6155462
 i 6155217
 j 6153262
 k 6154942
 l 6152156
 m 6153843
 n 6155212
 o 6154673
 p 6154663
 q 6153521
 r 6155682
 s 6153588
 t 6151459
 u 6150252
 v 6155762
 w 6158089
 x 6155051
 y 6151118
 z 6151856

Total characters:  160000000
DATA, 10000000, 100, elf81, 754.159000
 a 6150275
 b 6151694
 c 6157905
 d 6156670
 e 6151843
 f 6152513
 g 6153292
 h 6155462
 i 6155217
 j 6153262
 k 6154942
 l 6152156
 m 6153843
 n 6155212
 o 6154673
 p 6154663
 q 6153521
 r 6155682
 s 6153588
 t 6151459
 u 6150252
 v 6155762
 w 6158089
 x 6155051
 y 6151118
 z 6151856

Total characters:  160000000
DATA, 10000000, 100, elf81, 753.680000
 a 6150275
 b 6151694
 c 6157905
 d 6156670
 e 6151843
 f 6152513
 g 6153292
 h 6155462
 i 6155217
 j 6153262
 k 6154942
 l 6152156
 m 6153843
 n 6155212
 o 6154673
 p 6154663
 q 6153521
 r 6155682
 s 6153588
 t 6151459
 u 6150252
 v 6155762
 w 6158089
 x 6155051
 y 6151118
 z 6151856

Total characters:  160000000
DATA, 10000000, 100, elf81, 749.886000
 a 6150275
 b 6151694
 c 6157905
 d 6156670
 e 6151843
 f 6152513
 g 6153292
 h 6155462
 i 6155217
 j 6153262
 k 6154942
 l 6152156
 m 6153843
 n 6155212
 o 6154673
 p 6154663
 q 6153521
 r 6155682
 s 6153588
 t 6151459
 u 6150252
 v 6155762
 w 6158089
 x 6155051
 y 6151118
 z 6151856

Total characters:  160000000
DATA, 10000000, 100, elf81, 760.290000
 a 6150275
 b 6151694
 c 6157905
 d 6156670
 e 6151843
 f 6152513
 g 6153292
 h 6155462
 i 6155217
 j 6153262
 k 6154942
 l 6152156
 m 6153843
 n 6155212
 o 6154673
 p 6154663
 q 6153521
 r 6155682
 s 6153588
 t 6151459
 u 6150252
 v 6155762
 w 6158089
 x 6155051
 y 6151118
 z 6151856

Total characters:  160000000
DATA, 10000000, 100, elf81, 772.447000
 a 6150275
 b 6151694
 c 6157905
 d 6156670
 e 6151843
 f 6152513
 g 6153292
 h 6155462
 i 6155217
 j 6153262
 k 6154942
 l 6152156
 m 6153843
 n 6155212
 o 6154673
 p 6154663
 q 6153521
 r 6155682
 s 6153588
 t 6151459
 u 6150252
 v 6155762
 w 6158089
 x 6155051
 y 6151118
 z 6151856

Total characters:  160000000
DATA, 10000000, 100, elf80, 751.993000
 a 6150275
 b 6151694
 c 6157905
 d 6156670
 e 6151843
 f 6152513
 g 6153292
 h 6155462
 i 6155217
 j 6153262
 k 6154942
 l 6152156
 m 6153843
 n 6155212
 o 6154673
 p 6154663
 q 6153521
 r 6155682
 s 6153588
 t 6151459
 u 6150252
 v 6155762
 w 6158089
 x 6155051
 y 6151118
 z 6151856

Total characters:  160000000
DATA, 10000000, 100, elf85, 759.457000
 a 6150275
 b 6151694
 c 6157905
 d 6156670
 e 6151843
 f 6152513
 g 6153292
 h 6155462
 i 6155217
 j 6153262
 k 6154942
 l 6152156
 m 6153843
 n 6155212
 o 6154673
 p 6154663
 q 6153521
 r 6155682
 s 6153588
 t 6151459
 u 6150252
 v 6155762
 w 6158089
 x 6155051
 y 6151118
 z 6151856

Total characters:  160000000
DATA, 10000000, 100, elf83, 751.787000
 a 6150275
 b 6151694
 c 6157905
 d 6156670
 e 6151843
 f 6152513
 g 6153292
 h 6155462
 i 6155217
 j 6153262
 k 6154942
 l 6152156
 m 6153843
 n 6155212
 o 6154673
 p 6154663
 q 6153521
 r 6155682
 s 6153588
 t 6151459
 u 6150252
 v 6155762
 w 6158089
 x 6155051
 y 6151118
 z 6151856

Total characters:  160000000
DATA, 10000000, 100, elf84, 753.869000
 a 6150275
 b 6151694
 c 6157905
 d 6156670
 e 6151843
 f 6152513
 g 6153292
 h 6155462
 i 6155217
 j 6153262
 k 6154942
 l 6152156
 m 6153843
 n 6155212
 o 6154673
 p 6154663
 q 6153521
 r 6155682
 s 6153588
 t 6151459
 u 6150252
 v 6155762
 w 6158089
 x 6155051
 y 6151118
 z 6151856

Total characters:  160000000
DATA, 10000000, 100, elf84, 753.869000
 a 6150275
 b 6151694
 c 6157905
 d 6156670
 e 6151843
 f 6152513
 g 6153292
 h 6155462
 i 6155217
 j 6153262
 k 6154942
 l 6152156
 m 6153843
 n 6155212
 o 6154673
 p 6154663
 q 6153521
 r 6155682
 s 6153588
 t 6151459
 u 6150252
 v 6155762
 w 6158089
 x 6155051
 y 6151118
 z 6151856

Total characters:  160000000
DATA, 10000000, 100, elf84, 765.787000
 a 6150275
 b 6151694
 c 6157905
 d 6156670
 e 6151843
 f 6152513
 g 6153292
 h 6155462
 i 6155217
 j 6153262
 k 6154942
 l 6152156
 m 6153843
 n 6155212
 o 6154673
 p 6154663
 q 6153521
 r 6155682
 s 6153588
 t 6151459
 u 6150252
 v 6155762
 w 6158089
 x 6155051
 y 6151118
 z 6151856

Total characters:  160000000
DATA, 10000000, 100, elf83, 763.672000
 a 6150275
 b 6151694
 c 6157905
 d 6156670
 e 6151843
 f 6152513
 g 6153292
 h 6155462
 i 6155217
 j 6153262
 k 6154942
 l 6152156
 m 6153843
 n 6155212
 o 6154673
 p 6154663
 q 6153521
 r 6155682
 s 6153588
 t 6151459
 u 6150252
 v 6155762
 w 6158089
 x 6155051
 y 6151118
 z 6151856

Total characters:  160000000
DATA, 10000000, 100, elf84, 751.621000
 a 6150275
 b 6151694
 c 6157905
 d 6156670
 e 6151843
 f 6152513
 g 6153292
 h 6155462
 i 6155217
 j 6153262
 k 6154942
 l 6152156
 m 6153843
 n 6155212
 o 6154673
 p 6154663
 q 6153521
 r 6155682
 s 6153588
 t 6151459
 u 6150252
 v 6155762
 w 6158089
 x 6155051
 y 6151118
 z 6151856

Total characters:  160000000
DATA, 10000000, 100, elf81, 762.911000
 a 6150275
 b 6151694
 c 6157905
 d 6156670
 e 6151843
 f 6152513
 g 6153292
 h 6155462
 i 6155217
 j 6153262
 k 6154942
 l 6152156
 m 6153843
 n 6155212
 o 6154673
 p 6154663
 q 6153521
 r 6155682
 s 6153588
 t 6151459
 u 6150252
 v 6155762
 w 6158089
 x 6155051
 y 6151118
 z 6151856

Total characters:  160000000
DATA, 10000000, 100, elf80, 763.005000
 a 6150275
 b 6151694
 c 6157905
 d 6156670
 e 6151843
 f 6152513
 g 6153292
 h 6155462
 i 6155217
 j 6153262
 k 6154942
 l 6152156
 m 6153843
 n 6155212
 o 6154673
 p 6154663
 q 6153521
 r 6155682
 s 6153588
 t 6151459
 u 6150252
 v 6155762
 w 6158089
 x 6155051
 y 6151118
 z 6151856

Total characters:  160000000
DATA, 10000000, 100, elf80, 761.912000
 a 6150275
 b 6151694
 c 6157905
 d 6156670
 e 6151843
 f 6152513
 g 6153292
 h 6155462
 i 6155217
 j 6153262
 k 6154942
 l 6152156
 m 6153843
 n 6155212
 o 6154673
 p 6154663
 q 6153521
 r 6155682
 s 6153588
 t 6151459
 u 6150252
 v 6155762
 w 6158089
 x 6155051
 y 6151118
 z 6151856

Total characters:  160000000
DATA, 10000000, 100, elf83, 753.596000
 a 6150275
 b 6151694
 c 6157905
 d 6156670
 e 6151843
 f 6152513
 g 6153292
 h 6155462
 i 6155217
 j 6153262
 k 6154942
 l 6152156
 m 6153843
 n 6155212
 o 6154673
 p 6154663
 q 6153521
 r 6155682
 s 6153588
 t 6151459
 u 6150252
 v 6155762
 w 6158089
 x 6155051
 y 6151118
 z 6151856

Total characters:  160000000
DATA, 10000000, 100, elf85, 753.639000
 a 6150275
 b 6151694
 c 6157905
 d 6156670
 e 6151843
 f 6152513
 g 6153292
 h 6155462
 i 6155217
 j 6153262
 k 6154942
 l 6152156
 m 6153843
 n 6155212
 o 6154673
 p 6154663
 q 6153521
 r 6155682
 s 6153588
 t 6151459
 u 6150252
 v 6155762
 w 6158089
 x 6155051
 y 6151118
 z 6151856

Total characters:  160000000
DATA, 10000000, 100, elf84, 744.958000
 a 6150275
 b 6151694
 c 6157905
 d 6156670
 e 6151843
 f 6152513
 g 6153292
 h 6155462
 i 6155217
 j 6153262
 k 6154942
 l 6152156
 m 6153843
 n 6155212
 o 6154673
 p 6154663
 q 6153521
 r 6155682
 s 6153588
 t 6151459
 u 6150252
 v 6155762
 w 6158089
 x 6155051
 y 6151118
 z 6151856

Total characters:  160000000
DATA, 10000000, 100, elf84, 744.629000
 a 6150275
 b 6151694
 c 6157905
 d 6156670
 e 6151843
 f 6152513
 g 6153292
 h 6155462
 i 6155217
 j 6153262
 k 6154942
 l 6152156
 m 6153843
 n 6155212
 o 6154673
 p 6154663
 q 6153521
 r 6155682
 s 6153588
 t 6151459
 u 6150252
 v 6155762
 w 6158089
 x 6155051
 y 6151118
 z 6151856

Total characters:  160000000
DATA, 10000000, 100, elf85, 704.524000
 a 4919012
 b 4921795
 c 4926574
 d 4923347
 e 4922587
 f 4921194
 g 4921172
 h 4924136
 i 4922782
 j 4923424
 k 4924965
 l 4921798
 m 4924714
 n 4923356
 o 4924130
 p 4923067
 q 4923414
 r 4923847
 s 4922934
 t 4921513
 u 4921384
 v 4924699
 w 4926437
 x 4924902
 y 4921682
 z 4921135

Total characters:  128000000
 a 4919012
 b 4921795
 c 4926574
 d 4923347
 e 4922587
 f 4921194
 g 4921172
 h 4924136
 i 4922782
 j 4923424
 k 4924965
 l 4921798
 m 4924714
 n 4923356
 o 4924130
 p 4923067
 q 4923414
 r 4923847
 s 4922934
 t 4921513
 u 4921384
 v 4924699
 w 4926437
 x 4924902
 y 4921682
 z 4921135

Total characters:  128000000
 a 4919012
 b 4921795
 c 4926574
 d 4923347
 e 4922587
 f 4921194
 g 4921172
 h 4924136
 i 4922782
 j 4923424
 k 4924965
 l 4921798
 m 4924714
 n 4923356
 o 4924130
 p 4923067
 q 4923414
 r 4923847
 s 4922934
 t 4921513
 u 4921384
 v 4924699
 w 4926437
 x 4924902
 y 4921682
 z 4921135

Total characters:  128000000
 a 4919012
 b 4921795
 c 4926574
 d 4923347
 e 4922587
 f 4921194
 g 4921172
 h 4924136
 i 4922782
 j 4923424
 k 4924965
 l 4921798
 m 4924714
 n 4923356
 o 4924130
 p 4923067
 q 4923414
 r 4923847
 s 4922934
 t 4921513
 u 4921384
 v 4924699
 w 4926437
 x 4924902
 y 4921682
 z 4921135

Total characters:  128000000
 a 4919012
 b 4921795
 c 4926574
 d 4923347
 e 4922587
 f 4921194
 g 4921172
 h 4924136
 i 4922782
 j 4923424
 k 4924965
 l 4921798
 m 4924714
 n 4923356
 o 4924130
 p 4923067
 q 4923414
 r 4923847
 s 4922934
 t 4921513
 u 4921384
 v 4924699
 w 4926437
 x 4924902
 y 4921682
 z 4921135

Total characters:  128000000
 a 4919012
 b 4921795
 c 4926574
 d 4923347
 e 4922587
 f 4921194
 g 4921172
 h 4924136
 i 4922782
 j 4923424
 k 4924965
 l 4921798
 m 4924714
 n 4923356
 o 4924130
 p 4923067
 q 4923414
 r 4923847
 s 4922934
 t 4921513
 u 4921384
 v 4924699
 w 4926437
 x 4924902
 y 4921682
 z 4921135

Total characters:  128000000
 a 4919012
 b 4921795
 c 4926574
 d 4923347
 e 4922587
 f 4921194
 g 4921172
 h 4924136
 i 4922782
 j 4923424
 k 4924965
 l 4921798
 m 4924714
 n 4923356
 o 4924130
 p 4923067
 q 4923414
 r 4923847
 s 4922934
 t 4921513
 u 4921384
 v 4924699
 w 4926437
 x 4924902
 y 4921682
 z 4921135

Total characters:  128000000
 a 4919012
 b 4921795
 c 4926574
 d 4923347
 e 4922587
 f 4921194
 g 4921172
 h 4924136
 i 4922782
 j 4923424
 k 4924965
 l 4921798
 m 4924714
 n 4923356
 o 4924130
 p 4923067
 q 4923414
 r 4923847
 s 4922934
 t 4921513
 u 4921384
 v 4924699
 w 4926437
 x 4924902
 y 4921682
 z 4921135

Total characters:  128000000
 a 4919012
 b 4921795
 c 4926574
 d 4923347
 e 4922587
 f 4921194
 g 4921172
 h 4924136
 i 4922782
 j 4923424
 k 4924965
 l 4921798
 m 4924714
 n 4923356
 o 4924130
 p 4923067
 q 4923414
 r 4923847
 s 4922934
 t 4921513
 u 4921384
 v 4924699
 w 4926437
 x 4924902
 y 4921682
 z 4921135

Total characters:  128000000
 a 4919012
 b 4921795
 c 4926574
 d 4923347
 e 4922587
 f 4921194
 g 4921172
 h 4924136
 i 4922782
 j 4923424
 k 4924965
 l 4921798
 m 4924714
 n 4923356
 o 4924130
 p 4923067
 q 4923414
 r 4923847
 s 4922934
 t 4921513
 u 4921384
 v 4924699
 w 4926437
 x 4924902
 y 4921682
 z 4921135

Total characters:  128000000
 a 4919012
 b 4921795
 c 4926574
 d 4923347
 e 4922587
 f 4921194
 g 4921172
 h 4924136
 i 4922782
 j 4923424
 k 4924965
 l 4921798
 m 4924714
 n 4923356
 o 4924130
 p 4923067
 q 4923414
 r 4923847
 s 4922934
 t 4921513
 u 4921384
 v 4924699
 w 4926437
 x 4924902
 y 4921682
 z 4921135

Total characters:  128000000
 a 4919012
 b 4921795
 c 4926574
 d 4923347
 e 4922587
 f 4921194
 g 4921172
 h 4924136
 i 4922782
 j 4923424
 k 4924965
 l 4921798
 m 4924714
 n 4923356
 o 4924130
 p 4923067
 q 4923414
 r 4923847
 s 4922934
 t 4921513
 u 4921384
 v 4924699
 w 4926437
 x 4924902
 y 4921682
 z 4921135

Total characters:  128000000
 a 4919012
 b 4921795
 c 4926574
 d 4923347
 e 4922587
 f 4921194
 g 4921172
 h 4924136
 i 4922782
 j 4923424
 k 4924965
 l 4921798
 m 4924714
 n 4923356
 o 4924130
 p 4923067
 q 4923414
 r 4923847
 s 4922934
 t 4921513
 u 4921384
 v 4924699
 w 4926437
 x 4924902
 y 4921682
 z 4921135

Total characters:  128000000
 a 4919012
 b 4921795
 c 4926574
 d 4923347
 e 4922587
 f 4921194
 g 4921172
 h 4924136
 i 4922782
 j 4923424
 k 4924965
 l 4921798
 m 4924714
 n 4923356
 o 4924130
 p 4923067
 q 4923414
 r 4923847
 s 4922934
 t 4921513
 u 4921384
 v 4924699
 w 4926437
 x 4924902
 y 4921682
 z 4921135

Total characters:  128000000
 a 4919012
 b 4921795
 c 4926574
 d 4923347
 e 4922587
 f 4921194
 g 4921172
 h 4924136
 i 4922782
 j 4923424
 k 4924965
 l 4921798
 m 4924714
 n 4923356
 o 4924130
 p 4923067
 q 4923414
 r 4923847
 s 4922934
 t 4921513
 u 4921384
 v 4924699
 w 4926437
 x 4924902
 y 4921682
 z 4921135

Total characters:  128000000
 a 4919012
 b 4921795
 c 4926574
 d 4923347
 e 4922587
 f 4921194
 g 4921172
 h 4924136
 i 4922782
 j 4923424
 k 4924965
 l 4921798
 m 4924714
 n 4923356
 o 4924130
 p 4923067
 q 4923414
 r 4923847
 s 4922934
 t 4921513
 u 4921384
 v 4924699
 w 4926437
 x 4924902
 y 4921682
 z 4921135

Total characters:  128000000
 a 4919012
 b 4921795
 c 4926574
 d 4923347
 e 4922587
 f 4921194
 g 4921172
 h 4924136
 i 4922782
 j 4923424
 k 4924965
 l 4921798
 m 4924714
 n 4923356
 o 4924130
 p 4923067
 q 4923414
 r 4923847
 s 4922934
 t 4921513
 u 4921384
 v 4924699
 w 4926437
 x 4924902
 y 4921682
 z 4921135

Total characters:  128000000
 a 4919012
 b 4921795
 c 4926574
 d 4923347
 e 4922587
 f 4921194
 g 4921172
 h 4924136
 i 4922782
 j 4923424
 k 4924965
 l 4921798
 m 4924714
 n 4923356
 o 4924130
 p 4923067
 q 4923414
 r 4923847
 s 4922934
 t 4921513
 u 4921384
 v 4924699
 w 4926437
 x 4924902
 y 4921682
 z 4921135

Total characters:  128000000
 a 4919012
 b 4921795
 c 4926574
 d 4923347
 e 4922587
 f 4921194
 g 4921172
 h 4924136
 i 4922782
 j 4923424
 k 4924965
 l 4921798
 m 4924714
 n 4923356
 o 4924130
 p 4923067
 q 4923414
 r 4923847
 s 4922934
 t 4921513
 u 4921384
 v 4924699
 w 4926437
 x 4924902
 y 4921682
 z 4921135

Total characters:  128000000
 a 4919012
 b 4921795
 c 4926574
 d 4923347
 e 4922587
 f 4921194
 g 4921172
 h 4924136
 i 4922782
 j 4923424
 k 4924965
 l 4921798
 m 4924714
 n 4923356
 o 4924130
 p 4923067
 q 4923414
 r 4923847
 s 4922934
 t 4921513
 u 4921384
 v 4924699
 w 4926437
 x 4924902
 y 4921682
 z 4921135

Total characters:  128000000
 a 4919012
 b 4921795
 c 4926574
 d 4923347
 e 4922587
 f 4921194
 g 4921172
 h 4924136
 i 4922782
 j 4923424
 k 4924965
 l 4921798
 m 4924714
 n 4923356
 o 4924130
 p 4923067
 q 4923414
 r 4923847
 s 4922934
 t 4921513
 u 4921384
 v 4924699
 w 4926437
 x 4924902
 y 4921682
 z 4921135

Total characters:  128000000
 a 4919012
 b 4921795
 c 4926574
 d 4923347
 e 4922587
 f 4921194
 g 4921172
 h 4924136
 i 4922782
 j 4923424
 k 4924965
 l 4921798
 m 4924714
 n 4923356
 o 4924130
 p 4923067
 q 4923414
 r 4923847
 s 4922934
 t 4921513
 u 4921384
 v 4924699
 w 4926437
 x 4924902
 y 4921682
 z 4921135

Total characters:  128000000
 a 4919012
 b 4921795
 c 4926574
 d 4923347
 e 4922587
 f 4921194
 g 4921172
 h 4924136
 i 4922782
 j 4923424
 k 4924965
 l 4921798
 m 4924714
 n 4923356
 o 4924130
 p 4923067
 q 4923414
 r 4923847
 s 4922934
 t 4921513
 u 4921384
 v 4924699
 w 4926437
 x 4924902
 y 4921682
 z 4921135

Total characters:  128000000
 a 4919012
 b 4921795
 c 4926574
 d 4923347
 e 4922587
 f 4921194
 g 4921172
 h 4924136
 i 4922782
 j 4923424
 k 4924965
 l 4921798
 m 4924714
 n 4923356
 o 4924130
 p 4923067
 q 4923414
 r 4923847
 s 4922934
 t 4921513
 u 4921384
 v 4924699
 w 4926437
 x 4924902
 y 4921682
 z 4921135

Total characters:  128000000
 a 4919012
 b 4921795
 c 4926574
 d 4923347
 e 4922587
 f 4921194
 g 4921172
 h 4924136
 i 4922782
 j 4923424
 k 4924965
 l 4921798
 m 4924714
 n 4923356
 o 4924130
 p 4923067
 q 4923414
 r 4923847
 s 4922934
 t 4921513
 u 4921384
 v 4924699
 w 4926437
 x 4924902
 y 4921682
 z 4921135

Total characters:  128000000
 a 4919012
 b 4921795
 c 4926574
 d 4923347
 e 4922587
 f 4921194
 g 4921172
 h 4924136
 i 4922782
 j 4923424
 k 4924965
 l 4921798
 m 4924714
 n 4923356
 o 4924130
 p 4923067
 q 4923414
 r 4923847
 s 4922934
 t 4921513
 u 4921384
 v 4924699
 w 4926437
 x 4924902
 y 4921682
 z 4921135

Total characters:  128000000
 a 4919012
 b 4921795
 c 4926574
 d 4923347
 e 4922587
 f 4921194
 g 4921172
 h 4924136
 i 4922782
 j 4923424
 k 4924965
 l 4921798
 m 4924714
 n 4923356
 o 4924130
 p 4923067
 q 4923414
 r 4923847
 s 4922934
 t 4921513
 u 4921384
 v 4924699
 w 4926437
 x 4924902
 y 4921682
 z 4921135

Total characters:  128000000
 a 4919012
 b 4921795
 c 4926574
 d 4923347
 e 4922587
 f 4921194
 g 4921172
 h 4924136
 i 4922782
 j 4923424
 k 4924965
 l 4921798
 m 4924714
 n 4923356
 o 4924130
 p 4923067
 q 4923414
 r 4923847
 s 4922934
 t 4921513
 u 4921384
 v 4924699
 w 4926437
 x 4924902
 y 4921682
 z 4921135

Total characters:  128000000
 a 4919012
 b 4921795
 c 4926574
 d 4923347
 e 4922587
 f 4921194
 g 4921172
 h 4924136
 i 4922782
 j 4923424
 k 4924965
 l 4921798
 m 4924714
 n 4923356
 o 4924130
 p 4923067
 q 4923414
 r 4923847
 s 4922934
 t 4921513
 u 4921384
 v 4924699
 w 4926437
 x 4924902
 y 4921682
 z 4921135

Total characters:  128000000
 a 4919012
 b 4921795
 c 4926574
 d 4923347
 e 4922587
 f 4921194
 g 4921172
 h 4924136
 i 4922782
 j 4923424
 k 4924965
 l 4921798
 m 4924714
 n 4923356
 o 4924130
 p 4923067
 q 4923414
 r 4923847
 s 4922934
 t 4921513
 u 4921384
 v 4924699
 w 4926437
 x 4924902
 y 4921682
 z 4921135

Total characters:  128000000
 a 4919012
 b 4921795
 c 4926574
 d 4923347
 e 4922587
 f 4921194
 g 4921172
 h 4924136
 i 4922782
 j 4923424
 k 4924965
 l 4921798
 m 4924714
 n 4923356
 o 4924130
 p 4923067
 q 4923414
 r 4923847
 s 4922934
 t 4921513
 u 4921384
 v 4924699
 w 4926437
 x 4924902
 y 4921682
 z 4921135

Total characters:  128000000
 a 4919012
 b 4921795
 c 4926574
 d 4923347
 e 4922587
 f 4921194
 g 4921172
 h 4924136
 i 4922782
 j 4923424
 k 4924965
 l 4921798
 m 4924714
 n 4923356
 o 4924130
 p 4923067
 q 4923414
 r 4923847
 s 4922934
 t 4921513
 u 4921384
 v 4924699
 w 4926437
 x 4924902
 y 4921682
 z 4921135

Total characters:  128000000
 a 4919012
 b 4921795
 c 4926574
 d 4923347
 e 4922587
 f 4921194
 g 4921172
 h 4924136
 i 4922782
 j 4923424
 k 4924965
 l 4921798
 m 4924714
 n 4923356
 o 4924130
 p 4923067
 q 4923414
 r 4923847
 s 4922934
 t 4921513
 u 4921384
 v 4924699
 w 4926437
 x 4924902
 y 4921682
 z 4921135

Total characters:  128000000
 a 4919012
 b 4921795
 c 4926574
 d 4923347
 e 4922587
 f 4921194
 g 4921172
 h 4924136
 i 4922782
 j 4923424
 k 4924965
 l 4921798
 m 4924714
 n 4923356
 o 4924130
 p 4923067
 q 4923414
 r 4923847
 s 4922934
 t 4921513
 u 4921384
 v 4924699
 w 4926437
 x 4924902
 y 4921682
 z 4921135

Total characters:  128000000
 a 4919012
 b 4921795
 c 4926574
 d 4923347
 e 4922587
 f 4921194
 g 4921172
 h 4924136
 i 4922782
 j 4923424
 k 4924965
 l 4921798
 m 4924714
 n 4923356
 o 4924130
 p 4923067
 q 4923414
 r 4923847
 s 4922934
 t 4921513
 u 4921384
 v 4924699
 w 4926437
 x 4924902
 y 4921682
 z 4921135

Total characters:  128000000
 a 4919012
 b 4921795
 c 4926574
 d 4923347
 e 4922587
 f 4921194
 g 4921172
 h 4924136
 i 4922782
 j 4923424
 k 4924965
 l 4921798
 m 4924714
 n 4923356
 o 4924130
 p 4923067
 q 4923414
 r 4923847
 s 4922934
 t 4921513
 u 4921384
 v 4924699
 w 4926437
 x 4924902
 y 4921682
 z 4921135

Total characters:  128000000
 a 4919012
 b 4921795
 c 4926574
 d 4923347
 e 4922587
 f 4921194
 g 4921172
 h 4924136
 i 4922782
 j 4923424
 k 4924965
 l 4921798
 m 4924714
 n 4923356
 o 4924130
 p 4923067
 q 4923414
 r 4923847
 s 4922934
 t 4921513
 u 4921384
 v 4924699
 w 4926437
 x 4924902
 y 4921682
 z 4921135

Total characters:  128000000
 a 4919012
 b 4921795
 c 4926574
 d 4923347
 e 4922587
 f 4921194
 g 4921172
 h 4924136
 i 4922782
 j 4923424
 k 4924965
 l 4921798
 m 4924714
 n 4923356
 o 4924130
 p 4923067
 q 4923414
 r 4923847
 s 4922934
 t 4921513
 u 4921384
 v 4924699
 w 4926437
 x 4924902
 y 4921682
 z 4921135

Total characters:  128000000
 a 4919012
 b 4921795
 c 4926574
 d 4923347
 e 4922587
 f 4921194
 g 4921172
 h 4924136
 i 4922782
 j 4923424
 k 4924965
 l 4921798
 m 4924714
 n 4923356
 o 4924130
 p 4923067
 q 4923414
 r 4923847
 s 4922934
 t 4921513
 u 4921384
 v 4924699
 w 4926437
 x 4924902
 y 4921682
 z 4921135

Total characters:  128000000
 a 4919012
 b 4921795
 c 4926574
 d 4923347
 e 4922587
 f 4921194
 g 4921172
 h 4924136
 i 4922782
 j 4923424
 k 4924965
 l 4921798
 m 4924714
 n 4923356
 o 4924130
 p 4923067
 q 4923414
 r 4923847
 s 4922934
 t 4921513
 u 4921384
 v 4924699
 w 4926437
 x 4924902
 y 4921682
 z 4921135

Total characters:  128000000
 a 4919012
 b 4921795
 c 4926574
 d 4923347
 e 4922587
 f 4921194
 g 4921172
 h 4924136
 i 4922782
 j 4923424
 k 4924965
 l 4921798
 m 4924714
 n 4923356
 o 4924130
 p 4923067
 q 4923414
 r 4923847
 s 4922934
 t 4921513
 u 4921384
 v 4924699
 w 4926437
 x 4924902
 y 4921682
 z 4921135

Total characters:  128000000
 a 4919012
 b 4921795
 c 4926574
 d 4923347
 e 4922587
 f 4921194
 g 4921172
 h 4924136
 i 4922782
 j 4923424
 k 4924965
 l 4921798
 m 4924714
 n 4923356
 o 4924130
 p 4923067
 q 4923414
 r 4923847
 s 4922934
 t 4921513
 u 4921384
 v 4924699
 w 4926437
 x 4924902
 y 4921682
 z 4921135

Total characters:  128000000
 a 4919012
 b 4921795
 c 4926574
 d 4923347
 e 4922587
 f 4921194
 g 4921172
 h 4924136
 i 4922782
 j 4923424
 k 4924965
 l 4921798
 m 4924714
 n 4923356
 o 4924130
 p 4923067
 q 4923414
 r 4923847
 s 4922934
 t 4921513
 u 4921384
 v 4924699
 w 4926437
 x 4924902
 y 4921682
 z 4921135

Total characters:  128000000
 a 4919012
 b 4921795
 c 4926574
 d 4923347
 e 4922587
 f 4921194
 g 4921172
 h 4924136
 i 4922782
 j 4923424
 k 4924965
 l 4921798
 m 4924714
 n 4923356
 o 4924130
 p 4923067
 q 4923414
 r 4923847
 s 4922934
 t 4921513
 u 4921384
 v 4924699
 w 4926437
 x 4924902
 y 4921682
 z 4921135

Total characters:  128000000
 a 4919012
 b 4921795
 c 4926574
 d 4923347
 e 4922587
 f 4921194
 g 4921172
 h 4924136
 i 4922782
 j 4923424
 k 4924965
 l 4921798
 m 4924714
 n 4923356
 o 4924130
 p 4923067
 q 4923414
 r 4923847
 s 4922934
 t 4921513
 u 4921384
 v 4924699
 w 4926437
 x 4924902
 y 4921682
 z 4921135

Total characters:  128000000
 a 4919012
 b 4921795
 c 4926574
 d 4923347
 e 4922587
 f 4921194
 g 4921172
 h 4924136
 i 4922782
 j 4923424
 k 4924965
 l 4921798
 m 4924714
 n 4923356
 o 4924130
 p 4923067
 q 4923414
 r 4923847
 s 4922934
 t 4921513
 u 4921384
 v 4924699
 w 4926437
 x 4924902
 y 4921682
 z 4921135

Total characters:  128000000
 a 4919012
 b 4921795
 c 4926574
 d 4923347
 e 4922587
 f 4921194
 g 4921172
 h 4924136
 i 4922782
 j 4923424
 k 4924965
 l 4921798
 m 4924714
 n 4923356
 o 4924130
 p 4923067
 q 4923414
 r 4923847
 s 4922934
 t 4921513
 u 4921384
 v 4924699
 w 4926437
 x 4924902
 y 4921682
 z 4921135

Total characters:  128000000
 a 4919012
 b 4921795
 c 4926574
 d 4923347
 e 4922587
 f 4921194
 g 4921172
 h 4924136
 i 4922782
 j 4923424
 k 4924965
 l 4921798
 m 4924714
 n 4923356
 o 4924130
 p 4923067
 q 4923414
 r 4923847
 s 4922934
 t 4921513
 u 4921384
 v 4924699
 w 4926437
 x 4924902
 y 4921682
 z 4921135

Total characters:  128000000
 a 4919012
 b 4921795
 c 4926574
 d 4923347
 e 4922587
 f 4921194
 g 4921172
 h 4924136
 i 4922782
 j 4923424
 k 4924965
 l 4921798
 m 4924714
 n 4923356
 o 4924130
 p 4923067
 q 4923414
 r 4923847
 s 4922934
 t 4921513
 u 4921384
 v 4924699
 w 4926437
 x 4924902
 y 4921682
 z 4921135

Total characters:  128000000
 a 4919012
 b 4921795
 c 4926574
 d 4923347
 e 4922587
 f 4921194
 g 4921172
 h 4924136
 i 4922782
 j 4923424
 k 4924965
 l 4921798
 m 4924714
 n 4923356
 o 4924130
 p 4923067
 q 4923414
 r 4923847
 s 4922934
 t 4921513
 u 4921384
 v 4924699
 w 4926437
 x 4924902
 y 4921682
 z 4921135

Total characters:  128000000
 a 4919012
 b 4921795
 c 4926574
 d 4923347
 e 4922587
 f 4921194
 g 4921172
 h 4924136
 i 4922782
 j 4923424
 k 4924965
 l 4921798
 m 4924714
 n 4923356
 o 4924130
 p 4923067
 q 4923414
 r 4923847
 s 4922934
 t 4921513
 u 4921384
 v 4924699
 w 4926437
 x 4924902
 y 4921682
 z 4921135

Total characters:  128000000
 a 4919012
 b 4921795
 c 4926574
 d 4923347
 e 4922587
 f 4921194
 g 4921172
 h 4924136
 i 4922782
 j 4923424
 k 4924965
 l 4921798
 m 4924714
 n 4923356
 o 4924130
 p 4923067
 q 4923414
 r 4923847
 s 4922934
 t 4921513
 u 4921384
 v 4924699
 w 4926437
 x 4924902
 y 4921682
 z 4921135

Total characters:  128000000
 a 4919012
 b 4921795
 c 4926574
 d 4923347
 e 4922587
 f 4921194
 g 4921172
 h 4924136
 i 4922782
 j 4923424
 k 4924965
 l 4921798
 m 4924714
 n 4923356
 o 4924130
 p 4923067
 q 4923414
 r 4923847
 s 4922934
 t 4921513
 u 4921384
 v 4924699
 w 4926437
 x 4924902
 y 4921682
 z 4921135

Total characters:  128000000
 a 4919012
 b 4921795
 c 4926574
 d 4923347
 e 4922587
 f 4921194
 g 4921172
 h 4924136
 i 4922782
 j 4923424
 k 4924965
 l 4921798
 m 4924714
 n 4923356
 o 4924130
 p 4923067
 q 4923414
 r 4923847
 s 4922934
 t 4921513
 u 4921384
 v 4924699
 w 4926437
 x 4924902
 y 4921682
 z 4921135

Total characters:  128000000
 a 4919012
 b 4921795
 c 4926574
 d 4923347
 e 4922587
 f 4921194
 g 4921172
 h 4924136
 i 4922782
 j 4923424
 k 4924965
 l 4921798
 m 4924714
 n 4923356
 o 4924130
 p 4923067
 q 4923414
 r 4923847
 s 4922934
 t 4921513
 u 4921384
 v 4924699
 w 4926437
 x 4924902
 y 4921682
 z 4921135

Total characters:  128000000
 a 4919012
 b 4921795
 c 4926574
 d 4923347
 e 4922587
 f 4921194
 g 4921172
 h 4924136
 i 4922782
 j 4923424
 k 4924965
 l 4921798
 m 4924714
 n 4923356
 o 4924130
 p 4923067
 q 4923414
 r 4923847
 s 4922934
 t 4921513
 u 4921384
 v 4924699
 w 4926437
 x 4924902
 y 4921682
 z 4921135

Total characters:  128000000
 a 4919012
 b 4921795
 c 4926574
 d 4923347
 e 4922587
 f 4921194
 g 4921172
 h 4924136
 i 4922782
 j 4923424
 k 4924965
 l 4921798
 m 4924714
 n 4923356
 o 4924130
 p 4923067
 q 4923414
 r 4923847
 s 4922934
 t 4921513
 u 4921384
 v 4924699
 w 4926437
 x 4924902
 y 4921682
 z 4921135

Total characters:  128000000
 a 4919012
 b 4921795
 c 4926574
 d 4923347
 e 4922587
 f 4921194
 g 4921172
 h 4924136
 i 4922782
 j 4923424
 k 4924965
 l 4921798
 m 4924714
 n 4923356
 o 4924130
 p 4923067
 q 4923414
 r 4923847
 s 4922934
 t 4921513
 u 4921384
 v 4924699
 w 4926437
 x 4924902
 y 4921682
 z 4921135

Total characters:  128000000
 a 4919012
 b 4921795
 c 4926574
 d 4923347
 e 4922587
 f 4921194
 g 4921172
 h 4924136
 i 4922782
 j 4923424
 k 4924965
 l 4921798
 m 4924714
 n 4923356
 o 4924130
 p 4923067
 q 4923414
 r 4923847
 s 4922934
 t 4921513
 u 4921384
 v 4924699
 w 4926437
 x 4924902
 y 4921682
 z 4921135

Total characters:  128000000
 a 4919012
 b 4921795
 c 4926574
 d 4923347
 e 4922587
 f 4921194
 g 4921172
 h 4924136
 i 4922782
 j 4923424
 k 4924965
 l 4921798
 m 4924714
 n 4923356
 o 4924130
 p 4923067
 q 4923414
 r 4923847
 s 4922934
 t 4921513
 u 4921384
 v 4924699
 w 4926437
 x 4924902
 y 4921682
 z 4921135

Total characters:  128000000
 a 4919012
 b 4921795
 c 4926574
 d 4923347
 e 4922587
 f 4921194
 g 4921172
 h 4924136
 i 4922782
 j 4923424
 k 4924965
 l 4921798
 m 4924714
 n 4923356
 o 4924130
 p 4923067
 q 4923414
 r 4923847
 s 4922934
 t 4921513
 u 4921384
 v 4924699
 w 4926437
 x 4924902
 y 4921682
 z 4921135

Total characters:  128000000
 a 4919012
 b 4921795
 c 4926574
 d 4923347
 e 4922587
 f 4921194
 g 4921172
 h 4924136
 i 4922782
 j 4923424
 k 4924965
 l 4921798
 m 4924714
 n 4923356
 o 4924130
 p 4923067
 q 4923414
 r 4923847
 s 4922934
 t 4921513
 u 4921384
 v 4924699
 w 4926437
 x 4924902
 y 4921682
 z 4921135

Total characters:  128000000
 a 4919012
 b 4921795
 c 4926574
 d 4923347
 e 4922587
 f 4921194
 g 4921172
 h 4924136
 i 4922782
 j 4923424
 k 4924965
 l 4921798
 m 4924714
 n 4923356
 o 4924130
 p 4923067
 q 4923414
 r 4923847
 s 4922934
 t 4921513
 u 4921384
 v 4924699
 w 4926437
 x 4924902
 y 4921682
 z 4921135

Total characters:  128000000
 a 4919012
 b 4921795
 c 4926574
 d 4923347
 e 4922587
 f 4921194
 g 4921172
 h 4924136
 i 4922782
 j 4923424
 k 4924965
 l 4921798
 m 4924714
 n 4923356
 o 4924130
 p 4923067
 q 4923414
 r 4923847
 s 4922934
 t 4921513
 u 4921384
 v 4924699
 w 4926437
 x 4924902
 y 4921682
 z 4921135

Total characters:  128000000
 a 4919012
 b 4921795
 c 4926574
 d 4923347
 e 4922587
 f 4921194
 g 4921172
 h 4924136
 i 4922782
 j 4923424
 k 4924965
 l 4921798
 m 4924714
 n 4923356
 o 4924130
 p 4923067
 q 4923414
 r 4923847
 s 4922934
 t 4921513
 u 4921384
 v 4924699
 w 4926437
 x 4924902
 y 4921682
 z 4921135

Total characters:  128000000
 a 4919012
 b 4921795
 c 4926574
 d 4923347
 e 4922587
 f 4921194
 g 4921172
 h 4924136
 i 4922782
 j 4923424
 k 4924965
 l 4921798
 m 4924714
 n 4923356
 o 4924130
 p 4923067
 q 4923414
 r 4923847
 s 4922934
 t 4921513
 u 4921384
 v 4924699
 w 4926437
 x 4924902
 y 4921682
 z 4921135

Total characters:  128000000
 a 4919012
 b 4921795
 c 4926574
 d 4923347
 e 4922587
 f 4921194
 g 4921172
 h 4924136
 i 4922782
 j 4923424
 k 4924965
 l 4921798
 m 4924714
 n 4923356
 o 4924130
 p 4923067
 q 4923414
 r 4923847
 s 4922934
 t 4921513
 u 4921384
 v 4924699
 w 4926437
 x 4924902
 y 4921682
 z 4921135

Total characters:  128000000
 a 4919012
 b 4921795
 c 4926574
 d 4923347
 e 4922587
 f 4921194
 g 4921172
 h 4924136
 i 4922782
 j 4923424
 k 4924965
 l 4921798
 m 4924714
 n 4923356
 o 4924130
 p 4923067
 q 4923414
 r 4923847
 s 4922934
 t 4921513
 u 4921384
 v 4924699
 w 4926437
 x 4924902
 y 4921682
 z 4921135

Total characters:  128000000
 a 4919012
 b 4921795
 c 4926574
 d 4923347
 e 4922587
 f 4921194
 g 4921172
 h 4924136
 i 4922782
 j 4923424
 k 4924965
 l 4921798
 m 4924714
 n 4923356
 o 4924130
 p 4923067
 q 4923414
 r 4923847
 s 4922934
 t 4921513
 u 4921384
 v 4924699
 w 4926437
 x 4924902
 y 4921682
 z 4921135

Total characters:  128000000
 a 4919012
 b 4921795
 c 4926574
 d 4923347
 e 4922587
 f 4921194
 g 4921172
 h 4924136
 i 4922782
 j 4923424
 k 4924965
 l 4921798
 m 4924714
 n 4923356
 o 4924130
 p 4923067
 q 4923414
 r 4923847
 s 4922934
 t 4921513
 u 4921384
 v 4924699
 w 4926437
 x 4924902
 y 4921682
 z 4921135

Total characters:  128000000
 a 4919012
 b 4921795
 c 4926574
 d 4923347
 e 4922587
 f 4921194
 g 4921172
 h 4924136
 i 4922782
 j 4923424
 k 4924965
 l 4921798
 m 4924714
 n 4923356
 o 4924130
 p 4923067
 q 4923414
 r 4923847
 s 4922934
 t 4921513
 u 4921384
 v 4924699
 w 4926437
 x 4924902
 y 4921682
 z 4921135

Total characters:  128000000
 a 4919012
 b 4921795
 c 4926574
 d 4923347
 e 4922587
 f 4921194
 g 4921172
 h 4924136
 i 4922782
 j 4923424
 k 4924965
 l 4921798
 m 4924714
 n 4923356
 o 4924130
 p 4923067
 q 4923414
 r 4923847
 s 4922934
 t 4921513
 u 4921384
 v 4924699
 w 4926437
 x 4924902
 y 4921682
 z 4921135

Total characters:  128000000
 a 4919012
 b 4921795
 c 4926574
 d 4923347
 e 4922587
 f 4921194
 g 4921172
 h 4924136
 i 4922782
 j 4923424
 k 4924965
 l 4921798
 m 4924714
 n 4923356
 o 4924130
 p 4923067
 q 4923414
 r 4923847
 s 4922934
 t 4921513
 u 4921384
 v 4924699
 w 4926437
 x 4924902
 y 4921682
 z 4921135

Total characters:  128000000
 a 4919012
 b 4921795
 c 4926574
 d 4923347
 e 4922587
 f 4921194
 g 4921172
 h 4924136
 i 4922782
 j 4923424
 k 4924965
 l 4921798
 m 4924714
 n 4923356
 o 4924130
 p 4923067
 q 4923414
 r 4923847
 s 4922934
 t 4921513
 u 4921384
 v 4924699
 w 4926437
 x 4924902
 y 4921682
 z 4921135

Total characters:  128000000
 a 4919012
 b 4921795
 c 4926574
 d 4923347
 e 4922587
 f 4921194
 g 4921172
 h 4924136
 i 4922782
 j 4923424
 k 4924965
 l 4921798
 m 4924714
 n 4923356
 o 4924130
 p 4923067
 q 4923414
 r 4923847
 s 4922934
 t 4921513
 u 4921384
 v 4924699
 w 4926437
 x 4924902
 y 4921682
 z 4921135

Total characters:  128000000
 a 4919012
 b 4921795
 c 4926574
 d 4923347
 e 4922587
 f 4921194
 g 4921172
 h 4924136
 i 4922782
 j 4923424
 k 4924965
 l 4921798
 m 4924714
 n 4923356
 o 4924130
 p 4923067
 q 4923414
 r 4923847
 s 4922934
 t 4921513
 u 4921384
 v 4924699
 w 4926437
 x 4924902
 y 4921682
 z 4921135

Total characters:  128000000
 a 4919012
 b 4921795
 c 4926574
 d 4923347
 e 4922587
 f 4921194
 g 4921172
 h 4924136
 i 4922782
 j 4923424
 k 4924965
 l 4921798
 m 4924714
 n 4923356
 o 4924130
 p 4923067
 q 4923414
 r 4923847
 s 4922934
 t 4921513
 u 4921384
 v 4924699
 w 4926437
 x 4924902
 y 4921682
 z 4921135

Total characters:  128000000
 a 4919012
 b 4921795
 c 4926574
 d 4923347
 e 4922587
 f 4921194
 g 4921172
 h 4924136
 i 4922782
 j 4923424
 k 4924965
 l 4921798
 m 4924714
 n 4923356
 o 4924130
 p 4923067
 q 4923414
 r 4923847
 s 4922934
 t 4921513
 u 4921384
 v 4924699
 w 4926437
 x 4924902
 y 4921682
 z 4921135

Total characters:  128000000
 a 4919012
 b 4921795
 c 4926574
 d 4923347
 e 4922587
 f 4921194
 g 4921172
 h 4924136
 i 4922782
 j 4923424
 k 4924965
 l 4921798
 m 4924714
 n 4923356
 o 4924130
 p 4923067
 q 4923414
 r 4923847
 s 4922934
 t 4921513
 u 4921384
 v 4924699
 w 4926437
 x 4924902
 y 4921682
 z 4921135

Total characters:  128000000
 a 4919012
 b 4921795
 c 4926574
 d 4923347
 e 4922587
 f 4921194
 g 4921172
 h 4924136
 i 4922782
 j 4923424
 k 4924965
 l 4921798
 m 4924714
 n 4923356
 o 4924130
 p 4923067
 q 4923414
 r 4923847
 s 4922934
 t 4921513
 u 4921384
 v 4924699
 w 4926437
 x 4924902
 y 4921682
 z 4921135

Total characters:  128000000
 a 4919012
 b 4921795
 c 4926574
 d 4923347
 e 4922587
 f 4921194
 g 4921172
 h 4924136
 i 4922782
 j 4923424
 k 4924965
 l 4921798
 m 4924714
 n 4923356
 o 4924130
 p 4923067
 q 4923414
 r 4923847
 s 4922934
 t 4921513
 u 4921384
 v 4924699
 w 4926437
 x 4924902
 y 4921682
 z 4921135

Total characters:  128000000
 a 4919012
 b 4921795
 c 4926574
 d 4923347
 e 4922587
 f 4921194
 g 4921172
 h 4924136
 i 4922782
 j 4923424
 k 4924965
 l 4921798
 m 4924714
 n 4923356
 o 4924130
 p 4923067
 q 4923414
 r 4923847
 s 4922934
 t 4921513
 u 4921384
 v 4924699
 w 4926437
 x 4924902
 y 4921682
 z 4921135

Total characters:  128000000
 a 4919012
 b 4921795
 c 4926574
 d 4923347
 e 4922587
 f 4921194
 g 4921172
 h 4924136
 i 4922782
 j 4923424
 k 4924965
 l 4921798
 m 4924714
 n 4923356
 o 4924130
 p 4923067
 q 4923414
 r 4923847
 s 4922934
 t 4921513
 u 4921384
 v 4924699
 w 4926437
 x 4924902
 y 4921682
 z 4921135

Total characters:  128000000
 a 4919012
 b 4921795
 c 4926574
 d 4923347
 e 4922587
 f 4921194
 g 4921172
 h 4924136
 i 4922782
 j 4923424
 k 4924965
 l 4921798
 m 4924714
 n 4923356
 o 4924130
 p 4923067
 q 4923414
 r 4923847
 s 4922934
 t 4921513
 u 4921384
 v 4924699
 w 4926437
 x 4924902
 y 4921682
 z 4921135

Total characters:  128000000
 a 4919012
 b 4921795
 c 4926574
 d 4923347
 e 4922587
 f 4921194
 g 4921172
 h 4924136
 i 4922782
 j 4923424
 k 4924965
 l 4921798
 m 4924714
 n 4923356
 o 4924130
 p 4923067
 q 4923414
 r 4923847
 s 4922934
 t 4921513
 u 4921384
 v 4924699
 w 4926437
 x 4924902
 y 4921682
 z 4921135

Total characters:  128000000
 a 4919012
 b 4921795
 c 4926574
 d 4923347
 e 4922587
 f 4921194
 g 4921172
 h 4924136
 i 4922782
 j 4923424
 k 4924965
 l 4921798
 m 4924714
 n 4923356
 o 4924130
 p 4923067
 q 4923414
 r 4923847
 s 4922934
 t 4921513
 u 4921384
 v 4924699
 w 4926437
 x 4924902
 y 4921682
 z 4921135

Total characters:  128000000
 a 4919012
 b 4921795
 c 4926574
 d 4923347
 e 4922587
 f 4921194
 g 4921172
 h 4924136
 i 4922782
 j 4923424
 k 4924965
 l 4921798
 m 4924714
 n 4923356
 o 4924130
 p 4923067
 q 4923414
 r 4923847
 s 4922934
 t 4921513
 u 4921384
 v 4924699
 w 4926437
 x 4924902
 y 4921682
 z 4921135

Total characters:  128000000
 a 4919012
 b 4921795
 c 4926574
 d 4923347
 e 4922587
 f 4921194
 g 4921172
 h 4924136
 i 4922782
 j 4923424
 k 4924965
 l 4921798
 m 4924714
 n 4923356
 o 4924130
 p 4923067
 q 4923414
 r 4923847
 s 4922934
 t 4921513
 u 4921384
 v 4924699
 w 4926437
 x 4924902
 y 4921682
 z 4921135

Total characters:  128000000
 a 4919012
 b 4921795
 c 4926574
 d 4923347
 e 4922587
 f 4921194
 g 4921172
 h 4924136
 i 4922782
 j 4923424
 k 4924965
 l 4921798
 m 4924714
 n 4923356
 o 4924130
 p 4923067
 q 4923414
 r 4923847
 s 4922934
 t 4921513
 u 4921384
 v 4924699
 w 4926437
 x 4924902
 y 4921682
 z 4921135

Total characters:  128000000
 a 4919012
 b 4921795
 c 4926574
 d 4923347
 e 4922587
 f 4921194
 g 4921172
 h 4924136
 i 4922782
 j 4923424
 k 4924965
 l 4921798
 m 4924714
 n 4923356
 o 4924130
 p 4923067
 q 4923414
 r 4923847
 s 4922934
 t 4921513
 u 4921384
 v 4924699
 w 4926437
 x 4924902
 y 4921682
 z 4921135

Total characters:  128000000
 a 4919012
 b 4921795
 c 4926574
 d 4923347
 e 4922587
 f 4921194
 g 4921172
 h 4924136
 i 4922782
 j 4923424
 k 4924965
 l 4921798
 m 4924714
 n 4923356
 o 4924130
 p 4923067
 q 4923414
 r 4923847
 s 4922934
 t 4921513
 u 4921384
 v 4924699
 w 4926437
 x 4924902
 y 4921682
 z 4921135

Total characters:  128000000
 a 4919012
 b 4921795
 c 4926574
 d 4923347
 e 4922587
 f 4921194
 g 4921172
 h 4924136
 i 4922782
 j 4923424
 k 4924965
 l 4921798
 m 4924714
 n 4923356
 o 4924130
 p 4923067
 q 4923414
 r 4923847
 s 4922934
 t 4921513
 u 4921384
 v 4924699
 w 4926437
 x 4924902
 y 4921682
 z 4921135

Total characters:  128000000
 a 4919012
 b 4921795
 c 4926574
 d 4923347
 e 4922587
 f 4921194
 g 4921172
 h 4924136
 i 4922782
 j 4923424
 k 4924965
 l 4921798
 m 4924714
 n 4923356
 o 4924130
 p 4923067
 q 4923414
 r 4923847
 s 4922934
 t 4921513
 u 4921384
 v 4924699
 w 4926437
 x 4924902
 y 4921682
 z 4921135

Total characters:  128000000
 a 4919012
 b 4921795
 c 4926574
 d 4923347
 e 4922587
 f 4921194
 g 4921172
 h 4924136
 i 4922782
 j 4923424
 k 4924965
 l 4921798
 m 4924714
 n 4923356
 o 4924130
 p 4923067
 q 4923414
 r 4923847
 s 4922934
 t 4921513
 u 4921384
 v 4924699
 w 4926437
 x 4924902
 y 4921682
 z 4921135

Total characters:  128000000
 a 4919012
 b 4921795
 c 4926574
 d 4923347
 e 4922587
 f 4921194
 g 4921172
 h 4924136
 i 4922782
 j 4923424
 k 4924965
 l 4921798
 m 4924714
 n 4923356
 o 4924130
 p 4923067
 q 4923414
 r 4923847
 s 4922934
 t 4921513
 u 4921384
 v 4924699
 w 4926437
 x 4924902
 y 4921682
 z 4921135

Total characters:  128000000
 a 4919012
 b 4921795
 c 4926574
 d 4923347
 e 4922587
 f 4921194
 g 4921172
 h 4924136
 i 4922782
 j 4923424
 k 4924965
 l 4921798
 m 4924714
 n 4923356
 o 4924130
 p 4923067
 q 4923414
 r 4923847
 s 4922934
 t 4921513
 u 4921384
 v 4924699
 w 4926437
 x 4924902
 y 4921682
 z 4921135

Total characters:  128000000
 a 4919012
 b 4921795
 c 4926574
 d 4923347
 e 4922587
 f 4921194
 g 4921172
 h 4924136
 i 4922782
 j 4923424
 k 4924965
 l 4921798
 m 4924714
 n 4923356
 o 4924130
 p 4923067
 q 4923414
 r 4923847
 s 4922934
 t 4921513
 u 4921384
 v 4924699
 w 4926437
 x 4924902
 y 4921682
 z 4921135

Total characters:  128000000
 a 4919012
 b 4921795
 c 4926574
 d 4923347
 e 4922587
 f 4921194
 g 4921172
 h 4924136
 i 4922782
 j 4923424
 k 4924965
 l 4921798
 m 4924714
 n 4923356
 o 4924130
 p 4923067
 q 4923414
 r 4923847
 s 4922934
 t 4921513
 u 4921384
 v 4924699
 w 4926437
 x 4924902
 y 4921682
 z 4921135

Total characters:  128000000
srun: error: elf80: tasks 0-19: Exited with exit code 30
 a 4919012
 b 4921795
 c 4926574
 d 4923347
 e 4922587
 f 4921194
 g 4921172
 h 4924136
 i 4922782
 j 4923424
 k 4924965
 l 4921798
 m 4924714
 n 4923356
 o 4924130
 p 4923067
 q 4923414
 r 4923847
 s 4922934
 t 4921513
 u 4921384
 v 4924699
 w 4926437
 x 4924902
 y 4921682
 z 4921135

Total characters:  128000000
srun: error: elf83: tasks 40-59: Exited with exit code 30
srun: error: elf81: tasks 20-29,31-39: Exited with exit code 30
srun: error: elf85: tasks 80-99: Exited with exit code 30
srun: error: elf84: tasks 60-79: Exited with exit code 30
 a 4919012
 b 4921795
 c 4926574
 d 4923347
 e 4922587
 f 4921194
 g 4921172
 h 4924136
 i 4922782
 j 4923424
 k 4924965
 l 4921798
 m 4924714
 n 4923356
 o 4924130
 p 4923067
 q 4923414
 r 4923847
 s 4922934
 t 4921513
 u 4921384
 v 4924699
 w 4926437
 x 4924902
 y 4921682
 z 4921135

Total characters:  128000000
srun: error: elf81: task 30: Exited with exit code 30
