 a 61502
 b 61212
 c 61629
 d 61249
 e 61605
 f 61803
 g 61460
 h 61572
 i 61489
 j 61445
 k 61737
 l 61894
 m 61406
 n 61763
 o 61694
 p 61524
 q 61669
 r 61536
 s 61640
 t 61330
 u 61416
 v 61627
 w 61372
 x 61651
 y 61387
 z 61388

Total characters:  1600000
DATA, 100000, 100, elf73, 6.409000
 a 61502
 b 61212
 c 61629
 d 61249
 e 61605
 f 61803
 g 61460
 h 61572
 i 61489
 j 61445
 k 61737
 l 61894
 m 61406
 n 61763
 o 61694
 p 61524
 q 61669
 r 61536
 s 61640
 t 61330
 u 61416
 v 61627
 w 61372
 x 61651
 y 61387
 z 61388

Total characters:  1600000
DATA, 100000, 100, elf73, 6.281000
 a 61502
 b 61212
 c 61629
 d 61249
 e 61605
 f 61803
 g 61460
 h 61572
 i 61489
 j 61445
 k 61737
 l 61894
 m 61406
 n 61763
 o 61694
 p 61524
 q 61669
 r 61536
 s 61640
 t 61330
 u 61416
 v 61627
 w 61372
 x 61651
 y 61387
 z 61388

Total characters:  1600000
DATA, 100000, 100, elf73, 6.493000
 a 61502
 b 61212
 c 61629
 d 61249
 e 61605
 f 61803
 g 61460
 h 61572
 i 61489
 j 61445
 k 61737
 l 61894
 m 61406
 n 61763
 o 61694
 p 61524
 q 61669
 r 61536
 s 61640
 t 61330
 u 61416
 v 61627
 w 61372
 x 61651
 y 61387
 z 61388

Total characters:  1600000
DATA, 100000, 100, elf73, 6.492000
 a 61502
 b 61212
 c 61629
 d 61249
 e 61605
 f 61803
 g 61460
 h 61572
 i 61489
 j 61445
 k 61737
 l 61894
 m 61406
 n 61763
 o 61694
 p 61524
 q 61669
 r 61536
 s 61640
 t 61330
 u 61416
 v 61627
 w 61372
 x 61651
 y 61387
 z 61388

Total characters:  1600000
DATA, 100000, 100, elf73, 6.226000
 a 61502
 b 61212
 c 61629
 d 61249
 e 61605
 f 61803
 g 61460
 h 61572
 i 61489
 j 61445
 k 61737
 l 61894
 m 61406
 n 61763
 o 61694
 p 61524
 q 61669
 r 61536
 s 61640
 t 61330
 u 61416
 v 61627
 w 61372
 x 61651
 y 61387
 z 61388

Total characters:  1600000
DATA, 100000, 100, elf73, 6.395000
 a 61502
 b 61212
 c 61629
 d 61249
 e 61605
 f 61803
 g 61460
 h 61572
 i 61489
 j 61445
 k 61737
 l 61894
 m 61406
 n 61763
 o 61694
 p 61524
 q 61669
 r 61536
 s 61640
 t 61330
 u 61416
 v 61627
 w 61372
 x 61651
 y 61387
 z 61388

Total characters:  1600000
DATA, 100000, 100, elf73, 6.586000
 a 61502
 b 61212
 c 61629
 d 61249
 e 61605
 f 61803
 g 61460
 h 61572
 i 61489
 j 61445
 k 61737
 l 61894
 m 61406
 n 61763
 o 61694
 p 61524
 q 61669
 r 61536
 s 61640
 t 61330
 u 61416
 v 61627
 w 61372
 x 61651
 y 61387
 z 61388

Total characters:  1600000
DATA, 100000, 100, elf73, 6.413000
 a 61502
 b 61212
 c 61629
 d 61249
 e 61605
 f 61803
 g 61460
 h 61572
 i 61489
 j 61445
 k 61737
 l 61894
 m 61406
 n 61763
 o 61694
 p 61524
 q 61669
 r 61536
 s 61640
 t 61330
 u 61416
 v 61627
 w 61372
 x 61651
 y 61387
 z 61388

Total characters:  1600000
DATA, 100000, 100, elf73, 6.529000
 a 61502
 b 61212
 c 61629
 d 61249
 e 61605
 f 61803
 g 61460
 h 61572
 i 61489
 j 61445
 k 61737
 l 61894
 m 61406
 n 61763
 o 61694
 p 61524
 q 61669
 r 61536
 s 61640
 t 61330
 u 61416
 v 61627
 w 61372
 x 61651
 y 61387
 z 61388

Total characters:  1600000
DATA, 100000, 100, elf73, 6.548000
 a 61502
 b 61212
 c 61629
 d 61249
 e 61605
 f 61803
 g 61460
 h 61572
 i 61489
 j 61445
 k 61737
 l 61894
 m 61406
 n 61763
 o 61694
 p 61524
 q 61669
 r 61536
 s 61640
 t 61330
 u 61416
 v 61627
 w 61372
 x 61651
 y 61387
 z 61388

Total characters:  1600000
DATA, 100000, 100, elf77, 6.385000
 a 61502
 b 61212
 c 61629
 d 61249
 e 61605
 f 61803
 g 61460
 h 61572
 i 61489
 j 61445
 k 61737
 l 61894
 m 61406
 n 61763
 o 61694
 p 61524
 q 61669
 r 61536
 s 61640
 t 61330
 u 61416
 v 61627
 w 61372
 x 61651
 y 61387
 z 61388

Total characters:  1600000
DATA, 100000, 100, elf58, 6.340000
 a 61502
 b 61212
 c 61629
 d 61249
 e 61605
 f 61803
 g 61460
 h 61572
 i 61489
 j 61445
 k 61737
 l 61894
 m 61406
 n 61763
 o 61694
 p 61524
 q 61669
 r 61536
 s 61640
 t 61330
 u 61416
 v 61627
 w 61372
 x 61651
 y 61387
 z 61388

Total characters:  1600000
DATA, 100000, 100, elf67, 6.477000
 a 61502
 b 61212
 c 61629
 d 61249
 e 61605
 f 61803
 g 61460
 h 61572
 i 61489
 j 61445
 k 61737
 l 61894
 m 61406
 n 61763
 o 61694
 p 61524
 q 61669
 r 61536
 s 61640
 t 61330
 u 61416
 v 61627
 w 61372
 x 61651
 y 61387
 z 61388

Total characters:  1600000
DATA, 100000, 100, elf77, 6.385000
 a 61502
 b 61212
 c 61629
 d 61249
 e 61605
 f 61803
 g 61460
 h 61572
 i 61489
 j 61445
 k 61737
 l 61894
 m 61406
 n 61763
 o 61694
 p 61524
 q 61669
 r 61536
 s 61640
 t 61330
 u 61416
 v 61627
 w 61372
 x 61651
 y 61387
 z 61388

Total characters:  1600000
DATA, 100000, 100, elf58, 6.397000
 a 61502
 b 61212
 c 61629
 d 61249
 e 61605
 f 61803
 g 61460
 h 61572
 i 61489
 j 61445
 k 61737
 l 61894
 m 61406
 n 61763
 o 61694
 p 61524
 q 61669
 r 61536
 s 61640
 t 61330
 u 61416
 v 61627
 w 61372
 x 61651
 y 61387
 z 61388

Total characters:  1600000
DATA, 100000, 100, elf77, 6.382000
 a 61502
 b 61212
 c 61629
 d 61249
 e 61605
 f 61803
 g 61460
 h 61572
 i 61489
 j 61445
 k 61737
 l 61894
 m 61406
 n 61763
 o 61694
 p 61524
 q 61669
 r 61536
 s 61640
 t 61330
 u 61416
 v 61627
 w 61372
 x 61651
 y 61387
 z 61388

Total characters:  1600000
DATA, 100000, 100, elf58, 6.395000
 a 61502
 b 61212
 c 61629
 d 61249
 e 61605
 f 61803
 g 61460
 h 61572
 i 61489
 j 61445
 k 61737
 l 61894
 m 61406
 n 61763
 o 61694
 p 61524
 q 61669
 r 61536
 s 61640
 t 61330
 u 61416
 v 61627
 w 61372
 x 61651
 y 61387
 z 61388

Total characters:  1600000
DATA, 100000, 100, elf77, 6.338000
 a 61502
 b 61212
 c 61629
 d 61249
 e 61605
 f 61803
 g 61460
 h 61572
 i 61489
 j 61445
 k 61737
 l 61894
 m 61406
 n 61763
 o 61694
 p 61524
 q 61669
 r 61536
 s 61640
 t 61330
 u 61416
 v 61627
 w 61372
 x 61651
 y 61387
 z 61388

Total characters:  1600000
DATA, 100000, 100, elf58, 6.367000
 a 61502
 b 61212
 c 61629
 d 61249
 e 61605
 f 61803
 g 61460
 h 61572
 i 61489
 j 61445
 k 61737
 l 61894
 m 61406
 n 61763
 o 61694
 p 61524
 q 61669
 r 61536
 s 61640
 t 61330
 u 61416
 v 61627
 w 61372
 x 61651
 y 61387
 z 61388

Total characters:  1600000
DATA, 100000, 100, elf77, 6.361000
 a 61502
 b 61212
 c 61629
 d 61249
 e 61605
 f 61803
 g 61460
 h 61572
 i 61489
 j 61445
 k 61737
 l 61894
 m 61406
 n 61763
 o 61694
 p 61524
 q 61669
 r 61536
 s 61640
 t 61330
 u 61416
 v 61627
 w 61372
 x 61651
 y 61387
 z 61388

Total characters:  1600000
DATA, 100000, 100, elf58, 6.456000
 a 61502
 b 61212
 c 61629
 d 61249
 e 61605
 f 61803
 g 61460
 h 61572
 i 61489
 j 61445
 k 61737
 l 61894
 m 61406
 n 61763
 o 61694
 p 61524
 q 61669
 r 61536
 s 61640
 t 61330
 u 61416
 v 61627
 w 61372
 x 61651
 y 61387
 z 61388

Total characters:  1600000
DATA, 100000, 100, elf77, 6.854000
 a 61502
 b 61212
 c 61629
 d 61249
 e 61605
 f 61803
 g 61460
 h 61572
 i 61489
 j 61445
 k 61737
 l 61894
 m 61406
 n 61763
 o 61694
 p 61524
 q 61669
 r 61536
 s 61640
 t 61330
 u 61416
 v 61627
 w 61372
 x 61651
 y 61387
 z 61388

Total characters:  1600000
DATA, 100000, 100, elf58, 6.346000
 a 61502
 b 61212
 c 61629
 d 61249
 e 61605
 f 61803
 g 61460
 h 61572
 i 61489
 j 61445
 k 61737
 l 61894
 m 61406
 n 61763
 o 61694
 p 61524
 q 61669
 r 61536
 s 61640
 t 61330
 u 61416
 v 61627
 w 61372
 x 61651
 y 61387
 z 61388

Total characters:  1600000
DATA, 100000, 100, elf77, 6.455000
 a 61502
 b 61212
 c 61629
 d 61249
 e 61605
 f 61803
 g 61460
 h 61572
 i 61489
 j 61445
 k 61737
 l 61894
 m 61406
 n 61763
 o 61694
 p 61524
 q 61669
 r 61536
 s 61640
 t 61330
 u 61416
 v 61627
 w 61372
 x 61651
 y 61387
 z 61388

Total characters:  1600000
DATA, 100000, 100, elf77, 6.355000
 a 61502
 b 61212
 c 61629
 d 61249
 e 61605
 f 61803
 g 61460
 h 61572
 i 61489
 j 61445
 k 61737
 l 61894
 m 61406
 n 61763
 o 61694
 p 61524
 q 61669
 r 61536
 s 61640
 t 61330
 u 61416
 v 61627
 w 61372
 x 61651
 y 61387
 z 61388

Total characters:  1600000
DATA, 100000, 100, elf77, 6.471000
 a 61502
 b 61212
 c 61629
 d 61249
 e 61605
 f 61803
 g 61460
 h 61572
 i 61489
 j 61445
 k 61737
 l 61894
 m 61406
 n 61763
 o 61694
 p 61524
 q 61669
 r 61536
 s 61640
 t 61330
 u 61416
 v 61627
 w 61372
 x 61651
 y 61387
 z 61388

Total characters:  1600000
DATA, 100000, 100, elf58, 6.419000
 a 61502
 b 61212
 c 61629
 d 61249
 e 61605
 f 61803
 g 61460
 h 61572
 i 61489
 j 61445
 k 61737
 l 61894
 m 61406
 n 61763
 o 61694
 p 61524
 q 61669
 r 61536
 s 61640
 t 61330
 u 61416
 v 61627
 w 61372
 x 61651
 y 61387
 z 61388

Total characters:  1600000
DATA, 100000, 100, elf77, 6.554000
 a 61502
 b 61212
 c 61629
 d 61249
 e 61605
 f 61803
 g 61460
 h 61572
 i 61489
 j 61445
 k 61737
 l 61894
 m 61406
 n 61763
 o 61694
 p 61524
 q 61669
 r 61536
 s 61640
 t 61330
 u 61416
 v 61627
 w 61372
 x 61651
 y 61387
 z 61388

Total characters:  1600000
DATA, 100000, 100, elf58, 6.418000
 a 61502
 b 61212
 c 61629
 d 61249
 e 61605
 f 61803
 g 61460
 h 61572
 i 61489
 j 61445
 k 61737
 l 61894
 m 61406
 n 61763
 o 61694
 p 61524
 q 61669
 r 61536
 s 61640
 t 61330
 u 61416
 v 61627
 w 61372
 x 61651
 y 61387
 z 61388

Total characters:  1600000
DATA, 100000, 100, elf77, 6.404000
 a 61502
 b 61212
 c 61629
 d 61249
 e 61605
 f 61803
 g 61460
 h 61572
 i 61489
 j 61445
 k 61737
 l 61894
 m 61406
 n 61763
 o 61694
 p 61524
 q 61669
 r 61536
 s 61640
 t 61330
 u 61416
 v 61627
 w 61372
 x 61651
 y 61387
 z 61388

Total characters:  1600000
DATA, 100000, 100, elf58, 6.471000
 a 61502
 b 61212
 c 61629
 d 61249
 e 61605
 f 61803
 g 61460
 h 61572
 i 61489
 j 61445
 k 61737
 l 61894
 m 61406
 n 61763
 o 61694
 p 61524
 q 61669
 r 61536
 s 61640
 t 61330
 u 61416
 v 61627
 w 61372
 x 61651
 y 61387
 z 61388

Total characters:  1600000
DATA, 100000, 100, elf77, 6.391000
 a 61502
 b 61212
 c 61629
 d 61249
 e 61605
 f 61803
 g 61460
 h 61572
 i 61489
 j 61445
 k 61737
 l 61894
 m 61406
 n 61763
 o 61694
 p 61524
 q 61669
 r 61536
 s 61640
 t 61330
 u 61416
 v 61627
 w 61372
 x 61651
 y 61387
 z 61388

Total characters:  1600000
DATA, 100000, 100, elf77, 6.466000
 a 61502
 b 61212
 c 61629
 d 61249
 e 61605
 f 61803
 g 61460
 h 61572
 i 61489
 j 61445
 k 61737
 l 61894
 m 61406
 n 61763
 o 61694
 p 61524
 q 61669
 r 61536
 s 61640
 t 61330
 u 61416
 v 61627
 w 61372
 x 61651
 y 61387
 z 61388

Total characters:  1600000
DATA, 100000, 100, elf77, 6.358000
 a 61502
 b 61212
 c 61629
 d 61249
 e 61605
 f 61803
 g 61460
 h 61572
 i 61489
 j 61445
 k 61737
 l 61894
 m 61406
 n 61763
 o 61694
 p 61524
 q 61669
 r 61536
 s 61640
 t 61330
 u 61416
 v 61627
 w 61372
 x 61651
 y 61387
 z 61388

Total characters:  1600000
DATA, 100000, 100, elf58, 6.370000
 a 61502
 b 61212
 c 61629
 d 61249
 e 61605
 f 61803
 g 61460
 h 61572
 i 61489
 j 61445
 k 61737
 l 61894
 m 61406
 n 61763
 o 61694
 p 61524
 q 61669
 r 61536
 s 61640
 t 61330
 u 61416
 v 61627
 w 61372
 x 61651
 y 61387
 z 61388

Total characters:  1600000
DATA, 100000, 100, elf58, 6.256000
 a 61502
 b 61212
 c 61629
 d 61249
 e 61605
 f 61803
 g 61460
 h 61572
 i 61489
 j 61445
 k 61737
 l 61894
 m 61406
 n 61763
 o 61694
 p 61524
 q 61669
 r 61536
 s 61640
 t 61330
 u 61416
 v 61627
 w 61372
 x 61651
 y 61387
 z 61388

Total characters:  1600000
DATA, 100000, 100, elf58, 6.473000
 a 61502
 b 61212
 c 61629
 d 61249
 e 61605
 f 61803
 g 61460
 h 61572
 i 61489
 j 61445
 k 61737
 l 61894
 m 61406
 n 61763
 o 61694
 p 61524
 q 61669
 r 61536
 s 61640
 t 61330
 u 61416
 v 61627
 w 61372
 x 61651
 y 61387
 z 61388

Total characters:  1600000
DATA, 100000, 100, elf58, 6.705000
 a 61502
 b 61212
 c 61629
 d 61249
 e 61605
 f 61803
 g 61460
 h 61572
 i 61489
 j 61445
 k 61737
 l 61894
 m 61406
 n 61763
 o 61694
 p 61524
 q 61669
 r 61536
 s 61640
 t 61330
 u 61416
 v 61627
 w 61372
 x 61651
 y 61387
 z 61388

Total characters:  1600000
DATA, 100000, 100, elf77, 6.431000
 a 61502
 b 61212
 c 61629
 d 61249
 e 61605
 f 61803
 g 61460
 h 61572
 i 61489
 j 61445
 k 61737
 l 61894
 m 61406
 n 61763
 o 61694
 p 61524
 q 61669
 r 61536
 s 61640
 t 61330
 u 61416
 v 61627
 w 61372
 x 61651
 y 61387
 z 61388

Total characters:  1600000
DATA, 100000, 100, elf77, 6.397000
 a 61502
 b 61212
 c 61629
 d 61249
 e 61605
 f 61803
 g 61460
 h 61572
 i 61489
 j 61445
 k 61737
 l 61894
 m 61406
 n 61763
 o 61694
 p 61524
 q 61669
 r 61536
 s 61640
 t 61330
 u 61416
 v 61627
 w 61372
 x 61651
 y 61387
 z 61388

Total characters:  1600000
DATA, 100000, 100, elf77, 6.483000
 a 61502
 b 61212
 c 61629
 d 61249
 e 61605
 f 61803
 g 61460
 h 61572
 i 61489
 j 61445
 k 61737
 l 61894
 m 61406
 n 61763
 o 61694
 p 61524
 q 61669
 r 61536
 s 61640
 t 61330
 u 61416
 v 61627
 w 61372
 x 61651
 y 61387
 z 61388

Total characters:  1600000
DATA, 100000, 100, elf67, 6.462000
 a 61502
 b 61212
 c 61629
 d 61249
 e 61605
 f 61803
 g 61460
 h 61572
 i 61489
 j 61445
 k 61737
 l 61894
 m 61406
 n 61763
 o 61694
 p 61524
 q 61669
 r 61536
 s 61640
 t 61330
 u 61416
 v 61627
 w 61372
 x 61651
 y 61387
 z 61388

Total characters:  1600000
DATA, 100000, 100, elf77, 6.323000
 a 61502
 b 61212
 c 61629
 d 61249
 e 61605
 f 61803
 g 61460
 h 61572
 i 61489
 j 61445
 k 61737
 l 61894
 m 61406
 n 61763
 o 61694
 p 61524
 q 61669
 r 61536
 s 61640
 t 61330
 u 61416
 v 61627
 w 61372
 x 61651
 y 61387
 z 61388

Total characters:  1600000
DATA, 100000, 100, elf79, 6.802000
 a 61502
 b 61212
 c 61629
 d 61249
 e 61605
 f 61803
 g 61460
 h 61572
 i 61489
 j 61445
 k 61737
 l 61894
 m 61406
 n 61763
 o 61694
 p 61524
 q 61669
 r 61536
 s 61640
 t 61330
 u 61416
 v 61627
 w 61372
 x 61651
 y 61387
 z 61388

Total characters:  1600000
DATA, 100000, 100, elf79, 6.798000
 a 61502
 b 61212
 c 61629
 d 61249
 e 61605
 f 61803
 g 61460
 h 61572
 i 61489
 j 61445
 k 61737
 l 61894
 m 61406
 n 61763
 o 61694
 p 61524
 q 61669
 r 61536
 s 61640
 t 61330
 u 61416
 v 61627
 w 61372
 x 61651
 y 61387
 z 61388

Total characters:  1600000
DATA, 100000, 100, elf79, 6.899000
 a 61502
 b 61212
 c 61629
 d 61249
 e 61605
 f 61803
 g 61460
 h 61572
 i 61489
 j 61445
 k 61737
 l 61894
 m 61406
 n 61763
 o 61694
 p 61524
 q 61669
 r 61536
 s 61640
 t 61330
 u 61416
 v 61627
 w 61372
 x 61651
 y 61387
 z 61388

Total characters:  1600000
DATA, 100000, 100, elf79, 6.694000
 a 61502
 b 61212
 c 61629
 d 61249
 e 61605
 f 61803
 g 61460
 h 61572
 i 61489
 j 61445
 k 61737
 l 61894
 m 61406
 n 61763
 o 61694
 p 61524
 q 61669
 r 61536
 s 61640
 t 61330
 u 61416
 v 61627
 w 61372
 x 61651
 y 61387
 z 61388

Total characters:  1600000
DATA, 100000, 100, elf79, 6.771000
 a 61502
 b 61212
 c 61629
 d 61249
 e 61605
 f 61803
 g 61460
 h 61572
 i 61489
 j 61445
 k 61737
 l 61894
 m 61406
 n 61763
 o 61694
 p 61524
 q 61669
 r 61536
 s 61640
 t 61330
 u 61416
 v 61627
 w 61372
 x 61651
 y 61387
 z 61388

Total characters:  1600000
DATA, 100000, 100, elf67, 6.285000
 a 61502
 b 61212
 c 61629
 d 61249
 e 61605
 f 61803
 g 61460
 h 61572
 i 61489
 j 61445
 k 61737
 l 61894
 m 61406
 n 61763
 o 61694
 p 61524
 q 61669
 r 61536
 s 61640
 t 61330
 u 61416
 v 61627
 w 61372
 x 61651
 y 61387
 z 61388

Total characters:  1600000
DATA, 100000, 100, elf79, 6.855000
 a 61502
 b 61212
 c 61629
 d 61249
 e 61605
 f 61803
 g 61460
 h 61572
 i 61489
 j 61445
 k 61737
 l 61894
 m 61406
 n 61763
 o 61694
 p 61524
 q 61669
 r 61536
 s 61640
 t 61330
 u 61416
 v 61627
 w 61372
 x 61651
 y 61387
 z 61388

Total characters:  1600000
DATA, 100000, 100, elf58, 6.251000
 a 61502
 b 61212
 c 61629
 d 61249
 e 61605
 f 61803
 g 61460
 h 61572
 i 61489
 j 61445
 k 61737
 l 61894
 m 61406
 n 61763
 o 61694
 p 61524
 q 61669
 r 61536
 s 61640
 t 61330
 u 61416
 v 61627
 w 61372
 x 61651
 y 61387
 z 61388

Total characters:  1600000
DATA, 100000, 100, elf58, 6.395000
 a 61502
 b 61212
 c 61629
 d 61249
 e 61605
 f 61803
 g 61460
 h 61572
 i 61489
 j 61445
 k 61737
 l 61894
 m 61406
 n 61763
 o 61694
 p 61524
 q 61669
 r 61536
 s 61640
 t 61330
 u 61416
 v 61627
 w 61372
 x 61651
 y 61387
 z 61388

Total characters:  1600000
DATA, 100000, 100, elf58, 6.511000
 a 61502
 b 61212
 c 61629
 d 61249
 e 61605
 f 61803
 g 61460
 h 61572
 i 61489
 j 61445
 k 61737
 l 61894
 m 61406
 n 61763
 o 61694
 p 61524
 q 61669
 r 61536
 s 61640
 t 61330
 u 61416
 v 61627
 w 61372
 x 61651
 y 61387
 z 61388

Total characters:  1600000
DATA, 100000, 100, elf58, 6.339000
 a 61502
 b 61212
 c 61629
 d 61249
 e 61605
 f 61803
 g 61460
 h 61572
 i 61489
 j 61445
 k 61737
 l 61894
 m 61406
 n 61763
 o 61694
 p 61524
 q 61669
 r 61536
 s 61640
 t 61330
 u 61416
 v 61627
 w 61372
 x 61651
 y 61387
 z 61388

Total characters:  1600000
DATA, 100000, 100, elf58, 6.719000
 a 61502
 b 61212
 c 61629
 d 61249
 e 61605
 f 61803
 g 61460
 h 61572
 i 61489
 j 61445
 k 61737
 l 61894
 m 61406
 n 61763
 o 61694
 p 61524
 q 61669
 r 61536
 s 61640
 t 61330
 u 61416
 v 61627
 w 61372
 x 61651
 y 61387
 z 61388

Total characters:  1600000
DATA, 100000, 100, elf79, 6.721000
 a 61502
 b 61212
 c 61629
 d 61249
 e 61605
 f 61803
 g 61460
 h 61572
 i 61489
 j 61445
 k 61737
 l 61894
 m 61406
 n 61763
 o 61694
 p 61524
 q 61669
 r 61536
 s 61640
 t 61330
 u 61416
 v 61627
 w 61372
 x 61651
 y 61387
 z 61388

Total characters:  1600000
DATA, 100000, 100, elf79, 6.779000
 a 61502
 b 61212
 c 61629
 d 61249
 e 61605
 f 61803
 g 61460
 h 61572
 i 61489
 j 61445
 k 61737
 l 61894
 m 61406
 n 61763
 o 61694
 p 61524
 q 61669
 r 61536
 s 61640
 t 61330
 u 61416
 v 61627
 w 61372
 x 61651
 y 61387
 z 61388

Total characters:  1600000
DATA, 100000, 100, elf67, 6.434000
 a 61502
 b 61212
 c 61629
 d 61249
 e 61605
 f 61803
 g 61460
 h 61572
 i 61489
 j 61445
 k 61737
 l 61894
 m 61406
 n 61763
 o 61694
 p 61524
 q 61669
 r 61536
 s 61640
 t 61330
 u 61416
 v 61627
 w 61372
 x 61651
 y 61387
 z 61388

Total characters:  1600000
DATA, 100000, 100, elf67, 6.376000
 a 61502
 b 61212
 c 61629
 d 61249
 e 61605
 f 61803
 g 61460
 h 61572
 i 61489
 j 61445
 k 61737
 l 61894
 m 61406
 n 61763
 o 61694
 p 61524
 q 61669
 r 61536
 s 61640
 t 61330
 u 61416
 v 61627
 w 61372
 x 61651
 y 61387
 z 61388

Total characters:  1600000
DATA, 100000, 100, elf67, 6.360000
 a 61502
 b 61212
 c 61629
 d 61249
 e 61605
 f 61803
 g 61460
 h 61572
 i 61489
 j 61445
 k 61737
 l 61894
 m 61406
 n 61763
 o 61694
 p 61524
 q 61669
 r 61536
 s 61640
 t 61330
 u 61416
 v 61627
 w 61372
 x 61651
 y 61387
 z 61388

Total characters:  1600000
DATA, 100000, 100, elf67, 6.213000
 a 61502
 b 61212
 c 61629
 d 61249
 e 61605
 f 61803
 g 61460
 h 61572
 i 61489
 j 61445
 k 61737
 l 61894
 m 61406
 n 61763
 o 61694
 p 61524
 q 61669
 r 61536
 s 61640
 t 61330
 u 61416
 v 61627
 w 61372
 x 61651
 y 61387
 z 61388

Total characters:  1600000
DATA, 100000, 100, elf67, 6.314000
 a 61502
 b 61212
 c 61629
 d 61249
 e 61605
 f 61803
 g 61460
 h 61572
 i 61489
 j 61445
 k 61737
 l 61894
 m 61406
 n 61763
 o 61694
 p 61524
 q 61669
 r 61536
 s 61640
 t 61330
 u 61416
 v 61627
 w 61372
 x 61651
 y 61387
 z 61388

Total characters:  1600000
DATA, 100000, 100, elf67, 6.467000
 a 61502
 b 61212
 c 61629
 d 61249
 e 61605
 f 61803
 g 61460
 h 61572
 i 61489
 j 61445
 k 61737
 l 61894
 m 61406
 n 61763
 o 61694
 p 61524
 q 61669
 r 61536
 s 61640
 t 61330
 u 61416
 v 61627
 w 61372
 x 61651
 y 61387
 z 61388

Total characters:  1600000
DATA, 100000, 100, elf79, 6.766000
 a 61502
 b 61212
 c 61629
 d 61249
 e 61605
 f 61803
 g 61460
 h 61572
 i 61489
 j 61445
 k 61737
 l 61894
 m 61406
 n 61763
 o 61694
 p 61524
 q 61669
 r 61536
 s 61640
 t 61330
 u 61416
 v 61627
 w 61372
 x 61651
 y 61387
 z 61388

Total characters:  1600000
DATA, 100000, 100, elf67, 6.388000
 a 61502
 b 61212
 c 61629
 d 61249
 e 61605
 f 61803
 g 61460
 h 61572
 i 61489
 j 61445
 k 61737
 l 61894
 m 61406
 n 61763
 o 61694
 p 61524
 q 61669
 r 61536
 s 61640
 t 61330
 u 61416
 v 61627
 w 61372
 x 61651
 y 61387
 z 61388

Total characters:  1600000
DATA, 100000, 100, elf79, 6.751000
 a 61502
 b 61212
 c 61629
 d 61249
 e 61605
 f 61803
 g 61460
 h 61572
 i 61489
 j 61445
 k 61737
 l 61894
 m 61406
 n 61763
 o 61694
 p 61524
 q 61669
 r 61536
 s 61640
 t 61330
 u 61416
 v 61627
 w 61372
 x 61651
 y 61387
 z 61388

Total characters:  1600000
DATA, 100000, 100, elf67, 6.377000
 a 61502
 b 61212
 c 61629
 d 61249
 e 61605
 f 61803
 g 61460
 h 61572
 i 61489
 j 61445
 k 61737
 l 61894
 m 61406
 n 61763
 o 61694
 p 61524
 q 61669
 r 61536
 s 61640
 t 61330
 u 61416
 v 61627
 w 61372
 x 61651
 y 61387
 z 61388

Total characters:  1600000
DATA, 100000, 100, elf79, 6.605000
 a 61502
 b 61212
 c 61629
 d 61249
 e 61605
 f 61803
 g 61460
 h 61572
 i 61489
 j 61445
 k 61737
 l 61894
 m 61406
 n 61763
 o 61694
 p 61524
 q 61669
 r 61536
 s 61640
 t 61330
 u 61416
 v 61627
 w 61372
 x 61651
 y 61387
 z 61388

Total characters:  1600000
DATA, 100000, 100, elf79, 6.873000
 a 61502
 b 61212
 c 61629
 d 61249
 e 61605
 f 61803
 g 61460
 h 61572
 i 61489
 j 61445
 k 61737
 l 61894
 m 61406
 n 61763
 o 61694
 p 61524
 q 61669
 r 61536
 s 61640
 t 61330
 u 61416
 v 61627
 w 61372
 x 61651
 y 61387
 z 61388

Total characters:  1600000
DATA, 100000, 100, elf67, 6.366000
 a 61502
 b 61212
 c 61629
 d 61249
 e 61605
 f 61803
 g 61460
 h 61572
 i 61489
 j 61445
 k 61737
 l 61894
 m 61406
 n 61763
 o 61694
 p 61524
 q 61669
 r 61536
 s 61640
 t 61330
 u 61416
 v 61627
 w 61372
 x 61651
 y 61387
 z 61388

Total characters:  1600000
DATA, 100000, 100, elf79, 6.857000
 a 61502
 b 61212
 c 61629
 d 61249
 e 61605
 f 61803
 g 61460
 h 61572
 i 61489
 j 61445
 k 61737
 l 61894
 m 61406
 n 61763
 o 61694
 p 61524
 q 61669
 r 61536
 s 61640
 t 61330
 u 61416
 v 61627
 w 61372
 x 61651
 y 61387
 z 61388

Total characters:  1600000
DATA, 100000, 100, elf79, 6.828000
 a 61502
 b 61212
 c 61629
 d 61249
 e 61605
 f 61803
 g 61460
 h 61572
 i 61489
 j 61445
 k 61737
 l 61894
 m 61406
 n 61763
 o 61694
 p 61524
 q 61669
 r 61536
 s 61640
 t 61330
 u 61416
 v 61627
 w 61372
 x 61651
 y 61387
 z 61388

Total characters:  1600000
DATA, 100000, 100, elf79, 6.803000
 a 61502
 b 61212
 c 61629
 d 61249
 e 61605
 f 61803
 g 61460
 h 61572
 i 61489
 j 61445
 k 61737
 l 61894
 m 61406
 n 61763
 o 61694
 p 61524
 q 61669
 r 61536
 s 61640
 t 61330
 u 61416
 v 61627
 w 61372
 x 61651
 y 61387
 z 61388

Total characters:  1600000
DATA, 100000, 100, elf67, 6.423000
 a 61502
 b 61212
 c 61629
 d 61249
 e 61605
 f 61803
 g 61460
 h 61572
 i 61489
 j 61445
 k 61737
 l 61894
 m 61406
 n 61763
 o 61694
 p 61524
 q 61669
 r 61536
 s 61640
 t 61330
 u 61416
 v 61627
 w 61372
 x 61651
 y 61387
 z 61388

Total characters:  1600000
DATA, 100000, 100, elf67, 6.491000
 a 61502
 b 61212
 c 61629
 d 61249
 e 61605
 f 61803
 g 61460
 h 61572
 i 61489
 j 61445
 k 61737
 l 61894
 m 61406
 n 61763
 o 61694
 p 61524
 q 61669
 r 61536
 s 61640
 t 61330
 u 61416
 v 61627
 w 61372
 x 61651
 y 61387
 z 61388

Total characters:  1600000
DATA, 100000, 100, elf67, 6.385000
 a 61502
 b 61212
 c 61629
 d 61249
 e 61605
 f 61803
 g 61460
 h 61572
 i 61489
 j 61445
 k 61737
 l 61894
 m 61406
 n 61763
 o 61694
 p 61524
 q 61669
 r 61536
 s 61640
 t 61330
 u 61416
 v 61627
 w 61372
 x 61651
 y 61387
 z 61388

Total characters:  1600000
DATA, 100000, 100, elf79, 6.822000
 a 61502
 b 61212
 c 61629
 d 61249
 e 61605
 f 61803
 g 61460
 h 61572
 i 61489
 j 61445
 k 61737
 l 61894
 m 61406
 n 61763
 o 61694
 p 61524
 q 61669
 r 61536
 s 61640
 t 61330
 u 61416
 v 61627
 w 61372
 x 61651
 y 61387
 z 61388

Total characters:  1600000
DATA, 100000, 100, elf79, 6.847000
 a 61502
 b 61212
 c 61629
 d 61249
 e 61605
 f 61803
 g 61460
 h 61572
 i 61489
 j 61445
 k 61737
 l 61894
 m 61406
 n 61763
 o 61694
 p 61524
 q 61669
 r 61536
 s 61640
 t 61330
 u 61416
 v 61627
 w 61372
 x 61651
 y 61387
 z 61388

Total characters:  1600000
DATA, 100000, 100, elf67, 6.648000
 a 61502
 b 61212
 c 61629
 d 61249
 e 61605
 f 61803
 g 61460
 h 61572
 i 61489
 j 61445
 k 61737
 l 61894
 m 61406
 n 61763
 o 61694
 p 61524
 q 61669
 r 61536
 s 61640
 t 61330
 u 61416
 v 61627
 w 61372
 x 61651
 y 61387
 z 61388

Total characters:  1600000
DATA, 100000, 100, elf79, 7.076000
 a 61502
 b 61212
 c 61629
 d 61249
 e 61605
 f 61803
 g 61460
 h 61572
 i 61489
 j 61445
 k 61737
 l 61894
 m 61406
 n 61763
 o 61694
 p 61524
 q 61669
 r 61536
 s 61640
 t 61330
 u 61416
 v 61627
 w 61372
 x 61651
 y 61387
 z 61388

Total characters:  1600000
DATA, 100000, 100, elf67, 6.351000
 a 61502
 b 61212
 c 61629
 d 61249
 e 61605
 f 61803
 g 61460
 h 61572
 i 61489
 j 61445
 k 61737
 l 61894
 m 61406
 n 61763
 o 61694
 p 61524
 q 61669
 r 61536
 s 61640
 t 61330
 u 61416
 v 61627
 w 61372
 x 61651
 y 61387
 z 61388

Total characters:  1600000
DATA, 100000, 100, elf67, 6.467000
 a 61502
 b 61212
 c 61629
 d 61249
 e 61605
 f 61803
 g 61460
 h 61572
 i 61489
 j 61445
 k 61737
 l 61894
 m 61406
 n 61763
 o 61694
 p 61524
 q 61669
 r 61536
 s 61640
 t 61330
 u 61416
 v 61627
 w 61372
 x 61651
 y 61387
 z 61388

Total characters:  1600000
DATA, 100000, 100, elf78, 6.735000
 a 61502
 b 61212
 c 61629
 d 61249
 e 61605
 f 61803
 g 61460
 h 61572
 i 61489
 j 61445
 k 61737
 l 61894
 m 61406
 n 61763
 o 61694
 p 61524
 q 61669
 r 61536
 s 61640
 t 61330
 u 61416
 v 61627
 w 61372
 x 61651
 y 61387
 z 61388

Total characters:  1600000
DATA, 100000, 100, elf78, 6.659000
 a 61502
 b 61212
 c 61629
 d 61249
 e 61605
 f 61803
 g 61460
 h 61572
 i 61489
 j 61445
 k 61737
 l 61894
 m 61406
 n 61763
 o 61694
 p 61524
 q 61669
 r 61536
 s 61640
 t 61330
 u 61416
 v 61627
 w 61372
 x 61651
 y 61387
 z 61388

Total characters:  1600000
DATA, 100000, 100, elf78, 6.834000
 a 61502
 b 61212
 c 61629
 d 61249
 e 61605
 f 61803
 g 61460
 h 61572
 i 61489
 j 61445
 k 61737
 l 61894
 m 61406
 n 61763
 o 61694
 p 61524
 q 61669
 r 61536
 s 61640
 t 61330
 u 61416
 v 61627
 w 61372
 x 61651
 y 61387
 z 61388

Total characters:  1600000
DATA, 100000, 100, elf78, 6.694000
 a 61502
 b 61212
 c 61629
 d 61249
 e 61605
 f 61803
 g 61460
 h 61572
 i 61489
 j 61445
 k 61737
 l 61894
 m 61406
 n 61763
 o 61694
 p 61524
 q 61669
 r 61536
 s 61640
 t 61330
 u 61416
 v 61627
 w 61372
 x 61651
 y 61387
 z 61388

Total characters:  1600000
DATA, 100000, 100, elf78, 6.750000
 a 61502
 b 61212
 c 61629
 d 61249
 e 61605
 f 61803
 g 61460
 h 61572
 i 61489
 j 61445
 k 61737
 l 61894
 m 61406
 n 61763
 o 61694
 p 61524
 q 61669
 r 61536
 s 61640
 t 61330
 u 61416
 v 61627
 w 61372
 x 61651
 y 61387
 z 61388

Total characters:  1600000
DATA, 100000, 100, elf78, 17.623000
 a 61502
 b 61212
 c 61629
 d 61249
 e 61605
 f 61803
 g 61460
 h 61572
 i 61489
 j 61445
 k 61737
 l 61894
 m 61406
 n 61763
 o 61694
 p 61524
 q 61669
 r 61536
 s 61640
 t 61330
 u 61416
 v 61627
 w 61372
 x 61651
 y 61387
 z 61388

Total characters:  1600000
DATA, 100000, 100, elf78, 8.349000
 a 61502
 b 61212
 c 61629
 d 61249
 e 61605
 f 61803
 g 61460
 h 61572
 i 61489
 j 61445
 k 61737
 l 61894
 m 61406
 n 61763
 o 61694
 p 61524
 q 61669
 r 61536
 s 61640
 t 61330
 u 61416
 v 61627
 w 61372
 x 61651
 y 61387
 z 61388

Total characters:  1600000
DATA, 100000, 100, elf78, 17.313000
 a 61502
 b 61212
 c 61629
 d 61249
 e 61605
 f 61803
 g 61460
 h 61572
 i 61489
 j 61445
 k 61737
 l 61894
 m 61406
 n 61763
 o 61694
 p 61524
 q 61669
 r 61536
 s 61640
 t 61330
 u 61416
 v 61627
 w 61372
 x 61651
 y 61387
 z 61388

Total characters:  1600000
DATA, 100000, 100, elf78, 17.938000
 a 61502
 b 61212
 c 61629
 d 61249
 e 61605
 f 61803
 g 61460
 h 61572
 i 61489
 j 61445
 k 61737
 l 61894
 m 61406
 n 61763
 o 61694
 p 61524
 q 61669
 r 61536
 s 61640
 t 61330
 u 61416
 v 61627
 w 61372
 x 61651
 y 61387
 z 61388

Total characters:  1600000
DATA, 100000, 100, elf78, 8.264000
 a 61502
 b 61212
 c 61629
 d 61249
 e 61605
 f 61803
 g 61460
 h 61572
 i 61489
 j 61445
 k 61737
 l 61894
 m 61406
 n 61763
 o 61694
 p 61524
 q 61669
 r 61536
 s 61640
 t 61330
 u 61416
 v 61627
 w 61372
 x 61651
 y 61387
 z 61388

Total characters:  1600000
DATA, 100000, 100, elf78, 17.474000
 a 61502
 b 61212
 c 61629
 d 61249
 e 61605
 f 61803
 g 61460
 h 61572
 i 61489
 j 61445
 k 61737
 l 61894
 m 61406
 n 61763
 o 61694
 p 61524
 q 61669
 r 61536
 s 61640
 t 61330
 u 61416
 v 61627
 w 61372
 x 61651
 y 61387
 z 61388

Total characters:  1600000
DATA, 100000, 100, elf78, 8.440000
 a 61502
 b 61212
 c 61629
 d 61249
 e 61605
 f 61803
 g 61460
 h 61572
 i 61489
 j 61445
 k 61737
 l 61894
 m 61406
 n 61763
 o 61694
 p 61524
 q 61669
 r 61536
 s 61640
 t 61330
 u 61416
 v 61627
 w 61372
 x 61651
 y 61387
 z 61388

Total characters:  1600000
DATA, 100000, 100, elf78, 17.457000
 a 61502
 b 61212
 c 61629
 d 61249
 e 61605
 f 61803
 g 61460
 h 61572
 i 61489
 j 61445
 k 61737
 l 61894
 m 61406
 n 61763
 o 61694
 p 61524
 q 61669
 r 61536
 s 61640
 t 61330
 u 61416
 v 61627
 w 61372
 x 61651
 y 61387
 z 61388

Total characters:  1600000
DATA, 100000, 100, elf78, 17.115000
 a 61502
 b 61212
 c 61629
 d 61249
 e 61605
 f 61803
 g 61460
 h 61572
 i 61489
 j 61445
 k 61737
 l 61894
 m 61406
 n 61763
 o 61694
 p 61524
 q 61669
 r 61536
 s 61640
 t 61330
 u 61416
 v 61627
 w 61372
 x 61651
 y 61387
 z 61388

Total characters:  1600000
DATA, 100000, 100, elf78, 17.577000
 a 61502
 b 61212
 c 61629
 d 61249
 e 61605
 f 61803
 g 61460
 h 61572
 i 61489
 j 61445
 k 61737
 l 61894
 m 61406
 n 61763
 o 61694
 p 61524
 q 61669
 r 61536
 s 61640
 t 61330
 u 61416
 v 61627
 w 61372
 x 61651
 y 61387
 z 61388

Total characters:  1600000
DATA, 100000, 100, elf78, 17.299000
 a 61502
 b 61212
 c 61629
 d 61249
 e 61605
 f 61803
 g 61460
 h 61572
 i 61489
 j 61445
 k 61737
 l 61894
 m 61406
 n 61763
 o 61694
 p 61524
 q 61669
 r 61536
 s 61640
 t 61330
 u 61416
 v 61627
 w 61372
 x 61651
 y 61387
 z 61388

Total characters:  1600000
DATA, 100000, 100, elf78, 17.542000
 a 61502
 b 61212
 c 61629
 d 61249
 e 61605
 f 61803
 g 61460
 h 61572
 i 61489
 j 61445
 k 61737
 l 61894
 m 61406
 n 61763
 o 61694
 p 61524
 q 61669
 r 61536
 s 61640
 t 61330
 u 61416
 v 61627
 w 61372
 x 61651
 y 61387
 z 61388

Total characters:  1600000
DATA, 100000, 100, elf78, 17.655000
 a 61502
 b 61212
 c 61629
 d 61249
 e 61605
 f 61803
 g 61460
 h 61572
 i 61489
 j 61445
 k 61737
 l 61894
 m 61406
 n 61763
 o 61694
 p 61524
 q 61669
 r 61536
 s 61640
 t 61330
 u 61416
 v 61627
 w 61372
 x 61651
 y 61387
 z 61388

Total characters:  1600000
DATA, 100000, 100, elf73, 32.952000
 a 61502
 b 61212
 c 61629
 d 61249
 e 61605
 f 61803
 g 61460
 h 61572
 i 61489
 j 61445
 k 61737
 l 61894
 m 61406
 n 61763
 o 61694
 p 61524
 q 61669
 r 61536
 s 61640
 t 61330
 u 61416
 v 61627
 w 61372
 x 61651
 y 61387
 z 61388

Total characters:  1600000
DATA, 100000, 100, elf73, 31.452000
 a 61502
 b 61212
 c 61629
 d 61249
 e 61605
 f 61803
 g 61460
 h 61572
 i 61489
 j 61445
 k 61737
 l 61894
 m 61406
 n 61763
 o 61694
 p 61524
 q 61669
 r 61536
 s 61640
 t 61330
 u 61416
 v 61627
 w 61372
 x 61651
 y 61387
 z 61388

Total characters:  1600000
DATA, 100000, 100, elf73, 31.639000
 a 61502
 b 61212
 c 61629
 d 61249
 e 61605
 f 61803
 g 61460
 h 61572
 i 61489
 j 61445
 k 61737
 l 61894
 m 61406
 n 61763
 o 61694
 p 61524
 q 61669
 r 61536
 s 61640
 t 61330
 u 61416
 v 61627
 w 61372
 x 61651
 y 61387
 z 61388

Total characters:  1600000
DATA, 100000, 100, elf73, 31.885000
 a 61502
 b 61212
 c 61629
 d 61249
 e 61605
 f 61803
 g 61460
 h 61572
 i 61489
 j 61445
 k 61737
 l 61894
 m 61406
 n 61763
 o 61694
 p 61524
 q 61669
 r 61536
 s 61640
 t 61330
 u 61416
 v 61627
 w 61372
 x 61651
 y 61387
 z 61388

Total characters:  1600000
DATA, 100000, 100, elf73, 32.929000
 a 61502
 b 61212
 c 61629
 d 61249
 e 61605
 f 61803
 g 61460
 h 61572
 i 61489
 j 61445
 k 61737
 l 61894
 m 61406
 n 61763
 o 61694
 p 61524
 q 61669
 r 61536
 s 61640
 t 61330
 u 61416
 v 61627
 w 61372
 x 61651
 y 61387
 z 61388

Total characters:  1600000
DATA, 100000, 100, elf73, 31.457000
 a 61502
 b 61212
 c 61629
 d 61249
 e 61605
 f 61803
 g 61460
 h 61572
 i 61489
 j 61445
 k 61737
 l 61894
 m 61406
 n 61763
 o 61694
 p 61524
 q 61669
 r 61536
 s 61640
 t 61330
 u 61416
 v 61627
 w 61372
 x 61651
 y 61387
 z 61388

Total characters:  1600000
DATA, 100000, 100, elf73, 31.432000
 a 61502
 b 61212
 c 61629
 d 61249
 e 61605
 f 61803
 g 61460
 h 61572
 i 61489
 j 61445
 k 61737
 l 61894
 m 61406
 n 61763
 o 61694
 p 61524
 q 61669
 r 61536
 s 61640
 t 61330
 u 61416
 v 61627
 w 61372
 x 61651
 y 61387
 z 61388

Total characters:  1600000
DATA, 100000, 100, elf73, 31.694000
 a 61502
 b 61212
 c 61629
 d 61249
 e 61605
 f 61803
 g 61460
 h 61572
 i 61489
 j 61445
 k 61737
 l 61894
 m 61406
 n 61763
 o 61694
 p 61524
 q 61669
 r 61536
 s 61640
 t 61330
 u 61416
 v 61627
 w 61372
 x 61651
 y 61387
 z 61388

Total characters:  1600000
DATA, 100000, 100, elf73, 31.645000
 a 61502
 b 61212
 c 61629
 d 61249
 e 61605
 f 61803
 g 61460
 h 61572
 i 61489
 j 61445
 k 61737
 l 61894
 m 61406
 n 61763
 o 61694
 p 61524
 q 61669
 r 61536
 s 61640
 t 61330
 u 61416
 v 61627
 w 61372
 x 61651
 y 61387
 z 61388

Total characters:  1600000
DATA, 100000, 100, elf73, 32.778000
 a 61502
 b 61212
 c 61629
 d 61249
 e 61605
 f 61803
 g 61460
 h 61572
 i 61489
 j 61445
 k 61737
 l 61894
 m 61406
 n 61763
 o 61694
 p 61524
 q 61669
 r 61536
 s 61640
 t 61330
 u 61416
 v 61627
 w 61372
 x 61651
 y 61387
 z 61388

Total characters:  1600000
DATA, 100000, 100, elf67, 33.200000
 a 61502
 b 61212
 c 61629
 d 61249
 e 61605
 f 61803
 g 61460
 h 61572
 i 61489
 j 61445
 k 61737
 l 61894
 m 61406
 n 61763
 o 61694
 p 61524
 q 61669
 r 61536
 s 61640
 t 61330
 u 61416
 v 61627
 w 61372
 x 61651
 y 61387
 z 61388

Total characters:  1600000
DATA, 100000, 100, elf67, 31.147000
 a 61502
 b 61212
 c 61629
 d 61249
 e 61605
 f 61803
 g 61460
 h 61572
 i 61489
 j 61445
 k 61737
 l 61894
 m 61406
 n 61763
 o 61694
 p 61524
 q 61669
 r 61536
 s 61640
 t 61330
 u 61416
 v 61627
 w 61372
 x 61651
 y 61387
 z 61388

Total characters:  1600000
DATA, 100000, 100, elf77, 31.360000
 a 61502
 b 61212
 c 61629
 d 61249
 e 61605
 f 61803
 g 61460
 h 61572
 i 61489
 j 61445
 k 61737
 l 61894
 m 61406
 n 61763
 o 61694
 p 61524
 q 61669
 r 61536
 s 61640
 t 61330
 u 61416
 v 61627
 w 61372
 x 61651
 y 61387
 z 61388

Total characters:  1600000
DATA, 100000, 100, elf77, 31.376000
 a 61502
 b 61212
 c 61629
 d 61249
 e 61605
 f 61803
 g 61460
 h 61572
 i 61489
 j 61445
 k 61737
 l 61894
 m 61406
 n 61763
 o 61694
 p 61524
 q 61669
 r 61536
 s 61640
 t 61330
 u 61416
 v 61627
 w 61372
 x 61651
 y 61387
 z 61388

Total characters:  1600000
DATA, 100000, 100, elf77, 31.316000
 a 61502
 b 61212
 c 61629
 d 61249
 e 61605
 f 61803
 g 61460
 h 61572
 i 61489
 j 61445
 k 61737
 l 61894
 m 61406
 n 61763
 o 61694
 p 61524
 q 61669
 r 61536
 s 61640
 t 61330
 u 61416
 v 61627
 w 61372
 x 61651
 y 61387
 z 61388

Total characters:  1600000
DATA, 100000, 100, elf77, 31.851000
 a 61502
 b 61212
 c 61629
 d 61249
 e 61605
 f 61803
 g 61460
 h 61572
 i 61489
 j 61445
 k 61737
 l 61894
 m 61406
 n 61763
 o 61694
 p 61524
 q 61669
 r 61536
 s 61640
 t 61330
 u 61416
 v 61627
 w 61372
 x 61651
 y 61387
 z 61388

Total characters:  1600000
DATA, 100000, 100, elf77, 31.660000
 a 61502
 b 61212
 c 61629
 d 61249
 e 61605
 f 61803
 g 61460
 h 61572
 i 61489
 j 61445
 k 61737
 l 61894
 m 61406
 n 61763
 o 61694
 p 61524
 q 61669
 r 61536
 s 61640
 t 61330
 u 61416
 v 61627
 w 61372
 x 61651
 y 61387
 z 61388

Total characters:  1600000
DATA, 100000, 100, elf77, 31.314000
 a 61502
 b 61212
 c 61629
 d 61249
 e 61605
 f 61803
 g 61460
 h 61572
 i 61489
 j 61445
 k 61737
 l 61894
 m 61406
 n 61763
 o 61694
 p 61524
 q 61669
 r 61536
 s 61640
 t 61330
 u 61416
 v 61627
 w 61372
 x 61651
 y 61387
 z 61388

Total characters:  1600000
DATA, 100000, 100, elf77, 31.652000
 a 61502
 b 61212
 c 61629
 d 61249
 e 61605
 f 61803
 g 61460
 h 61572
 i 61489
 j 61445
 k 61737
 l 61894
 m 61406
 n 61763
 o 61694
 p 61524
 q 61669
 r 61536
 s 61640
 t 61330
 u 61416
 v 61627
 w 61372
 x 61651
 y 61387
 z 61388

Total characters:  1600000
DATA, 100000, 100, elf58, 31.315000
 a 61502
 b 61212
 c 61629
 d 61249
 e 61605
 f 61803
 g 61460
 h 61572
 i 61489
 j 61445
 k 61737
 l 61894
 m 61406
 n 61763
 o 61694
 p 61524
 q 61669
 r 61536
 s 61640
 t 61330
 u 61416
 v 61627
 w 61372
 x 61651
 y 61387
 z 61388

Total characters:  1600000
DATA, 100000, 100, elf77, 31.925000
 a 61502
 b 61212
 c 61629
 d 61249
 e 61605
 f 61803
 g 61460
 h 61572
 i 61489
 j 61445
 k 61737
 l 61894
 m 61406
 n 61763
 o 61694
 p 61524
 q 61669
 r 61536
 s 61640
 t 61330
 u 61416
 v 61627
 w 61372
 x 61651
 y 61387
 z 61388

Total characters:  1600000
DATA, 100000, 100, elf77, 31.733000
 a 61502
 b 61212
 c 61629
 d 61249
 e 61605
 f 61803
 g 61460
 h 61572
 i 61489
 j 61445
 k 61737
 l 61894
 m 61406
 n 61763
 o 61694
 p 61524
 q 61669
 r 61536
 s 61640
 t 61330
 u 61416
 v 61627
 w 61372
 x 61651
 y 61387
 z 61388

Total characters:  1600000
DATA, 100000, 100, elf77, 31.858000
 a 61502
 b 61212
 c 61629
 d 61249
 e 61605
 f 61803
 g 61460
 h 61572
 i 61489
 j 61445
 k 61737
 l 61894
 m 61406
 n 61763
 o 61694
 p 61524
 q 61669
 r 61536
 s 61640
 t 61330
 u 61416
 v 61627
 w 61372
 x 61651
 y 61387
 z 61388

Total characters:  1600000
DATA, 100000, 100, elf58, 31.315000
 a 61502
 b 61212
 c 61629
 d 61249
 e 61605
 f 61803
 g 61460
 h 61572
 i 61489
 j 61445
 k 61737
 l 61894
 m 61406
 n 61763
 o 61694
 p 61524
 q 61669
 r 61536
 s 61640
 t 61330
 u 61416
 v 61627
 w 61372
 x 61651
 y 61387
 z 61388

Total characters:  1600000
DATA, 100000, 100, elf77, 31.599000
 a 61502
 b 61212
 c 61629
 d 61249
 e 61605
 f 61803
 g 61460
 h 61572
 i 61489
 j 61445
 k 61737
 l 61894
 m 61406
 n 61763
 o 61694
 p 61524
 q 61669
 r 61536
 s 61640
 t 61330
 u 61416
 v 61627
 w 61372
 x 61651
 y 61387
 z 61388

Total characters:  1600000
DATA, 100000, 100, elf58, 31.698000
 a 61502
 b 61212
 c 61629
 d 61249
 e 61605
 f 61803
 g 61460
 h 61572
 i 61489
 j 61445
 k 61737
 l 61894
 m 61406
 n 61763
 o 61694
 p 61524
 q 61669
 r 61536
 s 61640
 t 61330
 u 61416
 v 61627
 w 61372
 x 61651
 y 61387
 z 61388

Total characters:  1600000
DATA, 100000, 100, elf77, 31.835000
 a 61502
 b 61212
 c 61629
 d 61249
 e 61605
 f 61803
 g 61460
 h 61572
 i 61489
 j 61445
 k 61737
 l 61894
 m 61406
 n 61763
 o 61694
 p 61524
 q 61669
 r 61536
 s 61640
 t 61330
 u 61416
 v 61627
 w 61372
 x 61651
 y 61387
 z 61388

Total characters:  1600000
DATA, 100000, 100, elf58, 31.502000
 a 61502
 b 61212
 c 61629
 d 61249
 e 61605
 f 61803
 g 61460
 h 61572
 i 61489
 j 61445
 k 61737
 l 61894
 m 61406
 n 61763
 o 61694
 p 61524
 q 61669
 r 61536
 s 61640
 t 61330
 u 61416
 v 61627
 w 61372
 x 61651
 y 61387
 z 61388

Total characters:  1600000
DATA, 100000, 100, elf77, 32.591000
 a 61502
 b 61212
 c 61629
 d 61249
 e 61605
 f 61803
 g 61460
 h 61572
 i 61489
 j 61445
 k 61737
 l 61894
 m 61406
 n 61763
 o 61694
 p 61524
 q 61669
 r 61536
 s 61640
 t 61330
 u 61416
 v 61627
 w 61372
 x 61651
 y 61387
 z 61388

Total characters:  1600000
DATA, 100000, 100, elf77, 31.905000
 a 61502
 b 61212
 c 61629
 d 61249
 e 61605
 f 61803
 g 61460
 h 61572
 i 61489
 j 61445
 k 61737
 l 61894
 m 61406
 n 61763
 o 61694
 p 61524
 q 61669
 r 61536
 s 61640
 t 61330
 u 61416
 v 61627
 w 61372
 x 61651
 y 61387
 z 61388

Total characters:  1600000
DATA, 100000, 100, elf58, 32.982000
 a 61502
 b 61212
 c 61629
 d 61249
 e 61605
 f 61803
 g 61460
 h 61572
 i 61489
 j 61445
 k 61737
 l 61894
 m 61406
 n 61763
 o 61694
 p 61524
 q 61669
 r 61536
 s 61640
 t 61330
 u 61416
 v 61627
 w 61372
 x 61651
 y 61387
 z 61388

Total characters:  1600000
DATA, 100000, 100, elf58, 33.352000
 a 61502
 b 61212
 c 61629
 d 61249
 e 61605
 f 61803
 g 61460
 h 61572
 i 61489
 j 61445
 k 61737
 l 61894
 m 61406
 n 61763
 o 61694
 p 61524
 q 61669
 r 61536
 s 61640
 t 61330
 u 61416
 v 61627
 w 61372
 x 61651
 y 61387
 z 61388

Total characters:  1600000
DATA, 100000, 100, elf58, 31.476000
 a 61502
 b 61212
 c 61629
 d 61249
 e 61605
 f 61803
 g 61460
 h 61572
 i 61489
 j 61445
 k 61737
 l 61894
 m 61406
 n 61763
 o 61694
 p 61524
 q 61669
 r 61536
 s 61640
 t 61330
 u 61416
 v 61627
 w 61372
 x 61651
 y 61387
 z 61388

Total characters:  1600000
DATA, 100000, 100, elf79, 34.389000
 a 61502
 b 61212
 c 61629
 d 61249
 e 61605
 f 61803
 g 61460
 h 61572
 i 61489
 j 61445
 k 61737
 l 61894
 m 61406
 n 61763
 o 61694
 p 61524
 q 61669
 r 61536
 s 61640
 t 61330
 u 61416
 v 61627
 w 61372
 x 61651
 y 61387
 z 61388

Total characters:  1600000
DATA, 100000, 100, elf79, 35.065000
 a 61502
 b 61212
 c 61629
 d 61249
 e 61605
 f 61803
 g 61460
 h 61572
 i 61489
 j 61445
 k 61737
 l 61894
 m 61406
 n 61763
 o 61694
 p 61524
 q 61669
 r 61536
 s 61640
 t 61330
 u 61416
 v 61627
 w 61372
 x 61651
 y 61387
 z 61388

Total characters:  1600000
DATA, 100000, 100, elf58, 31.895000
 a 61502
 b 61212
 c 61629
 d 61249
 e 61605
 f 61803
 g 61460
 h 61572
 i 61489
 j 61445
 k 61737
 l 61894
 m 61406
 n 61763
 o 61694
 p 61524
 q 61669
 r 61536
 s 61640
 t 61330
 u 61416
 v 61627
 w 61372
 x 61651
 y 61387
 z 61388

Total characters:  1600000
DATA, 100000, 100, elf79, 35.402000
 a 61502
 b 61212
 c 61629
 d 61249
 e 61605
 f 61803
 g 61460
 h 61572
 i 61489
 j 61445
 k 61737
 l 61894
 m 61406
 n 61763
 o 61694
 p 61524
 q 61669
 r 61536
 s 61640
 t 61330
 u 61416
 v 61627
 w 61372
 x 61651
 y 61387
 z 61388

Total characters:  1600000
DATA, 100000, 100, elf79, 35.343000
 a 61502
 b 61212
 c 61629
 d 61249
 e 61605
 f 61803
 g 61460
 h 61572
 i 61489
 j 61445
 k 61737
 l 61894
 m 61406
 n 61763
 o 61694
 p 61524
 q 61669
 r 61536
 s 61640
 t 61330
 u 61416
 v 61627
 w 61372
 x 61651
 y 61387
 z 61388

Total characters:  1600000
DATA, 100000, 100, elf58, 32.758000
 a 61502
 b 61212
 c 61629
 d 61249
 e 61605
 f 61803
 g 61460
 h 61572
 i 61489
 j 61445
 k 61737
 l 61894
 m 61406
 n 61763
 o 61694
 p 61524
 q 61669
 r 61536
 s 61640
 t 61330
 u 61416
 v 61627
 w 61372
 x 61651
 y 61387
 z 61388

Total characters:  1600000
DATA, 100000, 100, elf77, 31.451000
 a 61502
 b 61212
 c 61629
 d 61249
 e 61605
 f 61803
 g 61460
 h 61572
 i 61489
 j 61445
 k 61737
 l 61894
 m 61406
 n 61763
 o 61694
 p 61524
 q 61669
 r 61536
 s 61640
 t 61330
 u 61416
 v 61627
 w 61372
 x 61651
 y 61387
 z 61388

Total characters:  1600000
DATA, 100000, 100, elf77, 31.496000
 a 61502
 b 61212
 c 61629
 d 61249
 e 61605
 f 61803
 g 61460
 h 61572
 i 61489
 j 61445
 k 61737
 l 61894
 m 61406
 n 61763
 o 61694
 p 61524
 q 61669
 r 61536
 s 61640
 t 61330
 u 61416
 v 61627
 w 61372
 x 61651
 y 61387
 z 61388

Total characters:  1600000
DATA, 100000, 100, elf77, 31.518000
 a 61502
 b 61212
 c 61629
 d 61249
 e 61605
 f 61803
 g 61460
 h 61572
 i 61489
 j 61445
 k 61737
 l 61894
 m 61406
 n 61763
 o 61694
 p 61524
 q 61669
 r 61536
 s 61640
 t 61330
 u 61416
 v 61627
 w 61372
 x 61651
 y 61387
 z 61388

Total characters:  1600000
DATA, 100000, 100, elf77, 31.823000
 a 61502
 b 61212
 c 61629
 d 61249
 e 61605
 f 61803
 g 61460
 h 61572
 i 61489
 j 61445
 k 61737
 l 61894
 m 61406
 n 61763
 o 61694
 p 61524
 q 61669
 r 61536
 s 61640
 t 61330
 u 61416
 v 61627
 w 61372
 x 61651
 y 61387
 z 61388

Total characters:  1600000
DATA, 100000, 100, elf58, 31.550000
 a 61502
 b 61212
 c 61629
 d 61249
 e 61605
 f 61803
 g 61460
 h 61572
 i 61489
 j 61445
 k 61737
 l 61894
 m 61406
 n 61763
 o 61694
 p 61524
 q 61669
 r 61536
 s 61640
 t 61330
 u 61416
 v 61627
 w 61372
 x 61651
 y 61387
 z 61388

Total characters:  1600000
DATA, 100000, 100, elf58, 31.519000
 a 61502
 b 61212
 c 61629
 d 61249
 e 61605
 f 61803
 g 61460
 h 61572
 i 61489
 j 61445
 k 61737
 l 61894
 m 61406
 n 61763
 o 61694
 p 61524
 q 61669
 r 61536
 s 61640
 t 61330
 u 61416
 v 61627
 w 61372
 x 61651
 y 61387
 z 61388

Total characters:  1600000
DATA, 100000, 100, elf58, 31.326000
 a 61502
 b 61212
 c 61629
 d 61249
 e 61605
 f 61803
 g 61460
 h 61572
 i 61489
 j 61445
 k 61737
 l 61894
 m 61406
 n 61763
 o 61694
 p 61524
 q 61669
 r 61536
 s 61640
 t 61330
 u 61416
 v 61627
 w 61372
 x 61651
 y 61387
 z 61388

Total characters:  1600000
DATA, 100000, 100, elf58, 32.174000
 a 61502
 b 61212
 c 61629
 d 61249
 e 61605
 f 61803
 g 61460
 h 61572
 i 61489
 j 61445
 k 61737
 l 61894
 m 61406
 n 61763
 o 61694
 p 61524
 q 61669
 r 61536
 s 61640
 t 61330
 u 61416
 v 61627
 w 61372
 x 61651
 y 61387
 z 61388

Total characters:  1600000
DATA, 100000, 100, elf58, 31.755000
 a 61502
 b 61212
 c 61629
 d 61249
 e 61605
 f 61803
 g 61460
 h 61572
 i 61489
 j 61445
 k 61737
 l 61894
 m 61406
 n 61763
 o 61694
 p 61524
 q 61669
 r 61536
 s 61640
 t 61330
 u 61416
 v 61627
 w 61372
 x 61651
 y 61387
 z 61388

Total characters:  1600000
DATA, 100000, 100, elf58, 31.463000
 a 61502
 b 61212
 c 61629
 d 61249
 e 61605
 f 61803
 g 61460
 h 61572
 i 61489
 j 61445
 k 61737
 l 61894
 m 61406
 n 61763
 o 61694
 p 61524
 q 61669
 r 61536
 s 61640
 t 61330
 u 61416
 v 61627
 w 61372
 x 61651
 y 61387
 z 61388

Total characters:  1600000
DATA, 100000, 100, elf58, 31.477000
 a 61502
 b 61212
 c 61629
 d 61249
 e 61605
 f 61803
 g 61460
 h 61572
 i 61489
 j 61445
 k 61737
 l 61894
 m 61406
 n 61763
 o 61694
 p 61524
 q 61669
 r 61536
 s 61640
 t 61330
 u 61416
 v 61627
 w 61372
 x 61651
 y 61387
 z 61388

Total characters:  1600000
DATA, 100000, 100, elf58, 31.465000
 a 61502
 b 61212
 c 61629
 d 61249
 e 61605
 f 61803
 g 61460
 h 61572
 i 61489
 j 61445
 k 61737
 l 61894
 m 61406
 n 61763
 o 61694
 p 61524
 q 61669
 r 61536
 s 61640
 t 61330
 u 61416
 v 61627
 w 61372
 x 61651
 y 61387
 z 61388

Total characters:  1600000
DATA, 100000, 100, elf58, 31.434000
 a 61502
 b 61212
 c 61629
 d 61249
 e 61605
 f 61803
 g 61460
 h 61572
 i 61489
 j 61445
 k 61737
 l 61894
 m 61406
 n 61763
 o 61694
 p 61524
 q 61669
 r 61536
 s 61640
 t 61330
 u 61416
 v 61627
 w 61372
 x 61651
 y 61387
 z 61388

Total characters:  1600000
DATA, 100000, 100, elf67, 31.769000
 a 61502
 b 61212
 c 61629
 d 61249
 e 61605
 f 61803
 g 61460
 h 61572
 i 61489
 j 61445
 k 61737
 l 61894
 m 61406
 n 61763
 o 61694
 p 61524
 q 61669
 r 61536
 s 61640
 t 61330
 u 61416
 v 61627
 w 61372
 x 61651
 y 61387
 z 61388

Total characters:  1600000
DATA, 100000, 100, elf67, 31.564000
 a 61502
 b 61212
 c 61629
 d 61249
 e 61605
 f 61803
 g 61460
 h 61572
 i 61489
 j 61445
 k 61737
 l 61894
 m 61406
 n 61763
 o 61694
 p 61524
 q 61669
 r 61536
 s 61640
 t 61330
 u 61416
 v 61627
 w 61372
 x 61651
 y 61387
 z 61388

Total characters:  1600000
DATA, 100000, 100, elf67, 31.525000
 a 61502
 b 61212
 c 61629
 d 61249
 e 61605
 f 61803
 g 61460
 h 61572
 i 61489
 j 61445
 k 61737
 l 61894
 m 61406
 n 61763
 o 61694
 p 61524
 q 61669
 r 61536
 s 61640
 t 61330
 u 61416
 v 61627
 w 61372
 x 61651
 y 61387
 z 61388

Total characters:  1600000
DATA, 100000, 100, elf67, 31.758000
 a 61502
 b 61212
 c 61629
 d 61249
 e 61605
 f 61803
 g 61460
 h 61572
 i 61489
 j 61445
 k 61737
 l 61894
 m 61406
 n 61763
 o 61694
 p 61524
 q 61669
 r 61536
 s 61640
 t 61330
 u 61416
 v 61627
 w 61372
 x 61651
 y 61387
 z 61388

Total characters:  1600000
DATA, 100000, 100, elf67, 31.427000
 a 61502
 b 61212
 c 61629
 d 61249
 e 61605
 f 61803
 g 61460
 h 61572
 i 61489
 j 61445
 k 61737
 l 61894
 m 61406
 n 61763
 o 61694
 p 61524
 q 61669
 r 61536
 s 61640
 t 61330
 u 61416
 v 61627
 w 61372
 x 61651
 y 61387
 z 61388

Total characters:  1600000
DATA, 100000, 100, elf67, 31.420000
 a 61502
 b 61212
 c 61629
 d 61249
 e 61605
 f 61803
 g 61460
 h 61572
 i 61489
 j 61445
 k 61737
 l 61894
 m 61406
 n 61763
 o 61694
 p 61524
 q 61669
 r 61536
 s 61640
 t 61330
 u 61416
 v 61627
 w 61372
 x 61651
 y 61387
 z 61388

Total characters:  1600000
DATA, 100000, 100, elf67, 31.325000
 a 61502
 b 61212
 c 61629
 d 61249
 e 61605
 f 61803
 g 61460
 h 61572
 i 61489
 j 61445
 k 61737
 l 61894
 m 61406
 n 61763
 o 61694
 p 61524
 q 61669
 r 61536
 s 61640
 t 61330
 u 61416
 v 61627
 w 61372
 x 61651
 y 61387
 z 61388

Total characters:  1600000
DATA, 100000, 100, elf67, 31.768000
 a 61502
 b 61212
 c 61629
 d 61249
 e 61605
 f 61803
 g 61460
 h 61572
 i 61489
 j 61445
 k 61737
 l 61894
 m 61406
 n 61763
 o 61694
 p 61524
 q 61669
 r 61536
 s 61640
 t 61330
 u 61416
 v 61627
 w 61372
 x 61651
 y 61387
 z 61388

Total characters:  1600000
DATA, 100000, 100, elf67, 31.553000
 a 61502
 b 61212
 c 61629
 d 61249
 e 61605
 f 61803
 g 61460
 h 61572
 i 61489
 j 61445
 k 61737
 l 61894
 m 61406
 n 61763
 o 61694
 p 61524
 q 61669
 r 61536
 s 61640
 t 61330
 u 61416
 v 61627
 w 61372
 x 61651
 y 61387
 z 61388

Total characters:  1600000
DATA, 100000, 100, elf67, 31.459000
 a 61502
 b 61212
 c 61629
 d 61249
 e 61605
 f 61803
 g 61460
 h 61572
 i 61489
 j 61445
 k 61737
 l 61894
 m 61406
 n 61763
 o 61694
 p 61524
 q 61669
 r 61536
 s 61640
 t 61330
 u 61416
 v 61627
 w 61372
 x 61651
 y 61387
 z 61388

Total characters:  1600000
DATA, 100000, 100, elf67, 32.550000
 a 61502
 b 61212
 c 61629
 d 61249
 e 61605
 f 61803
 g 61460
 h 61572
 i 61489
 j 61445
 k 61737
 l 61894
 m 61406
 n 61763
 o 61694
 p 61524
 q 61669
 r 61536
 s 61640
 t 61330
 u 61416
 v 61627
 w 61372
 x 61651
 y 61387
 z 61388

Total characters:  1600000
DATA, 100000, 100, elf79, 32.801000
 a 61502
 b 61212
 c 61629
 d 61249
 e 61605
 f 61803
 g 61460
 h 61572
 i 61489
 j 61445
 k 61737
 l 61894
 m 61406
 n 61763
 o 61694
 p 61524
 q 61669
 r 61536
 s 61640
 t 61330
 u 61416
 v 61627
 w 61372
 x 61651
 y 61387
 z 61388

Total characters:  1600000
DATA, 100000, 100, elf79, 33.847000
 a 61502
 b 61212
 c 61629
 d 61249
 e 61605
 f 61803
 g 61460
 h 61572
 i 61489
 j 61445
 k 61737
 l 61894
 m 61406
 n 61763
 o 61694
 p 61524
 q 61669
 r 61536
 s 61640
 t 61330
 u 61416
 v 61627
 w 61372
 x 61651
 y 61387
 z 61388

Total characters:  1600000
DATA, 100000, 100, elf79, 34.485000
 a 61502
 b 61212
 c 61629
 d 61249
 e 61605
 f 61803
 g 61460
 h 61572
 i 61489
 j 61445
 k 61737
 l 61894
 m 61406
 n 61763
 o 61694
 p 61524
 q 61669
 r 61536
 s 61640
 t 61330
 u 61416
 v 61627
 w 61372
 x 61651
 y 61387
 z 61388

Total characters:  1600000
DATA, 100000, 100, elf79, 33.909000
 a 61502
 b 61212
 c 61629
 d 61249
 e 61605
 f 61803
 g 61460
 h 61572
 i 61489
 j 61445
 k 61737
 l 61894
 m 61406
 n 61763
 o 61694
 p 61524
 q 61669
 r 61536
 s 61640
 t 61330
 u 61416
 v 61627
 w 61372
 x 61651
 y 61387
 z 61388

Total characters:  1600000
DATA, 100000, 100, elf79, 35.061000
 a 61502
 b 61212
 c 61629
 d 61249
 e 61605
 f 61803
 g 61460
 h 61572
 i 61489
 j 61445
 k 61737
 l 61894
 m 61406
 n 61763
 o 61694
 p 61524
 q 61669
 r 61536
 s 61640
 t 61330
 u 61416
 v 61627
 w 61372
 x 61651
 y 61387
 z 61388

Total characters:  1600000
DATA, 100000, 100, elf67, 30.815000
 a 61502
 b 61212
 c 61629
 d 61249
 e 61605
 f 61803
 g 61460
 h 61572
 i 61489
 j 61445
 k 61737
 l 61894
 m 61406
 n 61763
 o 61694
 p 61524
 q 61669
 r 61536
 s 61640
 t 61330
 u 61416
 v 61627
 w 61372
 x 61651
 y 61387
 z 61388

Total characters:  1600000
DATA, 100000, 100, elf67, 31.483000
 a 61502
 b 61212
 c 61629
 d 61249
 e 61605
 f 61803
 g 61460
 h 61572
 i 61489
 j 61445
 k 61737
 l 61894
 m 61406
 n 61763
 o 61694
 p 61524
 q 61669
 r 61536
 s 61640
 t 61330
 u 61416
 v 61627
 w 61372
 x 61651
 y 61387
 z 61388

Total characters:  1600000
DATA, 100000, 100, elf67, 30.873000
 a 61502
 b 61212
 c 61629
 d 61249
 e 61605
 f 61803
 g 61460
 h 61572
 i 61489
 j 61445
 k 61737
 l 61894
 m 61406
 n 61763
 o 61694
 p 61524
 q 61669
 r 61536
 s 61640
 t 61330
 u 61416
 v 61627
 w 61372
 x 61651
 y 61387
 z 61388

Total characters:  1600000
DATA, 100000, 100, elf67, 31.590000
 a 61502
 b 61212
 c 61629
 d 61249
 e 61605
 f 61803
 g 61460
 h 61572
 i 61489
 j 61445
 k 61737
 l 61894
 m 61406
 n 61763
 o 61694
 p 61524
 q 61669
 r 61536
 s 61640
 t 61330
 u 61416
 v 61627
 w 61372
 x 61651
 y 61387
 z 61388

Total characters:  1600000
DATA, 100000, 100, elf67, 32.316000
 a 61502
 b 61212
 c 61629
 d 61249
 e 61605
 f 61803
 g 61460
 h 61572
 i 61489
 j 61445
 k 61737
 l 61894
 m 61406
 n 61763
 o 61694
 p 61524
 q 61669
 r 61536
 s 61640
 t 61330
 u 61416
 v 61627
 w 61372
 x 61651
 y 61387
 z 61388

Total characters:  1600000
DATA, 100000, 100, elf79, 33.394000
 a 61502
 b 61212
 c 61629
 d 61249
 e 61605
 f 61803
 g 61460
 h 61572
 i 61489
 j 61445
 k 61737
 l 61894
 m 61406
 n 61763
 o 61694
 p 61524
 q 61669
 r 61536
 s 61640
 t 61330
 u 61416
 v 61627
 w 61372
 x 61651
 y 61387
 z 61388

Total characters:  1600000
DATA, 100000, 100, elf79, 33.587000
 a 61502
 b 61212
 c 61629
 d 61249
 e 61605
 f 61803
 g 61460
 h 61572
 i 61489
 j 61445
 k 61737
 l 61894
 m 61406
 n 61763
 o 61694
 p 61524
 q 61669
 r 61536
 s 61640
 t 61330
 u 61416
 v 61627
 w 61372
 x 61651
 y 61387
 z 61388

Total characters:  1600000
DATA, 100000, 100, elf79, 33.517000
 a 61502
 b 61212
 c 61629
 d 61249
 e 61605
 f 61803
 g 61460
 h 61572
 i 61489
 j 61445
 k 61737
 l 61894
 m 61406
 n 61763
 o 61694
 p 61524
 q 61669
 r 61536
 s 61640
 t 61330
 u 61416
 v 61627
 w 61372
 x 61651
 y 61387
 z 61388

Total characters:  1600000
DATA, 100000, 100, elf79, 34.783000
 a 61502
 b 61212
 c 61629
 d 61249
 e 61605
 f 61803
 g 61460
 h 61572
 i 61489
 j 61445
 k 61737
 l 61894
 m 61406
 n 61763
 o 61694
 p 61524
 q 61669
 r 61536
 s 61640
 t 61330
 u 61416
 v 61627
 w 61372
 x 61651
 y 61387
 z 61388

Total characters:  1600000
DATA, 100000, 100, elf79, 35.956000
 a 61502
 b 61212
 c 61629
 d 61249
 e 61605
 f 61803
 g 61460
 h 61572
 i 61489
 j 61445
 k 61737
 l 61894
 m 61406
 n 61763
 o 61694
 p 61524
 q 61669
 r 61536
 s 61640
 t 61330
 u 61416
 v 61627
 w 61372
 x 61651
 y 61387
 z 61388

Total characters:  1600000
DATA, 100000, 100, elf79, 30.972000
 a 61502
 b 61212
 c 61629
 d 61249
 e 61605
 f 61803
 g 61460
 h 61572
 i 61489
 j 61445
 k 61737
 l 61894
 m 61406
 n 61763
 o 61694
 p 61524
 q 61669
 r 61536
 s 61640
 t 61330
 u 61416
 v 61627
 w 61372
 x 61651
 y 61387
 z 61388

Total characters:  1600000
DATA, 100000, 100, elf79, 33.076000
 a 61502
 b 61212
 c 61629
 d 61249
 e 61605
 f 61803
 g 61460
 h 61572
 i 61489
 j 61445
 k 61737
 l 61894
 m 61406
 n 61763
 o 61694
 p 61524
 q 61669
 r 61536
 s 61640
 t 61330
 u 61416
 v 61627
 w 61372
 x 61651
 y 61387
 z 61388

Total characters:  1600000
DATA, 100000, 100, elf79, 33.094000
 a 61502
 b 61212
 c 61629
 d 61249
 e 61605
 f 61803
 g 61460
 h 61572
 i 61489
 j 61445
 k 61737
 l 61894
 m 61406
 n 61763
 o 61694
 p 61524
 q 61669
 r 61536
 s 61640
 t 61330
 u 61416
 v 61627
 w 61372
 x 61651
 y 61387
 z 61388

Total characters:  1600000
DATA, 100000, 100, elf79, 35.055000
 a 61502
 b 61212
 c 61629
 d 61249
 e 61605
 f 61803
 g 61460
 h 61572
 i 61489
 j 61445
 k 61737
 l 61894
 m 61406
 n 61763
 o 61694
 p 61524
 q 61669
 r 61536
 s 61640
 t 61330
 u 61416
 v 61627
 w 61372
 x 61651
 y 61387
 z 61388

Total characters:  1600000
DATA, 100000, 100, elf78, 33.948000
 a 61502
 b 61212
 c 61629
 d 61249
 e 61605
 f 61803
 g 61460
 h 61572
 i 61489
 j 61445
 k 61737
 l 61894
 m 61406
 n 61763
 o 61694
 p 61524
 q 61669
 r 61536
 s 61640
 t 61330
 u 61416
 v 61627
 w 61372
 x 61651
 y 61387
 z 61388

Total characters:  1600000
DATA, 100000, 100, elf78, 33.951000
 a 61502
 b 61212
 c 61629
 d 61249
 e 61605
 f 61803
 g 61460
 h 61572
 i 61489
 j 61445
 k 61737
 l 61894
 m 61406
 n 61763
 o 61694
 p 61524
 q 61669
 r 61536
 s 61640
 t 61330
 u 61416
 v 61627
 w 61372
 x 61651
 y 61387
 z 61388

Total characters:  1600000
DATA, 100000, 100, elf78, 33.769000
 a 61502
 b 61212
 c 61629
 d 61249
 e 61605
 f 61803
 g 61460
 h 61572
 i 61489
 j 61445
 k 61737
 l 61894
 m 61406
 n 61763
 o 61694
 p 61524
 q 61669
 r 61536
 s 61640
 t 61330
 u 61416
 v 61627
 w 61372
 x 61651
 y 61387
 z 61388

Total characters:  1600000
DATA, 100000, 100, elf78, 33.670000
 a 61502
 b 61212
 c 61629
 d 61249
 e 61605
 f 61803
 g 61460
 h 61572
 i 61489
 j 61445
 k 61737
 l 61894
 m 61406
 n 61763
 o 61694
 p 61524
 q 61669
 r 61536
 s 61640
 t 61330
 u 61416
 v 61627
 w 61372
 x 61651
 y 61387
 z 61388

Total characters:  1600000
DATA, 100000, 100, elf78, 33.226000
 a 61502
 b 61212
 c 61629
 d 61249
 e 61605
 f 61803
 g 61460
 h 61572
 i 61489
 j 61445
 k 61737
 l 61894
 m 61406
 n 61763
 o 61694
 p 61524
 q 61669
 r 61536
 s 61640
 t 61330
 u 61416
 v 61627
 w 61372
 x 61651
 y 61387
 z 61388

Total characters:  1600000
DATA, 100000, 100, elf78, 33.322000
 a 61502
 b 61212
 c 61629
 d 61249
 e 61605
 f 61803
 g 61460
 h 61572
 i 61489
 j 61445
 k 61737
 l 61894
 m 61406
 n 61763
 o 61694
 p 61524
 q 61669
 r 61536
 s 61640
 t 61330
 u 61416
 v 61627
 w 61372
 x 61651
 y 61387
 z 61388

Total characters:  1600000
DATA, 100000, 100, elf78, 33.978000
 a 61502
 b 61212
 c 61629
 d 61249
 e 61605
 f 61803
 g 61460
 h 61572
 i 61489
 j 61445
 k 61737
 l 61894
 m 61406
 n 61763
 o 61694
 p 61524
 q 61669
 r 61536
 s 61640
 t 61330
 u 61416
 v 61627
 w 61372
 x 61651
 y 61387
 z 61388

Total characters:  1600000
DATA, 100000, 100, elf78, 33.572000
 a 61502
 b 61212
 c 61629
 d 61249
 e 61605
 f 61803
 g 61460
 h 61572
 i 61489
 j 61445
 k 61737
 l 61894
 m 61406
 n 61763
 o 61694
 p 61524
 q 61669
 r 61536
 s 61640
 t 61330
 u 61416
 v 61627
 w 61372
 x 61651
 y 61387
 z 61388

Total characters:  1600000
DATA, 100000, 100, elf78, 86.163000
 a 61502
 b 61212
 c 61629
 d 61249
 e 61605
 f 61803
 g 61460
 h 61572
 i 61489
 j 61445
 k 61737
 l 61894
 m 61406
 n 61763
 o 61694
 p 61524
 q 61669
 r 61536
 s 61640
 t 61330
 u 61416
 v 61627
 w 61372
 x 61651
 y 61387
 z 61388

Total characters:  1600000
DATA, 100000, 100, elf78, 86.169000
 a 61502
 b 61212
 c 61629
 d 61249
 e 61605
 f 61803
 g 61460
 h 61572
 i 61489
 j 61445
 k 61737
 l 61894
 m 61406
 n 61763
 o 61694
 p 61524
 q 61669
 r 61536
 s 61640
 t 61330
 u 61416
 v 61627
 w 61372
 x 61651
 y 61387
 z 61388

Total characters:  1600000
DATA, 100000, 100, elf78, 86.068000
 a 61502
 b 61212
 c 61629
 d 61249
 e 61605
 f 61803
 g 61460
 h 61572
 i 61489
 j 61445
 k 61737
 l 61894
 m 61406
 n 61763
 o 61694
 p 61524
 q 61669
 r 61536
 s 61640
 t 61330
 u 61416
 v 61627
 w 61372
 x 61651
 y 61387
 z 61388

Total characters:  1600000
DATA, 100000, 100, elf78, 86.234000
 a 61502
 b 61212
 c 61629
 d 61249
 e 61605
 f 61803
 g 61460
 h 61572
 i 61489
 j 61445
 k 61737
 l 61894
 m 61406
 n 61763
 o 61694
 p 61524
 q 61669
 r 61536
 s 61640
 t 61330
 u 61416
 v 61627
 w 61372
 x 61651
 y 61387
 z 61388

Total characters:  1600000
DATA, 100000, 100, elf78, 85.434000
 a 61502
 b 61212
 c 61629
 d 61249
 e 61605
 f 61803
 g 61460
 h 61572
 i 61489
 j 61445
 k 61737
 l 61894
 m 61406
 n 61763
 o 61694
 p 61524
 q 61669
 r 61536
 s 61640
 t 61330
 u 61416
 v 61627
 w 61372
 x 61651
 y 61387
 z 61388

Total characters:  1600000
DATA, 100000, 100, elf78, 85.444000
 a 61502
 b 61212
 c 61629
 d 61249
 e 61605
 f 61803
 g 61460
 h 61572
 i 61489
 j 61445
 k 61737
 l 61894
 m 61406
 n 61763
 o 61694
 p 61524
 q 61669
 r 61536
 s 61640
 t 61330
 u 61416
 v 61627
 w 61372
 x 61651
 y 61387
 z 61388

Total characters:  1600000
DATA, 100000, 100, elf78, 85.020000
 a 61502
 b 61212
 c 61629
 d 61249
 e 61605
 f 61803
 g 61460
 h 61572
 i 61489
 j 61445
 k 61737
 l 61894
 m 61406
 n 61763
 o 61694
 p 61524
 q 61669
 r 61536
 s 61640
 t 61330
 u 61416
 v 61627
 w 61372
 x 61651
 y 61387
 z 61388

Total characters:  1600000
DATA, 100000, 100, elf78, 84.981000
 a 61502
 b 61212
 c 61629
 d 61249
 e 61605
 f 61803
 g 61460
 h 61572
 i 61489
 j 61445
 k 61737
 l 61894
 m 61406
 n 61763
 o 61694
 p 61524
 q 61669
 r 61536
 s 61640
 t 61330
 u 61416
 v 61627
 w 61372
 x 61651
 y 61387
 z 61388

Total characters:  1600000
DATA, 100000, 100, elf78, 87.083000
 a 61502
 b 61212
 c 61629
 d 61249
 e 61605
 f 61803
 g 61460
 h 61572
 i 61489
 j 61445
 k 61737
 l 61894
 m 61406
 n 61763
 o 61694
 p 61524
 q 61669
 r 61536
 s 61640
 t 61330
 u 61416
 v 61627
 w 61372
 x 61651
 y 61387
 z 61388

Total characters:  1600000
DATA, 100000, 100, elf78, 88.740000
