 a 4919012
 b 4921795
 c 4926574
 d 4923347
 e 4922587
 f 4921194
 g 4921172
 h 4924136
 i 4922782
 j 4923424
 k 4924965
 l 4921798
 m 4924714
 n 4923356
 o 4924130
 p 4923067
 q 4923414
 r 4923847
 s 4922934
 t 4921513
 u 4921384
 v 4924699
 w 4926437
 x 4924902
 y 4921682
 z 4921135

Total characters:  128000000
 a 4919012
 b 4921795
 c 4926574
 d 4923347
 e 4922587
 f 4921194
 g 4921172
 h 4924136
 i 4922782
 j 4923424
 k 4924965
 l 4921798
 m 4924714
 n 4923356
 o 4924130
 p 4923067
 q 4923414
 r 4923847
 s 4922934
 t 4921513
 u 4921384
 v 4924699
 w 4926437
 x 4924902
 y 4921682
 z 4921135

Total characters:  128000000
 a 4919012
 b 4921795
 c 4926574
 d 4923347
 e 4922587
 f 4921194
 g 4921172
 h 4924136
 i 4922782
 j 4923424
 k 4924965
 l 4921798
 m 4924714
 n 4923356
 o 4924130
 p 4923067
 q 4923414
 r 4923847
 s 4922934
 t 4921513
 u 4921384
 v 4924699
 w 4926437
 x 4924902
 y 4921682
 z 4921135

Total characters:  128000000
 a 4919012
 b 4921795
 c 4926574
 d 4923347
 e 4922587
 f 4921194
 g 4921172
 h 4924136
 i 4922782
 j 4923424
 k 4924965
 l 4921798
 m 4924714
 n 4923356
 o 4924130
 p 4923067
 q 4923414
 r 4923847
 s 4922934
 t 4921513
 u 4921384
 v 4924699
 w 4926437
 x 4924902
 y 4921682
 z 4921135

Total characters:  128000000
 a 4919012
 b 4921795
 c 4926574
 d 4923347
 e 4922587
 f 4921194
 g 4921172
 h 4924136
 i 4922782
 j 4923424
 k 4924965
 l 4921798
 m 4924714
 n 4923356
 o 4924130
 p 4923067
 q 4923414
 r 4923847
 s 4922934
 t 4921513
 u 4921384
 v 4924699
 w 4926437
 x 4924902
 y 4921682
 z 4921135

Total characters:  128000000
 a 4919012
 b 4921795
 c 4926574
 d 4923347
 e 4922587
 f 4921194
 g 4921172
 h 4924136
 i 4922782
 j 4923424
 k 4924965
 l 4921798
 m 4924714
 n 4923356
 o 4924130
 p 4923067
 q 4923414
 r 4923847
 s 4922934
 t 4921513
 u 4921384
 v 4924699
 w 4926437
 x 4924902
 y 4921682
 z 4921135

Total characters:  128000000
 a 4919012
 b 4921795
 c 4926574
 d 4923347
 e 4922587
 f 4921194
 g 4921172
 h 4924136
 i 4922782
 j 4923424
 k 4924965
 l 4921798
 m 4924714
 n 4923356
 o 4924130
 p 4923067
 q 4923414
 r 4923847
 s 4922934
 t 4921513
 u 4921384
 v 4924699
 w 4926437
 x 4924902
 y 4921682
 z 4921135

Total characters:  128000000
 a 4919012
 b 4921795
 c 4926574
 d 4923347
 e 4922587
 f 4921194
 g 4921172
 h 4924136
 i 4922782
 j 4923424
 k 4924965
 l 4921798
 m 4924714
 n 4923356
 o 4924130
 p 4923067
 q 4923414
 r 4923847
 s 4922934
 t 4921513
 u 4921384
 v 4924699
 w 4926437
 x 4924902
 y 4921682
 z 4921135

Total characters:  128000000
 a 4919012
 b 4921795
 c 4926574
 d 4923347
 e 4922587
 f 4921194
 g 4921172
 h 4924136
 i 4922782
 j 4923424
 k 4924965
 l 4921798
 m 4924714
 n 4923356
 o 4924130
 p 4923067
 q 4923414
 r 4923847
 s 4922934
 t 4921513
 u 4921384
 v 4924699
 w 4926437
 x 4924902
 y 4921682
 z 4921135

Total characters:  128000000
 a 4919012
 b 4921795
 c 4926574
 d 4923347
 e 4922587
 f 4921194
 g 4921172
 h 4924136
 i 4922782
 j 4923424
 k 4924965
 l 4921798
 m 4924714
 n 4923356
 o 4924130
 p 4923067
 q 4923414
 r 4923847
 s 4922934
 t 4921513
 u 4921384
 v 4924699
 w 4926437
 x 4924902
 y 4921682
 z 4921135

Total characters:  128000000
 a 4919012
 b 4921795
 c 4926574
 d 4923347
 e 4922587
 f 4921194
 g 4921172
 h 4924136
 i 4922782
 j 4923424
 k 4924965
 l 4921798
 m 4924714
 n 4923356
 o 4924130
 p 4923067
 q 4923414
 r 4923847
 s 4922934
 t 4921513
 u 4921384
 v 4924699
 w 4926437
 x 4924902
 y 4921682
 z 4921135

Total characters:  128000000
 a 4919012
 b 4921795
 c 4926574
 d 4923347
 e 4922587
 f 4921194
 g 4921172
 h 4924136
 i 4922782
 j 4923424
 k 4924965
 l 4921798
 m 4924714
 n 4923356
 o 4924130
 p 4923067
 q 4923414
 r 4923847
 s 4922934
 t 4921513
 u 4921384
 v 4924699
 w 4926437
 x 4924902
 y 4921682
 z 4921135

Total characters:  128000000
 a 4919012
 b 4921795
 c 4926574
 d 4923347
 e 4922587
 f 4921194
 g 4921172
 h 4924136
 i 4922782
 j 4923424
 k 4924965
 l 4921798
 m 4924714
 n 4923356
 o 4924130
 p 4923067
 q 4923414
 r 4923847
 s 4922934
 t 4921513
 u 4921384
 v 4924699
 w 4926437
 x 4924902
 y 4921682
 z 4921135

Total characters:  128000000
 a 4919012
 b 4921795
 c 4926574
 d 4923347
 e 4922587
 f 4921194
 g 4921172
 h 4924136
 i 4922782
 j 4923424
 k 4924965
 l 4921798
 m 4924714
 n 4923356
 o 4924130
 p 4923067
 q 4923414
 r 4923847
 s 4922934
 t 4921513
 u 4921384
 v 4924699
 w 4926437
 x 4924902
 y 4921682
 z 4921135

Total characters:  128000000
 a 4919012
 b 4921795
 c 4926574
 d 4923347
 e 4922587
 f 4921194
 g 4921172
 h 4924136
 i 4922782
 j 4923424
 k 4924965
 l 4921798
 m 4924714
 n 4923356
 o 4924130
 p 4923067
 q 4923414
 r 4923847
 s 4922934
 t 4921513
 u 4921384
 v 4924699
 w 4926437
 x 4924902
 y 4921682
 z 4921135

Total characters:  128000000
 a 4919012
 b 4921795
 c 4926574
 d 4923347
 e 4922587
 f 4921194
 g 4921172
 h 4924136
 i 4922782
 j 4923424
 k 4924965
 l 4921798
 m 4924714
 n 4923356
 o 4924130
 p 4923067
 q 4923414
 r 4923847
 s 4922934
 t 4921513
 u 4921384
 v 4924699
 w 4926437
 x 4924902
 y 4921682
 z 4921135

Total characters:  128000000
 a 4919012
 b 4921795
 c 4926574
 d 4923347
 e 4922587
 f 4921194
 g 4921172
 h 4924136
 i 4922782
 j 4923424
 k 4924965
 l 4921798
 m 4924714
 n 4923356
 o 4924130
 p 4923067
 q 4923414
 r 4923847
 s 4922934
 t 4921513
 u 4921384
 v 4924699
 w 4926437
 x 4924902
 y 4921682
 z 4921135

Total characters:  128000000
 a 4919012
 b 4921795
 c 4926574
 d 4923347
 e 4922587
 f 4921194
 g 4921172
 h 4924136
 i 4922782
 j 4923424
 k 4924965
 l 4921798
 m 4924714
 n 4923356
 o 4924130
 p 4923067
 q 4923414
 r 4923847
 s 4922934
 t 4921513
 u 4921384
 v 4924699
 w 4926437
 x 4924902
 y 4921682
 z 4921135

Total characters:  128000000
 a 4919012
 b 4921795
 c 4926574
 d 4923347
 e 4922587
 f 4921194
 g 4921172
 h 4924136
 i 4922782
 j 4923424
 k 4924965
 l 4921798
 m 4924714
 n 4923356
 o 4924130
 p 4923067
 q 4923414
 r 4923847
 s 4922934
 t 4921513
 u 4921384
 v 4924699
 w 4926437
 x 4924902
 y 4921682
 z 4921135

Total characters:  128000000
 a 4919012
 b 4921795
 c 4926574
 d 4923347
 e 4922587
 f 4921194
 g 4921172
 h 4924136
 i 4922782
 j 4923424
 k 4924965
 l 4921798
 m 4924714
 n 4923356
 o 4924130
 p 4923067
 q 4923414
 r 4923847
 s 4922934
 t 4921513
 u 4921384
 v 4924699
 w 4926437
 x 4924902
 y 4921682
 z 4921135

Total characters:  128000000
 a 4919012
 b 4921795
 c 4926574
 d 4923347
 e 4922587
 f 4921194
 g 4921172
 h 4924136
 i 4922782
 j 4923424
 k 4924965
 l 4921798
 m 4924714
 n 4923356
 o 4924130
 p 4923067
 q 4923414
 r 4923847
 s 4922934
 t 4921513
 u 4921384
 v 4924699
 w 4926437
 x 4924902
 y 4921682
 z 4921135

Total characters:  128000000
 a 4919012
 b 4921795
 c 4926574
 d 4923347
 e 4922587
 f 4921194
 g 4921172
 h 4924136
 i 4922782
 j 4923424
 k 4924965
 l 4921798
 m 4924714
 n 4923356
 o 4924130
 p 4923067
 q 4923414
 r 4923847
 s 4922934
 t 4921513
 u 4921384
 v 4924699
 w 4926437
 x 4924902
 y 4921682
 z 4921135

Total characters:  128000000
 a 4919012
 b 4921795
 c 4926574
 d 4923347
 e 4922587
 f 4921194
 g 4921172
 h 4924136
 i 4922782
 j 4923424
 k 4924965
 l 4921798
 m 4924714
 n 4923356
 o 4924130
 p 4923067
 q 4923414
 r 4923847
 s 4922934
 t 4921513
 u 4921384
 v 4924699
 w 4926437
 x 4924902
 y 4921682
 z 4921135

Total characters:  128000000
 a 4919012
 b 4921795
 c 4926574
 d 4923347
 e 4922587
 f 4921194
 g 4921172
 h 4924136
 i 4922782
 j 4923424
 k 4924965
 l 4921798
 m 4924714
 n 4923356
 o 4924130
 p 4923067
 q 4923414
 r 4923847
 s 4922934
 t 4921513
 u 4921384
 v 4924699
 w 4926437
 x 4924902
 y 4921682
 z 4921135

Total characters:  128000000
 a 4919012
 b 4921795
 c 4926574
 d 4923347
 e 4922587
 f 4921194
 g 4921172
 h 4924136
 i 4922782
 j 4923424
 k 4924965
 l 4921798
 m 4924714
 n 4923356
 o 4924130
 p 4923067
 q 4923414
 r 4923847
 s 4922934
 t 4921513
 u 4921384
 v 4924699
 w 4926437
 x 4924902
 y 4921682
 z 4921135

Total characters:  128000000
 a 4919012
 b 4921795
 c 4926574
 d 4923347
 e 4922587
 f 4921194
 g 4921172
 h 4924136
 i 4922782
 j 4923424
 k 4924965
 l 4921798
 m 4924714
 n 4923356
 o 4924130
 p 4923067
 q 4923414
 r 4923847
 s 4922934
 t 4921513
 u 4921384
 v 4924699
 w 4926437
 x 4924902
 y 4921682
 z 4921135

Total characters:  128000000
 a 4919012
 b 4921795
 c 4926574
 d 4923347
 e 4922587
 f 4921194
 g 4921172
 h 4924136
 i 4922782
 j 4923424
 k 4924965
 l 4921798
 m 4924714
 n 4923356
 o 4924130
 p 4923067
 q 4923414
 r 4923847
 s 4922934
 t 4921513
 u 4921384
 v 4924699
 w 4926437
 x 4924902
 y 4921682
 z 4921135

Total characters:  128000000
 a 4919012
 b 4921795
 c 4926574
 d 4923347
 e 4922587
 f 4921194
 g 4921172
 h 4924136
 i 4922782
 j 4923424
 k 4924965
 l 4921798
 m 4924714
 n 4923356
 o 4924130
 p 4923067
 q 4923414
 r 4923847
 s 4922934
 t 4921513
 u 4921384
 v 4924699
 w 4926437
 x 4924902
 y 4921682
 z 4921135

Total characters:  128000000
 a 4919012
 b 4921795
 c 4926574
 d 4923347
 e 4922587
 f 4921194
 g 4921172
 h 4924136
 i 4922782
 j 4923424
 k 4924965
 l 4921798
 m 4924714
 n 4923356
 o 4924130
 p 4923067
 q 4923414
 r 4923847
 s 4922934
 t 4921513
 u 4921384
 v 4924699
 w 4926437
 x 4924902
 y 4921682
 z 4921135

Total characters:  128000000
 a 4919012
 b 4921795
 c 4926574
 d 4923347
 e 4922587
 f 4921194
 g 4921172
 h 4924136
 i 4922782
 j 4923424
 k 4924965
 l 4921798
 m 4924714
 n 4923356
 o 4924130
 p 4923067
 q 4923414
 r 4923847
 s 4922934
 t 4921513
 u 4921384
 v 4924699
 w 4926437
 x 4924902
 y 4921682
 z 4921135

Total characters:  128000000
 a 4919012
 b 4921795
 c 4926574
 d 4923347
 e 4922587
 f 4921194
 g 4921172
 h 4924136
 i 4922782
 j 4923424
 k 4924965
 l 4921798
 m 4924714
 n 4923356
 o 4924130
 p 4923067
 q 4923414
 r 4923847
 s 4922934
 t 4921513
 u 4921384
 v 4924699
 w 4926437
 x 4924902
 y 4921682
 z 4921135

Total characters:  128000000
 a 4919012
 b 4921795
 c 4926574
 d 4923347
 e 4922587
 f 4921194
 g 4921172
 h 4924136
 i 4922782
 j 4923424
 k 4924965
 l 4921798
 m 4924714
 n 4923356
 o 4924130
 p 4923067
 q 4923414
 r 4923847
 s 4922934
 t 4921513
 u 4921384
 v 4924699
 w 4926437
 x 4924902
 y 4921682
 z 4921135

Total characters:  128000000
 a 4919012
 b 4921795
 c 4926574
 d 4923347
 e 4922587
 f 4921194
 g 4921172
 h 4924136
 i 4922782
 j 4923424
 k 4924965
 l 4921798
 m 4924714
 n 4923356
 o 4924130
 p 4923067
 q 4923414
 r 4923847
 s 4922934
 t 4921513
 u 4921384
 v 4924699
 w 4926437
 x 4924902
 y 4921682
 z 4921135

Total characters:  128000000
 a 4919012
 b 4921795
 c 4926574
 d 4923347
 e 4922587
 f 4921194
 g 4921172
 h 4924136
 i 4922782
 j 4923424
 k 4924965
 l 4921798
 m 4924714
 n 4923356
 o 4924130
 p 4923067
 q 4923414
 r 4923847
 s 4922934
 t 4921513
 u 4921384
 v 4924699
 w 4926437
 x 4924902
 y 4921682
 z 4921135

Total characters:  128000000
 a 4919012
 b 4921795
 c 4926574
 d 4923347
 e 4922587
 f 4921194
 g 4921172
 h 4924136
 i 4922782
 j 4923424
 k 4924965
 l 4921798
 m 4924714
 n 4923356
 o 4924130
 p 4923067
 q 4923414
 r 4923847
 s 4922934
 t 4921513
 u 4921384
 v 4924699
 w 4926437
 x 4924902
 y 4921682
 z 4921135

Total characters:  128000000
 a 4919012
 b 4921795
 c 4926574
 d 4923347
 e 4922587
 f 4921194
 g 4921172
 h 4924136
 i 4922782
 j 4923424
 k 4924965
 l 4921798
 m 4924714
 n 4923356
 o 4924130
 p 4923067
 q 4923414
 r 4923847
 s 4922934
 t 4921513
 u 4921384
 v 4924699
 w 4926437
 x 4924902
 y 4921682
 z 4921135

Total characters:  128000000
 a 4919012
 b 4921795
 c 4926574
 d 4923347
 e 4922587
 f 4921194
 g 4921172
 h 4924136
 i 4922782
 j 4923424
 k 4924965
 l 4921798
 m 4924714
 n 4923356
 o 4924130
 p 4923067
 q 4923414
 r 4923847
 s 4922934
 t 4921513
 u 4921384
 v 4924699
 w 4926437
 x 4924902
 y 4921682
 z 4921135

Total characters:  128000000
 a 4919012
 b 4921795
 c 4926574
 d 4923347
 e 4922587
 f 4921194
 g 4921172
 h 4924136
 i 4922782
 j 4923424
 k 4924965
 l 4921798
 m 4924714
 n 4923356
 o 4924130
 p 4923067
 q 4923414
 r 4923847
 s 4922934
 t 4921513
 u 4921384
 v 4924699
 w 4926437
 x 4924902
 y 4921682
 z 4921135

Total characters:  128000000
 a 4919012
 b 4921795
 c 4926574
 d 4923347
 e 4922587
 f 4921194
 g 4921172
 h 4924136
 i 4922782
 j 4923424
 k 4924965
 l 4921798
 m 4924714
 n 4923356
 o 4924130
 p 4923067
 q 4923414
 r 4923847
 s 4922934
 t 4921513
 u 4921384
 v 4924699
 w 4926437
 x 4924902
 y 4921682
 z 4921135

Total characters:  128000000
 a 4919012
 b 4921795
 c 4926574
 d 4923347
 e 4922587
 f 4921194
 g 4921172
 h 4924136
 i 4922782
 j 4923424
 k 4924965
 l 4921798
 m 4924714
 n 4923356
 o 4924130
 p 4923067
 q 4923414
 r 4923847
 s 4922934
 t 4921513
 u 4921384
 v 4924699
 w 4926437
 x 4924902
 y 4921682
 z 4921135

Total characters:  128000000
 a 4919012
 b 4921795
 c 4926574
 d 4923347
 e 4922587
 f 4921194
 g 4921172
 h 4924136
 i 4922782
 j 4923424
 k 4924965
 l 4921798
 m 4924714
 n 4923356
 o 4924130
 p 4923067
 q 4923414
 r 4923847
 s 4922934
 t 4921513
 u 4921384
 v 4924699
 w 4926437
 x 4924902
 y 4921682
 z 4921135

Total characters:  128000000
 a 4919012
 b 4921795
 c 4926574
 d 4923347
 e 4922587
 f 4921194
 g 4921172
 h 4924136
 i 4922782
 j 4923424
 k 4924965
 l 4921798
 m 4924714
 n 4923356
 o 4924130
 p 4923067
 q 4923414
 r 4923847
 s 4922934
 t 4921513
 u 4921384
 v 4924699
 w 4926437
 x 4924902
 y 4921682
 z 4921135

Total characters:  128000000
 a 4919012
 b 4921795
 c 4926574
 d 4923347
 e 4922587
 f 4921194
 g 4921172
 h 4924136
 i 4922782
 j 4923424
 k 4924965
 l 4921798
 m 4924714
 n 4923356
 o 4924130
 p 4923067
 q 4923414
 r 4923847
 s 4922934
 t 4921513
 u 4921384
 v 4924699
 w 4926437
 x 4924902
 y 4921682
 z 4921135

Total characters:  128000000
 a 4919012
 b 4921795
 c 4926574
 d 4923347
 e 4922587
 f 4921194
 g 4921172
 h 4924136
 i 4922782
 j 4923424
 k 4924965
 l 4921798
 m 4924714
 n 4923356
 o 4924130
 p 4923067
 q 4923414
 r 4923847
 s 4922934
 t 4921513
 u 4921384
 v 4924699
 w 4926437
 x 4924902
 y 4921682
 z 4921135

Total characters:  128000000
 a 4919012
 b 4921795
 c 4926574
 d 4923347
 e 4922587
 f 4921194
 g 4921172
 h 4924136
 i 4922782
 j 4923424
 k 4924965
 l 4921798
 m 4924714
 n 4923356
 o 4924130
 p 4923067
 q 4923414
 r 4923847
 s 4922934
 t 4921513
 u 4921384
 v 4924699
 w 4926437
 x 4924902
 y 4921682
 z 4921135

Total characters:  128000000
 a 4919012
 b 4921795
 c 4926574
 d 4923347
 e 4922587
 f 4921194
 g 4921172
 h 4924136
 i 4922782
 j 4923424
 k 4924965
 l 4921798
 m 4924714
 n 4923356
 o 4924130
 p 4923067
 q 4923414
 r 4923847
 s 4922934
 t 4921513
 u 4921384
 v 4924699
 w 4926437
 x 4924902
 y 4921682
 z 4921135

Total characters:  128000000
 a 4919012
 b 4921795
 c 4926574
 d 4923347
 e 4922587
 f 4921194
 g 4921172
 h 4924136
 i 4922782
 j 4923424
 k 4924965
 l 4921798
 m 4924714
 n 4923356
 o 4924130
 p 4923067
 q 4923414
 r 4923847
 s 4922934
 t 4921513
 u 4921384
 v 4924699
 w 4926437
 x 4924902
 y 4921682
 z 4921135

Total characters:  128000000
 a 4919012
 b 4921795
 c 4926574
 d 4923347
 e 4922587
 f 4921194
 g 4921172
 h 4924136
 i 4922782
 j 4923424
 k 4924965
 l 4921798
 m 4924714
 n 4923356
 o 4924130
 p 4923067
 q 4923414
 r 4923847
 s 4922934
 t 4921513
 u 4921384
 v 4924699
 w 4926437
 x 4924902
 y 4921682
 z 4921135

Total characters:  128000000
 a 4919012
 b 4921795
 c 4926574
 d 4923347
 e 4922587
 f 4921194
 g 4921172
 h 4924136
 i 4922782
 j 4923424
 k 4924965
 l 4921798
 m 4924714
 n 4923356
 o 4924130
 p 4923067
 q 4923414
 r 4923847
 s 4922934
 t 4921513
 u 4921384
 v 4924699
 w 4926437
 x 4924902
 y 4921682
 z 4921135

Total characters:  128000000
 a 4919012
 b 4921795
 c 4926574
 d 4923347
 e 4922587
 f 4921194
 g 4921172
 h 4924136
 i 4922782
 j 4923424
 k 4924965
 l 4921798
 m 4924714
 n 4923356
 o 4924130
 p 4923067
 q 4923414
 r 4923847
 s 4922934
 t 4921513
 u 4921384
 v 4924699
 w 4926437
 x 4924902
 y 4921682
 z 4921135

Total characters:  128000000
 a 4919012
 b 4921795
 c 4926574
 d 4923347
 e 4922587
 f 4921194
 g 4921172
 h 4924136
 i 4922782
 j 4923424
 k 4924965
 l 4921798
 m 4924714
 n 4923356
 o 4924130
 p 4923067
 q 4923414
 r 4923847
 s 4922934
 t 4921513
 u 4921384
 v 4924699
 w 4926437
 x 4924902
 y 4921682
 z 4921135

Total characters:  128000000
 a 4919012
 b 4921795
 c 4926574
 d 4923347
 e 4922587
 f 4921194
 g 4921172
 h 4924136
 i 4922782
 j 4923424
 k 4924965
 l 4921798
 m 4924714
 n 4923356
 o 4924130
 p 4923067
 q 4923414
 r 4923847
 s 4922934
 t 4921513
 u 4921384
 v 4924699
 w 4926437
 x 4924902
 y 4921682
 z 4921135

Total characters:  128000000
 a 4919012
 b 4921795
 c 4926574
 d 4923347
 e 4922587
 f 4921194
 g 4921172
 h 4924136
 i 4922782
 j 4923424
 k 4924965
 l 4921798
 m 4924714
 n 4923356
 o 4924130
 p 4923067
 q 4923414
 r 4923847
 s 4922934
 t 4921513
 u 4921384
 v 4924699
 w 4926437
 x 4924902
 y 4921682
 z 4921135

Total characters:  128000000
 a 4919012
 b 4921795
 c 4926574
 d 4923347
 e 4922587
 f 4921194
 g 4921172
 h 4924136
 i 4922782
 j 4923424
 k 4924965
 l 4921798
 m 4924714
 n 4923356
 o 4924130
 p 4923067
 q 4923414
 r 4923847
 s 4922934
 t 4921513
 u 4921384
 v 4924699
 w 4926437
 x 4924902
 y 4921682
 z 4921135

Total characters:  128000000
 a 4919012
 b 4921795
 c 4926574
 d 4923347
 e 4922587
 f 4921194
 g 4921172
 h 4924136
 i 4922782
 j 4923424
 k 4924965
 l 4921798
 m 4924714
 n 4923356
 o 4924130
 p 4923067
 q 4923414
 r 4923847
 s 4922934
 t 4921513
 u 4921384
 v 4924699
 w 4926437
 x 4924902
 y 4921682
 z 4921135

Total characters:  128000000
 a 4919012
 b 4921795
 c 4926574
 d 4923347
 e 4922587
 f 4921194
 g 4921172
 h 4924136
 i 4922782
 j 4923424
 k 4924965
 l 4921798
 m 4924714
 n 4923356
 o 4924130
 p 4923067
 q 4923414
 r 4923847
 s 4922934
 t 4921513
 u 4921384
 v 4924699
 w 4926437
 x 4924902
 y 4921682
 z 4921135

Total characters:  128000000
 a 4919012
 b 4921795
 c 4926574
 d 4923347
 e 4922587
 f 4921194
 g 4921172
 h 4924136
 i 4922782
 j 4923424
 k 4924965
 l 4921798
 m 4924714
 n 4923356
 o 4924130
 p 4923067
 q 4923414
 r 4923847
 s 4922934
 t 4921513
 u 4921384
 v 4924699
 w 4926437
 x 4924902
 y 4921682
 z 4921135

Total characters:  128000000
 a 4919012
 b 4921795
 c 4926574
 d 4923347
 e 4922587
 f 4921194
 g 4921172
 h 4924136
 i 4922782
 j 4923424
 k 4924965
 l 4921798
 m 4924714
 n 4923356
 o 4924130
 p 4923067
 q 4923414
 r 4923847
 s 4922934
 t 4921513
 u 4921384
 v 4924699
 w 4926437
 x 4924902
 y 4921682
 z 4921135

Total characters:  128000000
 a 4919012
 b 4921795
 c 4926574
 d 4923347
 e 4922587
 f 4921194
 g 4921172
 h 4924136
 i 4922782
 j 4923424
 k 4924965
 l 4921798
 m 4924714
 n 4923356
 o 4924130
 p 4923067
 q 4923414
 r 4923847
 s 4922934
 t 4921513
 u 4921384
 v 4924699
 w 4926437
 x 4924902
 y 4921682
 z 4921135

Total characters:  128000000
 a 4919012
 b 4921795
 c 4926574
 d 4923347
 e 4922587
 f 4921194
 g 4921172
 h 4924136
 i 4922782
 j 4923424
 k 4924965
 l 4921798
 m 4924714
 n 4923356
 o 4924130
 p 4923067
 q 4923414
 r 4923847
 s 4922934
 t 4921513
 u 4921384
 v 4924699
 w 4926437
 x 4924902
 y 4921682
 z 4921135

Total characters:  128000000
 a 4919012
 b 4921795
 c 4926574
 d 4923347
 e 4922587
 f 4921194
 g 4921172
 h 4924136
 i 4922782
 j 4923424
 k 4924965
 l 4921798
 m 4924714
 n 4923356
 o 4924130
 p 4923067
 q 4923414
 r 4923847
 s 4922934
 t 4921513
 u 4921384
 v 4924699
 w 4926437
 x 4924902
 y 4921682
 z 4921135

Total characters:  128000000
 a 4919012
 b 4921795
 c 4926574
 d 4923347
 e 4922587
 f 4921194
 g 4921172
 h 4924136
 i 4922782
 j 4923424
 k 4924965
 l 4921798
 m 4924714
 n 4923356
 o 4924130
 p 4923067
 q 4923414
 r 4923847
 s 4922934
 t 4921513
 u 4921384
 v 4924699
 w 4926437
 x 4924902
 y 4921682
 z 4921135

Total characters:  128000000
 a 4919012
 b 4921795
 c 4926574
 d 4923347
 e 4922587
 f 4921194
 g 4921172
 h 4924136
 i 4922782
 j 4923424
 k 4924965
 l 4921798
 m 4924714
 n 4923356
 o 4924130
 p 4923067
 q 4923414
 r 4923847
 s 4922934
 t 4921513
 u 4921384
 v 4924699
 w 4926437
 x 4924902
 y 4921682
 z 4921135

Total characters:  128000000
 a 4919012
 b 4921795
 c 4926574
 d 4923347
 e 4922587
 f 4921194
 g 4921172
 h 4924136
 i 4922782
 j 4923424
 k 4924965
 l 4921798
 m 4924714
 n 4923356
 o 4924130
 p 4923067
 q 4923414
 r 4923847
 s 4922934
 t 4921513
 u 4921384
 v 4924699
 w 4926437
 x 4924902
 y 4921682
 z 4921135

Total characters:  128000000
 a 4919012
 b 4921795
 c 4926574
 d 4923347
 e 4922587
 f 4921194
 g 4921172
 h 4924136
 i 4922782
 j 4923424
 k 4924965
 l 4921798
 m 4924714
 n 4923356
 o 4924130
 p 4923067
 q 4923414
 r 4923847
 s 4922934
 t 4921513
 u 4921384
 v 4924699
 w 4926437
 x 4924902
 y 4921682
 z 4921135

Total characters:  128000000
 a 4919012
 b 4921795
 c 4926574
 d 4923347
 e 4922587
 f 4921194
 g 4921172
 h 4924136
 i 4922782
 j 4923424
 k 4924965
 l 4921798
 m 4924714
 n 4923356
 o 4924130
 p 4923067
 q 4923414
 r 4923847
 s 4922934
 t 4921513
 u 4921384
 v 4924699
 w 4926437
 x 4924902
 y 4921682
 z 4921135

Total characters:  128000000
 a 4919012
 b 4921795
 c 4926574
 d 4923347
 e 4922587
 f 4921194
 g 4921172
 h 4924136
 i 4922782
 j 4923424
 k 4924965
 l 4921798
 m 4924714
 n 4923356
 o 4924130
 p 4923067
 q 4923414
 r 4923847
 s 4922934
 t 4921513
 u 4921384
 v 4924699
 w 4926437
 x 4924902
 y 4921682
 z 4921135

Total characters:  128000000
 a 4919012
 b 4921795
 c 4926574
 d 4923347
 e 4922587
 f 4921194
 g 4921172
 h 4924136
 i 4922782
 j 4923424
 k 4924965
 l 4921798
 m 4924714
 n 4923356
 o 4924130
 p 4923067
 q 4923414
 r 4923847
 s 4922934
 t 4921513
 u 4921384
 v 4924699
 w 4926437
 x 4924902
 y 4921682
 z 4921135

Total characters:  128000000
 a 4919012
 b 4921795
 c 4926574
 d 4923347
 e 4922587
 f 4921194
 g 4921172
 h 4924136
 i 4922782
 j 4923424
 k 4924965
 l 4921798
 m 4924714
 n 4923356
 o 4924130
 p 4923067
 q 4923414
 r 4923847
 s 4922934
 t 4921513
 u 4921384
 v 4924699
 w 4926437
 x 4924902
 y 4921682
 z 4921135

Total characters:  128000000
 a 4919012
 b 4921795
 c 4926574
 d 4923347
 e 4922587
 f 4921194
 g 4921172
 h 4924136
 i 4922782
 j 4923424
 k 4924965
 l 4921798
 m 4924714
 n 4923356
 o 4924130
 p 4923067
 q 4923414
 r 4923847
 s 4922934
 t 4921513
 u 4921384
 v 4924699
 w 4926437
 x 4924902
 y 4921682
 z 4921135

Total characters:  128000000
 a 4919012
 b 4921795
 c 4926574
 d 4923347
 e 4922587
 f 4921194
 g 4921172
 h 4924136
 i 4922782
 j 4923424
 k 4924965
 l 4921798
 m 4924714
 n 4923356
 o 4924130
 p 4923067
 q 4923414
 r 4923847
 s 4922934
 t 4921513
 u 4921384
 v 4924699
 w 4926437
 x 4924902
 y 4921682
 z 4921135

Total characters:  128000000
 a 4919012
 b 4921795
 c 4926574
 d 4923347
 e 4922587
 f 4921194
 g 4921172
 h 4924136
 i 4922782
 j 4923424
 k 4924965
 l 4921798
 m 4924714
 n 4923356
 o 4924130
 p 4923067
 q 4923414
 r 4923847
 s 4922934
 t 4921513
 u 4921384
 v 4924699
 w 4926437
 x 4924902
 y 4921682
 z 4921135

Total characters:  128000000
 a 4919012
 b 4921795
 c 4926574
 d 4923347
 e 4922587
 f 4921194
 g 4921172
 h 4924136
 i 4922782
 j 4923424
 k 4924965
 l 4921798
 m 4924714
 n 4923356
 o 4924130
 p 4923067
 q 4923414
 r 4923847
 s 4922934
 t 4921513
 u 4921384
 v 4924699
 w 4926437
 x 4924902
 y 4921682
 z 4921135

Total characters:  128000000
 a 4919012
 b 4921795
 c 4926574
 d 4923347
 e 4922587
 f 4921194
 g 4921172
 h 4924136
 i 4922782
 j 4923424
 k 4924965
 l 4921798
 m 4924714
 n 4923356
 o 4924130
 p 4923067
 q 4923414
 r 4923847
 s 4922934
 t 4921513
 u 4921384
 v 4924699
 w 4926437
 x 4924902
 y 4921682
 z 4921135

Total characters:  128000000
 a 4919012
 b 4921795
 c 4926574
 d 4923347
 e 4922587
 f 4921194
 g 4921172
 h 4924136
 i 4922782
 j 4923424
 k 4924965
 l 4921798
 m 4924714
 n 4923356
 o 4924130
 p 4923067
 q 4923414
 r 4923847
 s 4922934
 t 4921513
 u 4921384
 v 4924699
 w 4926437
 x 4924902
 y 4921682
 z 4921135

Total characters:  128000000
 a 4919012
 b 4921795
 c 4926574
 d 4923347
 e 4922587
 f 4921194
 g 4921172
 h 4924136
 i 4922782
 j 4923424
 k 4924965
 l 4921798
 m 4924714
 n 4923356
 o 4924130
 p 4923067
 q 4923414
 r 4923847
 s 4922934
 t 4921513
 u 4921384
 v 4924699
 w 4926437
 x 4924902
 y 4921682
 z 4921135

Total characters:  128000000
 a 4919012
 b 4921795
 c 4926574
 d 4923347
 e 4922587
 f 4921194
 g 4921172
 h 4924136
 i 4922782
 j 4923424
 k 4924965
 l 4921798
 m 4924714
 n 4923356
 o 4924130
 p 4923067
 q 4923414
 r 4923847
 s 4922934
 t 4921513
 u 4921384
 v 4924699
 w 4926437
 x 4924902
 y 4921682
 z 4921135

Total characters:  128000000
 a 4919012
 b 4921795
 c 4926574
 d 4923347
 e 4922587
 f 4921194
 g 4921172
 h 4924136
 i 4922782
 j 4923424
 k 4924965
 l 4921798
 m 4924714
 n 4923356
 o 4924130
 p 4923067
 q 4923414
 r 4923847
 s 4922934
 t 4921513
 u 4921384
 v 4924699
 w 4926437
 x 4924902
 y 4921682
 z 4921135

Total characters:  128000000
 a 4919012
 b 4921795
 c 4926574
 d 4923347
 e 4922587
 f 4921194
 g 4921172
 h 4924136
 i 4922782
 j 4923424
 k 4924965
 l 4921798
 m 4924714
 n 4923356
 o 4924130
 p 4923067
 q 4923414
 r 4923847
 s 4922934
 t 4921513
 u 4921384
 v 4924699
 w 4926437
 x 4924902
 y 4921682
 z 4921135

Total characters:  128000000
 a 4919012
 b 4921795
 c 4926574
 d 4923347
 e 4922587
 f 4921194
 g 4921172
 h 4924136
 i 4922782
 j 4923424
 k 4924965
 l 4921798
 m 4924714
 n 4923356
 o 4924130
 p 4923067
 q 4923414
 r 4923847
 s 4922934
 t 4921513
 u 4921384
 v 4924699
 w 4926437
 x 4924902
 y 4921682
 z 4921135

Total characters:  128000000
 a 4919012
 b 4921795
 c 4926574
 d 4923347
 e 4922587
 f 4921194
 g 4921172
 h 4924136
 i 4922782
 j 4923424
 k 4924965
 l 4921798
 m 4924714
 n 4923356
 o 4924130
 p 4923067
 q 4923414
 r 4923847
 s 4922934
 t 4921513
 u 4921384
 v 4924699
 w 4926437
 x 4924902
 y 4921682
 z 4921135

Total characters:  128000000
 a 4919012
 b 4921795
 c 4926574
 d 4923347
 e 4922587
 f 4921194
 g 4921172
 h 4924136
 i 4922782
 j 4923424
 k 4924965
 l 4921798
 m 4924714
 n 4923356
 o 4924130
 p 4923067
 q 4923414
 r 4923847
 s 4922934
 t 4921513
 u 4921384
 v 4924699
 w 4926437
 x 4924902
 y 4921682
 z 4921135

Total characters:  128000000
 a 4919012
 b 4921795
 c 4926574
 d 4923347
 e 4922587
 f 4921194
 g 4921172
 h 4924136
 i 4922782
 j 4923424
 k 4924965
 l 4921798
 m 4924714
 n 4923356
 o 4924130
 p 4923067
 q 4923414
 r 4923847
 s 4922934
 t 4921513
 u 4921384
 v 4924699
 w 4926437
 x 4924902
 y 4921682
 z 4921135

Total characters:  128000000
 a 4919012
 b 4921795
 c 4926574
 d 4923347
 e 4922587
 f 4921194
 g 4921172
 h 4924136
 i 4922782
 j 4923424
 k 4924965
 l 4921798
 m 4924714
 n 4923356
 o 4924130
 p 4923067
 q 4923414
 r 4923847
 s 4922934
 t 4921513
 u 4921384
 v 4924699
 w 4926437
 x 4924902
 y 4921682
 z 4921135

Total characters:  128000000
 a 4919012
 b 4921795
 c 4926574
 d 4923347
 e 4922587
 f 4921194
 g 4921172
 h 4924136
 i 4922782
 j 4923424
 k 4924965
 l 4921798
 m 4924714
 n 4923356
 o 4924130
 p 4923067
 q 4923414
 r 4923847
 s 4922934
 t 4921513
 u 4921384
 v 4924699
 w 4926437
 x 4924902
 y 4921682
 z 4921135

Total characters:  128000000
 a 4919012
 b 4921795
 c 4926574
 d 4923347
 e 4922587
 f 4921194
 g 4921172
 h 4924136
 i 4922782
 j 4923424
 k 4924965
 l 4921798
 m 4924714
 n 4923356
 o 4924130
 p 4923067
 q 4923414
 r 4923847
 s 4922934
 t 4921513
 u 4921384
 v 4924699
 w 4926437
 x 4924902
 y 4921682
 z 4921135

Total characters:  128000000
 a 4919012
 b 4921795
 c 4926574
 d 4923347
 e 4922587
 f 4921194
 g 4921172
 h 4924136
 i 4922782
 j 4923424
 k 4924965
 l 4921798
 m 4924714
 n 4923356
 o 4924130
 p 4923067
 q 4923414
 r 4923847
 s 4922934
 t 4921513
 u 4921384
 v 4924699
 w 4926437
 x 4924902
 y 4921682
 z 4921135

Total characters:  128000000
 a 4919012
 b 4921795
 c 4926574
 d 4923347
 e 4922587
 f 4921194
 g 4921172
 h 4924136
 i 4922782
 j 4923424
 k 4924965
 l 4921798
 m 4924714
 n 4923356
 o 4924130
 p 4923067
 q 4923414
 r 4923847
 s 4922934
 t 4921513
 u 4921384
 v 4924699
 w 4926437
 x 4924902
 y 4921682
 z 4921135

Total characters:  128000000
 a 4919012
 b 4921795
 c 4926574
 d 4923347
 e 4922587
 f 4921194
 g 4921172
 h 4924136
 i 4922782
 j 4923424
 k 4924965
 l 4921798
 m 4924714
 n 4923356
 o 4924130
 p 4923067
 q 4923414
 r 4923847
 s 4922934
 t 4921513
 u 4921384
 v 4924699
 w 4926437
 x 4924902
 y 4921682
 z 4921135

Total characters:  128000000
 a 4919012
 b 4921795
 c 4926574
 d 4923347
 e 4922587
 f 4921194
 g 4921172
 h 4924136
 i 4922782
 j 4923424
 k 4924965
 l 4921798
 m 4924714
 n 4923356
 o 4924130
 p 4923067
 q 4923414
 r 4923847
 s 4922934
 t 4921513
 u 4921384
 v 4924699
 w 4926437
 x 4924902
 y 4921682
 z 4921135

Total characters:  128000000
 a 4919012
 b 4921795
 c 4926574
 d 4923347
 e 4922587
 f 4921194
 g 4921172
 h 4924136
 i 4922782
 j 4923424
 k 4924965
 l 4921798
 m 4924714
 n 4923356
 o 4924130
 p 4923067
 q 4923414
 r 4923847
 s 4922934
 t 4921513
 u 4921384
 v 4924699
 w 4926437
 x 4924902
 y 4921682
 z 4921135

Total characters:  128000000
 a 4919012
 b 4921795
 c 4926574
 d 4923347
 e 4922587
 f 4921194
 g 4921172
 h 4924136
 i 4922782
 j 4923424
 k 4924965
 l 4921798
 m 4924714
 n 4923356
 o 4924130
 p 4923067
 q 4923414
 r 4923847
 s 4922934
 t 4921513
 u 4921384
 v 4924699
 w 4926437
 x 4924902
 y 4921682
 z 4921135

Total characters:  128000000
 a 4919012
 b 4921795
 c 4926574
 d 4923347
 e 4922587
 f 4921194
 g 4921172
 h 4924136
 i 4922782
 j 4923424
 k 4924965
 l 4921798
 m 4924714
 n 4923356
 o 4924130
 p 4923067
 q 4923414
 r 4923847
 s 4922934
 t 4921513
 u 4921384
 v 4924699
 w 4926437
 x 4924902
 y 4921682
 z 4921135

Total characters:  128000000
 a 4919012
 b 4921795
 c 4926574
 d 4923347
 e 4922587
 f 4921194
 g 4921172
 h 4924136
 i 4922782
 j 4923424
 k 4924965
 l 4921798
 m 4924714
 n 4923356
 o 4924130
 p 4923067
 q 4923414
 r 4923847
 s 4922934
 t 4921513
 u 4921384
 v 4924699
 w 4926437
 x 4924902
 y 4921682
 z 4921135

Total characters:  128000000
 a 4919012
 b 4921795
 c 4926574
 d 4923347
 e 4922587
 f 4921194
 g 4921172
 h 4924136
 i 4922782
 j 4923424
 k 4924965
 l 4921798
 m 4924714
 n 4923356
 o 4924130
 p 4923067
 q 4923414
 r 4923847
 s 4922934
 t 4921513
 u 4921384
 v 4924699
 w 4926437
 x 4924902
 y 4921682
 z 4921135

Total characters:  128000000
 a 4919012
 b 4921795
 c 4926574
 d 4923347
 e 4922587
 f 4921194
 g 4921172
 h 4924136
 i 4922782
 j 4923424
 k 4924965
 l 4921798
 m 4924714
 n 4923356
 o 4924130
 p 4923067
 q 4923414
 r 4923847
 s 4922934
 t 4921513
 u 4921384
 v 4924699
 w 4926437
 x 4924902
 y 4921682
 z 4921135

Total characters:  128000000
srun: error: elf85: tasks 80-81,83-99: Exited with exit code 30
srun: error: elf83: tasks 40-59: Exited with exit code 30
srun: error: elf81: tasks 20-22,24-30,32-34,36,38-39: Exited with exit code 30
srun: error: elf84: tasks 60-79: Exited with exit code 30
srun: error: elf80: tasks 0-19: Exited with exit code 30
 a 4919012
 b 4921795
 c 4926574
 d 4923347
 e 4922587
 f 4921194
 g 4921172
 h 4924136
 i 4922782
 j 4923424
 k 4924965
 l 4921798
 m 4924714
 n 4923356
 o 4924130
 p 4923067
 q 4923414
 r 4923847
 s 4922934
 t 4921513
 u 4921384
 v 4924699
 w 4926437
 x 4924902
 y 4921682
 z 4921135

Total characters:  128000000
 a 4919012
 b 4921795
 c 4926574
 d 4923347
 e 4922587
 f 4921194
 g 4921172
 h 4924136
 i 4922782
 j 4923424
 k 4924965
 l 4921798
 m 4924714
 n 4923356
 o 4924130
 p 4923067
 q 4923414
 r 4923847
 s 4922934
 t 4921513
 u 4921384
 v 4924699
 w 4926437
 x 4924902
 y 4921682
 z 4921135

Total characters:  128000000
srun: error: elf81: tasks 23,31,37: Exited with exit code 30
 a 4919012
 b 4921795
 c 4926574
 d 4923347
 e 4922587
 f 4921194
 g 4921172
 h 4924136
 i 4922782
 j 4923424
 k 4924965
 l 4921798
 m 4924714
 n 4923356
 o 4924130
 p 4923067
 q 4923414
 r 4923847
 s 4922934
 t 4921513
 u 4921384
 v 4924699
 w 4926437
 x 4924902
 y 4921682
 z 4921135

Total characters:  128000000
 a 4919012
 b 4921795
 c 4926574
 d 4923347
 e 4922587
 f 4921194
 g 4921172
 h 4924136
 i 4922782
 j 4923424
 k 4924965
 l 4921798
 m 4924714
 n 4923356
 o 4924130
 p 4923067
 q 4923414
 r 4923847
 s 4922934
 t 4921513
 u 4921384
 v 4924699
 w 4926437
 x 4924902
 y 4921682
 z 4921135

Total characters:  128000000
srun: error: elf85: task 82: Exited with exit code 30
srun: error: elf81: task 35: Exited with exit code 30
 a 61502
 b 61212
 c 61629
 d 61249
 e 61605
 f 61803
 g 61460
 h 61572
 i 61489
 j 61445
 k 61737
 l 61894
 m 61406
 n 61763
 o 61694
 p 61524
 q 61669
 r 61536
 s 61640
 t 61330
 u 61416
 v 61627
 w 61372
 x 61651
 y 61387
 z 61388

Total characters:  1600000
DATA, 100000, 100, elf80, 35.480000
 a 61502
 b 61212
 c 61629
 d 61249
 e 61605
 f 61803
 g 61460
 h 61572
 i 61489
 j 61445
 k 61737
 l 61894
 m 61406
 n 61763
 o 61694
 p 61524
 q 61669
 r 61536
 s 61640
 t 61330
 u 61416
 v 61627
 w 61372
 x 61651
 y 61387
 z 61388

Total characters:  1600000
DATA, 100000, 100, elf84, 35.944000
 a 61502
 b 61212
 c 61629
 d 61249
 e 61605
 f 61803
 g 61460
 h 61572
 i 61489
 j 61445
 k 61737
 l 61894
 m 61406
 n 61763
 o 61694
 p 61524
 q 61669
 r 61536
 s 61640
 t 61330
 u 61416
 v 61627
 w 61372
 x 61651
 y 61387
 z 61388

Total characters:  1600000
DATA, 100000, 100, elf81, 36.022000
 a 61502
 b 61212
 c 61629
 d 61249
 e 61605
 f 61803
 g 61460
 h 61572
 i 61489
 j 61445
 k 61737
 l 61894
 m 61406
 n 61763
 o 61694
 p 61524
 q 61669
 r 61536
 s 61640
 t 61330
 u 61416
 v 61627
 w 61372
 x 61651
 y 61387
 z 61388

Total characters:  1600000
DATA, 100000, 100, elf85, 35.907000
 a 61502
 b 61212
 c 61629
 d 61249
 e 61605
 f 61803
 g 61460
 h 61572
 i 61489
 j 61445
 k 61737
 l 61894
 m 61406
 n 61763
 o 61694
 p 61524
 q 61669
 r 61536
 s 61640
 t 61330
 u 61416
 v 61627
 w 61372
 x 61651
 y 61387
 z 61388

Total characters:  1600000
DATA, 100000, 100, elf83, 36.002000
 a 61502
 b 61212
 c 61629
 d 61249
 e 61605
 f 61803
 g 61460
 h 61572
 i 61489
 j 61445
 k 61737
 l 61894
 m 61406
 n 61763
 o 61694
 p 61524
 q 61669
 r 61536
 s 61640
 t 61330
 u 61416
 v 61627
 w 61372
 x 61651
 y 61387
 z 61388

Total characters:  1600000
DATA, 100000, 100, elf80, 35.624000
 a 61502
 b 61212
 c 61629
 d 61249
 e 61605
 f 61803
 g 61460
 h 61572
 i 61489
 j 61445
 k 61737
 l 61894
 m 61406
 n 61763
 o 61694
 p 61524
 q 61669
 r 61536
 s 61640
 t 61330
 u 61416
 v 61627
 w 61372
 x 61651
 y 61387
 z 61388

Total characters:  1600000
DATA, 100000, 100, elf80, 35.414000
 a 61502
 b 61212
 c 61629
 d 61249
 e 61605
 f 61803
 g 61460
 h 61572
 i 61489
 j 61445
 k 61737
 l 61894
 m 61406
 n 61763
 o 61694
 p 61524
 q 61669
 r 61536
 s 61640
 t 61330
 u 61416
 v 61627
 w 61372
 x 61651
 y 61387
 z 61388

Total characters:  1600000
DATA, 100000, 100, elf84, 35.505000
 a 61502
 b 61212
 c 61629
 d 61249
 e 61605
 f 61803
 g 61460
 h 61572
 i 61489
 j 61445
 k 61737
 l 61894
 m 61406
 n 61763
 o 61694
 p 61524
 q 61669
 r 61536
 s 61640
 t 61330
 u 61416
 v 61627
 w 61372
 x 61651
 y 61387
 z 61388

Total characters:  1600000
DATA, 100000, 100, elf80, 35.831000
 a 61502
 b 61212
 c 61629
 d 61249
 e 61605
 f 61803
 g 61460
 h 61572
 i 61489
 j 61445
 k 61737
 l 61894
 m 61406
 n 61763
 o 61694
 p 61524
 q 61669
 r 61536
 s 61640
 t 61330
 u 61416
 v 61627
 w 61372
 x 61651
 y 61387
 z 61388

Total characters:  1600000
DATA, 100000, 100, elf84, 36.169000
 a 61502
 b 61212
 c 61629
 d 61249
 e 61605
 f 61803
 g 61460
 h 61572
 i 61489
 j 61445
 k 61737
 l 61894
 m 61406
 n 61763
 o 61694
 p 61524
 q 61669
 r 61536
 s 61640
 t 61330
 u 61416
 v 61627
 w 61372
 x 61651
 y 61387
 z 61388

Total characters:  1600000
DATA, 100000, 100, elf80, 35.816000
 a 61502
 b 61212
 c 61629
 d 61249
 e 61605
 f 61803
 g 61460
 h 61572
 i 61489
 j 61445
 k 61737
 l 61894
 m 61406
 n 61763
 o 61694
 p 61524
 q 61669
 r 61536
 s 61640
 t 61330
 u 61416
 v 61627
 w 61372
 x 61651
 y 61387
 z 61388

Total characters:  1600000
DATA, 100000, 100, elf84, 35.880000
 a 61502
 b 61212
 c 61629
 d 61249
 e 61605
 f 61803
 g 61460
 h 61572
 i 61489
 j 61445
 k 61737
 l 61894
 m 61406
 n 61763
 o 61694
 p 61524
 q 61669
 r 61536
 s 61640
 t 61330
 u 61416
 v 61627
 w 61372
 x 61651
 y 61387
 z 61388

Total characters:  1600000
DATA, 100000, 100, elf80, 35.767000
 a 61502
 b 61212
 c 61629
 d 61249
 e 61605
 f 61803
 g 61460
 h 61572
 i 61489
 j 61445
 k 61737
 l 61894
 m 61406
 n 61763
 o 61694
 p 61524
 q 61669
 r 61536
 s 61640
 t 61330
 u 61416
 v 61627
 w 61372
 x 61651
 y 61387
 z 61388

Total characters:  1600000
DATA, 100000, 100, elf84, 35.905000
 a 61502
 b 61212
 c 61629
 d 61249
 e 61605
 f 61803
 g 61460
 h 61572
 i 61489
 j 61445
 k 61737
 l 61894
 m 61406
 n 61763
 o 61694
 p 61524
 q 61669
 r 61536
 s 61640
 t 61330
 u 61416
 v 61627
 w 61372
 x 61651
 y 61387
 z 61388

Total characters:  1600000
DATA, 100000, 100, elf80, 39.309000
 a 61502
 b 61212
 c 61629
 d 61249
 e 61605
 f 61803
 g 61460
 h 61572
 i 61489
 j 61445
 k 61737
 l 61894
 m 61406
 n 61763
 o 61694
 p 61524
 q 61669
 r 61536
 s 61640
 t 61330
 u 61416
 v 61627
 w 61372
 x 61651
 y 61387
 z 61388

Total characters:  1600000
DATA, 100000, 100, elf84, 36.152000
 a 61502
 b 61212
 c 61629
 d 61249
 e 61605
 f 61803
 g 61460
 h 61572
 i 61489
 j 61445
 k 61737
 l 61894
 m 61406
 n 61763
 o 61694
 p 61524
 q 61669
 r 61536
 s 61640
 t 61330
 u 61416
 v 61627
 w 61372
 x 61651
 y 61387
 z 61388

Total characters:  1600000
DATA, 100000, 100, elf80, 35.996000
 a 61502
 b 61212
 c 61629
 d 61249
 e 61605
 f 61803
 g 61460
 h 61572
 i 61489
 j 61445
 k 61737
 l 61894
 m 61406
 n 61763
 o 61694
 p 61524
 q 61669
 r 61536
 s 61640
 t 61330
 u 61416
 v 61627
 w 61372
 x 61651
 y 61387
 z 61388

Total characters:  1600000
DATA, 100000, 100, elf84, 38.112000
 a 61502
 b 61212
 c 61629
 d 61249
 e 61605
 f 61803
 g 61460
 h 61572
 i 61489
 j 61445
 k 61737
 l 61894
 m 61406
 n 61763
 o 61694
 p 61524
 q 61669
 r 61536
 s 61640
 t 61330
 u 61416
 v 61627
 w 61372
 x 61651
 y 61387
 z 61388

Total characters:  1600000
DATA, 100000, 100, elf80, 35.722000
 a 61502
 b 61212
 c 61629
 d 61249
 e 61605
 f 61803
 g 61460
 h 61572
 i 61489
 j 61445
 k 61737
 l 61894
 m 61406
 n 61763
 o 61694
 p 61524
 q 61669
 r 61536
 s 61640
 t 61330
 u 61416
 v 61627
 w 61372
 x 61651
 y 61387
 z 61388

Total characters:  1600000
DATA, 100000, 100, elf84, 35.797000
 a 61502
 b 61212
 c 61629
 d 61249
 e 61605
 f 61803
 g 61460
 h 61572
 i 61489
 j 61445
 k 61737
 l 61894
 m 61406
 n 61763
 o 61694
 p 61524
 q 61669
 r 61536
 s 61640
 t 61330
 u 61416
 v 61627
 w 61372
 x 61651
 y 61387
 z 61388

Total characters:  1600000
DATA, 100000, 100, elf80, 35.753000
 a 61502
 b 61212
 c 61629
 d 61249
 e 61605
 f 61803
 g 61460
 h 61572
 i 61489
 j 61445
 k 61737
 l 61894
 m 61406
 n 61763
 o 61694
 p 61524
 q 61669
 r 61536
 s 61640
 t 61330
 u 61416
 v 61627
 w 61372
 x 61651
 y 61387
 z 61388

Total characters:  1600000
DATA, 100000, 100, elf84, 35.796000
 a 61502
 b 61212
 c 61629
 d 61249
 e 61605
 f 61803
 g 61460
 h 61572
 i 61489
 j 61445
 k 61737
 l 61894
 m 61406
 n 61763
 o 61694
 p 61524
 q 61669
 r 61536
 s 61640
 t 61330
 u 61416
 v 61627
 w 61372
 x 61651
 y 61387
 z 61388

Total characters:  1600000
DATA, 100000, 100, elf80, 35.719000
 a 61502
 b 61212
 c 61629
 d 61249
 e 61605
 f 61803
 g 61460
 h 61572
 i 61489
 j 61445
 k 61737
 l 61894
 m 61406
 n 61763
 o 61694
 p 61524
 q 61669
 r 61536
 s 61640
 t 61330
 u 61416
 v 61627
 w 61372
 x 61651
 y 61387
 z 61388

Total characters:  1600000
DATA, 100000, 100, elf84, 35.779000
 a 61502
 b 61212
 c 61629
 d 61249
 e 61605
 f 61803
 g 61460
 h 61572
 i 61489
 j 61445
 k 61737
 l 61894
 m 61406
 n 61763
 o 61694
 p 61524
 q 61669
 r 61536
 s 61640
 t 61330
 u 61416
 v 61627
 w 61372
 x 61651
 y 61387
 z 61388

Total characters:  1600000
DATA, 100000, 100, elf80, 35.675000
 a 61502
 b 61212
 c 61629
 d 61249
 e 61605
 f 61803
 g 61460
 h 61572
 i 61489
 j 61445
 k 61737
 l 61894
 m 61406
 n 61763
 o 61694
 p 61524
 q 61669
 r 61536
 s 61640
 t 61330
 u 61416
 v 61627
 w 61372
 x 61651
 y 61387
 z 61388

Total characters:  1600000
DATA, 100000, 100, elf84, 35.645000
 a 61502
 b 61212
 c 61629
 d 61249
 e 61605
 f 61803
 g 61460
 h 61572
 i 61489
 j 61445
 k 61737
 l 61894
 m 61406
 n 61763
 o 61694
 p 61524
 q 61669
 r 61536
 s 61640
 t 61330
 u 61416
 v 61627
 w 61372
 x 61651
 y 61387
 z 61388

Total characters:  1600000
DATA, 100000, 100, elf80, 36.016000
 a 61502
 b 61212
 c 61629
 d 61249
 e 61605
 f 61803
 g 61460
 h 61572
 i 61489
 j 61445
 k 61737
 l 61894
 m 61406
 n 61763
 o 61694
 p 61524
 q 61669
 r 61536
 s 61640
 t 61330
 u 61416
 v 61627
 w 61372
 x 61651
 y 61387
 z 61388

Total characters:  1600000
DATA, 100000, 100, elf84, 35.749000
 a 61502
 b 61212
 c 61629
 d 61249
 e 61605
 f 61803
 g 61460
 h 61572
 i 61489
 j 61445
 k 61737
 l 61894
 m 61406
 n 61763
 o 61694
 p 61524
 q 61669
 r 61536
 s 61640
 t 61330
 u 61416
 v 61627
 w 61372
 x 61651
 y 61387
 z 61388

Total characters:  1600000
DATA, 100000, 100, elf80, 36.584000
 a 61502
 b 61212
 c 61629
 d 61249
 e 61605
 f 61803
 g 61460
 h 61572
 i 61489
 j 61445
 k 61737
 l 61894
 m 61406
 n 61763
 o 61694
 p 61524
 q 61669
 r 61536
 s 61640
 t 61330
 u 61416
 v 61627
 w 61372
 x 61651
 y 61387
 z 61388

Total characters:  1600000
DATA, 100000, 100, elf84, 35.801000
 a 61502
 b 61212
 c 61629
 d 61249
 e 61605
 f 61803
 g 61460
 h 61572
 i 61489
 j 61445
 k 61737
 l 61894
 m 61406
 n 61763
 o 61694
 p 61524
 q 61669
 r 61536
 s 61640
 t 61330
 u 61416
 v 61627
 w 61372
 x 61651
 y 61387
 z 61388

Total characters:  1600000
DATA, 100000, 100, elf80, 35.704000
 a 61502
 b 61212
 c 61629
 d 61249
 e 61605
 f 61803
 g 61460
 h 61572
 i 61489
 j 61445
 k 61737
 l 61894
 m 61406
 n 61763
 o 61694
 p 61524
 q 61669
 r 61536
 s 61640
 t 61330
 u 61416
 v 61627
 w 61372
 x 61651
 y 61387
 z 61388

Total characters:  1600000
DATA, 100000, 100, elf84, 35.779000
 a 61502
 b 61212
 c 61629
 d 61249
 e 61605
 f 61803
 g 61460
 h 61572
 i 61489
 j 61445
 k 61737
 l 61894
 m 61406
 n 61763
 o 61694
 p 61524
 q 61669
 r 61536
 s 61640
 t 61330
 u 61416
 v 61627
 w 61372
 x 61651
 y 61387
 z 61388

Total characters:  1600000
DATA, 100000, 100, elf80, 35.697000
 a 61502
 b 61212
 c 61629
 d 61249
 e 61605
 f 61803
 g 61460
 h 61572
 i 61489
 j 61445
 k 61737
 l 61894
 m 61406
 n 61763
 o 61694
 p 61524
 q 61669
 r 61536
 s 61640
 t 61330
 u 61416
 v 61627
 w 61372
 x 61651
 y 61387
 z 61388

Total characters:  1600000
DATA, 100000, 100, elf84, 35.768000
 a 61502
 b 61212
 c 61629
 d 61249
 e 61605
 f 61803
 g 61460
 h 61572
 i 61489
 j 61445
 k 61737
 l 61894
 m 61406
 n 61763
 o 61694
 p 61524
 q 61669
 r 61536
 s 61640
 t 61330
 u 61416
 v 61627
 w 61372
 x 61651
 y 61387
 z 61388

Total characters:  1600000
DATA, 100000, 100, elf80, 35.695000
 a 61502
 b 61212
 c 61629
 d 61249
 e 61605
 f 61803
 g 61460
 h 61572
 i 61489
 j 61445
 k 61737
 l 61894
 m 61406
 n 61763
 o 61694
 p 61524
 q 61669
 r 61536
 s 61640
 t 61330
 u 61416
 v 61627
 w 61372
 x 61651
 y 61387
 z 61388

Total characters:  1600000
DATA, 100000, 100, elf84, 36.234000
 a 61502
 b 61212
 c 61629
 d 61249
 e 61605
 f 61803
 g 61460
 h 61572
 i 61489
 j 61445
 k 61737
 l 61894
 m 61406
 n 61763
 o 61694
 p 61524
 q 61669
 r 61536
 s 61640
 t 61330
 u 61416
 v 61627
 w 61372
 x 61651
 y 61387
 z 61388

Total characters:  1600000
DATA, 100000, 100, elf80, 36.726000
 a 61502
 b 61212
 c 61629
 d 61249
 e 61605
 f 61803
 g 61460
 h 61572
 i 61489
 j 61445
 k 61737
 l 61894
 m 61406
 n 61763
 o 61694
 p 61524
 q 61669
 r 61536
 s 61640
 t 61330
 u 61416
 v 61627
 w 61372
 x 61651
 y 61387
 z 61388

Total characters:  1600000
DATA, 100000, 100, elf84, 36.647000
 a 61502
 b 61212
 c 61629
 d 61249
 e 61605
 f 61803
 g 61460
 h 61572
 i 61489
 j 61445
 k 61737
 l 61894
 m 61406
 n 61763
 o 61694
 p 61524
 q 61669
 r 61536
 s 61640
 t 61330
 u 61416
 v 61627
 w 61372
 x 61651
 y 61387
 z 61388

Total characters:  1600000
DATA, 100000, 100, elf80, 36.116000
 a 61502
 b 61212
 c 61629
 d 61249
 e 61605
 f 61803
 g 61460
 h 61572
 i 61489
 j 61445
 k 61737
 l 61894
 m 61406
 n 61763
 o 61694
 p 61524
 q 61669
 r 61536
 s 61640
 t 61330
 u 61416
 v 61627
 w 61372
 x 61651
 y 61387
 z 61388

Total characters:  1600000
DATA, 100000, 100, elf84, 35.612000
 a 61502
 b 61212
 c 61629
 d 61249
 e 61605
 f 61803
 g 61460
 h 61572
 i 61489
 j 61445
 k 61737
 l 61894
 m 61406
 n 61763
 o 61694
 p 61524
 q 61669
 r 61536
 s 61640
 t 61330
 u 61416
 v 61627
 w 61372
 x 61651
 y 61387
 z 61388

Total characters:  1600000
DATA, 100000, 100, elf80, 36.002000
 a 61502
 b 61212
 c 61629
 d 61249
 e 61605
 f 61803
 g 61460
 h 61572
 i 61489
 j 61445
 k 61737
 l 61894
 m 61406
 n 61763
 o 61694
 p 61524
 q 61669
 r 61536
 s 61640
 t 61330
 u 61416
 v 61627
 w 61372
 x 61651
 y 61387
 z 61388

Total characters:  1600000
DATA, 100000, 100, elf84, 36.012000
 a 61502
 b 61212
 c 61629
 d 61249
 e 61605
 f 61803
 g 61460
 h 61572
 i 61489
 j 61445
 k 61737
 l 61894
 m 61406
 n 61763
 o 61694
 p 61524
 q 61669
 r 61536
 s 61640
 t 61330
 u 61416
 v 61627
 w 61372
 x 61651
 y 61387
 z 61388

Total characters:  1600000
DATA, 100000, 100, elf84, 35.939000
 a 61502
 b 61212
 c 61629
 d 61249
 e 61605
 f 61803
 g 61460
 h 61572
 i 61489
 j 61445
 k 61737
 l 61894
 m 61406
 n 61763
 o 61694
 p 61524
 q 61669
 r 61536
 s 61640
 t 61330
 u 61416
 v 61627
 w 61372
 x 61651
 y 61387
 z 61388

Total characters:  1600000
DATA, 100000, 100, elf81, 36.169000
 a 61502
 b 61212
 c 61629
 d 61249
 e 61605
 f 61803
 g 61460
 h 61572
 i 61489
 j 61445
 k 61737
 l 61894
 m 61406
 n 61763
 o 61694
 p 61524
 q 61669
 r 61536
 s 61640
 t 61330
 u 61416
 v 61627
 w 61372
 x 61651
 y 61387
 z 61388

Total characters:  1600000
DATA, 100000, 100, elf81, 35.645000
 a 61502
 b 61212
 c 61629
 d 61249
 e 61605
 f 61803
 g 61460
 h 61572
 i 61489
 j 61445
 k 61737
 l 61894
 m 61406
 n 61763
 o 61694
 p 61524
 q 61669
 r 61536
 s 61640
 t 61330
 u 61416
 v 61627
 w 61372
 x 61651
 y 61387
 z 61388

Total characters:  1600000
DATA, 100000, 100, elf81, 35.697000
 a 61502
 b 61212
 c 61629
 d 61249
 e 61605
 f 61803
 g 61460
 h 61572
 i 61489
 j 61445
 k 61737
 l 61894
 m 61406
 n 61763
 o 61694
 p 61524
 q 61669
 r 61536
 s 61640
 t 61330
 u 61416
 v 61627
 w 61372
 x 61651
 y 61387
 z 61388

Total characters:  1600000
DATA, 100000, 100, elf81, 36.053000
 a 61502
 b 61212
 c 61629
 d 61249
 e 61605
 f 61803
 g 61460
 h 61572
 i 61489
 j 61445
 k 61737
 l 61894
 m 61406
 n 61763
 o 61694
 p 61524
 q 61669
 r 61536
 s 61640
 t 61330
 u 61416
 v 61627
 w 61372
 x 61651
 y 61387
 z 61388

Total characters:  1600000
DATA, 100000, 100, elf81, 35.834000
 a 61502
 b 61212
 c 61629
 d 61249
 e 61605
 f 61803
 g 61460
 h 61572
 i 61489
 j 61445
 k 61737
 l 61894
 m 61406
 n 61763
 o 61694
 p 61524
 q 61669
 r 61536
 s 61640
 t 61330
 u 61416
 v 61627
 w 61372
 x 61651
 y 61387
 z 61388

Total characters:  1600000
DATA, 100000, 100, elf81, 35.857000
 a 61502
 b 61212
 c 61629
 d 61249
 e 61605
 f 61803
 g 61460
 h 61572
 i 61489
 j 61445
 k 61737
 l 61894
 m 61406
 n 61763
 o 61694
 p 61524
 q 61669
 r 61536
 s 61640
 t 61330
 u 61416
 v 61627
 w 61372
 x 61651
 y 61387
 z 61388

Total characters:  1600000
DATA, 100000, 100, elf81, 35.833000
 a 61502
 b 61212
 c 61629
 d 61249
 e 61605
 f 61803
 g 61460
 h 61572
 i 61489
 j 61445
 k 61737
 l 61894
 m 61406
 n 61763
 o 61694
 p 61524
 q 61669
 r 61536
 s 61640
 t 61330
 u 61416
 v 61627
 w 61372
 x 61651
 y 61387
 z 61388

Total characters:  1600000
DATA, 100000, 100, elf81, 37.991000
 a 61502
 b 61212
 c 61629
 d 61249
 e 61605
 f 61803
 g 61460
 h 61572
 i 61489
 j 61445
 k 61737
 l 61894
 m 61406
 n 61763
 o 61694
 p 61524
 q 61669
 r 61536
 s 61640
 t 61330
 u 61416
 v 61627
 w 61372
 x 61651
 y 61387
 z 61388

Total characters:  1600000
DATA, 100000, 100, elf81, 35.710000
 a 61502
 b 61212
 c 61629
 d 61249
 e 61605
 f 61803
 g 61460
 h 61572
 i 61489
 j 61445
 k 61737
 l 61894
 m 61406
 n 61763
 o 61694
 p 61524
 q 61669
 r 61536
 s 61640
 t 61330
 u 61416
 v 61627
 w 61372
 x 61651
 y 61387
 z 61388

Total characters:  1600000
DATA, 100000, 100, elf81, 35.732000
 a 61502
 b 61212
 c 61629
 d 61249
 e 61605
 f 61803
 g 61460
 h 61572
 i 61489
 j 61445
 k 61737
 l 61894
 m 61406
 n 61763
 o 61694
 p 61524
 q 61669
 r 61536
 s 61640
 t 61330
 u 61416
 v 61627
 w 61372
 x 61651
 y 61387
 z 61388

Total characters:  1600000
DATA, 100000, 100, elf81, 35.702000
 a 61502
 b 61212
 c 61629
 d 61249
 e 61605
 f 61803
 g 61460
 h 61572
 i 61489
 j 61445
 k 61737
 l 61894
 m 61406
 n 61763
 o 61694
 p 61524
 q 61669
 r 61536
 s 61640
 t 61330
 u 61416
 v 61627
 w 61372
 x 61651
 y 61387
 z 61388

Total characters:  1600000
DATA, 100000, 100, elf81, 35.896000
 a 61502
 b 61212
 c 61629
 d 61249
 e 61605
 f 61803
 g 61460
 h 61572
 i 61489
 j 61445
 k 61737
 l 61894
 m 61406
 n 61763
 o 61694
 p 61524
 q 61669
 r 61536
 s 61640
 t 61330
 u 61416
 v 61627
 w 61372
 x 61651
 y 61387
 z 61388

Total characters:  1600000
DATA, 100000, 100, elf81, 35.797000
 a 61502
 b 61212
 c 61629
 d 61249
 e 61605
 f 61803
 g 61460
 h 61572
 i 61489
 j 61445
 k 61737
 l 61894
 m 61406
 n 61763
 o 61694
 p 61524
 q 61669
 r 61536
 s 61640
 t 61330
 u 61416
 v 61627
 w 61372
 x 61651
 y 61387
 z 61388

Total characters:  1600000
DATA, 100000, 100, elf81, 35.764000
 a 61502
 b 61212
 c 61629
 d 61249
 e 61605
 f 61803
 g 61460
 h 61572
 i 61489
 j 61445
 k 61737
 l 61894
 m 61406
 n 61763
 o 61694
 p 61524
 q 61669
 r 61536
 s 61640
 t 61330
 u 61416
 v 61627
 w 61372
 x 61651
 y 61387
 z 61388

Total characters:  1600000
DATA, 100000, 100, elf81, 36.299000
 a 61502
 b 61212
 c 61629
 d 61249
 e 61605
 f 61803
 g 61460
 h 61572
 i 61489
 j 61445
 k 61737
 l 61894
 m 61406
 n 61763
 o 61694
 p 61524
 q 61669
 r 61536
 s 61640
 t 61330
 u 61416
 v 61627
 w 61372
 x 61651
 y 61387
 z 61388

Total characters:  1600000
DATA, 100000, 100, elf81, 36.006000
 a 61502
 b 61212
 c 61629
 d 61249
 e 61605
 f 61803
 g 61460
 h 61572
 i 61489
 j 61445
 k 61737
 l 61894
 m 61406
 n 61763
 o 61694
 p 61524
 q 61669
 r 61536
 s 61640
 t 61330
 u 61416
 v 61627
 w 61372
 x 61651
 y 61387
 z 61388

Total characters:  1600000
DATA, 100000, 100, elf81, 35.941000
 a 61502
 b 61212
 c 61629
 d 61249
 e 61605
 f 61803
 g 61460
 h 61572
 i 61489
 j 61445
 k 61737
 l 61894
 m 61406
 n 61763
 o 61694
 p 61524
 q 61669
 r 61536
 s 61640
 t 61330
 u 61416
 v 61627
 w 61372
 x 61651
 y 61387
 z 61388

Total characters:  1600000
DATA, 100000, 100, elf81, 35.775000
 a 61502
 b 61212
 c 61629
 d 61249
 e 61605
 f 61803
 g 61460
 h 61572
 i 61489
 j 61445
 k 61737
 l 61894
 m 61406
 n 61763
 o 61694
 p 61524
 q 61669
 r 61536
 s 61640
 t 61330
 u 61416
 v 61627
 w 61372
 x 61651
 y 61387
 z 61388

Total characters:  1600000
DATA, 100000, 100, elf81, 36.555000
 a 61502
 b 61212
 c 61629
 d 61249
 e 61605
 f 61803
 g 61460
 h 61572
 i 61489
 j 61445
 k 61737
 l 61894
 m 61406
 n 61763
 o 61694
 p 61524
 q 61669
 r 61536
 s 61640
 t 61330
 u 61416
 v 61627
 w 61372
 x 61651
 y 61387
 z 61388

Total characters:  1600000
DATA, 100000, 100, elf85, 35.808000
 a 61502
 b 61212
 c 61629
 d 61249
 e 61605
 f 61803
 g 61460
 h 61572
 i 61489
 j 61445
 k 61737
 l 61894
 m 61406
 n 61763
 o 61694
 p 61524
 q 61669
 r 61536
 s 61640
 t 61330
 u 61416
 v 61627
 w 61372
 x 61651
 y 61387
 z 61388

Total characters:  1600000
DATA, 100000, 100, elf83, 35.954000
 a 61502
 b 61212
 c 61629
 d 61249
 e 61605
 f 61803
 g 61460
 h 61572
 i 61489
 j 61445
 k 61737
 l 61894
 m 61406
 n 61763
 o 61694
 p 61524
 q 61669
 r 61536
 s 61640
 t 61330
 u 61416
 v 61627
 w 61372
 x 61651
 y 61387
 z 61388

Total characters:  1600000
DATA, 100000, 100, elf85, 35.951000
 a 61502
 b 61212
 c 61629
 d 61249
 e 61605
 f 61803
 g 61460
 h 61572
 i 61489
 j 61445
 k 61737
 l 61894
 m 61406
 n 61763
 o 61694
 p 61524
 q 61669
 r 61536
 s 61640
 t 61330
 u 61416
 v 61627
 w 61372
 x 61651
 y 61387
 z 61388

Total characters:  1600000
DATA, 100000, 100, elf83, 36.045000
 a 61502
 b 61212
 c 61629
 d 61249
 e 61605
 f 61803
 g 61460
 h 61572
 i 61489
 j 61445
 k 61737
 l 61894
 m 61406
 n 61763
 o 61694
 p 61524
 q 61669
 r 61536
 s 61640
 t 61330
 u 61416
 v 61627
 w 61372
 x 61651
 y 61387
 z 61388

Total characters:  1600000
DATA, 100000, 100, elf85, 35.839000
 a 61502
 b 61212
 c 61629
 d 61249
 e 61605
 f 61803
 g 61460
 h 61572
 i 61489
 j 61445
 k 61737
 l 61894
 m 61406
 n 61763
 o 61694
 p 61524
 q 61669
 r 61536
 s 61640
 t 61330
 u 61416
 v 61627
 w 61372
 x 61651
 y 61387
 z 61388

Total characters:  1600000
DATA, 100000, 100, elf83, 36.671000
 a 61502
 b 61212
 c 61629
 d 61249
 e 61605
 f 61803
 g 61460
 h 61572
 i 61489
 j 61445
 k 61737
 l 61894
 m 61406
 n 61763
 o 61694
 p 61524
 q 61669
 r 61536
 s 61640
 t 61330
 u 61416
 v 61627
 w 61372
 x 61651
 y 61387
 z 61388

Total characters:  1600000
DATA, 100000, 100, elf85, 36.359000
 a 61502
 b 61212
 c 61629
 d 61249
 e 61605
 f 61803
 g 61460
 h 61572
 i 61489
 j 61445
 k 61737
 l 61894
 m 61406
 n 61763
 o 61694
 p 61524
 q 61669
 r 61536
 s 61640
 t 61330
 u 61416
 v 61627
 w 61372
 x 61651
 y 61387
 z 61388

Total characters:  1600000
DATA, 100000, 100, elf83, 35.792000
 a 61502
 b 61212
 c 61629
 d 61249
 e 61605
 f 61803
 g 61460
 h 61572
 i 61489
 j 61445
 k 61737
 l 61894
 m 61406
 n 61763
 o 61694
 p 61524
 q 61669
 r 61536
 s 61640
 t 61330
 u 61416
 v 61627
 w 61372
 x 61651
 y 61387
 z 61388

Total characters:  1600000
DATA, 100000, 100, elf85, 35.819000
 a 61502
 b 61212
 c 61629
 d 61249
 e 61605
 f 61803
 g 61460
 h 61572
 i 61489
 j 61445
 k 61737
 l 61894
 m 61406
 n 61763
 o 61694
 p 61524
 q 61669
 r 61536
 s 61640
 t 61330
 u 61416
 v 61627
 w 61372
 x 61651
 y 61387
 z 61388

Total characters:  1600000
DATA, 100000, 100, elf83, 36.406000
 a 61502
 b 61212
 c 61629
 d 61249
 e 61605
 f 61803
 g 61460
 h 61572
 i 61489
 j 61445
 k 61737
 l 61894
 m 61406
 n 61763
 o 61694
 p 61524
 q 61669
 r 61536
 s 61640
 t 61330
 u 61416
 v 61627
 w 61372
 x 61651
 y 61387
 z 61388

Total characters:  1600000
DATA, 100000, 100, elf85, 35.819000
 a 61502
 b 61212
 c 61629
 d 61249
 e 61605
 f 61803
 g 61460
 h 61572
 i 61489
 j 61445
 k 61737
 l 61894
 m 61406
 n 61763
 o 61694
 p 61524
 q 61669
 r 61536
 s 61640
 t 61330
 u 61416
 v 61627
 w 61372
 x 61651
 y 61387
 z 61388

Total characters:  1600000
DATA, 100000, 100, elf83, 35.993000
 a 61502
 b 61212
 c 61629
 d 61249
 e 61605
 f 61803
 g 61460
 h 61572
 i 61489
 j 61445
 k 61737
 l 61894
 m 61406
 n 61763
 o 61694
 p 61524
 q 61669
 r 61536
 s 61640
 t 61330
 u 61416
 v 61627
 w 61372
 x 61651
 y 61387
 z 61388

Total characters:  1600000
DATA, 100000, 100, elf85, 36.006000
 a 61502
 b 61212
 c 61629
 d 61249
 e 61605
 f 61803
 g 61460
 h 61572
 i 61489
 j 61445
 k 61737
 l 61894
 m 61406
 n 61763
 o 61694
 p 61524
 q 61669
 r 61536
 s 61640
 t 61330
 u 61416
 v 61627
 w 61372
 x 61651
 y 61387
 z 61388

Total characters:  1600000
DATA, 100000, 100, elf83, 36.909000
 a 61502
 b 61212
 c 61629
 d 61249
 e 61605
 f 61803
 g 61460
 h 61572
 i 61489
 j 61445
 k 61737
 l 61894
 m 61406
 n 61763
 o 61694
 p 61524
 q 61669
 r 61536
 s 61640
 t 61330
 u 61416
 v 61627
 w 61372
 x 61651
 y 61387
 z 61388

Total characters:  1600000
DATA, 100000, 100, elf85, 35.876000
 a 61502
 b 61212
 c 61629
 d 61249
 e 61605
 f 61803
 g 61460
 h 61572
 i 61489
 j 61445
 k 61737
 l 61894
 m 61406
 n 61763
 o 61694
 p 61524
 q 61669
 r 61536
 s 61640
 t 61330
 u 61416
 v 61627
 w 61372
 x 61651
 y 61387
 z 61388

Total characters:  1600000
DATA, 100000, 100, elf83, 37.436000
 a 61502
 b 61212
 c 61629
 d 61249
 e 61605
 f 61803
 g 61460
 h 61572
 i 61489
 j 61445
 k 61737
 l 61894
 m 61406
 n 61763
 o 61694
 p 61524
 q 61669
 r 61536
 s 61640
 t 61330
 u 61416
 v 61627
 w 61372
 x 61651
 y 61387
 z 61388

Total characters:  1600000
DATA, 100000, 100, elf85, 35.722000
 a 61502
 b 61212
 c 61629
 d 61249
 e 61605
 f 61803
 g 61460
 h 61572
 i 61489
 j 61445
 k 61737
 l 61894
 m 61406
 n 61763
 o 61694
 p 61524
 q 61669
 r 61536
 s 61640
 t 61330
 u 61416
 v 61627
 w 61372
 x 61651
 y 61387
 z 61388

Total characters:  1600000
DATA, 100000, 100, elf83, 36.389000
 a 61502
 b 61212
 c 61629
 d 61249
 e 61605
 f 61803
 g 61460
 h 61572
 i 61489
 j 61445
 k 61737
 l 61894
 m 61406
 n 61763
 o 61694
 p 61524
 q 61669
 r 61536
 s 61640
 t 61330
 u 61416
 v 61627
 w 61372
 x 61651
 y 61387
 z 61388

Total characters:  1600000
DATA, 100000, 100, elf85, 36.180000
 a 61502
 b 61212
 c 61629
 d 61249
 e 61605
 f 61803
 g 61460
 h 61572
 i 61489
 j 61445
 k 61737
 l 61894
 m 61406
 n 61763
 o 61694
 p 61524
 q 61669
 r 61536
 s 61640
 t 61330
 u 61416
 v 61627
 w 61372
 x 61651
 y 61387
 z 61388

Total characters:  1600000
DATA, 100000, 100, elf83, 35.961000
 a 61502
 b 61212
 c 61629
 d 61249
 e 61605
 f 61803
 g 61460
 h 61572
 i 61489
 j 61445
 k 61737
 l 61894
 m 61406
 n 61763
 o 61694
 p 61524
 q 61669
 r 61536
 s 61640
 t 61330
 u 61416
 v 61627
 w 61372
 x 61651
 y 61387
 z 61388

Total characters:  1600000
DATA, 100000, 100, elf85, 37.510000
 a 61502
 b 61212
 c 61629
 d 61249
 e 61605
 f 61803
 g 61460
 h 61572
 i 61489
 j 61445
 k 61737
 l 61894
 m 61406
 n 61763
 o 61694
 p 61524
 q 61669
 r 61536
 s 61640
 t 61330
 u 61416
 v 61627
 w 61372
 x 61651
 y 61387
 z 61388

Total characters:  1600000
DATA, 100000, 100, elf83, 36.276000
 a 61502
 b 61212
 c 61629
 d 61249
 e 61605
 f 61803
 g 61460
 h 61572
 i 61489
 j 61445
 k 61737
 l 61894
 m 61406
 n 61763
 o 61694
 p 61524
 q 61669
 r 61536
 s 61640
 t 61330
 u 61416
 v 61627
 w 61372
 x 61651
 y 61387
 z 61388

Total characters:  1600000
DATA, 100000, 100, elf85, 36.083000
 a 61502
 b 61212
 c 61629
 d 61249
 e 61605
 f 61803
 g 61460
 h 61572
 i 61489
 j 61445
 k 61737
 l 61894
 m 61406
 n 61763
 o 61694
 p 61524
 q 61669
 r 61536
 s 61640
 t 61330
 u 61416
 v 61627
 w 61372
 x 61651
 y 61387
 z 61388

Total characters:  1600000
DATA, 100000, 100, elf83, 37.976000
 a 61502
 b 61212
 c 61629
 d 61249
 e 61605
 f 61803
 g 61460
 h 61572
 i 61489
 j 61445
 k 61737
 l 61894
 m 61406
 n 61763
 o 61694
 p 61524
 q 61669
 r 61536
 s 61640
 t 61330
 u 61416
 v 61627
 w 61372
 x 61651
 y 61387
 z 61388

Total characters:  1600000
DATA, 100000, 100, elf85, 36.061000
 a 61502
 b 61212
 c 61629
 d 61249
 e 61605
 f 61803
 g 61460
 h 61572
 i 61489
 j 61445
 k 61737
 l 61894
 m 61406
 n 61763
 o 61694
 p 61524
 q 61669
 r 61536
 s 61640
 t 61330
 u 61416
 v 61627
 w 61372
 x 61651
 y 61387
 z 61388

Total characters:  1600000
DATA, 100000, 100, elf83, 36.635000
 a 61502
 b 61212
 c 61629
 d 61249
 e 61605
 f 61803
 g 61460
 h 61572
 i 61489
 j 61445
 k 61737
 l 61894
 m 61406
 n 61763
 o 61694
 p 61524
 q 61669
 r 61536
 s 61640
 t 61330
 u 61416
 v 61627
 w 61372
 x 61651
 y 61387
 z 61388

Total characters:  1600000
DATA, 100000, 100, elf85, 37.577000
 a 61502
 b 61212
 c 61629
 d 61249
 e 61605
 f 61803
 g 61460
 h 61572
 i 61489
 j 61445
 k 61737
 l 61894
 m 61406
 n 61763
 o 61694
 p 61524
 q 61669
 r 61536
 s 61640
 t 61330
 u 61416
 v 61627
 w 61372
 x 61651
 y 61387
 z 61388

Total characters:  1600000
DATA, 100000, 100, elf83, 36.069000
 a 61502
 b 61212
 c 61629
 d 61249
 e 61605
 f 61803
 g 61460
 h 61572
 i 61489
 j 61445
 k 61737
 l 61894
 m 61406
 n 61763
 o 61694
 p 61524
 q 61669
 r 61536
 s 61640
 t 61330
 u 61416
 v 61627
 w 61372
 x 61651
 y 61387
 z 61388

Total characters:  1600000
DATA, 100000, 100, elf85, 37.035000
 a 61502
 b 61212
 c 61629
 d 61249
 e 61605
 f 61803
 g 61460
 h 61572
 i 61489
 j 61445
 k 61737
 l 61894
 m 61406
 n 61763
 o 61694
 p 61524
 q 61669
 r 61536
 s 61640
 t 61330
 u 61416
 v 61627
 w 61372
 x 61651
 y 61387
 z 61388

Total characters:  1600000
DATA, 100000, 100, elf83, 36.287000
 a 61502
 b 61212
 c 61629
 d 61249
 e 61605
 f 61803
 g 61460
 h 61572
 i 61489
 j 61445
 k 61737
 l 61894
 m 61406
 n 61763
 o 61694
 p 61524
 q 61669
 r 61536
 s 61640
 t 61330
 u 61416
 v 61627
 w 61372
 x 61651
 y 61387
 z 61388

Total characters:  1600000
DATA, 100000, 100, elf85, 39.380000
 a 61502
 b 61212
 c 61629
 d 61249
 e 61605
 f 61803
 g 61460
 h 61572
 i 61489
 j 61445
 k 61737
 l 61894
 m 61406
 n 61763
 o 61694
 p 61524
 q 61669
 r 61536
 s 61640
 t 61330
 u 61416
 v 61627
 w 61372
 x 61651
 y 61387
 z 61388

Total characters:  1600000
DATA, 100000, 100, elf83, 36.230000
 a 61502
 b 61212
 c 61629
 d 61249
 e 61605
 f 61803
 g 61460
 h 61572
 i 61489
 j 61445
 k 61737
 l 61894
 m 61406
 n 61763
 o 61694
 p 61524
 q 61669
 r 61536
 s 61640
 t 61330
 u 61416
 v 61627
 w 61372
 x 61651
 y 61387
 z 61388

Total characters:  1600000
DATA, 100000, 100, elf83, 39.741000
 a 61502
 b 61212
 c 61629
 d 61249
 e 61605
 f 61803
 g 61460
 h 61572
 i 61489
 j 61445
 k 61737
 l 61894
 m 61406
 n 61763
 o 61694
 p 61524
 q 61669
 r 61536
 s 61640
 t 61330
 u 61416
 v 61627
 w 61372
 x 61651
 y 61387
 z 61388

Total characters:  1600000
DATA, 100000, 100, elf83, 35.578000
 a 61502
 b 61212
 c 61629
 d 61249
 e 61605
 f 61803
 g 61460
 h 61572
 i 61489
 j 61445
 k 61737
 l 61894
 m 61406
 n 61763
 o 61694
 p 61524
 q 61669
 r 61536
 s 61640
 t 61330
 u 61416
 v 61627
 w 61372
 x 61651
 y 61387
 z 61388

Total characters:  1600000
DATA, 100000, 100, elf85, 35.195000
 a 61502
 b 61212
 c 61629
 d 61249
 e 61605
 f 61803
 g 61460
 h 61572
 i 61489
 j 61445
 k 61737
 l 61894
 m 61406
 n 61763
 o 61694
 p 61524
 q 61669
 r 61536
 s 61640
 t 61330
 u 61416
 v 61627
 w 61372
 x 61651
 y 61387
 z 61388

Total characters:  1600000
DATA, 100000, 100, elf85, 35.646000
 a 61502
 b 61212
 c 61629
 d 61249
 e 61605
 f 61803
 g 61460
 h 61572
 i 61489
 j 61445
 k 61737
 l 61894
 m 61406
 n 61763
 o 61694
 p 61524
 q 61669
 r 61536
 s 61640
 t 61330
 u 61416
 v 61627
 w 61372
 x 61651
 y 61387
 z 61388

Total characters:  1600000
DATA, 100000, 100, elf85, 35.334000
 a 61502
 b 61212
 c 61629
 d 61249
 e 61605
 f 61803
 g 61460
 h 61572
 i 61489
 j 61445
 k 61737
 l 61894
 m 61406
 n 61763
 o 61694
 p 61524
 q 61669
 r 61536
 s 61640
 t 61330
 u 61416
 v 61627
 w 61372
 x 61651
 y 61387
 z 61388

Total characters:  1600000
DATA, 100000, 100, elf83, 35.556000
