 a 614523
 b 616259
 c 616475
 d 614176
 e 614690
 f 614750
 g 615455
 h 615619
 i 615910
 j 615639
 k 615161
 l 616309
 m 615513
 n 614534
 o 616784
 p 614184
 q 616068
 r 615642
 s 614005
 t 615291
 u 615205
 v 615409
 w 616436
 x 614849
 y 615359
 z 615755

Total characters:  16000000
DATA, 1000000, 100, elf36, 72.577000
 a 614523
 b 616259
 c 616475
 d 614176
 e 614690
 f 614750
 g 615455
 h 615619
 i 615910
 j 615639
 k 615161
 l 616309
 m 615513
 n 614534
 o 616784
 p 614184
 q 616068
 r 615642
 s 614005
 t 615291
 u 615205
 v 615409
 w 616436
 x 614849
 y 615359
 z 615755

Total characters:  16000000
DATA, 1000000, 100, elf36, 72.606000
 a 614523
 b 616259
 c 616475
 d 614176
 e 614690
 f 614750
 g 615455
 h 615619
 i 615910
 j 615639
 k 615161
 l 616309
 m 615513
 n 614534
 o 616784
 p 614184
 q 616068
 r 615642
 s 614005
 t 615291
 u 615205
 v 615409
 w 616436
 x 614849
 y 615359
 z 615755

Total characters:  16000000
DATA, 1000000, 100, elf36, 72.798000
 a 614523
 b 616259
 c 616475
 d 614176
 e 614690
 f 614750
 g 615455
 h 615619
 i 615910
 j 615639
 k 615161
 l 616309
 m 615513
 n 614534
 o 616784
 p 614184
 q 616068
 r 615642
 s 614005
 t 615291
 u 615205
 v 615409
 w 616436
 x 614849
 y 615359
 z 615755

Total characters:  16000000
DATA, 1000000, 100, elf32, 65.632000
 a 614523
 b 616259
 c 616475
 d 614176
 e 614690
 f 614750
 g 615455
 h 615619
 i 615910
 j 615639
 k 615161
 l 616309
 m 615513
 n 614534
 o 616784
 p 614184
 q 616068
 r 615642
 s 614005
 t 615291
 u 615205
 v 615409
 w 616436
 x 614849
 y 615359
 z 615755

Total characters:  16000000
DATA, 1000000, 100, elf35, 65.558000
 a 614523
 b 616259
 c 616475
 d 614176
 e 614690
 f 614750
 g 615455
 h 615619
 i 615910
 j 615639
 k 615161
 l 616309
 m 615513
 n 614534
 o 616784
 p 614184
 q 616068
 r 615642
 s 614005
 t 615291
 u 615205
 v 615409
 w 616436
 x 614849
 y 615359
 z 615755

Total characters:  16000000
DATA, 1000000, 100, elf09, 65.645000
 a 614523
 b 616259
 c 616475
 d 614176
 e 614690
 f 614750
 g 615455
 h 615619
 i 615910
 j 615639
 k 615161
 l 616309
 m 615513
 n 614534
 o 616784
 p 614184
 q 616068
 r 615642
 s 614005
 t 615291
 u 615205
 v 615409
 w 616436
 x 614849
 y 615359
 z 615755

Total characters:  16000000
DATA, 1000000, 100, elf36, 176.280000
 a 614523
 b 616259
 c 616475
 d 614176
 e 614690
 f 614750
 g 615455
 h 615619
 i 615910
 j 615639
 k 615161
 l 616309
 m 615513
 n 614534
 o 616784
 p 614184
 q 616068
 r 615642
 s 614005
 t 615291
 u 615205
 v 615409
 w 616436
 x 614849
 y 615359
 z 615755

Total characters:  16000000
DATA, 1000000, 100, elf20, 65.703000
 a 614523
 b 616259
 c 616475
 d 614176
 e 614690
 f 614750
 g 615455
 h 615619
 i 615910
 j 615639
 k 615161
 l 616309
 m 615513
 n 614534
 o 616784
 p 614184
 q 616068
 r 615642
 s 614005
 t 615291
 u 615205
 v 615409
 w 616436
 x 614849
 y 615359
 z 615755

Total characters:  16000000
DATA, 1000000, 100, elf25, 65.606000
 a 614523
 b 616259
 c 616475
 d 614176
 e 614690
 f 614750
 g 615455
 h 615619
 i 615910
 j 615639
 k 615161
 l 616309
 m 615513
 n 614534
 o 616784
 p 614184
 q 616068
 r 615642
 s 614005
 t 615291
 u 615205
 v 615409
 w 616436
 x 614849
 y 615359
 z 615755

Total characters:  16000000
DATA, 1000000, 100, elf27, 74.637000
 a 614523
 b 616259
 c 616475
 d 614176
 e 614690
 f 614750
 g 615455
 h 615619
 i 615910
 j 615639
 k 615161
 l 616309
 m 615513
 n 614534
 o 616784
 p 614184
 q 616068
 r 615642
 s 614005
 t 615291
 u 615205
 v 615409
 w 616436
 x 614849
 y 615359
 z 615755

Total characters:  16000000
DATA, 1000000, 100, elf32, 65.582000
 a 614523
 b 616259
 c 616475
 d 614176
 e 614690
 f 614750
 g 615455
 h 615619
 i 615910
 j 615639
 k 615161
 l 616309
 m 615513
 n 614534
 o 616784
 p 614184
 q 616068
 r 615642
 s 614005
 t 615291
 u 615205
 v 615409
 w 616436
 x 614849
 y 615359
 z 615755

Total characters:  16000000
DATA, 1000000, 100, elf32, 74.205000
 a 614523
 b 616259
 c 616475
 d 614176
 e 614690
 f 614750
 g 615455
 h 615619
 i 615910
 j 615639
 k 615161
 l 616309
 m 615513
 n 614534
 o 616784
 p 614184
 q 616068
 r 615642
 s 614005
 t 615291
 u 615205
 v 615409
 w 616436
 x 614849
 y 615359
 z 615755

Total characters:  16000000
DATA, 1000000, 100, elf32, 74.865000
 a 614523
 b 616259
 c 616475
 d 614176
 e 614690
 f 614750
 g 615455
 h 615619
 i 615910
 j 615639
 k 615161
 l 616309
 m 615513
 n 614534
 o 616784
 p 614184
 q 616068
 r 615642
 s 614005
 t 615291
 u 615205
 v 615409
 w 616436
 x 614849
 y 615359
 z 615755

Total characters:  16000000
DATA, 1000000, 100, elf32, 74.720000
 a 614523
 b 616259
 c 616475
 d 614176
 e 614690
 f 614750
 g 615455
 h 615619
 i 615910
 j 615639
 k 615161
 l 616309
 m 615513
 n 614534
 o 616784
 p 614184
 q 616068
 r 615642
 s 614005
 t 615291
 u 615205
 v 615409
 w 616436
 x 614849
 y 615359
 z 615755

Total characters:  16000000
DATA, 1000000, 100, elf32, 75.856000
 a 614523
 b 616259
 c 616475
 d 614176
 e 614690
 f 614750
 g 615455
 h 615619
 i 615910
 j 615639
 k 615161
 l 616309
 m 615513
 n 614534
 o 616784
 p 614184
 q 616068
 r 615642
 s 614005
 t 615291
 u 615205
 v 615409
 w 616436
 x 614849
 y 615359
 z 615755

Total characters:  16000000
DATA, 1000000, 100, elf32, 75.309000
 a 614523
 b 616259
 c 616475
 d 614176
 e 614690
 f 614750
 g 615455
 h 615619
 i 615910
 j 615639
 k 615161
 l 616309
 m 615513
 n 614534
 o 616784
 p 614184
 q 616068
 r 615642
 s 614005
 t 615291
 u 615205
 v 615409
 w 616436
 x 614849
 y 615359
 z 615755

Total characters:  16000000
DATA, 1000000, 100, elf32, 74.593000
 a 614523
 b 616259
 c 616475
 d 614176
 e 614690
 f 614750
 g 615455
 h 615619
 i 615910
 j 615639
 k 615161
 l 616309
 m 615513
 n 614534
 o 616784
 p 614184
 q 616068
 r 615642
 s 614005
 t 615291
 u 615205
 v 615409
 w 616436
 x 614849
 y 615359
 z 615755

Total characters:  16000000
DATA, 1000000, 100, elf32, 74.385000
 a 614523
 b 616259
 c 616475
 d 614176
 e 614690
 f 614750
 g 615455
 h 615619
 i 615910
 j 615639
 k 615161
 l 616309
 m 615513
 n 614534
 o 616784
 p 614184
 q 616068
 r 615642
 s 614005
 t 615291
 u 615205
 v 615409
 w 616436
 x 614849
 y 615359
 z 615755

Total characters:  16000000
DATA, 1000000, 100, elf32, 74.403000
 a 614523
 b 616259
 c 616475
 d 614176
 e 614690
 f 614750
 g 615455
 h 615619
 i 615910
 j 615639
 k 615161
 l 616309
 m 615513
 n 614534
 o 616784
 p 614184
 q 616068
 r 615642
 s 614005
 t 615291
 u 615205
 v 615409
 w 616436
 x 614849
 y 615359
 z 615755

Total characters:  16000000
DATA, 1000000, 100, elf09, 65.609000
 a 614523
 b 616259
 c 616475
 d 614176
 e 614690
 f 614750
 g 615455
 h 615619
 i 615910
 j 615639
 k 615161
 l 616309
 m 615513
 n 614534
 o 616784
 p 614184
 q 616068
 r 615642
 s 614005
 t 615291
 u 615205
 v 615409
 w 616436
 x 614849
 y 615359
 z 615755

Total characters:  16000000
DATA, 1000000, 100, elf09, 65.645000
 a 614523
 b 616259
 c 616475
 d 614176
 e 614690
 f 614750
 g 615455
 h 615619
 i 615910
 j 615639
 k 615161
 l 616309
 m 615513
 n 614534
 o 616784
 p 614184
 q 616068
 r 615642
 s 614005
 t 615291
 u 615205
 v 615409
 w 616436
 x 614849
 y 615359
 z 615755

Total characters:  16000000
DATA, 1000000, 100, elf09, 74.807000
 a 614523
 b 616259
 c 616475
 d 614176
 e 614690
 f 614750
 g 615455
 h 615619
 i 615910
 j 615639
 k 615161
 l 616309
 m 615513
 n 614534
 o 616784
 p 614184
 q 616068
 r 615642
 s 614005
 t 615291
 u 615205
 v 615409
 w 616436
 x 614849
 y 615359
 z 615755

Total characters:  16000000
DATA, 1000000, 100, elf09, 74.862000
 a 614523
 b 616259
 c 616475
 d 614176
 e 614690
 f 614750
 g 615455
 h 615619
 i 615910
 j 615639
 k 615161
 l 616309
 m 615513
 n 614534
 o 616784
 p 614184
 q 616068
 r 615642
 s 614005
 t 615291
 u 615205
 v 615409
 w 616436
 x 614849
 y 615359
 z 615755

Total characters:  16000000
DATA, 1000000, 100, elf09, 74.587000
 a 614523
 b 616259
 c 616475
 d 614176
 e 614690
 f 614750
 g 615455
 h 615619
 i 615910
 j 615639
 k 615161
 l 616309
 m 615513
 n 614534
 o 616784
 p 614184
 q 616068
 r 615642
 s 614005
 t 615291
 u 615205
 v 615409
 w 616436
 x 614849
 y 615359
 z 615755

Total characters:  16000000
DATA, 1000000, 100, elf09, 74.867000
 a 614523
 b 616259
 c 616475
 d 614176
 e 614690
 f 614750
 g 615455
 h 615619
 i 615910
 j 615639
 k 615161
 l 616309
 m 615513
 n 614534
 o 616784
 p 614184
 q 616068
 r 615642
 s 614005
 t 615291
 u 615205
 v 615409
 w 616436
 x 614849
 y 615359
 z 615755

Total characters:  16000000
DATA, 1000000, 100, elf09, 75.102000
 a 614523
 b 616259
 c 616475
 d 614176
 e 614690
 f 614750
 g 615455
 h 615619
 i 615910
 j 615639
 k 615161
 l 616309
 m 615513
 n 614534
 o 616784
 p 614184
 q 616068
 r 615642
 s 614005
 t 615291
 u 615205
 v 615409
 w 616436
 x 614849
 y 615359
 z 615755

Total characters:  16000000
DATA, 1000000, 100, elf09, 74.742000
 a 614523
 b 616259
 c 616475
 d 614176
 e 614690
 f 614750
 g 615455
 h 615619
 i 615910
 j 615639
 k 615161
 l 616309
 m 615513
 n 614534
 o 616784
 p 614184
 q 616068
 r 615642
 s 614005
 t 615291
 u 615205
 v 615409
 w 616436
 x 614849
 y 615359
 z 615755

Total characters:  16000000
DATA, 1000000, 100, elf09, 65.648000
 a 614523
 b 616259
 c 616475
 d 614176
 e 614690
 f 614750
 g 615455
 h 615619
 i 615910
 j 615639
 k 615161
 l 616309
 m 615513
 n 614534
 o 616784
 p 614184
 q 616068
 r 615642
 s 614005
 t 615291
 u 615205
 v 615409
 w 616436
 x 614849
 y 615359
 z 615755

Total characters:  16000000
DATA, 1000000, 100, elf09, 74.694000
 a 614523
 b 616259
 c 616475
 d 614176
 e 614690
 f 614750
 g 615455
 h 615619
 i 615910
 j 615639
 k 615161
 l 616309
 m 615513
 n 614534
 o 616784
 p 614184
 q 616068
 r 615642
 s 614005
 t 615291
 u 615205
 v 615409
 w 616436
 x 614849
 y 615359
 z 615755

Total characters:  16000000
DATA, 1000000, 100, elf09, 74.479000
 a 614523
 b 616259
 c 616475
 d 614176
 e 614690
 f 614750
 g 615455
 h 615619
 i 615910
 j 615639
 k 615161
 l 616309
 m 615513
 n 614534
 o 616784
 p 614184
 q 616068
 r 615642
 s 614005
 t 615291
 u 615205
 v 615409
 w 616436
 x 614849
 y 615359
 z 615755

Total characters:  16000000
DATA, 1000000, 100, elf09, 74.396000
 a 614523
 b 616259
 c 616475
 d 614176
 e 614690
 f 614750
 g 615455
 h 615619
 i 615910
 j 615639
 k 615161
 l 616309
 m 615513
 n 614534
 o 616784
 p 614184
 q 616068
 r 615642
 s 614005
 t 615291
 u 615205
 v 615409
 w 616436
 x 614849
 y 615359
 z 615755

Total characters:  16000000
DATA, 1000000, 100, elf09, 75.585000
 a 614523
 b 616259
 c 616475
 d 614176
 e 614690
 f 614750
 g 615455
 h 615619
 i 615910
 j 615639
 k 615161
 l 616309
 m 615513
 n 614534
 o 616784
 p 614184
 q 616068
 r 615642
 s 614005
 t 615291
 u 615205
 v 615409
 w 616436
 x 614849
 y 615359
 z 615755

Total characters:  16000000
DATA, 1000000, 100, elf09, 74.604000
 a 614523
 b 616259
 c 616475
 d 614176
 e 614690
 f 614750
 g 615455
 h 615619
 i 615910
 j 615639
 k 615161
 l 616309
 m 615513
 n 614534
 o 616784
 p 614184
 q 616068
 r 615642
 s 614005
 t 615291
 u 615205
 v 615409
 w 616436
 x 614849
 y 615359
 z 615755

Total characters:  16000000
DATA, 1000000, 100, elf32, 74.053000
 a 614523
 b 616259
 c 616475
 d 614176
 e 614690
 f 614750
 g 615455
 h 615619
 i 615910
 j 615639
 k 615161
 l 616309
 m 615513
 n 614534
 o 616784
 p 614184
 q 616068
 r 615642
 s 614005
 t 615291
 u 615205
 v 615409
 w 616436
 x 614849
 y 615359
 z 615755

Total characters:  16000000
DATA, 1000000, 100, elf35, 65.597000
 a 614523
 b 616259
 c 616475
 d 614176
 e 614690
 f 614750
 g 615455
 h 615619
 i 615910
 j 615639
 k 615161
 l 616309
 m 615513
 n 614534
 o 616784
 p 614184
 q 616068
 r 615642
 s 614005
 t 615291
 u 615205
 v 615409
 w 616436
 x 614849
 y 615359
 z 615755

Total characters:  16000000
DATA, 1000000, 100, elf35, 74.397000
 a 614523
 b 616259
 c 616475
 d 614176
 e 614690
 f 614750
 g 615455
 h 615619
 i 615910
 j 615639
 k 615161
 l 616309
 m 615513
 n 614534
 o 616784
 p 614184
 q 616068
 r 615642
 s 614005
 t 615291
 u 615205
 v 615409
 w 616436
 x 614849
 y 615359
 z 615755

Total characters:  16000000
DATA, 1000000, 100, elf35, 74.854000
 a 614523
 b 616259
 c 616475
 d 614176
 e 614690
 f 614750
 g 615455
 h 615619
 i 615910
 j 615639
 k 615161
 l 616309
 m 615513
 n 614534
 o 616784
 p 614184
 q 616068
 r 615642
 s 614005
 t 615291
 u 615205
 v 615409
 w 616436
 x 614849
 y 615359
 z 615755

Total characters:  16000000
DATA, 1000000, 100, elf35, 65.745000
 a 614523
 b 616259
 c 616475
 d 614176
 e 614690
 f 614750
 g 615455
 h 615619
 i 615910
 j 615639
 k 615161
 l 616309
 m 615513
 n 614534
 o 616784
 p 614184
 q 616068
 r 615642
 s 614005
 t 615291
 u 615205
 v 615409
 w 616436
 x 614849
 y 615359
 z 615755

Total characters:  16000000
DATA, 1000000, 100, elf35, 74.780000
 a 614523
 b 616259
 c 616475
 d 614176
 e 614690
 f 614750
 g 615455
 h 615619
 i 615910
 j 615639
 k 615161
 l 616309
 m 615513
 n 614534
 o 616784
 p 614184
 q 616068
 r 615642
 s 614005
 t 615291
 u 615205
 v 615409
 w 616436
 x 614849
 y 615359
 z 615755

Total characters:  16000000
DATA, 1000000, 100, elf35, 74.498000
 a 614523
 b 616259
 c 616475
 d 614176
 e 614690
 f 614750
 g 615455
 h 615619
 i 615910
 j 615639
 k 615161
 l 616309
 m 615513
 n 614534
 o 616784
 p 614184
 q 616068
 r 615642
 s 614005
 t 615291
 u 615205
 v 615409
 w 616436
 x 614849
 y 615359
 z 615755

Total characters:  16000000
DATA, 1000000, 100, elf35, 74.473000
 a 614523
 b 616259
 c 616475
 d 614176
 e 614690
 f 614750
 g 615455
 h 615619
 i 615910
 j 615639
 k 615161
 l 616309
 m 615513
 n 614534
 o 616784
 p 614184
 q 616068
 r 615642
 s 614005
 t 615291
 u 615205
 v 615409
 w 616436
 x 614849
 y 615359
 z 615755

Total characters:  16000000
DATA, 1000000, 100, elf35, 74.908000
 a 614523
 b 616259
 c 616475
 d 614176
 e 614690
 f 614750
 g 615455
 h 615619
 i 615910
 j 615639
 k 615161
 l 616309
 m 615513
 n 614534
 o 616784
 p 614184
 q 616068
 r 615642
 s 614005
 t 615291
 u 615205
 v 615409
 w 616436
 x 614849
 y 615359
 z 615755

Total characters:  16000000
DATA, 1000000, 100, elf35, 75.069000
 a 614523
 b 616259
 c 616475
 d 614176
 e 614690
 f 614750
 g 615455
 h 615619
 i 615910
 j 615639
 k 615161
 l 616309
 m 615513
 n 614534
 o 616784
 p 614184
 q 616068
 r 615642
 s 614005
 t 615291
 u 615205
 v 615409
 w 616436
 x 614849
 y 615359
 z 615755

Total characters:  16000000
DATA, 1000000, 100, elf35, 75.144000
 a 614523
 b 616259
 c 616475
 d 614176
 e 614690
 f 614750
 g 615455
 h 615619
 i 615910
 j 615639
 k 615161
 l 616309
 m 615513
 n 614534
 o 616784
 p 614184
 q 616068
 r 615642
 s 614005
 t 615291
 u 615205
 v 615409
 w 616436
 x 614849
 y 615359
 z 615755

Total characters:  16000000
DATA, 1000000, 100, elf35, 74.656000
 a 614523
 b 616259
 c 616475
 d 614176
 e 614690
 f 614750
 g 615455
 h 615619
 i 615910
 j 615639
 k 615161
 l 616309
 m 615513
 n 614534
 o 616784
 p 614184
 q 616068
 r 615642
 s 614005
 t 615291
 u 615205
 v 615409
 w 616436
 x 614849
 y 615359
 z 615755

Total characters:  16000000
DATA, 1000000, 100, elf35, 74.730000
 a 614523
 b 616259
 c 616475
 d 614176
 e 614690
 f 614750
 g 615455
 h 615619
 i 615910
 j 615639
 k 615161
 l 616309
 m 615513
 n 614534
 o 616784
 p 614184
 q 616068
 r 615642
 s 614005
 t 615291
 u 615205
 v 615409
 w 616436
 x 614849
 y 615359
 z 615755

Total characters:  16000000
DATA, 1000000, 100, elf35, 75.067000
 a 614523
 b 616259
 c 616475
 d 614176
 e 614690
 f 614750
 g 615455
 h 615619
 i 615910
 j 615639
 k 615161
 l 616309
 m 615513
 n 614534
 o 616784
 p 614184
 q 616068
 r 615642
 s 614005
 t 615291
 u 615205
 v 615409
 w 616436
 x 614849
 y 615359
 z 615755

Total characters:  16000000
DATA, 1000000, 100, elf25, 65.678000
 a 614523
 b 616259
 c 616475
 d 614176
 e 614690
 f 614750
 g 615455
 h 615619
 i 615910
 j 615639
 k 615161
 l 616309
 m 615513
 n 614534
 o 616784
 p 614184
 q 616068
 r 615642
 s 614005
 t 615291
 u 615205
 v 615409
 w 616436
 x 614849
 y 615359
 z 615755

Total characters:  16000000
DATA, 1000000, 100, elf20, 65.713000
 a 614523
 b 616259
 c 616475
 d 614176
 e 614690
 f 614750
 g 615455
 h 615619
 i 615910
 j 615639
 k 615161
 l 616309
 m 615513
 n 614534
 o 616784
 p 614184
 q 616068
 r 615642
 s 614005
 t 615291
 u 615205
 v 615409
 w 616436
 x 614849
 y 615359
 z 615755

Total characters:  16000000
DATA, 1000000, 100, elf25, 65.694000
 a 614523
 b 616259
 c 616475
 d 614176
 e 614690
 f 614750
 g 615455
 h 615619
 i 615910
 j 615639
 k 615161
 l 616309
 m 615513
 n 614534
 o 616784
 p 614184
 q 616068
 r 615642
 s 614005
 t 615291
 u 615205
 v 615409
 w 616436
 x 614849
 y 615359
 z 615755

Total characters:  16000000
DATA, 1000000, 100, elf20, 74.601000
 a 614523
 b 616259
 c 616475
 d 614176
 e 614690
 f 614750
 g 615455
 h 615619
 i 615910
 j 615639
 k 615161
 l 616309
 m 615513
 n 614534
 o 616784
 p 614184
 q 616068
 r 615642
 s 614005
 t 615291
 u 615205
 v 615409
 w 616436
 x 614849
 y 615359
 z 615755

Total characters:  16000000
DATA, 1000000, 100, elf25, 65.610000
 a 614523
 b 616259
 c 616475
 d 614176
 e 614690
 f 614750
 g 615455
 h 615619
 i 615910
 j 615639
 k 615161
 l 616309
 m 615513
 n 614534
 o 616784
 p 614184
 q 616068
 r 615642
 s 614005
 t 615291
 u 615205
 v 615409
 w 616436
 x 614849
 y 615359
 z 615755

Total characters:  16000000
DATA, 1000000, 100, elf20, 74.677000
 a 614523
 b 616259
 c 616475
 d 614176
 e 614690
 f 614750
 g 615455
 h 615619
 i 615910
 j 615639
 k 615161
 l 616309
 m 615513
 n 614534
 o 616784
 p 614184
 q 616068
 r 615642
 s 614005
 t 615291
 u 615205
 v 615409
 w 616436
 x 614849
 y 615359
 z 615755

Total characters:  16000000
DATA, 1000000, 100, elf25, 75.114000
 a 614523
 b 616259
 c 616475
 d 614176
 e 614690
 f 614750
 g 615455
 h 615619
 i 615910
 j 615639
 k 615161
 l 616309
 m 615513
 n 614534
 o 616784
 p 614184
 q 616068
 r 615642
 s 614005
 t 615291
 u 615205
 v 615409
 w 616436
 x 614849
 y 615359
 z 615755

Total characters:  16000000
DATA, 1000000, 100, elf20, 75.100000
 a 614523
 b 616259
 c 616475
 d 614176
 e 614690
 f 614750
 g 615455
 h 615619
 i 615910
 j 615639
 k 615161
 l 616309
 m 615513
 n 614534
 o 616784
 p 614184
 q 616068
 r 615642
 s 614005
 t 615291
 u 615205
 v 615409
 w 616436
 x 614849
 y 615359
 z 615755

Total characters:  16000000
DATA, 1000000, 100, elf25, 74.739000
 a 614523
 b 616259
 c 616475
 d 614176
 e 614690
 f 614750
 g 615455
 h 615619
 i 615910
 j 615639
 k 615161
 l 616309
 m 615513
 n 614534
 o 616784
 p 614184
 q 616068
 r 615642
 s 614005
 t 615291
 u 615205
 v 615409
 w 616436
 x 614849
 y 615359
 z 615755

Total characters:  16000000
DATA, 1000000, 100, elf20, 75.058000
 a 614523
 b 616259
 c 616475
 d 614176
 e 614690
 f 614750
 g 615455
 h 615619
 i 615910
 j 615639
 k 615161
 l 616309
 m 615513
 n 614534
 o 616784
 p 614184
 q 616068
 r 615642
 s 614005
 t 615291
 u 615205
 v 615409
 w 616436
 x 614849
 y 615359
 z 615755

Total characters:  16000000
DATA, 1000000, 100, elf25, 74.241000
 a 614523
 b 616259
 c 616475
 d 614176
 e 614690
 f 614750
 g 615455
 h 615619
 i 615910
 j 615639
 k 615161
 l 616309
 m 615513
 n 614534
 o 616784
 p 614184
 q 616068
 r 615642
 s 614005
 t 615291
 u 615205
 v 615409
 w 616436
 x 614849
 y 615359
 z 615755

Total characters:  16000000
DATA, 1000000, 100, elf20, 65.653000
 a 614523
 b 616259
 c 616475
 d 614176
 e 614690
 f 614750
 g 615455
 h 615619
 i 615910
 j 615639
 k 615161
 l 616309
 m 615513
 n 614534
 o 616784
 p 614184
 q 616068
 r 615642
 s 614005
 t 615291
 u 615205
 v 615409
 w 616436
 x 614849
 y 615359
 z 615755

Total characters:  16000000
DATA, 1000000, 100, elf25, 74.647000
 a 614523
 b 616259
 c 616475
 d 614176
 e 614690
 f 614750
 g 615455
 h 615619
 i 615910
 j 615639
 k 615161
 l 616309
 m 615513
 n 614534
 o 616784
 p 614184
 q 616068
 r 615642
 s 614005
 t 615291
 u 615205
 v 615409
 w 616436
 x 614849
 y 615359
 z 615755

Total characters:  16000000
DATA, 1000000, 100, elf20, 74.947000
 a 614523
 b 616259
 c 616475
 d 614176
 e 614690
 f 614750
 g 615455
 h 615619
 i 615910
 j 615639
 k 615161
 l 616309
 m 615513
 n 614534
 o 616784
 p 614184
 q 616068
 r 615642
 s 614005
 t 615291
 u 615205
 v 615409
 w 616436
 x 614849
 y 615359
 z 615755

Total characters:  16000000
DATA, 1000000, 100, elf25, 74.430000
 a 614523
 b 616259
 c 616475
 d 614176
 e 614690
 f 614750
 g 615455
 h 615619
 i 615910
 j 615639
 k 615161
 l 616309
 m 615513
 n 614534
 o 616784
 p 614184
 q 616068
 r 615642
 s 614005
 t 615291
 u 615205
 v 615409
 w 616436
 x 614849
 y 615359
 z 615755

Total characters:  16000000
DATA, 1000000, 100, elf20, 65.711000
 a 614523
 b 616259
 c 616475
 d 614176
 e 614690
 f 614750
 g 615455
 h 615619
 i 615910
 j 615639
 k 615161
 l 616309
 m 615513
 n 614534
 o 616784
 p 614184
 q 616068
 r 615642
 s 614005
 t 615291
 u 615205
 v 615409
 w 616436
 x 614849
 y 615359
 z 615755

Total characters:  16000000
DATA, 1000000, 100, elf25, 74.731000
 a 614523
 b 616259
 c 616475
 d 614176
 e 614690
 f 614750
 g 615455
 h 615619
 i 615910
 j 615639
 k 615161
 l 616309
 m 615513
 n 614534
 o 616784
 p 614184
 q 616068
 r 615642
 s 614005
 t 615291
 u 615205
 v 615409
 w 616436
 x 614849
 y 615359
 z 615755

Total characters:  16000000
DATA, 1000000, 100, elf25, 74.922000
 a 614523
 b 616259
 c 616475
 d 614176
 e 614690
 f 614750
 g 615455
 h 615619
 i 615910
 j 615639
 k 615161
 l 616309
 m 615513
 n 614534
 o 616784
 p 614184
 q 616068
 r 615642
 s 614005
 t 615291
 u 615205
 v 615409
 w 616436
 x 614849
 y 615359
 z 615755

Total characters:  16000000
DATA, 1000000, 100, elf32, 74.780000
 a 614523
 b 616259
 c 616475
 d 614176
 e 614690
 f 614750
 g 615455
 h 615619
 i 615910
 j 615639
 k 615161
 l 616309
 m 615513
 n 614534
 o 616784
 p 614184
 q 616068
 r 615642
 s 614005
 t 615291
 u 615205
 v 615409
 w 616436
 x 614849
 y 615359
 z 615755

Total characters:  16000000
DATA, 1000000, 100, elf25, 74.892000
 a 614523
 b 616259
 c 616475
 d 614176
 e 614690
 f 614750
 g 615455
 h 615619
 i 615910
 j 615639
 k 615161
 l 616309
 m 615513
 n 614534
 o 616784
 p 614184
 q 616068
 r 615642
 s 614005
 t 615291
 u 615205
 v 615409
 w 616436
 x 614849
 y 615359
 z 615755

Total characters:  16000000
DATA, 1000000, 100, elf32, 75.310000
 a 614523
 b 616259
 c 616475
 d 614176
 e 614690
 f 614750
 g 615455
 h 615619
 i 615910
 j 615639
 k 615161
 l 616309
 m 615513
 n 614534
 o 616784
 p 614184
 q 616068
 r 615642
 s 614005
 t 615291
 u 615205
 v 615409
 w 616436
 x 614849
 y 615359
 z 615755

Total characters:  16000000
DATA, 1000000, 100, elf25, 75.247000
 a 614523
 b 616259
 c 616475
 d 614176
 e 614690
 f 614750
 g 615455
 h 615619
 i 615910
 j 615639
 k 615161
 l 616309
 m 615513
 n 614534
 o 616784
 p 614184
 q 616068
 r 615642
 s 614005
 t 615291
 u 615205
 v 615409
 w 616436
 x 614849
 y 615359
 z 615755

Total characters:  16000000
DATA, 1000000, 100, elf32, 75.298000
 a 614523
 b 616259
 c 616475
 d 614176
 e 614690
 f 614750
 g 615455
 h 615619
 i 615910
 j 615639
 k 615161
 l 616309
 m 615513
 n 614534
 o 616784
 p 614184
 q 616068
 r 615642
 s 614005
 t 615291
 u 615205
 v 615409
 w 616436
 x 614849
 y 615359
 z 615755

Total characters:  16000000
DATA, 1000000, 100, elf20, 74.714000
 a 614523
 b 616259
 c 616475
 d 614176
 e 614690
 f 614750
 g 615455
 h 615619
 i 615910
 j 615639
 k 615161
 l 616309
 m 615513
 n 614534
 o 616784
 p 614184
 q 616068
 r 615642
 s 614005
 t 615291
 u 615205
 v 615409
 w 616436
 x 614849
 y 615359
 z 615755

Total characters:  16000000
DATA, 1000000, 100, elf20, 74.788000
 a 614523
 b 616259
 c 616475
 d 614176
 e 614690
 f 614750
 g 615455
 h 615619
 i 615910
 j 615639
 k 615161
 l 616309
 m 615513
 n 614534
 o 616784
 p 614184
 q 616068
 r 615642
 s 614005
 t 615291
 u 615205
 v 615409
 w 616436
 x 614849
 y 615359
 z 615755

Total characters:  16000000
DATA, 1000000, 100, elf25, 74.946000
 a 614523
 b 616259
 c 616475
 d 614176
 e 614690
 f 614750
 g 615455
 h 615619
 i 615910
 j 615639
 k 615161
 l 616309
 m 615513
 n 614534
 o 616784
 p 614184
 q 616068
 r 615642
 s 614005
 t 615291
 u 615205
 v 615409
 w 616436
 x 614849
 y 615359
 z 615755

Total characters:  16000000
DATA, 1000000, 100, elf20, 74.895000
 a 614523
 b 616259
 c 616475
 d 614176
 e 614690
 f 614750
 g 615455
 h 615619
 i 615910
 j 615639
 k 615161
 l 616309
 m 615513
 n 614534
 o 616784
 p 614184
 q 616068
 r 615642
 s 614005
 t 615291
 u 615205
 v 615409
 w 616436
 x 614849
 y 615359
 z 615755

Total characters:  16000000
DATA, 1000000, 100, elf25, 74.341000
 a 614523
 b 616259
 c 616475
 d 614176
 e 614690
 f 614750
 g 615455
 h 615619
 i 615910
 j 615639
 k 615161
 l 616309
 m 615513
 n 614534
 o 616784
 p 614184
 q 616068
 r 615642
 s 614005
 t 615291
 u 615205
 v 615409
 w 616436
 x 614849
 y 615359
 z 615755

Total characters:  16000000
DATA, 1000000, 100, elf20, 74.981000
 a 614523
 b 616259
 c 616475
 d 614176
 e 614690
 f 614750
 g 615455
 h 615619
 i 615910
 j 615639
 k 615161
 l 616309
 m 615513
 n 614534
 o 616784
 p 614184
 q 616068
 r 615642
 s 614005
 t 615291
 u 615205
 v 615409
 w 616436
 x 614849
 y 615359
 z 615755

Total characters:  16000000
DATA, 1000000, 100, elf20, 74.465000
 a 614523
 b 616259
 c 616475
 d 614176
 e 614690
 f 614750
 g 615455
 h 615619
 i 615910
 j 615639
 k 615161
 l 616309
 m 615513
 n 614534
 o 616784
 p 614184
 q 616068
 r 615642
 s 614005
 t 615291
 u 615205
 v 615409
 w 616436
 x 614849
 y 615359
 z 615755

Total characters:  16000000
DATA, 1000000, 100, elf20, 74.622000
 a 614523
 b 616259
 c 616475
 d 614176
 e 614690
 f 614750
 g 615455
 h 615619
 i 615910
 j 615639
 k 615161
 l 616309
 m 615513
 n 614534
 o 616784
 p 614184
 q 616068
 r 615642
 s 614005
 t 615291
 u 615205
 v 615409
 w 616436
 x 614849
 y 615359
 z 615755

Total characters:  16000000
DATA, 1000000, 100, elf27, 74.664000
 a 614523
 b 616259
 c 616475
 d 614176
 e 614690
 f 614750
 g 615455
 h 615619
 i 615910
 j 615639
 k 615161
 l 616309
 m 615513
 n 614534
 o 616784
 p 614184
 q 616068
 r 615642
 s 614005
 t 615291
 u 615205
 v 615409
 w 616436
 x 614849
 y 615359
 z 615755

Total characters:  16000000
DATA, 1000000, 100, elf27, 74.419000
 a 614523
 b 616259
 c 616475
 d 614176
 e 614690
 f 614750
 g 615455
 h 615619
 i 615910
 j 615639
 k 615161
 l 616309
 m 615513
 n 614534
 o 616784
 p 614184
 q 616068
 r 615642
 s 614005
 t 615291
 u 615205
 v 615409
 w 616436
 x 614849
 y 615359
 z 615755

Total characters:  16000000
DATA, 1000000, 100, elf27, 74.773000
 a 614523
 b 616259
 c 616475
 d 614176
 e 614690
 f 614750
 g 615455
 h 615619
 i 615910
 j 615639
 k 615161
 l 616309
 m 615513
 n 614534
 o 616784
 p 614184
 q 616068
 r 615642
 s 614005
 t 615291
 u 615205
 v 615409
 w 616436
 x 614849
 y 615359
 z 615755

Total characters:  16000000
DATA, 1000000, 100, elf27, 74.687000
 a 614523
 b 616259
 c 616475
 d 614176
 e 614690
 f 614750
 g 615455
 h 615619
 i 615910
 j 615639
 k 615161
 l 616309
 m 615513
 n 614534
 o 616784
 p 614184
 q 616068
 r 615642
 s 614005
 t 615291
 u 615205
 v 615409
 w 616436
 x 614849
 y 615359
 z 615755

Total characters:  16000000
DATA, 1000000, 100, elf27, 75.297000
 a 614523
 b 616259
 c 616475
 d 614176
 e 614690
 f 614750
 g 615455
 h 615619
 i 615910
 j 615639
 k 615161
 l 616309
 m 615513
 n 614534
 o 616784
 p 614184
 q 616068
 r 615642
 s 614005
 t 615291
 u 615205
 v 615409
 w 616436
 x 614849
 y 615359
 z 615755

Total characters:  16000000
DATA, 1000000, 100, elf27, 74.353000
 a 614523
 b 616259
 c 616475
 d 614176
 e 614690
 f 614750
 g 615455
 h 615619
 i 615910
 j 615639
 k 615161
 l 616309
 m 615513
 n 614534
 o 616784
 p 614184
 q 616068
 r 615642
 s 614005
 t 615291
 u 615205
 v 615409
 w 616436
 x 614849
 y 615359
 z 615755

Total characters:  16000000
DATA, 1000000, 100, elf27, 75.607000
 a 614523
 b 616259
 c 616475
 d 614176
 e 614690
 f 614750
 g 615455
 h 615619
 i 615910
 j 615639
 k 615161
 l 616309
 m 615513
 n 614534
 o 616784
 p 614184
 q 616068
 r 615642
 s 614005
 t 615291
 u 615205
 v 615409
 w 616436
 x 614849
 y 615359
 z 615755

Total characters:  16000000
DATA, 1000000, 100, elf27, 65.783000
 a 614523
 b 616259
 c 616475
 d 614176
 e 614690
 f 614750
 g 615455
 h 615619
 i 615910
 j 615639
 k 615161
 l 616309
 m 615513
 n 614534
 o 616784
 p 614184
 q 616068
 r 615642
 s 614005
 t 615291
 u 615205
 v 615409
 w 616436
 x 614849
 y 615359
 z 615755

Total characters:  16000000
DATA, 1000000, 100, elf27, 74.520000
 a 614523
 b 616259
 c 616475
 d 614176
 e 614690
 f 614750
 g 615455
 h 615619
 i 615910
 j 615639
 k 615161
 l 616309
 m 615513
 n 614534
 o 616784
 p 614184
 q 616068
 r 615642
 s 614005
 t 615291
 u 615205
 v 615409
 w 616436
 x 614849
 y 615359
 z 615755

Total characters:  16000000
DATA, 1000000, 100, elf27, 75.092000
 a 614523
 b 616259
 c 616475
 d 614176
 e 614690
 f 614750
 g 615455
 h 615619
 i 615910
 j 615639
 k 615161
 l 616309
 m 615513
 n 614534
 o 616784
 p 614184
 q 616068
 r 615642
 s 614005
 t 615291
 u 615205
 v 615409
 w 616436
 x 614849
 y 615359
 z 615755

Total characters:  16000000
DATA, 1000000, 100, elf27, 75.448000
 a 614523
 b 616259
 c 616475
 d 614176
 e 614690
 f 614750
 g 615455
 h 615619
 i 615910
 j 615639
 k 615161
 l 616309
 m 615513
 n 614534
 o 616784
 p 614184
 q 616068
 r 615642
 s 614005
 t 615291
 u 615205
 v 615409
 w 616436
 x 614849
 y 615359
 z 615755

Total characters:  16000000
DATA, 1000000, 100, elf27, 74.934000
 a 614523
 b 616259
 c 616475
 d 614176
 e 614690
 f 614750
 g 615455
 h 615619
 i 615910
 j 615639
 k 615161
 l 616309
 m 615513
 n 614534
 o 616784
 p 614184
 q 616068
 r 615642
 s 614005
 t 615291
 u 615205
 v 615409
 w 616436
 x 614849
 y 615359
 z 615755

Total characters:  16000000
DATA, 1000000, 100, elf27, 75.319000
 a 614523
 b 616259
 c 616475
 d 614176
 e 614690
 f 614750
 g 615455
 h 615619
 i 615910
 j 615639
 k 615161
 l 616309
 m 615513
 n 614534
 o 616784
 p 614184
 q 616068
 r 615642
 s 614005
 t 615291
 u 615205
 v 615409
 w 616436
 x 614849
 y 615359
 z 615755

Total characters:  16000000
DATA, 1000000, 100, elf27, 75.684000
 a 614523
 b 616259
 c 616475
 d 614176
 e 614690
 f 614750
 g 615455
 h 615619
 i 615910
 j 615639
 k 615161
 l 616309
 m 615513
 n 614534
 o 616784
 p 614184
 q 616068
 r 615642
 s 614005
 t 615291
 u 615205
 v 615409
 w 616436
 x 614849
 y 615359
 z 615755

Total characters:  16000000
DATA, 1000000, 100, elf32, 75.800000
 a 614523
 b 616259
 c 616475
 d 614176
 e 614690
 f 614750
 g 615455
 h 615619
 i 615910
 j 615639
 k 615161
 l 616309
 m 615513
 n 614534
 o 616784
 p 614184
 q 616068
 r 615642
 s 614005
 t 615291
 u 615205
 v 615409
 w 616436
 x 614849
 y 615359
 z 615755

Total characters:  16000000
DATA, 1000000, 100, elf25, 73.622000
 a 614523
 b 616259
 c 616475
 d 614176
 e 614690
 f 614750
 g 615455
 h 615619
 i 615910
 j 615639
 k 615161
 l 616309
 m 615513
 n 614534
 o 616784
 p 614184
 q 616068
 r 615642
 s 614005
 t 615291
 u 615205
 v 615409
 w 616436
 x 614849
 y 615359
 z 615755

Total characters:  16000000
DATA, 1000000, 100, elf27, 74.649000
 a 614523
 b 616259
 c 616475
 d 614176
 e 614690
 f 614750
 g 615455
 h 615619
 i 615910
 j 615639
 k 615161
 l 616309
 m 615513
 n 614534
 o 616784
 p 614184
 q 616068
 r 615642
 s 614005
 t 615291
 u 615205
 v 615409
 w 616436
 x 614849
 y 615359
 z 615755

Total characters:  16000000
DATA, 1000000, 100, elf35, 74.252000
 a 614523
 b 616259
 c 616475
 d 614176
 e 614690
 f 614750
 g 615455
 h 615619
 i 615910
 j 615639
 k 615161
 l 616309
 m 615513
 n 614534
 o 616784
 p 614184
 q 616068
 r 615642
 s 614005
 t 615291
 u 615205
 v 615409
 w 616436
 x 614849
 y 615359
 z 615755

Total characters:  16000000
DATA, 1000000, 100, elf32, 75.097000
 a 614523
 b 616259
 c 616475
 d 614176
 e 614690
 f 614750
 g 615455
 h 615619
 i 615910
 j 615639
 k 615161
 l 616309
 m 615513
 n 614534
 o 616784
 p 614184
 q 616068
 r 615642
 s 614005
 t 615291
 u 615205
 v 615409
 w 616436
 x 614849
 y 615359
 z 615755

Total characters:  16000000
DATA, 1000000, 100, elf09, 172.358000
 a 614523
 b 616259
 c 616475
 d 614176
 e 614690
 f 614750
 g 615455
 h 615619
 i 615910
 j 615639
 k 615161
 l 616309
 m 615513
 n 614534
 o 616784
 p 614184
 q 616068
 r 615642
 s 614005
 t 615291
 u 615205
 v 615409
 w 616436
 x 614849
 y 615359
 z 615755

Total characters:  16000000
DATA, 1000000, 100, elf20, 170.400000
 a 614523
 b 616259
 c 616475
 d 614176
 e 614690
 f 614750
 g 615455
 h 615619
 i 615910
 j 615639
 k 615161
 l 616309
 m 615513
 n 614534
 o 616784
 p 614184
 q 616068
 r 615642
 s 614005
 t 615291
 u 615205
 v 615409
 w 616436
 x 614849
 y 615359
 z 615755

Total characters:  16000000
DATA, 1000000, 100, elf35, 171.074000
 a 614523
 b 616259
 c 616475
 d 614176
 e 614690
 f 614750
 g 615455
 h 615619
 i 615910
 j 615639
 k 615161
 l 616309
 m 615513
 n 614534
 o 616784
 p 614184
 q 616068
 r 615642
 s 614005
 t 615291
 u 615205
 v 615409
 w 616436
 x 614849
 y 615359
 z 615755

Total characters:  16000000
DATA, 1000000, 100, elf36, 326.949000
 a 614523
 b 616259
 c 616475
 d 614176
 e 614690
 f 614750
 g 615455
 h 615619
 i 615910
 j 615639
 k 615161
 l 616309
 m 615513
 n 614534
 o 616784
 p 614184
 q 616068
 r 615642
 s 614005
 t 615291
 u 615205
 v 615409
 w 616436
 x 614849
 y 615359
 z 615755

Total characters:  16000000
DATA, 1000000, 100, elf36, 327.164000
 a 614523
 b 616259
 c 616475
 d 614176
 e 614690
 f 614750
 g 615455
 h 615619
 i 615910
 j 615639
 k 615161
 l 616309
 m 615513
 n 614534
 o 616784
 p 614184
 q 616068
 r 615642
 s 614005
 t 615291
 u 615205
 v 615409
 w 616436
 x 614849
 y 615359
 z 615755

Total characters:  16000000
DATA, 1000000, 100, elf36, 328.104000
 a 614523
 b 616259
 c 616475
 d 614176
 e 614690
 f 614750
 g 615455
 h 615619
 i 615910
 j 615639
 k 615161
 l 616309
 m 615513
 n 614534
 o 616784
 p 614184
 q 616068
 r 615642
 s 614005
 t 615291
 u 615205
 v 615409
 w 616436
 x 614849
 y 615359
 z 615755

Total characters:  16000000
DATA, 1000000, 100, elf36, 327.389000
 a 614523
 b 616259
 c 616475
 d 614176
 e 614690
 f 614750
 g 615455
 h 615619
 i 615910
 j 615639
 k 615161
 l 616309
 m 615513
 n 614534
 o 616784
 p 614184
 q 616068
 r 615642
 s 614005
 t 615291
 u 615205
 v 615409
 w 616436
 x 614849
 y 615359
 z 615755

Total characters:  16000000
DATA, 1000000, 100, elf32, 336.729000
 a 614523
 b 616259
 c 616475
 d 614176
 e 614690
 f 614750
 g 615455
 h 615619
 i 615910
 j 615639
 k 615161
 l 616309
 m 615513
 n 614534
 o 616784
 p 614184
 q 616068
 r 615642
 s 614005
 t 615291
 u 615205
 v 615409
 w 616436
 x 614849
 y 615359
 z 615755

Total characters:  16000000
DATA, 1000000, 100, elf20, 333.927000
 a 614523
 b 616259
 c 616475
 d 614176
 e 614690
 f 614750
 g 615455
 h 615619
 i 615910
 j 615639
 k 615161
 l 616309
 m 615513
 n 614534
 o 616784
 p 614184
 q 616068
 r 615642
 s 614005
 t 615291
 u 615205
 v 615409
 w 616436
 x 614849
 y 615359
 z 615755

Total characters:  16000000
DATA, 1000000, 100, elf25, 335.688000
 a 614523
 b 616259
 c 616475
 d 614176
 e 614690
 f 614750
 g 615455
 h 615619
 i 615910
 j 615639
 k 615161
 l 616309
 m 615513
 n 614534
 o 616784
 p 614184
 q 616068
 r 615642
 s 614005
 t 615291
 u 615205
 v 615409
 w 616436
 x 614849
 y 615359
 z 615755

Total characters:  16000000
DATA, 1000000, 100, elf27, 334.085000
 a 614523
 b 616259
 c 616475
 d 614176
 e 614690
 f 614750
 g 615455
 h 615619
 i 615910
 j 615639
 k 615161
 l 616309
 m 615513
 n 614534
 o 616784
 p 614184
 q 616068
 r 615642
 s 614005
 t 615291
 u 615205
 v 615409
 w 616436
 x 614849
 y 615359
 z 615755

Total characters:  16000000
DATA, 1000000, 100, elf09, 337.285000
 a 614523
 b 616259
 c 616475
 d 614176
 e 614690
 f 614750
 g 615455
 h 615619
 i 615910
 j 615639
 k 615161
 l 616309
 m 615513
 n 614534
 o 616784
 p 614184
 q 616068
 r 615642
 s 614005
 t 615291
 u 615205
 v 615409
 w 616436
 x 614849
 y 615359
 z 615755

Total characters:  16000000
DATA, 1000000, 100, elf35, 334.987000
 a 614523
 b 616259
 c 616475
 d 614176
 e 614690
 f 614750
 g 615455
 h 615619
 i 615910
 j 615639
 k 615161
 l 616309
 m 615513
 n 614534
 o 616784
 p 614184
 q 616068
 r 615642
 s 614005
 t 615291
 u 615205
 v 615409
 w 616436
 x 614849
 y 615359
 z 615755

Total characters:  16000000
DATA, 1000000, 100, elf32, 335.307000
 a 614523
 b 616259
 c 616475
 d 614176
 e 614690
 f 614750
 g 615455
 h 615619
 i 615910
 j 615639
 k 615161
 l 616309
 m 615513
 n 614534
 o 616784
 p 614184
 q 616068
 r 615642
 s 614005
 t 615291
 u 615205
 v 615409
 w 616436
 x 614849
 y 615359
 z 615755

Total characters:  16000000
DATA, 1000000, 100, elf32, 334.865000
 a 614523
 b 616259
 c 616475
 d 614176
 e 614690
 f 614750
 g 615455
 h 615619
 i 615910
 j 615639
 k 615161
 l 616309
 m 615513
 n 614534
 o 616784
 p 614184
 q 616068
 r 615642
 s 614005
 t 615291
 u 615205
 v 615409
 w 616436
 x 614849
 y 615359
 z 615755

Total characters:  16000000
DATA, 1000000, 100, elf32, 337.008000
 a 614523
 b 616259
 c 616475
 d 614176
 e 614690
 f 614750
 g 615455
 h 615619
 i 615910
 j 615639
 k 615161
 l 616309
 m 615513
 n 614534
 o 616784
 p 614184
 q 616068
 r 615642
 s 614005
 t 615291
 u 615205
 v 615409
 w 616436
 x 614849
 y 615359
 z 615755

Total characters:  16000000
DATA, 1000000, 100, elf32, 333.941000
 a 614523
 b 616259
 c 616475
 d 614176
 e 614690
 f 614750
 g 615455
 h 615619
 i 615910
 j 615639
 k 615161
 l 616309
 m 615513
 n 614534
 o 616784
 p 614184
 q 616068
 r 615642
 s 614005
 t 615291
 u 615205
 v 615409
 w 616436
 x 614849
 y 615359
 z 615755

Total characters:  16000000
DATA, 1000000, 100, elf32, 335.782000
 a 614523
 b 616259
 c 616475
 d 614176
 e 614690
 f 614750
 g 615455
 h 615619
 i 615910
 j 615639
 k 615161
 l 616309
 m 615513
 n 614534
 o 616784
 p 614184
 q 616068
 r 615642
 s 614005
 t 615291
 u 615205
 v 615409
 w 616436
 x 614849
 y 615359
 z 615755

Total characters:  16000000
DATA, 1000000, 100, elf32, 336.165000
 a 614523
 b 616259
 c 616475
 d 614176
 e 614690
 f 614750
 g 615455
 h 615619
 i 615910
 j 615639
 k 615161
 l 616309
 m 615513
 n 614534
 o 616784
 p 614184
 q 616068
 r 615642
 s 614005
 t 615291
 u 615205
 v 615409
 w 616436
 x 614849
 y 615359
 z 615755

Total characters:  16000000
DATA, 1000000, 100, elf32, 334.871000
 a 614523
 b 616259
 c 616475
 d 614176
 e 614690
 f 614750
 g 615455
 h 615619
 i 615910
 j 615639
 k 615161
 l 616309
 m 615513
 n 614534
 o 616784
 p 614184
 q 616068
 r 615642
 s 614005
 t 615291
 u 615205
 v 615409
 w 616436
 x 614849
 y 615359
 z 615755

Total characters:  16000000
DATA, 1000000, 100, elf32, 335.621000
 a 614523
 b 616259
 c 616475
 d 614176
 e 614690
 f 614750
 g 615455
 h 615619
 i 615910
 j 615639
 k 615161
 l 616309
 m 615513
 n 614534
 o 616784
 p 614184
 q 616068
 r 615642
 s 614005
 t 615291
 u 615205
 v 615409
 w 616436
 x 614849
 y 615359
 z 615755

Total characters:  16000000
DATA, 1000000, 100, elf32, 336.494000
 a 614523
 b 616259
 c 616475
 d 614176
 e 614690
 f 614750
 g 615455
 h 615619
 i 615910
 j 615639
 k 615161
 l 616309
 m 615513
 n 614534
 o 616784
 p 614184
 q 616068
 r 615642
 s 614005
 t 615291
 u 615205
 v 615409
 w 616436
 x 614849
 y 615359
 z 615755

Total characters:  16000000
DATA, 1000000, 100, elf32, 336.729000
 a 614523
 b 616259
 c 616475
 d 614176
 e 614690
 f 614750
 g 615455
 h 615619
 i 615910
 j 615639
 k 615161
 l 616309
 m 615513
 n 614534
 o 616784
 p 614184
 q 616068
 r 615642
 s 614005
 t 615291
 u 615205
 v 615409
 w 616436
 x 614849
 y 615359
 z 615755

Total characters:  16000000
DATA, 1000000, 100, elf32, 342.560000
 a 614523
 b 616259
 c 616475
 d 614176
 e 614690
 f 614750
 g 615455
 h 615619
 i 615910
 j 615639
 k 615161
 l 616309
 m 615513
 n 614534
 o 616784
 p 614184
 q 616068
 r 615642
 s 614005
 t 615291
 u 615205
 v 615409
 w 616436
 x 614849
 y 615359
 z 615755

Total characters:  16000000
DATA, 1000000, 100, elf09, 335.784000
 a 614523
 b 616259
 c 616475
 d 614176
 e 614690
 f 614750
 g 615455
 h 615619
 i 615910
 j 615639
 k 615161
 l 616309
 m 615513
 n 614534
 o 616784
 p 614184
 q 616068
 r 615642
 s 614005
 t 615291
 u 615205
 v 615409
 w 616436
 x 614849
 y 615359
 z 615755

Total characters:  16000000
DATA, 1000000, 100, elf09, 336.275000
 a 614523
 b 616259
 c 616475
 d 614176
 e 614690
 f 614750
 g 615455
 h 615619
 i 615910
 j 615639
 k 615161
 l 616309
 m 615513
 n 614534
 o 616784
 p 614184
 q 616068
 r 615642
 s 614005
 t 615291
 u 615205
 v 615409
 w 616436
 x 614849
 y 615359
 z 615755

Total characters:  16000000
DATA, 1000000, 100, elf09, 335.377000
 a 614523
 b 616259
 c 616475
 d 614176
 e 614690
 f 614750
 g 615455
 h 615619
 i 615910
 j 615639
 k 615161
 l 616309
 m 615513
 n 614534
 o 616784
 p 614184
 q 616068
 r 615642
 s 614005
 t 615291
 u 615205
 v 615409
 w 616436
 x 614849
 y 615359
 z 615755

Total characters:  16000000
DATA, 1000000, 100, elf09, 359.000000
 a 614523
 b 616259
 c 616475
 d 614176
 e 614690
 f 614750
 g 615455
 h 615619
 i 615910
 j 615639
 k 615161
 l 616309
 m 615513
 n 614534
 o 616784
 p 614184
 q 616068
 r 615642
 s 614005
 t 615291
 u 615205
 v 615409
 w 616436
 x 614849
 y 615359
 z 615755

Total characters:  16000000
DATA, 1000000, 100, elf09, 334.221000
 a 614523
 b 616259
 c 616475
 d 614176
 e 614690
 f 614750
 g 615455
 h 615619
 i 615910
 j 615639
 k 615161
 l 616309
 m 615513
 n 614534
 o 616784
 p 614184
 q 616068
 r 615642
 s 614005
 t 615291
 u 615205
 v 615409
 w 616436
 x 614849
 y 615359
 z 615755

Total characters:  16000000
DATA, 1000000, 100, elf09, 334.647000
 a 614523
 b 616259
 c 616475
 d 614176
 e 614690
 f 614750
 g 615455
 h 615619
 i 615910
 j 615639
 k 615161
 l 616309
 m 615513
 n 614534
 o 616784
 p 614184
 q 616068
 r 615642
 s 614005
 t 615291
 u 615205
 v 615409
 w 616436
 x 614849
 y 615359
 z 615755

Total characters:  16000000
DATA, 1000000, 100, elf09, 336.066000
 a 614523
 b 616259
 c 616475
 d 614176
 e 614690
 f 614750
 g 615455
 h 615619
 i 615910
 j 615639
 k 615161
 l 616309
 m 615513
 n 614534
 o 616784
 p 614184
 q 616068
 r 615642
 s 614005
 t 615291
 u 615205
 v 615409
 w 616436
 x 614849
 y 615359
 z 615755

Total characters:  16000000
DATA, 1000000, 100, elf09, 336.598000
 a 614523
 b 616259
 c 616475
 d 614176
 e 614690
 f 614750
 g 615455
 h 615619
 i 615910
 j 615639
 k 615161
 l 616309
 m 615513
 n 614534
 o 616784
 p 614184
 q 616068
 r 615642
 s 614005
 t 615291
 u 615205
 v 615409
 w 616436
 x 614849
 y 615359
 z 615755

Total characters:  16000000
DATA, 1000000, 100, elf09, 336.334000
 a 614523
 b 616259
 c 616475
 d 614176
 e 614690
 f 614750
 g 615455
 h 615619
 i 615910
 j 615639
 k 615161
 l 616309
 m 615513
 n 614534
 o 616784
 p 614184
 q 616068
 r 615642
 s 614005
 t 615291
 u 615205
 v 615409
 w 616436
 x 614849
 y 615359
 z 615755

Total characters:  16000000
DATA, 1000000, 100, elf09, 335.884000
 a 614523
 b 616259
 c 616475
 d 614176
 e 614690
 f 614750
 g 615455
 h 615619
 i 615910
 j 615639
 k 615161
 l 616309
 m 615513
 n 614534
 o 616784
 p 614184
 q 616068
 r 615642
 s 614005
 t 615291
 u 615205
 v 615409
 w 616436
 x 614849
 y 615359
 z 615755

Total characters:  16000000
DATA, 1000000, 100, elf09, 337.740000
 a 614523
 b 616259
 c 616475
 d 614176
 e 614690
 f 614750
 g 615455
 h 615619
 i 615910
 j 615639
 k 615161
 l 616309
 m 615513
 n 614534
 o 616784
 p 614184
 q 616068
 r 615642
 s 614005
 t 615291
 u 615205
 v 615409
 w 616436
 x 614849
 y 615359
 z 615755

Total characters:  16000000
DATA, 1000000, 100, elf09, 338.090000
 a 614523
 b 616259
 c 616475
 d 614176
 e 614690
 f 614750
 g 615455
 h 615619
 i 615910
 j 615639
 k 615161
 l 616309
 m 615513
 n 614534
 o 616784
 p 614184
 q 616068
 r 615642
 s 614005
 t 615291
 u 615205
 v 615409
 w 616436
 x 614849
 y 615359
 z 615755

Total characters:  16000000
DATA, 1000000, 100, elf09, 337.095000
 a 614523
 b 616259
 c 616475
 d 614176
 e 614690
 f 614750
 g 615455
 h 615619
 i 615910
 j 615639
 k 615161
 l 616309
 m 615513
 n 614534
 o 616784
 p 614184
 q 616068
 r 615642
 s 614005
 t 615291
 u 615205
 v 615409
 w 616436
 x 614849
 y 615359
 z 615755

Total characters:  16000000
DATA, 1000000, 100, elf27, 334.845000
 a 614523
 b 616259
 c 616475
 d 614176
 e 614690
 f 614750
 g 615455
 h 615619
 i 615910
 j 615639
 k 615161
 l 616309
 m 615513
 n 614534
 o 616784
 p 614184
 q 616068
 r 615642
 s 614005
 t 615291
 u 615205
 v 615409
 w 616436
 x 614849
 y 615359
 z 615755

Total characters:  16000000
DATA, 1000000, 100, elf27, 335.642000
 a 614523
 b 616259
 c 616475
 d 614176
 e 614690
 f 614750
 g 615455
 h 615619
 i 615910
 j 615639
 k 615161
 l 616309
 m 615513
 n 614534
 o 616784
 p 614184
 q 616068
 r 615642
 s 614005
 t 615291
 u 615205
 v 615409
 w 616436
 x 614849
 y 615359
 z 615755

Total characters:  16000000
DATA, 1000000, 100, elf27, 334.308000
 a 614523
 b 616259
 c 616475
 d 614176
 e 614690
 f 614750
 g 615455
 h 615619
 i 615910
 j 615639
 k 615161
 l 616309
 m 615513
 n 614534
 o 616784
 p 614184
 q 616068
 r 615642
 s 614005
 t 615291
 u 615205
 v 615409
 w 616436
 x 614849
 y 615359
 z 615755

Total characters:  16000000
DATA, 1000000, 100, elf27, 334.794000
 a 614523
 b 616259
 c 616475
 d 614176
 e 614690
 f 614750
 g 615455
 h 615619
 i 615910
 j 615639
 k 615161
 l 616309
 m 615513
 n 614534
 o 616784
 p 614184
 q 616068
 r 615642
 s 614005
 t 615291
 u 615205
 v 615409
 w 616436
 x 614849
 y 615359
 z 615755

Total characters:  16000000
DATA, 1000000, 100, elf27, 334.545000
 a 614523
 b 616259
 c 616475
 d 614176
 e 614690
 f 614750
 g 615455
 h 615619
 i 615910
 j 615639
 k 615161
 l 616309
 m 615513
 n 614534
 o 616784
 p 614184
 q 616068
 r 615642
 s 614005
 t 615291
 u 615205
 v 615409
 w 616436
 x 614849
 y 615359
 z 615755

Total characters:  16000000
DATA, 1000000, 100, elf32, 334.699000
 a 614523
 b 616259
 c 616475
 d 614176
 e 614690
 f 614750
 g 615455
 h 615619
 i 615910
 j 615639
 k 615161
 l 616309
 m 615513
 n 614534
 o 616784
 p 614184
 q 616068
 r 615642
 s 614005
 t 615291
 u 615205
 v 615409
 w 616436
 x 614849
 y 615359
 z 615755

Total characters:  16000000
DATA, 1000000, 100, elf27, 334.824000
 a 614523
 b 616259
 c 616475
 d 614176
 e 614690
 f 614750
 g 615455
 h 615619
 i 615910
 j 615639
 k 615161
 l 616309
 m 615513
 n 614534
 o 616784
 p 614184
 q 616068
 r 615642
 s 614005
 t 615291
 u 615205
 v 615409
 w 616436
 x 614849
 y 615359
 z 615755

Total characters:  16000000
DATA, 1000000, 100, elf32, 334.734000
 a 614523
 b 616259
 c 616475
 d 614176
 e 614690
 f 614750
 g 615455
 h 615619
 i 615910
 j 615639
 k 615161
 l 616309
 m 615513
 n 614534
 o 616784
 p 614184
 q 616068
 r 615642
 s 614005
 t 615291
 u 615205
 v 615409
 w 616436
 x 614849
 y 615359
 z 615755

Total characters:  16000000
DATA, 1000000, 100, elf27, 334.665000
 a 614523
 b 616259
 c 616475
 d 614176
 e 614690
 f 614750
 g 615455
 h 615619
 i 615910
 j 615639
 k 615161
 l 616309
 m 615513
 n 614534
 o 616784
 p 614184
 q 616068
 r 615642
 s 614005
 t 615291
 u 615205
 v 615409
 w 616436
 x 614849
 y 615359
 z 615755

Total characters:  16000000
DATA, 1000000, 100, elf27, 334.155000
 a 614523
 b 616259
 c 616475
 d 614176
 e 614690
 f 614750
 g 615455
 h 615619
 i 615910
 j 615639
 k 615161
 l 616309
 m 615513
 n 614534
 o 616784
 p 614184
 q 616068
 r 615642
 s 614005
 t 615291
 u 615205
 v 615409
 w 616436
 x 614849
 y 615359
 z 615755

Total characters:  16000000
DATA, 1000000, 100, elf27, 334.786000
 a 614523
 b 616259
 c 616475
 d 614176
 e 614690
 f 614750
 g 615455
 h 615619
 i 615910
 j 615639
 k 615161
 l 616309
 m 615513
 n 614534
 o 616784
 p 614184
 q 616068
 r 615642
 s 614005
 t 615291
 u 615205
 v 615409
 w 616436
 x 614849
 y 615359
 z 615755

Total characters:  16000000
DATA, 1000000, 100, elf27, 335.075000
 a 614523
 b 616259
 c 616475
 d 614176
 e 614690
 f 614750
 g 615455
 h 615619
 i 615910
 j 615639
 k 615161
 l 616309
 m 615513
 n 614534
 o 616784
 p 614184
 q 616068
 r 615642
 s 614005
 t 615291
 u 615205
 v 615409
 w 616436
 x 614849
 y 615359
 z 615755

Total characters:  16000000
DATA, 1000000, 100, elf27, 333.572000
 a 614523
 b 616259
 c 616475
 d 614176
 e 614690
 f 614750
 g 615455
 h 615619
 i 615910
 j 615639
 k 615161
 l 616309
 m 615513
 n 614534
 o 616784
 p 614184
 q 616068
 r 615642
 s 614005
 t 615291
 u 615205
 v 615409
 w 616436
 x 614849
 y 615359
 z 615755

Total characters:  16000000
DATA, 1000000, 100, elf20, 335.966000
 a 614523
 b 616259
 c 616475
 d 614176
 e 614690
 f 614750
 g 615455
 h 615619
 i 615910
 j 615639
 k 615161
 l 616309
 m 615513
 n 614534
 o 616784
 p 614184
 q 616068
 r 615642
 s 614005
 t 615291
 u 615205
 v 615409
 w 616436
 x 614849
 y 615359
 z 615755

Total characters:  16000000
DATA, 1000000, 100, elf20, 341.232000
 a 614523
 b 616259
 c 616475
 d 614176
 e 614690
 f 614750
 g 615455
 h 615619
 i 615910
 j 615639
 k 615161
 l 616309
 m 615513
 n 614534
 o 616784
 p 614184
 q 616068
 r 615642
 s 614005
 t 615291
 u 615205
 v 615409
 w 616436
 x 614849
 y 615359
 z 615755

Total characters:  16000000
DATA, 1000000, 100, elf27, 333.585000
 a 614523
 b 616259
 c 616475
 d 614176
 e 614690
 f 614750
 g 615455
 h 615619
 i 615910
 j 615639
 k 615161
 l 616309
 m 615513
 n 614534
 o 616784
 p 614184
 q 616068
 r 615642
 s 614005
 t 615291
 u 615205
 v 615409
 w 616436
 x 614849
 y 615359
 z 615755

Total characters:  16000000
DATA, 1000000, 100, elf20, 334.625000
 a 614523
 b 616259
 c 616475
 d 614176
 e 614690
 f 614750
 g 615455
 h 615619
 i 615910
 j 615639
 k 615161
 l 616309
 m 615513
 n 614534
 o 616784
 p 614184
 q 616068
 r 615642
 s 614005
 t 615291
 u 615205
 v 615409
 w 616436
 x 614849
 y 615359
 z 615755

Total characters:  16000000
DATA, 1000000, 100, elf20, 334.727000
 a 614523
 b 616259
 c 616475
 d 614176
 e 614690
 f 614750
 g 615455
 h 615619
 i 615910
 j 615639
 k 615161
 l 616309
 m 615513
 n 614534
 o 616784
 p 614184
 q 616068
 r 615642
 s 614005
 t 615291
 u 615205
 v 615409
 w 616436
 x 614849
 y 615359
 z 615755

Total characters:  16000000
DATA, 1000000, 100, elf20, 335.117000
 a 614523
 b 616259
 c 616475
 d 614176
 e 614690
 f 614750
 g 615455
 h 615619
 i 615910
 j 615639
 k 615161
 l 616309
 m 615513
 n 614534
 o 616784
 p 614184
 q 616068
 r 615642
 s 614005
 t 615291
 u 615205
 v 615409
 w 616436
 x 614849
 y 615359
 z 615755

Total characters:  16000000
DATA, 1000000, 100, elf20, 334.282000
 a 614523
 b 616259
 c 616475
 d 614176
 e 614690
 f 614750
 g 615455
 h 615619
 i 615910
 j 615639
 k 615161
 l 616309
 m 615513
 n 614534
 o 616784
 p 614184
 q 616068
 r 615642
 s 614005
 t 615291
 u 615205
 v 615409
 w 616436
 x 614849
 y 615359
 z 615755

Total characters:  16000000
DATA, 1000000, 100, elf20, 335.212000
 a 614523
 b 616259
 c 616475
 d 614176
 e 614690
 f 614750
 g 615455
 h 615619
 i 615910
 j 615639
 k 615161
 l 616309
 m 615513
 n 614534
 o 616784
 p 614184
 q 616068
 r 615642
 s 614005
 t 615291
 u 615205
 v 615409
 w 616436
 x 614849
 y 615359
 z 615755

Total characters:  16000000
DATA, 1000000, 100, elf20, 334.899000
 a 614523
 b 616259
 c 616475
 d 614176
 e 614690
 f 614750
 g 615455
 h 615619
 i 615910
 j 615639
 k 615161
 l 616309
 m 615513
 n 614534
 o 616784
 p 614184
 q 616068
 r 615642
 s 614005
 t 615291
 u 615205
 v 615409
 w 616436
 x 614849
 y 615359
 z 615755

Total characters:  16000000
DATA, 1000000, 100, elf20, 334.500000
 a 614523
 b 616259
 c 616475
 d 614176
 e 614690
 f 614750
 g 615455
 h 615619
 i 615910
 j 615639
 k 615161
 l 616309
 m 615513
 n 614534
 o 616784
 p 614184
 q 616068
 r 615642
 s 614005
 t 615291
 u 615205
 v 615409
 w 616436
 x 614849
 y 615359
 z 615755

Total characters:  16000000
DATA, 1000000, 100, elf20, 335.643000
 a 614523
 b 616259
 c 616475
 d 614176
 e 614690
 f 614750
 g 615455
 h 615619
 i 615910
 j 615639
 k 615161
 l 616309
 m 615513
 n 614534
 o 616784
 p 614184
 q 616068
 r 615642
 s 614005
 t 615291
 u 615205
 v 615409
 w 616436
 x 614849
 y 615359
 z 615755

Total characters:  16000000
DATA, 1000000, 100, elf20, 334.578000
 a 614523
 b 616259
 c 616475
 d 614176
 e 614690
 f 614750
 g 615455
 h 615619
 i 615910
 j 615639
 k 615161
 l 616309
 m 615513
 n 614534
 o 616784
 p 614184
 q 616068
 r 615642
 s 614005
 t 615291
 u 615205
 v 615409
 w 616436
 x 614849
 y 615359
 z 615755

Total characters:  16000000
DATA, 1000000, 100, elf27, 334.200000
 a 614523
 b 616259
 c 616475
 d 614176
 e 614690
 f 614750
 g 615455
 h 615619
 i 615910
 j 615639
 k 615161
 l 616309
 m 615513
 n 614534
 o 616784
 p 614184
 q 616068
 r 615642
 s 614005
 t 615291
 u 615205
 v 615409
 w 616436
 x 614849
 y 615359
 z 615755

Total characters:  16000000
DATA, 1000000, 100, elf20, 334.630000
 a 614523
 b 616259
 c 616475
 d 614176
 e 614690
 f 614750
 g 615455
 h 615619
 i 615910
 j 615639
 k 615161
 l 616309
 m 615513
 n 614534
 o 616784
 p 614184
 q 616068
 r 615642
 s 614005
 t 615291
 u 615205
 v 615409
 w 616436
 x 614849
 y 615359
 z 615755

Total characters:  16000000
DATA, 1000000, 100, elf20, 335.587000
 a 614523
 b 616259
 c 616475
 d 614176
 e 614690
 f 614750
 g 615455
 h 615619
 i 615910
 j 615639
 k 615161
 l 616309
 m 615513
 n 614534
 o 616784
 p 614184
 q 616068
 r 615642
 s 614005
 t 615291
 u 615205
 v 615409
 w 616436
 x 614849
 y 615359
 z 615755

Total characters:  16000000
DATA, 1000000, 100, elf20, 341.132000
 a 614523
 b 616259
 c 616475
 d 614176
 e 614690
 f 614750
 g 615455
 h 615619
 i 615910
 j 615639
 k 615161
 l 616309
 m 615513
 n 614534
 o 616784
 p 614184
 q 616068
 r 615642
 s 614005
 t 615291
 u 615205
 v 615409
 w 616436
 x 614849
 y 615359
 z 615755

Total characters:  16000000
DATA, 1000000, 100, elf27, 334.546000
 a 614523
 b 616259
 c 616475
 d 614176
 e 614690
 f 614750
 g 615455
 h 615619
 i 615910
 j 615639
 k 615161
 l 616309
 m 615513
 n 614534
 o 616784
 p 614184
 q 616068
 r 615642
 s 614005
 t 615291
 u 615205
 v 615409
 w 616436
 x 614849
 y 615359
 z 615755

Total characters:  16000000
DATA, 1000000, 100, elf20, 348.888000
 a 614523
 b 616259
 c 616475
 d 614176
 e 614690
 f 614750
 g 615455
 h 615619
 i 615910
 j 615639
 k 615161
 l 616309
 m 615513
 n 614534
 o 616784
 p 614184
 q 616068
 r 615642
 s 614005
 t 615291
 u 615205
 v 615409
 w 616436
 x 614849
 y 615359
 z 615755

Total characters:  16000000
DATA, 1000000, 100, elf09, 334.863000
 a 614523
 b 616259
 c 616475
 d 614176
 e 614690
 f 614750
 g 615455
 h 615619
 i 615910
 j 615639
 k 615161
 l 616309
 m 615513
 n 614534
 o 616784
 p 614184
 q 616068
 r 615642
 s 614005
 t 615291
 u 615205
 v 615409
 w 616436
 x 614849
 y 615359
 z 615755

Total characters:  16000000
DATA, 1000000, 100, elf25, 335.910000
 a 614523
 b 616259
 c 616475
 d 614176
 e 614690
 f 614750
 g 615455
 h 615619
 i 615910
 j 615639
 k 615161
 l 616309
 m 615513
 n 614534
 o 616784
 p 614184
 q 616068
 r 615642
 s 614005
 t 615291
 u 615205
 v 615409
 w 616436
 x 614849
 y 615359
 z 615755

Total characters:  16000000
DATA, 1000000, 100, elf25, 335.612000
 a 614523
 b 616259
 c 616475
 d 614176
 e 614690
 f 614750
 g 615455
 h 615619
 i 615910
 j 615639
 k 615161
 l 616309
 m 615513
 n 614534
 o 616784
 p 614184
 q 616068
 r 615642
 s 614005
 t 615291
 u 615205
 v 615409
 w 616436
 x 614849
 y 615359
 z 615755

Total characters:  16000000
DATA, 1000000, 100, elf25, 335.167000
 a 614523
 b 616259
 c 616475
 d 614176
 e 614690
 f 614750
 g 615455
 h 615619
 i 615910
 j 615639
 k 615161
 l 616309
 m 615513
 n 614534
 o 616784
 p 614184
 q 616068
 r 615642
 s 614005
 t 615291
 u 615205
 v 615409
 w 616436
 x 614849
 y 615359
 z 615755

Total characters:  16000000
DATA, 1000000, 100, elf25, 335.220000
 a 614523
 b 616259
 c 616475
 d 614176
 e 614690
 f 614750
 g 615455
 h 615619
 i 615910
 j 615639
 k 615161
 l 616309
 m 615513
 n 614534
 o 616784
 p 614184
 q 616068
 r 615642
 s 614005
 t 615291
 u 615205
 v 615409
 w 616436
 x 614849
 y 615359
 z 615755

Total characters:  16000000
DATA, 1000000, 100, elf25, 335.282000
 a 614523
 b 616259
 c 616475
 d 614176
 e 614690
 f 614750
 g 615455
 h 615619
 i 615910
 j 615639
 k 615161
 l 616309
 m 615513
 n 614534
 o 616784
 p 614184
 q 616068
 r 615642
 s 614005
 t 615291
 u 615205
 v 615409
 w 616436
 x 614849
 y 615359
 z 615755

Total characters:  16000000
DATA, 1000000, 100, elf25, 336.742000
 a 614523
 b 616259
 c 616475
 d 614176
 e 614690
 f 614750
 g 615455
 h 615619
 i 615910
 j 615639
 k 615161
 l 616309
 m 615513
 n 614534
 o 616784
 p 614184
 q 616068
 r 615642
 s 614005
 t 615291
 u 615205
 v 615409
 w 616436
 x 614849
 y 615359
 z 615755

Total characters:  16000000
DATA, 1000000, 100, elf25, 335.918000
 a 614523
 b 616259
 c 616475
 d 614176
 e 614690
 f 614750
 g 615455
 h 615619
 i 615910
 j 615639
 k 615161
 l 616309
 m 615513
 n 614534
 o 616784
 p 614184
 q 616068
 r 615642
 s 614005
 t 615291
 u 615205
 v 615409
 w 616436
 x 614849
 y 615359
 z 615755

Total characters:  16000000
DATA, 1000000, 100, elf25, 337.448000
 a 614523
 b 616259
 c 616475
 d 614176
 e 614690
 f 614750
 g 615455
 h 615619
 i 615910
 j 615639
 k 615161
 l 616309
 m 615513
 n 614534
 o 616784
 p 614184
 q 616068
 r 615642
 s 614005
 t 615291
 u 615205
 v 615409
 w 616436
 x 614849
 y 615359
 z 615755

Total characters:  16000000
DATA, 1000000, 100, elf25, 334.643000
 a 614523
 b 616259
 c 616475
 d 614176
 e 614690
 f 614750
 g 615455
 h 615619
 i 615910
 j 615639
 k 615161
 l 616309
 m 615513
 n 614534
 o 616784
 p 614184
 q 616068
 r 615642
 s 614005
 t 615291
 u 615205
 v 615409
 w 616436
 x 614849
 y 615359
 z 615755

Total characters:  16000000
DATA, 1000000, 100, elf25, 333.440000
 a 614523
 b 616259
 c 616475
 d 614176
 e 614690
 f 614750
 g 615455
 h 615619
 i 615910
 j 615639
 k 615161
 l 616309
 m 615513
 n 614534
 o 616784
 p 614184
 q 616068
 r 615642
 s 614005
 t 615291
 u 615205
 v 615409
 w 616436
 x 614849
 y 615359
 z 615755

Total characters:  16000000
DATA, 1000000, 100, elf25, 332.931000
 a 614523
 b 616259
 c 616475
 d 614176
 e 614690
 f 614750
 g 615455
 h 615619
 i 615910
 j 615639
 k 615161
 l 616309
 m 615513
 n 614534
 o 616784
 p 614184
 q 616068
 r 615642
 s 614005
 t 615291
 u 615205
 v 615409
 w 616436
 x 614849
 y 615359
 z 615755

Total characters:  16000000
DATA, 1000000, 100, elf25, 333.147000
 a 614523
 b 616259
 c 616475
 d 614176
 e 614690
 f 614750
 g 615455
 h 615619
 i 615910
 j 615639
 k 615161
 l 616309
 m 615513
 n 614534
 o 616784
 p 614184
 q 616068
 r 615642
 s 614005
 t 615291
 u 615205
 v 615409
 w 616436
 x 614849
 y 615359
 z 615755

Total characters:  16000000
DATA, 1000000, 100, elf25, 333.561000
 a 614523
 b 616259
 c 616475
 d 614176
 e 614690
 f 614750
 g 615455
 h 615619
 i 615910
 j 615639
 k 615161
 l 616309
 m 615513
 n 614534
 o 616784
 p 614184
 q 616068
 r 615642
 s 614005
 t 615291
 u 615205
 v 615409
 w 616436
 x 614849
 y 615359
 z 615755

Total characters:  16000000
DATA, 1000000, 100, elf25, 334.664000
 a 614523
 b 616259
 c 616475
 d 614176
 e 614690
 f 614750
 g 615455
 h 615619
 i 615910
 j 615639
 k 615161
 l 616309
 m 615513
 n 614534
 o 616784
 p 614184
 q 616068
 r 615642
 s 614005
 t 615291
 u 615205
 v 615409
 w 616436
 x 614849
 y 615359
 z 615755

Total characters:  16000000
DATA, 1000000, 100, elf25, 336.130000
 a 614523
 b 616259
 c 616475
 d 614176
 e 614690
 f 614750
 g 615455
 h 615619
 i 615910
 j 615639
 k 615161
 l 616309
 m 615513
 n 614534
 o 616784
 p 614184
 q 616068
 r 615642
 s 614005
 t 615291
 u 615205
 v 615409
 w 616436
 x 614849
 y 615359
 z 615755

Total characters:  16000000
DATA, 1000000, 100, elf32, 349.560000
 a 614523
 b 616259
 c 616475
 d 614176
 e 614690
 f 614750
 g 615455
 h 615619
 i 615910
 j 615639
 k 615161
 l 616309
 m 615513
 n 614534
 o 616784
 p 614184
 q 616068
 r 615642
 s 614005
 t 615291
 u 615205
 v 615409
 w 616436
 x 614849
 y 615359
 z 615755

Total characters:  16000000
DATA, 1000000, 100, elf32, 348.960000
 a 614523
 b 616259
 c 616475
 d 614176
 e 614690
 f 614750
 g 615455
 h 615619
 i 615910
 j 615639
 k 615161
 l 616309
 m 615513
 n 614534
 o 616784
 p 614184
 q 616068
 r 615642
 s 614005
 t 615291
 u 615205
 v 615409
 w 616436
 x 614849
 y 615359
 z 615755

Total characters:  16000000
DATA, 1000000, 100, elf35, 334.811000
 a 614523
 b 616259
 c 616475
 d 614176
 e 614690
 f 614750
 g 615455
 h 615619
 i 615910
 j 615639
 k 615161
 l 616309
 m 615513
 n 614534
 o 616784
 p 614184
 q 616068
 r 615642
 s 614005
 t 615291
 u 615205
 v 615409
 w 616436
 x 614849
 y 615359
 z 615755

Total characters:  16000000
DATA, 1000000, 100, elf35, 335.986000
 a 614523
 b 616259
 c 616475
 d 614176
 e 614690
 f 614750
 g 615455
 h 615619
 i 615910
 j 615639
 k 615161
 l 616309
 m 615513
 n 614534
 o 616784
 p 614184
 q 616068
 r 615642
 s 614005
 t 615291
 u 615205
 v 615409
 w 616436
 x 614849
 y 615359
 z 615755

Total characters:  16000000
DATA, 1000000, 100, elf35, 337.171000
 a 614523
 b 616259
 c 616475
 d 614176
 e 614690
 f 614750
 g 615455
 h 615619
 i 615910
 j 615639
 k 615161
 l 616309
 m 615513
 n 614534
 o 616784
 p 614184
 q 616068
 r 615642
 s 614005
 t 615291
 u 615205
 v 615409
 w 616436
 x 614849
 y 615359
 z 615755

Total characters:  16000000
DATA, 1000000, 100, elf35, 335.937000
 a 614523
 b 616259
 c 616475
 d 614176
 e 614690
 f 614750
 g 615455
 h 615619
 i 615910
 j 615639
 k 615161
 l 616309
 m 615513
 n 614534
 o 616784
 p 614184
 q 616068
 r 615642
 s 614005
 t 615291
 u 615205
 v 615409
 w 616436
 x 614849
 y 615359
 z 615755

Total characters:  16000000
DATA, 1000000, 100, elf35, 337.346000
 a 614523
 b 616259
 c 616475
 d 614176
 e 614690
 f 614750
 g 615455
 h 615619
 i 615910
 j 615639
 k 615161
 l 616309
 m 615513
 n 614534
 o 616784
 p 614184
 q 616068
 r 615642
 s 614005
 t 615291
 u 615205
 v 615409
 w 616436
 x 614849
 y 615359
 z 615755

Total characters:  16000000
DATA, 1000000, 100, elf35, 338.683000
 a 614523
 b 616259
 c 616475
 d 614176
 e 614690
 f 614750
 g 615455
 h 615619
 i 615910
 j 615639
 k 615161
 l 616309
 m 615513
 n 614534
 o 616784
 p 614184
 q 616068
 r 615642
 s 614005
 t 615291
 u 615205
 v 615409
 w 616436
 x 614849
 y 615359
 z 615755

Total characters:  16000000
DATA, 1000000, 100, elf35, 344.363000
 a 614523
 b 616259
 c 616475
 d 614176
 e 614690
 f 614750
 g 615455
 h 615619
 i 615910
 j 615639
 k 615161
 l 616309
 m 615513
 n 614534
 o 616784
 p 614184
 q 616068
 r 615642
 s 614005
 t 615291
 u 615205
 v 615409
 w 616436
 x 614849
 y 615359
 z 615755

Total characters:  16000000
DATA, 1000000, 100, elf35, 334.140000
 a 614523
 b 616259
 c 616475
 d 614176
 e 614690
 f 614750
 g 615455
 h 615619
 i 615910
 j 615639
 k 615161
 l 616309
 m 615513
 n 614534
 o 616784
 p 614184
 q 616068
 r 615642
 s 614005
 t 615291
 u 615205
 v 615409
 w 616436
 x 614849
 y 615359
 z 615755

Total characters:  16000000
DATA, 1000000, 100, elf35, 333.925000
 a 614523
 b 616259
 c 616475
 d 614176
 e 614690
 f 614750
 g 615455
 h 615619
 i 615910
 j 615639
 k 615161
 l 616309
 m 615513
 n 614534
 o 616784
 p 614184
 q 616068
 r 615642
 s 614005
 t 615291
 u 615205
 v 615409
 w 616436
 x 614849
 y 615359
 z 615755

Total characters:  16000000
DATA, 1000000, 100, elf35, 334.966000
 a 614523
 b 616259
 c 616475
 d 614176
 e 614690
 f 614750
 g 615455
 h 615619
 i 615910
 j 615639
 k 615161
 l 616309
 m 615513
 n 614534
 o 616784
 p 614184
 q 616068
 r 615642
 s 614005
 t 615291
 u 615205
 v 615409
 w 616436
 x 614849
 y 615359
 z 615755

Total characters:  16000000
DATA, 1000000, 100, elf35, 334.536000
 a 614523
 b 616259
 c 616475
 d 614176
 e 614690
 f 614750
 g 615455
 h 615619
 i 615910
 j 615639
 k 615161
 l 616309
 m 615513
 n 614534
 o 616784
 p 614184
 q 616068
 r 615642
 s 614005
 t 615291
 u 615205
 v 615409
 w 616436
 x 614849
 y 615359
 z 615755

Total characters:  16000000
DATA, 1000000, 100, elf35, 335.056000
 a 614523
 b 616259
 c 616475
 d 614176
 e 614690
 f 614750
 g 615455
 h 615619
 i 615910
 j 615639
 k 615161
 l 616309
 m 615513
 n 614534
 o 616784
 p 614184
 q 616068
 r 615642
 s 614005
 t 615291
 u 615205
 v 615409
 w 616436
 x 614849
 y 615359
 z 615755

Total characters:  16000000
DATA, 1000000, 100, elf35, 332.913000
 a 614523
 b 616259
 c 616475
 d 614176
 e 614690
 f 614750
 g 615455
 h 615619
 i 615910
 j 615639
 k 615161
 l 616309
 m 615513
 n 614534
 o 616784
 p 614184
 q 616068
 r 615642
 s 614005
 t 615291
 u 615205
 v 615409
 w 616436
 x 614849
 y 615359
 z 615755

Total characters:  16000000
DATA, 1000000, 100, elf35, 348.060000
 a 614523
 b 616259
 c 616475
 d 614176
 e 614690
 f 614750
 g 615455
 h 615619
 i 615910
 j 615639
 k 615161
 l 616309
 m 615513
 n 614534
 o 616784
 p 614184
 q 616068
 r 615642
 s 614005
 t 615291
 u 615205
 v 615409
 w 616436
 x 614849
 y 615359
 z 615755

Total characters:  16000000
DATA, 1000000, 100, elf09, 372.173000
 a 614523
 b 616259
 c 616475
 d 614176
 e 614690
 f 614750
 g 615455
 h 615619
 i 615910
 j 615639
 k 615161
 l 616309
 m 615513
 n 614534
 o 616784
 p 614184
 q 616068
 r 615642
 s 614005
 t 615291
 u 615205
 v 615409
 w 616436
 x 614849
 y 615359
 z 615755

Total characters:  16000000
DATA, 1000000, 100, elf35, 332.374000
 a 614523
 b 616259
 c 616475
 d 614176
 e 614690
 f 614750
 g 615455
 h 615619
 i 615910
 j 615639
 k 615161
 l 616309
 m 615513
 n 614534
 o 616784
 p 614184
 q 616068
 r 615642
 s 614005
 t 615291
 u 615205
 v 615409
 w 616436
 x 614849
 y 615359
 z 615755

Total characters:  16000000
DATA, 1000000, 100, elf27, 438.596000
