 a 4919012
 b 4921795
 c 4926574
 d 4923347
 e 4922587
 f 4921194
 g 4921172
 h 4924136
 i 4922782
 j 4923424
 k 4924965
 l 4921798
 m 4924714
 n 4923356
 o 4924130
 p 4923067
 q 4923414
 r 4923847
 s 4922934
 t 4921513
 u 4921384
 v 4924699
 w 4926437
 x 4924902
 y 4921682
 z 4921135

Total characters:  128000000
 a 4919012
 b 4921795
 c 4926574
 d 4923347
 e 4922587
 f 4921194
 g 4921172
 h 4924136
 i 4922782
 j 4923424
 k 4924965
 l 4921798
 m 4924714
 n 4923356
 o 4924130
 p 4923067
 q 4923414
 r 4923847
 s 4922934
 t 4921513
 u 4921384
 v 4924699
 w 4926437
 x 4924902
 y 4921682
 z 4921135

Total characters:  128000000
 a 4919012
 b 4921795
 c 4926574
 d 4923347
 e 4922587
 f 4921194
 g 4921172
 h 4924136
 i 4922782
 j 4923424
 k 4924965
 l 4921798
 m 4924714
 n 4923356
 o 4924130
 p 4923067
 q 4923414
 r 4923847
 s 4922934
 t 4921513
 u 4921384
 v 4924699
 w 4926437
 x 4924902
 y 4921682
 z 4921135

Total characters:  128000000
 a 4919012
 b 4921795
 c 4926574
 d 4923347
 e 4922587
 f 4921194
 g 4921172
 h 4924136
 i 4922782
 j 4923424
 k 4924965
 l 4921798
 m 4924714
 n 4923356
 o 4924130
 p 4923067
 q 4923414
 r 4923847
 s 4922934
 t 4921513
 u 4921384
 v 4924699
 w 4926437
 x 4924902
 y 4921682
 z 4921135

Total characters:  128000000
 a 4919012
 b 4921795
 c 4926574
 d 4923347
 e 4922587
 f 4921194
 g 4921172
 h 4924136
 i 4922782
 j 4923424
 k 4924965
 l 4921798
 m 4924714
 n 4923356
 o 4924130
 p 4923067
 q 4923414
 r 4923847
 s 4922934
 t 4921513
 u 4921384
 v 4924699
 w 4926437
 x 4924902
 y 4921682
 z 4921135

Total characters:  128000000
 a 4919012
 b 4921795
 c 4926574
 d 4923347
 e 4922587
 f 4921194
 g 4921172
 h 4924136
 i 4922782
 j 4923424
 k 4924965
 l 4921798
 m 4924714
 n 4923356
 o 4924130
 p 4923067
 q 4923414
 r 4923847
 s 4922934
 t 4921513
 u 4921384
 v 4924699
 w 4926437
 x 4924902
 y 4921682
 z 4921135

Total characters:  128000000
 a 4919012
 b 4921795
 c 4926574
 d 4923347
 e 4922587
 f 4921194
 g 4921172
 h 4924136
 i 4922782
 j 4923424
 k 4924965
 l 4921798
 m 4924714
 n 4923356
 o 4924130
 p 4923067
 q 4923414
 r 4923847
 s 4922934
 t 4921513
 u 4921384
 v 4924699
 w 4926437
 x 4924902
 y 4921682
 z 4921135

Total characters:  128000000
 a 4919012
 b 4921795
 c 4926574
 d 4923347
 e 4922587
 f 4921194
 g 4921172
 h 4924136
 i 4922782
 j 4923424
 k 4924965
 l 4921798
 m 4924714
 n 4923356
 o 4924130
 p 4923067
 q 4923414
 r 4923847
 s 4922934
 t 4921513
 u 4921384
 v 4924699
 w 4926437
 x 4924902
 y 4921682
 z 4921135

Total characters:  128000000
 a 4919012
 b 4921795
 c 4926574
 d 4923347
 e 4922587
 f 4921194
 g 4921172
 h 4924136
 i 4922782
 j 4923424
 k 4924965
 l 4921798
 m 4924714
 n 4923356
 o 4924130
 p 4923067
 q 4923414
 r 4923847
 s 4922934
 t 4921513
 u 4921384
 v 4924699
 w 4926437
 x 4924902
 y 4921682
 z 4921135

Total characters:  128000000
 a 4919012
 b 4921795
 c 4926574
 d 4923347
 e 4922587
 f 4921194
 g 4921172
 h 4924136
 i 4922782
 j 4923424
 k 4924965
 l 4921798
 m 4924714
 n 4923356
 o 4924130
 p 4923067
 q 4923414
 r 4923847
 s 4922934
 t 4921513
 u 4921384
 v 4924699
 w 4926437
 x 4924902
 y 4921682
 z 4921135

Total characters:  128000000
 a 4919012
 b 4921795
 c 4926574
 d 4923347
 e 4922587
 f 4921194
 g 4921172
 h 4924136
 i 4922782
 j 4923424
 k 4924965
 l 4921798
 m 4924714
 n 4923356
 o 4924130
 p 4923067
 q 4923414
 r 4923847
 s 4922934
 t 4921513
 u 4921384
 v 4924699
 w 4926437
 x 4924902
 y 4921682
 z 4921135

Total characters:  128000000
 a 4919012
 b 4921795
 c 4926574
 d 4923347
 e 4922587
 f 4921194
 g 4921172
 h 4924136
 i 4922782
 j 4923424
 k 4924965
 l 4921798
 m 4924714
 n 4923356
 o 4924130
 p 4923067
 q 4923414
 r 4923847
 s 4922934
 t 4921513
 u 4921384
 v 4924699
 w 4926437
 x 4924902
 y 4921682
 z 4921135

Total characters:  128000000
 a 4919012
 b 4921795
 c 4926574
 d 4923347
 e 4922587
 f 4921194
 g 4921172
 h 4924136
 i 4922782
 j 4923424
 k 4924965
 l 4921798
 m 4924714
 n 4923356
 o 4924130
 p 4923067
 q 4923414
 r 4923847
 s 4922934
 t 4921513
 u 4921384
 v 4924699
 w 4926437
 x 4924902
 y 4921682
 z 4921135

Total characters:  128000000
 a 4919012
 b 4921795
 c 4926574
 d 4923347
 e 4922587
 f 4921194
 g 4921172
 h 4924136
 i 4922782
 j 4923424
 k 4924965
 l 4921798
 m 4924714
 n 4923356
 o 4924130
 p 4923067
 q 4923414
 r 4923847
 s 4922934
 t 4921513
 u 4921384
 v 4924699
 w 4926437
 x 4924902
 y 4921682
 z 4921135

Total characters:  128000000
 a 4919012
 b 4921795
 c 4926574
 d 4923347
 e 4922587
 f 4921194
 g 4921172
 h 4924136
 i 4922782
 j 4923424
 k 4924965
 l 4921798
 m 4924714
 n 4923356
 o 4924130
 p 4923067
 q 4923414
 r 4923847
 s 4922934
 t 4921513
 u 4921384
 v 4924699
 w 4926437
 x 4924902
 y 4921682
 z 4921135

Total characters:  128000000
 a 4919012
 b 4921795
 c 4926574
 d 4923347
 e 4922587
 f 4921194
 g 4921172
 h 4924136
 i 4922782
 j 4923424
 k 4924965
 l 4921798
 m 4924714
 n 4923356
 o 4924130
 p 4923067
 q 4923414
 r 4923847
 s 4922934
 t 4921513
 u 4921384
 v 4924699
 w 4926437
 x 4924902
 y 4921682
 z 4921135

Total characters:  128000000
 a 4919012
 b 4921795
 c 4926574
 d 4923347
 e 4922587
 f 4921194
 g 4921172
 h 4924136
 i 4922782
 j 4923424
 k 4924965
 l 4921798
 m 4924714
 n 4923356
 o 4924130
 p 4923067
 q 4923414
 r 4923847
 s 4922934
 t 4921513
 u 4921384
 v 4924699
 w 4926437
 x 4924902
 y 4921682
 z 4921135

Total characters:  128000000
 a 4919012
 b 4921795
 c 4926574
 d 4923347
 e 4922587
 f 4921194
 g 4921172
 h 4924136
 i 4922782
 j 4923424
 k 4924965
 l 4921798
 m 4924714
 n 4923356
 o 4924130
 p 4923067
 q 4923414
 r 4923847
 s 4922934
 t 4921513
 u 4921384
 v 4924699
 w 4926437
 x 4924902
 y 4921682
 z 4921135

Total characters:  128000000
srun: error: elf73: tasks 36-40,42-45: Exited with exit code 30
 a 4919012
 b 4921795
 c 4926574
 d 4923347
 e 4922587
 f 4921194
 g 4921172
 h 4924136
 i 4922782
 j 4923424
 k 4924965
 l 4921798
 m 4924714
 n 4923356
 o 4924130
 p 4923067
 q 4923414
 r 4923847
 s 4922934
 t 4921513
 u 4921384
 v 4924699
 w 4926437
 x 4924902
 y 4921682
 z 4921135

Total characters:  128000000
 a 4919012
 b 4921795
 c 4926574
 d 4923347
 e 4922587
 f 4921194
 g 4921172
 h 4924136
 i 4922782
 j 4923424
 k 4924965
 l 4921798
 m 4924714
 n 4923356
 o 4924130
 p 4923067
 q 4923414
 r 4923847
 s 4922934
 t 4921513
 u 4921384
 v 4924699
 w 4926437
 x 4924902
 y 4921682
 z 4921135

Total characters:  128000000
 a 4919012
 b 4921795
 c 4926574
 d 4923347
 e 4922587
 f 4921194
 g 4921172
 h 4924136
 i 4922782
 j 4923424
 k 4924965
 l 4921798
 m 4924714
 n 4923356
 o 4924130
 p 4923067
 q 4923414
 r 4923847
 s 4922934
 t 4921513
 u 4921384
 v 4924699
 w 4926437
 x 4924902
 y 4921682
 z 4921135

Total characters:  128000000
 a 4919012
 b 4921795
 c 4926574
 d 4923347
 e 4922587
 f 4921194
 g 4921172
 h 4924136
 i 4922782
 j 4923424
 k 4924965
 l 4921798
 m 4924714
 n 4923356
 o 4924130
 p 4923067
 q 4923414
 r 4923847
 s 4922934
 t 4921513
 u 4921384
 v 4924699
 w 4926437
 x 4924902
 y 4921682
 z 4921135

Total characters:  128000000
 a 4919012
 b 4921795
 c 4926574
 d 4923347
 e 4922587
 f 4921194
 g 4921172
 h 4924136
 i 4922782
 j 4923424
 k 4924965
 l 4921798
 m 4924714
 n 4923356
 o 4924130
 p 4923067
 q 4923414
 r 4923847
 s 4922934
 t 4921513
 u 4921384
 v 4924699
 w 4926437
 x 4924902
 y 4921682
 z 4921135

Total characters:  128000000
 a 4919012
 b 4921795
 c 4926574
 d 4923347
 e 4922587
 f 4921194
 g 4921172
 h 4924136
 i 4922782
 j 4923424
 k 4924965
 l 4921798
 m 4924714
 n 4923356
 o 4924130
 p 4923067
 q 4923414
 r 4923847
 s 4922934
 t 4921513
 u 4921384
 v 4924699
 w 4926437
 x 4924902
 y 4921682
 z 4921135

Total characters:  128000000
 a 4919012
 b 4921795
 c 4926574
 d 4923347
 e 4922587
 f 4921194
 g 4921172
 h 4924136
 i 4922782
 j 4923424
 k 4924965
 l 4921798
 m 4924714
 n 4923356
 o 4924130
 p 4923067
 q 4923414
 r 4923847
 s 4922934
 t 4921513
 u 4921384
 v 4924699
 w 4926437
 x 4924902
 y 4921682
 z 4921135

Total characters:  128000000
 a 4919012
 b 4921795
 c 4926574
 d 4923347
 e 4922587
 f 4921194
 g 4921172
 h 4924136
 i 4922782
 j 4923424
 k 4924965
 l 4921798
 m 4924714
 n 4923356
 o 4924130
 p 4923067
 q 4923414
 r 4923847
 s 4922934
 t 4921513
 u 4921384
 v 4924699
 w 4926437
 x 4924902
 y 4921682
 z 4921135

Total characters:  128000000
 a 4919012
 b 4921795
 c 4926574
 d 4923347
 e 4922587
 f 4921194
 g 4921172
 h 4924136
 i 4922782
 j 4923424
 k 4924965
 l 4921798
 m 4924714
 n 4923356
 o 4924130
 p 4923067
 q 4923414
 r 4923847
 s 4922934
 t 4921513
 u 4921384
 v 4924699
 w 4926437
 x 4924902
 y 4921682
 z 4921135

Total characters:  128000000
 a 4919012
 b 4921795
 c 4926574
 d 4923347
 e 4922587
 f 4921194
 g 4921172
 h 4924136
 i 4922782
 j 4923424
 k 4924965
 l 4921798
 m 4924714
 n 4923356
 o 4924130
 p 4923067
 q 4923414
 r 4923847
 s 4922934
 t 4921513
 u 4921384
 v 4924699
 w 4926437
 x 4924902
 y 4921682
 z 4921135

Total characters:  128000000
 a 4919012
 b 4921795
 c 4926574
 d 4923347
 e 4922587
 f 4921194
 g 4921172
 h 4924136
 i 4922782
 j 4923424
 k 4924965
 l 4921798
 m 4924714
 n 4923356
 o 4924130
 p 4923067
 q 4923414
 r 4923847
 s 4922934
 t 4921513
 u 4921384
 v 4924699
 w 4926437
 x 4924902
 y 4921682
 z 4921135

Total characters:  128000000
 a 4919012
 b 4921795
 c 4926574
 d 4923347
 e 4922587
 f 4921194
 g 4921172
 h 4924136
 i 4922782
 j 4923424
 k 4924965
 l 4921798
 m 4924714
 n 4923356
 o 4924130
 p 4923067
 q 4923414
 r 4923847
 s 4922934
 t 4921513
 u 4921384
 v 4924699
 w 4926437
 x 4924902
 y 4921682
 z 4921135

Total characters:  128000000
 a 4919012
 b 4921795
 c 4926574
 d 4923347
 e 4922587
 f 4921194
 g 4921172
 h 4924136
 i 4922782
 j 4923424
 k 4924965
 l 4921798
 m 4924714
 n 4923356
 o 4924130
 p 4923067
 q 4923414
 r 4923847
 s 4922934
 t 4921513
 u 4921384
 v 4924699
 w 4926437
 x 4924902
 y 4921682
 z 4921135

Total characters:  128000000
 a 4919012
 b 4921795
 c 4926574
 d 4923347
 e 4922587
 f 4921194
 g 4921172
 h 4924136
 i 4922782
 j 4923424
 k 4924965
 l 4921798
 m 4924714
 n 4923356
 o 4924130
 p 4923067
 q 4923414
 r 4923847
 s 4922934
 t 4921513
 u 4921384
 v 4924699
 w 4926437
 x 4924902
 y 4921682
 z 4921135

Total characters:  128000000
 a 4919012
 b 4921795
 c 4926574
 d 4923347
 e 4922587
 f 4921194
 g 4921172
 h 4924136
 i 4922782
 j 4923424
 k 4924965
 l 4921798
 m 4924714
 n 4923356
 o 4924130
 p 4923067
 q 4923414
 r 4923847
 s 4922934
 t 4921513
 u 4921384
 v 4924699
 w 4926437
 x 4924902
 y 4921682
 z 4921135

Total characters:  128000000
 a 4919012
 b 4921795
 c 4926574
 d 4923347
 e 4922587
 f 4921194
 g 4921172
 h 4924136
 i 4922782
 j 4923424
 k 4924965
 l 4921798
 m 4924714
 n 4923356
 o 4924130
 p 4923067
 q 4923414
 r 4923847
 s 4922934
 t 4921513
 u 4921384
 v 4924699
 w 4926437
 x 4924902
 y 4921682
 z 4921135

Total characters:  128000000
 a 4919012
 b 4921795
 c 4926574
 d 4923347
 e 4922587
 f 4921194
 g 4921172
 h 4924136
 i 4922782
 j 4923424
 k 4924965
 l 4921798
 m 4924714
 n 4923356
 o 4924130
 p 4923067
 q 4923414
 r 4923847
 s 4922934
 t 4921513
 u 4921384
 v 4924699
 w 4926437
 x 4924902
 y 4921682
 z 4921135

Total characters:  128000000
 a 4919012
 b 4921795
 c 4926574
 d 4923347
 e 4922587
 f 4921194
 g 4921172
 h 4924136
 i 4922782
 j 4923424
 k 4924965
 l 4921798
 m 4924714
 n 4923356
 o 4924130
 p 4923067
 q 4923414
 r 4923847
 s 4922934
 t 4921513
 u 4921384
 v 4924699
 w 4926437
 x 4924902
 y 4921682
 z 4921135

Total characters:  128000000
 a 4919012
 b 4921795
 c 4926574
 d 4923347
 e 4922587
 f 4921194
 g 4921172
 h 4924136
 i 4922782
 j 4923424
 k 4924965
 l 4921798
 m 4924714
 n 4923356
 o 4924130
 p 4923067
 q 4923414
 r 4923847
 s 4922934
 t 4921513
 u 4921384
 v 4924699
 w 4926437
 x 4924902
 y 4921682
 z 4921135

Total characters:  128000000
 a 4919012
 b 4921795
 c 4926574
 d 4923347
 e 4922587
 f 4921194
 g 4921172
 h 4924136
 i 4922782
 j 4923424
 k 4924965
 l 4921798
 m 4924714
 n 4923356
 o 4924130
 p 4923067
 q 4923414
 r 4923847
 s 4922934
 t 4921513
 u 4921384
 v 4924699
 w 4926437
 x 4924902
 y 4921682
 z 4921135

Total characters:  128000000
 a 4919012
 b 4921795
 c 4926574
 d 4923347
 e 4922587
 f 4921194
 g 4921172
 h 4924136
 i 4922782
 j 4923424
 k 4924965
 l 4921798
 m 4924714
 n 4923356
 o 4924130
 p 4923067
 q 4923414
 r 4923847
 s 4922934
 t 4921513
 u 4921384
 v 4924699
 w 4926437
 x 4924902
 y 4921682
 z 4921135

Total characters:  128000000
 a 4919012
 b 4921795
 c 4926574
 d 4923347
 e 4922587
 f 4921194
 g 4921172
 h 4924136
 i 4922782
 j 4923424
 k 4924965
 l 4921798
 m 4924714
 n 4923356
 o 4924130
 p 4923067
 q 4923414
 r 4923847
 s 4922934
 t 4921513
 u 4921384
 v 4924699
 w 4926437
 x 4924902
 y 4921682
 z 4921135

Total characters:  128000000
 a 4919012
 b 4921795
 c 4926574
 d 4923347
 e 4922587
 f 4921194
 g 4921172
 h 4924136
 i 4922782
 j 4923424
 k 4924965
 l 4921798
 m 4924714
 n 4923356
 o 4924130
 p 4923067
 q 4923414
 r 4923847
 s 4922934
 t 4921513
 u 4921384
 v 4924699
 w 4926437
 x 4924902
 y 4921682
 z 4921135

Total characters:  128000000
 a 4919012
 b 4921795
 c 4926574
 d 4923347
 e 4922587
 f 4921194
 g 4921172
 h 4924136
 i 4922782
 j 4923424
 k 4924965
 l 4921798
 m 4924714
 n 4923356
 o 4924130
 p 4923067
 q 4923414
 r 4923847
 s 4922934
 t 4921513
 u 4921384
 v 4924699
 w 4926437
 x 4924902
 y 4921682
 z 4921135

Total characters:  128000000
 a 4919012
 b 4921795
 c 4926574
 d 4923347
 e 4922587
 f 4921194
 g 4921172
 h 4924136
 i 4922782
 j 4923424
 k 4924965
 l 4921798
 m 4924714
 n 4923356
 o 4924130
 p 4923067
 q 4923414
 r 4923847
 s 4922934
 t 4921513
 u 4921384
 v 4924699
 w 4926437
 x 4924902
 y 4921682
 z 4921135

Total characters:  128000000
 a 4919012
 b 4921795
 c 4926574
 d 4923347
 e 4922587
 f 4921194
 g 4921172
 h 4924136
 i 4922782
 j 4923424
 k 4924965
 l 4921798
 m 4924714
 n 4923356
 o 4924130
 p 4923067
 q 4923414
 r 4923847
 s 4922934
 t 4921513
 u 4921384
 v 4924699
 w 4926437
 x 4924902
 y 4921682
 z 4921135

Total characters:  128000000
 a 4919012
 b 4921795
 c 4926574
 d 4923347
 e 4922587
 f 4921194
 g 4921172
 h 4924136
 i 4922782
 j 4923424
 k 4924965
 l 4921798
 m 4924714
 n 4923356
 o 4924130
 p 4923067
 q 4923414
 r 4923847
 s 4922934
 t 4921513
 u 4921384
 v 4924699
 w 4926437
 x 4924902
 y 4921682
 z 4921135

Total characters:  128000000
 a 4919012
 b 4921795
 c 4926574
 d 4923347
 e 4922587
 f 4921194
 g 4921172
 h 4924136
 i 4922782
 j 4923424
 k 4924965
 l 4921798
 m 4924714
 n 4923356
 o 4924130
 p 4923067
 q 4923414
 r 4923847
 s 4922934
 t 4921513
 u 4921384
 v 4924699
 w 4926437
 x 4924902
 y 4921682
 z 4921135

Total characters:  128000000
 a 4919012
 b 4921795
 c 4926574
 d 4923347
 e 4922587
 f 4921194
 g 4921172
 h 4924136
 i 4922782
 j 4923424
 k 4924965
 l 4921798
 m 4924714
 n 4923356
 o 4924130
 p 4923067
 q 4923414
 r 4923847
 s 4922934
 t 4921513
 u 4921384
 v 4924699
 w 4926437
 x 4924902
 y 4921682
 z 4921135

Total characters:  128000000
 a 4919012
 b 4921795
 c 4926574
 d 4923347
 e 4922587
 f 4921194
 g 4921172
 h 4924136
 i 4922782
 j 4923424
 k 4924965
 l 4921798
 m 4924714
 n 4923356
 o 4924130
 p 4923067
 q 4923414
 r 4923847
 s 4922934
 t 4921513
 u 4921384
 v 4924699
 w 4926437
 x 4924902
 y 4921682
 z 4921135

Total characters:  128000000
 a 4919012
 b 4921795
 c 4926574
 d 4923347
 e 4922587
 f 4921194
 g 4921172
 h 4924136
 i 4922782
 j 4923424
 k 4924965
 l 4921798
 m 4924714
 n 4923356
 o 4924130
 p 4923067
 q 4923414
 r 4923847
 s 4922934
 t 4921513
 u 4921384
 v 4924699
 w 4926437
 x 4924902
 y 4921682
 z 4921135

Total characters:  128000000
 a 4919012
 b 4921795
 c 4926574
 d 4923347
 e 4922587
 f 4921194
 g 4921172
 h 4924136
 i 4922782
 j 4923424
 k 4924965
 l 4921798
 m 4924714
 n 4923356
 o 4924130
 p 4923067
 q 4923414
 r 4923847
 s 4922934
 t 4921513
 u 4921384
 v 4924699
 w 4926437
 x 4924902
 y 4921682
 z 4921135

Total characters:  128000000
 a 4919012
 b 4921795
 c 4926574
 d 4923347
 e 4922587
 f 4921194
 g 4921172
 h 4924136
 i 4922782
 j 4923424
 k 4924965
 l 4921798
 m 4924714
 n 4923356
 o 4924130
 p 4923067
 q 4923414
 r 4923847
 s 4922934
 t 4921513
 u 4921384
 v 4924699
 w 4926437
 x 4924902
 y 4921682
 z 4921135

Total characters:  128000000
 a 4919012
 b 4921795
 c 4926574
 d 4923347
 e 4922587
 f 4921194
 g 4921172
 h 4924136
 i 4922782
 j 4923424
 k 4924965
 l 4921798
 m 4924714
 n 4923356
 o 4924130
 p 4923067
 q 4923414
 r 4923847
 s 4922934
 t 4921513
 u 4921384
 v 4924699
 w 4926437
 x 4924902
 y 4921682
 z 4921135

Total characters:  128000000
 a 4919012
 b 4921795
 c 4926574
 d 4923347
 e 4922587
 f 4921194
 g 4921172
 h 4924136
 i 4922782
 j 4923424
 k 4924965
 l 4921798
 m 4924714
 n 4923356
 o 4924130
 p 4923067
 q 4923414
 r 4923847
 s 4922934
 t 4921513
 u 4921384
 v 4924699
 w 4926437
 x 4924902
 y 4921682
 z 4921135

Total characters:  128000000
 a 4919012
 b 4921795
 c 4926574
 d 4923347
 e 4922587
 f 4921194
 g 4921172
 h 4924136
 i 4922782
 j 4923424
 k 4924965
 l 4921798
 m 4924714
 n 4923356
 o 4924130
 p 4923067
 q 4923414
 r 4923847
 s 4922934
 t 4921513
 u 4921384
 v 4924699
 w 4926437
 x 4924902
 y 4921682
 z 4921135

Total characters:  128000000
 a 4919012
 b 4921795
 c 4926574
 d 4923347
 e 4922587
 f 4921194
 g 4921172
 h 4924136
 i 4922782
 j 4923424
 k 4924965
 l 4921798
 m 4924714
 n 4923356
 o 4924130
 p 4923067
 q 4923414
 r 4923847
 s 4922934
 t 4921513
 u 4921384
 v 4924699
 w 4926437
 x 4924902
 y 4921682
 z 4921135

Total characters:  128000000
 a 4919012
 b 4921795
 c 4926574
 d 4923347
 e 4922587
 f 4921194
 g 4921172
 h 4924136
 i 4922782
 j 4923424
 k 4924965
 l 4921798
 m 4924714
 n 4923356
 o 4924130
 p 4923067
 q 4923414
 r 4923847
 s 4922934
 t 4921513
 u 4921384
 v 4924699
 w 4926437
 x 4924902
 y 4921682
 z 4921135

Total characters:  128000000
 a 4919012
 b 4921795
 c 4926574
 d 4923347
 e 4922587
 f 4921194
 g 4921172
 h 4924136
 i 4922782
 j 4923424
 k 4924965
 l 4921798
 m 4924714
 n 4923356
 o 4924130
 p 4923067
 q 4923414
 r 4923847
 s 4922934
 t 4921513
 u 4921384
 v 4924699
 w 4926437
 x 4924902
 y 4921682
 z 4921135

Total characters:  128000000
 a 4919012
 b 4921795
 c 4926574
 d 4923347
 e 4922587
 f 4921194
 g 4921172
 h 4924136
 i 4922782
 j 4923424
 k 4924965
 l 4921798
 m 4924714
 n 4923356
 o 4924130
 p 4923067
 q 4923414
 r 4923847
 s 4922934
 t 4921513
 u 4921384
 v 4924699
 w 4926437
 x 4924902
 y 4921682
 z 4921135

Total characters:  128000000
 a 4919012
 b 4921795
 c 4926574
 d 4923347
 e 4922587
 f 4921194
 g 4921172
 h 4924136
 i 4922782
 j 4923424
 k 4924965
 l 4921798
 m 4924714
 n 4923356
 o 4924130
 p 4923067
 q 4923414
 r 4923847
 s 4922934
 t 4921513
 u 4921384
 v 4924699
 w 4926437
 x 4924902
 y 4921682
 z 4921135

Total characters:  128000000
 a 4919012
 b 4921795
 c 4926574
 d 4923347
 e 4922587
 f 4921194
 g 4921172
 h 4924136
 i 4922782
 j 4923424
 k 4924965
 l 4921798
 m 4924714
 n 4923356
 o 4924130
 p 4923067
 q 4923414
 r 4923847
 s 4922934
 t 4921513
 u 4921384
 v 4924699
 w 4926437
 x 4924902
 y 4921682
 z 4921135

Total characters:  128000000
 a 4919012
 b 4921795
 c 4926574
 d 4923347
 e 4922587
 f 4921194
 g 4921172
 h 4924136
 i 4922782
 j 4923424
 k 4924965
 l 4921798
 m 4924714
 n 4923356
 o 4924130
 p 4923067
 q 4923414
 r 4923847
 s 4922934
 t 4921513
 u 4921384
 v 4924699
 w 4926437
 x 4924902
 y 4921682
 z 4921135

Total characters:  128000000
 a 4919012
 b 4921795
 c 4926574
 d 4923347
 e 4922587
 f 4921194
 g 4921172
 h 4924136
 i 4922782
 j 4923424
 k 4924965
 l 4921798
 m 4924714
 n 4923356
 o 4924130
 p 4923067
 q 4923414
 r 4923847
 s 4922934
 t 4921513
 u 4921384
 v 4924699
 w 4926437
 x 4924902
 y 4921682
 z 4921135

Total characters:  128000000
srun: error: elf73: task 41: Exited with exit code 30
 a 4919012
 b 4921795
 c 4926574
 d 4923347
 e 4922587
 f 4921194
 g 4921172
 h 4924136
 i 4922782
 j 4923424
 k 4924965
 l 4921798
 m 4924714
 n 4923356
 o 4924130
 p 4923067
 q 4923414
 r 4923847
 s 4922934
 t 4921513
 u 4921384
 v 4924699
 w 4926437
 x 4924902
 y 4921682
 z 4921135

Total characters:  128000000
srun: error: elf67: tasks 18-33,35: Exited with exit code 30
srun: error: elf77: tasks 46-63: Exited with exit code 30
srun: error: elf58: tasks 0-17: Exited with exit code 30
 a 4919012
 b 4921795
 c 4926574
 d 4923347
 e 4922587
 f 4921194
 g 4921172
 h 4924136
 i 4922782
 j 4923424
 k 4924965
 l 4921798
 m 4924714
 n 4923356
 o 4924130
 p 4923067
 q 4923414
 r 4923847
 s 4922934
 t 4921513
 u 4921384
 v 4924699
 w 4926437
 x 4924902
 y 4921682
 z 4921135

Total characters:  128000000
 a 4919012
 b 4921795
 c 4926574
 d 4923347
 e 4922587
 f 4921194
 g 4921172
 h 4924136
 i 4922782
 j 4923424
 k 4924965
 l 4921798
 m 4924714
 n 4923356
 o 4924130
 p 4923067
 q 4923414
 r 4923847
 s 4922934
 t 4921513
 u 4921384
 v 4924699
 w 4926437
 x 4924902
 y 4921682
 z 4921135

Total characters:  128000000
 a 4919012
 b 4921795
 c 4926574
 d 4923347
 e 4922587
 f 4921194
 g 4921172
 h 4924136
 i 4922782
 j 4923424
 k 4924965
 l 4921798
 m 4924714
 n 4923356
 o 4924130
 p 4923067
 q 4923414
 r 4923847
 s 4922934
 t 4921513
 u 4921384
 v 4924699
 w 4926437
 x 4924902
 y 4921682
 z 4921135

Total characters:  128000000
 a 4919012
 b 4921795
 c 4926574
 d 4923347
 e 4922587
 f 4921194
 g 4921172
 h 4924136
 i 4922782
 j 4923424
 k 4924965
 l 4921798
 m 4924714
 n 4923356
 o 4924130
 p 4923067
 q 4923414
 r 4923847
 s 4922934
 t 4921513
 u 4921384
 v 4924699
 w 4926437
 x 4924902
 y 4921682
 z 4921135

Total characters:  128000000
 a 4919012
 b 4921795
 c 4926574
 d 4923347
 e 4922587
 f 4921194
 g 4921172
 h 4924136
 i 4922782
 j 4923424
 k 4924965
 l 4921798
 m 4924714
 n 4923356
 o 4924130
 p 4923067
 q 4923414
 r 4923847
 s 4922934
 t 4921513
 u 4921384
 v 4924699
 w 4926437
 x 4924902
 y 4921682
 z 4921135

Total characters:  128000000
 a 4919012
 b 4921795
 c 4926574
 d 4923347
 e 4922587
 f 4921194
 g 4921172
 h 4924136
 i 4922782
 j 4923424
 k 4924965
 l 4921798
 m 4924714
 n 4923356
 o 4924130
 p 4923067
 q 4923414
 r 4923847
 s 4922934
 t 4921513
 u 4921384
 v 4924699
 w 4926437
 x 4924902
 y 4921682
 z 4921135

Total characters:  128000000
 a 4919012
 b 4921795
 c 4926574
 d 4923347
 e 4922587
 f 4921194
 g 4921172
 h 4924136
 i 4922782
 j 4923424
 k 4924965
 l 4921798
 m 4924714
 n 4923356
 o 4924130
 p 4923067
 q 4923414
 r 4923847
 s 4922934
 t 4921513
 u 4921384
 v 4924699
 w 4926437
 x 4924902
 y 4921682
 z 4921135

Total characters:  128000000
 a 4919012
 b 4921795
 c 4926574
 d 4923347
 e 4922587
 f 4921194
 g 4921172
 h 4924136
 i 4922782
 j 4923424
 k 4924965
 l 4921798
 m 4924714
 n 4923356
 o 4924130
 p 4923067
 q 4923414
 r 4923847
 s 4922934
 t 4921513
 u 4921384
 v 4924699
 w 4926437
 x 4924902
 y 4921682
 z 4921135

Total characters:  128000000
 a 4919012
 b 4921795
 c 4926574
 d 4923347
 e 4922587
 f 4921194
 g 4921172
 h 4924136
 i 4922782
 j 4923424
 k 4924965
 l 4921798
 m 4924714
 n 4923356
 o 4924130
 p 4923067
 q 4923414
 r 4923847
 s 4922934
 t 4921513
 u 4921384
 v 4924699
 w 4926437
 x 4924902
 y 4921682
 z 4921135

Total characters:  128000000
 a 4919012
 b 4921795
 c 4926574
 d 4923347
 e 4922587
 f 4921194
 g 4921172
 h 4924136
 i 4922782
 j 4923424
 k 4924965
 l 4921798
 m 4924714
 n 4923356
 o 4924130
 p 4923067
 q 4923414
 r 4923847
 s 4922934
 t 4921513
 u 4921384
 v 4924699
 w 4926437
 x 4924902
 y 4921682
 z 4921135

Total characters:  128000000
 a 4919012
 b 4921795
 c 4926574
 d 4923347
 e 4922587
 f 4921194
 g 4921172
 h 4924136
 i 4922782
 j 4923424
 k 4924965
 l 4921798
 m 4924714
 n 4923356
 o 4924130
 p 4923067
 q 4923414
 r 4923847
 s 4922934
 t 4921513
 u 4921384
 v 4924699
 w 4926437
 x 4924902
 y 4921682
 z 4921135

Total characters:  128000000
 a 4919012
 b 4921795
 c 4926574
 d 4923347
 e 4922587
 f 4921194
 g 4921172
 h 4924136
 i 4922782
 j 4923424
 k 4924965
 l 4921798
 m 4924714
 n 4923356
 o 4924130
 p 4923067
 q 4923414
 r 4923847
 s 4922934
 t 4921513
 u 4921384
 v 4924699
 w 4926437
 x 4924902
 y 4921682
 z 4921135

Total characters:  128000000
 a 4919012
 b 4921795
 c 4926574
 d 4923347
 e 4922587
 f 4921194
 g 4921172
 h 4924136
 i 4922782
 j 4923424
 k 4924965
 l 4921798
 m 4924714
 n 4923356
 o 4924130
 p 4923067
 q 4923414
 r 4923847
 s 4922934
 t 4921513
 u 4921384
 v 4924699
 w 4926437
 x 4924902
 y 4921682
 z 4921135

Total characters:  128000000
 a 4919012
 b 4921795
 c 4926574
 d 4923347
 e 4922587
 f 4921194
 g 4921172
 h 4924136
 i 4922782
 j 4923424
 k 4924965
 l 4921798
 m 4924714
 n 4923356
 o 4924130
 p 4923067
 q 4923414
 r 4923847
 s 4922934
 t 4921513
 u 4921384
 v 4924699
 w 4926437
 x 4924902
 y 4921682
 z 4921135

Total characters:  128000000
 a 4919012
 b 4921795
 c 4926574
 d 4923347
 e 4922587
 f 4921194
 g 4921172
 h 4924136
 i 4922782
 j 4923424
 k 4924965
 l 4921798
 m 4924714
 n 4923356
 o 4924130
 p 4923067
 q 4923414
 r 4923847
 s 4922934
 t 4921513
 u 4921384
 v 4924699
 w 4926437
 x 4924902
 y 4921682
 z 4921135

Total characters:  128000000
 a 4919012
 b 4921795
 c 4926574
 d 4923347
 e 4922587
 f 4921194
 g 4921172
 h 4924136
 i 4922782
 j 4923424
 k 4924965
 l 4921798
 m 4924714
 n 4923356
 o 4924130
 p 4923067
 q 4923414
 r 4923847
 s 4922934
 t 4921513
 u 4921384
 v 4924699
 w 4926437
 x 4924902
 y 4921682
 z 4921135

Total characters:  128000000
srun: error: elf79: tasks 82-83,85-90,92-99: Exited with exit code 30
 a 4919012
 b 4921795
 c 4926574
 d 4923347
 e 4922587
 f 4921194
 g 4921172
 h 4924136
 i 4922782
 j 4923424
 k 4924965
 l 4921798
 m 4924714
 n 4923356
 o 4924130
 p 4923067
 q 4923414
 r 4923847
 s 4922934
 t 4921513
 u 4921384
 v 4924699
 w 4926437
 x 4924902
 y 4921682
 z 4921135

Total characters:  128000000
srun: error: elf79: task 91: Exited with exit code 30
 a 4919012
 b 4921795
 c 4926574
 d 4923347
 e 4922587
 f 4921194
 g 4921172
 h 4924136
 i 4922782
 j 4923424
 k 4924965
 l 4921798
 m 4924714
 n 4923356
 o 4924130
 p 4923067
 q 4923414
 r 4923847
 s 4922934
 t 4921513
 u 4921384
 v 4924699
 w 4926437
 x 4924902
 y 4921682
 z 4921135

Total characters:  128000000
srun: error: elf67: task 34: Exited with exit code 30
 a 4919012
 b 4921795
 c 4926574
 d 4923347
 e 4922587
 f 4921194
 g 4921172
 h 4924136
 i 4922782
 j 4923424
 k 4924965
 l 4921798
 m 4924714
 n 4923356
 o 4924130
 p 4923067
 q 4923414
 r 4923847
 s 4922934
 t 4921513
 u 4921384
 v 4924699
 w 4926437
 x 4924902
 y 4921682
 z 4921135

Total characters:  128000000
 a 4919012
 b 4921795
 c 4926574
 d 4923347
 e 4922587
 f 4921194
 g 4921172
 h 4924136
 i 4922782
 j 4923424
 k 4924965
 l 4921798
 m 4924714
 n 4923356
 o 4924130
 p 4923067
 q 4923414
 r 4923847
 s 4922934
 t 4921513
 u 4921384
 v 4924699
 w 4926437
 x 4924902
 y 4921682
 z 4921135

Total characters:  128000000
 a 4919012
 b 4921795
 c 4926574
 d 4923347
 e 4922587
 f 4921194
 g 4921172
 h 4924136
 i 4922782
 j 4923424
 k 4924965
 l 4921798
 m 4924714
 n 4923356
 o 4924130
 p 4923067
 q 4923414
 r 4923847
 s 4922934
 t 4921513
 u 4921384
 v 4924699
 w 4926437
 x 4924902
 y 4921682
 z 4921135

Total characters:  128000000
 a 4919012
 b 4921795
 c 4926574
 d 4923347
 e 4922587
 f 4921194
 g 4921172
 h 4924136
 i 4922782
 j 4923424
 k 4924965
 l 4921798
 m 4924714
 n 4923356
 o 4924130
 p 4923067
 q 4923414
 r 4923847
 s 4922934
 t 4921513
 u 4921384
 v 4924699
 w 4926437
 x 4924902
 y 4921682
 z 4921135

Total characters:  128000000
 a 4919012
 b 4921795
 c 4926574
 d 4923347
 e 4922587
 f 4921194
 g 4921172
 h 4924136
 i 4922782
 j 4923424
 k 4924965
 l 4921798
 m 4924714
 n 4923356
 o 4924130
 p 4923067
 q 4923414
 r 4923847
 s 4922934
 t 4921513
 u 4921384
 v 4924699
 w 4926437
 x 4924902
 y 4921682
 z 4921135

Total characters:  128000000
 a 4919012
 b 4921795
 c 4926574
 d 4923347
 e 4922587
 f 4921194
 g 4921172
 h 4924136
 i 4922782
 j 4923424
 k 4924965
 l 4921798
 m 4924714
 n 4923356
 o 4924130
 p 4923067
 q 4923414
 r 4923847
 s 4922934
 t 4921513
 u 4921384
 v 4924699
 w 4926437
 x 4924902
 y 4921682
 z 4921135

Total characters:  128000000
 a 4919012
 b 4921795
 c 4926574
 d 4923347
 e 4922587
 f 4921194
 g 4921172
 h 4924136
 i 4922782
 j 4923424
 k 4924965
 l 4921798
 m 4924714
 n 4923356
 o 4924130
 p 4923067
 q 4923414
 r 4923847
 s 4922934
 t 4921513
 u 4921384
 v 4924699
 w 4926437
 x 4924902
 y 4921682
 z 4921135

Total characters:  128000000
srun: error: elf78: tasks 74-78,80-81: Exited with exit code 30
 a 4919012
 b 4921795
 c 4926574
 d 4923347
 e 4922587
 f 4921194
 g 4921172
 h 4924136
 i 4922782
 j 4923424
 k 4924965
 l 4921798
 m 4924714
 n 4923356
 o 4924130
 p 4923067
 q 4923414
 r 4923847
 s 4922934
 t 4921513
 u 4921384
 v 4924699
 w 4926437
 x 4924902
 y 4921682
 z 4921135

Total characters:  128000000
 a 4919012
 b 4921795
 c 4926574
 d 4923347
 e 4922587
 f 4921194
 g 4921172
 h 4924136
 i 4922782
 j 4923424
 k 4924965
 l 4921798
 m 4924714
 n 4923356
 o 4924130
 p 4923067
 q 4923414
 r 4923847
 s 4922934
 t 4921513
 u 4921384
 v 4924699
 w 4926437
 x 4924902
 y 4921682
 z 4921135

Total characters:  128000000
 a 4919012
 b 4921795
 c 4926574
 d 4923347
 e 4922587
 f 4921194
 g 4921172
 h 4924136
 i 4922782
 j 4923424
 k 4924965
 l 4921798
 m 4924714
 n 4923356
 o 4924130
 p 4923067
 q 4923414
 r 4923847
 s 4922934
 t 4921513
 u 4921384
 v 4924699
 w 4926437
 x 4924902
 y 4921682
 z 4921135

Total characters:  128000000
 a 4919012
 b 4921795
 c 4926574
 d 4923347
 e 4922587
 f 4921194
 g 4921172
 h 4924136
 i 4922782
 j 4923424
 k 4924965
 l 4921798
 m 4924714
 n 4923356
 o 4924130
 p 4923067
 q 4923414
 r 4923847
 s 4922934
 t 4921513
 u 4921384
 v 4924699
 w 4926437
 x 4924902
 y 4921682
 z 4921135

Total characters:  128000000
srun: error: elf78: tasks 65,79: Exited with exit code 30
 a 4919012
 b 4921795
 c 4926574
 d 4923347
 e 4922587
 f 4921194
 g 4921172
 h 4924136
 i 4922782
 j 4923424
 k 4924965
 l 4921798
 m 4924714
 n 4923356
 o 4924130
 p 4923067
 q 4923414
 r 4923847
 s 4922934
 t 4921513
 u 4921384
 v 4924699
 w 4926437
 x 4924902
 y 4921682
 z 4921135

Total characters:  128000000
 a 4919012
 b 4921795
 c 4926574
 d 4923347
 e 4922587
 f 4921194
 g 4921172
 h 4924136
 i 4922782
 j 4923424
 k 4924965
 l 4921798
 m 4924714
 n 4923356
 o 4924130
 p 4923067
 q 4923414
 r 4923847
 s 4922934
 t 4921513
 u 4921384
 v 4924699
 w 4926437
 x 4924902
 y 4921682
 z 4921135

Total characters:  128000000
 a 4919012
 b 4921795
 c 4926574
 d 4923347
 e 4922587
 f 4921194
 g 4921172
 h 4924136
 i 4922782
 j 4923424
 k 4924965
 l 4921798
 m 4924714
 n 4923356
 o 4924130
 p 4923067
 q 4923414
 r 4923847
 s 4922934
 t 4921513
 u 4921384
 v 4924699
 w 4926437
 x 4924902
 y 4921682
 z 4921135

Total characters:  128000000
 a 4919012
 b 4921795
 c 4926574
 d 4923347
 e 4922587
 f 4921194
 g 4921172
 h 4924136
 i 4922782
 j 4923424
 k 4924965
 l 4921798
 m 4924714
 n 4923356
 o 4924130
 p 4923067
 q 4923414
 r 4923847
 s 4922934
 t 4921513
 u 4921384
 v 4924699
 w 4926437
 x 4924902
 y 4921682
 z 4921135

Total characters:  128000000
 a 4919012
 b 4921795
 c 4926574
 d 4923347
 e 4922587
 f 4921194
 g 4921172
 h 4924136
 i 4922782
 j 4923424
 k 4924965
 l 4921798
 m 4924714
 n 4923356
 o 4924130
 p 4923067
 q 4923414
 r 4923847
 s 4922934
 t 4921513
 u 4921384
 v 4924699
 w 4926437
 x 4924902
 y 4921682
 z 4921135

Total characters:  128000000
 a 4919012
 b 4921795
 c 4926574
 d 4923347
 e 4922587
 f 4921194
 g 4921172
 h 4924136
 i 4922782
 j 4923424
 k 4924965
 l 4921798
 m 4924714
 n 4923356
 o 4924130
 p 4923067
 q 4923414
 r 4923847
 s 4922934
 t 4921513
 u 4921384
 v 4924699
 w 4926437
 x 4924902
 y 4921682
 z 4921135

Total characters:  128000000
srun: error: elf79: task 84: Exited with exit code 30
 a 4919012
 b 4921795
 c 4926574
 d 4923347
 e 4922587
 f 4921194
 g 4921172
 h 4924136
 i 4922782
 j 4923424
 k 4924965
 l 4921798
 m 4924714
 n 4923356
 o 4924130
 p 4923067
 q 4923414
 r 4923847
 s 4922934
 t 4921513
 u 4921384
 v 4924699
 w 4926437
 x 4924902
 y 4921682
 z 4921135

Total characters:  128000000
 a 4919012
 b 4921795
 c 4926574
 d 4923347
 e 4922587
 f 4921194
 g 4921172
 h 4924136
 i 4922782
 j 4923424
 k 4924965
 l 4921798
 m 4924714
 n 4923356
 o 4924130
 p 4923067
 q 4923414
 r 4923847
 s 4922934
 t 4921513
 u 4921384
 v 4924699
 w 4926437
 x 4924902
 y 4921682
 z 4921135

Total characters:  128000000
srun: error: elf78: tasks 64,66-73: Exited with exit code 30
 a 614523
 b 616259
 c 616475
 d 614176
 e 614690
 f 614750
 g 615455
 h 615619
 i 615910
 j 615639
 k 615161
 l 616309
 m 615513
 n 614534
 o 616784
 p 614184
 q 616068
 r 615642
 s 614005
 t 615291
 u 615205
 v 615409
 w 616436
 x 614849
 y 615359
 z 615755

Total characters:  16000000
DATA, 1000000, 100, elf73, 323.566000
 a 614523
 b 616259
 c 616475
 d 614176
 e 614690
 f 614750
 g 615455
 h 615619
 i 615910
 j 615639
 k 615161
 l 616309
 m 615513
 n 614534
 o 616784
 p 614184
 q 616068
 r 615642
 s 614005
 t 615291
 u 615205
 v 615409
 w 616436
 x 614849
 y 615359
 z 615755

Total characters:  16000000
DATA, 1000000, 100, elf73, 325.248000
 a 614523
 b 616259
 c 616475
 d 614176
 e 614690
 f 614750
 g 615455
 h 615619
 i 615910
 j 615639
 k 615161
 l 616309
 m 615513
 n 614534
 o 616784
 p 614184
 q 616068
 r 615642
 s 614005
 t 615291
 u 615205
 v 615409
 w 616436
 x 614849
 y 615359
 z 615755

Total characters:  16000000
DATA, 1000000, 100, elf73, 324.734000
 a 614523
 b 616259
 c 616475
 d 614176
 e 614690
 f 614750
 g 615455
 h 615619
 i 615910
 j 615639
 k 615161
 l 616309
 m 615513
 n 614534
 o 616784
 p 614184
 q 616068
 r 615642
 s 614005
 t 615291
 u 615205
 v 615409
 w 616436
 x 614849
 y 615359
 z 615755

Total characters:  16000000
DATA, 1000000, 100, elf73, 325.505000
 a 614523
 b 616259
 c 616475
 d 614176
 e 614690
 f 614750
 g 615455
 h 615619
 i 615910
 j 615639
 k 615161
 l 616309
 m 615513
 n 614534
 o 616784
 p 614184
 q 616068
 r 615642
 s 614005
 t 615291
 u 615205
 v 615409
 w 616436
 x 614849
 y 615359
 z 615755

Total characters:  16000000
DATA, 1000000, 100, elf73, 327.790000
 a 614523
 b 616259
 c 616475
 d 614176
 e 614690
 f 614750
 g 615455
 h 615619
 i 615910
 j 615639
 k 615161
 l 616309
 m 615513
 n 614534
 o 616784
 p 614184
 q 616068
 r 615642
 s 614005
 t 615291
 u 615205
 v 615409
 w 616436
 x 614849
 y 615359
 z 615755

Total characters:  16000000
DATA, 1000000, 100, elf73, 324.008000
 a 614523
 b 616259
 c 616475
 d 614176
 e 614690
 f 614750
 g 615455
 h 615619
 i 615910
 j 615639
 k 615161
 l 616309
 m 615513
 n 614534
 o 616784
 p 614184
 q 616068
 r 615642
 s 614005
 t 615291
 u 615205
 v 615409
 w 616436
 x 614849
 y 615359
 z 615755

Total characters:  16000000
DATA, 1000000, 100, elf73, 323.158000
 a 614523
 b 616259
 c 616475
 d 614176
 e 614690
 f 614750
 g 615455
 h 615619
 i 615910
 j 615639
 k 615161
 l 616309
 m 615513
 n 614534
 o 616784
 p 614184
 q 616068
 r 615642
 s 614005
 t 615291
 u 615205
 v 615409
 w 616436
 x 614849
 y 615359
 z 615755

Total characters:  16000000
DATA, 1000000, 100, elf73, 323.666000
 a 614523
 b 616259
 c 616475
 d 614176
 e 614690
 f 614750
 g 615455
 h 615619
 i 615910
 j 615639
 k 615161
 l 616309
 m 615513
 n 614534
 o 616784
 p 614184
 q 616068
 r 615642
 s 614005
 t 615291
 u 615205
 v 615409
 w 616436
 x 614849
 y 615359
 z 615755

Total characters:  16000000
DATA, 1000000, 100, elf73, 323.284000
 a 614523
 b 616259
 c 616475
 d 614176
 e 614690
 f 614750
 g 615455
 h 615619
 i 615910
 j 615639
 k 615161
 l 616309
 m 615513
 n 614534
 o 616784
 p 614184
 q 616068
 r 615642
 s 614005
 t 615291
 u 615205
 v 615409
 w 616436
 x 614849
 y 615359
 z 615755

Total characters:  16000000
DATA, 1000000, 100, elf73, 324.628000
 a 614523
 b 616259
 c 616475
 d 614176
 e 614690
 f 614750
 g 615455
 h 615619
 i 615910
 j 615639
 k 615161
 l 616309
 m 615513
 n 614534
 o 616784
 p 614184
 q 616068
 r 615642
 s 614005
 t 615291
 u 615205
 v 615409
 w 616436
 x 614849
 y 615359
 z 615755

Total characters:  16000000
DATA, 1000000, 100, elf67, 316.203000
 a 614523
 b 616259
 c 616475
 d 614176
 e 614690
 f 614750
 g 615455
 h 615619
 i 615910
 j 615639
 k 615161
 l 616309
 m 615513
 n 614534
 o 616784
 p 614184
 q 616068
 r 615642
 s 614005
 t 615291
 u 615205
 v 615409
 w 616436
 x 614849
 y 615359
 z 615755

Total characters:  16000000
DATA, 1000000, 100, elf58, 315.260000
 a 614523
 b 616259
 c 616475
 d 614176
 e 614690
 f 614750
 g 615455
 h 615619
 i 615910
 j 615639
 k 615161
 l 616309
 m 615513
 n 614534
 o 616784
 p 614184
 q 616068
 r 615642
 s 614005
 t 615291
 u 615205
 v 615409
 w 616436
 x 614849
 y 615359
 z 615755

Total characters:  16000000
DATA, 1000000, 100, elf77, 315.049000
 a 614523
 b 616259
 c 616475
 d 614176
 e 614690
 f 614750
 g 615455
 h 615619
 i 615910
 j 615639
 k 615161
 l 616309
 m 615513
 n 614534
 o 616784
 p 614184
 q 616068
 r 615642
 s 614005
 t 615291
 u 615205
 v 615409
 w 616436
 x 614849
 y 615359
 z 615755

Total characters:  16000000
DATA, 1000000, 100, elf79, 334.168000
 a 614523
 b 616259
 c 616475
 d 614176
 e 614690
 f 614750
 g 615455
 h 615619
 i 615910
 j 615639
 k 615161
 l 616309
 m 615513
 n 614534
 o 616784
 p 614184
 q 616068
 r 615642
 s 614005
 t 615291
 u 615205
 v 615409
 w 616436
 x 614849
 y 615359
 z 615755

Total characters:  16000000
DATA, 1000000, 100, elf67, 312.950000
 a 614523
 b 616259
 c 616475
 d 614176
 e 614690
 f 614750
 g 615455
 h 615619
 i 615910
 j 615639
 k 615161
 l 616309
 m 615513
 n 614534
 o 616784
 p 614184
 q 616068
 r 615642
 s 614005
 t 615291
 u 615205
 v 615409
 w 616436
 x 614849
 y 615359
 z 615755

Total characters:  16000000
DATA, 1000000, 100, elf67, 314.911000
 a 614523
 b 616259
 c 616475
 d 614176
 e 614690
 f 614750
 g 615455
 h 615619
 i 615910
 j 615639
 k 615161
 l 616309
 m 615513
 n 614534
 o 616784
 p 614184
 q 616068
 r 615642
 s 614005
 t 615291
 u 615205
 v 615409
 w 616436
 x 614849
 y 615359
 z 615755

Total characters:  16000000
DATA, 1000000, 100, elf67, 313.615000
 a 614523
 b 616259
 c 616475
 d 614176
 e 614690
 f 614750
 g 615455
 h 615619
 i 615910
 j 615639
 k 615161
 l 616309
 m 615513
 n 614534
 o 616784
 p 614184
 q 616068
 r 615642
 s 614005
 t 615291
 u 615205
 v 615409
 w 616436
 x 614849
 y 615359
 z 615755

Total characters:  16000000
DATA, 1000000, 100, elf67, 313.797000
 a 614523
 b 616259
 c 616475
 d 614176
 e 614690
 f 614750
 g 615455
 h 615619
 i 615910
 j 615639
 k 615161
 l 616309
 m 615513
 n 614534
 o 616784
 p 614184
 q 616068
 r 615642
 s 614005
 t 615291
 u 615205
 v 615409
 w 616436
 x 614849
 y 615359
 z 615755

Total characters:  16000000
DATA, 1000000, 100, elf67, 313.690000
 a 614523
 b 616259
 c 616475
 d 614176
 e 614690
 f 614750
 g 615455
 h 615619
 i 615910
 j 615639
 k 615161
 l 616309
 m 615513
 n 614534
 o 616784
 p 614184
 q 616068
 r 615642
 s 614005
 t 615291
 u 615205
 v 615409
 w 616436
 x 614849
 y 615359
 z 615755

Total characters:  16000000
DATA, 1000000, 100, elf67, 313.761000
 a 614523
 b 616259
 c 616475
 d 614176
 e 614690
 f 614750
 g 615455
 h 615619
 i 615910
 j 615639
 k 615161
 l 616309
 m 615513
 n 614534
 o 616784
 p 614184
 q 616068
 r 615642
 s 614005
 t 615291
 u 615205
 v 615409
 w 616436
 x 614849
 y 615359
 z 615755

Total characters:  16000000
DATA, 1000000, 100, elf67, 314.173000
 a 614523
 b 616259
 c 616475
 d 614176
 e 614690
 f 614750
 g 615455
 h 615619
 i 615910
 j 615639
 k 615161
 l 616309
 m 615513
 n 614534
 o 616784
 p 614184
 q 616068
 r 615642
 s 614005
 t 615291
 u 615205
 v 615409
 w 616436
 x 614849
 y 615359
 z 615755

Total characters:  16000000
DATA, 1000000, 100, elf67, 314.091000
 a 614523
 b 616259
 c 616475
 d 614176
 e 614690
 f 614750
 g 615455
 h 615619
 i 615910
 j 615639
 k 615161
 l 616309
 m 615513
 n 614534
 o 616784
 p 614184
 q 616068
 r 615642
 s 614005
 t 615291
 u 615205
 v 615409
 w 616436
 x 614849
 y 615359
 z 615755

Total characters:  16000000
DATA, 1000000, 100, elf58, 314.216000
 a 614523
 b 616259
 c 616475
 d 614176
 e 614690
 f 614750
 g 615455
 h 615619
 i 615910
 j 615639
 k 615161
 l 616309
 m 615513
 n 614534
 o 616784
 p 614184
 q 616068
 r 615642
 s 614005
 t 615291
 u 615205
 v 615409
 w 616436
 x 614849
 y 615359
 z 615755

Total characters:  16000000
DATA, 1000000, 100, elf58, 314.143000
 a 614523
 b 616259
 c 616475
 d 614176
 e 614690
 f 614750
 g 615455
 h 615619
 i 615910
 j 615639
 k 615161
 l 616309
 m 615513
 n 614534
 o 616784
 p 614184
 q 616068
 r 615642
 s 614005
 t 615291
 u 615205
 v 615409
 w 616436
 x 614849
 y 615359
 z 615755

Total characters:  16000000
DATA, 1000000, 100, elf58, 314.202000
 a 614523
 b 616259
 c 616475
 d 614176
 e 614690
 f 614750
 g 615455
 h 615619
 i 615910
 j 615639
 k 615161
 l 616309
 m 615513
 n 614534
 o 616784
 p 614184
 q 616068
 r 615642
 s 614005
 t 615291
 u 615205
 v 615409
 w 616436
 x 614849
 y 615359
 z 615755

Total characters:  16000000
DATA, 1000000, 100, elf58, 313.895000
 a 614523
 b 616259
 c 616475
 d 614176
 e 614690
 f 614750
 g 615455
 h 615619
 i 615910
 j 615639
 k 615161
 l 616309
 m 615513
 n 614534
 o 616784
 p 614184
 q 616068
 r 615642
 s 614005
 t 615291
 u 615205
 v 615409
 w 616436
 x 614849
 y 615359
 z 615755

Total characters:  16000000
DATA, 1000000, 100, elf58, 317.178000
 a 614523
 b 616259
 c 616475
 d 614176
 e 614690
 f 614750
 g 615455
 h 615619
 i 615910
 j 615639
 k 615161
 l 616309
 m 615513
 n 614534
 o 616784
 p 614184
 q 616068
 r 615642
 s 614005
 t 615291
 u 615205
 v 615409
 w 616436
 x 614849
 y 615359
 z 615755

Total characters:  16000000
DATA, 1000000, 100, elf58, 318.091000
 a 614523
 b 616259
 c 616475
 d 614176
 e 614690
 f 614750
 g 615455
 h 615619
 i 615910
 j 615639
 k 615161
 l 616309
 m 615513
 n 614534
 o 616784
 p 614184
 q 616068
 r 615642
 s 614005
 t 615291
 u 615205
 v 615409
 w 616436
 x 614849
 y 615359
 z 615755

Total characters:  16000000
DATA, 1000000, 100, elf58, 316.799000
 a 614523
 b 616259
 c 616475
 d 614176
 e 614690
 f 614750
 g 615455
 h 615619
 i 615910
 j 615639
 k 615161
 l 616309
 m 615513
 n 614534
 o 616784
 p 614184
 q 616068
 r 615642
 s 614005
 t 615291
 u 615205
 v 615409
 w 616436
 x 614849
 y 615359
 z 615755

Total characters:  16000000
DATA, 1000000, 100, elf58, 316.569000
 a 614523
 b 616259
 c 616475
 d 614176
 e 614690
 f 614750
 g 615455
 h 615619
 i 615910
 j 615639
 k 615161
 l 616309
 m 615513
 n 614534
 o 616784
 p 614184
 q 616068
 r 615642
 s 614005
 t 615291
 u 615205
 v 615409
 w 616436
 x 614849
 y 615359
 z 615755

Total characters:  16000000
DATA, 1000000, 100, elf58, 316.743000
 a 614523
 b 616259
 c 616475
 d 614176
 e 614690
 f 614750
 g 615455
 h 615619
 i 615910
 j 615639
 k 615161
 l 616309
 m 615513
 n 614534
 o 616784
 p 614184
 q 616068
 r 615642
 s 614005
 t 615291
 u 615205
 v 615409
 w 616436
 x 614849
 y 615359
 z 615755

Total characters:  16000000
DATA, 1000000, 100, elf58, 318.328000
 a 614523
 b 616259
 c 616475
 d 614176
 e 614690
 f 614750
 g 615455
 h 615619
 i 615910
 j 615639
 k 615161
 l 616309
 m 615513
 n 614534
 o 616784
 p 614184
 q 616068
 r 615642
 s 614005
 t 615291
 u 615205
 v 615409
 w 616436
 x 614849
 y 615359
 z 615755

Total characters:  16000000
DATA, 1000000, 100, elf58, 316.401000
 a 614523
 b 616259
 c 616475
 d 614176
 e 614690
 f 614750
 g 615455
 h 615619
 i 615910
 j 615639
 k 615161
 l 616309
 m 615513
 n 614534
 o 616784
 p 614184
 q 616068
 r 615642
 s 614005
 t 615291
 u 615205
 v 615409
 w 616436
 x 614849
 y 615359
 z 615755

Total characters:  16000000
DATA, 1000000, 100, elf58, 316.770000
 a 614523
 b 616259
 c 616475
 d 614176
 e 614690
 f 614750
 g 615455
 h 615619
 i 615910
 j 615639
 k 615161
 l 616309
 m 615513
 n 614534
 o 616784
 p 614184
 q 616068
 r 615642
 s 614005
 t 615291
 u 615205
 v 615409
 w 616436
 x 614849
 y 615359
 z 615755

Total characters:  16000000
DATA, 1000000, 100, elf58, 318.027000
 a 614523
 b 616259
 c 616475
 d 614176
 e 614690
 f 614750
 g 615455
 h 615619
 i 615910
 j 615639
 k 615161
 l 616309
 m 615513
 n 614534
 o 616784
 p 614184
 q 616068
 r 615642
 s 614005
 t 615291
 u 615205
 v 615409
 w 616436
 x 614849
 y 615359
 z 615755

Total characters:  16000000
DATA, 1000000, 100, elf58, 322.953000
 a 614523
 b 616259
 c 616475
 d 614176
 e 614690
 f 614750
 g 615455
 h 615619
 i 615910
 j 615639
 k 615161
 l 616309
 m 615513
 n 614534
 o 616784
 p 614184
 q 616068
 r 615642
 s 614005
 t 615291
 u 615205
 v 615409
 w 616436
 x 614849
 y 615359
 z 615755

Total characters:  16000000
DATA, 1000000, 100, elf58, 326.790000
 a 614523
 b 616259
 c 616475
 d 614176
 e 614690
 f 614750
 g 615455
 h 615619
 i 615910
 j 615639
 k 615161
 l 616309
 m 615513
 n 614534
 o 616784
 p 614184
 q 616068
 r 615642
 s 614005
 t 615291
 u 615205
 v 615409
 w 616436
 x 614849
 y 615359
 z 615755

Total characters:  16000000
DATA, 1000000, 100, elf58, 323.778000
 a 614523
 b 616259
 c 616475
 d 614176
 e 614690
 f 614750
 g 615455
 h 615619
 i 615910
 j 615639
 k 615161
 l 616309
 m 615513
 n 614534
 o 616784
 p 614184
 q 616068
 r 615642
 s 614005
 t 615291
 u 615205
 v 615409
 w 616436
 x 614849
 y 615359
 z 615755

Total characters:  16000000
DATA, 1000000, 100, elf58, 336.375000
 a 614523
 b 616259
 c 616475
 d 614176
 e 614690
 f 614750
 g 615455
 h 615619
 i 615910
 j 615639
 k 615161
 l 616309
 m 615513
 n 614534
 o 616784
 p 614184
 q 616068
 r 615642
 s 614005
 t 615291
 u 615205
 v 615409
 w 616436
 x 614849
 y 615359
 z 615755

Total characters:  16000000
DATA, 1000000, 100, elf67, 313.420000
 a 614523
 b 616259
 c 616475
 d 614176
 e 614690
 f 614750
 g 615455
 h 615619
 i 615910
 j 615639
 k 615161
 l 616309
 m 615513
 n 614534
 o 616784
 p 614184
 q 616068
 r 615642
 s 614005
 t 615291
 u 615205
 v 615409
 w 616436
 x 614849
 y 615359
 z 615755

Total characters:  16000000
DATA, 1000000, 100, elf77, 315.007000
 a 614523
 b 616259
 c 616475
 d 614176
 e 614690
 f 614750
 g 615455
 h 615619
 i 615910
 j 615639
 k 615161
 l 616309
 m 615513
 n 614534
 o 616784
 p 614184
 q 616068
 r 615642
 s 614005
 t 615291
 u 615205
 v 615409
 w 616436
 x 614849
 y 615359
 z 615755

Total characters:  16000000
DATA, 1000000, 100, elf77, 314.835000
 a 614523
 b 616259
 c 616475
 d 614176
 e 614690
 f 614750
 g 615455
 h 615619
 i 615910
 j 615639
 k 615161
 l 616309
 m 615513
 n 614534
 o 616784
 p 614184
 q 616068
 r 615642
 s 614005
 t 615291
 u 615205
 v 615409
 w 616436
 x 614849
 y 615359
 z 615755

Total characters:  16000000
DATA, 1000000, 100, elf77, 314.987000
 a 614523
 b 616259
 c 616475
 d 614176
 e 614690
 f 614750
 g 615455
 h 615619
 i 615910
 j 615639
 k 615161
 l 616309
 m 615513
 n 614534
 o 616784
 p 614184
 q 616068
 r 615642
 s 614005
 t 615291
 u 615205
 v 615409
 w 616436
 x 614849
 y 615359
 z 615755

Total characters:  16000000
DATA, 1000000, 100, elf77, 316.605000
 a 614523
 b 616259
 c 616475
 d 614176
 e 614690
 f 614750
 g 615455
 h 615619
 i 615910
 j 615639
 k 615161
 l 616309
 m 615513
 n 614534
 o 616784
 p 614184
 q 616068
 r 615642
 s 614005
 t 615291
 u 615205
 v 615409
 w 616436
 x 614849
 y 615359
 z 615755

Total characters:  16000000
DATA, 1000000, 100, elf77, 314.391000
 a 614523
 b 616259
 c 616475
 d 614176
 e 614690
 f 614750
 g 615455
 h 615619
 i 615910
 j 615639
 k 615161
 l 616309
 m 615513
 n 614534
 o 616784
 p 614184
 q 616068
 r 615642
 s 614005
 t 615291
 u 615205
 v 615409
 w 616436
 x 614849
 y 615359
 z 615755

Total characters:  16000000
DATA, 1000000, 100, elf77, 313.093000
 a 614523
 b 616259
 c 616475
 d 614176
 e 614690
 f 614750
 g 615455
 h 615619
 i 615910
 j 615639
 k 615161
 l 616309
 m 615513
 n 614534
 o 616784
 p 614184
 q 616068
 r 615642
 s 614005
 t 615291
 u 615205
 v 615409
 w 616436
 x 614849
 y 615359
 z 615755

Total characters:  16000000
DATA, 1000000, 100, elf77, 313.837000
 a 614523
 b 616259
 c 616475
 d 614176
 e 614690
 f 614750
 g 615455
 h 615619
 i 615910
 j 615639
 k 615161
 l 616309
 m 615513
 n 614534
 o 616784
 p 614184
 q 616068
 r 615642
 s 614005
 t 615291
 u 615205
 v 615409
 w 616436
 x 614849
 y 615359
 z 615755

Total characters:  16000000
DATA, 1000000, 100, elf77, 314.348000
 a 614523
 b 616259
 c 616475
 d 614176
 e 614690
 f 614750
 g 615455
 h 615619
 i 615910
 j 615639
 k 615161
 l 616309
 m 615513
 n 614534
 o 616784
 p 614184
 q 616068
 r 615642
 s 614005
 t 615291
 u 615205
 v 615409
 w 616436
 x 614849
 y 615359
 z 615755

Total characters:  16000000
DATA, 1000000, 100, elf77, 314.038000
 a 614523
 b 616259
 c 616475
 d 614176
 e 614690
 f 614750
 g 615455
 h 615619
 i 615910
 j 615639
 k 615161
 l 616309
 m 615513
 n 614534
 o 616784
 p 614184
 q 616068
 r 615642
 s 614005
 t 615291
 u 615205
 v 615409
 w 616436
 x 614849
 y 615359
 z 615755

Total characters:  16000000
DATA, 1000000, 100, elf77, 313.615000
 a 614523
 b 616259
 c 616475
 d 614176
 e 614690
 f 614750
 g 615455
 h 615619
 i 615910
 j 615639
 k 615161
 l 616309
 m 615513
 n 614534
 o 616784
 p 614184
 q 616068
 r 615642
 s 614005
 t 615291
 u 615205
 v 615409
 w 616436
 x 614849
 y 615359
 z 615755

Total characters:  16000000
DATA, 1000000, 100, elf77, 312.968000
 a 614523
 b 616259
 c 616475
 d 614176
 e 614690
 f 614750
 g 615455
 h 615619
 i 615910
 j 615639
 k 615161
 l 616309
 m 615513
 n 614534
 o 616784
 p 614184
 q 616068
 r 615642
 s 614005
 t 615291
 u 615205
 v 615409
 w 616436
 x 614849
 y 615359
 z 615755

Total characters:  16000000
DATA, 1000000, 100, elf77, 313.055000
 a 614523
 b 616259
 c 616475
 d 614176
 e 614690
 f 614750
 g 615455
 h 615619
 i 615910
 j 615639
 k 615161
 l 616309
 m 615513
 n 614534
 o 616784
 p 614184
 q 616068
 r 615642
 s 614005
 t 615291
 u 615205
 v 615409
 w 616436
 x 614849
 y 615359
 z 615755

Total characters:  16000000
DATA, 1000000, 100, elf77, 313.609000
 a 614523
 b 616259
 c 616475
 d 614176
 e 614690
 f 614750
 g 615455
 h 615619
 i 615910
 j 615639
 k 615161
 l 616309
 m 615513
 n 614534
 o 616784
 p 614184
 q 616068
 r 615642
 s 614005
 t 615291
 u 615205
 v 615409
 w 616436
 x 614849
 y 615359
 z 615755

Total characters:  16000000
DATA, 1000000, 100, elf77, 314.072000
 a 614523
 b 616259
 c 616475
 d 614176
 e 614690
 f 614750
 g 615455
 h 615619
 i 615910
 j 615639
 k 615161
 l 616309
 m 615513
 n 614534
 o 616784
 p 614184
 q 616068
 r 615642
 s 614005
 t 615291
 u 615205
 v 615409
 w 616436
 x 614849
 y 615359
 z 615755

Total characters:  16000000
DATA, 1000000, 100, elf77, 314.273000
 a 614523
 b 616259
 c 616475
 d 614176
 e 614690
 f 614750
 g 615455
 h 615619
 i 615910
 j 615639
 k 615161
 l 616309
 m 615513
 n 614534
 o 616784
 p 614184
 q 616068
 r 615642
 s 614005
 t 615291
 u 615205
 v 615409
 w 616436
 x 614849
 y 615359
 z 615755

Total characters:  16000000
DATA, 1000000, 100, elf77, 313.559000
 a 614523
 b 616259
 c 616475
 d 614176
 e 614690
 f 614750
 g 615455
 h 615619
 i 615910
 j 615639
 k 615161
 l 616309
 m 615513
 n 614534
 o 616784
 p 614184
 q 616068
 r 615642
 s 614005
 t 615291
 u 615205
 v 615409
 w 616436
 x 614849
 y 615359
 z 615755

Total characters:  16000000
DATA, 1000000, 100, elf77, 314.414000
 a 614523
 b 616259
 c 616475
 d 614176
 e 614690
 f 614750
 g 615455
 h 615619
 i 615910
 j 615639
 k 615161
 l 616309
 m 615513
 n 614534
 o 616784
 p 614184
 q 616068
 r 615642
 s 614005
 t 615291
 u 615205
 v 615409
 w 616436
 x 614849
 y 615359
 z 615755

Total characters:  16000000
DATA, 1000000, 100, elf79, 333.803000
 a 614523
 b 616259
 c 616475
 d 614176
 e 614690
 f 614750
 g 615455
 h 615619
 i 615910
 j 615639
 k 615161
 l 616309
 m 615513
 n 614534
 o 616784
 p 614184
 q 616068
 r 615642
 s 614005
 t 615291
 u 615205
 v 615409
 w 616436
 x 614849
 y 615359
 z 615755

Total characters:  16000000
DATA, 1000000, 100, elf79, 332.991000
 a 614523
 b 616259
 c 616475
 d 614176
 e 614690
 f 614750
 g 615455
 h 615619
 i 615910
 j 615639
 k 615161
 l 616309
 m 615513
 n 614534
 o 616784
 p 614184
 q 616068
 r 615642
 s 614005
 t 615291
 u 615205
 v 615409
 w 616436
 x 614849
 y 615359
 z 615755

Total characters:  16000000
DATA, 1000000, 100, elf79, 334.790000
 a 614523
 b 616259
 c 616475
 d 614176
 e 614690
 f 614750
 g 615455
 h 615619
 i 615910
 j 615639
 k 615161
 l 616309
 m 615513
 n 614534
 o 616784
 p 614184
 q 616068
 r 615642
 s 614005
 t 615291
 u 615205
 v 615409
 w 616436
 x 614849
 y 615359
 z 615755

Total characters:  16000000
DATA, 1000000, 100, elf79, 333.155000
 a 614523
 b 616259
 c 616475
 d 614176
 e 614690
 f 614750
 g 615455
 h 615619
 i 615910
 j 615639
 k 615161
 l 616309
 m 615513
 n 614534
 o 616784
 p 614184
 q 616068
 r 615642
 s 614005
 t 615291
 u 615205
 v 615409
 w 616436
 x 614849
 y 615359
 z 615755

Total characters:  16000000
DATA, 1000000, 100, elf67, 312.958000
 a 614523
 b 616259
 c 616475
 d 614176
 e 614690
 f 614750
 g 615455
 h 615619
 i 615910
 j 615639
 k 615161
 l 616309
 m 615513
 n 614534
 o 616784
 p 614184
 q 616068
 r 615642
 s 614005
 t 615291
 u 615205
 v 615409
 w 616436
 x 614849
 y 615359
 z 615755

Total characters:  16000000
DATA, 1000000, 100, elf67, 313.276000
 a 614523
 b 616259
 c 616475
 d 614176
 e 614690
 f 614750
 g 615455
 h 615619
 i 615910
 j 615639
 k 615161
 l 616309
 m 615513
 n 614534
 o 616784
 p 614184
 q 616068
 r 615642
 s 614005
 t 615291
 u 615205
 v 615409
 w 616436
 x 614849
 y 615359
 z 615755

Total characters:  16000000
DATA, 1000000, 100, elf67, 312.916000
 a 614523
 b 616259
 c 616475
 d 614176
 e 614690
 f 614750
 g 615455
 h 615619
 i 615910
 j 615639
 k 615161
 l 616309
 m 615513
 n 614534
 o 616784
 p 614184
 q 616068
 r 615642
 s 614005
 t 615291
 u 615205
 v 615409
 w 616436
 x 614849
 y 615359
 z 615755

Total characters:  16000000
DATA, 1000000, 100, elf67, 313.534000
 a 614523
 b 616259
 c 616475
 d 614176
 e 614690
 f 614750
 g 615455
 h 615619
 i 615910
 j 615639
 k 615161
 l 616309
 m 615513
 n 614534
 o 616784
 p 614184
 q 616068
 r 615642
 s 614005
 t 615291
 u 615205
 v 615409
 w 616436
 x 614849
 y 615359
 z 615755

Total characters:  16000000
DATA, 1000000, 100, elf67, 313.904000
 a 614523
 b 616259
 c 616475
 d 614176
 e 614690
 f 614750
 g 615455
 h 615619
 i 615910
 j 615639
 k 615161
 l 616309
 m 615513
 n 614534
 o 616784
 p 614184
 q 616068
 r 615642
 s 614005
 t 615291
 u 615205
 v 615409
 w 616436
 x 614849
 y 615359
 z 615755

Total characters:  16000000
DATA, 1000000, 100, elf79, 333.633000
 a 614523
 b 616259
 c 616475
 d 614176
 e 614690
 f 614750
 g 615455
 h 615619
 i 615910
 j 615639
 k 615161
 l 616309
 m 615513
 n 614534
 o 616784
 p 614184
 q 616068
 r 615642
 s 614005
 t 615291
 u 615205
 v 615409
 w 616436
 x 614849
 y 615359
 z 615755

Total characters:  16000000
DATA, 1000000, 100, elf67, 313.679000
 a 614523
 b 616259
 c 616475
 d 614176
 e 614690
 f 614750
 g 615455
 h 615619
 i 615910
 j 615639
 k 615161
 l 616309
 m 615513
 n 614534
 o 616784
 p 614184
 q 616068
 r 615642
 s 614005
 t 615291
 u 615205
 v 615409
 w 616436
 x 614849
 y 615359
 z 615755

Total characters:  16000000
DATA, 1000000, 100, elf79, 333.572000
 a 614523
 b 616259
 c 616475
 d 614176
 e 614690
 f 614750
 g 615455
 h 615619
 i 615910
 j 615639
 k 615161
 l 616309
 m 615513
 n 614534
 o 616784
 p 614184
 q 616068
 r 615642
 s 614005
 t 615291
 u 615205
 v 615409
 w 616436
 x 614849
 y 615359
 z 615755

Total characters:  16000000
DATA, 1000000, 100, elf79, 334.722000
 a 614523
 b 616259
 c 616475
 d 614176
 e 614690
 f 614750
 g 615455
 h 615619
 i 615910
 j 615639
 k 615161
 l 616309
 m 615513
 n 614534
 o 616784
 p 614184
 q 616068
 r 615642
 s 614005
 t 615291
 u 615205
 v 615409
 w 616436
 x 614849
 y 615359
 z 615755

Total characters:  16000000
DATA, 1000000, 100, elf79, 335.052000
 a 614523
 b 616259
 c 616475
 d 614176
 e 614690
 f 614750
 g 615455
 h 615619
 i 615910
 j 615639
 k 615161
 l 616309
 m 615513
 n 614534
 o 616784
 p 614184
 q 616068
 r 615642
 s 614005
 t 615291
 u 615205
 v 615409
 w 616436
 x 614849
 y 615359
 z 615755

Total characters:  16000000
DATA, 1000000, 100, elf79, 335.599000
 a 614523
 b 616259
 c 616475
 d 614176
 e 614690
 f 614750
 g 615455
 h 615619
 i 615910
 j 615639
 k 615161
 l 616309
 m 615513
 n 614534
 o 616784
 p 614184
 q 616068
 r 615642
 s 614005
 t 615291
 u 615205
 v 615409
 w 616436
 x 614849
 y 615359
 z 615755

Total characters:  16000000
DATA, 1000000, 100, elf79, 333.939000
 a 614523
 b 616259
 c 616475
 d 614176
 e 614690
 f 614750
 g 615455
 h 615619
 i 615910
 j 615639
 k 615161
 l 616309
 m 615513
 n 614534
 o 616784
 p 614184
 q 616068
 r 615642
 s 614005
 t 615291
 u 615205
 v 615409
 w 616436
 x 614849
 y 615359
 z 615755

Total characters:  16000000
DATA, 1000000, 100, elf79, 335.184000
 a 614523
 b 616259
 c 616475
 d 614176
 e 614690
 f 614750
 g 615455
 h 615619
 i 615910
 j 615639
 k 615161
 l 616309
 m 615513
 n 614534
 o 616784
 p 614184
 q 616068
 r 615642
 s 614005
 t 615291
 u 615205
 v 615409
 w 616436
 x 614849
 y 615359
 z 615755

Total characters:  16000000
DATA, 1000000, 100, elf79, 334.268000
 a 614523
 b 616259
 c 616475
 d 614176
 e 614690
 f 614750
 g 615455
 h 615619
 i 615910
 j 615639
 k 615161
 l 616309
 m 615513
 n 614534
 o 616784
 p 614184
 q 616068
 r 615642
 s 614005
 t 615291
 u 615205
 v 615409
 w 616436
 x 614849
 y 615359
 z 615755

Total characters:  16000000
DATA, 1000000, 100, elf79, 334.975000
 a 614523
 b 616259
 c 616475
 d 614176
 e 614690
 f 614750
 g 615455
 h 615619
 i 615910
 j 615639
 k 615161
 l 616309
 m 615513
 n 614534
 o 616784
 p 614184
 q 616068
 r 615642
 s 614005
 t 615291
 u 615205
 v 615409
 w 616436
 x 614849
 y 615359
 z 615755

Total characters:  16000000
DATA, 1000000, 100, elf78, 368.763000
 a 614523
 b 616259
 c 616475
 d 614176
 e 614690
 f 614750
 g 615455
 h 615619
 i 615910
 j 615639
 k 615161
 l 616309
 m 615513
 n 614534
 o 616784
 p 614184
 q 616068
 r 615642
 s 614005
 t 615291
 u 615205
 v 615409
 w 616436
 x 614849
 y 615359
 z 615755

Total characters:  16000000
DATA, 1000000, 100, elf79, 334.128000
 a 614523
 b 616259
 c 616475
 d 614176
 e 614690
 f 614750
 g 615455
 h 615619
 i 615910
 j 615639
 k 615161
 l 616309
 m 615513
 n 614534
 o 616784
 p 614184
 q 616068
 r 615642
 s 614005
 t 615291
 u 615205
 v 615409
 w 616436
 x 614849
 y 615359
 z 615755

Total characters:  16000000
DATA, 1000000, 100, elf79, 334.426000
 a 614523
 b 616259
 c 616475
 d 614176
 e 614690
 f 614750
 g 615455
 h 615619
 i 615910
 j 615639
 k 615161
 l 616309
 m 615513
 n 614534
 o 616784
 p 614184
 q 616068
 r 615642
 s 614005
 t 615291
 u 615205
 v 615409
 w 616436
 x 614849
 y 615359
 z 615755

Total characters:  16000000
DATA, 1000000, 100, elf79, 334.742000
 a 614523
 b 616259
 c 616475
 d 614176
 e 614690
 f 614750
 g 615455
 h 615619
 i 615910
 j 615639
 k 615161
 l 616309
 m 615513
 n 614534
 o 616784
 p 614184
 q 616068
 r 615642
 s 614005
 t 615291
 u 615205
 v 615409
 w 616436
 x 614849
 y 615359
 z 615755

Total characters:  16000000
DATA, 1000000, 100, elf67, 315.721000
 a 614523
 b 616259
 c 616475
 d 614176
 e 614690
 f 614750
 g 615455
 h 615619
 i 615910
 j 615639
 k 615161
 l 616309
 m 615513
 n 614534
 o 616784
 p 614184
 q 616068
 r 615642
 s 614005
 t 615291
 u 615205
 v 615409
 w 616436
 x 614849
 y 615359
 z 615755

Total characters:  16000000
DATA, 1000000, 100, elf67, 377.587000
 a 614523
 b 616259
 c 616475
 d 614176
 e 614690
 f 614750
 g 615455
 h 615619
 i 615910
 j 615639
 k 615161
 l 616309
 m 615513
 n 614534
 o 616784
 p 614184
 q 616068
 r 615642
 s 614005
 t 615291
 u 615205
 v 615409
 w 616436
 x 614849
 y 615359
 z 615755

Total characters:  16000000
DATA, 1000000, 100, elf78, 368.943000
 a 614523
 b 616259
 c 616475
 d 614176
 e 614690
 f 614750
 g 615455
 h 615619
 i 615910
 j 615639
 k 615161
 l 616309
 m 615513
 n 614534
 o 616784
 p 614184
 q 616068
 r 615642
 s 614005
 t 615291
 u 615205
 v 615409
 w 616436
 x 614849
 y 615359
 z 615755

Total characters:  16000000
DATA, 1000000, 100, elf78, 368.408000
 a 614523
 b 616259
 c 616475
 d 614176
 e 614690
 f 614750
 g 615455
 h 615619
 i 615910
 j 615639
 k 615161
 l 616309
 m 615513
 n 614534
 o 616784
 p 614184
 q 616068
 r 615642
 s 614005
 t 615291
 u 615205
 v 615409
 w 616436
 x 614849
 y 615359
 z 615755

Total characters:  16000000
DATA, 1000000, 100, elf78, 368.074000
 a 614523
 b 616259
 c 616475
 d 614176
 e 614690
 f 614750
 g 615455
 h 615619
 i 615910
 j 615639
 k 615161
 l 616309
 m 615513
 n 614534
 o 616784
 p 614184
 q 616068
 r 615642
 s 614005
 t 615291
 u 615205
 v 615409
 w 616436
 x 614849
 y 615359
 z 615755

Total characters:  16000000
DATA, 1000000, 100, elf78, 370.148000
 a 614523
 b 616259
 c 616475
 d 614176
 e 614690
 f 614750
 g 615455
 h 615619
 i 615910
 j 615639
 k 615161
 l 616309
 m 615513
 n 614534
 o 616784
 p 614184
 q 616068
 r 615642
 s 614005
 t 615291
 u 615205
 v 615409
 w 616436
 x 614849
 y 615359
 z 615755

Total characters:  16000000
DATA, 1000000, 100, elf78, 369.988000
 a 614523
 b 616259
 c 616475
 d 614176
 e 614690
 f 614750
 g 615455
 h 615619
 i 615910
 j 615639
 k 615161
 l 616309
 m 615513
 n 614534
 o 616784
 p 614184
 q 616068
 r 615642
 s 614005
 t 615291
 u 615205
 v 615409
 w 616436
 x 614849
 y 615359
 z 615755

Total characters:  16000000
DATA, 1000000, 100, elf78, 368.318000
 a 614523
 b 616259
 c 616475
 d 614176
 e 614690
 f 614750
 g 615455
 h 615619
 i 615910
 j 615639
 k 615161
 l 616309
 m 615513
 n 614534
 o 616784
 p 614184
 q 616068
 r 615642
 s 614005
 t 615291
 u 615205
 v 615409
 w 616436
 x 614849
 y 615359
 z 615755

Total characters:  16000000
DATA, 1000000, 100, elf78, 368.557000
 a 614523
 b 616259
 c 616475
 d 614176
 e 614690
 f 614750
 g 615455
 h 615619
 i 615910
 j 615639
 k 615161
 l 616309
 m 615513
 n 614534
 o 616784
 p 614184
 q 616068
 r 615642
 s 614005
 t 615291
 u 615205
 v 615409
 w 616436
 x 614849
 y 615359
 z 615755

Total characters:  16000000
DATA, 1000000, 100, elf78, 368.875000
 a 614523
 b 616259
 c 616475
 d 614176
 e 614690
 f 614750
 g 615455
 h 615619
 i 615910
 j 615639
 k 615161
 l 616309
 m 615513
 n 614534
 o 616784
 p 614184
 q 616068
 r 615642
 s 614005
 t 615291
 u 615205
 v 615409
 w 616436
 x 614849
 y 615359
 z 615755

Total characters:  16000000
DATA, 1000000, 100, elf78, 370.463000
 a 614523
 b 616259
 c 616475
 d 614176
 e 614690
 f 614750
 g 615455
 h 615619
 i 615910
 j 615639
 k 615161
 l 616309
 m 615513
 n 614534
 o 616784
 p 614184
 q 616068
 r 615642
 s 614005
 t 615291
 u 615205
 v 615409
 w 616436
 x 614849
 y 615359
 z 615755

Total characters:  16000000
DATA, 1000000, 100, elf78, 406.053000
 a 614523
 b 616259
 c 616475
 d 614176
 e 614690
 f 614750
 g 615455
 h 615619
 i 615910
 j 615639
 k 615161
 l 616309
 m 615513
 n 614534
 o 616784
 p 614184
 q 616068
 r 615642
 s 614005
 t 615291
 u 615205
 v 615409
 w 616436
 x 614849
 y 615359
 z 615755

Total characters:  16000000
DATA, 1000000, 100, elf78, 406.381000
 a 614523
 b 616259
 c 616475
 d 614176
 e 614690
 f 614750
 g 615455
 h 615619
 i 615910
 j 615639
 k 615161
 l 616309
 m 615513
 n 614534
 o 616784
 p 614184
 q 616068
 r 615642
 s 614005
 t 615291
 u 615205
 v 615409
 w 616436
 x 614849
 y 615359
 z 615755

Total characters:  16000000
DATA, 1000000, 100, elf78, 407.697000
 a 614523
 b 616259
 c 616475
 d 614176
 e 614690
 f 614750
 g 615455
 h 615619
 i 615910
 j 615639
 k 615161
 l 616309
 m 615513
 n 614534
 o 616784
 p 614184
 q 616068
 r 615642
 s 614005
 t 615291
 u 615205
 v 615409
 w 616436
 x 614849
 y 615359
 z 615755

Total characters:  16000000
DATA, 1000000, 100, elf78, 407.116000
 a 614523
 b 616259
 c 616475
 d 614176
 e 614690
 f 614750
 g 615455
 h 615619
 i 615910
 j 615639
 k 615161
 l 616309
 m 615513
 n 614534
 o 616784
 p 614184
 q 616068
 r 615642
 s 614005
 t 615291
 u 615205
 v 615409
 w 616436
 x 614849
 y 615359
 z 615755

Total characters:  16000000
DATA, 1000000, 100, elf78, 410.548000
 a 614523
 b 616259
 c 616475
 d 614176
 e 614690
 f 614750
 g 615455
 h 615619
 i 615910
 j 615639
 k 615161
 l 616309
 m 615513
 n 614534
 o 616784
 p 614184
 q 616068
 r 615642
 s 614005
 t 615291
 u 615205
 v 615409
 w 616436
 x 614849
 y 615359
 z 615755

Total characters:  16000000
DATA, 1000000, 100, elf78, 406.165000
 a 614523
 b 616259
 c 616475
 d 614176
 e 614690
 f 614750
 g 615455
 h 615619
 i 615910
 j 615639
 k 615161
 l 616309
 m 615513
 n 614534
 o 616784
 p 614184
 q 616068
 r 615642
 s 614005
 t 615291
 u 615205
 v 615409
 w 616436
 x 614849
 y 615359
 z 615755

Total characters:  16000000
DATA, 1000000, 100, elf78, 406.657000
 a 614523
 b 616259
 c 616475
 d 614176
 e 614690
 f 614750
 g 615455
 h 615619
 i 615910
 j 615639
 k 615161
 l 616309
 m 615513
 n 614534
 o 616784
 p 614184
 q 616068
 r 615642
 s 614005
 t 615291
 u 615205
 v 615409
 w 616436
 x 614849
 y 615359
 z 615755

Total characters:  16000000
DATA, 1000000, 100, elf79, 398.705000
 a 614523
 b 616259
 c 616475
 d 614176
 e 614690
 f 614750
 g 615455
 h 615619
 i 615910
 j 615639
 k 615161
 l 616309
 m 615513
 n 614534
 o 616784
 p 614184
 q 616068
 r 615642
 s 614005
 t 615291
 u 615205
 v 615409
 w 616436
 x 614849
 y 615359
 z 615755

Total characters:  16000000
DATA, 1000000, 100, elf78, 597.507000
