 a 5967
 b 6241
 c 6149
 d 6027
 e 6157
 f 6183
 g 6195
 h 6420
 i 6137
 j 6103
 k 6197
 l 6123
 m 5988
 n 6221
 o 6165
 p 6254
 q 6253
 r 6132
 s 6205
 t 6141
 u 6137
 v 6037
 w 6086
 x 6136
 y 6251
 z 6095

Total characters:  160000
DATA, 10000, 100, elf85, 0.685000
 a 5967
 b 6241
 c 6149
 d 6027
 e 6157
 f 6183
 g 6195
 h 6420
 i 6137
 j 6103
 k 6197
 l 6123
 m 5988
 n 6221
 o 6165
 p 6254
 q 6253
 r 6132
 s 6205
 t 6141
 u 6137
 v 6037
 w 6086
 x 6136
 y 6251
 z 6095

Total characters:  160000
DATA, 10000, 100, elf81, 0.730000
 a 5967
 b 6241
 c 6149
 d 6027
 e 6157
 f 6183
 g 6195
 h 6420
 i 6137
 j 6103
 k 6197
 l 6123
 m 5988
 n 6221
 o 6165
 p 6254
 q 6253
 r 6132
 s 6205
 t 6141
 u 6137
 v 6037
 w 6086
 x 6136
 y 6251
 z 6095

Total characters:  160000
DATA, 10000, 100, elf84, 0.727000
 a 5967
 b 6241
 c 6149
 d 6027
 e 6157
 f 6183
 g 6195
 h 6420
 i 6137
 j 6103
 k 6197
 l 6123
 m 5988
 n 6221
 o 6165
 p 6254
 q 6253
 r 6132
 s 6205
 t 6141
 u 6137
 v 6037
 w 6086
 x 6136
 y 6251
 z 6095

Total characters:  160000
DATA, 10000, 100, elf80, 0.705000
 a 5967
 b 6241
 c 6149
 d 6027
 e 6157
 f 6183
 g 6195
 h 6420
 i 6137
 j 6103
 k 6197
 l 6123
 m 5988
 n 6221
 o 6165
 p 6254
 q 6253
 r 6132
 s 6205
 t 6141
 u 6137
 v 6037
 w 6086
 x 6136
 y 6251
 z 6095

Total characters:  160000
DATA, 10000, 100, elf83, 0.724000
 a 5967
 b 6241
 c 6149
 d 6027
 e 6157
 f 6183
 g 6195
 h 6420
 i 6137
 j 6103
 k 6197
 l 6123
 m 5988
 n 6221
 o 6165
 p 6254
 q 6253
 r 6132
 s 6205
 t 6141
 u 6137
 v 6037
 w 6086
 x 6136
 y 6251
 z 6095

Total characters:  160000
DATA, 10000, 100, elf85, 0.617000
 a 5967
 b 6241
 c 6149
 d 6027
 e 6157
 f 6183
 g 6195
 h 6420
 i 6137
 j 6103
 k 6197
 l 6123
 m 5988
 n 6221
 o 6165
 p 6254
 q 6253
 r 6132
 s 6205
 t 6141
 u 6137
 v 6037
 w 6086
 x 6136
 y 6251
 z 6095

Total characters:  160000
DATA, 10000, 100, elf85, 0.669000
 a 5967
 b 6241
 c 6149
 d 6027
 e 6157
 f 6183
 g 6195
 h 6420
 i 6137
 j 6103
 k 6197
 l 6123
 m 5988
 n 6221
 o 6165
 p 6254
 q 6253
 r 6132
 s 6205
 t 6141
 u 6137
 v 6037
 w 6086
 x 6136
 y 6251
 z 6095

Total characters:  160000
DATA, 10000, 100, elf85, 0.716000
 a 5967
 b 6241
 c 6149
 d 6027
 e 6157
 f 6183
 g 6195
 h 6420
 i 6137
 j 6103
 k 6197
 l 6123
 m 5988
 n 6221
 o 6165
 p 6254
 q 6253
 r 6132
 s 6205
 t 6141
 u 6137
 v 6037
 w 6086
 x 6136
 y 6251
 z 6095

Total characters:  160000
DATA, 10000, 100, elf85, 0.729000
 a 5967
 b 6241
 c 6149
 d 6027
 e 6157
 f 6183
 g 6195
 h 6420
 i 6137
 j 6103
 k 6197
 l 6123
 m 5988
 n 6221
 o 6165
 p 6254
 q 6253
 r 6132
 s 6205
 t 6141
 u 6137
 v 6037
 w 6086
 x 6136
 y 6251
 z 6095

Total characters:  160000
DATA, 10000, 100, elf85, 0.714000
 a 5967
 b 6241
 c 6149
 d 6027
 e 6157
 f 6183
 g 6195
 h 6420
 i 6137
 j 6103
 k 6197
 l 6123
 m 5988
 n 6221
 o 6165
 p 6254
 q 6253
 r 6132
 s 6205
 t 6141
 u 6137
 v 6037
 w 6086
 x 6136
 y 6251
 z 6095

Total characters:  160000
DATA, 10000, 100, elf85, 0.709000
 a 5967
 b 6241
 c 6149
 d 6027
 e 6157
 f 6183
 g 6195
 h 6420
 i 6137
 j 6103
 k 6197
 l 6123
 m 5988
 n 6221
 o 6165
 p 6254
 q 6253
 r 6132
 s 6205
 t 6141
 u 6137
 v 6037
 w 6086
 x 6136
 y 6251
 z 6095

Total characters:  160000
DATA, 10000, 100, elf85, 0.746000
 a 5967
 b 6241
 c 6149
 d 6027
 e 6157
 f 6183
 g 6195
 h 6420
 i 6137
 j 6103
 k 6197
 l 6123
 m 5988
 n 6221
 o 6165
 p 6254
 q 6253
 r 6132
 s 6205
 t 6141
 u 6137
 v 6037
 w 6086
 x 6136
 y 6251
 z 6095

Total characters:  160000
DATA, 10000, 100, elf85, 0.734000
 a 5967
 b 6241
 c 6149
 d 6027
 e 6157
 f 6183
 g 6195
 h 6420
 i 6137
 j 6103
 k 6197
 l 6123
 m 5988
 n 6221
 o 6165
 p 6254
 q 6253
 r 6132
 s 6205
 t 6141
 u 6137
 v 6037
 w 6086
 x 6136
 y 6251
 z 6095

Total characters:  160000
DATA, 10000, 100, elf85, 0.733000
 a 5967
 b 6241
 c 6149
 d 6027
 e 6157
 f 6183
 g 6195
 h 6420
 i 6137
 j 6103
 k 6197
 l 6123
 m 5988
 n 6221
 o 6165
 p 6254
 q 6253
 r 6132
 s 6205
 t 6141
 u 6137
 v 6037
 w 6086
 x 6136
 y 6251
 z 6095

Total characters:  160000
DATA, 10000, 100, elf85, 0.692000
 a 5967
 b 6241
 c 6149
 d 6027
 e 6157
 f 6183
 g 6195
 h 6420
 i 6137
 j 6103
 k 6197
 l 6123
 m 5988
 n 6221
 o 6165
 p 6254
 q 6253
 r 6132
 s 6205
 t 6141
 u 6137
 v 6037
 w 6086
 x 6136
 y 6251
 z 6095

Total characters:  160000
DATA, 10000, 100, elf85, 0.710000
 a 5967
 b 6241
 c 6149
 d 6027
 e 6157
 f 6183
 g 6195
 h 6420
 i 6137
 j 6103
 k 6197
 l 6123
 m 5988
 n 6221
 o 6165
 p 6254
 q 6253
 r 6132
 s 6205
 t 6141
 u 6137
 v 6037
 w 6086
 x 6136
 y 6251
 z 6095

Total characters:  160000
DATA, 10000, 100, elf85, 0.716000
 a 5967
 b 6241
 c 6149
 d 6027
 e 6157
 f 6183
 g 6195
 h 6420
 i 6137
 j 6103
 k 6197
 l 6123
 m 5988
 n 6221
 o 6165
 p 6254
 q 6253
 r 6132
 s 6205
 t 6141
 u 6137
 v 6037
 w 6086
 x 6136
 y 6251
 z 6095

Total characters:  160000
DATA, 10000, 100, elf85, 0.721000
 a 5967
 b 6241
 c 6149
 d 6027
 e 6157
 f 6183
 g 6195
 h 6420
 i 6137
 j 6103
 k 6197
 l 6123
 m 5988
 n 6221
 o 6165
 p 6254
 q 6253
 r 6132
 s 6205
 t 6141
 u 6137
 v 6037
 w 6086
 x 6136
 y 6251
 z 6095

Total characters:  160000
DATA, 10000, 100, elf85, 0.733000
 a 5967
 b 6241
 c 6149
 d 6027
 e 6157
 f 6183
 g 6195
 h 6420
 i 6137
 j 6103
 k 6197
 l 6123
 m 5988
 n 6221
 o 6165
 p 6254
 q 6253
 r 6132
 s 6205
 t 6141
 u 6137
 v 6037
 w 6086
 x 6136
 y 6251
 z 6095

Total characters:  160000
DATA, 10000, 100, elf85, 0.743000
 a 5967
 b 6241
 c 6149
 d 6027
 e 6157
 f 6183
 g 6195
 h 6420
 i 6137
 j 6103
 k 6197
 l 6123
 m 5988
 n 6221
 o 6165
 p 6254
 q 6253
 r 6132
 s 6205
 t 6141
 u 6137
 v 6037
 w 6086
 x 6136
 y 6251
 z 6095

Total characters:  160000
DATA, 10000, 100, elf85, 0.724000
 a 5967
 b 6241
 c 6149
 d 6027
 e 6157
 f 6183
 g 6195
 h 6420
 i 6137
 j 6103
 k 6197
 l 6123
 m 5988
 n 6221
 o 6165
 p 6254
 q 6253
 r 6132
 s 6205
 t 6141
 u 6137
 v 6037
 w 6086
 x 6136
 y 6251
 z 6095

Total characters:  160000
DATA, 10000, 100, elf85, 0.699000
 a 5967
 b 6241
 c 6149
 d 6027
 e 6157
 f 6183
 g 6195
 h 6420
 i 6137
 j 6103
 k 6197
 l 6123
 m 5988
 n 6221
 o 6165
 p 6254
 q 6253
 r 6132
 s 6205
 t 6141
 u 6137
 v 6037
 w 6086
 x 6136
 y 6251
 z 6095

Total characters:  160000
DATA, 10000, 100, elf85, 0.705000
 a 5967
 b 6241
 c 6149
 d 6027
 e 6157
 f 6183
 g 6195
 h 6420
 i 6137
 j 6103
 k 6197
 l 6123
 m 5988
 n 6221
 o 6165
 p 6254
 q 6253
 r 6132
 s 6205
 t 6141
 u 6137
 v 6037
 w 6086
 x 6136
 y 6251
 z 6095

Total characters:  160000
DATA, 10000, 100, elf85, 0.745000
 a 5967
 b 6241
 c 6149
 d 6027
 e 6157
 f 6183
 g 6195
 h 6420
 i 6137
 j 6103
 k 6197
 l 6123
 m 5988
 n 6221
 o 6165
 p 6254
 q 6253
 r 6132
 s 6205
 t 6141
 u 6137
 v 6037
 w 6086
 x 6136
 y 6251
 z 6095

Total characters:  160000
DATA, 10000, 100, elf81, 0.718000
 a 5967
 b 6241
 c 6149
 d 6027
 e 6157
 f 6183
 g 6195
 h 6420
 i 6137
 j 6103
 k 6197
 l 6123
 m 5988
 n 6221
 o 6165
 p 6254
 q 6253
 r 6132
 s 6205
 t 6141
 u 6137
 v 6037
 w 6086
 x 6136
 y 6251
 z 6095

Total characters:  160000
DATA, 10000, 100, elf81, 0.709000
 a 5967
 b 6241
 c 6149
 d 6027
 e 6157
 f 6183
 g 6195
 h 6420
 i 6137
 j 6103
 k 6197
 l 6123
 m 5988
 n 6221
 o 6165
 p 6254
 q 6253
 r 6132
 s 6205
 t 6141
 u 6137
 v 6037
 w 6086
 x 6136
 y 6251
 z 6095

Total characters:  160000
DATA, 10000, 100, elf81, 0.725000
 a 5967
 b 6241
 c 6149
 d 6027
 e 6157
 f 6183
 g 6195
 h 6420
 i 6137
 j 6103
 k 6197
 l 6123
 m 5988
 n 6221
 o 6165
 p 6254
 q 6253
 r 6132
 s 6205
 t 6141
 u 6137
 v 6037
 w 6086
 x 6136
 y 6251
 z 6095

Total characters:  160000
DATA, 10000, 100, elf81, 0.718000
 a 5967
 b 6241
 c 6149
 d 6027
 e 6157
 f 6183
 g 6195
 h 6420
 i 6137
 j 6103
 k 6197
 l 6123
 m 5988
 n 6221
 o 6165
 p 6254
 q 6253
 r 6132
 s 6205
 t 6141
 u 6137
 v 6037
 w 6086
 x 6136
 y 6251
 z 6095

Total characters:  160000
DATA, 10000, 100, elf81, 0.714000
 a 5967
 b 6241
 c 6149
 d 6027
 e 6157
 f 6183
 g 6195
 h 6420
 i 6137
 j 6103
 k 6197
 l 6123
 m 5988
 n 6221
 o 6165
 p 6254
 q 6253
 r 6132
 s 6205
 t 6141
 u 6137
 v 6037
 w 6086
 x 6136
 y 6251
 z 6095

Total characters:  160000
DATA, 10000, 100, elf81, 0.740000
 a 5967
 b 6241
 c 6149
 d 6027
 e 6157
 f 6183
 g 6195
 h 6420
 i 6137
 j 6103
 k 6197
 l 6123
 m 5988
 n 6221
 o 6165
 p 6254
 q 6253
 r 6132
 s 6205
 t 6141
 u 6137
 v 6037
 w 6086
 x 6136
 y 6251
 z 6095

Total characters:  160000
DATA, 10000, 100, elf81, 0.733000
 a 5967
 b 6241
 c 6149
 d 6027
 e 6157
 f 6183
 g 6195
 h 6420
 i 6137
 j 6103
 k 6197
 l 6123
 m 5988
 n 6221
 o 6165
 p 6254
 q 6253
 r 6132
 s 6205
 t 6141
 u 6137
 v 6037
 w 6086
 x 6136
 y 6251
 z 6095

Total characters:  160000
DATA, 10000, 100, elf81, 0.728000
 a 5967
 b 6241
 c 6149
 d 6027
 e 6157
 f 6183
 g 6195
 h 6420
 i 6137
 j 6103
 k 6197
 l 6123
 m 5988
 n 6221
 o 6165
 p 6254
 q 6253
 r 6132
 s 6205
 t 6141
 u 6137
 v 6037
 w 6086
 x 6136
 y 6251
 z 6095

Total characters:  160000
DATA, 10000, 100, elf81, 0.713000
 a 5967
 b 6241
 c 6149
 d 6027
 e 6157
 f 6183
 g 6195
 h 6420
 i 6137
 j 6103
 k 6197
 l 6123
 m 5988
 n 6221
 o 6165
 p 6254
 q 6253
 r 6132
 s 6205
 t 6141
 u 6137
 v 6037
 w 6086
 x 6136
 y 6251
 z 6095

Total characters:  160000
DATA, 10000, 100, elf81, 0.733000
 a 5967
 b 6241
 c 6149
 d 6027
 e 6157
 f 6183
 g 6195
 h 6420
 i 6137
 j 6103
 k 6197
 l 6123
 m 5988
 n 6221
 o 6165
 p 6254
 q 6253
 r 6132
 s 6205
 t 6141
 u 6137
 v 6037
 w 6086
 x 6136
 y 6251
 z 6095

Total characters:  160000
DATA, 10000, 100, elf81, 0.761000
 a 5967
 b 6241
 c 6149
 d 6027
 e 6157
 f 6183
 g 6195
 h 6420
 i 6137
 j 6103
 k 6197
 l 6123
 m 5988
 n 6221
 o 6165
 p 6254
 q 6253
 r 6132
 s 6205
 t 6141
 u 6137
 v 6037
 w 6086
 x 6136
 y 6251
 z 6095

Total characters:  160000
DATA, 10000, 100, elf81, 0.687000
 a 5967
 b 6241
 c 6149
 d 6027
 e 6157
 f 6183
 g 6195
 h 6420
 i 6137
 j 6103
 k 6197
 l 6123
 m 5988
 n 6221
 o 6165
 p 6254
 q 6253
 r 6132
 s 6205
 t 6141
 u 6137
 v 6037
 w 6086
 x 6136
 y 6251
 z 6095

Total characters:  160000
DATA, 10000, 100, elf81, 0.712000
 a 5967
 b 6241
 c 6149
 d 6027
 e 6157
 f 6183
 g 6195
 h 6420
 i 6137
 j 6103
 k 6197
 l 6123
 m 5988
 n 6221
 o 6165
 p 6254
 q 6253
 r 6132
 s 6205
 t 6141
 u 6137
 v 6037
 w 6086
 x 6136
 y 6251
 z 6095

Total characters:  160000
DATA, 10000, 100, elf81, 0.745000
 a 5967
 b 6241
 c 6149
 d 6027
 e 6157
 f 6183
 g 6195
 h 6420
 i 6137
 j 6103
 k 6197
 l 6123
 m 5988
 n 6221
 o 6165
 p 6254
 q 6253
 r 6132
 s 6205
 t 6141
 u 6137
 v 6037
 w 6086
 x 6136
 y 6251
 z 6095

Total characters:  160000
DATA, 10000, 100, elf81, 0.649000
 a 5967
 b 6241
 c 6149
 d 6027
 e 6157
 f 6183
 g 6195
 h 6420
 i 6137
 j 6103
 k 6197
 l 6123
 m 5988
 n 6221
 o 6165
 p 6254
 q 6253
 r 6132
 s 6205
 t 6141
 u 6137
 v 6037
 w 6086
 x 6136
 y 6251
 z 6095

Total characters:  160000
DATA, 10000, 100, elf81, 0.665000
 a 5967
 b 6241
 c 6149
 d 6027
 e 6157
 f 6183
 g 6195
 h 6420
 i 6137
 j 6103
 k 6197
 l 6123
 m 5988
 n 6221
 o 6165
 p 6254
 q 6253
 r 6132
 s 6205
 t 6141
 u 6137
 v 6037
 w 6086
 x 6136
 y 6251
 z 6095

Total characters:  160000
DATA, 10000, 100, elf81, 0.762000
 a 5967
 b 6241
 c 6149
 d 6027
 e 6157
 f 6183
 g 6195
 h 6420
 i 6137
 j 6103
 k 6197
 l 6123
 m 5988
 n 6221
 o 6165
 p 6254
 q 6253
 r 6132
 s 6205
 t 6141
 u 6137
 v 6037
 w 6086
 x 6136
 y 6251
 z 6095

Total characters:  160000
DATA, 10000, 100, elf81, 0.779000
 a 5967
 b 6241
 c 6149
 d 6027
 e 6157
 f 6183
 g 6195
 h 6420
 i 6137
 j 6103
 k 6197
 l 6123
 m 5988
 n 6221
 o 6165
 p 6254
 q 6253
 r 6132
 s 6205
 t 6141
 u 6137
 v 6037
 w 6086
 x 6136
 y 6251
 z 6095

Total characters:  160000
DATA, 10000, 100, elf81, 0.711000
 a 5967
 b 6241
 c 6149
 d 6027
 e 6157
 f 6183
 g 6195
 h 6420
 i 6137
 j 6103
 k 6197
 l 6123
 m 5988
 n 6221
 o 6165
 p 6254
 q 6253
 r 6132
 s 6205
 t 6141
 u 6137
 v 6037
 w 6086
 x 6136
 y 6251
 z 6095

Total characters:  160000
DATA, 10000, 100, elf84, 0.699000
 a 5967
 b 6241
 c 6149
 d 6027
 e 6157
 f 6183
 g 6195
 h 6420
 i 6137
 j 6103
 k 6197
 l 6123
 m 5988
 n 6221
 o 6165
 p 6254
 q 6253
 r 6132
 s 6205
 t 6141
 u 6137
 v 6037
 w 6086
 x 6136
 y 6251
 z 6095

Total characters:  160000
DATA, 10000, 100, elf84, 0.718000
 a 5967
 b 6241
 c 6149
 d 6027
 e 6157
 f 6183
 g 6195
 h 6420
 i 6137
 j 6103
 k 6197
 l 6123
 m 5988
 n 6221
 o 6165
 p 6254
 q 6253
 r 6132
 s 6205
 t 6141
 u 6137
 v 6037
 w 6086
 x 6136
 y 6251
 z 6095

Total characters:  160000
DATA, 10000, 100, elf84, 0.722000
 a 5967
 b 6241
 c 6149
 d 6027
 e 6157
 f 6183
 g 6195
 h 6420
 i 6137
 j 6103
 k 6197
 l 6123
 m 5988
 n 6221
 o 6165
 p 6254
 q 6253
 r 6132
 s 6205
 t 6141
 u 6137
 v 6037
 w 6086
 x 6136
 y 6251
 z 6095

Total characters:  160000
DATA, 10000, 100, elf84, 0.703000
 a 5967
 b 6241
 c 6149
 d 6027
 e 6157
 f 6183
 g 6195
 h 6420
 i 6137
 j 6103
 k 6197
 l 6123
 m 5988
 n 6221
 o 6165
 p 6254
 q 6253
 r 6132
 s 6205
 t 6141
 u 6137
 v 6037
 w 6086
 x 6136
 y 6251
 z 6095

Total characters:  160000
DATA, 10000, 100, elf84, 0.712000
 a 5967
 b 6241
 c 6149
 d 6027
 e 6157
 f 6183
 g 6195
 h 6420
 i 6137
 j 6103
 k 6197
 l 6123
 m 5988
 n 6221
 o 6165
 p 6254
 q 6253
 r 6132
 s 6205
 t 6141
 u 6137
 v 6037
 w 6086
 x 6136
 y 6251
 z 6095

Total characters:  160000
DATA, 10000, 100, elf84, 0.764000
 a 5967
 b 6241
 c 6149
 d 6027
 e 6157
 f 6183
 g 6195
 h 6420
 i 6137
 j 6103
 k 6197
 l 6123
 m 5988
 n 6221
 o 6165
 p 6254
 q 6253
 r 6132
 s 6205
 t 6141
 u 6137
 v 6037
 w 6086
 x 6136
 y 6251
 z 6095

Total characters:  160000
DATA, 10000, 100, elf84, 0.728000
 a 5967
 b 6241
 c 6149
 d 6027
 e 6157
 f 6183
 g 6195
 h 6420
 i 6137
 j 6103
 k 6197
 l 6123
 m 5988
 n 6221
 o 6165
 p 6254
 q 6253
 r 6132
 s 6205
 t 6141
 u 6137
 v 6037
 w 6086
 x 6136
 y 6251
 z 6095

Total characters:  160000
DATA, 10000, 100, elf84, 0.725000
 a 5967
 b 6241
 c 6149
 d 6027
 e 6157
 f 6183
 g 6195
 h 6420
 i 6137
 j 6103
 k 6197
 l 6123
 m 5988
 n 6221
 o 6165
 p 6254
 q 6253
 r 6132
 s 6205
 t 6141
 u 6137
 v 6037
 w 6086
 x 6136
 y 6251
 z 6095

Total characters:  160000
DATA, 10000, 100, elf84, 0.718000
 a 5967
 b 6241
 c 6149
 d 6027
 e 6157
 f 6183
 g 6195
 h 6420
 i 6137
 j 6103
 k 6197
 l 6123
 m 5988
 n 6221
 o 6165
 p 6254
 q 6253
 r 6132
 s 6205
 t 6141
 u 6137
 v 6037
 w 6086
 x 6136
 y 6251
 z 6095

Total characters:  160000
DATA, 10000, 100, elf84, 0.729000
 a 5967
 b 6241
 c 6149
 d 6027
 e 6157
 f 6183
 g 6195
 h 6420
 i 6137
 j 6103
 k 6197
 l 6123
 m 5988
 n 6221
 o 6165
 p 6254
 q 6253
 r 6132
 s 6205
 t 6141
 u 6137
 v 6037
 w 6086
 x 6136
 y 6251
 z 6095

Total characters:  160000
DATA, 10000, 100, elf84, 0.694000
 a 5967
 b 6241
 c 6149
 d 6027
 e 6157
 f 6183
 g 6195
 h 6420
 i 6137
 j 6103
 k 6197
 l 6123
 m 5988
 n 6221
 o 6165
 p 6254
 q 6253
 r 6132
 s 6205
 t 6141
 u 6137
 v 6037
 w 6086
 x 6136
 y 6251
 z 6095

Total characters:  160000
DATA, 10000, 100, elf84, 0.749000
 a 5967
 b 6241
 c 6149
 d 6027
 e 6157
 f 6183
 g 6195
 h 6420
 i 6137
 j 6103
 k 6197
 l 6123
 m 5988
 n 6221
 o 6165
 p 6254
 q 6253
 r 6132
 s 6205
 t 6141
 u 6137
 v 6037
 w 6086
 x 6136
 y 6251
 z 6095

Total characters:  160000
DATA, 10000, 100, elf84, 0.738000
 a 5967
 b 6241
 c 6149
 d 6027
 e 6157
 f 6183
 g 6195
 h 6420
 i 6137
 j 6103
 k 6197
 l 6123
 m 5988
 n 6221
 o 6165
 p 6254
 q 6253
 r 6132
 s 6205
 t 6141
 u 6137
 v 6037
 w 6086
 x 6136
 y 6251
 z 6095

Total characters:  160000
DATA, 10000, 100, elf84, 0.702000
 a 5967
 b 6241
 c 6149
 d 6027
 e 6157
 f 6183
 g 6195
 h 6420
 i 6137
 j 6103
 k 6197
 l 6123
 m 5988
 n 6221
 o 6165
 p 6254
 q 6253
 r 6132
 s 6205
 t 6141
 u 6137
 v 6037
 w 6086
 x 6136
 y 6251
 z 6095

Total characters:  160000
DATA, 10000, 100, elf84, 0.764000
 a 5967
 b 6241
 c 6149
 d 6027
 e 6157
 f 6183
 g 6195
 h 6420
 i 6137
 j 6103
 k 6197
 l 6123
 m 5988
 n 6221
 o 6165
 p 6254
 q 6253
 r 6132
 s 6205
 t 6141
 u 6137
 v 6037
 w 6086
 x 6136
 y 6251
 z 6095

Total characters:  160000
DATA, 10000, 100, elf84, 0.720000
 a 5967
 b 6241
 c 6149
 d 6027
 e 6157
 f 6183
 g 6195
 h 6420
 i 6137
 j 6103
 k 6197
 l 6123
 m 5988
 n 6221
 o 6165
 p 6254
 q 6253
 r 6132
 s 6205
 t 6141
 u 6137
 v 6037
 w 6086
 x 6136
 y 6251
 z 6095

Total characters:  160000
DATA, 10000, 100, elf84, 0.726000
 a 5967
 b 6241
 c 6149
 d 6027
 e 6157
 f 6183
 g 6195
 h 6420
 i 6137
 j 6103
 k 6197
 l 6123
 m 5988
 n 6221
 o 6165
 p 6254
 q 6253
 r 6132
 s 6205
 t 6141
 u 6137
 v 6037
 w 6086
 x 6136
 y 6251
 z 6095

Total characters:  160000
DATA, 10000, 100, elf84, 0.727000
 a 5967
 b 6241
 c 6149
 d 6027
 e 6157
 f 6183
 g 6195
 h 6420
 i 6137
 j 6103
 k 6197
 l 6123
 m 5988
 n 6221
 o 6165
 p 6254
 q 6253
 r 6132
 s 6205
 t 6141
 u 6137
 v 6037
 w 6086
 x 6136
 y 6251
 z 6095

Total characters:  160000
DATA, 10000, 100, elf84, 0.754000
 a 5967
 b 6241
 c 6149
 d 6027
 e 6157
 f 6183
 g 6195
 h 6420
 i 6137
 j 6103
 k 6197
 l 6123
 m 5988
 n 6221
 o 6165
 p 6254
 q 6253
 r 6132
 s 6205
 t 6141
 u 6137
 v 6037
 w 6086
 x 6136
 y 6251
 z 6095

Total characters:  160000
DATA, 10000, 100, elf80, 0.748000
 a 5967
 b 6241
 c 6149
 d 6027
 e 6157
 f 6183
 g 6195
 h 6420
 i 6137
 j 6103
 k 6197
 l 6123
 m 5988
 n 6221
 o 6165
 p 6254
 q 6253
 r 6132
 s 6205
 t 6141
 u 6137
 v 6037
 w 6086
 x 6136
 y 6251
 z 6095

Total characters:  160000
DATA, 10000, 100, elf80, 0.705000
 a 5967
 b 6241
 c 6149
 d 6027
 e 6157
 f 6183
 g 6195
 h 6420
 i 6137
 j 6103
 k 6197
 l 6123
 m 5988
 n 6221
 o 6165
 p 6254
 q 6253
 r 6132
 s 6205
 t 6141
 u 6137
 v 6037
 w 6086
 x 6136
 y 6251
 z 6095

Total characters:  160000
DATA, 10000, 100, elf80, 0.732000
 a 5967
 b 6241
 c 6149
 d 6027
 e 6157
 f 6183
 g 6195
 h 6420
 i 6137
 j 6103
 k 6197
 l 6123
 m 5988
 n 6221
 o 6165
 p 6254
 q 6253
 r 6132
 s 6205
 t 6141
 u 6137
 v 6037
 w 6086
 x 6136
 y 6251
 z 6095

Total characters:  160000
DATA, 10000, 100, elf80, 0.736000
 a 5967
 b 6241
 c 6149
 d 6027
 e 6157
 f 6183
 g 6195
 h 6420
 i 6137
 j 6103
 k 6197
 l 6123
 m 5988
 n 6221
 o 6165
 p 6254
 q 6253
 r 6132
 s 6205
 t 6141
 u 6137
 v 6037
 w 6086
 x 6136
 y 6251
 z 6095

Total characters:  160000
DATA, 10000, 100, elf80, 0.747000
 a 5967
 b 6241
 c 6149
 d 6027
 e 6157
 f 6183
 g 6195
 h 6420
 i 6137
 j 6103
 k 6197
 l 6123
 m 5988
 n 6221
 o 6165
 p 6254
 q 6253
 r 6132
 s 6205
 t 6141
 u 6137
 v 6037
 w 6086
 x 6136
 y 6251
 z 6095

Total characters:  160000
DATA, 10000, 100, elf80, 0.752000
 a 5967
 b 6241
 c 6149
 d 6027
 e 6157
 f 6183
 g 6195
 h 6420
 i 6137
 j 6103
 k 6197
 l 6123
 m 5988
 n 6221
 o 6165
 p 6254
 q 6253
 r 6132
 s 6205
 t 6141
 u 6137
 v 6037
 w 6086
 x 6136
 y 6251
 z 6095

Total characters:  160000
DATA, 10000, 100, elf80, 0.724000
 a 5967
 b 6241
 c 6149
 d 6027
 e 6157
 f 6183
 g 6195
 h 6420
 i 6137
 j 6103
 k 6197
 l 6123
 m 5988
 n 6221
 o 6165
 p 6254
 q 6253
 r 6132
 s 6205
 t 6141
 u 6137
 v 6037
 w 6086
 x 6136
 y 6251
 z 6095

Total characters:  160000
DATA, 10000, 100, elf80, 0.767000
 a 5967
 b 6241
 c 6149
 d 6027
 e 6157
 f 6183
 g 6195
 h 6420
 i 6137
 j 6103
 k 6197
 l 6123
 m 5988
 n 6221
 o 6165
 p 6254
 q 6253
 r 6132
 s 6205
 t 6141
 u 6137
 v 6037
 w 6086
 x 6136
 y 6251
 z 6095

Total characters:  160000
DATA, 10000, 100, elf80, 0.696000
 a 5967
 b 6241
 c 6149
 d 6027
 e 6157
 f 6183
 g 6195
 h 6420
 i 6137
 j 6103
 k 6197
 l 6123
 m 5988
 n 6221
 o 6165
 p 6254
 q 6253
 r 6132
 s 6205
 t 6141
 u 6137
 v 6037
 w 6086
 x 6136
 y 6251
 z 6095

Total characters:  160000
DATA, 10000, 100, elf80, 0.725000
 a 5967
 b 6241
 c 6149
 d 6027
 e 6157
 f 6183
 g 6195
 h 6420
 i 6137
 j 6103
 k 6197
 l 6123
 m 5988
 n 6221
 o 6165
 p 6254
 q 6253
 r 6132
 s 6205
 t 6141
 u 6137
 v 6037
 w 6086
 x 6136
 y 6251
 z 6095

Total characters:  160000
DATA, 10000, 100, elf80, 0.663000
 a 5967
 b 6241
 c 6149
 d 6027
 e 6157
 f 6183
 g 6195
 h 6420
 i 6137
 j 6103
 k 6197
 l 6123
 m 5988
 n 6221
 o 6165
 p 6254
 q 6253
 r 6132
 s 6205
 t 6141
 u 6137
 v 6037
 w 6086
 x 6136
 y 6251
 z 6095

Total characters:  160000
DATA, 10000, 100, elf80, 0.683000
 a 5967
 b 6241
 c 6149
 d 6027
 e 6157
 f 6183
 g 6195
 h 6420
 i 6137
 j 6103
 k 6197
 l 6123
 m 5988
 n 6221
 o 6165
 p 6254
 q 6253
 r 6132
 s 6205
 t 6141
 u 6137
 v 6037
 w 6086
 x 6136
 y 6251
 z 6095

Total characters:  160000
DATA, 10000, 100, elf80, 0.702000
 a 5967
 b 6241
 c 6149
 d 6027
 e 6157
 f 6183
 g 6195
 h 6420
 i 6137
 j 6103
 k 6197
 l 6123
 m 5988
 n 6221
 o 6165
 p 6254
 q 6253
 r 6132
 s 6205
 t 6141
 u 6137
 v 6037
 w 6086
 x 6136
 y 6251
 z 6095

Total characters:  160000
DATA, 10000, 100, elf80, 0.736000
 a 5967
 b 6241
 c 6149
 d 6027
 e 6157
 f 6183
 g 6195
 h 6420
 i 6137
 j 6103
 k 6197
 l 6123
 m 5988
 n 6221
 o 6165
 p 6254
 q 6253
 r 6132
 s 6205
 t 6141
 u 6137
 v 6037
 w 6086
 x 6136
 y 6251
 z 6095

Total characters:  160000
DATA, 10000, 100, elf80, 0.751000
 a 5967
 b 6241
 c 6149
 d 6027
 e 6157
 f 6183
 g 6195
 h 6420
 i 6137
 j 6103
 k 6197
 l 6123
 m 5988
 n 6221
 o 6165
 p 6254
 q 6253
 r 6132
 s 6205
 t 6141
 u 6137
 v 6037
 w 6086
 x 6136
 y 6251
 z 6095

Total characters:  160000
DATA, 10000, 100, elf80, 0.722000
 a 5967
 b 6241
 c 6149
 d 6027
 e 6157
 f 6183
 g 6195
 h 6420
 i 6137
 j 6103
 k 6197
 l 6123
 m 5988
 n 6221
 o 6165
 p 6254
 q 6253
 r 6132
 s 6205
 t 6141
 u 6137
 v 6037
 w 6086
 x 6136
 y 6251
 z 6095

Total characters:  160000
DATA, 10000, 100, elf80, 0.752000
 a 5967
 b 6241
 c 6149
 d 6027
 e 6157
 f 6183
 g 6195
 h 6420
 i 6137
 j 6103
 k 6197
 l 6123
 m 5988
 n 6221
 o 6165
 p 6254
 q 6253
 r 6132
 s 6205
 t 6141
 u 6137
 v 6037
 w 6086
 x 6136
 y 6251
 z 6095

Total characters:  160000
DATA, 10000, 100, elf80, 0.703000
 a 5967
 b 6241
 c 6149
 d 6027
 e 6157
 f 6183
 g 6195
 h 6420
 i 6137
 j 6103
 k 6197
 l 6123
 m 5988
 n 6221
 o 6165
 p 6254
 q 6253
 r 6132
 s 6205
 t 6141
 u 6137
 v 6037
 w 6086
 x 6136
 y 6251
 z 6095

Total characters:  160000
DATA, 10000, 100, elf80, 0.682000
 a 5967
 b 6241
 c 6149
 d 6027
 e 6157
 f 6183
 g 6195
 h 6420
 i 6137
 j 6103
 k 6197
 l 6123
 m 5988
 n 6221
 o 6165
 p 6254
 q 6253
 r 6132
 s 6205
 t 6141
 u 6137
 v 6037
 w 6086
 x 6136
 y 6251
 z 6095

Total characters:  160000
DATA, 10000, 100, elf83, 0.709000
 a 5967
 b 6241
 c 6149
 d 6027
 e 6157
 f 6183
 g 6195
 h 6420
 i 6137
 j 6103
 k 6197
 l 6123
 m 5988
 n 6221
 o 6165
 p 6254
 q 6253
 r 6132
 s 6205
 t 6141
 u 6137
 v 6037
 w 6086
 x 6136
 y 6251
 z 6095

Total characters:  160000
DATA, 10000, 100, elf83, 0.704000
 a 5967
 b 6241
 c 6149
 d 6027
 e 6157
 f 6183
 g 6195
 h 6420
 i 6137
 j 6103
 k 6197
 l 6123
 m 5988
 n 6221
 o 6165
 p 6254
 q 6253
 r 6132
 s 6205
 t 6141
 u 6137
 v 6037
 w 6086
 x 6136
 y 6251
 z 6095

Total characters:  160000
DATA, 10000, 100, elf83, 0.696000
 a 5967
 b 6241
 c 6149
 d 6027
 e 6157
 f 6183
 g 6195
 h 6420
 i 6137
 j 6103
 k 6197
 l 6123
 m 5988
 n 6221
 o 6165
 p 6254
 q 6253
 r 6132
 s 6205
 t 6141
 u 6137
 v 6037
 w 6086
 x 6136
 y 6251
 z 6095

Total characters:  160000
DATA, 10000, 100, elf83, 0.713000
 a 5967
 b 6241
 c 6149
 d 6027
 e 6157
 f 6183
 g 6195
 h 6420
 i 6137
 j 6103
 k 6197
 l 6123
 m 5988
 n 6221
 o 6165
 p 6254
 q 6253
 r 6132
 s 6205
 t 6141
 u 6137
 v 6037
 w 6086
 x 6136
 y 6251
 z 6095

Total characters:  160000
DATA, 10000, 100, elf83, 0.690000
 a 5967
 b 6241
 c 6149
 d 6027
 e 6157
 f 6183
 g 6195
 h 6420
 i 6137
 j 6103
 k 6197
 l 6123
 m 5988
 n 6221
 o 6165
 p 6254
 q 6253
 r 6132
 s 6205
 t 6141
 u 6137
 v 6037
 w 6086
 x 6136
 y 6251
 z 6095

Total characters:  160000
DATA, 10000, 100, elf83, 0.731000
 a 5967
 b 6241
 c 6149
 d 6027
 e 6157
 f 6183
 g 6195
 h 6420
 i 6137
 j 6103
 k 6197
 l 6123
 m 5988
 n 6221
 o 6165
 p 6254
 q 6253
 r 6132
 s 6205
 t 6141
 u 6137
 v 6037
 w 6086
 x 6136
 y 6251
 z 6095

Total characters:  160000
DATA, 10000, 100, elf83, 0.681000
 a 5967
 b 6241
 c 6149
 d 6027
 e 6157
 f 6183
 g 6195
 h 6420
 i 6137
 j 6103
 k 6197
 l 6123
 m 5988
 n 6221
 o 6165
 p 6254
 q 6253
 r 6132
 s 6205
 t 6141
 u 6137
 v 6037
 w 6086
 x 6136
 y 6251
 z 6095

Total characters:  160000
DATA, 10000, 100, elf83, 0.693000
 a 5967
 b 6241
 c 6149
 d 6027
 e 6157
 f 6183
 g 6195
 h 6420
 i 6137
 j 6103
 k 6197
 l 6123
 m 5988
 n 6221
 o 6165
 p 6254
 q 6253
 r 6132
 s 6205
 t 6141
 u 6137
 v 6037
 w 6086
 x 6136
 y 6251
 z 6095

Total characters:  160000
DATA, 10000, 100, elf83, 0.733000
 a 5967
 b 6241
 c 6149
 d 6027
 e 6157
 f 6183
 g 6195
 h 6420
 i 6137
 j 6103
 k 6197
 l 6123
 m 5988
 n 6221
 o 6165
 p 6254
 q 6253
 r 6132
 s 6205
 t 6141
 u 6137
 v 6037
 w 6086
 x 6136
 y 6251
 z 6095

Total characters:  160000
DATA, 10000, 100, elf83, 0.732000
 a 5967
 b 6241
 c 6149
 d 6027
 e 6157
 f 6183
 g 6195
 h 6420
 i 6137
 j 6103
 k 6197
 l 6123
 m 5988
 n 6221
 o 6165
 p 6254
 q 6253
 r 6132
 s 6205
 t 6141
 u 6137
 v 6037
 w 6086
 x 6136
 y 6251
 z 6095

Total characters:  160000
DATA, 10000, 100, elf83, 0.726000
 a 5967
 b 6241
 c 6149
 d 6027
 e 6157
 f 6183
 g 6195
 h 6420
 i 6137
 j 6103
 k 6197
 l 6123
 m 5988
 n 6221
 o 6165
 p 6254
 q 6253
 r 6132
 s 6205
 t 6141
 u 6137
 v 6037
 w 6086
 x 6136
 y 6251
 z 6095

Total characters:  160000
DATA, 10000, 100, elf83, 0.733000
 a 5967
 b 6241
 c 6149
 d 6027
 e 6157
 f 6183
 g 6195
 h 6420
 i 6137
 j 6103
 k 6197
 l 6123
 m 5988
 n 6221
 o 6165
 p 6254
 q 6253
 r 6132
 s 6205
 t 6141
 u 6137
 v 6037
 w 6086
 x 6136
 y 6251
 z 6095

Total characters:  160000
DATA, 10000, 100, elf83, 0.712000
 a 5967
 b 6241
 c 6149
 d 6027
 e 6157
 f 6183
 g 6195
 h 6420
 i 6137
 j 6103
 k 6197
 l 6123
 m 5988
 n 6221
 o 6165
 p 6254
 q 6253
 r 6132
 s 6205
 t 6141
 u 6137
 v 6037
 w 6086
 x 6136
 y 6251
 z 6095

Total characters:  160000
DATA, 10000, 100, elf83, 0.722000
 a 5967
 b 6241
 c 6149
 d 6027
 e 6157
 f 6183
 g 6195
 h 6420
 i 6137
 j 6103
 k 6197
 l 6123
 m 5988
 n 6221
 o 6165
 p 6254
 q 6253
 r 6132
 s 6205
 t 6141
 u 6137
 v 6037
 w 6086
 x 6136
 y 6251
 z 6095

Total characters:  160000
DATA, 10000, 100, elf83, 0.742000
 a 5967
 b 6241
 c 6149
 d 6027
 e 6157
 f 6183
 g 6195
 h 6420
 i 6137
 j 6103
 k 6197
 l 6123
 m 5988
 n 6221
 o 6165
 p 6254
 q 6253
 r 6132
 s 6205
 t 6141
 u 6137
 v 6037
 w 6086
 x 6136
 y 6251
 z 6095

Total characters:  160000
DATA, 10000, 100, elf83, 0.715000
 a 5967
 b 6241
 c 6149
 d 6027
 e 6157
 f 6183
 g 6195
 h 6420
 i 6137
 j 6103
 k 6197
 l 6123
 m 5988
 n 6221
 o 6165
 p 6254
 q 6253
 r 6132
 s 6205
 t 6141
 u 6137
 v 6037
 w 6086
 x 6136
 y 6251
 z 6095

Total characters:  160000
DATA, 10000, 100, elf83, 0.677000
 a 5967
 b 6241
 c 6149
 d 6027
 e 6157
 f 6183
 g 6195
 h 6420
 i 6137
 j 6103
 k 6197
 l 6123
 m 5988
 n 6221
 o 6165
 p 6254
 q 6253
 r 6132
 s 6205
 t 6141
 u 6137
 v 6037
 w 6086
 x 6136
 y 6251
 z 6095

Total characters:  160000
DATA, 10000, 100, elf83, 0.727000
 a 5967
 b 6241
 c 6149
 d 6027
 e 6157
 f 6183
 g 6195
 h 6420
 i 6137
 j 6103
 k 6197
 l 6123
 m 5988
 n 6221
 o 6165
 p 6254
 q 6253
 r 6132
 s 6205
 t 6141
 u 6137
 v 6037
 w 6086
 x 6136
 y 6251
 z 6095

Total characters:  160000
DATA, 10000, 100, elf83, 0.690000
 a 4919012
 b 4921795
 c 4926574
 d 4923347
 e 4922587
 f 4921194
 g 4921172
 h 4924136
 i 4922782
 j 4923424
 k 4924965
 l 4921798
 m 4924714
 n 4923356
 o 4924130
 p 4923067
 q 4923414
 r 4923847
 s 4922934
 t 4921513
 u 4921384
 v 4924699
 w 4926437
 x 4924902
 y 4921682
 z 4921135

Total characters:  128000000
 a 4919012
 b 4921795
 c 4926574
 d 4923347
 e 4922587
 f 4921194
 g 4921172
 h 4924136
 i 4922782
 j 4923424
 k 4924965
 l 4921798
 m 4924714
 n 4923356
 o 4924130
 p 4923067
 q 4923414
 r 4923847
 s 4922934
 t 4921513
 u 4921384
 v 4924699
 w 4926437
 x 4924902
 y 4921682
 z 4921135

Total characters:  128000000
 a 4919012
 b 4921795
 c 4926574
 d 4923347
 e 4922587
 f 4921194
 g 4921172
 h 4924136
 i 4922782
 j 4923424
 k 4924965
 l 4921798
 m 4924714
 n 4923356
 o 4924130
 p 4923067
 q 4923414
 r 4923847
 s 4922934
 t 4921513
 u 4921384
 v 4924699
 w 4926437
 x 4924902
 y 4921682
 z 4921135

Total characters:  128000000
 a 4919012
 b 4921795
 c 4926574
 d 4923347
 e 4922587
 f 4921194
 g 4921172
 h 4924136
 i 4922782
 j 4923424
 k 4924965
 l 4921798
 m 4924714
 n 4923356
 o 4924130
 p 4923067
 q 4923414
 r 4923847
 s 4922934
 t 4921513
 u 4921384
 v 4924699
 w 4926437
 x 4924902
 y 4921682
 z 4921135

Total characters:  128000000
 a 4919012
 b 4921795
 c 4926574
 d 4923347
 e 4922587
 f 4921194
 g 4921172
 h 4924136
 i 4922782
 j 4923424
 k 4924965
 l 4921798
 m 4924714
 n 4923356
 o 4924130
 p 4923067
 q 4923414
 r 4923847
 s 4922934
 t 4921513
 u 4921384
 v 4924699
 w 4926437
 x 4924902
 y 4921682
 z 4921135

Total characters:  128000000
 a 4919012
 b 4921795
 c 4926574
 d 4923347
 e 4922587
 f 4921194
 g 4921172
 h 4924136
 i 4922782
 j 4923424
 k 4924965
 l 4921798
 m 4924714
 n 4923356
 o 4924130
 p 4923067
 q 4923414
 r 4923847
 s 4922934
 t 4921513
 u 4921384
 v 4924699
 w 4926437
 x 4924902
 y 4921682
 z 4921135

Total characters:  128000000
 a 4919012
 b 4921795
 c 4926574
 d 4923347
 e 4922587
 f 4921194
 g 4921172
 h 4924136
 i 4922782
 j 4923424
 k 4924965
 l 4921798
 m 4924714
 n 4923356
 o 4924130
 p 4923067
 q 4923414
 r 4923847
 s 4922934
 t 4921513
 u 4921384
 v 4924699
 w 4926437
 x 4924902
 y 4921682
 z 4921135

Total characters:  128000000
 a 4919012
 b 4921795
 c 4926574
 d 4923347
 e 4922587
 f 4921194
 g 4921172
 h 4924136
 i 4922782
 j 4923424
 k 4924965
 l 4921798
 m 4924714
 n 4923356
 o 4924130
 p 4923067
 q 4923414
 r 4923847
 s 4922934
 t 4921513
 u 4921384
 v 4924699
 w 4926437
 x 4924902
 y 4921682
 z 4921135

Total characters:  128000000
 a 4919012
 b 4921795
 c 4926574
 d 4923347
 e 4922587
 f 4921194
 g 4921172
 h 4924136
 i 4922782
 j 4923424
 k 4924965
 l 4921798
 m 4924714
 n 4923356
 o 4924130
 p 4923067
 q 4923414
 r 4923847
 s 4922934
 t 4921513
 u 4921384
 v 4924699
 w 4926437
 x 4924902
 y 4921682
 z 4921135

Total characters:  128000000
 a 4919012
 b 4921795
 c 4926574
 d 4923347
 e 4922587
 f 4921194
 g 4921172
 h 4924136
 i 4922782
 j 4923424
 k 4924965
 l 4921798
 m 4924714
 n 4923356
 o 4924130
 p 4923067
 q 4923414
 r 4923847
 s 4922934
 t 4921513
 u 4921384
 v 4924699
 w 4926437
 x 4924902
 y 4921682
 z 4921135

Total characters:  128000000
 a 4919012
 b 4921795
 c 4926574
 d 4923347
 e 4922587
 f 4921194
 g 4921172
 h 4924136
 i 4922782
 j 4923424
 k 4924965
 l 4921798
 m 4924714
 n 4923356
 o 4924130
 p 4923067
 q 4923414
 r 4923847
 s 4922934
 t 4921513
 u 4921384
 v 4924699
 w 4926437
 x 4924902
 y 4921682
 z 4921135

Total characters:  128000000
 a 4919012
 b 4921795
 c 4926574
 d 4923347
 e 4922587
 f 4921194
 g 4921172
 h 4924136
 i 4922782
 j 4923424
 k 4924965
 l 4921798
 m 4924714
 n 4923356
 o 4924130
 p 4923067
 q 4923414
 r 4923847
 s 4922934
 t 4921513
 u 4921384
 v 4924699
 w 4926437
 x 4924902
 y 4921682
 z 4921135

Total characters:  128000000
 a 4919012
 b 4921795
 c 4926574
 d 4923347
 e 4922587
 f 4921194
 g 4921172
 h 4924136
 i 4922782
 j 4923424
 k 4924965
 l 4921798
 m 4924714
 n 4923356
 o 4924130
 p 4923067
 q 4923414
 r 4923847
 s 4922934
 t 4921513
 u 4921384
 v 4924699
 w 4926437
 x 4924902
 y 4921682
 z 4921135

Total characters:  128000000
 a 4919012
 b 4921795
 c 4926574
 d 4923347
 e 4922587
 f 4921194
 g 4921172
 h 4924136
 i 4922782
 j 4923424
 k 4924965
 l 4921798
 m 4924714
 n 4923356
 o 4924130
 p 4923067
 q 4923414
 r 4923847
 s 4922934
 t 4921513
 u 4921384
 v 4924699
 w 4926437
 x 4924902
 y 4921682
 z 4921135

Total characters:  128000000
 a 4919012
 b 4921795
 c 4926574
 d 4923347
 e 4922587
 f 4921194
 g 4921172
 h 4924136
 i 4922782
 j 4923424
 k 4924965
 l 4921798
 m 4924714
 n 4923356
 o 4924130
 p 4923067
 q 4923414
 r 4923847
 s 4922934
 t 4921513
 u 4921384
 v 4924699
 w 4926437
 x 4924902
 y 4921682
 z 4921135

Total characters:  128000000
 a 4919012
 b 4921795
 c 4926574
 d 4923347
 e 4922587
 f 4921194
 g 4921172
 h 4924136
 i 4922782
 j 4923424
 k 4924965
 l 4921798
 m 4924714
 n 4923356
 o 4924130
 p 4923067
 q 4923414
 r 4923847
 s 4922934
 t 4921513
 u 4921384
 v 4924699
 w 4926437
 x 4924902
 y 4921682
 z 4921135

Total characters:  128000000
 a 4919012
 b 4921795
 c 4926574
 d 4923347
 e 4922587
 f 4921194
 g 4921172
 h 4924136
 i 4922782
 j 4923424
 k 4924965
 l 4921798
 m 4924714
 n 4923356
 o 4924130
 p 4923067
 q 4923414
 r 4923847
 s 4922934
 t 4921513
 u 4921384
 v 4924699
 w 4926437
 x 4924902
 y 4921682
 z 4921135

Total characters:  128000000
 a 4919012
 b 4921795
 c 4926574
 d 4923347
 e 4922587
 f 4921194
 g 4921172
 h 4924136
 i 4922782
 j 4923424
 k 4924965
 l 4921798
 m 4924714
 n 4923356
 o 4924130
 p 4923067
 q 4923414
 r 4923847
 s 4922934
 t 4921513
 u 4921384
 v 4924699
 w 4926437
 x 4924902
 y 4921682
 z 4921135

Total characters:  128000000
 a 4919012
 b 4921795
 c 4926574
 d 4923347
 e 4922587
 f 4921194
 g 4921172
 h 4924136
 i 4922782
 j 4923424
 k 4924965
 l 4921798
 m 4924714
 n 4923356
 o 4924130
 p 4923067
 q 4923414
 r 4923847
 s 4922934
 t 4921513
 u 4921384
 v 4924699
 w 4926437
 x 4924902
 y 4921682
 z 4921135

Total characters:  128000000
 a 4919012
 b 4921795
 c 4926574
 d 4923347
 e 4922587
 f 4921194
 g 4921172
 h 4924136
 i 4922782
 j 4923424
 k 4924965
 l 4921798
 m 4924714
 n 4923356
 o 4924130
 p 4923067
 q 4923414
 r 4923847
 s 4922934
 t 4921513
 u 4921384
 v 4924699
 w 4926437
 x 4924902
 y 4921682
 z 4921135

Total characters:  128000000
 a 4919012
 b 4921795
 c 4926574
 d 4923347
 e 4922587
 f 4921194
 g 4921172
 h 4924136
 i 4922782
 j 4923424
 k 4924965
 l 4921798
 m 4924714
 n 4923356
 o 4924130
 p 4923067
 q 4923414
 r 4923847
 s 4922934
 t 4921513
 u 4921384
 v 4924699
 w 4926437
 x 4924902
 y 4921682
 z 4921135

Total characters:  128000000
 a 4919012
 b 4921795
 c 4926574
 d 4923347
 e 4922587
 f 4921194
 g 4921172
 h 4924136
 i 4922782
 j 4923424
 k 4924965
 l 4921798
 m 4924714
 n 4923356
 o 4924130
 p 4923067
 q 4923414
 r 4923847
 s 4922934
 t 4921513
 u 4921384
 v 4924699
 w 4926437
 x 4924902
 y 4921682
 z 4921135

Total characters:  128000000
 a 4919012
 b 4921795
 c 4926574
 d 4923347
 e 4922587
 f 4921194
 g 4921172
 h 4924136
 i 4922782
 j 4923424
 k 4924965
 l 4921798
 m 4924714
 n 4923356
 o 4924130
 p 4923067
 q 4923414
 r 4923847
 s 4922934
 t 4921513
 u 4921384
 v 4924699
 w 4926437
 x 4924902
 y 4921682
 z 4921135

Total characters:  128000000
 a 4919012
 b 4921795
 c 4926574
 d 4923347
 e 4922587
 f 4921194
 g 4921172
 h 4924136
 i 4922782
 j 4923424
 k 4924965
 l 4921798
 m 4924714
 n 4923356
 o 4924130
 p 4923067
 q 4923414
 r 4923847
 s 4922934
 t 4921513
 u 4921384
 v 4924699
 w 4926437
 x 4924902
 y 4921682
 z 4921135

Total characters:  128000000
 a 4919012
 b 4921795
 c 4926574
 d 4923347
 e 4922587
 f 4921194
 g 4921172
 h 4924136
 i 4922782
 j 4923424
 k 4924965
 l 4921798
 m 4924714
 n 4923356
 o 4924130
 p 4923067
 q 4923414
 r 4923847
 s 4922934
 t 4921513
 u 4921384
 v 4924699
 w 4926437
 x 4924902
 y 4921682
 z 4921135

Total characters:  128000000
 a 4919012
 b 4921795
 c 4926574
 d 4923347
 e 4922587
 f 4921194
 g 4921172
 h 4924136
 i 4922782
 j 4923424
 k 4924965
 l 4921798
 m 4924714
 n 4923356
 o 4924130
 p 4923067
 q 4923414
 r 4923847
 s 4922934
 t 4921513
 u 4921384
 v 4924699
 w 4926437
 x 4924902
 y 4921682
 z 4921135

Total characters:  128000000
 a 4919012
 b 4921795
 c 4926574
 d 4923347
 e 4922587
 f 4921194
 g 4921172
 h 4924136
 i 4922782
 j 4923424
 k 4924965
 l 4921798
 m 4924714
 n 4923356
 o 4924130
 p 4923067
 q 4923414
 r 4923847
 s 4922934
 t 4921513
 u 4921384
 v 4924699
 w 4926437
 x 4924902
 y 4921682
 z 4921135

Total characters:  128000000
 a 4919012
 b 4921795
 c 4926574
 d 4923347
 e 4922587
 f 4921194
 g 4921172
 h 4924136
 i 4922782
 j 4923424
 k 4924965
 l 4921798
 m 4924714
 n 4923356
 o 4924130
 p 4923067
 q 4923414
 r 4923847
 s 4922934
 t 4921513
 u 4921384
 v 4924699
 w 4926437
 x 4924902
 y 4921682
 z 4921135

Total characters:  128000000
 a 4919012
 b 4921795
 c 4926574
 d 4923347
 e 4922587
 f 4921194
 g 4921172
 h 4924136
 i 4922782
 j 4923424
 k 4924965
 l 4921798
 m 4924714
 n 4923356
 o 4924130
 p 4923067
 q 4923414
 r 4923847
 s 4922934
 t 4921513
 u 4921384
 v 4924699
 w 4926437
 x 4924902
 y 4921682
 z 4921135

Total characters:  128000000
 a 4919012
 b 4921795
 c 4926574
 d 4923347
 e 4922587
 f 4921194
 g 4921172
 h 4924136
 i 4922782
 j 4923424
 k 4924965
 l 4921798
 m 4924714
 n 4923356
 o 4924130
 p 4923067
 q 4923414
 r 4923847
 s 4922934
 t 4921513
 u 4921384
 v 4924699
 w 4926437
 x 4924902
 y 4921682
 z 4921135

Total characters:  128000000
 a 4919012
 b 4921795
 c 4926574
 d 4923347
 e 4922587
 f 4921194
 g 4921172
 h 4924136
 i 4922782
 j 4923424
 k 4924965
 l 4921798
 m 4924714
 n 4923356
 o 4924130
 p 4923067
 q 4923414
 r 4923847
 s 4922934
 t 4921513
 u 4921384
 v 4924699
 w 4926437
 x 4924902
 y 4921682
 z 4921135

Total characters:  128000000
 a 4919012
 b 4921795
 c 4926574
 d 4923347
 e 4922587
 f 4921194
 g 4921172
 h 4924136
 i 4922782
 j 4923424
 k 4924965
 l 4921798
 m 4924714
 n 4923356
 o 4924130
 p 4923067
 q 4923414
 r 4923847
 s 4922934
 t 4921513
 u 4921384
 v 4924699
 w 4926437
 x 4924902
 y 4921682
 z 4921135

Total characters:  128000000
 a 4919012
 b 4921795
 c 4926574
 d 4923347
 e 4922587
 f 4921194
 g 4921172
 h 4924136
 i 4922782
 j 4923424
 k 4924965
 l 4921798
 m 4924714
 n 4923356
 o 4924130
 p 4923067
 q 4923414
 r 4923847
 s 4922934
 t 4921513
 u 4921384
 v 4924699
 w 4926437
 x 4924902
 y 4921682
 z 4921135

Total characters:  128000000
 a 4919012
 b 4921795
 c 4926574
 d 4923347
 e 4922587
 f 4921194
 g 4921172
 h 4924136
 i 4922782
 j 4923424
 k 4924965
 l 4921798
 m 4924714
 n 4923356
 o 4924130
 p 4923067
 q 4923414
 r 4923847
 s 4922934
 t 4921513
 u 4921384
 v 4924699
 w 4926437
 x 4924902
 y 4921682
 z 4921135

Total characters:  128000000
 a 4919012
 b 4921795
 c 4926574
 d 4923347
 e 4922587
 f 4921194
 g 4921172
 h 4924136
 i 4922782
 j 4923424
 k 4924965
 l 4921798
 m 4924714
 n 4923356
 o 4924130
 p 4923067
 q 4923414
 r 4923847
 s 4922934
 t 4921513
 u 4921384
 v 4924699
 w 4926437
 x 4924902
 y 4921682
 z 4921135

Total characters:  128000000
 a 4919012
 b 4921795
 c 4926574
 d 4923347
 e 4922587
 f 4921194
 g 4921172
 h 4924136
 i 4922782
 j 4923424
 k 4924965
 l 4921798
 m 4924714
 n 4923356
 o 4924130
 p 4923067
 q 4923414
 r 4923847
 s 4922934
 t 4921513
 u 4921384
 v 4924699
 w 4926437
 x 4924902
 y 4921682
 z 4921135

Total characters:  128000000
 a 4919012
 b 4921795
 c 4926574
 d 4923347
 e 4922587
 f 4921194
 g 4921172
 h 4924136
 i 4922782
 j 4923424
 k 4924965
 l 4921798
 m 4924714
 n 4923356
 o 4924130
 p 4923067
 q 4923414
 r 4923847
 s 4922934
 t 4921513
 u 4921384
 v 4924699
 w 4926437
 x 4924902
 y 4921682
 z 4921135

Total characters:  128000000
 a 4919012
 b 4921795
 c 4926574
 d 4923347
 e 4922587
 f 4921194
 g 4921172
 h 4924136
 i 4922782
 j 4923424
 k 4924965
 l 4921798
 m 4924714
 n 4923356
 o 4924130
 p 4923067
 q 4923414
 r 4923847
 s 4922934
 t 4921513
 u 4921384
 v 4924699
 w 4926437
 x 4924902
 y 4921682
 z 4921135

Total characters:  128000000
 a 4919012
 b 4921795
 c 4926574
 d 4923347
 e 4922587
 f 4921194
 g 4921172
 h 4924136
 i 4922782
 j 4923424
 k 4924965
 l 4921798
 m 4924714
 n 4923356
 o 4924130
 p 4923067
 q 4923414
 r 4923847
 s 4922934
 t 4921513
 u 4921384
 v 4924699
 w 4926437
 x 4924902
 y 4921682
 z 4921135

Total characters:  128000000
 a 4919012
 b 4921795
 c 4926574
 d 4923347
 e 4922587
 f 4921194
 g 4921172
 h 4924136
 i 4922782
 j 4923424
 k 4924965
 l 4921798
 m 4924714
 n 4923356
 o 4924130
 p 4923067
 q 4923414
 r 4923847
 s 4922934
 t 4921513
 u 4921384
 v 4924699
 w 4926437
 x 4924902
 y 4921682
 z 4921135

Total characters:  128000000
 a 4919012
 b 4921795
 c 4926574
 d 4923347
 e 4922587
 f 4921194
 g 4921172
 h 4924136
 i 4922782
 j 4923424
 k 4924965
 l 4921798
 m 4924714
 n 4923356
 o 4924130
 p 4923067
 q 4923414
 r 4923847
 s 4922934
 t 4921513
 u 4921384
 v 4924699
 w 4926437
 x 4924902
 y 4921682
 z 4921135

Total characters:  128000000
 a 4919012
 b 4921795
 c 4926574
 d 4923347
 e 4922587
 f 4921194
 g 4921172
 h 4924136
 i 4922782
 j 4923424
 k 4924965
 l 4921798
 m 4924714
 n 4923356
 o 4924130
 p 4923067
 q 4923414
 r 4923847
 s 4922934
 t 4921513
 u 4921384
 v 4924699
 w 4926437
 x 4924902
 y 4921682
 z 4921135

Total characters:  128000000
 a 4919012
 b 4921795
 c 4926574
 d 4923347
 e 4922587
 f 4921194
 g 4921172
 h 4924136
 i 4922782
 j 4923424
 k 4924965
 l 4921798
 m 4924714
 n 4923356
 o 4924130
 p 4923067
 q 4923414
 r 4923847
 s 4922934
 t 4921513
 u 4921384
 v 4924699
 w 4926437
 x 4924902
 y 4921682
 z 4921135

Total characters:  128000000
 a 4919012
 b 4921795
 c 4926574
 d 4923347
 e 4922587
 f 4921194
 g 4921172
 h 4924136
 i 4922782
 j 4923424
 k 4924965
 l 4921798
 m 4924714
 n 4923356
 o 4924130
 p 4923067
 q 4923414
 r 4923847
 s 4922934
 t 4921513
 u 4921384
 v 4924699
 w 4926437
 x 4924902
 y 4921682
 z 4921135

Total characters:  128000000
 a 4919012
 b 4921795
 c 4926574
 d 4923347
 e 4922587
 f 4921194
 g 4921172
 h 4924136
 i 4922782
 j 4923424
 k 4924965
 l 4921798
 m 4924714
 n 4923356
 o 4924130
 p 4923067
 q 4923414
 r 4923847
 s 4922934
 t 4921513
 u 4921384
 v 4924699
 w 4926437
 x 4924902
 y 4921682
 z 4921135

Total characters:  128000000
 a 4919012
 b 4921795
 c 4926574
 d 4923347
 e 4922587
 f 4921194
 g 4921172
 h 4924136
 i 4922782
 j 4923424
 k 4924965
 l 4921798
 m 4924714
 n 4923356
 o 4924130
 p 4923067
 q 4923414
 r 4923847
 s 4922934
 t 4921513
 u 4921384
 v 4924699
 w 4926437
 x 4924902
 y 4921682
 z 4921135

Total characters:  128000000
 a 4919012
 b 4921795
 c 4926574
 d 4923347
 e 4922587
 f 4921194
 g 4921172
 h 4924136
 i 4922782
 j 4923424
 k 4924965
 l 4921798
 m 4924714
 n 4923356
 o 4924130
 p 4923067
 q 4923414
 r 4923847
 s 4922934
 t 4921513
 u 4921384
 v 4924699
 w 4926437
 x 4924902
 y 4921682
 z 4921135

Total characters:  128000000
 a 4919012
 b 4921795
 c 4926574
 d 4923347
 e 4922587
 f 4921194
 g 4921172
 h 4924136
 i 4922782
 j 4923424
 k 4924965
 l 4921798
 m 4924714
 n 4923356
 o 4924130
 p 4923067
 q 4923414
 r 4923847
 s 4922934
 t 4921513
 u 4921384
 v 4924699
 w 4926437
 x 4924902
 y 4921682
 z 4921135

Total characters:  128000000
 a 4919012
 b 4921795
 c 4926574
 d 4923347
 e 4922587
 f 4921194
 g 4921172
 h 4924136
 i 4922782
 j 4923424
 k 4924965
 l 4921798
 m 4924714
 n 4923356
 o 4924130
 p 4923067
 q 4923414
 r 4923847
 s 4922934
 t 4921513
 u 4921384
 v 4924699
 w 4926437
 x 4924902
 y 4921682
 z 4921135

Total characters:  128000000
 a 4919012
 b 4921795
 c 4926574
 d 4923347
 e 4922587
 f 4921194
 g 4921172
 h 4924136
 i 4922782
 j 4923424
 k 4924965
 l 4921798
 m 4924714
 n 4923356
 o 4924130
 p 4923067
 q 4923414
 r 4923847
 s 4922934
 t 4921513
 u 4921384
 v 4924699
 w 4926437
 x 4924902
 y 4921682
 z 4921135

Total characters:  128000000
 a 4919012
 b 4921795
 c 4926574
 d 4923347
 e 4922587
 f 4921194
 g 4921172
 h 4924136
 i 4922782
 j 4923424
 k 4924965
 l 4921798
 m 4924714
 n 4923356
 o 4924130
 p 4923067
 q 4923414
 r 4923847
 s 4922934
 t 4921513
 u 4921384
 v 4924699
 w 4926437
 x 4924902
 y 4921682
 z 4921135

Total characters:  128000000
 a 4919012
 b 4921795
 c 4926574
 d 4923347
 e 4922587
 f 4921194
 g 4921172
 h 4924136
 i 4922782
 j 4923424
 k 4924965
 l 4921798
 m 4924714
 n 4923356
 o 4924130
 p 4923067
 q 4923414
 r 4923847
 s 4922934
 t 4921513
 u 4921384
 v 4924699
 w 4926437
 x 4924902
 y 4921682
 z 4921135

Total characters:  128000000
 a 4919012
 b 4921795
 c 4926574
 d 4923347
 e 4922587
 f 4921194
 g 4921172
 h 4924136
 i 4922782
 j 4923424
 k 4924965
 l 4921798
 m 4924714
 n 4923356
 o 4924130
 p 4923067
 q 4923414
 r 4923847
 s 4922934
 t 4921513
 u 4921384
 v 4924699
 w 4926437
 x 4924902
 y 4921682
 z 4921135

Total characters:  128000000
 a 4919012
 b 4921795
 c 4926574
 d 4923347
 e 4922587
 f 4921194
 g 4921172
 h 4924136
 i 4922782
 j 4923424
 k 4924965
 l 4921798
 m 4924714
 n 4923356
 o 4924130
 p 4923067
 q 4923414
 r 4923847
 s 4922934
 t 4921513
 u 4921384
 v 4924699
 w 4926437
 x 4924902
 y 4921682
 z 4921135

Total characters:  128000000
 a 4919012
 b 4921795
 c 4926574
 d 4923347
 e 4922587
 f 4921194
 g 4921172
 h 4924136
 i 4922782
 j 4923424
 k 4924965
 l 4921798
 m 4924714
 n 4923356
 o 4924130
 p 4923067
 q 4923414
 r 4923847
 s 4922934
 t 4921513
 u 4921384
 v 4924699
 w 4926437
 x 4924902
 y 4921682
 z 4921135

Total characters:  128000000
 a 4919012
 b 4921795
 c 4926574
 d 4923347
 e 4922587
 f 4921194
 g 4921172
 h 4924136
 i 4922782
 j 4923424
 k 4924965
 l 4921798
 m 4924714
 n 4923356
 o 4924130
 p 4923067
 q 4923414
 r 4923847
 s 4922934
 t 4921513
 u 4921384
 v 4924699
 w 4926437
 x 4924902
 y 4921682
 z 4921135

Total characters:  128000000
 a 4919012
 b 4921795
 c 4926574
 d 4923347
 e 4922587
 f 4921194
 g 4921172
 h 4924136
 i 4922782
 j 4923424
 k 4924965
 l 4921798
 m 4924714
 n 4923356
 o 4924130
 p 4923067
 q 4923414
 r 4923847
 s 4922934
 t 4921513
 u 4921384
 v 4924699
 w 4926437
 x 4924902
 y 4921682
 z 4921135

Total characters:  128000000
 a 4919012
 b 4921795
 c 4926574
 d 4923347
 e 4922587
 f 4921194
 g 4921172
 h 4924136
 i 4922782
 j 4923424
 k 4924965
 l 4921798
 m 4924714
 n 4923356
 o 4924130
 p 4923067
 q 4923414
 r 4923847
 s 4922934
 t 4921513
 u 4921384
 v 4924699
 w 4926437
 x 4924902
 y 4921682
 z 4921135

Total characters:  128000000
 a 4919012
 b 4921795
 c 4926574
 d 4923347
 e 4922587
 f 4921194
 g 4921172
 h 4924136
 i 4922782
 j 4923424
 k 4924965
 l 4921798
 m 4924714
 n 4923356
 o 4924130
 p 4923067
 q 4923414
 r 4923847
 s 4922934
 t 4921513
 u 4921384
 v 4924699
 w 4926437
 x 4924902
 y 4921682
 z 4921135

Total characters:  128000000
 a 4919012
 b 4921795
 c 4926574
 d 4923347
 e 4922587
 f 4921194
 g 4921172
 h 4924136
 i 4922782
 j 4923424
 k 4924965
 l 4921798
 m 4924714
 n 4923356
 o 4924130
 p 4923067
 q 4923414
 r 4923847
 s 4922934
 t 4921513
 u 4921384
 v 4924699
 w 4926437
 x 4924902
 y 4921682
 z 4921135

Total characters:  128000000
 a 4919012
 b 4921795
 c 4926574
 d 4923347
 e 4922587
 f 4921194
 g 4921172
 h 4924136
 i 4922782
 j 4923424
 k 4924965
 l 4921798
 m 4924714
 n 4923356
 o 4924130
 p 4923067
 q 4923414
 r 4923847
 s 4922934
 t 4921513
 u 4921384
 v 4924699
 w 4926437
 x 4924902
 y 4921682
 z 4921135

Total characters:  128000000
 a 4919012
 b 4921795
 c 4926574
 d 4923347
 e 4922587
 f 4921194
 g 4921172
 h 4924136
 i 4922782
 j 4923424
 k 4924965
 l 4921798
 m 4924714
 n 4923356
 o 4924130
 p 4923067
 q 4923414
 r 4923847
 s 4922934
 t 4921513
 u 4921384
 v 4924699
 w 4926437
 x 4924902
 y 4921682
 z 4921135

Total characters:  128000000
 a 4919012
 b 4921795
 c 4926574
 d 4923347
 e 4922587
 f 4921194
 g 4921172
 h 4924136
 i 4922782
 j 4923424
 k 4924965
 l 4921798
 m 4924714
 n 4923356
 o 4924130
 p 4923067
 q 4923414
 r 4923847
 s 4922934
 t 4921513
 u 4921384
 v 4924699
 w 4926437
 x 4924902
 y 4921682
 z 4921135

Total characters:  128000000
 a 4919012
 b 4921795
 c 4926574
 d 4923347
 e 4922587
 f 4921194
 g 4921172
 h 4924136
 i 4922782
 j 4923424
 k 4924965
 l 4921798
 m 4924714
 n 4923356
 o 4924130
 p 4923067
 q 4923414
 r 4923847
 s 4922934
 t 4921513
 u 4921384
 v 4924699
 w 4926437
 x 4924902
 y 4921682
 z 4921135

Total characters:  128000000
 a 4919012
 b 4921795
 c 4926574
 d 4923347
 e 4922587
 f 4921194
 g 4921172
 h 4924136
 i 4922782
 j 4923424
 k 4924965
 l 4921798
 m 4924714
 n 4923356
 o 4924130
 p 4923067
 q 4923414
 r 4923847
 s 4922934
 t 4921513
 u 4921384
 v 4924699
 w 4926437
 x 4924902
 y 4921682
 z 4921135

Total characters:  128000000
 a 4919012
 b 4921795
 c 4926574
 d 4923347
 e 4922587
 f 4921194
 g 4921172
 h 4924136
 i 4922782
 j 4923424
 k 4924965
 l 4921798
 m 4924714
 n 4923356
 o 4924130
 p 4923067
 q 4923414
 r 4923847
 s 4922934
 t 4921513
 u 4921384
 v 4924699
 w 4926437
 x 4924902
 y 4921682
 z 4921135

Total characters:  128000000
 a 4919012
 b 4921795
 c 4926574
 d 4923347
 e 4922587
 f 4921194
 g 4921172
 h 4924136
 i 4922782
 j 4923424
 k 4924965
 l 4921798
 m 4924714
 n 4923356
 o 4924130
 p 4923067
 q 4923414
 r 4923847
 s 4922934
 t 4921513
 u 4921384
 v 4924699
 w 4926437
 x 4924902
 y 4921682
 z 4921135

Total characters:  128000000
 a 4919012
 b 4921795
 c 4926574
 d 4923347
 e 4922587
 f 4921194
 g 4921172
 h 4924136
 i 4922782
 j 4923424
 k 4924965
 l 4921798
 m 4924714
 n 4923356
 o 4924130
 p 4923067
 q 4923414
 r 4923847
 s 4922934
 t 4921513
 u 4921384
 v 4924699
 w 4926437
 x 4924902
 y 4921682
 z 4921135

Total characters:  128000000
 a 4919012
 b 4921795
 c 4926574
 d 4923347
 e 4922587
 f 4921194
 g 4921172
 h 4924136
 i 4922782
 j 4923424
 k 4924965
 l 4921798
 m 4924714
 n 4923356
 o 4924130
 p 4923067
 q 4923414
 r 4923847
 s 4922934
 t 4921513
 u 4921384
 v 4924699
 w 4926437
 x 4924902
 y 4921682
 z 4921135

Total characters:  128000000
 a 4919012
 b 4921795
 c 4926574
 d 4923347
 e 4922587
 f 4921194
 g 4921172
 h 4924136
 i 4922782
 j 4923424
 k 4924965
 l 4921798
 m 4924714
 n 4923356
 o 4924130
 p 4923067
 q 4923414
 r 4923847
 s 4922934
 t 4921513
 u 4921384
 v 4924699
 w 4926437
 x 4924902
 y 4921682
 z 4921135

Total characters:  128000000
 a 4919012
 b 4921795
 c 4926574
 d 4923347
 e 4922587
 f 4921194
 g 4921172
 h 4924136
 i 4922782
 j 4923424
 k 4924965
 l 4921798
 m 4924714
 n 4923356
 o 4924130
 p 4923067
 q 4923414
 r 4923847
 s 4922934
 t 4921513
 u 4921384
 v 4924699
 w 4926437
 x 4924902
 y 4921682
 z 4921135

Total characters:  128000000
 a 4919012
 b 4921795
 c 4926574
 d 4923347
 e 4922587
 f 4921194
 g 4921172
 h 4924136
 i 4922782
 j 4923424
 k 4924965
 l 4921798
 m 4924714
 n 4923356
 o 4924130
 p 4923067
 q 4923414
 r 4923847
 s 4922934
 t 4921513
 u 4921384
 v 4924699
 w 4926437
 x 4924902
 y 4921682
 z 4921135

Total characters:  128000000
 a 4919012
 b 4921795
 c 4926574
 d 4923347
 e 4922587
 f 4921194
 g 4921172
 h 4924136
 i 4922782
 j 4923424
 k 4924965
 l 4921798
 m 4924714
 n 4923356
 o 4924130
 p 4923067
 q 4923414
 r 4923847
 s 4922934
 t 4921513
 u 4921384
 v 4924699
 w 4926437
 x 4924902
 y 4921682
 z 4921135

Total characters:  128000000
 a 4919012
 b 4921795
 c 4926574
 d 4923347
 e 4922587
 f 4921194
 g 4921172
 h 4924136
 i 4922782
 j 4923424
 k 4924965
 l 4921798
 m 4924714
 n 4923356
 o 4924130
 p 4923067
 q 4923414
 r 4923847
 s 4922934
 t 4921513
 u 4921384
 v 4924699
 w 4926437
 x 4924902
 y 4921682
 z 4921135

Total characters:  128000000
 a 4919012
 b 4921795
 c 4926574
 d 4923347
 e 4922587
 f 4921194
 g 4921172
 h 4924136
 i 4922782
 j 4923424
 k 4924965
 l 4921798
 m 4924714
 n 4923356
 o 4924130
 p 4923067
 q 4923414
 r 4923847
 s 4922934
 t 4921513
 u 4921384
 v 4924699
 w 4926437
 x 4924902
 y 4921682
 z 4921135

Total characters:  128000000
 a 4919012
 b 4921795
 c 4926574
 d 4923347
 e 4922587
 f 4921194
 g 4921172
 h 4924136
 i 4922782
 j 4923424
 k 4924965
 l 4921798
 m 4924714
 n 4923356
 o 4924130
 p 4923067
 q 4923414
 r 4923847
 s 4922934
 t 4921513
 u 4921384
 v 4924699
 w 4926437
 x 4924902
 y 4921682
 z 4921135

Total characters:  128000000
 a 4919012
 b 4921795
 c 4926574
 d 4923347
 e 4922587
 f 4921194
 g 4921172
 h 4924136
 i 4922782
 j 4923424
 k 4924965
 l 4921798
 m 4924714
 n 4923356
 o 4924130
 p 4923067
 q 4923414
 r 4923847
 s 4922934
 t 4921513
 u 4921384
 v 4924699
 w 4926437
 x 4924902
 y 4921682
 z 4921135

Total characters:  128000000
 a 4919012
 b 4921795
 c 4926574
 d 4923347
 e 4922587
 f 4921194
 g 4921172
 h 4924136
 i 4922782
 j 4923424
 k 4924965
 l 4921798
 m 4924714
 n 4923356
 o 4924130
 p 4923067
 q 4923414
 r 4923847
 s 4922934
 t 4921513
 u 4921384
 v 4924699
 w 4926437
 x 4924902
 y 4921682
 z 4921135

Total characters:  128000000
 a 4919012
 b 4921795
 c 4926574
 d 4923347
 e 4922587
 f 4921194
 g 4921172
 h 4924136
 i 4922782
 j 4923424
 k 4924965
 l 4921798
 m 4924714
 n 4923356
 o 4924130
 p 4923067
 q 4923414
 r 4923847
 s 4922934
 t 4921513
 u 4921384
 v 4924699
 w 4926437
 x 4924902
 y 4921682
 z 4921135

Total characters:  128000000
 a 4919012
 b 4921795
 c 4926574
 d 4923347
 e 4922587
 f 4921194
 g 4921172
 h 4924136
 i 4922782
 j 4923424
 k 4924965
 l 4921798
 m 4924714
 n 4923356
 o 4924130
 p 4923067
 q 4923414
 r 4923847
 s 4922934
 t 4921513
 u 4921384
 v 4924699
 w 4926437
 x 4924902
 y 4921682
 z 4921135

Total characters:  128000000
 a 4919012
 b 4921795
 c 4926574
 d 4923347
 e 4922587
 f 4921194
 g 4921172
 h 4924136
 i 4922782
 j 4923424
 k 4924965
 l 4921798
 m 4924714
 n 4923356
 o 4924130
 p 4923067
 q 4923414
 r 4923847
 s 4922934
 t 4921513
 u 4921384
 v 4924699
 w 4926437
 x 4924902
 y 4921682
 z 4921135

Total characters:  128000000
 a 4919012
 b 4921795
 c 4926574
 d 4923347
 e 4922587
 f 4921194
 g 4921172
 h 4924136
 i 4922782
 j 4923424
 k 4924965
 l 4921798
 m 4924714
 n 4923356
 o 4924130
 p 4923067
 q 4923414
 r 4923847
 s 4922934
 t 4921513
 u 4921384
 v 4924699
 w 4926437
 x 4924902
 y 4921682
 z 4921135

Total characters:  128000000
 a 4919012
 b 4921795
 c 4926574
 d 4923347
 e 4922587
 f 4921194
 g 4921172
 h 4924136
 i 4922782
 j 4923424
 k 4924965
 l 4921798
 m 4924714
 n 4923356
 o 4924130
 p 4923067
 q 4923414
 r 4923847
 s 4922934
 t 4921513
 u 4921384
 v 4924699
 w 4926437
 x 4924902
 y 4921682
 z 4921135

Total characters:  128000000
 a 4919012
 b 4921795
 c 4926574
 d 4923347
 e 4922587
 f 4921194
 g 4921172
 h 4924136
 i 4922782
 j 4923424
 k 4924965
 l 4921798
 m 4924714
 n 4923356
 o 4924130
 p 4923067
 q 4923414
 r 4923847
 s 4922934
 t 4921513
 u 4921384
 v 4924699
 w 4926437
 x 4924902
 y 4921682
 z 4921135

Total characters:  128000000
 a 4919012
 b 4921795
 c 4926574
 d 4923347
 e 4922587
 f 4921194
 g 4921172
 h 4924136
 i 4922782
 j 4923424
 k 4924965
 l 4921798
 m 4924714
 n 4923356
 o 4924130
 p 4923067
 q 4923414
 r 4923847
 s 4922934
 t 4921513
 u 4921384
 v 4924699
 w 4926437
 x 4924902
 y 4921682
 z 4921135

Total characters:  128000000
srun: error: elf81: tasks 22-23,25-26,28-39: Exited with exit code 30
 a 4919012
 b 4921795
 c 4926574
 d 4923347
 e 4922587
 f 4921194
 g 4921172
 h 4924136
 i 4922782
 j 4923424
 k 4924965
 l 4921798
 m 4924714
 n 4923356
 o 4924130
 p 4923067
 q 4923414
 r 4923847
 s 4922934
 t 4921513
 u 4921384
 v 4924699
 w 4926437
 x 4924902
 y 4921682
 z 4921135

Total characters:  128000000
 a 4919012
 b 4921795
 c 4926574
 d 4923347
 e 4922587
 f 4921194
 g 4921172
 h 4924136
 i 4922782
 j 4923424
 k 4924965
 l 4921798
 m 4924714
 n 4923356
 o 4924130
 p 4923067
 q 4923414
 r 4923847
 s 4922934
 t 4921513
 u 4921384
 v 4924699
 w 4926437
 x 4924902
 y 4921682
 z 4921135

Total characters:  128000000
 a 4919012
 b 4921795
 c 4926574
 d 4923347
 e 4922587
 f 4921194
 g 4921172
 h 4924136
 i 4922782
 j 4923424
 k 4924965
 l 4921798
 m 4924714
 n 4923356
 o 4924130
 p 4923067
 q 4923414
 r 4923847
 s 4922934
 t 4921513
 u 4921384
 v 4924699
 w 4926437
 x 4924902
 y 4921682
 z 4921135

Total characters:  128000000
 a 4919012
 b 4921795
 c 4926574
 d 4923347
 e 4922587
 f 4921194
 g 4921172
 h 4924136
 i 4922782
 j 4923424
 k 4924965
 l 4921798
 m 4924714
 n 4923356
 o 4924130
 p 4923067
 q 4923414
 r 4923847
 s 4922934
 t 4921513
 u 4921384
 v 4924699
 w 4926437
 x 4924902
 y 4921682
 z 4921135

Total characters:  128000000
 a 4919012
 b 4921795
 c 4926574
 d 4923347
 e 4922587
 f 4921194
 g 4921172
 h 4924136
 i 4922782
 j 4923424
 k 4924965
 l 4921798
 m 4924714
 n 4923356
 o 4924130
 p 4923067
 q 4923414
 r 4923847
 s 4922934
 t 4921513
 u 4921384
 v 4924699
 w 4926437
 x 4924902
 y 4921682
 z 4921135

Total characters:  128000000
srun: error: elf83: tasks 40-43,45-46,48-50,52-59: Exited with exit code 30
 a 4919012
 b 4921795
 c 4926574
 d 4923347
 e 4922587
 f 4921194
 g 4921172
 h 4924136
 i 4922782
 j 4923424
 k 4924965
 l 4921798
 m 4924714
 n 4923356
 o 4924130
 p 4923067
 q 4923414
 r 4923847
 s 4922934
 t 4921513
 u 4921384
 v 4924699
 w 4926437
 x 4924902
 y 4921682
 z 4921135

Total characters:  128000000
 a 4919012
 b 4921795
 c 4926574
 d 4923347
 e 4922587
 f 4921194
 g 4921172
 h 4924136
 i 4922782
 j 4923424
 k 4924965
 l 4921798
 m 4924714
 n 4923356
 o 4924130
 p 4923067
 q 4923414
 r 4923847
 s 4922934
 t 4921513
 u 4921384
 v 4924699
 w 4926437
 x 4924902
 y 4921682
 z 4921135

Total characters:  128000000
 a 4919012
 b 4921795
 c 4926574
 d 4923347
 e 4922587
 f 4921194
 g 4921172
 h 4924136
 i 4922782
 j 4923424
 k 4924965
 l 4921798
 m 4924714
 n 4923356
 o 4924130
 p 4923067
 q 4923414
 r 4923847
 s 4922934
 t 4921513
 u 4921384
 v 4924699
 w 4926437
 x 4924902
 y 4921682
 z 4921135

Total characters:  128000000
 a 4919012
 b 4921795
 c 4926574
 d 4923347
 e 4922587
 f 4921194
 g 4921172
 h 4924136
 i 4922782
 j 4923424
 k 4924965
 l 4921798
 m 4924714
 n 4923356
 o 4924130
 p 4923067
 q 4923414
 r 4923847
 s 4922934
 t 4921513
 u 4921384
 v 4924699
 w 4926437
 x 4924902
 y 4921682
 z 4921135

Total characters:  128000000
 a 4919012
 b 4921795
 c 4926574
 d 4923347
 e 4922587
 f 4921194
 g 4921172
 h 4924136
 i 4922782
 j 4923424
 k 4924965
 l 4921798
 m 4924714
 n 4923356
 o 4924130
 p 4923067
 q 4923414
 r 4923847
 s 4922934
 t 4921513
 u 4921384
 v 4924699
 w 4926437
 x 4924902
 y 4921682
 z 4921135

Total characters:  128000000
srun: error: elf84: tasks 60-62,64-68,70-73,75-76,78-79: Exited with exit code 30
 a 4919012
 b 4921795
 c 4926574
 d 4923347
 e 4922587
 f 4921194
 g 4921172
 h 4924136
 i 4922782
 j 4923424
 k 4924965
 l 4921798
 m 4924714
 n 4923356
 o 4924130
 p 4923067
 q 4923414
 r 4923847
 s 4922934
 t 4921513
 u 4921384
 v 4924699
 w 4926437
 x 4924902
 y 4921682
 z 4921135

Total characters:  128000000
srun: error: elf85: tasks 82-99: Exited with exit code 30
 a 4919012
 b 4921795
 c 4926574
 d 4923347
 e 4922587
 f 4921194
 g 4921172
 h 4924136
 i 4922782
 j 4923424
 k 4924965
 l 4921798
 m 4924714
 n 4923356
 o 4924130
 p 4923067
 q 4923414
 r 4923847
 s 4922934
 t 4921513
 u 4921384
 v 4924699
 w 4926437
 x 4924902
 y 4921682
 z 4921135

Total characters:  128000000
 a 4919012
 b 4921795
 c 4926574
 d 4923347
 e 4922587
 f 4921194
 g 4921172
 h 4924136
 i 4922782
 j 4923424
 k 4924965
 l 4921798
 m 4924714
 n 4923356
 o 4924130
 p 4923067
 q 4923414
 r 4923847
 s 4922934
 t 4921513
 u 4921384
 v 4924699
 w 4926437
 x 4924902
 y 4921682
 z 4921135

Total characters:  128000000
srun: error: elf80: tasks 0-19: Exited with exit code 30
srun: error: elf81: tasks 20-21,24,27: Exited with exit code 30
 a 4919012
 b 4921795
 c 4926574
 d 4923347
 e 4922587
 f 4921194
 g 4921172
 h 4924136
 i 4922782
 j 4923424
 k 4924965
 l 4921798
 m 4924714
 n 4923356
 o 4924130
 p 4923067
 q 4923414
 r 4923847
 s 4922934
 t 4921513
 u 4921384
 v 4924699
 w 4926437
 x 4924902
 y 4921682
 z 4921135

Total characters:  128000000
srun: error: elf83: tasks 44,47,51: Exited with exit code 30
srun: error: elf84: tasks 63,69,74,77: Exited with exit code 30
srun: error: elf85: task 80: Exited with exit code 30
 a 4919012
 b 4921795
 c 4926574
 d 4923347
 e 4922587
 f 4921194
 g 4921172
 h 4924136
 i 4922782
 j 4923424
 k 4924965
 l 4921798
 m 4924714
 n 4923356
 o 4924130
 p 4923067
 q 4923414
 r 4923847
 s 4922934
 t 4921513
 u 4921384
 v 4924699
 w 4926437
 x 4924902
 y 4921682
 z 4921135

Total characters:  128000000
srun: error: elf85: task 81: Exited with exit code 30
