 a 4919012
 b 4921795
 c 4926574
 d 4923347
 e 4922587
 f 4921194
 g 4921172
 h 4924136
 i 4922782
 j 4923424
 k 4924965
 l 4921798
 m 4924714
 n 4923356
 o 4924130
 p 4923067
 q 4923414
 r 4923847
 s 4922934
 t 4921513
 u 4921384
 v 4924699
 w 4926437
 x 4924902
 y 4921682
 z 4921135

Total characters:  128000000
 a 4919012
 b 4921795
 c 4926574
 d 4923347
 e 4922587
 f 4921194
 g 4921172
 h 4924136
 i 4922782
 j 4923424
 k 4924965
 l 4921798
 m 4924714
 n 4923356
 o 4924130
 p 4923067
 q 4923414
 r 4923847
 s 4922934
 t 4921513
 u 4921384
 v 4924699
 w 4926437
 x 4924902
 y 4921682
 z 4921135

Total characters:  128000000
 a 4919012
 b 4921795
 c 4926574
 d 4923347
 e 4922587
 f 4921194
 g 4921172
 h 4924136
 i 4922782
 j 4923424
 k 4924965
 l 4921798
 m 4924714
 n 4923356
 o 4924130
 p 4923067
 q 4923414
 r 4923847
 s 4922934
 t 4921513
 u 4921384
 v 4924699
 w 4926437
 x 4924902
 y 4921682
 z 4921135

Total characters:  128000000
 a 4919012
 b 4921795
 c 4926574
 d 4923347
 e 4922587
 f 4921194
 g 4921172
 h 4924136
 i 4922782
 j 4923424
 k 4924965
 l 4921798
 m 4924714
 n 4923356
 o 4924130
 p 4923067
 q 4923414
 r 4923847
 s 4922934
 t 4921513
 u 4921384
 v 4924699
 w 4926437
 x 4924902
 y 4921682
 z 4921135

Total characters:  128000000
srun: error: elf36: tasks 96-99: Exited with exit code 30
 a 4919012
 b 4921795
 c 4926574
 d 4923347
 e 4922587
 f 4921194
 g 4921172
 h 4924136
 i 4922782
 j 4923424
 k 4924965
 l 4921798
 m 4924714
 n 4923356
 o 4924130
 p 4923067
 q 4923414
 r 4923847
 s 4922934
 t 4921513
 u 4921384
 v 4924699
 w 4926437
 x 4924902
 y 4921682
 z 4921135

Total characters:  128000000
 a 4919012
 b 4921795
 c 4926574
 d 4923347
 e 4922587
 f 4921194
 g 4921172
 h 4924136
 i 4922782
 j 4923424
 k 4924965
 l 4921798
 m 4924714
 n 4923356
 o 4924130
 p 4923067
 q 4923414
 r 4923847
 s 4922934
 t 4921513
 u 4921384
 v 4924699
 w 4926437
 x 4924902
 y 4921682
 z 4921135

Total characters:  128000000
 a 4919012
 b 4921795
 c 4926574
 d 4923347
 e 4922587
 f 4921194
 g 4921172
 h 4924136
 i 4922782
 j 4923424
 k 4924965
 l 4921798
 m 4924714
 n 4923356
 o 4924130
 p 4923067
 q 4923414
 r 4923847
 s 4922934
 t 4921513
 u 4921384
 v 4924699
 w 4926437
 x 4924902
 y 4921682
 z 4921135

Total characters:  128000000
 a 4919012
 b 4921795
 c 4926574
 d 4923347
 e 4922587
 f 4921194
 g 4921172
 h 4924136
 i 4922782
 j 4923424
 k 4924965
 l 4921798
 m 4924714
 n 4923356
 o 4924130
 p 4923067
 q 4923414
 r 4923847
 s 4922934
 t 4921513
 u 4921384
 v 4924699
 w 4926437
 x 4924902
 y 4921682
 z 4921135

Total characters:  128000000
 a 4919012
 b 4921795
 c 4926574
 d 4923347
 e 4922587
 f 4921194
 g 4921172
 h 4924136
 i 4922782
 j 4923424
 k 4924965
 l 4921798
 m 4924714
 n 4923356
 o 4924130
 p 4923067
 q 4923414
 r 4923847
 s 4922934
 t 4921513
 u 4921384
 v 4924699
 w 4926437
 x 4924902
 y 4921682
 z 4921135

Total characters:  128000000
 a 4919012
 b 4921795
 c 4926574
 d 4923347
 e 4922587
 f 4921194
 g 4921172
 h 4924136
 i 4922782
 j 4923424
 k 4924965
 l 4921798
 m 4924714
 n 4923356
 o 4924130
 p 4923067
 q 4923414
 r 4923847
 s 4922934
 t 4921513
 u 4921384
 v 4924699
 w 4926437
 x 4924902
 y 4921682
 z 4921135

Total characters:  128000000
 a 4919012
 b 4921795
 c 4926574
 d 4923347
 e 4922587
 f 4921194
 g 4921172
 h 4924136
 i 4922782
 j 4923424
 k 4924965
 l 4921798
 m 4924714
 n 4923356
 o 4924130
 p 4923067
 q 4923414
 r 4923847
 s 4922934
 t 4921513
 u 4921384
 v 4924699
 w 4926437
 x 4924902
 y 4921682
 z 4921135

Total characters:  128000000
 a 4919012
 b 4921795
 c 4926574
 d 4923347
 e 4922587
 f 4921194
 g 4921172
 h 4924136
 i 4922782
 j 4923424
 k 4924965
 l 4921798
 m 4924714
 n 4923356
 o 4924130
 p 4923067
 q 4923414
 r 4923847
 s 4922934
 t 4921513
 u 4921384
 v 4924699
 w 4926437
 x 4924902
 y 4921682
 z 4921135

Total characters:  128000000
 a 4919012
 b 4921795
 c 4926574
 d 4923347
 e 4922587
 f 4921194
 g 4921172
 h 4924136
 i 4922782
 j 4923424
 k 4924965
 l 4921798
 m 4924714
 n 4923356
 o 4924130
 p 4923067
 q 4923414
 r 4923847
 s 4922934
 t 4921513
 u 4921384
 v 4924699
 w 4926437
 x 4924902
 y 4921682
 z 4921135

Total characters:  128000000
 a 4919012
 b 4921795
 c 4926574
 d 4923347
 e 4922587
 f 4921194
 g 4921172
 h 4924136
 i 4922782
 j 4923424
 k 4924965
 l 4921798
 m 4924714
 n 4923356
 o 4924130
 p 4923067
 q 4923414
 r 4923847
 s 4922934
 t 4921513
 u 4921384
 v 4924699
 w 4926437
 x 4924902
 y 4921682
 z 4921135

Total characters:  128000000
 a 4919012
 b 4921795
 c 4926574
 d 4923347
 e 4922587
 f 4921194
 g 4921172
 h 4924136
 i 4922782
 j 4923424
 k 4924965
 l 4921798
 m 4924714
 n 4923356
 o 4924130
 p 4923067
 q 4923414
 r 4923847
 s 4922934
 t 4921513
 u 4921384
 v 4924699
 w 4926437
 x 4924902
 y 4921682
 z 4921135

Total characters:  128000000
 a 4919012
 b 4921795
 c 4926574
 d 4923347
 e 4922587
 f 4921194
 g 4921172
 h 4924136
 i 4922782
 j 4923424
 k 4924965
 l 4921798
 m 4924714
 n 4923356
 o 4924130
 p 4923067
 q 4923414
 r 4923847
 s 4922934
 t 4921513
 u 4921384
 v 4924699
 w 4926437
 x 4924902
 y 4921682
 z 4921135

Total characters:  128000000
 a 4919012
 b 4921795
 c 4926574
 d 4923347
 e 4922587
 f 4921194
 g 4921172
 h 4924136
 i 4922782
 j 4923424
 k 4924965
 l 4921798
 m 4924714
 n 4923356
 o 4924130
 p 4923067
 q 4923414
 r 4923847
 s 4922934
 t 4921513
 u 4921384
 v 4924699
 w 4926437
 x 4924902
 y 4921682
 z 4921135

Total characters:  128000000
 a 4919012
 b 4921795
 c 4926574
 d 4923347
 e 4922587
 f 4921194
 g 4921172
 h 4924136
 i 4922782
 j 4923424
 k 4924965
 l 4921798
 m 4924714
 n 4923356
 o 4924130
 p 4923067
 q 4923414
 r 4923847
 s 4922934
 t 4921513
 u 4921384
 v 4924699
 w 4926437
 x 4924902
 y 4921682
 z 4921135

Total characters:  128000000
 a 4919012
 b 4921795
 c 4926574
 d 4923347
 e 4922587
 f 4921194
 g 4921172
 h 4924136
 i 4922782
 j 4923424
 k 4924965
 l 4921798
 m 4924714
 n 4923356
 o 4924130
 p 4923067
 q 4923414
 r 4923847
 s 4922934
 t 4921513
 u 4921384
 v 4924699
 w 4926437
 x 4924902
 y 4921682
 z 4921135

Total characters:  128000000
 a 4919012
 b 4921795
 c 4926574
 d 4923347
 e 4922587
 f 4921194
 g 4921172
 h 4924136
 i 4922782
 j 4923424
 k 4924965
 l 4921798
 m 4924714
 n 4923356
 o 4924130
 p 4923067
 q 4923414
 r 4923847
 s 4922934
 t 4921513
 u 4921384
 v 4924699
 w 4926437
 x 4924902
 y 4921682
 z 4921135

Total characters:  128000000
 a 4919012
 b 4921795
 c 4926574
 d 4923347
 e 4922587
 f 4921194
 g 4921172
 h 4924136
 i 4922782
 j 4923424
 k 4924965
 l 4921798
 m 4924714
 n 4923356
 o 4924130
 p 4923067
 q 4923414
 r 4923847
 s 4922934
 t 4921513
 u 4921384
 v 4924699
 w 4926437
 x 4924902
 y 4921682
 z 4921135

Total characters:  128000000
 a 4919012
 b 4921795
 c 4926574
 d 4923347
 e 4922587
 f 4921194
 g 4921172
 h 4924136
 i 4922782
 j 4923424
 k 4924965
 l 4921798
 m 4924714
 n 4923356
 o 4924130
 p 4923067
 q 4923414
 r 4923847
 s 4922934
 t 4921513
 u 4921384
 v 4924699
 w 4926437
 x 4924902
 y 4921682
 z 4921135

Total characters:  128000000
 a 4919012
 b 4921795
 c 4926574
 d 4923347
 e 4922587
 f 4921194
 g 4921172
 h 4924136
 i 4922782
 j 4923424
 k 4924965
 l 4921798
 m 4924714
 n 4923356
 o 4924130
 p 4923067
 q 4923414
 r 4923847
 s 4922934
 t 4921513
 u 4921384
 v 4924699
 w 4926437
 x 4924902
 y 4921682
 z 4921135

Total characters:  128000000
 a 4919012
 b 4921795
 c 4926574
 d 4923347
 e 4922587
 f 4921194
 g 4921172
 h 4924136
 i 4922782
 j 4923424
 k 4924965
 l 4921798
 m 4924714
 n 4923356
 o 4924130
 p 4923067
 q 4923414
 r 4923847
 s 4922934
 t 4921513
 u 4921384
 v 4924699
 w 4926437
 x 4924902
 y 4921682
 z 4921135

Total characters:  128000000
 a 4919012
 b 4921795
 c 4926574
 d 4923347
 e 4922587
 f 4921194
 g 4921172
 h 4924136
 i 4922782
 j 4923424
 k 4924965
 l 4921798
 m 4924714
 n 4923356
 o 4924130
 p 4923067
 q 4923414
 r 4923847
 s 4922934
 t 4921513
 u 4921384
 v 4924699
 w 4926437
 x 4924902
 y 4921682
 z 4921135

Total characters:  128000000
 a 4919012
 b 4921795
 c 4926574
 d 4923347
 e 4922587
 f 4921194
 g 4921172
 h 4924136
 i 4922782
 j 4923424
 k 4924965
 l 4921798
 m 4924714
 n 4923356
 o 4924130
 p 4923067
 q 4923414
 r 4923847
 s 4922934
 t 4921513
 u 4921384
 v 4924699
 w 4926437
 x 4924902
 y 4921682
 z 4921135

Total characters:  128000000
 a 4919012
 b 4921795
 c 4926574
 d 4923347
 e 4922587
 f 4921194
 g 4921172
 h 4924136
 i 4922782
 j 4923424
 k 4924965
 l 4921798
 m 4924714
 n 4923356
 o 4924130
 p 4923067
 q 4923414
 r 4923847
 s 4922934
 t 4921513
 u 4921384
 v 4924699
 w 4926437
 x 4924902
 y 4921682
 z 4921135

Total characters:  128000000
 a 4919012
 b 4921795
 c 4926574
 d 4923347
 e 4922587
 f 4921194
 g 4921172
 h 4924136
 i 4922782
 j 4923424
 k 4924965
 l 4921798
 m 4924714
 n 4923356
 o 4924130
 p 4923067
 q 4923414
 r 4923847
 s 4922934
 t 4921513
 u 4921384
 v 4924699
 w 4926437
 x 4924902
 y 4921682
 z 4921135

Total characters:  128000000
 a 4919012
 b 4921795
 c 4926574
 d 4923347
 e 4922587
 f 4921194
 g 4921172
 h 4924136
 i 4922782
 j 4923424
 k 4924965
 l 4921798
 m 4924714
 n 4923356
 o 4924130
 p 4923067
 q 4923414
 r 4923847
 s 4922934
 t 4921513
 u 4921384
 v 4924699
 w 4926437
 x 4924902
 y 4921682
 z 4921135

Total characters:  128000000
 a 4919012
 b 4921795
 c 4926574
 d 4923347
 e 4922587
 f 4921194
 g 4921172
 h 4924136
 i 4922782
 j 4923424
 k 4924965
 l 4921798
 m 4924714
 n 4923356
 o 4924130
 p 4923067
 q 4923414
 r 4923847
 s 4922934
 t 4921513
 u 4921384
 v 4924699
 w 4926437
 x 4924902
 y 4921682
 z 4921135

Total characters:  128000000
 a 4919012
 b 4921795
 c 4926574
 d 4923347
 e 4922587
 f 4921194
 g 4921172
 h 4924136
 i 4922782
 j 4923424
 k 4924965
 l 4921798
 m 4924714
 n 4923356
 o 4924130
 p 4923067
 q 4923414
 r 4923847
 s 4922934
 t 4921513
 u 4921384
 v 4924699
 w 4926437
 x 4924902
 y 4921682
 z 4921135

Total characters:  128000000
 a 4919012
 b 4921795
 c 4926574
 d 4923347
 e 4922587
 f 4921194
 g 4921172
 h 4924136
 i 4922782
 j 4923424
 k 4924965
 l 4921798
 m 4924714
 n 4923356
 o 4924130
 p 4923067
 q 4923414
 r 4923847
 s 4922934
 t 4921513
 u 4921384
 v 4924699
 w 4926437
 x 4924902
 y 4921682
 z 4921135

Total characters:  128000000
 a 4919012
 b 4921795
 c 4926574
 d 4923347
 e 4922587
 f 4921194
 g 4921172
 h 4924136
 i 4922782
 j 4923424
 k 4924965
 l 4921798
 m 4924714
 n 4923356
 o 4924130
 p 4923067
 q 4923414
 r 4923847
 s 4922934
 t 4921513
 u 4921384
 v 4924699
 w 4926437
 x 4924902
 y 4921682
 z 4921135

Total characters:  128000000
 a 4919012
 b 4921795
 c 4926574
 d 4923347
 e 4922587
 f 4921194
 g 4921172
 h 4924136
 i 4922782
 j 4923424
 k 4924965
 l 4921798
 m 4924714
 n 4923356
 o 4924130
 p 4923067
 q 4923414
 r 4923847
 s 4922934
 t 4921513
 u 4921384
 v 4924699
 w 4926437
 x 4924902
 y 4921682
 z 4921135

Total characters:  128000000
 a 4919012
 b 4921795
 c 4926574
 d 4923347
 e 4922587
 f 4921194
 g 4921172
 h 4924136
 i 4922782
 j 4923424
 k 4924965
 l 4921798
 m 4924714
 n 4923356
 o 4924130
 p 4923067
 q 4923414
 r 4923847
 s 4922934
 t 4921513
 u 4921384
 v 4924699
 w 4926437
 x 4924902
 y 4921682
 z 4921135

Total characters:  128000000
 a 4919012
 b 4921795
 c 4926574
 d 4923347
 e 4922587
 f 4921194
 g 4921172
 h 4924136
 i 4922782
 j 4923424
 k 4924965
 l 4921798
 m 4924714
 n 4923356
 o 4924130
 p 4923067
 q 4923414
 r 4923847
 s 4922934
 t 4921513
 u 4921384
 v 4924699
 w 4926437
 x 4924902
 y 4921682
 z 4921135

Total characters:  128000000
 a 4919012
 b 4921795
 c 4926574
 d 4923347
 e 4922587
 f 4921194
 g 4921172
 h 4924136
 i 4922782
 j 4923424
 k 4924965
 l 4921798
 m 4924714
 n 4923356
 o 4924130
 p 4923067
 q 4923414
 r 4923847
 s 4922934
 t 4921513
 u 4921384
 v 4924699
 w 4926437
 x 4924902
 y 4921682
 z 4921135

Total characters:  128000000
 a 4919012
 b 4921795
 c 4926574
 d 4923347
 e 4922587
 f 4921194
 g 4921172
 h 4924136
 i 4922782
 j 4923424
 k 4924965
 l 4921798
 m 4924714
 n 4923356
 o 4924130
 p 4923067
 q 4923414
 r 4923847
 s 4922934
 t 4921513
 u 4921384
 v 4924699
 w 4926437
 x 4924902
 y 4921682
 z 4921135

Total characters:  128000000
 a 4919012
 b 4921795
 c 4926574
 d 4923347
 e 4922587
 f 4921194
 g 4921172
 h 4924136
 i 4922782
 j 4923424
 k 4924965
 l 4921798
 m 4924714
 n 4923356
 o 4924130
 p 4923067
 q 4923414
 r 4923847
 s 4922934
 t 4921513
 u 4921384
 v 4924699
 w 4926437
 x 4924902
 y 4921682
 z 4921135

Total characters:  128000000
 a 4919012
 b 4921795
 c 4926574
 d 4923347
 e 4922587
 f 4921194
 g 4921172
 h 4924136
 i 4922782
 j 4923424
 k 4924965
 l 4921798
 m 4924714
 n 4923356
 o 4924130
 p 4923067
 q 4923414
 r 4923847
 s 4922934
 t 4921513
 u 4921384
 v 4924699
 w 4926437
 x 4924902
 y 4921682
 z 4921135

Total characters:  128000000
 a 4919012
 b 4921795
 c 4926574
 d 4923347
 e 4922587
 f 4921194
 g 4921172
 h 4924136
 i 4922782
 j 4923424
 k 4924965
 l 4921798
 m 4924714
 n 4923356
 o 4924130
 p 4923067
 q 4923414
 r 4923847
 s 4922934
 t 4921513
 u 4921384
 v 4924699
 w 4926437
 x 4924902
 y 4921682
 z 4921135

Total characters:  128000000
 a 4919012
 b 4921795
 c 4926574
 d 4923347
 e 4922587
 f 4921194
 g 4921172
 h 4924136
 i 4922782
 j 4923424
 k 4924965
 l 4921798
 m 4924714
 n 4923356
 o 4924130
 p 4923067
 q 4923414
 r 4923847
 s 4922934
 t 4921513
 u 4921384
 v 4924699
 w 4926437
 x 4924902
 y 4921682
 z 4921135

Total characters:  128000000
 a 4919012
 b 4921795
 c 4926574
 d 4923347
 e 4922587
 f 4921194
 g 4921172
 h 4924136
 i 4922782
 j 4923424
 k 4924965
 l 4921798
 m 4924714
 n 4923356
 o 4924130
 p 4923067
 q 4923414
 r 4923847
 s 4922934
 t 4921513
 u 4921384
 v 4924699
 w 4926437
 x 4924902
 y 4921682
 z 4921135

Total characters:  128000000
 a 4919012
 b 4921795
 c 4926574
 d 4923347
 e 4922587
 f 4921194
 g 4921172
 h 4924136
 i 4922782
 j 4923424
 k 4924965
 l 4921798
 m 4924714
 n 4923356
 o 4924130
 p 4923067
 q 4923414
 r 4923847
 s 4922934
 t 4921513
 u 4921384
 v 4924699
 w 4926437
 x 4924902
 y 4921682
 z 4921135

Total characters:  128000000
 a 4919012
 b 4921795
 c 4926574
 d 4923347
 e 4922587
 f 4921194
 g 4921172
 h 4924136
 i 4922782
 j 4923424
 k 4924965
 l 4921798
 m 4924714
 n 4923356
 o 4924130
 p 4923067
 q 4923414
 r 4923847
 s 4922934
 t 4921513
 u 4921384
 v 4924699
 w 4926437
 x 4924902
 y 4921682
 z 4921135

Total characters:  128000000
 a 4919012
 b 4921795
 c 4926574
 d 4923347
 e 4922587
 f 4921194
 g 4921172
 h 4924136
 i 4922782
 j 4923424
 k 4924965
 l 4921798
 m 4924714
 n 4923356
 o 4924130
 p 4923067
 q 4923414
 r 4923847
 s 4922934
 t 4921513
 u 4921384
 v 4924699
 w 4926437
 x 4924902
 y 4921682
 z 4921135

Total characters:  128000000
 a 4919012
 b 4921795
 c 4926574
 d 4923347
 e 4922587
 f 4921194
 g 4921172
 h 4924136
 i 4922782
 j 4923424
 k 4924965
 l 4921798
 m 4924714
 n 4923356
 o 4924130
 p 4923067
 q 4923414
 r 4923847
 s 4922934
 t 4921513
 u 4921384
 v 4924699
 w 4926437
 x 4924902
 y 4921682
 z 4921135

Total characters:  128000000
 a 4919012
 b 4921795
 c 4926574
 d 4923347
 e 4922587
 f 4921194
 g 4921172
 h 4924136
 i 4922782
 j 4923424
 k 4924965
 l 4921798
 m 4924714
 n 4923356
 o 4924130
 p 4923067
 q 4923414
 r 4923847
 s 4922934
 t 4921513
 u 4921384
 v 4924699
 w 4926437
 x 4924902
 y 4921682
 z 4921135

Total characters:  128000000
 a 4919012
 b 4921795
 c 4926574
 d 4923347
 e 4922587
 f 4921194
 g 4921172
 h 4924136
 i 4922782
 j 4923424
 k 4924965
 l 4921798
 m 4924714
 n 4923356
 o 4924130
 p 4923067
 q 4923414
 r 4923847
 s 4922934
 t 4921513
 u 4921384
 v 4924699
 w 4926437
 x 4924902
 y 4921682
 z 4921135

Total characters:  128000000
 a 4919012
 b 4921795
 c 4926574
 d 4923347
 e 4922587
 f 4921194
 g 4921172
 h 4924136
 i 4922782
 j 4923424
 k 4924965
 l 4921798
 m 4924714
 n 4923356
 o 4924130
 p 4923067
 q 4923414
 r 4923847
 s 4922934
 t 4921513
 u 4921384
 v 4924699
 w 4926437
 x 4924902
 y 4921682
 z 4921135

Total characters:  128000000
 a 4919012
 b 4921795
 c 4926574
 d 4923347
 e 4922587
 f 4921194
 g 4921172
 h 4924136
 i 4922782
 j 4923424
 k 4924965
 l 4921798
 m 4924714
 n 4923356
 o 4924130
 p 4923067
 q 4923414
 r 4923847
 s 4922934
 t 4921513
 u 4921384
 v 4924699
 w 4926437
 x 4924902
 y 4921682
 z 4921135

Total characters:  128000000
 a 4919012
 b 4921795
 c 4926574
 d 4923347
 e 4922587
 f 4921194
 g 4921172
 h 4924136
 i 4922782
 j 4923424
 k 4924965
 l 4921798
 m 4924714
 n 4923356
 o 4924130
 p 4923067
 q 4923414
 r 4923847
 s 4922934
 t 4921513
 u 4921384
 v 4924699
 w 4926437
 x 4924902
 y 4921682
 z 4921135

Total characters:  128000000
 a 4919012
 b 4921795
 c 4926574
 d 4923347
 e 4922587
 f 4921194
 g 4921172
 h 4924136
 i 4922782
 j 4923424
 k 4924965
 l 4921798
 m 4924714
 n 4923356
 o 4924130
 p 4923067
 q 4923414
 r 4923847
 s 4922934
 t 4921513
 u 4921384
 v 4924699
 w 4926437
 x 4924902
 y 4921682
 z 4921135

Total characters:  128000000
 a 4919012
 b 4921795
 c 4926574
 d 4923347
 e 4922587
 f 4921194
 g 4921172
 h 4924136
 i 4922782
 j 4923424
 k 4924965
 l 4921798
 m 4924714
 n 4923356
 o 4924130
 p 4923067
 q 4923414
 r 4923847
 s 4922934
 t 4921513
 u 4921384
 v 4924699
 w 4926437
 x 4924902
 y 4921682
 z 4921135

Total characters:  128000000
 a 4919012
 b 4921795
 c 4926574
 d 4923347
 e 4922587
 f 4921194
 g 4921172
 h 4924136
 i 4922782
 j 4923424
 k 4924965
 l 4921798
 m 4924714
 n 4923356
 o 4924130
 p 4923067
 q 4923414
 r 4923847
 s 4922934
 t 4921513
 u 4921384
 v 4924699
 w 4926437
 x 4924902
 y 4921682
 z 4921135

Total characters:  128000000
 a 4919012
 b 4921795
 c 4926574
 d 4923347
 e 4922587
 f 4921194
 g 4921172
 h 4924136
 i 4922782
 j 4923424
 k 4924965
 l 4921798
 m 4924714
 n 4923356
 o 4924130
 p 4923067
 q 4923414
 r 4923847
 s 4922934
 t 4921513
 u 4921384
 v 4924699
 w 4926437
 x 4924902
 y 4921682
 z 4921135

Total characters:  128000000
 a 4919012
 b 4921795
 c 4926574
 d 4923347
 e 4922587
 f 4921194
 g 4921172
 h 4924136
 i 4922782
 j 4923424
 k 4924965
 l 4921798
 m 4924714
 n 4923356
 o 4924130
 p 4923067
 q 4923414
 r 4923847
 s 4922934
 t 4921513
 u 4921384
 v 4924699
 w 4926437
 x 4924902
 y 4921682
 z 4921135

Total characters:  128000000
 a 4919012
 b 4921795
 c 4926574
 d 4923347
 e 4922587
 f 4921194
 g 4921172
 h 4924136
 i 4922782
 j 4923424
 k 4924965
 l 4921798
 m 4924714
 n 4923356
 o 4924130
 p 4923067
 q 4923414
 r 4923847
 s 4922934
 t 4921513
 u 4921384
 v 4924699
 w 4926437
 x 4924902
 y 4921682
 z 4921135

Total characters:  128000000
 a 4919012
 b 4921795
 c 4926574
 d 4923347
 e 4922587
 f 4921194
 g 4921172
 h 4924136
 i 4922782
 j 4923424
 k 4924965
 l 4921798
 m 4924714
 n 4923356
 o 4924130
 p 4923067
 q 4923414
 r 4923847
 s 4922934
 t 4921513
 u 4921384
 v 4924699
 w 4926437
 x 4924902
 y 4921682
 z 4921135

Total characters:  128000000
 a 4919012
 b 4921795
 c 4926574
 d 4923347
 e 4922587
 f 4921194
 g 4921172
 h 4924136
 i 4922782
 j 4923424
 k 4924965
 l 4921798
 m 4924714
 n 4923356
 o 4924130
 p 4923067
 q 4923414
 r 4923847
 s 4922934
 t 4921513
 u 4921384
 v 4924699
 w 4926437
 x 4924902
 y 4921682
 z 4921135

Total characters:  128000000
 a 4919012
 b 4921795
 c 4926574
 d 4923347
 e 4922587
 f 4921194
 g 4921172
 h 4924136
 i 4922782
 j 4923424
 k 4924965
 l 4921798
 m 4924714
 n 4923356
 o 4924130
 p 4923067
 q 4923414
 r 4923847
 s 4922934
 t 4921513
 u 4921384
 v 4924699
 w 4926437
 x 4924902
 y 4921682
 z 4921135

Total characters:  128000000
 a 4919012
 b 4921795
 c 4926574
 d 4923347
 e 4922587
 f 4921194
 g 4921172
 h 4924136
 i 4922782
 j 4923424
 k 4924965
 l 4921798
 m 4924714
 n 4923356
 o 4924130
 p 4923067
 q 4923414
 r 4923847
 s 4922934
 t 4921513
 u 4921384
 v 4924699
 w 4926437
 x 4924902
 y 4921682
 z 4921135

Total characters:  128000000
 a 4919012
 b 4921795
 c 4926574
 d 4923347
 e 4922587
 f 4921194
 g 4921172
 h 4924136
 i 4922782
 j 4923424
 k 4924965
 l 4921798
 m 4924714
 n 4923356
 o 4924130
 p 4923067
 q 4923414
 r 4923847
 s 4922934
 t 4921513
 u 4921384
 v 4924699
 w 4926437
 x 4924902
 y 4921682
 z 4921135

Total characters:  128000000
 a 4919012
 b 4921795
 c 4926574
 d 4923347
 e 4922587
 f 4921194
 g 4921172
 h 4924136
 i 4922782
 j 4923424
 k 4924965
 l 4921798
 m 4924714
 n 4923356
 o 4924130
 p 4923067
 q 4923414
 r 4923847
 s 4922934
 t 4921513
 u 4921384
 v 4924699
 w 4926437
 x 4924902
 y 4921682
 z 4921135

Total characters:  128000000
 a 4919012
 b 4921795
 c 4926574
 d 4923347
 e 4922587
 f 4921194
 g 4921172
 h 4924136
 i 4922782
 j 4923424
 k 4924965
 l 4921798
 m 4924714
 n 4923356
 o 4924130
 p 4923067
 q 4923414
 r 4923847
 s 4922934
 t 4921513
 u 4921384
 v 4924699
 w 4926437
 x 4924902
 y 4921682
 z 4921135

Total characters:  128000000
 a 4919012
 b 4921795
 c 4926574
 d 4923347
 e 4922587
 f 4921194
 g 4921172
 h 4924136
 i 4922782
 j 4923424
 k 4924965
 l 4921798
 m 4924714
 n 4923356
 o 4924130
 p 4923067
 q 4923414
 r 4923847
 s 4922934
 t 4921513
 u 4921384
 v 4924699
 w 4926437
 x 4924902
 y 4921682
 z 4921135

Total characters:  128000000
 a 4919012
 b 4921795
 c 4926574
 d 4923347
 e 4922587
 f 4921194
 g 4921172
 h 4924136
 i 4922782
 j 4923424
 k 4924965
 l 4921798
 m 4924714
 n 4923356
 o 4924130
 p 4923067
 q 4923414
 r 4923847
 s 4922934
 t 4921513
 u 4921384
 v 4924699
 w 4926437
 x 4924902
 y 4921682
 z 4921135

Total characters:  128000000
 a 4919012
 b 4921795
 c 4926574
 d 4923347
 e 4922587
 f 4921194
 g 4921172
 h 4924136
 i 4922782
 j 4923424
 k 4924965
 l 4921798
 m 4924714
 n 4923356
 o 4924130
 p 4923067
 q 4923414
 r 4923847
 s 4922934
 t 4921513
 u 4921384
 v 4924699
 w 4926437
 x 4924902
 y 4921682
 z 4921135

Total characters:  128000000
 a 4919012
 b 4921795
 c 4926574
 d 4923347
 e 4922587
 f 4921194
 g 4921172
 h 4924136
 i 4922782
 j 4923424
 k 4924965
 l 4921798
 m 4924714
 n 4923356
 o 4924130
 p 4923067
 q 4923414
 r 4923847
 s 4922934
 t 4921513
 u 4921384
 v 4924699
 w 4926437
 x 4924902
 y 4921682
 z 4921135

Total characters:  128000000
 a 4919012
 b 4921795
 c 4926574
 d 4923347
 e 4922587
 f 4921194
 g 4921172
 h 4924136
 i 4922782
 j 4923424
 k 4924965
 l 4921798
 m 4924714
 n 4923356
 o 4924130
 p 4923067
 q 4923414
 r 4923847
 s 4922934
 t 4921513
 u 4921384
 v 4924699
 w 4926437
 x 4924902
 y 4921682
 z 4921135

Total characters:  128000000
 a 4919012
 b 4921795
 c 4926574
 d 4923347
 e 4922587
 f 4921194
 g 4921172
 h 4924136
 i 4922782
 j 4923424
 k 4924965
 l 4921798
 m 4924714
 n 4923356
 o 4924130
 p 4923067
 q 4923414
 r 4923847
 s 4922934
 t 4921513
 u 4921384
 v 4924699
 w 4926437
 x 4924902
 y 4921682
 z 4921135

Total characters:  128000000
 a 4919012
 b 4921795
 c 4926574
 d 4923347
 e 4922587
 f 4921194
 g 4921172
 h 4924136
 i 4922782
 j 4923424
 k 4924965
 l 4921798
 m 4924714
 n 4923356
 o 4924130
 p 4923067
 q 4923414
 r 4923847
 s 4922934
 t 4921513
 u 4921384
 v 4924699
 w 4926437
 x 4924902
 y 4921682
 z 4921135

Total characters:  128000000
 a 4919012
 b 4921795
 c 4926574
 d 4923347
 e 4922587
 f 4921194
 g 4921172
 h 4924136
 i 4922782
 j 4923424
 k 4924965
 l 4921798
 m 4924714
 n 4923356
 o 4924130
 p 4923067
 q 4923414
 r 4923847
 s 4922934
 t 4921513
 u 4921384
 v 4924699
 w 4926437
 x 4924902
 y 4921682
 z 4921135

Total characters:  128000000
 a 4919012
 b 4921795
 c 4926574
 d 4923347
 e 4922587
 f 4921194
 g 4921172
 h 4924136
 i 4922782
 j 4923424
 k 4924965
 l 4921798
 m 4924714
 n 4923356
 o 4924130
 p 4923067
 q 4923414
 r 4923847
 s 4922934
 t 4921513
 u 4921384
 v 4924699
 w 4926437
 x 4924902
 y 4921682
 z 4921135

Total characters:  128000000
 a 4919012
 b 4921795
 c 4926574
 d 4923347
 e 4922587
 f 4921194
 g 4921172
 h 4924136
 i 4922782
 j 4923424
 k 4924965
 l 4921798
 m 4924714
 n 4923356
 o 4924130
 p 4923067
 q 4923414
 r 4923847
 s 4922934
 t 4921513
 u 4921384
 v 4924699
 w 4926437
 x 4924902
 y 4921682
 z 4921135

Total characters:  128000000
 a 4919012
 b 4921795
 c 4926574
 d 4923347
 e 4922587
 f 4921194
 g 4921172
 h 4924136
 i 4922782
 j 4923424
 k 4924965
 l 4921798
 m 4924714
 n 4923356
 o 4924130
 p 4923067
 q 4923414
 r 4923847
 s 4922934
 t 4921513
 u 4921384
 v 4924699
 w 4926437
 x 4924902
 y 4921682
 z 4921135

Total characters:  128000000
 a 4919012
 b 4921795
 c 4926574
 d 4923347
 e 4922587
 f 4921194
 g 4921172
 h 4924136
 i 4922782
 j 4923424
 k 4924965
 l 4921798
 m 4924714
 n 4923356
 o 4924130
 p 4923067
 q 4923414
 r 4923847
 s 4922934
 t 4921513
 u 4921384
 v 4924699
 w 4926437
 x 4924902
 y 4921682
 z 4921135

Total characters:  128000000
 a 4919012
 b 4921795
 c 4926574
 d 4923347
 e 4922587
 f 4921194
 g 4921172
 h 4924136
 i 4922782
 j 4923424
 k 4924965
 l 4921798
 m 4924714
 n 4923356
 o 4924130
 p 4923067
 q 4923414
 r 4923847
 s 4922934
 t 4921513
 u 4921384
 v 4924699
 w 4926437
 x 4924902
 y 4921682
 z 4921135

Total characters:  128000000
 a 4919012
 b 4921795
 c 4926574
 d 4923347
 e 4922587
 f 4921194
 g 4921172
 h 4924136
 i 4922782
 j 4923424
 k 4924965
 l 4921798
 m 4924714
 n 4923356
 o 4924130
 p 4923067
 q 4923414
 r 4923847
 s 4922934
 t 4921513
 u 4921384
 v 4924699
 w 4926437
 x 4924902
 y 4921682
 z 4921135

Total characters:  128000000
 a 4919012
 b 4921795
 c 4926574
 d 4923347
 e 4922587
 f 4921194
 g 4921172
 h 4924136
 i 4922782
 j 4923424
 k 4924965
 l 4921798
 m 4924714
 n 4923356
 o 4924130
 p 4923067
 q 4923414
 r 4923847
 s 4922934
 t 4921513
 u 4921384
 v 4924699
 w 4926437
 x 4924902
 y 4921682
 z 4921135

Total characters:  128000000
 a 4919012
 b 4921795
 c 4926574
 d 4923347
 e 4922587
 f 4921194
 g 4921172
 h 4924136
 i 4922782
 j 4923424
 k 4924965
 l 4921798
 m 4924714
 n 4923356
 o 4924130
 p 4923067
 q 4923414
 r 4923847
 s 4922934
 t 4921513
 u 4921384
 v 4924699
 w 4926437
 x 4924902
 y 4921682
 z 4921135

Total characters:  128000000
 a 4919012
 b 4921795
 c 4926574
 d 4923347
 e 4922587
 f 4921194
 g 4921172
 h 4924136
 i 4922782
 j 4923424
 k 4924965
 l 4921798
 m 4924714
 n 4923356
 o 4924130
 p 4923067
 q 4923414
 r 4923847
 s 4922934
 t 4921513
 u 4921384
 v 4924699
 w 4926437
 x 4924902
 y 4921682
 z 4921135

Total characters:  128000000
 a 4919012
 b 4921795
 c 4926574
 d 4923347
 e 4922587
 f 4921194
 g 4921172
 h 4924136
 i 4922782
 j 4923424
 k 4924965
 l 4921798
 m 4924714
 n 4923356
 o 4924130
 p 4923067
 q 4923414
 r 4923847
 s 4922934
 t 4921513
 u 4921384
 v 4924699
 w 4926437
 x 4924902
 y 4921682
 z 4921135

Total characters:  128000000
 a 4919012
 b 4921795
 c 4926574
 d 4923347
 e 4922587
 f 4921194
 g 4921172
 h 4924136
 i 4922782
 j 4923424
 k 4924965
 l 4921798
 m 4924714
 n 4923356
 o 4924130
 p 4923067
 q 4923414
 r 4923847
 s 4922934
 t 4921513
 u 4921384
 v 4924699
 w 4926437
 x 4924902
 y 4921682
 z 4921135

Total characters:  128000000
 a 4919012
 b 4921795
 c 4926574
 d 4923347
 e 4922587
 f 4921194
 g 4921172
 h 4924136
 i 4922782
 j 4923424
 k 4924965
 l 4921798
 m 4924714
 n 4923356
 o 4924130
 p 4923067
 q 4923414
 r 4923847
 s 4922934
 t 4921513
 u 4921384
 v 4924699
 w 4926437
 x 4924902
 y 4921682
 z 4921135

Total characters:  128000000
 a 4919012
 b 4921795
 c 4926574
 d 4923347
 e 4922587
 f 4921194
 g 4921172
 h 4924136
 i 4922782
 j 4923424
 k 4924965
 l 4921798
 m 4924714
 n 4923356
 o 4924130
 p 4923067
 q 4923414
 r 4923847
 s 4922934
 t 4921513
 u 4921384
 v 4924699
 w 4926437
 x 4924902
 y 4921682
 z 4921135

Total characters:  128000000
 a 4919012
 b 4921795
 c 4926574
 d 4923347
 e 4922587
 f 4921194
 g 4921172
 h 4924136
 i 4922782
 j 4923424
 k 4924965
 l 4921798
 m 4924714
 n 4923356
 o 4924130
 p 4923067
 q 4923414
 r 4923847
 s 4922934
 t 4921513
 u 4921384
 v 4924699
 w 4926437
 x 4924902
 y 4921682
 z 4921135

Total characters:  128000000
 a 4919012
 b 4921795
 c 4926574
 d 4923347
 e 4922587
 f 4921194
 g 4921172
 h 4924136
 i 4922782
 j 4923424
 k 4924965
 l 4921798
 m 4924714
 n 4923356
 o 4924130
 p 4923067
 q 4923414
 r 4923847
 s 4922934
 t 4921513
 u 4921384
 v 4924699
 w 4926437
 x 4924902
 y 4921682
 z 4921135

Total characters:  128000000
 a 4919012
 b 4921795
 c 4926574
 d 4923347
 e 4922587
 f 4921194
 g 4921172
 h 4924136
 i 4922782
 j 4923424
 k 4924965
 l 4921798
 m 4924714
 n 4923356
 o 4924130
 p 4923067
 q 4923414
 r 4923847
 s 4922934
 t 4921513
 u 4921384
 v 4924699
 w 4926437
 x 4924902
 y 4921682
 z 4921135

Total characters:  128000000
 a 4919012
 b 4921795
 c 4926574
 d 4923347
 e 4922587
 f 4921194
 g 4921172
 h 4924136
 i 4922782
 j 4923424
 k 4924965
 l 4921798
 m 4924714
 n 4923356
 o 4924130
 p 4923067
 q 4923414
 r 4923847
 s 4922934
 t 4921513
 u 4921384
 v 4924699
 w 4926437
 x 4924902
 y 4921682
 z 4921135

Total characters:  128000000
 a 4919012
 b 4921795
 c 4926574
 d 4923347
 e 4922587
 f 4921194
 g 4921172
 h 4924136
 i 4922782
 j 4923424
 k 4924965
 l 4921798
 m 4924714
 n 4923356
 o 4924130
 p 4923067
 q 4923414
 r 4923847
 s 4922934
 t 4921513
 u 4921384
 v 4924699
 w 4926437
 x 4924902
 y 4921682
 z 4921135

Total characters:  128000000
 a 4919012
 b 4921795
 c 4926574
 d 4923347
 e 4922587
 f 4921194
 g 4921172
 h 4924136
 i 4922782
 j 4923424
 k 4924965
 l 4921798
 m 4924714
 n 4923356
 o 4924130
 p 4923067
 q 4923414
 r 4923847
 s 4922934
 t 4921513
 u 4921384
 v 4924699
 w 4926437
 x 4924902
 y 4921682
 z 4921135

Total characters:  128000000
 a 4919012
 b 4921795
 c 4926574
 d 4923347
 e 4922587
 f 4921194
 g 4921172
 h 4924136
 i 4922782
 j 4923424
 k 4924965
 l 4921798
 m 4924714
 n 4923356
 o 4924130
 p 4923067
 q 4923414
 r 4923847
 s 4922934
 t 4921513
 u 4921384
 v 4924699
 w 4926437
 x 4924902
 y 4921682
 z 4921135

Total characters:  128000000
 a 4919012
 b 4921795
 c 4926574
 d 4923347
 e 4922587
 f 4921194
 g 4921172
 h 4924136
 i 4922782
 j 4923424
 k 4924965
 l 4921798
 m 4924714
 n 4923356
 o 4924130
 p 4923067
 q 4923414
 r 4923847
 s 4922934
 t 4921513
 u 4921384
 v 4924699
 w 4926437
 x 4924902
 y 4921682
 z 4921135

Total characters:  128000000
 a 4919012
 b 4921795
 c 4926574
 d 4923347
 e 4922587
 f 4921194
 g 4921172
 h 4924136
 i 4922782
 j 4923424
 k 4924965
 l 4921798
 m 4924714
 n 4923356
 o 4924130
 p 4923067
 q 4923414
 r 4923847
 s 4922934
 t 4921513
 u 4921384
 v 4924699
 w 4926437
 x 4924902
 y 4921682
 z 4921135

Total characters:  128000000
 a 4919012
 b 4921795
 c 4926574
 d 4923347
 e 4922587
 f 4921194
 g 4921172
 h 4924136
 i 4922782
 j 4923424
 k 4924965
 l 4921798
 m 4924714
 n 4923356
 o 4924130
 p 4923067
 q 4923414
 r 4923847
 s 4922934
 t 4921513
 u 4921384
 v 4924699
 w 4926437
 x 4924902
 y 4921682
 z 4921135

Total characters:  128000000
 a 4919012
 b 4921795
 c 4926574
 d 4923347
 e 4922587
 f 4921194
 g 4921172
 h 4924136
 i 4922782
 j 4923424
 k 4924965
 l 4921798
 m 4924714
 n 4923356
 o 4924130
 p 4923067
 q 4923414
 r 4923847
 s 4922934
 t 4921513
 u 4921384
 v 4924699
 w 4926437
 x 4924902
 y 4921682
 z 4921135

Total characters:  128000000
srun: error: elf27: tasks 48,50-63: Exited with exit code 30
srun: error: elf20: tasks 16-26,28-31: Exited with exit code 30
srun: error: elf32: tasks 64-79: Exited with exit code 30
srun: error: elf09: tasks 0-12,14-15: Exited with exit code 30
srun: error: elf25: tasks 32-47: Exited with exit code 30
srun: error: elf35: tasks 80-94: Exited with exit code 30
 a 4919012
 b 4921795
 c 4926574
 d 4923347
 e 4922587
 f 4921194
 g 4921172
 h 4924136
 i 4922782
 j 4923424
 k 4924965
 l 4921798
 m 4924714
 n 4923356
 o 4924130
 p 4923067
 q 4923414
 r 4923847
 s 4922934
 t 4921513
 u 4921384
 v 4924699
 w 4926437
 x 4924902
 y 4921682
 z 4921135

Total characters:  128000000
srun: error: elf27: task 49: Exited with exit code 30
 a 4919012
 b 4921795
 c 4926574
 d 4923347
 e 4922587
 f 4921194
 g 4921172
 h 4924136
 i 4922782
 j 4923424
 k 4924965
 l 4921798
 m 4924714
 n 4923356
 o 4924130
 p 4923067
 q 4923414
 r 4923847
 s 4922934
 t 4921513
 u 4921384
 v 4924699
 w 4926437
 x 4924902
 y 4921682
 z 4921135

Total characters:  128000000
srun: error: elf20: task 27: Exited with exit code 30
 a 4919012
 b 4921795
 c 4926574
 d 4923347
 e 4922587
 f 4921194
 g 4921172
 h 4924136
 i 4922782
 j 4923424
 k 4924965
 l 4921798
 m 4924714
 n 4923356
 o 4924130
 p 4923067
 q 4923414
 r 4923847
 s 4922934
 t 4921513
 u 4921384
 v 4924699
 w 4926437
 x 4924902
 y 4921682
 z 4921135

Total characters:  128000000
srun: error: elf35: task 95: Exited with exit code 30
srun: error: elf09: task 13: Exited with exit code 30
 a 6150275
 b 6151694
 c 6157905
 d 6156670
 e 6151843
 f 6152513
 g 6153292
 h 6155462
 i 6155217
 j 6153262
 k 6154942
 l 6152156
 m 6153843
 n 6155212
 o 6154673
 p 6154663
 q 6153521
 r 6155682
 s 6153588
 t 6151459
 u 6150252
 v 6155762
 w 6158089
 x 6155051
 y 6151118
 z 6151856

Total characters:  160000000
DATA, 10000000, 100, elf36, 3298.079000
 a 6150275
 b 6151694
 c 6157905
 d 6156670
 e 6151843
 f 6152513
 g 6153292
 h 6155462
 i 6155217
 j 6153262
 k 6154942
 l 6152156
 m 6153843
 n 6155212
 o 6154673
 p 6154663
 q 6153521
 r 6155682
 s 6153588
 t 6151459
 u 6150252
 v 6155762
 w 6158089
 x 6155051
 y 6151118
 z 6151856

Total characters:  160000000
DATA, 10000000, 100, elf36, 3306.704000
 a 6150275
 b 6151694
 c 6157905
 d 6156670
 e 6151843
 f 6152513
 g 6153292
 h 6155462
 i 6155217
 j 6153262
 k 6154942
 l 6152156
 m 6153843
 n 6155212
 o 6154673
 p 6154663
 q 6153521
 r 6155682
 s 6153588
 t 6151459
 u 6150252
 v 6155762
 w 6158089
 x 6155051
 y 6151118
 z 6151856

Total characters:  160000000
DATA, 10000000, 100, elf36, 3302.217000
 a 6150275
 b 6151694
 c 6157905
 d 6156670
 e 6151843
 f 6152513
 g 6153292
 h 6155462
 i 6155217
 j 6153262
 k 6154942
 l 6152156
 m 6153843
 n 6155212
 o 6154673
 p 6154663
 q 6153521
 r 6155682
 s 6153588
 t 6151459
 u 6150252
 v 6155762
 w 6158089
 x 6155051
 y 6151118
 z 6151856

Total characters:  160000000
DATA, 10000000, 100, elf36, 3319.134000
 a 6150275
 b 6151694
 c 6157905
 d 6156670
 e 6151843
 f 6152513
 g 6153292
 h 6155462
 i 6155217
 j 6153262
 k 6154942
 l 6152156
 m 6153843
 n 6155212
 o 6154673
 p 6154663
 q 6153521
 r 6155682
 s 6153588
 t 6151459
 u 6150252
 v 6155762
 w 6158089
 x 6155051
 y 6151118
 z 6151856

Total characters:  160000000
DATA, 10000000, 100, elf20, 3383.043000
 a 6150275
 b 6151694
 c 6157905
 d 6156670
 e 6151843
 f 6152513
 g 6153292
 h 6155462
 i 6155217
 j 6153262
 k 6154942
 l 6152156
 m 6153843
 n 6155212
 o 6154673
 p 6154663
 q 6153521
 r 6155682
 s 6153588
 t 6151459
 u 6150252
 v 6155762
 w 6158089
 x 6155051
 y 6151118
 z 6151856

Total characters:  160000000
DATA, 10000000, 100, elf35, 3384.974000
 a 6150275
 b 6151694
 c 6157905
 d 6156670
 e 6151843
 f 6152513
 g 6153292
 h 6155462
 i 6155217
 j 6153262
 k 6154942
 l 6152156
 m 6153843
 n 6155212
 o 6154673
 p 6154663
 q 6153521
 r 6155682
 s 6153588
 t 6151459
 u 6150252
 v 6155762
 w 6158089
 x 6155051
 y 6151118
 z 6151856

Total characters:  160000000
DATA, 10000000, 100, elf27, 3389.880000
 a 6150275
 b 6151694
 c 6157905
 d 6156670
 e 6151843
 f 6152513
 g 6153292
 h 6155462
 i 6155217
 j 6153262
 k 6154942
 l 6152156
 m 6153843
 n 6155212
 o 6154673
 p 6154663
 q 6153521
 r 6155682
 s 6153588
 t 6151459
 u 6150252
 v 6155762
 w 6158089
 x 6155051
 y 6151118
 z 6151856

Total characters:  160000000
DATA, 10000000, 100, elf32, 3390.461000
 a 6150275
 b 6151694
 c 6157905
 d 6156670
 e 6151843
 f 6152513
 g 6153292
 h 6155462
 i 6155217
 j 6153262
 k 6154942
 l 6152156
 m 6153843
 n 6155212
 o 6154673
 p 6154663
 q 6153521
 r 6155682
 s 6153588
 t 6151459
 u 6150252
 v 6155762
 w 6158089
 x 6155051
 y 6151118
 z 6151856

Total characters:  160000000
DATA, 10000000, 100, elf09, 3388.100000
 a 6150275
 b 6151694
 c 6157905
 d 6156670
 e 6151843
 f 6152513
 g 6153292
 h 6155462
 i 6155217
 j 6153262
 k 6154942
 l 6152156
 m 6153843
 n 6155212
 o 6154673
 p 6154663
 q 6153521
 r 6155682
 s 6153588
 t 6151459
 u 6150252
 v 6155762
 w 6158089
 x 6155051
 y 6151118
 z 6151856

Total characters:  160000000
DATA, 10000000, 100, elf25, 3397.383000
 a 6150275
 b 6151694
 c 6157905
 d 6156670
 e 6151843
 f 6152513
 g 6153292
 h 6155462
 i 6155217
 j 6153262
 k 6154942
 l 6152156
 m 6153843
 n 6155212
 o 6154673
 p 6154663
 q 6153521
 r 6155682
 s 6153588
 t 6151459
 u 6150252
 v 6155762
 w 6158089
 x 6155051
 y 6151118
 z 6151856

Total characters:  160000000
DATA, 10000000, 100, elf20, 3383.997000
 a 6150275
 b 6151694
 c 6157905
 d 6156670
 e 6151843
 f 6152513
 g 6153292
 h 6155462
 i 6155217
 j 6153262
 k 6154942
 l 6152156
 m 6153843
 n 6155212
 o 6154673
 p 6154663
 q 6153521
 r 6155682
 s 6153588
 t 6151459
 u 6150252
 v 6155762
 w 6158089
 x 6155051
 y 6151118
 z 6151856

Total characters:  160000000
DATA, 10000000, 100, elf35, 3382.790000
 a 6150275
 b 6151694
 c 6157905
 d 6156670
 e 6151843
 f 6152513
 g 6153292
 h 6155462
 i 6155217
 j 6153262
 k 6154942
 l 6152156
 m 6153843
 n 6155212
 o 6154673
 p 6154663
 q 6153521
 r 6155682
 s 6153588
 t 6151459
 u 6150252
 v 6155762
 w 6158089
 x 6155051
 y 6151118
 z 6151856

Total characters:  160000000
DATA, 10000000, 100, elf20, 3384.265000
 a 6150275
 b 6151694
 c 6157905
 d 6156670
 e 6151843
 f 6152513
 g 6153292
 h 6155462
 i 6155217
 j 6153262
 k 6154942
 l 6152156
 m 6153843
 n 6155212
 o 6154673
 p 6154663
 q 6153521
 r 6155682
 s 6153588
 t 6151459
 u 6150252
 v 6155762
 w 6158089
 x 6155051
 y 6151118
 z 6151856

Total characters:  160000000
DATA, 10000000, 100, elf35, 3385.907000
 a 6150275
 b 6151694
 c 6157905
 d 6156670
 e 6151843
 f 6152513
 g 6153292
 h 6155462
 i 6155217
 j 6153262
 k 6154942
 l 6152156
 m 6153843
 n 6155212
 o 6154673
 p 6154663
 q 6153521
 r 6155682
 s 6153588
 t 6151459
 u 6150252
 v 6155762
 w 6158089
 x 6155051
 y 6151118
 z 6151856

Total characters:  160000000
DATA, 10000000, 100, elf20, 3377.342000
 a 6150275
 b 6151694
 c 6157905
 d 6156670
 e 6151843
 f 6152513
 g 6153292
 h 6155462
 i 6155217
 j 6153262
 k 6154942
 l 6152156
 m 6153843
 n 6155212
 o 6154673
 p 6154663
 q 6153521
 r 6155682
 s 6153588
 t 6151459
 u 6150252
 v 6155762
 w 6158089
 x 6155051
 y 6151118
 z 6151856

Total characters:  160000000
DATA, 10000000, 100, elf35, 3389.256000
 a 6150275
 b 6151694
 c 6157905
 d 6156670
 e 6151843
 f 6152513
 g 6153292
 h 6155462
 i 6155217
 j 6153262
 k 6154942
 l 6152156
 m 6153843
 n 6155212
 o 6154673
 p 6154663
 q 6153521
 r 6155682
 s 6153588
 t 6151459
 u 6150252
 v 6155762
 w 6158089
 x 6155051
 y 6151118
 z 6151856

Total characters:  160000000
DATA, 10000000, 100, elf20, 3378.975000
 a 6150275
 b 6151694
 c 6157905
 d 6156670
 e 6151843
 f 6152513
 g 6153292
 h 6155462
 i 6155217
 j 6153262
 k 6154942
 l 6152156
 m 6153843
 n 6155212
 o 6154673
 p 6154663
 q 6153521
 r 6155682
 s 6153588
 t 6151459
 u 6150252
 v 6155762
 w 6158089
 x 6155051
 y 6151118
 z 6151856

Total characters:  160000000
DATA, 10000000, 100, elf35, 3391.648000
 a 6150275
 b 6151694
 c 6157905
 d 6156670
 e 6151843
 f 6152513
 g 6153292
 h 6155462
 i 6155217
 j 6153262
 k 6154942
 l 6152156
 m 6153843
 n 6155212
 o 6154673
 p 6154663
 q 6153521
 r 6155682
 s 6153588
 t 6151459
 u 6150252
 v 6155762
 w 6158089
 x 6155051
 y 6151118
 z 6151856

Total characters:  160000000
DATA, 10000000, 100, elf20, 3381.255000
 a 6150275
 b 6151694
 c 6157905
 d 6156670
 e 6151843
 f 6152513
 g 6153292
 h 6155462
 i 6155217
 j 6153262
 k 6154942
 l 6152156
 m 6153843
 n 6155212
 o 6154673
 p 6154663
 q 6153521
 r 6155682
 s 6153588
 t 6151459
 u 6150252
 v 6155762
 w 6158089
 x 6155051
 y 6151118
 z 6151856

Total characters:  160000000
DATA, 10000000, 100, elf35, 3390.326000
 a 6150275
 b 6151694
 c 6157905
 d 6156670
 e 6151843
 f 6152513
 g 6153292
 h 6155462
 i 6155217
 j 6153262
 k 6154942
 l 6152156
 m 6153843
 n 6155212
 o 6154673
 p 6154663
 q 6153521
 r 6155682
 s 6153588
 t 6151459
 u 6150252
 v 6155762
 w 6158089
 x 6155051
 y 6151118
 z 6151856

Total characters:  160000000
DATA, 10000000, 100, elf20, 3379.533000
 a 6150275
 b 6151694
 c 6157905
 d 6156670
 e 6151843
 f 6152513
 g 6153292
 h 6155462
 i 6155217
 j 6153262
 k 6154942
 l 6152156
 m 6153843
 n 6155212
 o 6154673
 p 6154663
 q 6153521
 r 6155682
 s 6153588
 t 6151459
 u 6150252
 v 6155762
 w 6158089
 x 6155051
 y 6151118
 z 6151856

Total characters:  160000000
DATA, 10000000, 100, elf35, 3396.170000
 a 6150275
 b 6151694
 c 6157905
 d 6156670
 e 6151843
 f 6152513
 g 6153292
 h 6155462
 i 6155217
 j 6153262
 k 6154942
 l 6152156
 m 6153843
 n 6155212
 o 6154673
 p 6154663
 q 6153521
 r 6155682
 s 6153588
 t 6151459
 u 6150252
 v 6155762
 w 6158089
 x 6155051
 y 6151118
 z 6151856

Total characters:  160000000
DATA, 10000000, 100, elf20, 3391.748000
 a 6150275
 b 6151694
 c 6157905
 d 6156670
 e 6151843
 f 6152513
 g 6153292
 h 6155462
 i 6155217
 j 6153262
 k 6154942
 l 6152156
 m 6153843
 n 6155212
 o 6154673
 p 6154663
 q 6153521
 r 6155682
 s 6153588
 t 6151459
 u 6150252
 v 6155762
 w 6158089
 x 6155051
 y 6151118
 z 6151856

Total characters:  160000000
DATA, 10000000, 100, elf35, 3387.423000
 a 6150275
 b 6151694
 c 6157905
 d 6156670
 e 6151843
 f 6152513
 g 6153292
 h 6155462
 i 6155217
 j 6153262
 k 6154942
 l 6152156
 m 6153843
 n 6155212
 o 6154673
 p 6154663
 q 6153521
 r 6155682
 s 6153588
 t 6151459
 u 6150252
 v 6155762
 w 6158089
 x 6155051
 y 6151118
 z 6151856

Total characters:  160000000
DATA, 10000000, 100, elf20, 3382.047000
 a 6150275
 b 6151694
 c 6157905
 d 6156670
 e 6151843
 f 6152513
 g 6153292
 h 6155462
 i 6155217
 j 6153262
 k 6154942
 l 6152156
 m 6153843
 n 6155212
 o 6154673
 p 6154663
 q 6153521
 r 6155682
 s 6153588
 t 6151459
 u 6150252
 v 6155762
 w 6158089
 x 6155051
 y 6151118
 z 6151856

Total characters:  160000000
DATA, 10000000, 100, elf35, 3389.039000
 a 6150275
 b 6151694
 c 6157905
 d 6156670
 e 6151843
 f 6152513
 g 6153292
 h 6155462
 i 6155217
 j 6153262
 k 6154942
 l 6152156
 m 6153843
 n 6155212
 o 6154673
 p 6154663
 q 6153521
 r 6155682
 s 6153588
 t 6151459
 u 6150252
 v 6155762
 w 6158089
 x 6155051
 y 6151118
 z 6151856

Total characters:  160000000
DATA, 10000000, 100, elf20, 3383.277000
 a 6150275
 b 6151694
 c 6157905
 d 6156670
 e 6151843
 f 6152513
 g 6153292
 h 6155462
 i 6155217
 j 6153262
 k 6154942
 l 6152156
 m 6153843
 n 6155212
 o 6154673
 p 6154663
 q 6153521
 r 6155682
 s 6153588
 t 6151459
 u 6150252
 v 6155762
 w 6158089
 x 6155051
 y 6151118
 z 6151856

Total characters:  160000000
DATA, 10000000, 100, elf20, 3382.224000
 a 6150275
 b 6151694
 c 6157905
 d 6156670
 e 6151843
 f 6152513
 g 6153292
 h 6155462
 i 6155217
 j 6153262
 k 6154942
 l 6152156
 m 6153843
 n 6155212
 o 6154673
 p 6154663
 q 6153521
 r 6155682
 s 6153588
 t 6151459
 u 6150252
 v 6155762
 w 6158089
 x 6155051
 y 6151118
 z 6151856

Total characters:  160000000
DATA, 10000000, 100, elf20, 3394.015000
 a 6150275
 b 6151694
 c 6157905
 d 6156670
 e 6151843
 f 6152513
 g 6153292
 h 6155462
 i 6155217
 j 6153262
 k 6154942
 l 6152156
 m 6153843
 n 6155212
 o 6154673
 p 6154663
 q 6153521
 r 6155682
 s 6153588
 t 6151459
 u 6150252
 v 6155762
 w 6158089
 x 6155051
 y 6151118
 z 6151856

Total characters:  160000000
DATA, 10000000, 100, elf20, 3389.857000
 a 6150275
 b 6151694
 c 6157905
 d 6156670
 e 6151843
 f 6152513
 g 6153292
 h 6155462
 i 6155217
 j 6153262
 k 6154942
 l 6152156
 m 6153843
 n 6155212
 o 6154673
 p 6154663
 q 6153521
 r 6155682
 s 6153588
 t 6151459
 u 6150252
 v 6155762
 w 6158089
 x 6155051
 y 6151118
 z 6151856

Total characters:  160000000
DATA, 10000000, 100, elf09, 3395.463000
 a 6150275
 b 6151694
 c 6157905
 d 6156670
 e 6151843
 f 6152513
 g 6153292
 h 6155462
 i 6155217
 j 6153262
 k 6154942
 l 6152156
 m 6153843
 n 6155212
 o 6154673
 p 6154663
 q 6153521
 r 6155682
 s 6153588
 t 6151459
 u 6150252
 v 6155762
 w 6158089
 x 6155051
 y 6151118
 z 6151856

Total characters:  160000000
DATA, 10000000, 100, elf35, 3390.780000
 a 6150275
 b 6151694
 c 6157905
 d 6156670
 e 6151843
 f 6152513
 g 6153292
 h 6155462
 i 6155217
 j 6153262
 k 6154942
 l 6152156
 m 6153843
 n 6155212
 o 6154673
 p 6154663
 q 6153521
 r 6155682
 s 6153588
 t 6151459
 u 6150252
 v 6155762
 w 6158089
 x 6155051
 y 6151118
 z 6151856

Total characters:  160000000
DATA, 10000000, 100, elf09, 3389.264000
 a 6150275
 b 6151694
 c 6157905
 d 6156670
 e 6151843
 f 6152513
 g 6153292
 h 6155462
 i 6155217
 j 6153262
 k 6154942
 l 6152156
 m 6153843
 n 6155212
 o 6154673
 p 6154663
 q 6153521
 r 6155682
 s 6153588
 t 6151459
 u 6150252
 v 6155762
 w 6158089
 x 6155051
 y 6151118
 z 6151856

Total characters:  160000000
DATA, 10000000, 100, elf09, 3389.525000
 a 6150275
 b 6151694
 c 6157905
 d 6156670
 e 6151843
 f 6152513
 g 6153292
 h 6155462
 i 6155217
 j 6153262
 k 6154942
 l 6152156
 m 6153843
 n 6155212
 o 6154673
 p 6154663
 q 6153521
 r 6155682
 s 6153588
 t 6151459
 u 6150252
 v 6155762
 w 6158089
 x 6155051
 y 6151118
 z 6151856

Total characters:  160000000
DATA, 10000000, 100, elf09, 3391.181000
 a 6150275
 b 6151694
 c 6157905
 d 6156670
 e 6151843
 f 6152513
 g 6153292
 h 6155462
 i 6155217
 j 6153262
 k 6154942
 l 6152156
 m 6153843
 n 6155212
 o 6154673
 p 6154663
 q 6153521
 r 6155682
 s 6153588
 t 6151459
 u 6150252
 v 6155762
 w 6158089
 x 6155051
 y 6151118
 z 6151856

Total characters:  160000000
DATA, 10000000, 100, elf09, 3392.566000
 a 6150275
 b 6151694
 c 6157905
 d 6156670
 e 6151843
 f 6152513
 g 6153292
 h 6155462
 i 6155217
 j 6153262
 k 6154942
 l 6152156
 m 6153843
 n 6155212
 o 6154673
 p 6154663
 q 6153521
 r 6155682
 s 6153588
 t 6151459
 u 6150252
 v 6155762
 w 6158089
 x 6155051
 y 6151118
 z 6151856

Total characters:  160000000
DATA, 10000000, 100, elf09, 3395.878000
 a 6150275
 b 6151694
 c 6157905
 d 6156670
 e 6151843
 f 6152513
 g 6153292
 h 6155462
 i 6155217
 j 6153262
 k 6154942
 l 6152156
 m 6153843
 n 6155212
 o 6154673
 p 6154663
 q 6153521
 r 6155682
 s 6153588
 t 6151459
 u 6150252
 v 6155762
 w 6158089
 x 6155051
 y 6151118
 z 6151856

Total characters:  160000000
DATA, 10000000, 100, elf09, 3397.932000
 a 6150275
 b 6151694
 c 6157905
 d 6156670
 e 6151843
 f 6152513
 g 6153292
 h 6155462
 i 6155217
 j 6153262
 k 6154942
 l 6152156
 m 6153843
 n 6155212
 o 6154673
 p 6154663
 q 6153521
 r 6155682
 s 6153588
 t 6151459
 u 6150252
 v 6155762
 w 6158089
 x 6155051
 y 6151118
 z 6151856

Total characters:  160000000
DATA, 10000000, 100, elf09, 3398.167000
 a 6150275
 b 6151694
 c 6157905
 d 6156670
 e 6151843
 f 6152513
 g 6153292
 h 6155462
 i 6155217
 j 6153262
 k 6154942
 l 6152156
 m 6153843
 n 6155212
 o 6154673
 p 6154663
 q 6153521
 r 6155682
 s 6153588
 t 6151459
 u 6150252
 v 6155762
 w 6158089
 x 6155051
 y 6151118
 z 6151856

Total characters:  160000000
DATA, 10000000, 100, elf09, 3399.841000
 a 6150275
 b 6151694
 c 6157905
 d 6156670
 e 6151843
 f 6152513
 g 6153292
 h 6155462
 i 6155217
 j 6153262
 k 6154942
 l 6152156
 m 6153843
 n 6155212
 o 6154673
 p 6154663
 q 6153521
 r 6155682
 s 6153588
 t 6151459
 u 6150252
 v 6155762
 w 6158089
 x 6155051
 y 6151118
 z 6151856

Total characters:  160000000
DATA, 10000000, 100, elf09, 3399.777000
 a 6150275
 b 6151694
 c 6157905
 d 6156670
 e 6151843
 f 6152513
 g 6153292
 h 6155462
 i 6155217
 j 6153262
 k 6154942
 l 6152156
 m 6153843
 n 6155212
 o 6154673
 p 6154663
 q 6153521
 r 6155682
 s 6153588
 t 6151459
 u 6150252
 v 6155762
 w 6158089
 x 6155051
 y 6151118
 z 6151856

Total characters:  160000000
DATA, 10000000, 100, elf09, 3400.602000
 a 6150275
 b 6151694
 c 6157905
 d 6156670
 e 6151843
 f 6152513
 g 6153292
 h 6155462
 i 6155217
 j 6153262
 k 6154942
 l 6152156
 m 6153843
 n 6155212
 o 6154673
 p 6154663
 q 6153521
 r 6155682
 s 6153588
 t 6151459
 u 6150252
 v 6155762
 w 6158089
 x 6155051
 y 6151118
 z 6151856

Total characters:  160000000
DATA, 10000000, 100, elf09, 3405.219000
 a 6150275
 b 6151694
 c 6157905
 d 6156670
 e 6151843
 f 6152513
 g 6153292
 h 6155462
 i 6155217
 j 6153262
 k 6154942
 l 6152156
 m 6153843
 n 6155212
 o 6154673
 p 6154663
 q 6153521
 r 6155682
 s 6153588
 t 6151459
 u 6150252
 v 6155762
 w 6158089
 x 6155051
 y 6151118
 z 6151856

Total characters:  160000000
DATA, 10000000, 100, elf27, 3385.963000
 a 6150275
 b 6151694
 c 6157905
 d 6156670
 e 6151843
 f 6152513
 g 6153292
 h 6155462
 i 6155217
 j 6153262
 k 6154942
 l 6152156
 m 6153843
 n 6155212
 o 6154673
 p 6154663
 q 6153521
 r 6155682
 s 6153588
 t 6151459
 u 6150252
 v 6155762
 w 6158089
 x 6155051
 y 6151118
 z 6151856

Total characters:  160000000
DATA, 10000000, 100, elf32, 3390.489000
 a 6150275
 b 6151694
 c 6157905
 d 6156670
 e 6151843
 f 6152513
 g 6153292
 h 6155462
 i 6155217
 j 6153262
 k 6154942
 l 6152156
 m 6153843
 n 6155212
 o 6154673
 p 6154663
 q 6153521
 r 6155682
 s 6153588
 t 6151459
 u 6150252
 v 6155762
 w 6158089
 x 6155051
 y 6151118
 z 6151856

Total characters:  160000000
DATA, 10000000, 100, elf09, 3407.344000
 a 6150275
 b 6151694
 c 6157905
 d 6156670
 e 6151843
 f 6152513
 g 6153292
 h 6155462
 i 6155217
 j 6153262
 k 6154942
 l 6152156
 m 6153843
 n 6155212
 o 6154673
 p 6154663
 q 6153521
 r 6155682
 s 6153588
 t 6151459
 u 6150252
 v 6155762
 w 6158089
 x 6155051
 y 6151118
 z 6151856

Total characters:  160000000
DATA, 10000000, 100, elf27, 3384.884000
 a 6150275
 b 6151694
 c 6157905
 d 6156670
 e 6151843
 f 6152513
 g 6153292
 h 6155462
 i 6155217
 j 6153262
 k 6154942
 l 6152156
 m 6153843
 n 6155212
 o 6154673
 p 6154663
 q 6153521
 r 6155682
 s 6153588
 t 6151459
 u 6150252
 v 6155762
 w 6158089
 x 6155051
 y 6151118
 z 6151856

Total characters:  160000000
DATA, 10000000, 100, elf32, 3390.200000
 a 6150275
 b 6151694
 c 6157905
 d 6156670
 e 6151843
 f 6152513
 g 6153292
 h 6155462
 i 6155217
 j 6153262
 k 6154942
 l 6152156
 m 6153843
 n 6155212
 o 6154673
 p 6154663
 q 6153521
 r 6155682
 s 6153588
 t 6151459
 u 6150252
 v 6155762
 w 6158089
 x 6155051
 y 6151118
 z 6151856

Total characters:  160000000
DATA, 10000000, 100, elf27, 3385.121000
 a 6150275
 b 6151694
 c 6157905
 d 6156670
 e 6151843
 f 6152513
 g 6153292
 h 6155462
 i 6155217
 j 6153262
 k 6154942
 l 6152156
 m 6153843
 n 6155212
 o 6154673
 p 6154663
 q 6153521
 r 6155682
 s 6153588
 t 6151459
 u 6150252
 v 6155762
 w 6158089
 x 6155051
 y 6151118
 z 6151856

Total characters:  160000000
DATA, 10000000, 100, elf32, 3392.019000
 a 6150275
 b 6151694
 c 6157905
 d 6156670
 e 6151843
 f 6152513
 g 6153292
 h 6155462
 i 6155217
 j 6153262
 k 6154942
 l 6152156
 m 6153843
 n 6155212
 o 6154673
 p 6154663
 q 6153521
 r 6155682
 s 6153588
 t 6151459
 u 6150252
 v 6155762
 w 6158089
 x 6155051
 y 6151118
 z 6151856

Total characters:  160000000
DATA, 10000000, 100, elf27, 3385.354000
 a 6150275
 b 6151694
 c 6157905
 d 6156670
 e 6151843
 f 6152513
 g 6153292
 h 6155462
 i 6155217
 j 6153262
 k 6154942
 l 6152156
 m 6153843
 n 6155212
 o 6154673
 p 6154663
 q 6153521
 r 6155682
 s 6153588
 t 6151459
 u 6150252
 v 6155762
 w 6158089
 x 6155051
 y 6151118
 z 6151856

Total characters:  160000000
DATA, 10000000, 100, elf32, 3390.982000
 a 6150275
 b 6151694
 c 6157905
 d 6156670
 e 6151843
 f 6152513
 g 6153292
 h 6155462
 i 6155217
 j 6153262
 k 6154942
 l 6152156
 m 6153843
 n 6155212
 o 6154673
 p 6154663
 q 6153521
 r 6155682
 s 6153588
 t 6151459
 u 6150252
 v 6155762
 w 6158089
 x 6155051
 y 6151118
 z 6151856

Total characters:  160000000
DATA, 10000000, 100, elf27, 3387.986000
 a 6150275
 b 6151694
 c 6157905
 d 6156670
 e 6151843
 f 6152513
 g 6153292
 h 6155462
 i 6155217
 j 6153262
 k 6154942
 l 6152156
 m 6153843
 n 6155212
 o 6154673
 p 6154663
 q 6153521
 r 6155682
 s 6153588
 t 6151459
 u 6150252
 v 6155762
 w 6158089
 x 6155051
 y 6151118
 z 6151856

Total characters:  160000000
DATA, 10000000, 100, elf32, 3394.364000
 a 6150275
 b 6151694
 c 6157905
 d 6156670
 e 6151843
 f 6152513
 g 6153292
 h 6155462
 i 6155217
 j 6153262
 k 6154942
 l 6152156
 m 6153843
 n 6155212
 o 6154673
 p 6154663
 q 6153521
 r 6155682
 s 6153588
 t 6151459
 u 6150252
 v 6155762
 w 6158089
 x 6155051
 y 6151118
 z 6151856

Total characters:  160000000
DATA, 10000000, 100, elf27, 3389.285000
 a 6150275
 b 6151694
 c 6157905
 d 6156670
 e 6151843
 f 6152513
 g 6153292
 h 6155462
 i 6155217
 j 6153262
 k 6154942
 l 6152156
 m 6153843
 n 6155212
 o 6154673
 p 6154663
 q 6153521
 r 6155682
 s 6153588
 t 6151459
 u 6150252
 v 6155762
 w 6158089
 x 6155051
 y 6151118
 z 6151856

Total characters:  160000000
DATA, 10000000, 100, elf32, 3396.319000
 a 6150275
 b 6151694
 c 6157905
 d 6156670
 e 6151843
 f 6152513
 g 6153292
 h 6155462
 i 6155217
 j 6153262
 k 6154942
 l 6152156
 m 6153843
 n 6155212
 o 6154673
 p 6154663
 q 6153521
 r 6155682
 s 6153588
 t 6151459
 u 6150252
 v 6155762
 w 6158089
 x 6155051
 y 6151118
 z 6151856

Total characters:  160000000
DATA, 10000000, 100, elf27, 3388.856000
 a 6150275
 b 6151694
 c 6157905
 d 6156670
 e 6151843
 f 6152513
 g 6153292
 h 6155462
 i 6155217
 j 6153262
 k 6154942
 l 6152156
 m 6153843
 n 6155212
 o 6154673
 p 6154663
 q 6153521
 r 6155682
 s 6153588
 t 6151459
 u 6150252
 v 6155762
 w 6158089
 x 6155051
 y 6151118
 z 6151856

Total characters:  160000000
DATA, 10000000, 100, elf32, 3399.488000
 a 6150275
 b 6151694
 c 6157905
 d 6156670
 e 6151843
 f 6152513
 g 6153292
 h 6155462
 i 6155217
 j 6153262
 k 6154942
 l 6152156
 m 6153843
 n 6155212
 o 6154673
 p 6154663
 q 6153521
 r 6155682
 s 6153588
 t 6151459
 u 6150252
 v 6155762
 w 6158089
 x 6155051
 y 6151118
 z 6151856

Total characters:  160000000
DATA, 10000000, 100, elf27, 3391.209000
 a 6150275
 b 6151694
 c 6157905
 d 6156670
 e 6151843
 f 6152513
 g 6153292
 h 6155462
 i 6155217
 j 6153262
 k 6154942
 l 6152156
 m 6153843
 n 6155212
 o 6154673
 p 6154663
 q 6153521
 r 6155682
 s 6153588
 t 6151459
 u 6150252
 v 6155762
 w 6158089
 x 6155051
 y 6151118
 z 6151856

Total characters:  160000000
DATA, 10000000, 100, elf32, 3397.578000
 a 6150275
 b 6151694
 c 6157905
 d 6156670
 e 6151843
 f 6152513
 g 6153292
 h 6155462
 i 6155217
 j 6153262
 k 6154942
 l 6152156
 m 6153843
 n 6155212
 o 6154673
 p 6154663
 q 6153521
 r 6155682
 s 6153588
 t 6151459
 u 6150252
 v 6155762
 w 6158089
 x 6155051
 y 6151118
 z 6151856

Total characters:  160000000
DATA, 10000000, 100, elf27, 3391.793000
 a 6150275
 b 6151694
 c 6157905
 d 6156670
 e 6151843
 f 6152513
 g 6153292
 h 6155462
 i 6155217
 j 6153262
 k 6154942
 l 6152156
 m 6153843
 n 6155212
 o 6154673
 p 6154663
 q 6153521
 r 6155682
 s 6153588
 t 6151459
 u 6150252
 v 6155762
 w 6158089
 x 6155051
 y 6151118
 z 6151856

Total characters:  160000000
DATA, 10000000, 100, elf32, 3388.348000
 a 6150275
 b 6151694
 c 6157905
 d 6156670
 e 6151843
 f 6152513
 g 6153292
 h 6155462
 i 6155217
 j 6153262
 k 6154942
 l 6152156
 m 6153843
 n 6155212
 o 6154673
 p 6154663
 q 6153521
 r 6155682
 s 6153588
 t 6151459
 u 6150252
 v 6155762
 w 6158089
 x 6155051
 y 6151118
 z 6151856

Total characters:  160000000
DATA, 10000000, 100, elf27, 3394.143000
 a 6150275
 b 6151694
 c 6157905
 d 6156670
 e 6151843
 f 6152513
 g 6153292
 h 6155462
 i 6155217
 j 6153262
 k 6154942
 l 6152156
 m 6153843
 n 6155212
 o 6154673
 p 6154663
 q 6153521
 r 6155682
 s 6153588
 t 6151459
 u 6150252
 v 6155762
 w 6158089
 x 6155051
 y 6151118
 z 6151856

Total characters:  160000000
DATA, 10000000, 100, elf32, 3388.486000
 a 6150275
 b 6151694
 c 6157905
 d 6156670
 e 6151843
 f 6152513
 g 6153292
 h 6155462
 i 6155217
 j 6153262
 k 6154942
 l 6152156
 m 6153843
 n 6155212
 o 6154673
 p 6154663
 q 6153521
 r 6155682
 s 6153588
 t 6151459
 u 6150252
 v 6155762
 w 6158089
 x 6155051
 y 6151118
 z 6151856

Total characters:  160000000
DATA, 10000000, 100, elf27, 3407.257000
 a 6150275
 b 6151694
 c 6157905
 d 6156670
 e 6151843
 f 6152513
 g 6153292
 h 6155462
 i 6155217
 j 6153262
 k 6154942
 l 6152156
 m 6153843
 n 6155212
 o 6154673
 p 6154663
 q 6153521
 r 6155682
 s 6153588
 t 6151459
 u 6150252
 v 6155762
 w 6158089
 x 6155051
 y 6151118
 z 6151856

Total characters:  160000000
DATA, 10000000, 100, elf32, 3392.213000
 a 6150275
 b 6151694
 c 6157905
 d 6156670
 e 6151843
 f 6152513
 g 6153292
 h 6155462
 i 6155217
 j 6153262
 k 6154942
 l 6152156
 m 6153843
 n 6155212
 o 6154673
 p 6154663
 q 6153521
 r 6155682
 s 6153588
 t 6151459
 u 6150252
 v 6155762
 w 6158089
 x 6155051
 y 6151118
 z 6151856

Total characters:  160000000
DATA, 10000000, 100, elf27, 3397.082000
 a 6150275
 b 6151694
 c 6157905
 d 6156670
 e 6151843
 f 6152513
 g 6153292
 h 6155462
 i 6155217
 j 6153262
 k 6154942
 l 6152156
 m 6153843
 n 6155212
 o 6154673
 p 6154663
 q 6153521
 r 6155682
 s 6153588
 t 6151459
 u 6150252
 v 6155762
 w 6158089
 x 6155051
 y 6151118
 z 6151856

Total characters:  160000000
DATA, 10000000, 100, elf32, 3398.031000
 a 6150275
 b 6151694
 c 6157905
 d 6156670
 e 6151843
 f 6152513
 g 6153292
 h 6155462
 i 6155217
 j 6153262
 k 6154942
 l 6152156
 m 6153843
 n 6155212
 o 6154673
 p 6154663
 q 6153521
 r 6155682
 s 6153588
 t 6151459
 u 6150252
 v 6155762
 w 6158089
 x 6155051
 y 6151118
 z 6151856

Total characters:  160000000
DATA, 10000000, 100, elf27, 3412.926000
 a 6150275
 b 6151694
 c 6157905
 d 6156670
 e 6151843
 f 6152513
 g 6153292
 h 6155462
 i 6155217
 j 6153262
 k 6154942
 l 6152156
 m 6153843
 n 6155212
 o 6154673
 p 6154663
 q 6153521
 r 6155682
 s 6153588
 t 6151459
 u 6150252
 v 6155762
 w 6158089
 x 6155051
 y 6151118
 z 6151856

Total characters:  160000000
DATA, 10000000, 100, elf32, 3397.202000
 a 6150275
 b 6151694
 c 6157905
 d 6156670
 e 6151843
 f 6152513
 g 6153292
 h 6155462
 i 6155217
 j 6153262
 k 6154942
 l 6152156
 m 6153843
 n 6155212
 o 6154673
 p 6154663
 q 6153521
 r 6155682
 s 6153588
 t 6151459
 u 6150252
 v 6155762
 w 6158089
 x 6155051
 y 6151118
 z 6151856

Total characters:  160000000
DATA, 10000000, 100, elf27, 3405.794000
 a 6150275
 b 6151694
 c 6157905
 d 6156670
 e 6151843
 f 6152513
 g 6153292
 h 6155462
 i 6155217
 j 6153262
 k 6154942
 l 6152156
 m 6153843
 n 6155212
 o 6154673
 p 6154663
 q 6153521
 r 6155682
 s 6153588
 t 6151459
 u 6150252
 v 6155762
 w 6158089
 x 6155051
 y 6151118
 z 6151856

Total characters:  160000000
DATA, 10000000, 100, elf32, 3403.593000
 a 6150275
 b 6151694
 c 6157905
 d 6156670
 e 6151843
 f 6152513
 g 6153292
 h 6155462
 i 6155217
 j 6153262
 k 6154942
 l 6152156
 m 6153843
 n 6155212
 o 6154673
 p 6154663
 q 6153521
 r 6155682
 s 6153588
 t 6151459
 u 6150252
 v 6155762
 w 6158089
 x 6155051
 y 6151118
 z 6151856

Total characters:  160000000
DATA, 10000000, 100, elf09, 3398.545000
 a 6150275
 b 6151694
 c 6157905
 d 6156670
 e 6151843
 f 6152513
 g 6153292
 h 6155462
 i 6155217
 j 6153262
 k 6154942
 l 6152156
 m 6153843
 n 6155212
 o 6154673
 p 6154663
 q 6153521
 r 6155682
 s 6153588
 t 6151459
 u 6150252
 v 6155762
 w 6158089
 x 6155051
 y 6151118
 z 6151856

Total characters:  160000000
DATA, 10000000, 100, elf25, 3399.222000
 a 6150275
 b 6151694
 c 6157905
 d 6156670
 e 6151843
 f 6152513
 g 6153292
 h 6155462
 i 6155217
 j 6153262
 k 6154942
 l 6152156
 m 6153843
 n 6155212
 o 6154673
 p 6154663
 q 6153521
 r 6155682
 s 6153588
 t 6151459
 u 6150252
 v 6155762
 w 6158089
 x 6155051
 y 6151118
 z 6151856

Total characters:  160000000
DATA, 10000000, 100, elf25, 3398.075000
 a 6150275
 b 6151694
 c 6157905
 d 6156670
 e 6151843
 f 6152513
 g 6153292
 h 6155462
 i 6155217
 j 6153262
 k 6154942
 l 6152156
 m 6153843
 n 6155212
 o 6154673
 p 6154663
 q 6153521
 r 6155682
 s 6153588
 t 6151459
 u 6150252
 v 6155762
 w 6158089
 x 6155051
 y 6151118
 z 6151856

Total characters:  160000000
DATA, 10000000, 100, elf25, 3404.406000
 a 6150275
 b 6151694
 c 6157905
 d 6156670
 e 6151843
 f 6152513
 g 6153292
 h 6155462
 i 6155217
 j 6153262
 k 6154942
 l 6152156
 m 6153843
 n 6155212
 o 6154673
 p 6154663
 q 6153521
 r 6155682
 s 6153588
 t 6151459
 u 6150252
 v 6155762
 w 6158089
 x 6155051
 y 6151118
 z 6151856

Total characters:  160000000
DATA, 10000000, 100, elf25, 3414.911000
 a 6150275
 b 6151694
 c 6157905
 d 6156670
 e 6151843
 f 6152513
 g 6153292
 h 6155462
 i 6155217
 j 6153262
 k 6154942
 l 6152156
 m 6153843
 n 6155212
 o 6154673
 p 6154663
 q 6153521
 r 6155682
 s 6153588
 t 6151459
 u 6150252
 v 6155762
 w 6158089
 x 6155051
 y 6151118
 z 6151856

Total characters:  160000000
DATA, 10000000, 100, elf25, 3395.068000
 a 6150275
 b 6151694
 c 6157905
 d 6156670
 e 6151843
 f 6152513
 g 6153292
 h 6155462
 i 6155217
 j 6153262
 k 6154942
 l 6152156
 m 6153843
 n 6155212
 o 6154673
 p 6154663
 q 6153521
 r 6155682
 s 6153588
 t 6151459
 u 6150252
 v 6155762
 w 6158089
 x 6155051
 y 6151118
 z 6151856

Total characters:  160000000
DATA, 10000000, 100, elf25, 3395.937000
 a 6150275
 b 6151694
 c 6157905
 d 6156670
 e 6151843
 f 6152513
 g 6153292
 h 6155462
 i 6155217
 j 6153262
 k 6154942
 l 6152156
 m 6153843
 n 6155212
 o 6154673
 p 6154663
 q 6153521
 r 6155682
 s 6153588
 t 6151459
 u 6150252
 v 6155762
 w 6158089
 x 6155051
 y 6151118
 z 6151856

Total characters:  160000000
DATA, 10000000, 100, elf25, 3395.823000
 a 6150275
 b 6151694
 c 6157905
 d 6156670
 e 6151843
 f 6152513
 g 6153292
 h 6155462
 i 6155217
 j 6153262
 k 6154942
 l 6152156
 m 6153843
 n 6155212
 o 6154673
 p 6154663
 q 6153521
 r 6155682
 s 6153588
 t 6151459
 u 6150252
 v 6155762
 w 6158089
 x 6155051
 y 6151118
 z 6151856

Total characters:  160000000
DATA, 10000000, 100, elf25, 3396.884000
 a 6150275
 b 6151694
 c 6157905
 d 6156670
 e 6151843
 f 6152513
 g 6153292
 h 6155462
 i 6155217
 j 6153262
 k 6154942
 l 6152156
 m 6153843
 n 6155212
 o 6154673
 p 6154663
 q 6153521
 r 6155682
 s 6153588
 t 6151459
 u 6150252
 v 6155762
 w 6158089
 x 6155051
 y 6151118
 z 6151856

Total characters:  160000000
DATA, 10000000, 100, elf25, 3397.721000
 a 6150275
 b 6151694
 c 6157905
 d 6156670
 e 6151843
 f 6152513
 g 6153292
 h 6155462
 i 6155217
 j 6153262
 k 6154942
 l 6152156
 m 6153843
 n 6155212
 o 6154673
 p 6154663
 q 6153521
 r 6155682
 s 6153588
 t 6151459
 u 6150252
 v 6155762
 w 6158089
 x 6155051
 y 6151118
 z 6151856

Total characters:  160000000
DATA, 10000000, 100, elf25, 3402.665000
 a 6150275
 b 6151694
 c 6157905
 d 6156670
 e 6151843
 f 6152513
 g 6153292
 h 6155462
 i 6155217
 j 6153262
 k 6154942
 l 6152156
 m 6153843
 n 6155212
 o 6154673
 p 6154663
 q 6153521
 r 6155682
 s 6153588
 t 6151459
 u 6150252
 v 6155762
 w 6158089
 x 6155051
 y 6151118
 z 6151856

Total characters:  160000000
DATA, 10000000, 100, elf25, 3401.133000
 a 6150275
 b 6151694
 c 6157905
 d 6156670
 e 6151843
 f 6152513
 g 6153292
 h 6155462
 i 6155217
 j 6153262
 k 6154942
 l 6152156
 m 6153843
 n 6155212
 o 6154673
 p 6154663
 q 6153521
 r 6155682
 s 6153588
 t 6151459
 u 6150252
 v 6155762
 w 6158089
 x 6155051
 y 6151118
 z 6151856

Total characters:  160000000
DATA, 10000000, 100, elf25, 3402.618000
 a 6150275
 b 6151694
 c 6157905
 d 6156670
 e 6151843
 f 6152513
 g 6153292
 h 6155462
 i 6155217
 j 6153262
 k 6154942
 l 6152156
 m 6153843
 n 6155212
 o 6154673
 p 6154663
 q 6153521
 r 6155682
 s 6153588
 t 6151459
 u 6150252
 v 6155762
 w 6158089
 x 6155051
 y 6151118
 z 6151856

Total characters:  160000000
DATA, 10000000, 100, elf25, 3403.111000
 a 6150275
 b 6151694
 c 6157905
 d 6156670
 e 6151843
 f 6152513
 g 6153292
 h 6155462
 i 6155217
 j 6153262
 k 6154942
 l 6152156
 m 6153843
 n 6155212
 o 6154673
 p 6154663
 q 6153521
 r 6155682
 s 6153588
 t 6151459
 u 6150252
 v 6155762
 w 6158089
 x 6155051
 y 6151118
 z 6151856

Total characters:  160000000
DATA, 10000000, 100, elf25, 3408.270000
 a 6150275
 b 6151694
 c 6157905
 d 6156670
 e 6151843
 f 6152513
 g 6153292
 h 6155462
 i 6155217
 j 6153262
 k 6154942
 l 6152156
 m 6153843
 n 6155212
 o 6154673
 p 6154663
 q 6153521
 r 6155682
 s 6153588
 t 6151459
 u 6150252
 v 6155762
 w 6158089
 x 6155051
 y 6151118
 z 6151856

Total characters:  160000000
DATA, 10000000, 100, elf25, 3401.102000
 a 6150275
 b 6151694
 c 6157905
 d 6156670
 e 6151843
 f 6152513
 g 6153292
 h 6155462
 i 6155217
 j 6153262
 k 6154942
 l 6152156
 m 6153843
 n 6155212
 o 6154673
 p 6154663
 q 6153521
 r 6155682
 s 6153588
 t 6151459
 u 6150252
 v 6155762
 w 6158089
 x 6155051
 y 6151118
 z 6151856

Total characters:  160000000
DATA, 10000000, 100, elf35, 3390.512000
 a 6150275
 b 6151694
 c 6157905
 d 6156670
 e 6151843
 f 6152513
 g 6153292
 h 6155462
 i 6155217
 j 6153262
 k 6154942
 l 6152156
 m 6153843
 n 6155212
 o 6154673
 p 6154663
 q 6153521
 r 6155682
 s 6153588
 t 6151459
 u 6150252
 v 6155762
 w 6158089
 x 6155051
 y 6151118
 z 6151856

Total characters:  160000000
DATA, 10000000, 100, elf35, 3402.333000
 a 6150275
 b 6151694
 c 6157905
 d 6156670
 e 6151843
 f 6152513
 g 6153292
 h 6155462
 i 6155217
 j 6153262
 k 6154942
 l 6152156
 m 6153843
 n 6155212
 o 6154673
 p 6154663
 q 6153521
 r 6155682
 s 6153588
 t 6151459
 u 6150252
 v 6155762
 w 6158089
 x 6155051
 y 6151118
 z 6151856

Total characters:  160000000
DATA, 10000000, 100, elf35, 3395.628000
 a 6150275
 b 6151694
 c 6157905
 d 6156670
 e 6151843
 f 6152513
 g 6153292
 h 6155462
 i 6155217
 j 6153262
 k 6154942
 l 6152156
 m 6153843
 n 6155212
 o 6154673
 p 6154663
 q 6153521
 r 6155682
 s 6153588
 t 6151459
 u 6150252
 v 6155762
 w 6158089
 x 6155051
 y 6151118
 z 6151856

Total characters:  160000000
DATA, 10000000, 100, elf35, 3396.470000
 a 6150275
 b 6151694
 c 6157905
 d 6156670
 e 6151843
 f 6152513
 g 6153292
 h 6155462
 i 6155217
 j 6153262
 k 6154942
 l 6152156
 m 6153843
 n 6155212
 o 6154673
 p 6154663
 q 6153521
 r 6155682
 s 6153588
 t 6151459
 u 6150252
 v 6155762
 w 6158089
 x 6155051
 y 6151118
 z 6151856

Total characters:  160000000
DATA, 10000000, 100, elf35, 3526.512000
 a 6150275
 b 6151694
 c 6157905
 d 6156670
 e 6151843
 f 6152513
 g 6153292
 h 6155462
 i 6155217
 j 6153262
 k 6154942
 l 6152156
 m 6153843
 n 6155212
 o 6154673
 p 6154663
 q 6153521
 r 6155682
 s 6153588
 t 6151459
 u 6150252
 v 6155762
 w 6158089
 x 6155051
 y 6151118
 z 6151856

Total characters:  160000000
DATA, 10000000, 100, elf27, 3517.811000
 a 6150275
 b 6151694
 c 6157905
 d 6156670
 e 6151843
 f 6152513
 g 6153292
 h 6155462
 i 6155217
 j 6153262
 k 6154942
 l 6152156
 m 6153843
 n 6155212
 o 6154673
 p 6154663
 q 6153521
 r 6155682
 s 6153588
 t 6151459
 u 6150252
 v 6155762
 w 6158089
 x 6155051
 y 6151118
 z 6151856

Total characters:  160000000
DATA, 10000000, 100, elf20, 3523.398000
 a 6150275
 b 6151694
 c 6157905
 d 6156670
 e 6151843
 f 6152513
 g 6153292
 h 6155462
 i 6155217
 j 6153262
 k 6154942
 l 6152156
 m 6153843
 n 6155212
 o 6154673
 p 6154663
 q 6153521
 r 6155682
 s 6153588
 t 6151459
 u 6150252
 v 6155762
 w 6158089
 x 6155051
 y 6151118
 z 6151856

Total characters:  160000000
DATA, 10000000, 100, elf20, 3558.323000
 a 6150275
 b 6151694
 c 6157905
 d 6156670
 e 6151843
 f 6152513
 g 6153292
 h 6155462
 i 6155217
 j 6153262
 k 6154942
 l 6152156
 m 6153843
 n 6155212
 o 6154673
 p 6154663
 q 6153521
 r 6155682
 s 6153588
 t 6151459
 u 6150252
 v 6155762
 w 6158089
 x 6155051
 y 6151118
 z 6151856

Total characters:  160000000
DATA, 10000000, 100, elf09, 3536.369000
 a 6150275
 b 6151694
 c 6157905
 d 6156670
 e 6151843
 f 6152513
 g 6153292
 h 6155462
 i 6155217
 j 6153262
 k 6154942
 l 6152156
 m 6153843
 n 6155212
 o 6154673
 p 6154663
 q 6153521
 r 6155682
 s 6153588
 t 6151459
 u 6150252
 v 6155762
 w 6158089
 x 6155051
 y 6151118
 z 6151856

Total characters:  160000000
DATA, 10000000, 100, elf35, 3522.347000
 a 6150275
 b 6151694
 c 6157905
 d 6156670
 e 6151843
 f 6152513
 g 6153292
 h 6155462
 i 6155217
 j 6153262
 k 6154942
 l 6152156
 m 6153843
 n 6155212
 o 6154673
 p 6154663
 q 6153521
 r 6155682
 s 6153588
 t 6151459
 u 6150252
 v 6155762
 w 6158089
 x 6155051
 y 6151118
 z 6151856

Total characters:  160000000
DATA, 10000000, 100, elf20, 4400.357000
 a 6150275
 b 6151694
 c 6157905
 d 6156670
 e 6151843
 f 6152513
 g 6153292
 h 6155462
 i 6155217
 j 6153262
 k 6154942
 l 6152156
 m 6153843
 n 6155212
 o 6154673
 p 6154663
 q 6153521
 r 6155682
 s 6153588
 t 6151459
 u 6150252
 v 6155762
 w 6158089
 x 6155051
 y 6151118
 z 6151856

Total characters:  160000000
DATA, 10000000, 100, elf32, 4405.899000
