 a 614523
 b 616259
 c 616475
 d 614176
 e 614690
 f 614750
 g 615455
 h 615619
 i 615910
 j 615639
 k 615161
 l 616309
 m 615513
 n 614534
 o 616784
 p 614184
 q 616068
 r 615642
 s 614005
 t 615291
 u 615205
 v 615409
 w 616436
 x 614849
 y 615359
 z 615755

Total characters:  16000000
DATA, 1000000, 100, elf36, 64.459000
 a 614523
 b 616259
 c 616475
 d 614176
 e 614690
 f 614750
 g 615455
 h 615619
 i 615910
 j 615639
 k 615161
 l 616309
 m 615513
 n 614534
 o 616784
 p 614184
 q 616068
 r 615642
 s 614005
 t 615291
 u 615205
 v 615409
 w 616436
 x 614849
 y 615359
 z 615755

Total characters:  16000000
DATA, 1000000, 100, elf36, 72.647000
 a 614523
 b 616259
 c 616475
 d 614176
 e 614690
 f 614750
 g 615455
 h 615619
 i 615910
 j 615639
 k 615161
 l 616309
 m 615513
 n 614534
 o 616784
 p 614184
 q 616068
 r 615642
 s 614005
 t 615291
 u 615205
 v 615409
 w 616436
 x 614849
 y 615359
 z 615755

Total characters:  16000000
DATA, 1000000, 100, elf36, 73.096000
 a 614523
 b 616259
 c 616475
 d 614176
 e 614690
 f 614750
 g 615455
 h 615619
 i 615910
 j 615639
 k 615161
 l 616309
 m 615513
 n 614534
 o 616784
 p 614184
 q 616068
 r 615642
 s 614005
 t 615291
 u 615205
 v 615409
 w 616436
 x 614849
 y 615359
 z 615755

Total characters:  16000000
DATA, 1000000, 100, elf36, 72.745000
 a 614523
 b 616259
 c 616475
 d 614176
 e 614690
 f 614750
 g 615455
 h 615619
 i 615910
 j 615639
 k 615161
 l 616309
 m 615513
 n 614534
 o 616784
 p 614184
 q 616068
 r 615642
 s 614005
 t 615291
 u 615205
 v 615409
 w 616436
 x 614849
 y 615359
 z 615755

Total characters:  16000000
DATA, 1000000, 100, elf32, 65.524000
 a 614523
 b 616259
 c 616475
 d 614176
 e 614690
 f 614750
 g 615455
 h 615619
 i 615910
 j 615639
 k 615161
 l 616309
 m 615513
 n 614534
 o 616784
 p 614184
 q 616068
 r 615642
 s 614005
 t 615291
 u 615205
 v 615409
 w 616436
 x 614849
 y 615359
 z 615755

Total characters:  16000000
DATA, 1000000, 100, elf27, 65.580000
 a 614523
 b 616259
 c 616475
 d 614176
 e 614690
 f 614750
 g 615455
 h 615619
 i 615910
 j 615639
 k 615161
 l 616309
 m 615513
 n 614534
 o 616784
 p 614184
 q 616068
 r 615642
 s 614005
 t 615291
 u 615205
 v 615409
 w 616436
 x 614849
 y 615359
 z 615755

Total characters:  16000000
DATA, 1000000, 100, elf20, 65.450000
 a 614523
 b 616259
 c 616475
 d 614176
 e 614690
 f 614750
 g 615455
 h 615619
 i 615910
 j 615639
 k 615161
 l 616309
 m 615513
 n 614534
 o 616784
 p 614184
 q 616068
 r 615642
 s 614005
 t 615291
 u 615205
 v 615409
 w 616436
 x 614849
 y 615359
 z 615755

Total characters:  16000000
DATA, 1000000, 100, elf25, 65.621000
 a 614523
 b 616259
 c 616475
 d 614176
 e 614690
 f 614750
 g 615455
 h 615619
 i 615910
 j 615639
 k 615161
 l 616309
 m 615513
 n 614534
 o 616784
 p 614184
 q 616068
 r 615642
 s 614005
 t 615291
 u 615205
 v 615409
 w 616436
 x 614849
 y 615359
 z 615755

Total characters:  16000000
DATA, 1000000, 100, elf09, 65.613000
 a 614523
 b 616259
 c 616475
 d 614176
 e 614690
 f 614750
 g 615455
 h 615619
 i 615910
 j 615639
 k 615161
 l 616309
 m 615513
 n 614534
 o 616784
 p 614184
 q 616068
 r 615642
 s 614005
 t 615291
 u 615205
 v 615409
 w 616436
 x 614849
 y 615359
 z 615755

Total characters:  16000000
DATA, 1000000, 100, elf35, 74.697000
 a 614523
 b 616259
 c 616475
 d 614176
 e 614690
 f 614750
 g 615455
 h 615619
 i 615910
 j 615639
 k 615161
 l 616309
 m 615513
 n 614534
 o 616784
 p 614184
 q 616068
 r 615642
 s 614005
 t 615291
 u 615205
 v 615409
 w 616436
 x 614849
 y 615359
 z 615755

Total characters:  16000000
DATA, 1000000, 100, elf25, 74.927000
 a 614523
 b 616259
 c 616475
 d 614176
 e 614690
 f 614750
 g 615455
 h 615619
 i 615910
 j 615639
 k 615161
 l 616309
 m 615513
 n 614534
 o 616784
 p 614184
 q 616068
 r 615642
 s 614005
 t 615291
 u 615205
 v 615409
 w 616436
 x 614849
 y 615359
 z 615755

Total characters:  16000000
DATA, 1000000, 100, elf25, 75.219000
 a 614523
 b 616259
 c 616475
 d 614176
 e 614690
 f 614750
 g 615455
 h 615619
 i 615910
 j 615639
 k 615161
 l 616309
 m 615513
 n 614534
 o 616784
 p 614184
 q 616068
 r 615642
 s 614005
 t 615291
 u 615205
 v 615409
 w 616436
 x 614849
 y 615359
 z 615755

Total characters:  16000000
DATA, 1000000, 100, elf25, 65.649000
 a 614523
 b 616259
 c 616475
 d 614176
 e 614690
 f 614750
 g 615455
 h 615619
 i 615910
 j 615639
 k 615161
 l 616309
 m 615513
 n 614534
 o 616784
 p 614184
 q 616068
 r 615642
 s 614005
 t 615291
 u 615205
 v 615409
 w 616436
 x 614849
 y 615359
 z 615755

Total characters:  16000000
DATA, 1000000, 100, elf25, 74.983000
 a 614523
 b 616259
 c 616475
 d 614176
 e 614690
 f 614750
 g 615455
 h 615619
 i 615910
 j 615639
 k 615161
 l 616309
 m 615513
 n 614534
 o 616784
 p 614184
 q 616068
 r 615642
 s 614005
 t 615291
 u 615205
 v 615409
 w 616436
 x 614849
 y 615359
 z 615755

Total characters:  16000000
DATA, 1000000, 100, elf25, 75.359000
 a 614523
 b 616259
 c 616475
 d 614176
 e 614690
 f 614750
 g 615455
 h 615619
 i 615910
 j 615639
 k 615161
 l 616309
 m 615513
 n 614534
 o 616784
 p 614184
 q 616068
 r 615642
 s 614005
 t 615291
 u 615205
 v 615409
 w 616436
 x 614849
 y 615359
 z 615755

Total characters:  16000000
DATA, 1000000, 100, elf25, 74.832000
 a 614523
 b 616259
 c 616475
 d 614176
 e 614690
 f 614750
 g 615455
 h 615619
 i 615910
 j 615639
 k 615161
 l 616309
 m 615513
 n 614534
 o 616784
 p 614184
 q 616068
 r 615642
 s 614005
 t 615291
 u 615205
 v 615409
 w 616436
 x 614849
 y 615359
 z 615755

Total characters:  16000000
DATA, 1000000, 100, elf25, 74.253000
 a 614523
 b 616259
 c 616475
 d 614176
 e 614690
 f 614750
 g 615455
 h 615619
 i 615910
 j 615639
 k 615161
 l 616309
 m 615513
 n 614534
 o 616784
 p 614184
 q 616068
 r 615642
 s 614005
 t 615291
 u 615205
 v 615409
 w 616436
 x 614849
 y 615359
 z 615755

Total characters:  16000000
DATA, 1000000, 100, elf25, 74.987000
 a 614523
 b 616259
 c 616475
 d 614176
 e 614690
 f 614750
 g 615455
 h 615619
 i 615910
 j 615639
 k 615161
 l 616309
 m 615513
 n 614534
 o 616784
 p 614184
 q 616068
 r 615642
 s 614005
 t 615291
 u 615205
 v 615409
 w 616436
 x 614849
 y 615359
 z 615755

Total characters:  16000000
DATA, 1000000, 100, elf25, 74.342000
 a 614523
 b 616259
 c 616475
 d 614176
 e 614690
 f 614750
 g 615455
 h 615619
 i 615910
 j 615639
 k 615161
 l 616309
 m 615513
 n 614534
 o 616784
 p 614184
 q 616068
 r 615642
 s 614005
 t 615291
 u 615205
 v 615409
 w 616436
 x 614849
 y 615359
 z 615755

Total characters:  16000000
DATA, 1000000, 100, elf25, 65.408000
 a 614523
 b 616259
 c 616475
 d 614176
 e 614690
 f 614750
 g 615455
 h 615619
 i 615910
 j 615639
 k 615161
 l 616309
 m 615513
 n 614534
 o 616784
 p 614184
 q 616068
 r 615642
 s 614005
 t 615291
 u 615205
 v 615409
 w 616436
 x 614849
 y 615359
 z 615755

Total characters:  16000000
DATA, 1000000, 100, elf25, 65.488000
 a 614523
 b 616259
 c 616475
 d 614176
 e 614690
 f 614750
 g 615455
 h 615619
 i 615910
 j 615639
 k 615161
 l 616309
 m 615513
 n 614534
 o 616784
 p 614184
 q 616068
 r 615642
 s 614005
 t 615291
 u 615205
 v 615409
 w 616436
 x 614849
 y 615359
 z 615755

Total characters:  16000000
DATA, 1000000, 100, elf32, 65.574000
 a 614523
 b 616259
 c 616475
 d 614176
 e 614690
 f 614750
 g 615455
 h 615619
 i 615910
 j 615639
 k 615161
 l 616309
 m 615513
 n 614534
 o 616784
 p 614184
 q 616068
 r 615642
 s 614005
 t 615291
 u 615205
 v 615409
 w 616436
 x 614849
 y 615359
 z 615755

Total characters:  16000000
DATA, 1000000, 100, elf27, 65.688000
 a 614523
 b 616259
 c 616475
 d 614176
 e 614690
 f 614750
 g 615455
 h 615619
 i 615910
 j 615639
 k 615161
 l 616309
 m 615513
 n 614534
 o 616784
 p 614184
 q 616068
 r 615642
 s 614005
 t 615291
 u 615205
 v 615409
 w 616436
 x 614849
 y 615359
 z 615755

Total characters:  16000000
DATA, 1000000, 100, elf32, 74.904000
 a 614523
 b 616259
 c 616475
 d 614176
 e 614690
 f 614750
 g 615455
 h 615619
 i 615910
 j 615639
 k 615161
 l 616309
 m 615513
 n 614534
 o 616784
 p 614184
 q 616068
 r 615642
 s 614005
 t 615291
 u 615205
 v 615409
 w 616436
 x 614849
 y 615359
 z 615755

Total characters:  16000000
DATA, 1000000, 100, elf27, 65.601000
 a 614523
 b 616259
 c 616475
 d 614176
 e 614690
 f 614750
 g 615455
 h 615619
 i 615910
 j 615639
 k 615161
 l 616309
 m 615513
 n 614534
 o 616784
 p 614184
 q 616068
 r 615642
 s 614005
 t 615291
 u 615205
 v 615409
 w 616436
 x 614849
 y 615359
 z 615755

Total characters:  16000000
DATA, 1000000, 100, elf20, 65.609000
 a 614523
 b 616259
 c 616475
 d 614176
 e 614690
 f 614750
 g 615455
 h 615619
 i 615910
 j 615639
 k 615161
 l 616309
 m 615513
 n 614534
 o 616784
 p 614184
 q 616068
 r 615642
 s 614005
 t 615291
 u 615205
 v 615409
 w 616436
 x 614849
 y 615359
 z 615755

Total characters:  16000000
DATA, 1000000, 100, elf20, 65.649000
 a 614523
 b 616259
 c 616475
 d 614176
 e 614690
 f 614750
 g 615455
 h 615619
 i 615910
 j 615639
 k 615161
 l 616309
 m 615513
 n 614534
 o 616784
 p 614184
 q 616068
 r 615642
 s 614005
 t 615291
 u 615205
 v 615409
 w 616436
 x 614849
 y 615359
 z 615755

Total characters:  16000000
DATA, 1000000, 100, elf32, 74.461000
 a 614523
 b 616259
 c 616475
 d 614176
 e 614690
 f 614750
 g 615455
 h 615619
 i 615910
 j 615639
 k 615161
 l 616309
 m 615513
 n 614534
 o 616784
 p 614184
 q 616068
 r 615642
 s 614005
 t 615291
 u 615205
 v 615409
 w 616436
 x 614849
 y 615359
 z 615755

Total characters:  16000000
DATA, 1000000, 100, elf27, 74.917000
 a 614523
 b 616259
 c 616475
 d 614176
 e 614690
 f 614750
 g 615455
 h 615619
 i 615910
 j 615639
 k 615161
 l 616309
 m 615513
 n 614534
 o 616784
 p 614184
 q 616068
 r 615642
 s 614005
 t 615291
 u 615205
 v 615409
 w 616436
 x 614849
 y 615359
 z 615755

Total characters:  16000000
DATA, 1000000, 100, elf32, 75.021000
 a 614523
 b 616259
 c 616475
 d 614176
 e 614690
 f 614750
 g 615455
 h 615619
 i 615910
 j 615639
 k 615161
 l 616309
 m 615513
 n 614534
 o 616784
 p 614184
 q 616068
 r 615642
 s 614005
 t 615291
 u 615205
 v 615409
 w 616436
 x 614849
 y 615359
 z 615755

Total characters:  16000000
DATA, 1000000, 100, elf20, 65.633000
 a 614523
 b 616259
 c 616475
 d 614176
 e 614690
 f 614750
 g 615455
 h 615619
 i 615910
 j 615639
 k 615161
 l 616309
 m 615513
 n 614534
 o 616784
 p 614184
 q 616068
 r 615642
 s 614005
 t 615291
 u 615205
 v 615409
 w 616436
 x 614849
 y 615359
 z 615755

Total characters:  16000000
DATA, 1000000, 100, elf20, 65.821000
 a 614523
 b 616259
 c 616475
 d 614176
 e 614690
 f 614750
 g 615455
 h 615619
 i 615910
 j 615639
 k 615161
 l 616309
 m 615513
 n 614534
 o 616784
 p 614184
 q 616068
 r 615642
 s 614005
 t 615291
 u 615205
 v 615409
 w 616436
 x 614849
 y 615359
 z 615755

Total characters:  16000000
DATA, 1000000, 100, elf20, 65.665000
 a 614523
 b 616259
 c 616475
 d 614176
 e 614690
 f 614750
 g 615455
 h 615619
 i 615910
 j 615639
 k 615161
 l 616309
 m 615513
 n 614534
 o 616784
 p 614184
 q 616068
 r 615642
 s 614005
 t 615291
 u 615205
 v 615409
 w 616436
 x 614849
 y 615359
 z 615755

Total characters:  16000000
DATA, 1000000, 100, elf27, 74.609000
 a 614523
 b 616259
 c 616475
 d 614176
 e 614690
 f 614750
 g 615455
 h 615619
 i 615910
 j 615639
 k 615161
 l 616309
 m 615513
 n 614534
 o 616784
 p 614184
 q 616068
 r 615642
 s 614005
 t 615291
 u 615205
 v 615409
 w 616436
 x 614849
 y 615359
 z 615755

Total characters:  16000000
DATA, 1000000, 100, elf32, 74.663000
 a 614523
 b 616259
 c 616475
 d 614176
 e 614690
 f 614750
 g 615455
 h 615619
 i 615910
 j 615639
 k 615161
 l 616309
 m 615513
 n 614534
 o 616784
 p 614184
 q 616068
 r 615642
 s 614005
 t 615291
 u 615205
 v 615409
 w 616436
 x 614849
 y 615359
 z 615755

Total characters:  16000000
DATA, 1000000, 100, elf27, 65.774000
 a 614523
 b 616259
 c 616475
 d 614176
 e 614690
 f 614750
 g 615455
 h 615619
 i 615910
 j 615639
 k 615161
 l 616309
 m 615513
 n 614534
 o 616784
 p 614184
 q 616068
 r 615642
 s 614005
 t 615291
 u 615205
 v 615409
 w 616436
 x 614849
 y 615359
 z 615755

Total characters:  16000000
DATA, 1000000, 100, elf20, 74.802000
 a 614523
 b 616259
 c 616475
 d 614176
 e 614690
 f 614750
 g 615455
 h 615619
 i 615910
 j 615639
 k 615161
 l 616309
 m 615513
 n 614534
 o 616784
 p 614184
 q 616068
 r 615642
 s 614005
 t 615291
 u 615205
 v 615409
 w 616436
 x 614849
 y 615359
 z 615755

Total characters:  16000000
DATA, 1000000, 100, elf20, 74.835000
 a 614523
 b 616259
 c 616475
 d 614176
 e 614690
 f 614750
 g 615455
 h 615619
 i 615910
 j 615639
 k 615161
 l 616309
 m 615513
 n 614534
 o 616784
 p 614184
 q 616068
 r 615642
 s 614005
 t 615291
 u 615205
 v 615409
 w 616436
 x 614849
 y 615359
 z 615755

Total characters:  16000000
DATA, 1000000, 100, elf20, 65.660000
 a 614523
 b 616259
 c 616475
 d 614176
 e 614690
 f 614750
 g 615455
 h 615619
 i 615910
 j 615639
 k 615161
 l 616309
 m 615513
 n 614534
 o 616784
 p 614184
 q 616068
 r 615642
 s 614005
 t 615291
 u 615205
 v 615409
 w 616436
 x 614849
 y 615359
 z 615755

Total characters:  16000000
DATA, 1000000, 100, elf20, 65.743000
 a 614523
 b 616259
 c 616475
 d 614176
 e 614690
 f 614750
 g 615455
 h 615619
 i 615910
 j 615639
 k 615161
 l 616309
 m 615513
 n 614534
 o 616784
 p 614184
 q 616068
 r 615642
 s 614005
 t 615291
 u 615205
 v 615409
 w 616436
 x 614849
 y 615359
 z 615755

Total characters:  16000000
DATA, 1000000, 100, elf20, 65.751000
 a 614523
 b 616259
 c 616475
 d 614176
 e 614690
 f 614750
 g 615455
 h 615619
 i 615910
 j 615639
 k 615161
 l 616309
 m 615513
 n 614534
 o 616784
 p 614184
 q 616068
 r 615642
 s 614005
 t 615291
 u 615205
 v 615409
 w 616436
 x 614849
 y 615359
 z 615755

Total characters:  16000000
DATA, 1000000, 100, elf20, 65.667000
 a 614523
 b 616259
 c 616475
 d 614176
 e 614690
 f 614750
 g 615455
 h 615619
 i 615910
 j 615639
 k 615161
 l 616309
 m 615513
 n 614534
 o 616784
 p 614184
 q 616068
 r 615642
 s 614005
 t 615291
 u 615205
 v 615409
 w 616436
 x 614849
 y 615359
 z 615755

Total characters:  16000000
DATA, 1000000, 100, elf20, 65.754000
 a 614523
 b 616259
 c 616475
 d 614176
 e 614690
 f 614750
 g 615455
 h 615619
 i 615910
 j 615639
 k 615161
 l 616309
 m 615513
 n 614534
 o 616784
 p 614184
 q 616068
 r 615642
 s 614005
 t 615291
 u 615205
 v 615409
 w 616436
 x 614849
 y 615359
 z 615755

Total characters:  16000000
DATA, 1000000, 100, elf09, 65.577000
 a 614523
 b 616259
 c 616475
 d 614176
 e 614690
 f 614750
 g 615455
 h 615619
 i 615910
 j 615639
 k 615161
 l 616309
 m 615513
 n 614534
 o 616784
 p 614184
 q 616068
 r 615642
 s 614005
 t 615291
 u 615205
 v 615409
 w 616436
 x 614849
 y 615359
 z 615755

Total characters:  16000000
DATA, 1000000, 100, elf09, 65.561000
 a 614523
 b 616259
 c 616475
 d 614176
 e 614690
 f 614750
 g 615455
 h 615619
 i 615910
 j 615639
 k 615161
 l 616309
 m 615513
 n 614534
 o 616784
 p 614184
 q 616068
 r 615642
 s 614005
 t 615291
 u 615205
 v 615409
 w 616436
 x 614849
 y 615359
 z 615755

Total characters:  16000000
DATA, 1000000, 100, elf09, 75.128000
 a 614523
 b 616259
 c 616475
 d 614176
 e 614690
 f 614750
 g 615455
 h 615619
 i 615910
 j 615639
 k 615161
 l 616309
 m 615513
 n 614534
 o 616784
 p 614184
 q 616068
 r 615642
 s 614005
 t 615291
 u 615205
 v 615409
 w 616436
 x 614849
 y 615359
 z 615755

Total characters:  16000000
DATA, 1000000, 100, elf27, 75.299000
 a 614523
 b 616259
 c 616475
 d 614176
 e 614690
 f 614750
 g 615455
 h 615619
 i 615910
 j 615639
 k 615161
 l 616309
 m 615513
 n 614534
 o 616784
 p 614184
 q 616068
 r 615642
 s 614005
 t 615291
 u 615205
 v 615409
 w 616436
 x 614849
 y 615359
 z 615755

Total characters:  16000000
DATA, 1000000, 100, elf27, 75.012000
 a 614523
 b 616259
 c 616475
 d 614176
 e 614690
 f 614750
 g 615455
 h 615619
 i 615910
 j 615639
 k 615161
 l 616309
 m 615513
 n 614534
 o 616784
 p 614184
 q 616068
 r 615642
 s 614005
 t 615291
 u 615205
 v 615409
 w 616436
 x 614849
 y 615359
 z 615755

Total characters:  16000000
DATA, 1000000, 100, elf09, 74.559000
 a 614523
 b 616259
 c 616475
 d 614176
 e 614690
 f 614750
 g 615455
 h 615619
 i 615910
 j 615639
 k 615161
 l 616309
 m 615513
 n 614534
 o 616784
 p 614184
 q 616068
 r 615642
 s 614005
 t 615291
 u 615205
 v 615409
 w 616436
 x 614849
 y 615359
 z 615755

Total characters:  16000000
DATA, 1000000, 100, elf27, 74.645000
 a 614523
 b 616259
 c 616475
 d 614176
 e 614690
 f 614750
 g 615455
 h 615619
 i 615910
 j 615639
 k 615161
 l 616309
 m 615513
 n 614534
 o 616784
 p 614184
 q 616068
 r 615642
 s 614005
 t 615291
 u 615205
 v 615409
 w 616436
 x 614849
 y 615359
 z 615755

Total characters:  16000000
DATA, 1000000, 100, elf27, 74.194000
 a 614523
 b 616259
 c 616475
 d 614176
 e 614690
 f 614750
 g 615455
 h 615619
 i 615910
 j 615639
 k 615161
 l 616309
 m 615513
 n 614534
 o 616784
 p 614184
 q 616068
 r 615642
 s 614005
 t 615291
 u 615205
 v 615409
 w 616436
 x 614849
 y 615359
 z 615755

Total characters:  16000000
DATA, 1000000, 100, elf09, 65.764000
 a 614523
 b 616259
 c 616475
 d 614176
 e 614690
 f 614750
 g 615455
 h 615619
 i 615910
 j 615639
 k 615161
 l 616309
 m 615513
 n 614534
 o 616784
 p 614184
 q 616068
 r 615642
 s 614005
 t 615291
 u 615205
 v 615409
 w 616436
 x 614849
 y 615359
 z 615755

Total characters:  16000000
DATA, 1000000, 100, elf09, 65.828000
 a 614523
 b 616259
 c 616475
 d 614176
 e 614690
 f 614750
 g 615455
 h 615619
 i 615910
 j 615639
 k 615161
 l 616309
 m 615513
 n 614534
 o 616784
 p 614184
 q 616068
 r 615642
 s 614005
 t 615291
 u 615205
 v 615409
 w 616436
 x 614849
 y 615359
 z 615755

Total characters:  16000000
DATA, 1000000, 100, elf09, 74.873000
 a 614523
 b 616259
 c 616475
 d 614176
 e 614690
 f 614750
 g 615455
 h 615619
 i 615910
 j 615639
 k 615161
 l 616309
 m 615513
 n 614534
 o 616784
 p 614184
 q 616068
 r 615642
 s 614005
 t 615291
 u 615205
 v 615409
 w 616436
 x 614849
 y 615359
 z 615755

Total characters:  16000000
DATA, 1000000, 100, elf09, 75.015000
 a 614523
 b 616259
 c 616475
 d 614176
 e 614690
 f 614750
 g 615455
 h 615619
 i 615910
 j 615639
 k 615161
 l 616309
 m 615513
 n 614534
 o 616784
 p 614184
 q 616068
 r 615642
 s 614005
 t 615291
 u 615205
 v 615409
 w 616436
 x 614849
 y 615359
 z 615755

Total characters:  16000000
DATA, 1000000, 100, elf09, 74.842000
 a 614523
 b 616259
 c 616475
 d 614176
 e 614690
 f 614750
 g 615455
 h 615619
 i 615910
 j 615639
 k 615161
 l 616309
 m 615513
 n 614534
 o 616784
 p 614184
 q 616068
 r 615642
 s 614005
 t 615291
 u 615205
 v 615409
 w 616436
 x 614849
 y 615359
 z 615755

Total characters:  16000000
DATA, 1000000, 100, elf09, 74.734000
 a 614523
 b 616259
 c 616475
 d 614176
 e 614690
 f 614750
 g 615455
 h 615619
 i 615910
 j 615639
 k 615161
 l 616309
 m 615513
 n 614534
 o 616784
 p 614184
 q 616068
 r 615642
 s 614005
 t 615291
 u 615205
 v 615409
 w 616436
 x 614849
 y 615359
 z 615755

Total characters:  16000000
DATA, 1000000, 100, elf27, 74.912000
 a 614523
 b 616259
 c 616475
 d 614176
 e 614690
 f 614750
 g 615455
 h 615619
 i 615910
 j 615639
 k 615161
 l 616309
 m 615513
 n 614534
 o 616784
 p 614184
 q 616068
 r 615642
 s 614005
 t 615291
 u 615205
 v 615409
 w 616436
 x 614849
 y 615359
 z 615755

Total characters:  16000000
DATA, 1000000, 100, elf27, 75.342000
 a 614523
 b 616259
 c 616475
 d 614176
 e 614690
 f 614750
 g 615455
 h 615619
 i 615910
 j 615639
 k 615161
 l 616309
 m 615513
 n 614534
 o 616784
 p 614184
 q 616068
 r 615642
 s 614005
 t 615291
 u 615205
 v 615409
 w 616436
 x 614849
 y 615359
 z 615755

Total characters:  16000000
DATA, 1000000, 100, elf09, 75.200000
 a 614523
 b 616259
 c 616475
 d 614176
 e 614690
 f 614750
 g 615455
 h 615619
 i 615910
 j 615639
 k 615161
 l 616309
 m 615513
 n 614534
 o 616784
 p 614184
 q 616068
 r 615642
 s 614005
 t 615291
 u 615205
 v 615409
 w 616436
 x 614849
 y 615359
 z 615755

Total characters:  16000000
DATA, 1000000, 100, elf09, 74.999000
 a 614523
 b 616259
 c 616475
 d 614176
 e 614690
 f 614750
 g 615455
 h 615619
 i 615910
 j 615639
 k 615161
 l 616309
 m 615513
 n 614534
 o 616784
 p 614184
 q 616068
 r 615642
 s 614005
 t 615291
 u 615205
 v 615409
 w 616436
 x 614849
 y 615359
 z 615755

Total characters:  16000000
DATA, 1000000, 100, elf27, 74.889000
 a 614523
 b 616259
 c 616475
 d 614176
 e 614690
 f 614750
 g 615455
 h 615619
 i 615910
 j 615639
 k 615161
 l 616309
 m 615513
 n 614534
 o 616784
 p 614184
 q 616068
 r 615642
 s 614005
 t 615291
 u 615205
 v 615409
 w 616436
 x 614849
 y 615359
 z 615755

Total characters:  16000000
DATA, 1000000, 100, elf27, 74.873000
 a 614523
 b 616259
 c 616475
 d 614176
 e 614690
 f 614750
 g 615455
 h 615619
 i 615910
 j 615639
 k 615161
 l 616309
 m 615513
 n 614534
 o 616784
 p 614184
 q 616068
 r 615642
 s 614005
 t 615291
 u 615205
 v 615409
 w 616436
 x 614849
 y 615359
 z 615755

Total characters:  16000000
DATA, 1000000, 100, elf32, 75.521000
 a 614523
 b 616259
 c 616475
 d 614176
 e 614690
 f 614750
 g 615455
 h 615619
 i 615910
 j 615639
 k 615161
 l 616309
 m 615513
 n 614534
 o 616784
 p 614184
 q 616068
 r 615642
 s 614005
 t 615291
 u 615205
 v 615409
 w 616436
 x 614849
 y 615359
 z 615755

Total characters:  16000000
DATA, 1000000, 100, elf32, 65.591000
 a 614523
 b 616259
 c 616475
 d 614176
 e 614690
 f 614750
 g 615455
 h 615619
 i 615910
 j 615639
 k 615161
 l 616309
 m 615513
 n 614534
 o 616784
 p 614184
 q 616068
 r 615642
 s 614005
 t 615291
 u 615205
 v 615409
 w 616436
 x 614849
 y 615359
 z 615755

Total characters:  16000000
DATA, 1000000, 100, elf32, 65.716000
 a 614523
 b 616259
 c 616475
 d 614176
 e 614690
 f 614750
 g 615455
 h 615619
 i 615910
 j 615639
 k 615161
 l 616309
 m 615513
 n 614534
 o 616784
 p 614184
 q 616068
 r 615642
 s 614005
 t 615291
 u 615205
 v 615409
 w 616436
 x 614849
 y 615359
 z 615755

Total characters:  16000000
DATA, 1000000, 100, elf09, 75.912000
 a 614523
 b 616259
 c 616475
 d 614176
 e 614690
 f 614750
 g 615455
 h 615619
 i 615910
 j 615639
 k 615161
 l 616309
 m 615513
 n 614534
 o 616784
 p 614184
 q 616068
 r 615642
 s 614005
 t 615291
 u 615205
 v 615409
 w 616436
 x 614849
 y 615359
 z 615755

Total characters:  16000000
DATA, 1000000, 100, elf20, 74.950000
 a 614523
 b 616259
 c 616475
 d 614176
 e 614690
 f 614750
 g 615455
 h 615619
 i 615910
 j 615639
 k 615161
 l 616309
 m 615513
 n 614534
 o 616784
 p 614184
 q 616068
 r 615642
 s 614005
 t 615291
 u 615205
 v 615409
 w 616436
 x 614849
 y 615359
 z 615755

Total characters:  16000000
DATA, 1000000, 100, elf20, 74.809000
 a 614523
 b 616259
 c 616475
 d 614176
 e 614690
 f 614750
 g 615455
 h 615619
 i 615910
 j 615639
 k 615161
 l 616309
 m 615513
 n 614534
 o 616784
 p 614184
 q 616068
 r 615642
 s 614005
 t 615291
 u 615205
 v 615409
 w 616436
 x 614849
 y 615359
 z 615755

Total characters:  16000000
DATA, 1000000, 100, elf27, 74.616000
 a 614523
 b 616259
 c 616475
 d 614176
 e 614690
 f 614750
 g 615455
 h 615619
 i 615910
 j 615639
 k 615161
 l 616309
 m 615513
 n 614534
 o 616784
 p 614184
 q 616068
 r 615642
 s 614005
 t 615291
 u 615205
 v 615409
 w 616436
 x 614849
 y 615359
 z 615755

Total characters:  16000000
DATA, 1000000, 100, elf25, 74.226000
 a 614523
 b 616259
 c 616475
 d 614176
 e 614690
 f 614750
 g 615455
 h 615619
 i 615910
 j 615639
 k 615161
 l 616309
 m 615513
 n 614534
 o 616784
 p 614184
 q 616068
 r 615642
 s 614005
 t 615291
 u 615205
 v 615409
 w 616436
 x 614849
 y 615359
 z 615755

Total characters:  16000000
DATA, 1000000, 100, elf25, 75.148000
 a 614523
 b 616259
 c 616475
 d 614176
 e 614690
 f 614750
 g 615455
 h 615619
 i 615910
 j 615639
 k 615161
 l 616309
 m 615513
 n 614534
 o 616784
 p 614184
 q 616068
 r 615642
 s 614005
 t 615291
 u 615205
 v 615409
 w 616436
 x 614849
 y 615359
 z 615755

Total characters:  16000000
DATA, 1000000, 100, elf32, 65.742000
 a 614523
 b 616259
 c 616475
 d 614176
 e 614690
 f 614750
 g 615455
 h 615619
 i 615910
 j 615639
 k 615161
 l 616309
 m 615513
 n 614534
 o 616784
 p 614184
 q 616068
 r 615642
 s 614005
 t 615291
 u 615205
 v 615409
 w 616436
 x 614849
 y 615359
 z 615755

Total characters:  16000000
DATA, 1000000, 100, elf25, 74.901000
 a 614523
 b 616259
 c 616475
 d 614176
 e 614690
 f 614750
 g 615455
 h 615619
 i 615910
 j 615639
 k 615161
 l 616309
 m 615513
 n 614534
 o 616784
 p 614184
 q 616068
 r 615642
 s 614005
 t 615291
 u 615205
 v 615409
 w 616436
 x 614849
 y 615359
 z 615755

Total characters:  16000000
DATA, 1000000, 100, elf35, 73.948000
 a 614523
 b 616259
 c 616475
 d 614176
 e 614690
 f 614750
 g 615455
 h 615619
 i 615910
 j 615639
 k 615161
 l 616309
 m 615513
 n 614534
 o 616784
 p 614184
 q 616068
 r 615642
 s 614005
 t 615291
 u 615205
 v 615409
 w 616436
 x 614849
 y 615359
 z 615755

Total characters:  16000000
DATA, 1000000, 100, elf25, 75.399000
 a 614523
 b 616259
 c 616475
 d 614176
 e 614690
 f 614750
 g 615455
 h 615619
 i 615910
 j 615639
 k 615161
 l 616309
 m 615513
 n 614534
 o 616784
 p 614184
 q 616068
 r 615642
 s 614005
 t 615291
 u 615205
 v 615409
 w 616436
 x 614849
 y 615359
 z 615755

Total characters:  16000000
DATA, 1000000, 100, elf35, 74.639000
 a 614523
 b 616259
 c 616475
 d 614176
 e 614690
 f 614750
 g 615455
 h 615619
 i 615910
 j 615639
 k 615161
 l 616309
 m 615513
 n 614534
 o 616784
 p 614184
 q 616068
 r 615642
 s 614005
 t 615291
 u 615205
 v 615409
 w 616436
 x 614849
 y 615359
 z 615755

Total characters:  16000000
DATA, 1000000, 100, elf35, 74.823000
 a 614523
 b 616259
 c 616475
 d 614176
 e 614690
 f 614750
 g 615455
 h 615619
 i 615910
 j 615639
 k 615161
 l 616309
 m 615513
 n 614534
 o 616784
 p 614184
 q 616068
 r 615642
 s 614005
 t 615291
 u 615205
 v 615409
 w 616436
 x 614849
 y 615359
 z 615755

Total characters:  16000000
DATA, 1000000, 100, elf35, 74.757000
 a 614523
 b 616259
 c 616475
 d 614176
 e 614690
 f 614750
 g 615455
 h 615619
 i 615910
 j 615639
 k 615161
 l 616309
 m 615513
 n 614534
 o 616784
 p 614184
 q 616068
 r 615642
 s 614005
 t 615291
 u 615205
 v 615409
 w 616436
 x 614849
 y 615359
 z 615755

Total characters:  16000000
DATA, 1000000, 100, elf35, 74.935000
 a 614523
 b 616259
 c 616475
 d 614176
 e 614690
 f 614750
 g 615455
 h 615619
 i 615910
 j 615639
 k 615161
 l 616309
 m 615513
 n 614534
 o 616784
 p 614184
 q 616068
 r 615642
 s 614005
 t 615291
 u 615205
 v 615409
 w 616436
 x 614849
 y 615359
 z 615755

Total characters:  16000000
DATA, 1000000, 100, elf35, 74.686000
 a 614523
 b 616259
 c 616475
 d 614176
 e 614690
 f 614750
 g 615455
 h 615619
 i 615910
 j 615639
 k 615161
 l 616309
 m 615513
 n 614534
 o 616784
 p 614184
 q 616068
 r 615642
 s 614005
 t 615291
 u 615205
 v 615409
 w 616436
 x 614849
 y 615359
 z 615755

Total characters:  16000000
DATA, 1000000, 100, elf35, 65.586000
 a 614523
 b 616259
 c 616475
 d 614176
 e 614690
 f 614750
 g 615455
 h 615619
 i 615910
 j 615639
 k 615161
 l 616309
 m 615513
 n 614534
 o 616784
 p 614184
 q 616068
 r 615642
 s 614005
 t 615291
 u 615205
 v 615409
 w 616436
 x 614849
 y 615359
 z 615755

Total characters:  16000000
DATA, 1000000, 100, elf35, 75.106000
 a 614523
 b 616259
 c 616475
 d 614176
 e 614690
 f 614750
 g 615455
 h 615619
 i 615910
 j 615639
 k 615161
 l 616309
 m 615513
 n 614534
 o 616784
 p 614184
 q 616068
 r 615642
 s 614005
 t 615291
 u 615205
 v 615409
 w 616436
 x 614849
 y 615359
 z 615755

Total characters:  16000000
DATA, 1000000, 100, elf35, 75.033000
 a 614523
 b 616259
 c 616475
 d 614176
 e 614690
 f 614750
 g 615455
 h 615619
 i 615910
 j 615639
 k 615161
 l 616309
 m 615513
 n 614534
 o 616784
 p 614184
 q 616068
 r 615642
 s 614005
 t 615291
 u 615205
 v 615409
 w 616436
 x 614849
 y 615359
 z 615755

Total characters:  16000000
DATA, 1000000, 100, elf35, 74.983000
 a 614523
 b 616259
 c 616475
 d 614176
 e 614690
 f 614750
 g 615455
 h 615619
 i 615910
 j 615639
 k 615161
 l 616309
 m 615513
 n 614534
 o 616784
 p 614184
 q 616068
 r 615642
 s 614005
 t 615291
 u 615205
 v 615409
 w 616436
 x 614849
 y 615359
 z 615755

Total characters:  16000000
DATA, 1000000, 100, elf27, 75.705000
 a 614523
 b 616259
 c 616475
 d 614176
 e 614690
 f 614750
 g 615455
 h 615619
 i 615910
 j 615639
 k 615161
 l 616309
 m 615513
 n 614534
 o 616784
 p 614184
 q 616068
 r 615642
 s 614005
 t 615291
 u 615205
 v 615409
 w 616436
 x 614849
 y 615359
 z 615755

Total characters:  16000000
DATA, 1000000, 100, elf32, 74.490000
 a 614523
 b 616259
 c 616475
 d 614176
 e 614690
 f 614750
 g 615455
 h 615619
 i 615910
 j 615639
 k 615161
 l 616309
 m 615513
 n 614534
 o 616784
 p 614184
 q 616068
 r 615642
 s 614005
 t 615291
 u 615205
 v 615409
 w 616436
 x 614849
 y 615359
 z 615755

Total characters:  16000000
DATA, 1000000, 100, elf32, 75.051000
 a 614523
 b 616259
 c 616475
 d 614176
 e 614690
 f 614750
 g 615455
 h 615619
 i 615910
 j 615639
 k 615161
 l 616309
 m 615513
 n 614534
 o 616784
 p 614184
 q 616068
 r 615642
 s 614005
 t 615291
 u 615205
 v 615409
 w 616436
 x 614849
 y 615359
 z 615755

Total characters:  16000000
DATA, 1000000, 100, elf32, 75.063000
 a 614523
 b 616259
 c 616475
 d 614176
 e 614690
 f 614750
 g 615455
 h 615619
 i 615910
 j 615639
 k 615161
 l 616309
 m 615513
 n 614534
 o 616784
 p 614184
 q 616068
 r 615642
 s 614005
 t 615291
 u 615205
 v 615409
 w 616436
 x 614849
 y 615359
 z 615755

Total characters:  16000000
DATA, 1000000, 100, elf32, 75.263000
 a 614523
 b 616259
 c 616475
 d 614176
 e 614690
 f 614750
 g 615455
 h 615619
 i 615910
 j 615639
 k 615161
 l 616309
 m 615513
 n 614534
 o 616784
 p 614184
 q 616068
 r 615642
 s 614005
 t 615291
 u 615205
 v 615409
 w 616436
 x 614849
 y 615359
 z 615755

Total characters:  16000000
DATA, 1000000, 100, elf09, 74.813000
 a 614523
 b 616259
 c 616475
 d 614176
 e 614690
 f 614750
 g 615455
 h 615619
 i 615910
 j 615639
 k 615161
 l 616309
 m 615513
 n 614534
 o 616784
 p 614184
 q 616068
 r 615642
 s 614005
 t 615291
 u 615205
 v 615409
 w 616436
 x 614849
 y 615359
 z 615755

Total characters:  16000000
DATA, 1000000, 100, elf35, 72.611000
 a 614523
 b 616259
 c 616475
 d 614176
 e 614690
 f 614750
 g 615455
 h 615619
 i 615910
 j 615639
 k 615161
 l 616309
 m 615513
 n 614534
 o 616784
 p 614184
 q 616068
 r 615642
 s 614005
 t 615291
 u 615205
 v 615409
 w 616436
 x 614849
 y 615359
 z 615755

Total characters:  16000000
DATA, 1000000, 100, elf09, 74.689000
 a 614523
 b 616259
 c 616475
 d 614176
 e 614690
 f 614750
 g 615455
 h 615619
 i 615910
 j 615639
 k 615161
 l 616309
 m 615513
 n 614534
 o 616784
 p 614184
 q 616068
 r 615642
 s 614005
 t 615291
 u 615205
 v 615409
 w 616436
 x 614849
 y 615359
 z 615755

Total characters:  16000000
DATA, 1000000, 100, elf32, 65.648000
 a 614523
 b 616259
 c 616475
 d 614176
 e 614690
 f 614750
 g 615455
 h 615619
 i 615910
 j 615639
 k 615161
 l 616309
 m 615513
 n 614534
 o 616784
 p 614184
 q 616068
 r 615642
 s 614005
 t 615291
 u 615205
 v 615409
 w 616436
 x 614849
 y 615359
 z 615755

Total characters:  16000000
DATA, 1000000, 100, elf35, 75.746000
 a 614523
 b 616259
 c 616475
 d 614176
 e 614690
 f 614750
 g 615455
 h 615619
 i 615910
 j 615639
 k 615161
 l 616309
 m 615513
 n 614534
 o 616784
 p 614184
 q 616068
 r 615642
 s 614005
 t 615291
 u 615205
 v 615409
 w 616436
 x 614849
 y 615359
 z 615755

Total characters:  16000000
DATA, 1000000, 100, elf35, 75.245000
 a 614523
 b 616259
 c 616475
 d 614176
 e 614690
 f 614750
 g 615455
 h 615619
 i 615910
 j 615639
 k 615161
 l 616309
 m 615513
 n 614534
 o 616784
 p 614184
 q 616068
 r 615642
 s 614005
 t 615291
 u 615205
 v 615409
 w 616436
 x 614849
 y 615359
 z 615755

Total characters:  16000000
DATA, 1000000, 100, elf32, 74.653000
 a 614523
 b 616259
 c 616475
 d 614176
 e 614690
 f 614750
 g 615455
 h 615619
 i 615910
 j 615639
 k 615161
 l 616309
 m 615513
 n 614534
 o 616784
 p 614184
 q 616068
 r 615642
 s 614005
 t 615291
 u 615205
 v 615409
 w 616436
 x 614849
 y 615359
 z 615755

Total characters:  16000000
DATA, 1000000, 100, elf35, 75.265000
 a 614523
 b 616259
 c 616475
 d 614176
 e 614690
 f 614750
 g 615455
 h 615619
 i 615910
 j 615639
 k 615161
 l 616309
 m 615513
 n 614534
 o 616784
 p 614184
 q 616068
 r 615642
 s 614005
 t 615291
 u 615205
 v 615409
 w 616436
 x 614849
 y 615359
 z 615755

Total characters:  16000000
DATA, 1000000, 100, elf35, 75.643000
 a 614523
 b 616259
 c 616475
 d 614176
 e 614690
 f 614750
 g 615455
 h 615619
 i 615910
 j 615639
 k 615161
 l 616309
 m 615513
 n 614534
 o 616784
 p 614184
 q 616068
 r 615642
 s 614005
 t 615291
 u 615205
 v 615409
 w 616436
 x 614849
 y 615359
 z 615755

Total characters:  16000000
DATA, 1000000, 100, elf20, 171.112000
 a 4919012
 b 4921795
 c 4926574
 d 4923347
 e 4922587
 f 4921194
 g 4921172
 h 4924136
 i 4922782
 j 4923424
 k 4924965
 l 4921798
 m 4924714
 n 4923356
 o 4924130
 p 4923067
 q 4923414
 r 4923847
 s 4922934
 t 4921513
 u 4921384
 v 4924699
 w 4926437
 x 4924902
 y 4921682
 z 4921135

Total characters:  128000000
 a 4919012
 b 4921795
 c 4926574
 d 4923347
 e 4922587
 f 4921194
 g 4921172
 h 4924136
 i 4922782
 j 4923424
 k 4924965
 l 4921798
 m 4924714
 n 4923356
 o 4924130
 p 4923067
 q 4923414
 r 4923847
 s 4922934
 t 4921513
 u 4921384
 v 4924699
 w 4926437
 x 4924902
 y 4921682
 z 4921135

Total characters:  128000000
 a 4919012
 b 4921795
 c 4926574
 d 4923347
 e 4922587
 f 4921194
 g 4921172
 h 4924136
 i 4922782
 j 4923424
 k 4924965
 l 4921798
 m 4924714
 n 4923356
 o 4924130
 p 4923067
 q 4923414
 r 4923847
 s 4922934
 t 4921513
 u 4921384
 v 4924699
 w 4926437
 x 4924902
 y 4921682
 z 4921135

Total characters:  128000000
 a 4919012
 b 4921795
 c 4926574
 d 4923347
 e 4922587
 f 4921194
 g 4921172
 h 4924136
 i 4922782
 j 4923424
 k 4924965
 l 4921798
 m 4924714
 n 4923356
 o 4924130
 p 4923067
 q 4923414
 r 4923847
 s 4922934
 t 4921513
 u 4921384
 v 4924699
 w 4926437
 x 4924902
 y 4921682
 z 4921135

Total characters:  128000000
srun: error: elf36: tasks 96-99: Exited with exit code 30
 a 4919012
 b 4921795
 c 4926574
 d 4923347
 e 4922587
 f 4921194
 g 4921172
 h 4924136
 i 4922782
 j 4923424
 k 4924965
 l 4921798
 m 4924714
 n 4923356
 o 4924130
 p 4923067
 q 4923414
 r 4923847
 s 4922934
 t 4921513
 u 4921384
 v 4924699
 w 4926437
 x 4924902
 y 4921682
 z 4921135

Total characters:  128000000
 a 4919012
 b 4921795
 c 4926574
 d 4923347
 e 4922587
 f 4921194
 g 4921172
 h 4924136
 i 4922782
 j 4923424
 k 4924965
 l 4921798
 m 4924714
 n 4923356
 o 4924130
 p 4923067
 q 4923414
 r 4923847
 s 4922934
 t 4921513
 u 4921384
 v 4924699
 w 4926437
 x 4924902
 y 4921682
 z 4921135

Total characters:  128000000
 a 4919012
 b 4921795
 c 4926574
 d 4923347
 e 4922587
 f 4921194
 g 4921172
 h 4924136
 i 4922782
 j 4923424
 k 4924965
 l 4921798
 m 4924714
 n 4923356
 o 4924130
 p 4923067
 q 4923414
 r 4923847
 s 4922934
 t 4921513
 u 4921384
 v 4924699
 w 4926437
 x 4924902
 y 4921682
 z 4921135

Total characters:  128000000
 a 4919012
 b 4921795
 c 4926574
 d 4923347
 e 4922587
 f 4921194
 g 4921172
 h 4924136
 i 4922782
 j 4923424
 k 4924965
 l 4921798
 m 4924714
 n 4923356
 o 4924130
 p 4923067
 q 4923414
 r 4923847
 s 4922934
 t 4921513
 u 4921384
 v 4924699
 w 4926437
 x 4924902
 y 4921682
 z 4921135

Total characters:  128000000
 a 4919012
 b 4921795
 c 4926574
 d 4923347
 e 4922587
 f 4921194
 g 4921172
 h 4924136
 i 4922782
 j 4923424
 k 4924965
 l 4921798
 m 4924714
 n 4923356
 o 4924130
 p 4923067
 q 4923414
 r 4923847
 s 4922934
 t 4921513
 u 4921384
 v 4924699
 w 4926437
 x 4924902
 y 4921682
 z 4921135

Total characters:  128000000
 a 4919012
 b 4921795
 c 4926574
 d 4923347
 e 4922587
 f 4921194
 g 4921172
 h 4924136
 i 4922782
 j 4923424
 k 4924965
 l 4921798
 m 4924714
 n 4923356
 o 4924130
 p 4923067
 q 4923414
 r 4923847
 s 4922934
 t 4921513
 u 4921384
 v 4924699
 w 4926437
 x 4924902
 y 4921682
 z 4921135

Total characters:  128000000
 a 4919012
 b 4921795
 c 4926574
 d 4923347
 e 4922587
 f 4921194
 g 4921172
 h 4924136
 i 4922782
 j 4923424
 k 4924965
 l 4921798
 m 4924714
 n 4923356
 o 4924130
 p 4923067
 q 4923414
 r 4923847
 s 4922934
 t 4921513
 u 4921384
 v 4924699
 w 4926437
 x 4924902
 y 4921682
 z 4921135

Total characters:  128000000
 a 4919012
 b 4921795
 c 4926574
 d 4923347
 e 4922587
 f 4921194
 g 4921172
 h 4924136
 i 4922782
 j 4923424
 k 4924965
 l 4921798
 m 4924714
 n 4923356
 o 4924130
 p 4923067
 q 4923414
 r 4923847
 s 4922934
 t 4921513
 u 4921384
 v 4924699
 w 4926437
 x 4924902
 y 4921682
 z 4921135

Total characters:  128000000
 a 4919012
 b 4921795
 c 4926574
 d 4923347
 e 4922587
 f 4921194
 g 4921172
 h 4924136
 i 4922782
 j 4923424
 k 4924965
 l 4921798
 m 4924714
 n 4923356
 o 4924130
 p 4923067
 q 4923414
 r 4923847
 s 4922934
 t 4921513
 u 4921384
 v 4924699
 w 4926437
 x 4924902
 y 4921682
 z 4921135

Total characters:  128000000
 a 4919012
 b 4921795
 c 4926574
 d 4923347
 e 4922587
 f 4921194
 g 4921172
 h 4924136
 i 4922782
 j 4923424
 k 4924965
 l 4921798
 m 4924714
 n 4923356
 o 4924130
 p 4923067
 q 4923414
 r 4923847
 s 4922934
 t 4921513
 u 4921384
 v 4924699
 w 4926437
 x 4924902
 y 4921682
 z 4921135

Total characters:  128000000
 a 4919012
 b 4921795
 c 4926574
 d 4923347
 e 4922587
 f 4921194
 g 4921172
 h 4924136
 i 4922782
 j 4923424
 k 4924965
 l 4921798
 m 4924714
 n 4923356
 o 4924130
 p 4923067
 q 4923414
 r 4923847
 s 4922934
 t 4921513
 u 4921384
 v 4924699
 w 4926437
 x 4924902
 y 4921682
 z 4921135

Total characters:  128000000
 a 4919012
 b 4921795
 c 4926574
 d 4923347
 e 4922587
 f 4921194
 g 4921172
 h 4924136
 i 4922782
 j 4923424
 k 4924965
 l 4921798
 m 4924714
 n 4923356
 o 4924130
 p 4923067
 q 4923414
 r 4923847
 s 4922934
 t 4921513
 u 4921384
 v 4924699
 w 4926437
 x 4924902
 y 4921682
 z 4921135

Total characters:  128000000
 a 4919012
 b 4921795
 c 4926574
 d 4923347
 e 4922587
 f 4921194
 g 4921172
 h 4924136
 i 4922782
 j 4923424
 k 4924965
 l 4921798
 m 4924714
 n 4923356
 o 4924130
 p 4923067
 q 4923414
 r 4923847
 s 4922934
 t 4921513
 u 4921384
 v 4924699
 w 4926437
 x 4924902
 y 4921682
 z 4921135

Total characters:  128000000
 a 4919012
 b 4921795
 c 4926574
 d 4923347
 e 4922587
 f 4921194
 g 4921172
 h 4924136
 i 4922782
 j 4923424
 k 4924965
 l 4921798
 m 4924714
 n 4923356
 o 4924130
 p 4923067
 q 4923414
 r 4923847
 s 4922934
 t 4921513
 u 4921384
 v 4924699
 w 4926437
 x 4924902
 y 4921682
 z 4921135

Total characters:  128000000
 a 4919012
 b 4921795
 c 4926574
 d 4923347
 e 4922587
 f 4921194
 g 4921172
 h 4924136
 i 4922782
 j 4923424
 k 4924965
 l 4921798
 m 4924714
 n 4923356
 o 4924130
 p 4923067
 q 4923414
 r 4923847
 s 4922934
 t 4921513
 u 4921384
 v 4924699
 w 4926437
 x 4924902
 y 4921682
 z 4921135

Total characters:  128000000
 a 4919012
 b 4921795
 c 4926574
 d 4923347
 e 4922587
 f 4921194
 g 4921172
 h 4924136
 i 4922782
 j 4923424
 k 4924965
 l 4921798
 m 4924714
 n 4923356
 o 4924130
 p 4923067
 q 4923414
 r 4923847
 s 4922934
 t 4921513
 u 4921384
 v 4924699
 w 4926437
 x 4924902
 y 4921682
 z 4921135

Total characters:  128000000
 a 4919012
 b 4921795
 c 4926574
 d 4923347
 e 4922587
 f 4921194
 g 4921172
 h 4924136
 i 4922782
 j 4923424
 k 4924965
 l 4921798
 m 4924714
 n 4923356
 o 4924130
 p 4923067
 q 4923414
 r 4923847
 s 4922934
 t 4921513
 u 4921384
 v 4924699
 w 4926437
 x 4924902
 y 4921682
 z 4921135

Total characters:  128000000
 a 4919012
 b 4921795
 c 4926574
 d 4923347
 e 4922587
 f 4921194
 g 4921172
 h 4924136
 i 4922782
 j 4923424
 k 4924965
 l 4921798
 m 4924714
 n 4923356
 o 4924130
 p 4923067
 q 4923414
 r 4923847
 s 4922934
 t 4921513
 u 4921384
 v 4924699
 w 4926437
 x 4924902
 y 4921682
 z 4921135

Total characters:  128000000
 a 4919012
 b 4921795
 c 4926574
 d 4923347
 e 4922587
 f 4921194
 g 4921172
 h 4924136
 i 4922782
 j 4923424
 k 4924965
 l 4921798
 m 4924714
 n 4923356
 o 4924130
 p 4923067
 q 4923414
 r 4923847
 s 4922934
 t 4921513
 u 4921384
 v 4924699
 w 4926437
 x 4924902
 y 4921682
 z 4921135

Total characters:  128000000
 a 4919012
 b 4921795
 c 4926574
 d 4923347
 e 4922587
 f 4921194
 g 4921172
 h 4924136
 i 4922782
 j 4923424
 k 4924965
 l 4921798
 m 4924714
 n 4923356
 o 4924130
 p 4923067
 q 4923414
 r 4923847
 s 4922934
 t 4921513
 u 4921384
 v 4924699
 w 4926437
 x 4924902
 y 4921682
 z 4921135

Total characters:  128000000
 a 4919012
 b 4921795
 c 4926574
 d 4923347
 e 4922587
 f 4921194
 g 4921172
 h 4924136
 i 4922782
 j 4923424
 k 4924965
 l 4921798
 m 4924714
 n 4923356
 o 4924130
 p 4923067
 q 4923414
 r 4923847
 s 4922934
 t 4921513
 u 4921384
 v 4924699
 w 4926437
 x 4924902
 y 4921682
 z 4921135

Total characters:  128000000
 a 4919012
 b 4921795
 c 4926574
 d 4923347
 e 4922587
 f 4921194
 g 4921172
 h 4924136
 i 4922782
 j 4923424
 k 4924965
 l 4921798
 m 4924714
 n 4923356
 o 4924130
 p 4923067
 q 4923414
 r 4923847
 s 4922934
 t 4921513
 u 4921384
 v 4924699
 w 4926437
 x 4924902
 y 4921682
 z 4921135

Total characters:  128000000
 a 4919012
 b 4921795
 c 4926574
 d 4923347
 e 4922587
 f 4921194
 g 4921172
 h 4924136
 i 4922782
 j 4923424
 k 4924965
 l 4921798
 m 4924714
 n 4923356
 o 4924130
 p 4923067
 q 4923414
 r 4923847
 s 4922934
 t 4921513
 u 4921384
 v 4924699
 w 4926437
 x 4924902
 y 4921682
 z 4921135

Total characters:  128000000
 a 4919012
 b 4921795
 c 4926574
 d 4923347
 e 4922587
 f 4921194
 g 4921172
 h 4924136
 i 4922782
 j 4923424
 k 4924965
 l 4921798
 m 4924714
 n 4923356
 o 4924130
 p 4923067
 q 4923414
 r 4923847
 s 4922934
 t 4921513
 u 4921384
 v 4924699
 w 4926437
 x 4924902
 y 4921682
 z 4921135

Total characters:  128000000
 a 4919012
 b 4921795
 c 4926574
 d 4923347
 e 4922587
 f 4921194
 g 4921172
 h 4924136
 i 4922782
 j 4923424
 k 4924965
 l 4921798
 m 4924714
 n 4923356
 o 4924130
 p 4923067
 q 4923414
 r 4923847
 s 4922934
 t 4921513
 u 4921384
 v 4924699
 w 4926437
 x 4924902
 y 4921682
 z 4921135

Total characters:  128000000
 a 4919012
 b 4921795
 c 4926574
 d 4923347
 e 4922587
 f 4921194
 g 4921172
 h 4924136
 i 4922782
 j 4923424
 k 4924965
 l 4921798
 m 4924714
 n 4923356
 o 4924130
 p 4923067
 q 4923414
 r 4923847
 s 4922934
 t 4921513
 u 4921384
 v 4924699
 w 4926437
 x 4924902
 y 4921682
 z 4921135

Total characters:  128000000
 a 4919012
 b 4921795
 c 4926574
 d 4923347
 e 4922587
 f 4921194
 g 4921172
 h 4924136
 i 4922782
 j 4923424
 k 4924965
 l 4921798
 m 4924714
 n 4923356
 o 4924130
 p 4923067
 q 4923414
 r 4923847
 s 4922934
 t 4921513
 u 4921384
 v 4924699
 w 4926437
 x 4924902
 y 4921682
 z 4921135

Total characters:  128000000
 a 4919012
 b 4921795
 c 4926574
 d 4923347
 e 4922587
 f 4921194
 g 4921172
 h 4924136
 i 4922782
 j 4923424
 k 4924965
 l 4921798
 m 4924714
 n 4923356
 o 4924130
 p 4923067
 q 4923414
 r 4923847
 s 4922934
 t 4921513
 u 4921384
 v 4924699
 w 4926437
 x 4924902
 y 4921682
 z 4921135

Total characters:  128000000
 a 4919012
 b 4921795
 c 4926574
 d 4923347
 e 4922587
 f 4921194
 g 4921172
 h 4924136
 i 4922782
 j 4923424
 k 4924965
 l 4921798
 m 4924714
 n 4923356
 o 4924130
 p 4923067
 q 4923414
 r 4923847
 s 4922934
 t 4921513
 u 4921384
 v 4924699
 w 4926437
 x 4924902
 y 4921682
 z 4921135

Total characters:  128000000
 a 4919012
 b 4921795
 c 4926574
 d 4923347
 e 4922587
 f 4921194
 g 4921172
 h 4924136
 i 4922782
 j 4923424
 k 4924965
 l 4921798
 m 4924714
 n 4923356
 o 4924130
 p 4923067
 q 4923414
 r 4923847
 s 4922934
 t 4921513
 u 4921384
 v 4924699
 w 4926437
 x 4924902
 y 4921682
 z 4921135

Total characters:  128000000
 a 4919012
 b 4921795
 c 4926574
 d 4923347
 e 4922587
 f 4921194
 g 4921172
 h 4924136
 i 4922782
 j 4923424
 k 4924965
 l 4921798
 m 4924714
 n 4923356
 o 4924130
 p 4923067
 q 4923414
 r 4923847
 s 4922934
 t 4921513
 u 4921384
 v 4924699
 w 4926437
 x 4924902
 y 4921682
 z 4921135

Total characters:  128000000
 a 4919012
 b 4921795
 c 4926574
 d 4923347
 e 4922587
 f 4921194
 g 4921172
 h 4924136
 i 4922782
 j 4923424
 k 4924965
 l 4921798
 m 4924714
 n 4923356
 o 4924130
 p 4923067
 q 4923414
 r 4923847
 s 4922934
 t 4921513
 u 4921384
 v 4924699
 w 4926437
 x 4924902
 y 4921682
 z 4921135

Total characters:  128000000
 a 4919012
 b 4921795
 c 4926574
 d 4923347
 e 4922587
 f 4921194
 g 4921172
 h 4924136
 i 4922782
 j 4923424
 k 4924965
 l 4921798
 m 4924714
 n 4923356
 o 4924130
 p 4923067
 q 4923414
 r 4923847
 s 4922934
 t 4921513
 u 4921384
 v 4924699
 w 4926437
 x 4924902
 y 4921682
 z 4921135

Total characters:  128000000
 a 4919012
 b 4921795
 c 4926574
 d 4923347
 e 4922587
 f 4921194
 g 4921172
 h 4924136
 i 4922782
 j 4923424
 k 4924965
 l 4921798
 m 4924714
 n 4923356
 o 4924130
 p 4923067
 q 4923414
 r 4923847
 s 4922934
 t 4921513
 u 4921384
 v 4924699
 w 4926437
 x 4924902
 y 4921682
 z 4921135

Total characters:  128000000
 a 4919012
 b 4921795
 c 4926574
 d 4923347
 e 4922587
 f 4921194
 g 4921172
 h 4924136
 i 4922782
 j 4923424
 k 4924965
 l 4921798
 m 4924714
 n 4923356
 o 4924130
 p 4923067
 q 4923414
 r 4923847
 s 4922934
 t 4921513
 u 4921384
 v 4924699
 w 4926437
 x 4924902
 y 4921682
 z 4921135

Total characters:  128000000
 a 4919012
 b 4921795
 c 4926574
 d 4923347
 e 4922587
 f 4921194
 g 4921172
 h 4924136
 i 4922782
 j 4923424
 k 4924965
 l 4921798
 m 4924714
 n 4923356
 o 4924130
 p 4923067
 q 4923414
 r 4923847
 s 4922934
 t 4921513
 u 4921384
 v 4924699
 w 4926437
 x 4924902
 y 4921682
 z 4921135

Total characters:  128000000
 a 4919012
 b 4921795
 c 4926574
 d 4923347
 e 4922587
 f 4921194
 g 4921172
 h 4924136
 i 4922782
 j 4923424
 k 4924965
 l 4921798
 m 4924714
 n 4923356
 o 4924130
 p 4923067
 q 4923414
 r 4923847
 s 4922934
 t 4921513
 u 4921384
 v 4924699
 w 4926437
 x 4924902
 y 4921682
 z 4921135

Total characters:  128000000
 a 4919012
 b 4921795
 c 4926574
 d 4923347
 e 4922587
 f 4921194
 g 4921172
 h 4924136
 i 4922782
 j 4923424
 k 4924965
 l 4921798
 m 4924714
 n 4923356
 o 4924130
 p 4923067
 q 4923414
 r 4923847
 s 4922934
 t 4921513
 u 4921384
 v 4924699
 w 4926437
 x 4924902
 y 4921682
 z 4921135

Total characters:  128000000
 a 4919012
 b 4921795
 c 4926574
 d 4923347
 e 4922587
 f 4921194
 g 4921172
 h 4924136
 i 4922782
 j 4923424
 k 4924965
 l 4921798
 m 4924714
 n 4923356
 o 4924130
 p 4923067
 q 4923414
 r 4923847
 s 4922934
 t 4921513
 u 4921384
 v 4924699
 w 4926437
 x 4924902
 y 4921682
 z 4921135

Total characters:  128000000
 a 4919012
 b 4921795
 c 4926574
 d 4923347
 e 4922587
 f 4921194
 g 4921172
 h 4924136
 i 4922782
 j 4923424
 k 4924965
 l 4921798
 m 4924714
 n 4923356
 o 4924130
 p 4923067
 q 4923414
 r 4923847
 s 4922934
 t 4921513
 u 4921384
 v 4924699
 w 4926437
 x 4924902
 y 4921682
 z 4921135

Total characters:  128000000
 a 4919012
 b 4921795
 c 4926574
 d 4923347
 e 4922587
 f 4921194
 g 4921172
 h 4924136
 i 4922782
 j 4923424
 k 4924965
 l 4921798
 m 4924714
 n 4923356
 o 4924130
 p 4923067
 q 4923414
 r 4923847
 s 4922934
 t 4921513
 u 4921384
 v 4924699
 w 4926437
 x 4924902
 y 4921682
 z 4921135

Total characters:  128000000
 a 4919012
 b 4921795
 c 4926574
 d 4923347
 e 4922587
 f 4921194
 g 4921172
 h 4924136
 i 4922782
 j 4923424
 k 4924965
 l 4921798
 m 4924714
 n 4923356
 o 4924130
 p 4923067
 q 4923414
 r 4923847
 s 4922934
 t 4921513
 u 4921384
 v 4924699
 w 4926437
 x 4924902
 y 4921682
 z 4921135

Total characters:  128000000
 a 4919012
 b 4921795
 c 4926574
 d 4923347
 e 4922587
 f 4921194
 g 4921172
 h 4924136
 i 4922782
 j 4923424
 k 4924965
 l 4921798
 m 4924714
 n 4923356
 o 4924130
 p 4923067
 q 4923414
 r 4923847
 s 4922934
 t 4921513
 u 4921384
 v 4924699
 w 4926437
 x 4924902
 y 4921682
 z 4921135

Total characters:  128000000
 a 4919012
 b 4921795
 c 4926574
 d 4923347
 e 4922587
 f 4921194
 g 4921172
 h 4924136
 i 4922782
 j 4923424
 k 4924965
 l 4921798
 m 4924714
 n 4923356
 o 4924130
 p 4923067
 q 4923414
 r 4923847
 s 4922934
 t 4921513
 u 4921384
 v 4924699
 w 4926437
 x 4924902
 y 4921682
 z 4921135

Total characters:  128000000
 a 4919012
 b 4921795
 c 4926574
 d 4923347
 e 4922587
 f 4921194
 g 4921172
 h 4924136
 i 4922782
 j 4923424
 k 4924965
 l 4921798
 m 4924714
 n 4923356
 o 4924130
 p 4923067
 q 4923414
 r 4923847
 s 4922934
 t 4921513
 u 4921384
 v 4924699
 w 4926437
 x 4924902
 y 4921682
 z 4921135

Total characters:  128000000
 a 4919012
 b 4921795
 c 4926574
 d 4923347
 e 4922587
 f 4921194
 g 4921172
 h 4924136
 i 4922782
 j 4923424
 k 4924965
 l 4921798
 m 4924714
 n 4923356
 o 4924130
 p 4923067
 q 4923414
 r 4923847
 s 4922934
 t 4921513
 u 4921384
 v 4924699
 w 4926437
 x 4924902
 y 4921682
 z 4921135

Total characters:  128000000
 a 4919012
 b 4921795
 c 4926574
 d 4923347
 e 4922587
 f 4921194
 g 4921172
 h 4924136
 i 4922782
 j 4923424
 k 4924965
 l 4921798
 m 4924714
 n 4923356
 o 4924130
 p 4923067
 q 4923414
 r 4923847
 s 4922934
 t 4921513
 u 4921384
 v 4924699
 w 4926437
 x 4924902
 y 4921682
 z 4921135

Total characters:  128000000
 a 4919012
 b 4921795
 c 4926574
 d 4923347
 e 4922587
 f 4921194
 g 4921172
 h 4924136
 i 4922782
 j 4923424
 k 4924965
 l 4921798
 m 4924714
 n 4923356
 o 4924130
 p 4923067
 q 4923414
 r 4923847
 s 4922934
 t 4921513
 u 4921384
 v 4924699
 w 4926437
 x 4924902
 y 4921682
 z 4921135

Total characters:  128000000
 a 4919012
 b 4921795
 c 4926574
 d 4923347
 e 4922587
 f 4921194
 g 4921172
 h 4924136
 i 4922782
 j 4923424
 k 4924965
 l 4921798
 m 4924714
 n 4923356
 o 4924130
 p 4923067
 q 4923414
 r 4923847
 s 4922934
 t 4921513
 u 4921384
 v 4924699
 w 4926437
 x 4924902
 y 4921682
 z 4921135

Total characters:  128000000
 a 4919012
 b 4921795
 c 4926574
 d 4923347
 e 4922587
 f 4921194
 g 4921172
 h 4924136
 i 4922782
 j 4923424
 k 4924965
 l 4921798
 m 4924714
 n 4923356
 o 4924130
 p 4923067
 q 4923414
 r 4923847
 s 4922934
 t 4921513
 u 4921384
 v 4924699
 w 4926437
 x 4924902
 y 4921682
 z 4921135

Total characters:  128000000
 a 4919012
 b 4921795
 c 4926574
 d 4923347
 e 4922587
 f 4921194
 g 4921172
 h 4924136
 i 4922782
 j 4923424
 k 4924965
 l 4921798
 m 4924714
 n 4923356
 o 4924130
 p 4923067
 q 4923414
 r 4923847
 s 4922934
 t 4921513
 u 4921384
 v 4924699
 w 4926437
 x 4924902
 y 4921682
 z 4921135

Total characters:  128000000
 a 4919012
 b 4921795
 c 4926574
 d 4923347
 e 4922587
 f 4921194
 g 4921172
 h 4924136
 i 4922782
 j 4923424
 k 4924965
 l 4921798
 m 4924714
 n 4923356
 o 4924130
 p 4923067
 q 4923414
 r 4923847
 s 4922934
 t 4921513
 u 4921384
 v 4924699
 w 4926437
 x 4924902
 y 4921682
 z 4921135

Total characters:  128000000
 a 4919012
 b 4921795
 c 4926574
 d 4923347
 e 4922587
 f 4921194
 g 4921172
 h 4924136
 i 4922782
 j 4923424
 k 4924965
 l 4921798
 m 4924714
 n 4923356
 o 4924130
 p 4923067
 q 4923414
 r 4923847
 s 4922934
 t 4921513
 u 4921384
 v 4924699
 w 4926437
 x 4924902
 y 4921682
 z 4921135

Total characters:  128000000
 a 4919012
 b 4921795
 c 4926574
 d 4923347
 e 4922587
 f 4921194
 g 4921172
 h 4924136
 i 4922782
 j 4923424
 k 4924965
 l 4921798
 m 4924714
 n 4923356
 o 4924130
 p 4923067
 q 4923414
 r 4923847
 s 4922934
 t 4921513
 u 4921384
 v 4924699
 w 4926437
 x 4924902
 y 4921682
 z 4921135

Total characters:  128000000
 a 4919012
 b 4921795
 c 4926574
 d 4923347
 e 4922587
 f 4921194
 g 4921172
 h 4924136
 i 4922782
 j 4923424
 k 4924965
 l 4921798
 m 4924714
 n 4923356
 o 4924130
 p 4923067
 q 4923414
 r 4923847
 s 4922934
 t 4921513
 u 4921384
 v 4924699
 w 4926437
 x 4924902
 y 4921682
 z 4921135

Total characters:  128000000
 a 4919012
 b 4921795
 c 4926574
 d 4923347
 e 4922587
 f 4921194
 g 4921172
 h 4924136
 i 4922782
 j 4923424
 k 4924965
 l 4921798
 m 4924714
 n 4923356
 o 4924130
 p 4923067
 q 4923414
 r 4923847
 s 4922934
 t 4921513
 u 4921384
 v 4924699
 w 4926437
 x 4924902
 y 4921682
 z 4921135

Total characters:  128000000
 a 4919012
 b 4921795
 c 4926574
 d 4923347
 e 4922587
 f 4921194
 g 4921172
 h 4924136
 i 4922782
 j 4923424
 k 4924965
 l 4921798
 m 4924714
 n 4923356
 o 4924130
 p 4923067
 q 4923414
 r 4923847
 s 4922934
 t 4921513
 u 4921384
 v 4924699
 w 4926437
 x 4924902
 y 4921682
 z 4921135

Total characters:  128000000
 a 4919012
 b 4921795
 c 4926574
 d 4923347
 e 4922587
 f 4921194
 g 4921172
 h 4924136
 i 4922782
 j 4923424
 k 4924965
 l 4921798
 m 4924714
 n 4923356
 o 4924130
 p 4923067
 q 4923414
 r 4923847
 s 4922934
 t 4921513
 u 4921384
 v 4924699
 w 4926437
 x 4924902
 y 4921682
 z 4921135

Total characters:  128000000
 a 4919012
 b 4921795
 c 4926574
 d 4923347
 e 4922587
 f 4921194
 g 4921172
 h 4924136
 i 4922782
 j 4923424
 k 4924965
 l 4921798
 m 4924714
 n 4923356
 o 4924130
 p 4923067
 q 4923414
 r 4923847
 s 4922934
 t 4921513
 u 4921384
 v 4924699
 w 4926437
 x 4924902
 y 4921682
 z 4921135

Total characters:  128000000
 a 4919012
 b 4921795
 c 4926574
 d 4923347
 e 4922587
 f 4921194
 g 4921172
 h 4924136
 i 4922782
 j 4923424
 k 4924965
 l 4921798
 m 4924714
 n 4923356
 o 4924130
 p 4923067
 q 4923414
 r 4923847
 s 4922934
 t 4921513
 u 4921384
 v 4924699
 w 4926437
 x 4924902
 y 4921682
 z 4921135

Total characters:  128000000
 a 4919012
 b 4921795
 c 4926574
 d 4923347
 e 4922587
 f 4921194
 g 4921172
 h 4924136
 i 4922782
 j 4923424
 k 4924965
 l 4921798
 m 4924714
 n 4923356
 o 4924130
 p 4923067
 q 4923414
 r 4923847
 s 4922934
 t 4921513
 u 4921384
 v 4924699
 w 4926437
 x 4924902
 y 4921682
 z 4921135

Total characters:  128000000
 a 4919012
 b 4921795
 c 4926574
 d 4923347
 e 4922587
 f 4921194
 g 4921172
 h 4924136
 i 4922782
 j 4923424
 k 4924965
 l 4921798
 m 4924714
 n 4923356
 o 4924130
 p 4923067
 q 4923414
 r 4923847
 s 4922934
 t 4921513
 u 4921384
 v 4924699
 w 4926437
 x 4924902
 y 4921682
 z 4921135

Total characters:  128000000
 a 4919012
 b 4921795
 c 4926574
 d 4923347
 e 4922587
 f 4921194
 g 4921172
 h 4924136
 i 4922782
 j 4923424
 k 4924965
 l 4921798
 m 4924714
 n 4923356
 o 4924130
 p 4923067
 q 4923414
 r 4923847
 s 4922934
 t 4921513
 u 4921384
 v 4924699
 w 4926437
 x 4924902
 y 4921682
 z 4921135

Total characters:  128000000
 a 4919012
 b 4921795
 c 4926574
 d 4923347
 e 4922587
 f 4921194
 g 4921172
 h 4924136
 i 4922782
 j 4923424
 k 4924965
 l 4921798
 m 4924714
 n 4923356
 o 4924130
 p 4923067
 q 4923414
 r 4923847
 s 4922934
 t 4921513
 u 4921384
 v 4924699
 w 4926437
 x 4924902
 y 4921682
 z 4921135

Total characters:  128000000
 a 4919012
 b 4921795
 c 4926574
 d 4923347
 e 4922587
 f 4921194
 g 4921172
 h 4924136
 i 4922782
 j 4923424
 k 4924965
 l 4921798
 m 4924714
 n 4923356
 o 4924130
 p 4923067
 q 4923414
 r 4923847
 s 4922934
 t 4921513
 u 4921384
 v 4924699
 w 4926437
 x 4924902
 y 4921682
 z 4921135

Total characters:  128000000
 a 4919012
 b 4921795
 c 4926574
 d 4923347
 e 4922587
 f 4921194
 g 4921172
 h 4924136
 i 4922782
 j 4923424
 k 4924965
 l 4921798
 m 4924714
 n 4923356
 o 4924130
 p 4923067
 q 4923414
 r 4923847
 s 4922934
 t 4921513
 u 4921384
 v 4924699
 w 4926437
 x 4924902
 y 4921682
 z 4921135

Total characters:  128000000
 a 4919012
 b 4921795
 c 4926574
 d 4923347
 e 4922587
 f 4921194
 g 4921172
 h 4924136
 i 4922782
 j 4923424
 k 4924965
 l 4921798
 m 4924714
 n 4923356
 o 4924130
 p 4923067
 q 4923414
 r 4923847
 s 4922934
 t 4921513
 u 4921384
 v 4924699
 w 4926437
 x 4924902
 y 4921682
 z 4921135

Total characters:  128000000
 a 4919012
 b 4921795
 c 4926574
 d 4923347
 e 4922587
 f 4921194
 g 4921172
 h 4924136
 i 4922782
 j 4923424
 k 4924965
 l 4921798
 m 4924714
 n 4923356
 o 4924130
 p 4923067
 q 4923414
 r 4923847
 s 4922934
 t 4921513
 u 4921384
 v 4924699
 w 4926437
 x 4924902
 y 4921682
 z 4921135

Total characters:  128000000
 a 4919012
 b 4921795
 c 4926574
 d 4923347
 e 4922587
 f 4921194
 g 4921172
 h 4924136
 i 4922782
 j 4923424
 k 4924965
 l 4921798
 m 4924714
 n 4923356
 o 4924130
 p 4923067
 q 4923414
 r 4923847
 s 4922934
 t 4921513
 u 4921384
 v 4924699
 w 4926437
 x 4924902
 y 4921682
 z 4921135

Total characters:  128000000
 a 4919012
 b 4921795
 c 4926574
 d 4923347
 e 4922587
 f 4921194
 g 4921172
 h 4924136
 i 4922782
 j 4923424
 k 4924965
 l 4921798
 m 4924714
 n 4923356
 o 4924130
 p 4923067
 q 4923414
 r 4923847
 s 4922934
 t 4921513
 u 4921384
 v 4924699
 w 4926437
 x 4924902
 y 4921682
 z 4921135

Total characters:  128000000
 a 4919012
 b 4921795
 c 4926574
 d 4923347
 e 4922587
 f 4921194
 g 4921172
 h 4924136
 i 4922782
 j 4923424
 k 4924965
 l 4921798
 m 4924714
 n 4923356
 o 4924130
 p 4923067
 q 4923414
 r 4923847
 s 4922934
 t 4921513
 u 4921384
 v 4924699
 w 4926437
 x 4924902
 y 4921682
 z 4921135

Total characters:  128000000
 a 4919012
 b 4921795
 c 4926574
 d 4923347
 e 4922587
 f 4921194
 g 4921172
 h 4924136
 i 4922782
 j 4923424
 k 4924965
 l 4921798
 m 4924714
 n 4923356
 o 4924130
 p 4923067
 q 4923414
 r 4923847
 s 4922934
 t 4921513
 u 4921384
 v 4924699
 w 4926437
 x 4924902
 y 4921682
 z 4921135

Total characters:  128000000
 a 4919012
 b 4921795
 c 4926574
 d 4923347
 e 4922587
 f 4921194
 g 4921172
 h 4924136
 i 4922782
 j 4923424
 k 4924965
 l 4921798
 m 4924714
 n 4923356
 o 4924130
 p 4923067
 q 4923414
 r 4923847
 s 4922934
 t 4921513
 u 4921384
 v 4924699
 w 4926437
 x 4924902
 y 4921682
 z 4921135

Total characters:  128000000
 a 4919012
 b 4921795
 c 4926574
 d 4923347
 e 4922587
 f 4921194
 g 4921172
 h 4924136
 i 4922782
 j 4923424
 k 4924965
 l 4921798
 m 4924714
 n 4923356
 o 4924130
 p 4923067
 q 4923414
 r 4923847
 s 4922934
 t 4921513
 u 4921384
 v 4924699
 w 4926437
 x 4924902
 y 4921682
 z 4921135

Total characters:  128000000
 a 4919012
 b 4921795
 c 4926574
 d 4923347
 e 4922587
 f 4921194
 g 4921172
 h 4924136
 i 4922782
 j 4923424
 k 4924965
 l 4921798
 m 4924714
 n 4923356
 o 4924130
 p 4923067
 q 4923414
 r 4923847
 s 4922934
 t 4921513
 u 4921384
 v 4924699
 w 4926437
 x 4924902
 y 4921682
 z 4921135

Total characters:  128000000
 a 4919012
 b 4921795
 c 4926574
 d 4923347
 e 4922587
 f 4921194
 g 4921172
 h 4924136
 i 4922782
 j 4923424
 k 4924965
 l 4921798
 m 4924714
 n 4923356
 o 4924130
 p 4923067
 q 4923414
 r 4923847
 s 4922934
 t 4921513
 u 4921384
 v 4924699
 w 4926437
 x 4924902
 y 4921682
 z 4921135

Total characters:  128000000
 a 4919012
 b 4921795
 c 4926574
 d 4923347
 e 4922587
 f 4921194
 g 4921172
 h 4924136
 i 4922782
 j 4923424
 k 4924965
 l 4921798
 m 4924714
 n 4923356
 o 4924130
 p 4923067
 q 4923414
 r 4923847
 s 4922934
 t 4921513
 u 4921384
 v 4924699
 w 4926437
 x 4924902
 y 4921682
 z 4921135

Total characters:  128000000
 a 4919012
 b 4921795
 c 4926574
 d 4923347
 e 4922587
 f 4921194
 g 4921172
 h 4924136
 i 4922782
 j 4923424
 k 4924965
 l 4921798
 m 4924714
 n 4923356
 o 4924130
 p 4923067
 q 4923414
 r 4923847
 s 4922934
 t 4921513
 u 4921384
 v 4924699
 w 4926437
 x 4924902
 y 4921682
 z 4921135

Total characters:  128000000
 a 4919012
 b 4921795
 c 4926574
 d 4923347
 e 4922587
 f 4921194
 g 4921172
 h 4924136
 i 4922782
 j 4923424
 k 4924965
 l 4921798
 m 4924714
 n 4923356
 o 4924130
 p 4923067
 q 4923414
 r 4923847
 s 4922934
 t 4921513
 u 4921384
 v 4924699
 w 4926437
 x 4924902
 y 4921682
 z 4921135

Total characters:  128000000
 a 4919012
 b 4921795
 c 4926574
 d 4923347
 e 4922587
 f 4921194
 g 4921172
 h 4924136
 i 4922782
 j 4923424
 k 4924965
 l 4921798
 m 4924714
 n 4923356
 o 4924130
 p 4923067
 q 4923414
 r 4923847
 s 4922934
 t 4921513
 u 4921384
 v 4924699
 w 4926437
 x 4924902
 y 4921682
 z 4921135

Total characters:  128000000
 a 4919012
 b 4921795
 c 4926574
 d 4923347
 e 4922587
 f 4921194
 g 4921172
 h 4924136
 i 4922782
 j 4923424
 k 4924965
 l 4921798
 m 4924714
 n 4923356
 o 4924130
 p 4923067
 q 4923414
 r 4923847
 s 4922934
 t 4921513
 u 4921384
 v 4924699
 w 4926437
 x 4924902
 y 4921682
 z 4921135

Total characters:  128000000
 a 4919012
 b 4921795
 c 4926574
 d 4923347
 e 4922587
 f 4921194
 g 4921172
 h 4924136
 i 4922782
 j 4923424
 k 4924965
 l 4921798
 m 4924714
 n 4923356
 o 4924130
 p 4923067
 q 4923414
 r 4923847
 s 4922934
 t 4921513
 u 4921384
 v 4924699
 w 4926437
 x 4924902
 y 4921682
 z 4921135

Total characters:  128000000
 a 4919012
 b 4921795
 c 4926574
 d 4923347
 e 4922587
 f 4921194
 g 4921172
 h 4924136
 i 4922782
 j 4923424
 k 4924965
 l 4921798
 m 4924714
 n 4923356
 o 4924130
 p 4923067
 q 4923414
 r 4923847
 s 4922934
 t 4921513
 u 4921384
 v 4924699
 w 4926437
 x 4924902
 y 4921682
 z 4921135

Total characters:  128000000
 a 4919012
 b 4921795
 c 4926574
 d 4923347
 e 4922587
 f 4921194
 g 4921172
 h 4924136
 i 4922782
 j 4923424
 k 4924965
 l 4921798
 m 4924714
 n 4923356
 o 4924130
 p 4923067
 q 4923414
 r 4923847
 s 4922934
 t 4921513
 u 4921384
 v 4924699
 w 4926437
 x 4924902
 y 4921682
 z 4921135

Total characters:  128000000
 a 4919012
 b 4921795
 c 4926574
 d 4923347
 e 4922587
 f 4921194
 g 4921172
 h 4924136
 i 4922782
 j 4923424
 k 4924965
 l 4921798
 m 4924714
 n 4923356
 o 4924130
 p 4923067
 q 4923414
 r 4923847
 s 4922934
 t 4921513
 u 4921384
 v 4924699
 w 4926437
 x 4924902
 y 4921682
 z 4921135

Total characters:  128000000
 a 4919012
 b 4921795
 c 4926574
 d 4923347
 e 4922587
 f 4921194
 g 4921172
 h 4924136
 i 4922782
 j 4923424
 k 4924965
 l 4921798
 m 4924714
 n 4923356
 o 4924130
 p 4923067
 q 4923414
 r 4923847
 s 4922934
 t 4921513
 u 4921384
 v 4924699
 w 4926437
 x 4924902
 y 4921682
 z 4921135

Total characters:  128000000
 a 4919012
 b 4921795
 c 4926574
 d 4923347
 e 4922587
 f 4921194
 g 4921172
 h 4924136
 i 4922782
 j 4923424
 k 4924965
 l 4921798
 m 4924714
 n 4923356
 o 4924130
 p 4923067
 q 4923414
 r 4923847
 s 4922934
 t 4921513
 u 4921384
 v 4924699
 w 4926437
 x 4924902
 y 4921682
 z 4921135

Total characters:  128000000
 a 4919012
 b 4921795
 c 4926574
 d 4923347
 e 4922587
 f 4921194
 g 4921172
 h 4924136
 i 4922782
 j 4923424
 k 4924965
 l 4921798
 m 4924714
 n 4923356
 o 4924130
 p 4923067
 q 4923414
 r 4923847
 s 4922934
 t 4921513
 u 4921384
 v 4924699
 w 4926437
 x 4924902
 y 4921682
 z 4921135

Total characters:  128000000
 a 4919012
 b 4921795
 c 4926574
 d 4923347
 e 4922587
 f 4921194
 g 4921172
 h 4924136
 i 4922782
 j 4923424
 k 4924965
 l 4921798
 m 4924714
 n 4923356
 o 4924130
 p 4923067
 q 4923414
 r 4923847
 s 4922934
 t 4921513
 u 4921384
 v 4924699
 w 4926437
 x 4924902
 y 4921682
 z 4921135

Total characters:  128000000
 a 4919012
 b 4921795
 c 4926574
 d 4923347
 e 4922587
 f 4921194
 g 4921172
 h 4924136
 i 4922782
 j 4923424
 k 4924965
 l 4921798
 m 4924714
 n 4923356
 o 4924130
 p 4923067
 q 4923414
 r 4923847
 s 4922934
 t 4921513
 u 4921384
 v 4924699
 w 4926437
 x 4924902
 y 4921682
 z 4921135

Total characters:  128000000
srun: error: elf20: tasks 16-24,26-31: Exited with exit code 30
srun: error: elf25: tasks 32-34,36-42,44-47: Exited with exit code 30
srun: error: elf35: tasks 80-91,93-95: Exited with exit code 30
 a 4919012
 b 4921795
 c 4926574
 d 4923347
 e 4922587
 f 4921194
 g 4921172
 h 4924136
 i 4922782
 j 4923424
 k 4924965
 l 4921798
 m 4924714
 n 4923356
 o 4924130
 p 4923067
 q 4923414
 r 4923847
 s 4922934
 t 4921513
 u 4921384
 v 4924699
 w 4926437
 x 4924902
 y 4921682
 z 4921135

Total characters:  128000000
 a 4919012
 b 4921795
 c 4926574
 d 4923347
 e 4922587
 f 4921194
 g 4921172
 h 4924136
 i 4922782
 j 4923424
 k 4924965
 l 4921798
 m 4924714
 n 4923356
 o 4924130
 p 4923067
 q 4923414
 r 4923847
 s 4922934
 t 4921513
 u 4921384
 v 4924699
 w 4926437
 x 4924902
 y 4921682
 z 4921135

Total characters:  128000000
srun: error: elf27: tasks 48-63: Exited with exit code 30
srun: error: elf32: tasks 64-65,67-69,71-79: Exited with exit code 30
srun: error: elf09: tasks 0-15: Exited with exit code 30
 a 4919012
 b 4921795
 c 4926574
 d 4923347
 e 4922587
 f 4921194
 g 4921172
 h 4924136
 i 4922782
 j 4923424
 k 4924965
 l 4921798
 m 4924714
 n 4923356
 o 4924130
 p 4923067
 q 4923414
 r 4923847
 s 4922934
 t 4921513
 u 4921384
 v 4924699
 w 4926437
 x 4924902
 y 4921682
 z 4921135

Total characters:  128000000
srun: error: elf32: tasks 66,70: Exited with exit code 30
srun: error: elf25: task 35: Exited with exit code 30
 a 4919012
 b 4921795
 c 4926574
 d 4923347
 e 4922587
 f 4921194
 g 4921172
 h 4924136
 i 4922782
 j 4923424
 k 4924965
 l 4921798
 m 4924714
 n 4923356
 o 4924130
 p 4923067
 q 4923414
 r 4923847
 s 4922934
 t 4921513
 u 4921384
 v 4924699
 w 4926437
 x 4924902
 y 4921682
 z 4921135

Total characters:  128000000
 a 4919012
 b 4921795
 c 4926574
 d 4923347
 e 4922587
 f 4921194
 g 4921172
 h 4924136
 i 4922782
 j 4923424
 k 4924965
 l 4921798
 m 4924714
 n 4923356
 o 4924130
 p 4923067
 q 4923414
 r 4923847
 s 4922934
 t 4921513
 u 4921384
 v 4924699
 w 4926437
 x 4924902
 y 4921682
 z 4921135

Total characters:  128000000
srun: error: elf25: task 43: Exited with exit code 30
srun: error: elf35: task 92: Exited with exit code 30
 a 4919012
 b 4921795
 c 4926574
 d 4923347
 e 4922587
 f 4921194
 g 4921172
 h 4924136
 i 4922782
 j 4923424
 k 4924965
 l 4921798
 m 4924714
 n 4923356
 o 4924130
 p 4923067
 q 4923414
 r 4923847
 s 4922934
 t 4921513
 u 4921384
 v 4924699
 w 4926437
 x 4924902
 y 4921682
 z 4921135

Total characters:  128000000
srun: error: elf20: task 25: Exited with exit code 30
