 a 5967
 b 6241
 c 6149
 d 6027
 e 6157
 f 6183
 g 6195
 h 6420
 i 6137
 j 6103
 k 6197
 l 6123
 m 5988
 n 6221
 o 6165
 p 6254
 q 6253
 r 6132
 s 6205
 t 6141
 u 6137
 v 6037
 w 6086
 x 6136
 y 6251
 z 6095

Total characters:  160000
DATA, 10000, 100, elf85, 0.689000
 a 5967
 b 6241
 c 6149
 d 6027
 e 6157
 f 6183
 g 6195
 h 6420
 i 6137
 j 6103
 k 6197
 l 6123
 m 5988
 n 6221
 o 6165
 p 6254
 q 6253
 r 6132
 s 6205
 t 6141
 u 6137
 v 6037
 w 6086
 x 6136
 y 6251
 z 6095

Total characters:  160000
DATA, 10000, 100, elf83, 0.673000
 a 5967
 b 6241
 c 6149
 d 6027
 e 6157
 f 6183
 g 6195
 h 6420
 i 6137
 j 6103
 k 6197
 l 6123
 m 5988
 n 6221
 o 6165
 p 6254
 q 6253
 r 6132
 s 6205
 t 6141
 u 6137
 v 6037
 w 6086
 x 6136
 y 6251
 z 6095

Total characters:  160000
DATA, 10000, 100, elf80, 0.680000
 a 5967
 b 6241
 c 6149
 d 6027
 e 6157
 f 6183
 g 6195
 h 6420
 i 6137
 j 6103
 k 6197
 l 6123
 m 5988
 n 6221
 o 6165
 p 6254
 q 6253
 r 6132
 s 6205
 t 6141
 u 6137
 v 6037
 w 6086
 x 6136
 y 6251
 z 6095

Total characters:  160000
DATA, 10000, 100, elf84, 0.703000
 a 5967
 b 6241
 c 6149
 d 6027
 e 6157
 f 6183
 g 6195
 h 6420
 i 6137
 j 6103
 k 6197
 l 6123
 m 5988
 n 6221
 o 6165
 p 6254
 q 6253
 r 6132
 s 6205
 t 6141
 u 6137
 v 6037
 w 6086
 x 6136
 y 6251
 z 6095

Total characters:  160000
DATA, 10000, 100, elf81, 0.733000
 a 5967
 b 6241
 c 6149
 d 6027
 e 6157
 f 6183
 g 6195
 h 6420
 i 6137
 j 6103
 k 6197
 l 6123
 m 5988
 n 6221
 o 6165
 p 6254
 q 6253
 r 6132
 s 6205
 t 6141
 u 6137
 v 6037
 w 6086
 x 6136
 y 6251
 z 6095

Total characters:  160000
DATA, 10000, 100, elf85, 0.741000
 a 5967
 b 6241
 c 6149
 d 6027
 e 6157
 f 6183
 g 6195
 h 6420
 i 6137
 j 6103
 k 6197
 l 6123
 m 5988
 n 6221
 o 6165
 p 6254
 q 6253
 r 6132
 s 6205
 t 6141
 u 6137
 v 6037
 w 6086
 x 6136
 y 6251
 z 6095

Total characters:  160000
DATA, 10000, 100, elf85, 0.713000
 a 5967
 b 6241
 c 6149
 d 6027
 e 6157
 f 6183
 g 6195
 h 6420
 i 6137
 j 6103
 k 6197
 l 6123
 m 5988
 n 6221
 o 6165
 p 6254
 q 6253
 r 6132
 s 6205
 t 6141
 u 6137
 v 6037
 w 6086
 x 6136
 y 6251
 z 6095

Total characters:  160000
DATA, 10000, 100, elf85, 0.764000
 a 5967
 b 6241
 c 6149
 d 6027
 e 6157
 f 6183
 g 6195
 h 6420
 i 6137
 j 6103
 k 6197
 l 6123
 m 5988
 n 6221
 o 6165
 p 6254
 q 6253
 r 6132
 s 6205
 t 6141
 u 6137
 v 6037
 w 6086
 x 6136
 y 6251
 z 6095

Total characters:  160000
DATA, 10000, 100, elf85, 0.695000
 a 5967
 b 6241
 c 6149
 d 6027
 e 6157
 f 6183
 g 6195
 h 6420
 i 6137
 j 6103
 k 6197
 l 6123
 m 5988
 n 6221
 o 6165
 p 6254
 q 6253
 r 6132
 s 6205
 t 6141
 u 6137
 v 6037
 w 6086
 x 6136
 y 6251
 z 6095

Total characters:  160000
DATA, 10000, 100, elf85, 0.728000
 a 5967
 b 6241
 c 6149
 d 6027
 e 6157
 f 6183
 g 6195
 h 6420
 i 6137
 j 6103
 k 6197
 l 6123
 m 5988
 n 6221
 o 6165
 p 6254
 q 6253
 r 6132
 s 6205
 t 6141
 u 6137
 v 6037
 w 6086
 x 6136
 y 6251
 z 6095

Total characters:  160000
DATA, 10000, 100, elf85, 0.769000
 a 5967
 b 6241
 c 6149
 d 6027
 e 6157
 f 6183
 g 6195
 h 6420
 i 6137
 j 6103
 k 6197
 l 6123
 m 5988
 n 6221
 o 6165
 p 6254
 q 6253
 r 6132
 s 6205
 t 6141
 u 6137
 v 6037
 w 6086
 x 6136
 y 6251
 z 6095

Total characters:  160000
DATA, 10000, 100, elf85, 0.745000
 a 5967
 b 6241
 c 6149
 d 6027
 e 6157
 f 6183
 g 6195
 h 6420
 i 6137
 j 6103
 k 6197
 l 6123
 m 5988
 n 6221
 o 6165
 p 6254
 q 6253
 r 6132
 s 6205
 t 6141
 u 6137
 v 6037
 w 6086
 x 6136
 y 6251
 z 6095

Total characters:  160000
DATA, 10000, 100, elf85, 0.732000
 a 5967
 b 6241
 c 6149
 d 6027
 e 6157
 f 6183
 g 6195
 h 6420
 i 6137
 j 6103
 k 6197
 l 6123
 m 5988
 n 6221
 o 6165
 p 6254
 q 6253
 r 6132
 s 6205
 t 6141
 u 6137
 v 6037
 w 6086
 x 6136
 y 6251
 z 6095

Total characters:  160000
DATA, 10000, 100, elf85, 0.742000
 a 5967
 b 6241
 c 6149
 d 6027
 e 6157
 f 6183
 g 6195
 h 6420
 i 6137
 j 6103
 k 6197
 l 6123
 m 5988
 n 6221
 o 6165
 p 6254
 q 6253
 r 6132
 s 6205
 t 6141
 u 6137
 v 6037
 w 6086
 x 6136
 y 6251
 z 6095

Total characters:  160000
DATA, 10000, 100, elf85, 0.710000
 a 5967
 b 6241
 c 6149
 d 6027
 e 6157
 f 6183
 g 6195
 h 6420
 i 6137
 j 6103
 k 6197
 l 6123
 m 5988
 n 6221
 o 6165
 p 6254
 q 6253
 r 6132
 s 6205
 t 6141
 u 6137
 v 6037
 w 6086
 x 6136
 y 6251
 z 6095

Total characters:  160000
DATA, 10000, 100, elf85, 0.668000
 a 5967
 b 6241
 c 6149
 d 6027
 e 6157
 f 6183
 g 6195
 h 6420
 i 6137
 j 6103
 k 6197
 l 6123
 m 5988
 n 6221
 o 6165
 p 6254
 q 6253
 r 6132
 s 6205
 t 6141
 u 6137
 v 6037
 w 6086
 x 6136
 y 6251
 z 6095

Total characters:  160000
DATA, 10000, 100, elf85, 0.720000
 a 5967
 b 6241
 c 6149
 d 6027
 e 6157
 f 6183
 g 6195
 h 6420
 i 6137
 j 6103
 k 6197
 l 6123
 m 5988
 n 6221
 o 6165
 p 6254
 q 6253
 r 6132
 s 6205
 t 6141
 u 6137
 v 6037
 w 6086
 x 6136
 y 6251
 z 6095

Total characters:  160000
DATA, 10000, 100, elf85, 0.709000
 a 5967
 b 6241
 c 6149
 d 6027
 e 6157
 f 6183
 g 6195
 h 6420
 i 6137
 j 6103
 k 6197
 l 6123
 m 5988
 n 6221
 o 6165
 p 6254
 q 6253
 r 6132
 s 6205
 t 6141
 u 6137
 v 6037
 w 6086
 x 6136
 y 6251
 z 6095

Total characters:  160000
DATA, 10000, 100, elf85, 0.730000
 a 5967
 b 6241
 c 6149
 d 6027
 e 6157
 f 6183
 g 6195
 h 6420
 i 6137
 j 6103
 k 6197
 l 6123
 m 5988
 n 6221
 o 6165
 p 6254
 q 6253
 r 6132
 s 6205
 t 6141
 u 6137
 v 6037
 w 6086
 x 6136
 y 6251
 z 6095

Total characters:  160000
DATA, 10000, 100, elf85, 0.720000
 a 5967
 b 6241
 c 6149
 d 6027
 e 6157
 f 6183
 g 6195
 h 6420
 i 6137
 j 6103
 k 6197
 l 6123
 m 5988
 n 6221
 o 6165
 p 6254
 q 6253
 r 6132
 s 6205
 t 6141
 u 6137
 v 6037
 w 6086
 x 6136
 y 6251
 z 6095

Total characters:  160000
DATA, 10000, 100, elf85, 0.715000
 a 5967
 b 6241
 c 6149
 d 6027
 e 6157
 f 6183
 g 6195
 h 6420
 i 6137
 j 6103
 k 6197
 l 6123
 m 5988
 n 6221
 o 6165
 p 6254
 q 6253
 r 6132
 s 6205
 t 6141
 u 6137
 v 6037
 w 6086
 x 6136
 y 6251
 z 6095

Total characters:  160000
DATA, 10000, 100, elf85, 0.722000
 a 5967
 b 6241
 c 6149
 d 6027
 e 6157
 f 6183
 g 6195
 h 6420
 i 6137
 j 6103
 k 6197
 l 6123
 m 5988
 n 6221
 o 6165
 p 6254
 q 6253
 r 6132
 s 6205
 t 6141
 u 6137
 v 6037
 w 6086
 x 6136
 y 6251
 z 6095

Total characters:  160000
DATA, 10000, 100, elf85, 0.711000
 a 5967
 b 6241
 c 6149
 d 6027
 e 6157
 f 6183
 g 6195
 h 6420
 i 6137
 j 6103
 k 6197
 l 6123
 m 5988
 n 6221
 o 6165
 p 6254
 q 6253
 r 6132
 s 6205
 t 6141
 u 6137
 v 6037
 w 6086
 x 6136
 y 6251
 z 6095

Total characters:  160000
DATA, 10000, 100, elf85, 0.708000
 a 5967
 b 6241
 c 6149
 d 6027
 e 6157
 f 6183
 g 6195
 h 6420
 i 6137
 j 6103
 k 6197
 l 6123
 m 5988
 n 6221
 o 6165
 p 6254
 q 6253
 r 6132
 s 6205
 t 6141
 u 6137
 v 6037
 w 6086
 x 6136
 y 6251
 z 6095

Total characters:  160000
DATA, 10000, 100, elf83, 0.725000
 a 5967
 b 6241
 c 6149
 d 6027
 e 6157
 f 6183
 g 6195
 h 6420
 i 6137
 j 6103
 k 6197
 l 6123
 m 5988
 n 6221
 o 6165
 p 6254
 q 6253
 r 6132
 s 6205
 t 6141
 u 6137
 v 6037
 w 6086
 x 6136
 y 6251
 z 6095

Total characters:  160000
DATA, 10000, 100, elf83, 0.731000
 a 5967
 b 6241
 c 6149
 d 6027
 e 6157
 f 6183
 g 6195
 h 6420
 i 6137
 j 6103
 k 6197
 l 6123
 m 5988
 n 6221
 o 6165
 p 6254
 q 6253
 r 6132
 s 6205
 t 6141
 u 6137
 v 6037
 w 6086
 x 6136
 y 6251
 z 6095

Total characters:  160000
DATA, 10000, 100, elf83, 0.726000
 a 5967
 b 6241
 c 6149
 d 6027
 e 6157
 f 6183
 g 6195
 h 6420
 i 6137
 j 6103
 k 6197
 l 6123
 m 5988
 n 6221
 o 6165
 p 6254
 q 6253
 r 6132
 s 6205
 t 6141
 u 6137
 v 6037
 w 6086
 x 6136
 y 6251
 z 6095

Total characters:  160000
DATA, 10000, 100, elf83, 0.716000
 a 5967
 b 6241
 c 6149
 d 6027
 e 6157
 f 6183
 g 6195
 h 6420
 i 6137
 j 6103
 k 6197
 l 6123
 m 5988
 n 6221
 o 6165
 p 6254
 q 6253
 r 6132
 s 6205
 t 6141
 u 6137
 v 6037
 w 6086
 x 6136
 y 6251
 z 6095

Total characters:  160000
DATA, 10000, 100, elf83, 0.729000
 a 5967
 b 6241
 c 6149
 d 6027
 e 6157
 f 6183
 g 6195
 h 6420
 i 6137
 j 6103
 k 6197
 l 6123
 m 5988
 n 6221
 o 6165
 p 6254
 q 6253
 r 6132
 s 6205
 t 6141
 u 6137
 v 6037
 w 6086
 x 6136
 y 6251
 z 6095

Total characters:  160000
DATA, 10000, 100, elf83, 0.710000
 a 5967
 b 6241
 c 6149
 d 6027
 e 6157
 f 6183
 g 6195
 h 6420
 i 6137
 j 6103
 k 6197
 l 6123
 m 5988
 n 6221
 o 6165
 p 6254
 q 6253
 r 6132
 s 6205
 t 6141
 u 6137
 v 6037
 w 6086
 x 6136
 y 6251
 z 6095

Total characters:  160000
DATA, 10000, 100, elf83, 0.705000
 a 5967
 b 6241
 c 6149
 d 6027
 e 6157
 f 6183
 g 6195
 h 6420
 i 6137
 j 6103
 k 6197
 l 6123
 m 5988
 n 6221
 o 6165
 p 6254
 q 6253
 r 6132
 s 6205
 t 6141
 u 6137
 v 6037
 w 6086
 x 6136
 y 6251
 z 6095

Total characters:  160000
DATA, 10000, 100, elf83, 0.682000
 a 5967
 b 6241
 c 6149
 d 6027
 e 6157
 f 6183
 g 6195
 h 6420
 i 6137
 j 6103
 k 6197
 l 6123
 m 5988
 n 6221
 o 6165
 p 6254
 q 6253
 r 6132
 s 6205
 t 6141
 u 6137
 v 6037
 w 6086
 x 6136
 y 6251
 z 6095

Total characters:  160000
DATA, 10000, 100, elf83, 0.755000
 a 5967
 b 6241
 c 6149
 d 6027
 e 6157
 f 6183
 g 6195
 h 6420
 i 6137
 j 6103
 k 6197
 l 6123
 m 5988
 n 6221
 o 6165
 p 6254
 q 6253
 r 6132
 s 6205
 t 6141
 u 6137
 v 6037
 w 6086
 x 6136
 y 6251
 z 6095

Total characters:  160000
DATA, 10000, 100, elf83, 0.712000
 a 5967
 b 6241
 c 6149
 d 6027
 e 6157
 f 6183
 g 6195
 h 6420
 i 6137
 j 6103
 k 6197
 l 6123
 m 5988
 n 6221
 o 6165
 p 6254
 q 6253
 r 6132
 s 6205
 t 6141
 u 6137
 v 6037
 w 6086
 x 6136
 y 6251
 z 6095

Total characters:  160000
DATA, 10000, 100, elf83, 0.751000
 a 5967
 b 6241
 c 6149
 d 6027
 e 6157
 f 6183
 g 6195
 h 6420
 i 6137
 j 6103
 k 6197
 l 6123
 m 5988
 n 6221
 o 6165
 p 6254
 q 6253
 r 6132
 s 6205
 t 6141
 u 6137
 v 6037
 w 6086
 x 6136
 y 6251
 z 6095

Total characters:  160000
DATA, 10000, 100, elf83, 0.676000
 a 5967
 b 6241
 c 6149
 d 6027
 e 6157
 f 6183
 g 6195
 h 6420
 i 6137
 j 6103
 k 6197
 l 6123
 m 5988
 n 6221
 o 6165
 p 6254
 q 6253
 r 6132
 s 6205
 t 6141
 u 6137
 v 6037
 w 6086
 x 6136
 y 6251
 z 6095

Total characters:  160000
DATA, 10000, 100, elf83, 0.727000
 a 5967
 b 6241
 c 6149
 d 6027
 e 6157
 f 6183
 g 6195
 h 6420
 i 6137
 j 6103
 k 6197
 l 6123
 m 5988
 n 6221
 o 6165
 p 6254
 q 6253
 r 6132
 s 6205
 t 6141
 u 6137
 v 6037
 w 6086
 x 6136
 y 6251
 z 6095

Total characters:  160000
DATA, 10000, 100, elf83, 0.732000
 a 5967
 b 6241
 c 6149
 d 6027
 e 6157
 f 6183
 g 6195
 h 6420
 i 6137
 j 6103
 k 6197
 l 6123
 m 5988
 n 6221
 o 6165
 p 6254
 q 6253
 r 6132
 s 6205
 t 6141
 u 6137
 v 6037
 w 6086
 x 6136
 y 6251
 z 6095

Total characters:  160000
DATA, 10000, 100, elf83, 0.694000
 a 5967
 b 6241
 c 6149
 d 6027
 e 6157
 f 6183
 g 6195
 h 6420
 i 6137
 j 6103
 k 6197
 l 6123
 m 5988
 n 6221
 o 6165
 p 6254
 q 6253
 r 6132
 s 6205
 t 6141
 u 6137
 v 6037
 w 6086
 x 6136
 y 6251
 z 6095

Total characters:  160000
DATA, 10000, 100, elf83, 0.692000
 a 5967
 b 6241
 c 6149
 d 6027
 e 6157
 f 6183
 g 6195
 h 6420
 i 6137
 j 6103
 k 6197
 l 6123
 m 5988
 n 6221
 o 6165
 p 6254
 q 6253
 r 6132
 s 6205
 t 6141
 u 6137
 v 6037
 w 6086
 x 6136
 y 6251
 z 6095

Total characters:  160000
DATA, 10000, 100, elf83, 0.679000
 a 5967
 b 6241
 c 6149
 d 6027
 e 6157
 f 6183
 g 6195
 h 6420
 i 6137
 j 6103
 k 6197
 l 6123
 m 5988
 n 6221
 o 6165
 p 6254
 q 6253
 r 6132
 s 6205
 t 6141
 u 6137
 v 6037
 w 6086
 x 6136
 y 6251
 z 6095

Total characters:  160000
DATA, 10000, 100, elf83, 0.763000
 a 5967
 b 6241
 c 6149
 d 6027
 e 6157
 f 6183
 g 6195
 h 6420
 i 6137
 j 6103
 k 6197
 l 6123
 m 5988
 n 6221
 o 6165
 p 6254
 q 6253
 r 6132
 s 6205
 t 6141
 u 6137
 v 6037
 w 6086
 x 6136
 y 6251
 z 6095

Total characters:  160000
DATA, 10000, 100, elf83, 0.627000
 a 5967
 b 6241
 c 6149
 d 6027
 e 6157
 f 6183
 g 6195
 h 6420
 i 6137
 j 6103
 k 6197
 l 6123
 m 5988
 n 6221
 o 6165
 p 6254
 q 6253
 r 6132
 s 6205
 t 6141
 u 6137
 v 6037
 w 6086
 x 6136
 y 6251
 z 6095

Total characters:  160000
DATA, 10000, 100, elf80, 0.746000
 a 5967
 b 6241
 c 6149
 d 6027
 e 6157
 f 6183
 g 6195
 h 6420
 i 6137
 j 6103
 k 6197
 l 6123
 m 5988
 n 6221
 o 6165
 p 6254
 q 6253
 r 6132
 s 6205
 t 6141
 u 6137
 v 6037
 w 6086
 x 6136
 y 6251
 z 6095

Total characters:  160000
DATA, 10000, 100, elf80, 0.744000
 a 5967
 b 6241
 c 6149
 d 6027
 e 6157
 f 6183
 g 6195
 h 6420
 i 6137
 j 6103
 k 6197
 l 6123
 m 5988
 n 6221
 o 6165
 p 6254
 q 6253
 r 6132
 s 6205
 t 6141
 u 6137
 v 6037
 w 6086
 x 6136
 y 6251
 z 6095

Total characters:  160000
DATA, 10000, 100, elf80, 0.756000
 a 5967
 b 6241
 c 6149
 d 6027
 e 6157
 f 6183
 g 6195
 h 6420
 i 6137
 j 6103
 k 6197
 l 6123
 m 5988
 n 6221
 o 6165
 p 6254
 q 6253
 r 6132
 s 6205
 t 6141
 u 6137
 v 6037
 w 6086
 x 6136
 y 6251
 z 6095

Total characters:  160000
DATA, 10000, 100, elf80, 0.752000
 a 5967
 b 6241
 c 6149
 d 6027
 e 6157
 f 6183
 g 6195
 h 6420
 i 6137
 j 6103
 k 6197
 l 6123
 m 5988
 n 6221
 o 6165
 p 6254
 q 6253
 r 6132
 s 6205
 t 6141
 u 6137
 v 6037
 w 6086
 x 6136
 y 6251
 z 6095

Total characters:  160000
DATA, 10000, 100, elf80, 0.711000
 a 5967
 b 6241
 c 6149
 d 6027
 e 6157
 f 6183
 g 6195
 h 6420
 i 6137
 j 6103
 k 6197
 l 6123
 m 5988
 n 6221
 o 6165
 p 6254
 q 6253
 r 6132
 s 6205
 t 6141
 u 6137
 v 6037
 w 6086
 x 6136
 y 6251
 z 6095

Total characters:  160000
DATA, 10000, 100, elf80, 0.742000
 a 5967
 b 6241
 c 6149
 d 6027
 e 6157
 f 6183
 g 6195
 h 6420
 i 6137
 j 6103
 k 6197
 l 6123
 m 5988
 n 6221
 o 6165
 p 6254
 q 6253
 r 6132
 s 6205
 t 6141
 u 6137
 v 6037
 w 6086
 x 6136
 y 6251
 z 6095

Total characters:  160000
DATA, 10000, 100, elf80, 0.758000
 a 5967
 b 6241
 c 6149
 d 6027
 e 6157
 f 6183
 g 6195
 h 6420
 i 6137
 j 6103
 k 6197
 l 6123
 m 5988
 n 6221
 o 6165
 p 6254
 q 6253
 r 6132
 s 6205
 t 6141
 u 6137
 v 6037
 w 6086
 x 6136
 y 6251
 z 6095

Total characters:  160000
DATA, 10000, 100, elf80, 0.744000
 a 5967
 b 6241
 c 6149
 d 6027
 e 6157
 f 6183
 g 6195
 h 6420
 i 6137
 j 6103
 k 6197
 l 6123
 m 5988
 n 6221
 o 6165
 p 6254
 q 6253
 r 6132
 s 6205
 t 6141
 u 6137
 v 6037
 w 6086
 x 6136
 y 6251
 z 6095

Total characters:  160000
DATA, 10000, 100, elf80, 0.759000
 a 5967
 b 6241
 c 6149
 d 6027
 e 6157
 f 6183
 g 6195
 h 6420
 i 6137
 j 6103
 k 6197
 l 6123
 m 5988
 n 6221
 o 6165
 p 6254
 q 6253
 r 6132
 s 6205
 t 6141
 u 6137
 v 6037
 w 6086
 x 6136
 y 6251
 z 6095

Total characters:  160000
DATA, 10000, 100, elf80, 0.740000
 a 5967
 b 6241
 c 6149
 d 6027
 e 6157
 f 6183
 g 6195
 h 6420
 i 6137
 j 6103
 k 6197
 l 6123
 m 5988
 n 6221
 o 6165
 p 6254
 q 6253
 r 6132
 s 6205
 t 6141
 u 6137
 v 6037
 w 6086
 x 6136
 y 6251
 z 6095

Total characters:  160000
DATA, 10000, 100, elf80, 0.707000
 a 5967
 b 6241
 c 6149
 d 6027
 e 6157
 f 6183
 g 6195
 h 6420
 i 6137
 j 6103
 k 6197
 l 6123
 m 5988
 n 6221
 o 6165
 p 6254
 q 6253
 r 6132
 s 6205
 t 6141
 u 6137
 v 6037
 w 6086
 x 6136
 y 6251
 z 6095

Total characters:  160000
DATA, 10000, 100, elf80, 0.733000
 a 5967
 b 6241
 c 6149
 d 6027
 e 6157
 f 6183
 g 6195
 h 6420
 i 6137
 j 6103
 k 6197
 l 6123
 m 5988
 n 6221
 o 6165
 p 6254
 q 6253
 r 6132
 s 6205
 t 6141
 u 6137
 v 6037
 w 6086
 x 6136
 y 6251
 z 6095

Total characters:  160000
DATA, 10000, 100, elf80, 0.755000
 a 5967
 b 6241
 c 6149
 d 6027
 e 6157
 f 6183
 g 6195
 h 6420
 i 6137
 j 6103
 k 6197
 l 6123
 m 5988
 n 6221
 o 6165
 p 6254
 q 6253
 r 6132
 s 6205
 t 6141
 u 6137
 v 6037
 w 6086
 x 6136
 y 6251
 z 6095

Total characters:  160000
DATA, 10000, 100, elf80, 0.716000
 a 5967
 b 6241
 c 6149
 d 6027
 e 6157
 f 6183
 g 6195
 h 6420
 i 6137
 j 6103
 k 6197
 l 6123
 m 5988
 n 6221
 o 6165
 p 6254
 q 6253
 r 6132
 s 6205
 t 6141
 u 6137
 v 6037
 w 6086
 x 6136
 y 6251
 z 6095

Total characters:  160000
DATA, 10000, 100, elf80, 0.677000
 a 5967
 b 6241
 c 6149
 d 6027
 e 6157
 f 6183
 g 6195
 h 6420
 i 6137
 j 6103
 k 6197
 l 6123
 m 5988
 n 6221
 o 6165
 p 6254
 q 6253
 r 6132
 s 6205
 t 6141
 u 6137
 v 6037
 w 6086
 x 6136
 y 6251
 z 6095

Total characters:  160000
DATA, 10000, 100, elf80, 0.737000
 a 5967
 b 6241
 c 6149
 d 6027
 e 6157
 f 6183
 g 6195
 h 6420
 i 6137
 j 6103
 k 6197
 l 6123
 m 5988
 n 6221
 o 6165
 p 6254
 q 6253
 r 6132
 s 6205
 t 6141
 u 6137
 v 6037
 w 6086
 x 6136
 y 6251
 z 6095

Total characters:  160000
DATA, 10000, 100, elf80, 0.702000
 a 5967
 b 6241
 c 6149
 d 6027
 e 6157
 f 6183
 g 6195
 h 6420
 i 6137
 j 6103
 k 6197
 l 6123
 m 5988
 n 6221
 o 6165
 p 6254
 q 6253
 r 6132
 s 6205
 t 6141
 u 6137
 v 6037
 w 6086
 x 6136
 y 6251
 z 6095

Total characters:  160000
DATA, 10000, 100, elf80, 0.695000
 a 5967
 b 6241
 c 6149
 d 6027
 e 6157
 f 6183
 g 6195
 h 6420
 i 6137
 j 6103
 k 6197
 l 6123
 m 5988
 n 6221
 o 6165
 p 6254
 q 6253
 r 6132
 s 6205
 t 6141
 u 6137
 v 6037
 w 6086
 x 6136
 y 6251
 z 6095

Total characters:  160000
DATA, 10000, 100, elf80, 0.740000
 a 5967
 b 6241
 c 6149
 d 6027
 e 6157
 f 6183
 g 6195
 h 6420
 i 6137
 j 6103
 k 6197
 l 6123
 m 5988
 n 6221
 o 6165
 p 6254
 q 6253
 r 6132
 s 6205
 t 6141
 u 6137
 v 6037
 w 6086
 x 6136
 y 6251
 z 6095

Total characters:  160000
DATA, 10000, 100, elf84, 0.711000
 a 5967
 b 6241
 c 6149
 d 6027
 e 6157
 f 6183
 g 6195
 h 6420
 i 6137
 j 6103
 k 6197
 l 6123
 m 5988
 n 6221
 o 6165
 p 6254
 q 6253
 r 6132
 s 6205
 t 6141
 u 6137
 v 6037
 w 6086
 x 6136
 y 6251
 z 6095

Total characters:  160000
DATA, 10000, 100, elf84, 0.729000
 a 5967
 b 6241
 c 6149
 d 6027
 e 6157
 f 6183
 g 6195
 h 6420
 i 6137
 j 6103
 k 6197
 l 6123
 m 5988
 n 6221
 o 6165
 p 6254
 q 6253
 r 6132
 s 6205
 t 6141
 u 6137
 v 6037
 w 6086
 x 6136
 y 6251
 z 6095

Total characters:  160000
DATA, 10000, 100, elf84, 0.696000
 a 5967
 b 6241
 c 6149
 d 6027
 e 6157
 f 6183
 g 6195
 h 6420
 i 6137
 j 6103
 k 6197
 l 6123
 m 5988
 n 6221
 o 6165
 p 6254
 q 6253
 r 6132
 s 6205
 t 6141
 u 6137
 v 6037
 w 6086
 x 6136
 y 6251
 z 6095

Total characters:  160000
DATA, 10000, 100, elf84, 0.686000
 a 5967
 b 6241
 c 6149
 d 6027
 e 6157
 f 6183
 g 6195
 h 6420
 i 6137
 j 6103
 k 6197
 l 6123
 m 5988
 n 6221
 o 6165
 p 6254
 q 6253
 r 6132
 s 6205
 t 6141
 u 6137
 v 6037
 w 6086
 x 6136
 y 6251
 z 6095

Total characters:  160000
DATA, 10000, 100, elf84, 0.700000
 a 5967
 b 6241
 c 6149
 d 6027
 e 6157
 f 6183
 g 6195
 h 6420
 i 6137
 j 6103
 k 6197
 l 6123
 m 5988
 n 6221
 o 6165
 p 6254
 q 6253
 r 6132
 s 6205
 t 6141
 u 6137
 v 6037
 w 6086
 x 6136
 y 6251
 z 6095

Total characters:  160000
DATA, 10000, 100, elf84, 0.707000
 a 5967
 b 6241
 c 6149
 d 6027
 e 6157
 f 6183
 g 6195
 h 6420
 i 6137
 j 6103
 k 6197
 l 6123
 m 5988
 n 6221
 o 6165
 p 6254
 q 6253
 r 6132
 s 6205
 t 6141
 u 6137
 v 6037
 w 6086
 x 6136
 y 6251
 z 6095

Total characters:  160000
DATA, 10000, 100, elf84, 0.711000
 a 5967
 b 6241
 c 6149
 d 6027
 e 6157
 f 6183
 g 6195
 h 6420
 i 6137
 j 6103
 k 6197
 l 6123
 m 5988
 n 6221
 o 6165
 p 6254
 q 6253
 r 6132
 s 6205
 t 6141
 u 6137
 v 6037
 w 6086
 x 6136
 y 6251
 z 6095

Total characters:  160000
DATA, 10000, 100, elf84, 0.694000
 a 5967
 b 6241
 c 6149
 d 6027
 e 6157
 f 6183
 g 6195
 h 6420
 i 6137
 j 6103
 k 6197
 l 6123
 m 5988
 n 6221
 o 6165
 p 6254
 q 6253
 r 6132
 s 6205
 t 6141
 u 6137
 v 6037
 w 6086
 x 6136
 y 6251
 z 6095

Total characters:  160000
DATA, 10000, 100, elf84, 0.698000
 a 5967
 b 6241
 c 6149
 d 6027
 e 6157
 f 6183
 g 6195
 h 6420
 i 6137
 j 6103
 k 6197
 l 6123
 m 5988
 n 6221
 o 6165
 p 6254
 q 6253
 r 6132
 s 6205
 t 6141
 u 6137
 v 6037
 w 6086
 x 6136
 y 6251
 z 6095

Total characters:  160000
DATA, 10000, 100, elf84, 0.750000
 a 5967
 b 6241
 c 6149
 d 6027
 e 6157
 f 6183
 g 6195
 h 6420
 i 6137
 j 6103
 k 6197
 l 6123
 m 5988
 n 6221
 o 6165
 p 6254
 q 6253
 r 6132
 s 6205
 t 6141
 u 6137
 v 6037
 w 6086
 x 6136
 y 6251
 z 6095

Total characters:  160000
DATA, 10000, 100, elf84, 0.706000
 a 5967
 b 6241
 c 6149
 d 6027
 e 6157
 f 6183
 g 6195
 h 6420
 i 6137
 j 6103
 k 6197
 l 6123
 m 5988
 n 6221
 o 6165
 p 6254
 q 6253
 r 6132
 s 6205
 t 6141
 u 6137
 v 6037
 w 6086
 x 6136
 y 6251
 z 6095

Total characters:  160000
DATA, 10000, 100, elf84, 0.730000
 a 5967
 b 6241
 c 6149
 d 6027
 e 6157
 f 6183
 g 6195
 h 6420
 i 6137
 j 6103
 k 6197
 l 6123
 m 5988
 n 6221
 o 6165
 p 6254
 q 6253
 r 6132
 s 6205
 t 6141
 u 6137
 v 6037
 w 6086
 x 6136
 y 6251
 z 6095

Total characters:  160000
DATA, 10000, 100, elf84, 0.722000
 a 5967
 b 6241
 c 6149
 d 6027
 e 6157
 f 6183
 g 6195
 h 6420
 i 6137
 j 6103
 k 6197
 l 6123
 m 5988
 n 6221
 o 6165
 p 6254
 q 6253
 r 6132
 s 6205
 t 6141
 u 6137
 v 6037
 w 6086
 x 6136
 y 6251
 z 6095

Total characters:  160000
DATA, 10000, 100, elf84, 0.748000
 a 5967
 b 6241
 c 6149
 d 6027
 e 6157
 f 6183
 g 6195
 h 6420
 i 6137
 j 6103
 k 6197
 l 6123
 m 5988
 n 6221
 o 6165
 p 6254
 q 6253
 r 6132
 s 6205
 t 6141
 u 6137
 v 6037
 w 6086
 x 6136
 y 6251
 z 6095

Total characters:  160000
DATA, 10000, 100, elf84, 0.696000
 a 5967
 b 6241
 c 6149
 d 6027
 e 6157
 f 6183
 g 6195
 h 6420
 i 6137
 j 6103
 k 6197
 l 6123
 m 5988
 n 6221
 o 6165
 p 6254
 q 6253
 r 6132
 s 6205
 t 6141
 u 6137
 v 6037
 w 6086
 x 6136
 y 6251
 z 6095

Total characters:  160000
DATA, 10000, 100, elf84, 0.700000
 a 5967
 b 6241
 c 6149
 d 6027
 e 6157
 f 6183
 g 6195
 h 6420
 i 6137
 j 6103
 k 6197
 l 6123
 m 5988
 n 6221
 o 6165
 p 6254
 q 6253
 r 6132
 s 6205
 t 6141
 u 6137
 v 6037
 w 6086
 x 6136
 y 6251
 z 6095

Total characters:  160000
DATA, 10000, 100, elf84, 0.756000
 a 5967
 b 6241
 c 6149
 d 6027
 e 6157
 f 6183
 g 6195
 h 6420
 i 6137
 j 6103
 k 6197
 l 6123
 m 5988
 n 6221
 o 6165
 p 6254
 q 6253
 r 6132
 s 6205
 t 6141
 u 6137
 v 6037
 w 6086
 x 6136
 y 6251
 z 6095

Total characters:  160000
DATA, 10000, 100, elf84, 0.656000
 a 5967
 b 6241
 c 6149
 d 6027
 e 6157
 f 6183
 g 6195
 h 6420
 i 6137
 j 6103
 k 6197
 l 6123
 m 5988
 n 6221
 o 6165
 p 6254
 q 6253
 r 6132
 s 6205
 t 6141
 u 6137
 v 6037
 w 6086
 x 6136
 y 6251
 z 6095

Total characters:  160000
DATA, 10000, 100, elf84, 0.744000
 a 5967
 b 6241
 c 6149
 d 6027
 e 6157
 f 6183
 g 6195
 h 6420
 i 6137
 j 6103
 k 6197
 l 6123
 m 5988
 n 6221
 o 6165
 p 6254
 q 6253
 r 6132
 s 6205
 t 6141
 u 6137
 v 6037
 w 6086
 x 6136
 y 6251
 z 6095

Total characters:  160000
DATA, 10000, 100, elf81, 0.749000
 a 5967
 b 6241
 c 6149
 d 6027
 e 6157
 f 6183
 g 6195
 h 6420
 i 6137
 j 6103
 k 6197
 l 6123
 m 5988
 n 6221
 o 6165
 p 6254
 q 6253
 r 6132
 s 6205
 t 6141
 u 6137
 v 6037
 w 6086
 x 6136
 y 6251
 z 6095

Total characters:  160000
DATA, 10000, 100, elf81, 0.697000
 a 5967
 b 6241
 c 6149
 d 6027
 e 6157
 f 6183
 g 6195
 h 6420
 i 6137
 j 6103
 k 6197
 l 6123
 m 5988
 n 6221
 o 6165
 p 6254
 q 6253
 r 6132
 s 6205
 t 6141
 u 6137
 v 6037
 w 6086
 x 6136
 y 6251
 z 6095

Total characters:  160000
DATA, 10000, 100, elf81, 0.727000
 a 5967
 b 6241
 c 6149
 d 6027
 e 6157
 f 6183
 g 6195
 h 6420
 i 6137
 j 6103
 k 6197
 l 6123
 m 5988
 n 6221
 o 6165
 p 6254
 q 6253
 r 6132
 s 6205
 t 6141
 u 6137
 v 6037
 w 6086
 x 6136
 y 6251
 z 6095

Total characters:  160000
DATA, 10000, 100, elf81, 0.714000
 a 5967
 b 6241
 c 6149
 d 6027
 e 6157
 f 6183
 g 6195
 h 6420
 i 6137
 j 6103
 k 6197
 l 6123
 m 5988
 n 6221
 o 6165
 p 6254
 q 6253
 r 6132
 s 6205
 t 6141
 u 6137
 v 6037
 w 6086
 x 6136
 y 6251
 z 6095

Total characters:  160000
DATA, 10000, 100, elf81, 0.761000
 a 5967
 b 6241
 c 6149
 d 6027
 e 6157
 f 6183
 g 6195
 h 6420
 i 6137
 j 6103
 k 6197
 l 6123
 m 5988
 n 6221
 o 6165
 p 6254
 q 6253
 r 6132
 s 6205
 t 6141
 u 6137
 v 6037
 w 6086
 x 6136
 y 6251
 z 6095

Total characters:  160000
DATA, 10000, 100, elf81, 0.716000
 a 5967
 b 6241
 c 6149
 d 6027
 e 6157
 f 6183
 g 6195
 h 6420
 i 6137
 j 6103
 k 6197
 l 6123
 m 5988
 n 6221
 o 6165
 p 6254
 q 6253
 r 6132
 s 6205
 t 6141
 u 6137
 v 6037
 w 6086
 x 6136
 y 6251
 z 6095

Total characters:  160000
DATA, 10000, 100, elf81, 0.757000
 a 5967
 b 6241
 c 6149
 d 6027
 e 6157
 f 6183
 g 6195
 h 6420
 i 6137
 j 6103
 k 6197
 l 6123
 m 5988
 n 6221
 o 6165
 p 6254
 q 6253
 r 6132
 s 6205
 t 6141
 u 6137
 v 6037
 w 6086
 x 6136
 y 6251
 z 6095

Total characters:  160000
DATA, 10000, 100, elf81, 0.739000
 a 5967
 b 6241
 c 6149
 d 6027
 e 6157
 f 6183
 g 6195
 h 6420
 i 6137
 j 6103
 k 6197
 l 6123
 m 5988
 n 6221
 o 6165
 p 6254
 q 6253
 r 6132
 s 6205
 t 6141
 u 6137
 v 6037
 w 6086
 x 6136
 y 6251
 z 6095

Total characters:  160000
DATA, 10000, 100, elf81, 0.704000
 a 5967
 b 6241
 c 6149
 d 6027
 e 6157
 f 6183
 g 6195
 h 6420
 i 6137
 j 6103
 k 6197
 l 6123
 m 5988
 n 6221
 o 6165
 p 6254
 q 6253
 r 6132
 s 6205
 t 6141
 u 6137
 v 6037
 w 6086
 x 6136
 y 6251
 z 6095

Total characters:  160000
DATA, 10000, 100, elf81, 0.736000
 a 5967
 b 6241
 c 6149
 d 6027
 e 6157
 f 6183
 g 6195
 h 6420
 i 6137
 j 6103
 k 6197
 l 6123
 m 5988
 n 6221
 o 6165
 p 6254
 q 6253
 r 6132
 s 6205
 t 6141
 u 6137
 v 6037
 w 6086
 x 6136
 y 6251
 z 6095

Total characters:  160000
DATA, 10000, 100, elf81, 0.743000
 a 5967
 b 6241
 c 6149
 d 6027
 e 6157
 f 6183
 g 6195
 h 6420
 i 6137
 j 6103
 k 6197
 l 6123
 m 5988
 n 6221
 o 6165
 p 6254
 q 6253
 r 6132
 s 6205
 t 6141
 u 6137
 v 6037
 w 6086
 x 6136
 y 6251
 z 6095

Total characters:  160000
DATA, 10000, 100, elf81, 0.725000
 a 5967
 b 6241
 c 6149
 d 6027
 e 6157
 f 6183
 g 6195
 h 6420
 i 6137
 j 6103
 k 6197
 l 6123
 m 5988
 n 6221
 o 6165
 p 6254
 q 6253
 r 6132
 s 6205
 t 6141
 u 6137
 v 6037
 w 6086
 x 6136
 y 6251
 z 6095

Total characters:  160000
DATA, 10000, 100, elf81, 0.712000
 a 5967
 b 6241
 c 6149
 d 6027
 e 6157
 f 6183
 g 6195
 h 6420
 i 6137
 j 6103
 k 6197
 l 6123
 m 5988
 n 6221
 o 6165
 p 6254
 q 6253
 r 6132
 s 6205
 t 6141
 u 6137
 v 6037
 w 6086
 x 6136
 y 6251
 z 6095

Total characters:  160000
DATA, 10000, 100, elf81, 0.679000
 a 5967
 b 6241
 c 6149
 d 6027
 e 6157
 f 6183
 g 6195
 h 6420
 i 6137
 j 6103
 k 6197
 l 6123
 m 5988
 n 6221
 o 6165
 p 6254
 q 6253
 r 6132
 s 6205
 t 6141
 u 6137
 v 6037
 w 6086
 x 6136
 y 6251
 z 6095

Total characters:  160000
DATA, 10000, 100, elf81, 0.738000
 a 5967
 b 6241
 c 6149
 d 6027
 e 6157
 f 6183
 g 6195
 h 6420
 i 6137
 j 6103
 k 6197
 l 6123
 m 5988
 n 6221
 o 6165
 p 6254
 q 6253
 r 6132
 s 6205
 t 6141
 u 6137
 v 6037
 w 6086
 x 6136
 y 6251
 z 6095

Total characters:  160000
DATA, 10000, 100, elf81, 0.728000
 a 5967
 b 6241
 c 6149
 d 6027
 e 6157
 f 6183
 g 6195
 h 6420
 i 6137
 j 6103
 k 6197
 l 6123
 m 5988
 n 6221
 o 6165
 p 6254
 q 6253
 r 6132
 s 6205
 t 6141
 u 6137
 v 6037
 w 6086
 x 6136
 y 6251
 z 6095

Total characters:  160000
DATA, 10000, 100, elf81, 0.729000
 a 5967
 b 6241
 c 6149
 d 6027
 e 6157
 f 6183
 g 6195
 h 6420
 i 6137
 j 6103
 k 6197
 l 6123
 m 5988
 n 6221
 o 6165
 p 6254
 q 6253
 r 6132
 s 6205
 t 6141
 u 6137
 v 6037
 w 6086
 x 6136
 y 6251
 z 6095

Total characters:  160000
DATA, 10000, 100, elf81, 0.685000
 a 5967
 b 6241
 c 6149
 d 6027
 e 6157
 f 6183
 g 6195
 h 6420
 i 6137
 j 6103
 k 6197
 l 6123
 m 5988
 n 6221
 o 6165
 p 6254
 q 6253
 r 6132
 s 6205
 t 6141
 u 6137
 v 6037
 w 6086
 x 6136
 y 6251
 z 6095

Total characters:  160000
DATA, 10000, 100, elf81, 0.680000
 a 5967
 b 6241
 c 6149
 d 6027
 e 6157
 f 6183
 g 6195
 h 6420
 i 6137
 j 6103
 k 6197
 l 6123
 m 5988
 n 6221
 o 6165
 p 6254
 q 6253
 r 6132
 s 6205
 t 6141
 u 6137
 v 6037
 w 6086
 x 6136
 y 6251
 z 6095

Total characters:  160000
DATA, 10000, 100, elf81, 4.062000
 a 5967
 b 6241
 c 6149
 d 6027
 e 6157
 f 6183
 g 6195
 h 6420
 i 6137
 j 6103
 k 6197
 l 6123
 m 5988
 n 6221
 o 6165
 p 6254
 q 6253
 r 6132
 s 6205
 t 6141
 u 6137
 v 6037
 w 6086
 x 6136
 y 6251
 z 6095

Total characters:  160000
DATA, 10000, 100, elf81, 3.568000
 a 5967
 b 6241
 c 6149
 d 6027
 e 6157
 f 6183
 g 6195
 h 6420
 i 6137
 j 6103
 k 6197
 l 6123
 m 5988
 n 6221
 o 6165
 p 6254
 q 6253
 r 6132
 s 6205
 t 6141
 u 6137
 v 6037
 w 6086
 x 6136
 y 6251
 z 6095

Total characters:  160000
DATA, 10000, 100, elf81, 3.586000
 a 5967
 b 6241
 c 6149
 d 6027
 e 6157
 f 6183
 g 6195
 h 6420
 i 6137
 j 6103
 k 6197
 l 6123
 m 5988
 n 6221
 o 6165
 p 6254
 q 6253
 r 6132
 s 6205
 t 6141
 u 6137
 v 6037
 w 6086
 x 6136
 y 6251
 z 6095

Total characters:  160000
DATA, 10000, 100, elf81, 3.511000
 a 5967
 b 6241
 c 6149
 d 6027
 e 6157
 f 6183
 g 6195
 h 6420
 i 6137
 j 6103
 k 6197
 l 6123
 m 5988
 n 6221
 o 6165
 p 6254
 q 6253
 r 6132
 s 6205
 t 6141
 u 6137
 v 6037
 w 6086
 x 6136
 y 6251
 z 6095

Total characters:  160000
DATA, 10000, 100, elf80, 3.450000
 a 5967
 b 6241
 c 6149
 d 6027
 e 6157
 f 6183
 g 6195
 h 6420
 i 6137
 j 6103
 k 6197
 l 6123
 m 5988
 n 6221
 o 6165
 p 6254
 q 6253
 r 6132
 s 6205
 t 6141
 u 6137
 v 6037
 w 6086
 x 6136
 y 6251
 z 6095

Total characters:  160000
DATA, 10000, 100, elf85, 3.595000
 a 5967
 b 6241
 c 6149
 d 6027
 e 6157
 f 6183
 g 6195
 h 6420
 i 6137
 j 6103
 k 6197
 l 6123
 m 5988
 n 6221
 o 6165
 p 6254
 q 6253
 r 6132
 s 6205
 t 6141
 u 6137
 v 6037
 w 6086
 x 6136
 y 6251
 z 6095

Total characters:  160000
DATA, 10000, 100, elf81, 3.582000
 a 5967
 b 6241
 c 6149
 d 6027
 e 6157
 f 6183
 g 6195
 h 6420
 i 6137
 j 6103
 k 6197
 l 6123
 m 5988
 n 6221
 o 6165
 p 6254
 q 6253
 r 6132
 s 6205
 t 6141
 u 6137
 v 6037
 w 6086
 x 6136
 y 6251
 z 6095

Total characters:  160000
DATA, 10000, 100, elf81, 3.557000
 a 5967
 b 6241
 c 6149
 d 6027
 e 6157
 f 6183
 g 6195
 h 6420
 i 6137
 j 6103
 k 6197
 l 6123
 m 5988
 n 6221
 o 6165
 p 6254
 q 6253
 r 6132
 s 6205
 t 6141
 u 6137
 v 6037
 w 6086
 x 6136
 y 6251
 z 6095

Total characters:  160000
DATA, 10000, 100, elf81, 3.517000
 a 5967
 b 6241
 c 6149
 d 6027
 e 6157
 f 6183
 g 6195
 h 6420
 i 6137
 j 6103
 k 6197
 l 6123
 m 5988
 n 6221
 o 6165
 p 6254
 q 6253
 r 6132
 s 6205
 t 6141
 u 6137
 v 6037
 w 6086
 x 6136
 y 6251
 z 6095

Total characters:  160000
DATA, 10000, 100, elf81, 3.496000
 a 5967
 b 6241
 c 6149
 d 6027
 e 6157
 f 6183
 g 6195
 h 6420
 i 6137
 j 6103
 k 6197
 l 6123
 m 5988
 n 6221
 o 6165
 p 6254
 q 6253
 r 6132
 s 6205
 t 6141
 u 6137
 v 6037
 w 6086
 x 6136
 y 6251
 z 6095

Total characters:  160000
DATA, 10000, 100, elf81, 3.614000
 a 5967
 b 6241
 c 6149
 d 6027
 e 6157
 f 6183
 g 6195
 h 6420
 i 6137
 j 6103
 k 6197
 l 6123
 m 5988
 n 6221
 o 6165
 p 6254
 q 6253
 r 6132
 s 6205
 t 6141
 u 6137
 v 6037
 w 6086
 x 6136
 y 6251
 z 6095

Total characters:  160000
DATA, 10000, 100, elf81, 3.603000
 a 5967
 b 6241
 c 6149
 d 6027
 e 6157
 f 6183
 g 6195
 h 6420
 i 6137
 j 6103
 k 6197
 l 6123
 m 5988
 n 6221
 o 6165
 p 6254
 q 6253
 r 6132
 s 6205
 t 6141
 u 6137
 v 6037
 w 6086
 x 6136
 y 6251
 z 6095

Total characters:  160000
DATA, 10000, 100, elf81, 3.595000
 a 5967
 b 6241
 c 6149
 d 6027
 e 6157
 f 6183
 g 6195
 h 6420
 i 6137
 j 6103
 k 6197
 l 6123
 m 5988
 n 6221
 o 6165
 p 6254
 q 6253
 r 6132
 s 6205
 t 6141
 u 6137
 v 6037
 w 6086
 x 6136
 y 6251
 z 6095

Total characters:  160000
DATA, 10000, 100, elf81, 3.526000
 a 5967
 b 6241
 c 6149
 d 6027
 e 6157
 f 6183
 g 6195
 h 6420
 i 6137
 j 6103
 k 6197
 l 6123
 m 5988
 n 6221
 o 6165
 p 6254
 q 6253
 r 6132
 s 6205
 t 6141
 u 6137
 v 6037
 w 6086
 x 6136
 y 6251
 z 6095

Total characters:  160000
DATA, 10000, 100, elf84, 3.370000
 a 5967
 b 6241
 c 6149
 d 6027
 e 6157
 f 6183
 g 6195
 h 6420
 i 6137
 j 6103
 k 6197
 l 6123
 m 5988
 n 6221
 o 6165
 p 6254
 q 6253
 r 6132
 s 6205
 t 6141
 u 6137
 v 6037
 w 6086
 x 6136
 y 6251
 z 6095

Total characters:  160000
DATA, 10000, 100, elf83, 3.485000
 a 5967
 b 6241
 c 6149
 d 6027
 e 6157
 f 6183
 g 6195
 h 6420
 i 6137
 j 6103
 k 6197
 l 6123
 m 5988
 n 6221
 o 6165
 p 6254
 q 6253
 r 6132
 s 6205
 t 6141
 u 6137
 v 6037
 w 6086
 x 6136
 y 6251
 z 6095

Total characters:  160000
DATA, 10000, 100, elf81, 3.707000
 a 5967
 b 6241
 c 6149
 d 6027
 e 6157
 f 6183
 g 6195
 h 6420
 i 6137
 j 6103
 k 6197
 l 6123
 m 5988
 n 6221
 o 6165
 p 6254
 q 6253
 r 6132
 s 6205
 t 6141
 u 6137
 v 6037
 w 6086
 x 6136
 y 6251
 z 6095

Total characters:  160000
DATA, 10000, 100, elf81, 3.604000
 a 5967
 b 6241
 c 6149
 d 6027
 e 6157
 f 6183
 g 6195
 h 6420
 i 6137
 j 6103
 k 6197
 l 6123
 m 5988
 n 6221
 o 6165
 p 6254
 q 6253
 r 6132
 s 6205
 t 6141
 u 6137
 v 6037
 w 6086
 x 6136
 y 6251
 z 6095

Total characters:  160000
DATA, 10000, 100, elf81, 3.533000
 a 5967
 b 6241
 c 6149
 d 6027
 e 6157
 f 6183
 g 6195
 h 6420
 i 6137
 j 6103
 k 6197
 l 6123
 m 5988
 n 6221
 o 6165
 p 6254
 q 6253
 r 6132
 s 6205
 t 6141
 u 6137
 v 6037
 w 6086
 x 6136
 y 6251
 z 6095

Total characters:  160000
DATA, 10000, 100, elf81, 3.578000
 a 5967
 b 6241
 c 6149
 d 6027
 e 6157
 f 6183
 g 6195
 h 6420
 i 6137
 j 6103
 k 6197
 l 6123
 m 5988
 n 6221
 o 6165
 p 6254
 q 6253
 r 6132
 s 6205
 t 6141
 u 6137
 v 6037
 w 6086
 x 6136
 y 6251
 z 6095

Total characters:  160000
DATA, 10000, 100, elf81, 3.551000
 a 5967
 b 6241
 c 6149
 d 6027
 e 6157
 f 6183
 g 6195
 h 6420
 i 6137
 j 6103
 k 6197
 l 6123
 m 5988
 n 6221
 o 6165
 p 6254
 q 6253
 r 6132
 s 6205
 t 6141
 u 6137
 v 6037
 w 6086
 x 6136
 y 6251
 z 6095

Total characters:  160000
DATA, 10000, 100, elf81, 3.636000
 a 5967
 b 6241
 c 6149
 d 6027
 e 6157
 f 6183
 g 6195
 h 6420
 i 6137
 j 6103
 k 6197
 l 6123
 m 5988
 n 6221
 o 6165
 p 6254
 q 6253
 r 6132
 s 6205
 t 6141
 u 6137
 v 6037
 w 6086
 x 6136
 y 6251
 z 6095

Total characters:  160000
DATA, 10000, 100, elf81, 3.581000
 a 5967
 b 6241
 c 6149
 d 6027
 e 6157
 f 6183
 g 6195
 h 6420
 i 6137
 j 6103
 k 6197
 l 6123
 m 5988
 n 6221
 o 6165
 p 6254
 q 6253
 r 6132
 s 6205
 t 6141
 u 6137
 v 6037
 w 6086
 x 6136
 y 6251
 z 6095

Total characters:  160000
DATA, 10000, 100, elf81, 3.575000
 a 5967
 b 6241
 c 6149
 d 6027
 e 6157
 f 6183
 g 6195
 h 6420
 i 6137
 j 6103
 k 6197
 l 6123
 m 5988
 n 6221
 o 6165
 p 6254
 q 6253
 r 6132
 s 6205
 t 6141
 u 6137
 v 6037
 w 6086
 x 6136
 y 6251
 z 6095

Total characters:  160000
DATA, 10000, 100, elf80, 3.644000
 a 5967
 b 6241
 c 6149
 d 6027
 e 6157
 f 6183
 g 6195
 h 6420
 i 6137
 j 6103
 k 6197
 l 6123
 m 5988
 n 6221
 o 6165
 p 6254
 q 6253
 r 6132
 s 6205
 t 6141
 u 6137
 v 6037
 w 6086
 x 6136
 y 6251
 z 6095

Total characters:  160000
DATA, 10000, 100, elf80, 3.594000
 a 5967
 b 6241
 c 6149
 d 6027
 e 6157
 f 6183
 g 6195
 h 6420
 i 6137
 j 6103
 k 6197
 l 6123
 m 5988
 n 6221
 o 6165
 p 6254
 q 6253
 r 6132
 s 6205
 t 6141
 u 6137
 v 6037
 w 6086
 x 6136
 y 6251
 z 6095

Total characters:  160000
DATA, 10000, 100, elf85, 3.564000
 a 5967
 b 6241
 c 6149
 d 6027
 e 6157
 f 6183
 g 6195
 h 6420
 i 6137
 j 6103
 k 6197
 l 6123
 m 5988
 n 6221
 o 6165
 p 6254
 q 6253
 r 6132
 s 6205
 t 6141
 u 6137
 v 6037
 w 6086
 x 6136
 y 6251
 z 6095

Total characters:  160000
DATA, 10000, 100, elf80, 3.548000
 a 5967
 b 6241
 c 6149
 d 6027
 e 6157
 f 6183
 g 6195
 h 6420
 i 6137
 j 6103
 k 6197
 l 6123
 m 5988
 n 6221
 o 6165
 p 6254
 q 6253
 r 6132
 s 6205
 t 6141
 u 6137
 v 6037
 w 6086
 x 6136
 y 6251
 z 6095

Total characters:  160000
DATA, 10000, 100, elf85, 3.592000
 a 5967
 b 6241
 c 6149
 d 6027
 e 6157
 f 6183
 g 6195
 h 6420
 i 6137
 j 6103
 k 6197
 l 6123
 m 5988
 n 6221
 o 6165
 p 6254
 q 6253
 r 6132
 s 6205
 t 6141
 u 6137
 v 6037
 w 6086
 x 6136
 y 6251
 z 6095

Total characters:  160000
DATA, 10000, 100, elf80, 3.596000
 a 5967
 b 6241
 c 6149
 d 6027
 e 6157
 f 6183
 g 6195
 h 6420
 i 6137
 j 6103
 k 6197
 l 6123
 m 5988
 n 6221
 o 6165
 p 6254
 q 6253
 r 6132
 s 6205
 t 6141
 u 6137
 v 6037
 w 6086
 x 6136
 y 6251
 z 6095

Total characters:  160000
DATA, 10000, 100, elf85, 3.591000
 a 5967
 b 6241
 c 6149
 d 6027
 e 6157
 f 6183
 g 6195
 h 6420
 i 6137
 j 6103
 k 6197
 l 6123
 m 5988
 n 6221
 o 6165
 p 6254
 q 6253
 r 6132
 s 6205
 t 6141
 u 6137
 v 6037
 w 6086
 x 6136
 y 6251
 z 6095

Total characters:  160000
DATA, 10000, 100, elf80, 3.498000
 a 5967
 b 6241
 c 6149
 d 6027
 e 6157
 f 6183
 g 6195
 h 6420
 i 6137
 j 6103
 k 6197
 l 6123
 m 5988
 n 6221
 o 6165
 p 6254
 q 6253
 r 6132
 s 6205
 t 6141
 u 6137
 v 6037
 w 6086
 x 6136
 y 6251
 z 6095

Total characters:  160000
DATA, 10000, 100, elf85, 3.572000
 a 5967
 b 6241
 c 6149
 d 6027
 e 6157
 f 6183
 g 6195
 h 6420
 i 6137
 j 6103
 k 6197
 l 6123
 m 5988
 n 6221
 o 6165
 p 6254
 q 6253
 r 6132
 s 6205
 t 6141
 u 6137
 v 6037
 w 6086
 x 6136
 y 6251
 z 6095

Total characters:  160000
DATA, 10000, 100, elf80, 3.488000
 a 5967
 b 6241
 c 6149
 d 6027
 e 6157
 f 6183
 g 6195
 h 6420
 i 6137
 j 6103
 k 6197
 l 6123
 m 5988
 n 6221
 o 6165
 p 6254
 q 6253
 r 6132
 s 6205
 t 6141
 u 6137
 v 6037
 w 6086
 x 6136
 y 6251
 z 6095

Total characters:  160000
DATA, 10000, 100, elf85, 3.701000
 a 5967
 b 6241
 c 6149
 d 6027
 e 6157
 f 6183
 g 6195
 h 6420
 i 6137
 j 6103
 k 6197
 l 6123
 m 5988
 n 6221
 o 6165
 p 6254
 q 6253
 r 6132
 s 6205
 t 6141
 u 6137
 v 6037
 w 6086
 x 6136
 y 6251
 z 6095

Total characters:  160000
DATA, 10000, 100, elf80, 3.565000
 a 5967
 b 6241
 c 6149
 d 6027
 e 6157
 f 6183
 g 6195
 h 6420
 i 6137
 j 6103
 k 6197
 l 6123
 m 5988
 n 6221
 o 6165
 p 6254
 q 6253
 r 6132
 s 6205
 t 6141
 u 6137
 v 6037
 w 6086
 x 6136
 y 6251
 z 6095

Total characters:  160000
DATA, 10000, 100, elf85, 3.720000
 a 5967
 b 6241
 c 6149
 d 6027
 e 6157
 f 6183
 g 6195
 h 6420
 i 6137
 j 6103
 k 6197
 l 6123
 m 5988
 n 6221
 o 6165
 p 6254
 q 6253
 r 6132
 s 6205
 t 6141
 u 6137
 v 6037
 w 6086
 x 6136
 y 6251
 z 6095

Total characters:  160000
DATA, 10000, 100, elf85, 3.584000
 a 5967
 b 6241
 c 6149
 d 6027
 e 6157
 f 6183
 g 6195
 h 6420
 i 6137
 j 6103
 k 6197
 l 6123
 m 5988
 n 6221
 o 6165
 p 6254
 q 6253
 r 6132
 s 6205
 t 6141
 u 6137
 v 6037
 w 6086
 x 6136
 y 6251
 z 6095

Total characters:  160000
DATA, 10000, 100, elf85, 3.572000
 a 5967
 b 6241
 c 6149
 d 6027
 e 6157
 f 6183
 g 6195
 h 6420
 i 6137
 j 6103
 k 6197
 l 6123
 m 5988
 n 6221
 o 6165
 p 6254
 q 6253
 r 6132
 s 6205
 t 6141
 u 6137
 v 6037
 w 6086
 x 6136
 y 6251
 z 6095

Total characters:  160000
DATA, 10000, 100, elf85, 3.723000
 a 5967
 b 6241
 c 6149
 d 6027
 e 6157
 f 6183
 g 6195
 h 6420
 i 6137
 j 6103
 k 6197
 l 6123
 m 5988
 n 6221
 o 6165
 p 6254
 q 6253
 r 6132
 s 6205
 t 6141
 u 6137
 v 6037
 w 6086
 x 6136
 y 6251
 z 6095

Total characters:  160000
DATA, 10000, 100, elf85, 3.575000
 a 5967
 b 6241
 c 6149
 d 6027
 e 6157
 f 6183
 g 6195
 h 6420
 i 6137
 j 6103
 k 6197
 l 6123
 m 5988
 n 6221
 o 6165
 p 6254
 q 6253
 r 6132
 s 6205
 t 6141
 u 6137
 v 6037
 w 6086
 x 6136
 y 6251
 z 6095

Total characters:  160000
DATA, 10000, 100, elf85, 4.068000
 a 5967
 b 6241
 c 6149
 d 6027
 e 6157
 f 6183
 g 6195
 h 6420
 i 6137
 j 6103
 k 6197
 l 6123
 m 5988
 n 6221
 o 6165
 p 6254
 q 6253
 r 6132
 s 6205
 t 6141
 u 6137
 v 6037
 w 6086
 x 6136
 y 6251
 z 6095

Total characters:  160000
DATA, 10000, 100, elf80, 3.543000
 a 5967
 b 6241
 c 6149
 d 6027
 e 6157
 f 6183
 g 6195
 h 6420
 i 6137
 j 6103
 k 6197
 l 6123
 m 5988
 n 6221
 o 6165
 p 6254
 q 6253
 r 6132
 s 6205
 t 6141
 u 6137
 v 6037
 w 6086
 x 6136
 y 6251
 z 6095

Total characters:  160000
DATA, 10000, 100, elf80, 3.622000
 a 5967
 b 6241
 c 6149
 d 6027
 e 6157
 f 6183
 g 6195
 h 6420
 i 6137
 j 6103
 k 6197
 l 6123
 m 5988
 n 6221
 o 6165
 p 6254
 q 6253
 r 6132
 s 6205
 t 6141
 u 6137
 v 6037
 w 6086
 x 6136
 y 6251
 z 6095

Total characters:  160000
DATA, 10000, 100, elf80, 3.596000
 a 5967
 b 6241
 c 6149
 d 6027
 e 6157
 f 6183
 g 6195
 h 6420
 i 6137
 j 6103
 k 6197
 l 6123
 m 5988
 n 6221
 o 6165
 p 6254
 q 6253
 r 6132
 s 6205
 t 6141
 u 6137
 v 6037
 w 6086
 x 6136
 y 6251
 z 6095

Total characters:  160000
DATA, 10000, 100, elf80, 3.599000
 a 5967
 b 6241
 c 6149
 d 6027
 e 6157
 f 6183
 g 6195
 h 6420
 i 6137
 j 6103
 k 6197
 l 6123
 m 5988
 n 6221
 o 6165
 p 6254
 q 6253
 r 6132
 s 6205
 t 6141
 u 6137
 v 6037
 w 6086
 x 6136
 y 6251
 z 6095

Total characters:  160000
DATA, 10000, 100, elf80, 3.577000
 a 5967
 b 6241
 c 6149
 d 6027
 e 6157
 f 6183
 g 6195
 h 6420
 i 6137
 j 6103
 k 6197
 l 6123
 m 5988
 n 6221
 o 6165
 p 6254
 q 6253
 r 6132
 s 6205
 t 6141
 u 6137
 v 6037
 w 6086
 x 6136
 y 6251
 z 6095

Total characters:  160000
DATA, 10000, 100, elf80, 3.583000
 a 5967
 b 6241
 c 6149
 d 6027
 e 6157
 f 6183
 g 6195
 h 6420
 i 6137
 j 6103
 k 6197
 l 6123
 m 5988
 n 6221
 o 6165
 p 6254
 q 6253
 r 6132
 s 6205
 t 6141
 u 6137
 v 6037
 w 6086
 x 6136
 y 6251
 z 6095

Total characters:  160000
DATA, 10000, 100, elf80, 3.544000
 a 5967
 b 6241
 c 6149
 d 6027
 e 6157
 f 6183
 g 6195
 h 6420
 i 6137
 j 6103
 k 6197
 l 6123
 m 5988
 n 6221
 o 6165
 p 6254
 q 6253
 r 6132
 s 6205
 t 6141
 u 6137
 v 6037
 w 6086
 x 6136
 y 6251
 z 6095

Total characters:  160000
DATA, 10000, 100, elf80, 3.555000
 a 5967
 b 6241
 c 6149
 d 6027
 e 6157
 f 6183
 g 6195
 h 6420
 i 6137
 j 6103
 k 6197
 l 6123
 m 5988
 n 6221
 o 6165
 p 6254
 q 6253
 r 6132
 s 6205
 t 6141
 u 6137
 v 6037
 w 6086
 x 6136
 y 6251
 z 6095

Total characters:  160000
DATA, 10000, 100, elf80, 3.566000
 a 5967
 b 6241
 c 6149
 d 6027
 e 6157
 f 6183
 g 6195
 h 6420
 i 6137
 j 6103
 k 6197
 l 6123
 m 5988
 n 6221
 o 6165
 p 6254
 q 6253
 r 6132
 s 6205
 t 6141
 u 6137
 v 6037
 w 6086
 x 6136
 y 6251
 z 6095

Total characters:  160000
DATA, 10000, 100, elf80, 3.544000
 a 5967
 b 6241
 c 6149
 d 6027
 e 6157
 f 6183
 g 6195
 h 6420
 i 6137
 j 6103
 k 6197
 l 6123
 m 5988
 n 6221
 o 6165
 p 6254
 q 6253
 r 6132
 s 6205
 t 6141
 u 6137
 v 6037
 w 6086
 x 6136
 y 6251
 z 6095

Total characters:  160000
DATA, 10000, 100, elf80, 3.691000
 a 5967
 b 6241
 c 6149
 d 6027
 e 6157
 f 6183
 g 6195
 h 6420
 i 6137
 j 6103
 k 6197
 l 6123
 m 5988
 n 6221
 o 6165
 p 6254
 q 6253
 r 6132
 s 6205
 t 6141
 u 6137
 v 6037
 w 6086
 x 6136
 y 6251
 z 6095

Total characters:  160000
DATA, 10000, 100, elf80, 4.606000
 a 5967
 b 6241
 c 6149
 d 6027
 e 6157
 f 6183
 g 6195
 h 6420
 i 6137
 j 6103
 k 6197
 l 6123
 m 5988
 n 6221
 o 6165
 p 6254
 q 6253
 r 6132
 s 6205
 t 6141
 u 6137
 v 6037
 w 6086
 x 6136
 y 6251
 z 6095

Total characters:  160000
DATA, 10000, 100, elf85, 3.588000
 a 5967
 b 6241
 c 6149
 d 6027
 e 6157
 f 6183
 g 6195
 h 6420
 i 6137
 j 6103
 k 6197
 l 6123
 m 5988
 n 6221
 o 6165
 p 6254
 q 6253
 r 6132
 s 6205
 t 6141
 u 6137
 v 6037
 w 6086
 x 6136
 y 6251
 z 6095

Total characters:  160000
DATA, 10000, 100, elf85, 3.633000
 a 5967
 b 6241
 c 6149
 d 6027
 e 6157
 f 6183
 g 6195
 h 6420
 i 6137
 j 6103
 k 6197
 l 6123
 m 5988
 n 6221
 o 6165
 p 6254
 q 6253
 r 6132
 s 6205
 t 6141
 u 6137
 v 6037
 w 6086
 x 6136
 y 6251
 z 6095

Total characters:  160000
DATA, 10000, 100, elf85, 3.622000
 a 5967
 b 6241
 c 6149
 d 6027
 e 6157
 f 6183
 g 6195
 h 6420
 i 6137
 j 6103
 k 6197
 l 6123
 m 5988
 n 6221
 o 6165
 p 6254
 q 6253
 r 6132
 s 6205
 t 6141
 u 6137
 v 6037
 w 6086
 x 6136
 y 6251
 z 6095

Total characters:  160000
DATA, 10000, 100, elf85, 3.497000
 a 5967
 b 6241
 c 6149
 d 6027
 e 6157
 f 6183
 g 6195
 h 6420
 i 6137
 j 6103
 k 6197
 l 6123
 m 5988
 n 6221
 o 6165
 p 6254
 q 6253
 r 6132
 s 6205
 t 6141
 u 6137
 v 6037
 w 6086
 x 6136
 y 6251
 z 6095

Total characters:  160000
DATA, 10000, 100, elf85, 3.551000
 a 5967
 b 6241
 c 6149
 d 6027
 e 6157
 f 6183
 g 6195
 h 6420
 i 6137
 j 6103
 k 6197
 l 6123
 m 5988
 n 6221
 o 6165
 p 6254
 q 6253
 r 6132
 s 6205
 t 6141
 u 6137
 v 6037
 w 6086
 x 6136
 y 6251
 z 6095

Total characters:  160000
DATA, 10000, 100, elf85, 3.545000
 a 5967
 b 6241
 c 6149
 d 6027
 e 6157
 f 6183
 g 6195
 h 6420
 i 6137
 j 6103
 k 6197
 l 6123
 m 5988
 n 6221
 o 6165
 p 6254
 q 6253
 r 6132
 s 6205
 t 6141
 u 6137
 v 6037
 w 6086
 x 6136
 y 6251
 z 6095

Total characters:  160000
DATA, 10000, 100, elf85, 3.531000
 a 5967
 b 6241
 c 6149
 d 6027
 e 6157
 f 6183
 g 6195
 h 6420
 i 6137
 j 6103
 k 6197
 l 6123
 m 5988
 n 6221
 o 6165
 p 6254
 q 6253
 r 6132
 s 6205
 t 6141
 u 6137
 v 6037
 w 6086
 x 6136
 y 6251
 z 6095

Total characters:  160000
DATA, 10000, 100, elf85, 3.564000
 a 5967
 b 6241
 c 6149
 d 6027
 e 6157
 f 6183
 g 6195
 h 6420
 i 6137
 j 6103
 k 6197
 l 6123
 m 5988
 n 6221
 o 6165
 p 6254
 q 6253
 r 6132
 s 6205
 t 6141
 u 6137
 v 6037
 w 6086
 x 6136
 y 6251
 z 6095

Total characters:  160000
DATA, 10000, 100, elf84, 3.465000
 a 5967
 b 6241
 c 6149
 d 6027
 e 6157
 f 6183
 g 6195
 h 6420
 i 6137
 j 6103
 k 6197
 l 6123
 m 5988
 n 6221
 o 6165
 p 6254
 q 6253
 r 6132
 s 6205
 t 6141
 u 6137
 v 6037
 w 6086
 x 6136
 y 6251
 z 6095

Total characters:  160000
DATA, 10000, 100, elf84, 3.447000
 a 5967
 b 6241
 c 6149
 d 6027
 e 6157
 f 6183
 g 6195
 h 6420
 i 6137
 j 6103
 k 6197
 l 6123
 m 5988
 n 6221
 o 6165
 p 6254
 q 6253
 r 6132
 s 6205
 t 6141
 u 6137
 v 6037
 w 6086
 x 6136
 y 6251
 z 6095

Total characters:  160000
DATA, 10000, 100, elf84, 3.592000
 a 5967
 b 6241
 c 6149
 d 6027
 e 6157
 f 6183
 g 6195
 h 6420
 i 6137
 j 6103
 k 6197
 l 6123
 m 5988
 n 6221
 o 6165
 p 6254
 q 6253
 r 6132
 s 6205
 t 6141
 u 6137
 v 6037
 w 6086
 x 6136
 y 6251
 z 6095

Total characters:  160000
DATA, 10000, 100, elf84, 3.609000
 a 5967
 b 6241
 c 6149
 d 6027
 e 6157
 f 6183
 g 6195
 h 6420
 i 6137
 j 6103
 k 6197
 l 6123
 m 5988
 n 6221
 o 6165
 p 6254
 q 6253
 r 6132
 s 6205
 t 6141
 u 6137
 v 6037
 w 6086
 x 6136
 y 6251
 z 6095

Total characters:  160000
DATA, 10000, 100, elf84, 3.630000
 a 5967
 b 6241
 c 6149
 d 6027
 e 6157
 f 6183
 g 6195
 h 6420
 i 6137
 j 6103
 k 6197
 l 6123
 m 5988
 n 6221
 o 6165
 p 6254
 q 6253
 r 6132
 s 6205
 t 6141
 u 6137
 v 6037
 w 6086
 x 6136
 y 6251
 z 6095

Total characters:  160000
DATA, 10000, 100, elf84, 3.580000
 a 5967
 b 6241
 c 6149
 d 6027
 e 6157
 f 6183
 g 6195
 h 6420
 i 6137
 j 6103
 k 6197
 l 6123
 m 5988
 n 6221
 o 6165
 p 6254
 q 6253
 r 6132
 s 6205
 t 6141
 u 6137
 v 6037
 w 6086
 x 6136
 y 6251
 z 6095

Total characters:  160000
DATA, 10000, 100, elf84, 3.589000
 a 5967
 b 6241
 c 6149
 d 6027
 e 6157
 f 6183
 g 6195
 h 6420
 i 6137
 j 6103
 k 6197
 l 6123
 m 5988
 n 6221
 o 6165
 p 6254
 q 6253
 r 6132
 s 6205
 t 6141
 u 6137
 v 6037
 w 6086
 x 6136
 y 6251
 z 6095

Total characters:  160000
DATA, 10000, 100, elf84, 3.554000
 a 5967
 b 6241
 c 6149
 d 6027
 e 6157
 f 6183
 g 6195
 h 6420
 i 6137
 j 6103
 k 6197
 l 6123
 m 5988
 n 6221
 o 6165
 p 6254
 q 6253
 r 6132
 s 6205
 t 6141
 u 6137
 v 6037
 w 6086
 x 6136
 y 6251
 z 6095

Total characters:  160000
DATA, 10000, 100, elf84, 3.592000
 a 5967
 b 6241
 c 6149
 d 6027
 e 6157
 f 6183
 g 6195
 h 6420
 i 6137
 j 6103
 k 6197
 l 6123
 m 5988
 n 6221
 o 6165
 p 6254
 q 6253
 r 6132
 s 6205
 t 6141
 u 6137
 v 6037
 w 6086
 x 6136
 y 6251
 z 6095

Total characters:  160000
DATA, 10000, 100, elf84, 3.576000
 a 5967
 b 6241
 c 6149
 d 6027
 e 6157
 f 6183
 g 6195
 h 6420
 i 6137
 j 6103
 k 6197
 l 6123
 m 5988
 n 6221
 o 6165
 p 6254
 q 6253
 r 6132
 s 6205
 t 6141
 u 6137
 v 6037
 w 6086
 x 6136
 y 6251
 z 6095

Total characters:  160000
DATA, 10000, 100, elf84, 3.560000
 a 5967
 b 6241
 c 6149
 d 6027
 e 6157
 f 6183
 g 6195
 h 6420
 i 6137
 j 6103
 k 6197
 l 6123
 m 5988
 n 6221
 o 6165
 p 6254
 q 6253
 r 6132
 s 6205
 t 6141
 u 6137
 v 6037
 w 6086
 x 6136
 y 6251
 z 6095

Total characters:  160000
DATA, 10000, 100, elf84, 3.529000
 a 5967
 b 6241
 c 6149
 d 6027
 e 6157
 f 6183
 g 6195
 h 6420
 i 6137
 j 6103
 k 6197
 l 6123
 m 5988
 n 6221
 o 6165
 p 6254
 q 6253
 r 6132
 s 6205
 t 6141
 u 6137
 v 6037
 w 6086
 x 6136
 y 6251
 z 6095

Total characters:  160000
DATA, 10000, 100, elf84, 3.565000
 a 5967
 b 6241
 c 6149
 d 6027
 e 6157
 f 6183
 g 6195
 h 6420
 i 6137
 j 6103
 k 6197
 l 6123
 m 5988
 n 6221
 o 6165
 p 6254
 q 6253
 r 6132
 s 6205
 t 6141
 u 6137
 v 6037
 w 6086
 x 6136
 y 6251
 z 6095

Total characters:  160000
DATA, 10000, 100, elf84, 3.542000
 a 5967
 b 6241
 c 6149
 d 6027
 e 6157
 f 6183
 g 6195
 h 6420
 i 6137
 j 6103
 k 6197
 l 6123
 m 5988
 n 6221
 o 6165
 p 6254
 q 6253
 r 6132
 s 6205
 t 6141
 u 6137
 v 6037
 w 6086
 x 6136
 y 6251
 z 6095

Total characters:  160000
DATA, 10000, 100, elf84, 3.589000
 a 5967
 b 6241
 c 6149
 d 6027
 e 6157
 f 6183
 g 6195
 h 6420
 i 6137
 j 6103
 k 6197
 l 6123
 m 5988
 n 6221
 o 6165
 p 6254
 q 6253
 r 6132
 s 6205
 t 6141
 u 6137
 v 6037
 w 6086
 x 6136
 y 6251
 z 6095

Total characters:  160000
DATA, 10000, 100, elf84, 3.516000
 a 5967
 b 6241
 c 6149
 d 6027
 e 6157
 f 6183
 g 6195
 h 6420
 i 6137
 j 6103
 k 6197
 l 6123
 m 5988
 n 6221
 o 6165
 p 6254
 q 6253
 r 6132
 s 6205
 t 6141
 u 6137
 v 6037
 w 6086
 x 6136
 y 6251
 z 6095

Total characters:  160000
DATA, 10000, 100, elf84, 3.577000
 a 5967
 b 6241
 c 6149
 d 6027
 e 6157
 f 6183
 g 6195
 h 6420
 i 6137
 j 6103
 k 6197
 l 6123
 m 5988
 n 6221
 o 6165
 p 6254
 q 6253
 r 6132
 s 6205
 t 6141
 u 6137
 v 6037
 w 6086
 x 6136
 y 6251
 z 6095

Total characters:  160000
DATA, 10000, 100, elf84, 3.529000
 a 5967
 b 6241
 c 6149
 d 6027
 e 6157
 f 6183
 g 6195
 h 6420
 i 6137
 j 6103
 k 6197
 l 6123
 m 5988
 n 6221
 o 6165
 p 6254
 q 6253
 r 6132
 s 6205
 t 6141
 u 6137
 v 6037
 w 6086
 x 6136
 y 6251
 z 6095

Total characters:  160000
DATA, 10000, 100, elf84, 3.551000
 a 5967
 b 6241
 c 6149
 d 6027
 e 6157
 f 6183
 g 6195
 h 6420
 i 6137
 j 6103
 k 6197
 l 6123
 m 5988
 n 6221
 o 6165
 p 6254
 q 6253
 r 6132
 s 6205
 t 6141
 u 6137
 v 6037
 w 6086
 x 6136
 y 6251
 z 6095

Total characters:  160000
DATA, 10000, 100, elf83, 3.548000
 a 5967
 b 6241
 c 6149
 d 6027
 e 6157
 f 6183
 g 6195
 h 6420
 i 6137
 j 6103
 k 6197
 l 6123
 m 5988
 n 6221
 o 6165
 p 6254
 q 6253
 r 6132
 s 6205
 t 6141
 u 6137
 v 6037
 w 6086
 x 6136
 y 6251
 z 6095

Total characters:  160000
DATA, 10000, 100, elf83, 3.480000
 a 5967
 b 6241
 c 6149
 d 6027
 e 6157
 f 6183
 g 6195
 h 6420
 i 6137
 j 6103
 k 6197
 l 6123
 m 5988
 n 6221
 o 6165
 p 6254
 q 6253
 r 6132
 s 6205
 t 6141
 u 6137
 v 6037
 w 6086
 x 6136
 y 6251
 z 6095

Total characters:  160000
DATA, 10000, 100, elf83, 3.544000
 a 5967
 b 6241
 c 6149
 d 6027
 e 6157
 f 6183
 g 6195
 h 6420
 i 6137
 j 6103
 k 6197
 l 6123
 m 5988
 n 6221
 o 6165
 p 6254
 q 6253
 r 6132
 s 6205
 t 6141
 u 6137
 v 6037
 w 6086
 x 6136
 y 6251
 z 6095

Total characters:  160000
DATA, 10000, 100, elf83, 3.583000
 a 5967
 b 6241
 c 6149
 d 6027
 e 6157
 f 6183
 g 6195
 h 6420
 i 6137
 j 6103
 k 6197
 l 6123
 m 5988
 n 6221
 o 6165
 p 6254
 q 6253
 r 6132
 s 6205
 t 6141
 u 6137
 v 6037
 w 6086
 x 6136
 y 6251
 z 6095

Total characters:  160000
DATA, 10000, 100, elf83, 3.558000
 a 5967
 b 6241
 c 6149
 d 6027
 e 6157
 f 6183
 g 6195
 h 6420
 i 6137
 j 6103
 k 6197
 l 6123
 m 5988
 n 6221
 o 6165
 p 6254
 q 6253
 r 6132
 s 6205
 t 6141
 u 6137
 v 6037
 w 6086
 x 6136
 y 6251
 z 6095

Total characters:  160000
DATA, 10000, 100, elf83, 3.586000
 a 5967
 b 6241
 c 6149
 d 6027
 e 6157
 f 6183
 g 6195
 h 6420
 i 6137
 j 6103
 k 6197
 l 6123
 m 5988
 n 6221
 o 6165
 p 6254
 q 6253
 r 6132
 s 6205
 t 6141
 u 6137
 v 6037
 w 6086
 x 6136
 y 6251
 z 6095

Total characters:  160000
DATA, 10000, 100, elf83, 3.738000
 a 5967
 b 6241
 c 6149
 d 6027
 e 6157
 f 6183
 g 6195
 h 6420
 i 6137
 j 6103
 k 6197
 l 6123
 m 5988
 n 6221
 o 6165
 p 6254
 q 6253
 r 6132
 s 6205
 t 6141
 u 6137
 v 6037
 w 6086
 x 6136
 y 6251
 z 6095

Total characters:  160000
DATA, 10000, 100, elf83, 3.619000
 a 5967
 b 6241
 c 6149
 d 6027
 e 6157
 f 6183
 g 6195
 h 6420
 i 6137
 j 6103
 k 6197
 l 6123
 m 5988
 n 6221
 o 6165
 p 6254
 q 6253
 r 6132
 s 6205
 t 6141
 u 6137
 v 6037
 w 6086
 x 6136
 y 6251
 z 6095

Total characters:  160000
DATA, 10000, 100, elf83, 3.554000
 a 5967
 b 6241
 c 6149
 d 6027
 e 6157
 f 6183
 g 6195
 h 6420
 i 6137
 j 6103
 k 6197
 l 6123
 m 5988
 n 6221
 o 6165
 p 6254
 q 6253
 r 6132
 s 6205
 t 6141
 u 6137
 v 6037
 w 6086
 x 6136
 y 6251
 z 6095

Total characters:  160000
DATA, 10000, 100, elf83, 3.542000
 a 5967
 b 6241
 c 6149
 d 6027
 e 6157
 f 6183
 g 6195
 h 6420
 i 6137
 j 6103
 k 6197
 l 6123
 m 5988
 n 6221
 o 6165
 p 6254
 q 6253
 r 6132
 s 6205
 t 6141
 u 6137
 v 6037
 w 6086
 x 6136
 y 6251
 z 6095

Total characters:  160000
DATA, 10000, 100, elf83, 3.644000
 a 5967
 b 6241
 c 6149
 d 6027
 e 6157
 f 6183
 g 6195
 h 6420
 i 6137
 j 6103
 k 6197
 l 6123
 m 5988
 n 6221
 o 6165
 p 6254
 q 6253
 r 6132
 s 6205
 t 6141
 u 6137
 v 6037
 w 6086
 x 6136
 y 6251
 z 6095

Total characters:  160000
DATA, 10000, 100, elf83, 3.522000
 a 5967
 b 6241
 c 6149
 d 6027
 e 6157
 f 6183
 g 6195
 h 6420
 i 6137
 j 6103
 k 6197
 l 6123
 m 5988
 n 6221
 o 6165
 p 6254
 q 6253
 r 6132
 s 6205
 t 6141
 u 6137
 v 6037
 w 6086
 x 6136
 y 6251
 z 6095

Total characters:  160000
DATA, 10000, 100, elf83, 3.587000
 a 5967
 b 6241
 c 6149
 d 6027
 e 6157
 f 6183
 g 6195
 h 6420
 i 6137
 j 6103
 k 6197
 l 6123
 m 5988
 n 6221
 o 6165
 p 6254
 q 6253
 r 6132
 s 6205
 t 6141
 u 6137
 v 6037
 w 6086
 x 6136
 y 6251
 z 6095

Total characters:  160000
DATA, 10000, 100, elf83, 3.580000
 a 5967
 b 6241
 c 6149
 d 6027
 e 6157
 f 6183
 g 6195
 h 6420
 i 6137
 j 6103
 k 6197
 l 6123
 m 5988
 n 6221
 o 6165
 p 6254
 q 6253
 r 6132
 s 6205
 t 6141
 u 6137
 v 6037
 w 6086
 x 6136
 y 6251
 z 6095

Total characters:  160000
DATA, 10000, 100, elf83, 3.587000
 a 5967
 b 6241
 c 6149
 d 6027
 e 6157
 f 6183
 g 6195
 h 6420
 i 6137
 j 6103
 k 6197
 l 6123
 m 5988
 n 6221
 o 6165
 p 6254
 q 6253
 r 6132
 s 6205
 t 6141
 u 6137
 v 6037
 w 6086
 x 6136
 y 6251
 z 6095

Total characters:  160000
DATA, 10000, 100, elf83, 3.571000
 a 5967
 b 6241
 c 6149
 d 6027
 e 6157
 f 6183
 g 6195
 h 6420
 i 6137
 j 6103
 k 6197
 l 6123
 m 5988
 n 6221
 o 6165
 p 6254
 q 6253
 r 6132
 s 6205
 t 6141
 u 6137
 v 6037
 w 6086
 x 6136
 y 6251
 z 6095

Total characters:  160000
DATA, 10000, 100, elf83, 3.569000
 a 5967
 b 6241
 c 6149
 d 6027
 e 6157
 f 6183
 g 6195
 h 6420
 i 6137
 j 6103
 k 6197
 l 6123
 m 5988
 n 6221
 o 6165
 p 6254
 q 6253
 r 6132
 s 6205
 t 6141
 u 6137
 v 6037
 w 6086
 x 6136
 y 6251
 z 6095

Total characters:  160000
DATA, 10000, 100, elf83, 3.577000
 a 5967
 b 6241
 c 6149
 d 6027
 e 6157
 f 6183
 g 6195
 h 6420
 i 6137
 j 6103
 k 6197
 l 6123
 m 5988
 n 6221
 o 6165
 p 6254
 q 6253
 r 6132
 s 6205
 t 6141
 u 6137
 v 6037
 w 6086
 x 6136
 y 6251
 z 6095

Total characters:  160000
DATA, 10000, 100, elf83, 3.544000
