 a 4919012
 b 4921795
 c 4926574
 d 4923347
 e 4922587
 f 4921194
 g 4921172
 h 4924136
 i 4922782
 j 4923424
 k 4924965
 l 4921798
 m 4924714
 n 4923356
 o 4924130
 p 4923067
 q 4923414
 r 4923847
 s 4922934
 t 4921513
 u 4921384
 v 4924699
 w 4926437
 x 4924902
 y 4921682
 z 4921135

Total characters:  128000000
 a 4919012
 b 4921795
 c 4926574
 d 4923347
 e 4922587
 f 4921194
 g 4921172
 h 4924136
 i 4922782
 j 4923424
 k 4924965
 l 4921798
 m 4924714
 n 4923356
 o 4924130
 p 4923067
 q 4923414
 r 4923847
 s 4922934
 t 4921513
 u 4921384
 v 4924699
 w 4926437
 x 4924902
 y 4921682
 z 4921135

Total characters:  128000000
 a 4919012
 b 4921795
 c 4926574
 d 4923347
 e 4922587
 f 4921194
 g 4921172
 h 4924136
 i 4922782
 j 4923424
 k 4924965
 l 4921798
 m 4924714
 n 4923356
 o 4924130
 p 4923067
 q 4923414
 r 4923847
 s 4922934
 t 4921513
 u 4921384
 v 4924699
 w 4926437
 x 4924902
 y 4921682
 z 4921135

Total characters:  128000000
 a 4919012
 b 4921795
 c 4926574
 d 4923347
 e 4922587
 f 4921194
 g 4921172
 h 4924136
 i 4922782
 j 4923424
 k 4924965
 l 4921798
 m 4924714
 n 4923356
 o 4924130
 p 4923067
 q 4923414
 r 4923847
 s 4922934
 t 4921513
 u 4921384
 v 4924699
 w 4926437
 x 4924902
 y 4921682
 z 4921135

Total characters:  128000000
 a 4919012
 b 4921795
 c 4926574
 d 4923347
 e 4922587
 f 4921194
 g 4921172
 h 4924136
 i 4922782
 j 4923424
 k 4924965
 l 4921798
 m 4924714
 n 4923356
 o 4924130
 p 4923067
 q 4923414
 r 4923847
 s 4922934
 t 4921513
 u 4921384
 v 4924699
 w 4926437
 x 4924902
 y 4921682
 z 4921135

Total characters:  128000000
srun: error: elf36: tasks 96-99: Exited with exit code 30
 a 4919012
 b 4921795
 c 4926574
 d 4923347
 e 4922587
 f 4921194
 g 4921172
 h 4924136
 i 4922782
 j 4923424
 k 4924965
 l 4921798
 m 4924714
 n 4923356
 o 4924130
 p 4923067
 q 4923414
 r 4923847
 s 4922934
 t 4921513
 u 4921384
 v 4924699
 w 4926437
 x 4924902
 y 4921682
 z 4921135

Total characters:  128000000
 a 4919012
 b 4921795
 c 4926574
 d 4923347
 e 4922587
 f 4921194
 g 4921172
 h 4924136
 i 4922782
 j 4923424
 k 4924965
 l 4921798
 m 4924714
 n 4923356
 o 4924130
 p 4923067
 q 4923414
 r 4923847
 s 4922934
 t 4921513
 u 4921384
 v 4924699
 w 4926437
 x 4924902
 y 4921682
 z 4921135

Total characters:  128000000
 a 4919012
 b 4921795
 c 4926574
 d 4923347
 e 4922587
 f 4921194
 g 4921172
 h 4924136
 i 4922782
 j 4923424
 k 4924965
 l 4921798
 m 4924714
 n 4923356
 o 4924130
 p 4923067
 q 4923414
 r 4923847
 s 4922934
 t 4921513
 u 4921384
 v 4924699
 w 4926437
 x 4924902
 y 4921682
 z 4921135

Total characters:  128000000
 a 4919012
 b 4921795
 c 4926574
 d 4923347
 e 4922587
 f 4921194
 g 4921172
 h 4924136
 i 4922782
 j 4923424
 k 4924965
 l 4921798
 m 4924714
 n 4923356
 o 4924130
 p 4923067
 q 4923414
 r 4923847
 s 4922934
 t 4921513
 u 4921384
 v 4924699
 w 4926437
 x 4924902
 y 4921682
 z 4921135

Total characters:  128000000
 a 4919012
 b 4921795
 c 4926574
 d 4923347
 e 4922587
 f 4921194
 g 4921172
 h 4924136
 i 4922782
 j 4923424
 k 4924965
 l 4921798
 m 4924714
 n 4923356
 o 4924130
 p 4923067
 q 4923414
 r 4923847
 s 4922934
 t 4921513
 u 4921384
 v 4924699
 w 4926437
 x 4924902
 y 4921682
 z 4921135

Total characters:  128000000
 a 4919012
 b 4921795
 c 4926574
 d 4923347
 e 4922587
 f 4921194
 g 4921172
 h 4924136
 i 4922782
 j 4923424
 k 4924965
 l 4921798
 m 4924714
 n 4923356
 o 4924130
 p 4923067
 q 4923414
 r 4923847
 s 4922934
 t 4921513
 u 4921384
 v 4924699
 w 4926437
 x 4924902
 y 4921682
 z 4921135

Total characters:  128000000
 a 4919012
 b 4921795
 c 4926574
 d 4923347
 e 4922587
 f 4921194
 g 4921172
 h 4924136
 i 4922782
 j 4923424
 k 4924965
 l 4921798
 m 4924714
 n 4923356
 o 4924130
 p 4923067
 q 4923414
 r 4923847
 s 4922934
 t 4921513
 u 4921384
 v 4924699
 w 4926437
 x 4924902
 y 4921682
 z 4921135

Total characters:  128000000
 a 4919012
 b 4921795
 c 4926574
 d 4923347
 e 4922587
 f 4921194
 g 4921172
 h 4924136
 i 4922782
 j 4923424
 k 4924965
 l 4921798
 m 4924714
 n 4923356
 o 4924130
 p 4923067
 q 4923414
 r 4923847
 s 4922934
 t 4921513
 u 4921384
 v 4924699
 w 4926437
 x 4924902
 y 4921682
 z 4921135

Total characters:  128000000
 a 4919012
 b 4921795
 c 4926574
 d 4923347
 e 4922587
 f 4921194
 g 4921172
 h 4924136
 i 4922782
 j 4923424
 k 4924965
 l 4921798
 m 4924714
 n 4923356
 o 4924130
 p 4923067
 q 4923414
 r 4923847
 s 4922934
 t 4921513
 u 4921384
 v 4924699
 w 4926437
 x 4924902
 y 4921682
 z 4921135

Total characters:  128000000
 a 4919012
 b 4921795
 c 4926574
 d 4923347
 e 4922587
 f 4921194
 g 4921172
 h 4924136
 i 4922782
 j 4923424
 k 4924965
 l 4921798
 m 4924714
 n 4923356
 o 4924130
 p 4923067
 q 4923414
 r 4923847
 s 4922934
 t 4921513
 u 4921384
 v 4924699
 w 4926437
 x 4924902
 y 4921682
 z 4921135

Total characters:  128000000
 a 4919012
 b 4921795
 c 4926574
 d 4923347
 e 4922587
 f 4921194
 g 4921172
 h 4924136
 i 4922782
 j 4923424
 k 4924965
 l 4921798
 m 4924714
 n 4923356
 o 4924130
 p 4923067
 q 4923414
 r 4923847
 s 4922934
 t 4921513
 u 4921384
 v 4924699
 w 4926437
 x 4924902
 y 4921682
 z 4921135

Total characters:  128000000
 a 4919012
 b 4921795
 c 4926574
 d 4923347
 e 4922587
 f 4921194
 g 4921172
 h 4924136
 i 4922782
 j 4923424
 k 4924965
 l 4921798
 m 4924714
 n 4923356
 o 4924130
 p 4923067
 q 4923414
 r 4923847
 s 4922934
 t 4921513
 u 4921384
 v 4924699
 w 4926437
 x 4924902
 y 4921682
 z 4921135

Total characters:  128000000
 a 4919012
 b 4921795
 c 4926574
 d 4923347
 e 4922587
 f 4921194
 g 4921172
 h 4924136
 i 4922782
 j 4923424
 k 4924965
 l 4921798
 m 4924714
 n 4923356
 o 4924130
 p 4923067
 q 4923414
 r 4923847
 s 4922934
 t 4921513
 u 4921384
 v 4924699
 w 4926437
 x 4924902
 y 4921682
 z 4921135

Total characters:  128000000
 a 4919012
 b 4921795
 c 4926574
 d 4923347
 e 4922587
 f 4921194
 g 4921172
 h 4924136
 i 4922782
 j 4923424
 k 4924965
 l 4921798
 m 4924714
 n 4923356
 o 4924130
 p 4923067
 q 4923414
 r 4923847
 s 4922934
 t 4921513
 u 4921384
 v 4924699
 w 4926437
 x 4924902
 y 4921682
 z 4921135

Total characters:  128000000
 a 4919012
 b 4921795
 c 4926574
 d 4923347
 e 4922587
 f 4921194
 g 4921172
 h 4924136
 i 4922782
 j 4923424
 k 4924965
 l 4921798
 m 4924714
 n 4923356
 o 4924130
 p 4923067
 q 4923414
 r 4923847
 s 4922934
 t 4921513
 u 4921384
 v 4924699
 w 4926437
 x 4924902
 y 4921682
 z 4921135

Total characters:  128000000
 a 4919012
 b 4921795
 c 4926574
 d 4923347
 e 4922587
 f 4921194
 g 4921172
 h 4924136
 i 4922782
 j 4923424
 k 4924965
 l 4921798
 m 4924714
 n 4923356
 o 4924130
 p 4923067
 q 4923414
 r 4923847
 s 4922934
 t 4921513
 u 4921384
 v 4924699
 w 4926437
 x 4924902
 y 4921682
 z 4921135

Total characters:  128000000
 a 4919012
 b 4921795
 c 4926574
 d 4923347
 e 4922587
 f 4921194
 g 4921172
 h 4924136
 i 4922782
 j 4923424
 k 4924965
 l 4921798
 m 4924714
 n 4923356
 o 4924130
 p 4923067
 q 4923414
 r 4923847
 s 4922934
 t 4921513
 u 4921384
 v 4924699
 w 4926437
 x 4924902
 y 4921682
 z 4921135

Total characters:  128000000
 a 4919012
 b 4921795
 c 4926574
 d 4923347
 e 4922587
 f 4921194
 g 4921172
 h 4924136
 i 4922782
 j 4923424
 k 4924965
 l 4921798
 m 4924714
 n 4923356
 o 4924130
 p 4923067
 q 4923414
 r 4923847
 s 4922934
 t 4921513
 u 4921384
 v 4924699
 w 4926437
 x 4924902
 y 4921682
 z 4921135

Total characters:  128000000
 a 4919012
 b 4921795
 c 4926574
 d 4923347
 e 4922587
 f 4921194
 g 4921172
 h 4924136
 i 4922782
 j 4923424
 k 4924965
 l 4921798
 m 4924714
 n 4923356
 o 4924130
 p 4923067
 q 4923414
 r 4923847
 s 4922934
 t 4921513
 u 4921384
 v 4924699
 w 4926437
 x 4924902
 y 4921682
 z 4921135

Total characters:  128000000
 a 4919012
 b 4921795
 c 4926574
 d 4923347
 e 4922587
 f 4921194
 g 4921172
 h 4924136
 i 4922782
 j 4923424
 k 4924965
 l 4921798
 m 4924714
 n 4923356
 o 4924130
 p 4923067
 q 4923414
 r 4923847
 s 4922934
 t 4921513
 u 4921384
 v 4924699
 w 4926437
 x 4924902
 y 4921682
 z 4921135

Total characters:  128000000
 a 4919012
 b 4921795
 c 4926574
 d 4923347
 e 4922587
 f 4921194
 g 4921172
 h 4924136
 i 4922782
 j 4923424
 k 4924965
 l 4921798
 m 4924714
 n 4923356
 o 4924130
 p 4923067
 q 4923414
 r 4923847
 s 4922934
 t 4921513
 u 4921384
 v 4924699
 w 4926437
 x 4924902
 y 4921682
 z 4921135

Total characters:  128000000
 a 4919012
 b 4921795
 c 4926574
 d 4923347
 e 4922587
 f 4921194
 g 4921172
 h 4924136
 i 4922782
 j 4923424
 k 4924965
 l 4921798
 m 4924714
 n 4923356
 o 4924130
 p 4923067
 q 4923414
 r 4923847
 s 4922934
 t 4921513
 u 4921384
 v 4924699
 w 4926437
 x 4924902
 y 4921682
 z 4921135

Total characters:  128000000
 a 4919012
 b 4921795
 c 4926574
 d 4923347
 e 4922587
 f 4921194
 g 4921172
 h 4924136
 i 4922782
 j 4923424
 k 4924965
 l 4921798
 m 4924714
 n 4923356
 o 4924130
 p 4923067
 q 4923414
 r 4923847
 s 4922934
 t 4921513
 u 4921384
 v 4924699
 w 4926437
 x 4924902
 y 4921682
 z 4921135

Total characters:  128000000
 a 4919012
 b 4921795
 c 4926574
 d 4923347
 e 4922587
 f 4921194
 g 4921172
 h 4924136
 i 4922782
 j 4923424
 k 4924965
 l 4921798
 m 4924714
 n 4923356
 o 4924130
 p 4923067
 q 4923414
 r 4923847
 s 4922934
 t 4921513
 u 4921384
 v 4924699
 w 4926437
 x 4924902
 y 4921682
 z 4921135

Total characters:  128000000
 a 4919012
 b 4921795
 c 4926574
 d 4923347
 e 4922587
 f 4921194
 g 4921172
 h 4924136
 i 4922782
 j 4923424
 k 4924965
 l 4921798
 m 4924714
 n 4923356
 o 4924130
 p 4923067
 q 4923414
 r 4923847
 s 4922934
 t 4921513
 u 4921384
 v 4924699
 w 4926437
 x 4924902
 y 4921682
 z 4921135

Total characters:  128000000
 a 4919012
 b 4921795
 c 4926574
 d 4923347
 e 4922587
 f 4921194
 g 4921172
 h 4924136
 i 4922782
 j 4923424
 k 4924965
 l 4921798
 m 4924714
 n 4923356
 o 4924130
 p 4923067
 q 4923414
 r 4923847
 s 4922934
 t 4921513
 u 4921384
 v 4924699
 w 4926437
 x 4924902
 y 4921682
 z 4921135

Total characters:  128000000
 a 4919012
 b 4921795
 c 4926574
 d 4923347
 e 4922587
 f 4921194
 g 4921172
 h 4924136
 i 4922782
 j 4923424
 k 4924965
 l 4921798
 m 4924714
 n 4923356
 o 4924130
 p 4923067
 q 4923414
 r 4923847
 s 4922934
 t 4921513
 u 4921384
 v 4924699
 w 4926437
 x 4924902
 y 4921682
 z 4921135

Total characters:  128000000
 a 4919012
 b 4921795
 c 4926574
 d 4923347
 e 4922587
 f 4921194
 g 4921172
 h 4924136
 i 4922782
 j 4923424
 k 4924965
 l 4921798
 m 4924714
 n 4923356
 o 4924130
 p 4923067
 q 4923414
 r 4923847
 s 4922934
 t 4921513
 u 4921384
 v 4924699
 w 4926437
 x 4924902
 y 4921682
 z 4921135

Total characters:  128000000
 a 4919012
 b 4921795
 c 4926574
 d 4923347
 e 4922587
 f 4921194
 g 4921172
 h 4924136
 i 4922782
 j 4923424
 k 4924965
 l 4921798
 m 4924714
 n 4923356
 o 4924130
 p 4923067
 q 4923414
 r 4923847
 s 4922934
 t 4921513
 u 4921384
 v 4924699
 w 4926437
 x 4924902
 y 4921682
 z 4921135

Total characters:  128000000
 a 4919012
 b 4921795
 c 4926574
 d 4923347
 e 4922587
 f 4921194
 g 4921172
 h 4924136
 i 4922782
 j 4923424
 k 4924965
 l 4921798
 m 4924714
 n 4923356
 o 4924130
 p 4923067
 q 4923414
 r 4923847
 s 4922934
 t 4921513
 u 4921384
 v 4924699
 w 4926437
 x 4924902
 y 4921682
 z 4921135

Total characters:  128000000
 a 4919012
 b 4921795
 c 4926574
 d 4923347
 e 4922587
 f 4921194
 g 4921172
 h 4924136
 i 4922782
 j 4923424
 k 4924965
 l 4921798
 m 4924714
 n 4923356
 o 4924130
 p 4923067
 q 4923414
 r 4923847
 s 4922934
 t 4921513
 u 4921384
 v 4924699
 w 4926437
 x 4924902
 y 4921682
 z 4921135

Total characters:  128000000
 a 4919012
 b 4921795
 c 4926574
 d 4923347
 e 4922587
 f 4921194
 g 4921172
 h 4924136
 i 4922782
 j 4923424
 k 4924965
 l 4921798
 m 4924714
 n 4923356
 o 4924130
 p 4923067
 q 4923414
 r 4923847
 s 4922934
 t 4921513
 u 4921384
 v 4924699
 w 4926437
 x 4924902
 y 4921682
 z 4921135

Total characters:  128000000
 a 4919012
 b 4921795
 c 4926574
 d 4923347
 e 4922587
 f 4921194
 g 4921172
 h 4924136
 i 4922782
 j 4923424
 k 4924965
 l 4921798
 m 4924714
 n 4923356
 o 4924130
 p 4923067
 q 4923414
 r 4923847
 s 4922934
 t 4921513
 u 4921384
 v 4924699
 w 4926437
 x 4924902
 y 4921682
 z 4921135

Total characters:  128000000
 a 4919012
 b 4921795
 c 4926574
 d 4923347
 e 4922587
 f 4921194
 g 4921172
 h 4924136
 i 4922782
 j 4923424
 k 4924965
 l 4921798
 m 4924714
 n 4923356
 o 4924130
 p 4923067
 q 4923414
 r 4923847
 s 4922934
 t 4921513
 u 4921384
 v 4924699
 w 4926437
 x 4924902
 y 4921682
 z 4921135

Total characters:  128000000
 a 4919012
 b 4921795
 c 4926574
 d 4923347
 e 4922587
 f 4921194
 g 4921172
 h 4924136
 i 4922782
 j 4923424
 k 4924965
 l 4921798
 m 4924714
 n 4923356
 o 4924130
 p 4923067
 q 4923414
 r 4923847
 s 4922934
 t 4921513
 u 4921384
 v 4924699
 w 4926437
 x 4924902
 y 4921682
 z 4921135

Total characters:  128000000
 a 4919012
 b 4921795
 c 4926574
 d 4923347
 e 4922587
 f 4921194
 g 4921172
 h 4924136
 i 4922782
 j 4923424
 k 4924965
 l 4921798
 m 4924714
 n 4923356
 o 4924130
 p 4923067
 q 4923414
 r 4923847
 s 4922934
 t 4921513
 u 4921384
 v 4924699
 w 4926437
 x 4924902
 y 4921682
 z 4921135

Total characters:  128000000
 a 4919012
 b 4921795
 c 4926574
 d 4923347
 e 4922587
 f 4921194
 g 4921172
 h 4924136
 i 4922782
 j 4923424
 k 4924965
 l 4921798
 m 4924714
 n 4923356
 o 4924130
 p 4923067
 q 4923414
 r 4923847
 s 4922934
 t 4921513
 u 4921384
 v 4924699
 w 4926437
 x 4924902
 y 4921682
 z 4921135

Total characters:  128000000
 a 4919012
 b 4921795
 c 4926574
 d 4923347
 e 4922587
 f 4921194
 g 4921172
 h 4924136
 i 4922782
 j 4923424
 k 4924965
 l 4921798
 m 4924714
 n 4923356
 o 4924130
 p 4923067
 q 4923414
 r 4923847
 s 4922934
 t 4921513
 u 4921384
 v 4924699
 w 4926437
 x 4924902
 y 4921682
 z 4921135

Total characters:  128000000
 a 4919012
 b 4921795
 c 4926574
 d 4923347
 e 4922587
 f 4921194
 g 4921172
 h 4924136
 i 4922782
 j 4923424
 k 4924965
 l 4921798
 m 4924714
 n 4923356
 o 4924130
 p 4923067
 q 4923414
 r 4923847
 s 4922934
 t 4921513
 u 4921384
 v 4924699
 w 4926437
 x 4924902
 y 4921682
 z 4921135

Total characters:  128000000
 a 4919012
 b 4921795
 c 4926574
 d 4923347
 e 4922587
 f 4921194
 g 4921172
 h 4924136
 i 4922782
 j 4923424
 k 4924965
 l 4921798
 m 4924714
 n 4923356
 o 4924130
 p 4923067
 q 4923414
 r 4923847
 s 4922934
 t 4921513
 u 4921384
 v 4924699
 w 4926437
 x 4924902
 y 4921682
 z 4921135

Total characters:  128000000
 a 4919012
 b 4921795
 c 4926574
 d 4923347
 e 4922587
 f 4921194
 g 4921172
 h 4924136
 i 4922782
 j 4923424
 k 4924965
 l 4921798
 m 4924714
 n 4923356
 o 4924130
 p 4923067
 q 4923414
 r 4923847
 s 4922934
 t 4921513
 u 4921384
 v 4924699
 w 4926437
 x 4924902
 y 4921682
 z 4921135

Total characters:  128000000
 a 4919012
 b 4921795
 c 4926574
 d 4923347
 e 4922587
 f 4921194
 g 4921172
 h 4924136
 i 4922782
 j 4923424
 k 4924965
 l 4921798
 m 4924714
 n 4923356
 o 4924130
 p 4923067
 q 4923414
 r 4923847
 s 4922934
 t 4921513
 u 4921384
 v 4924699
 w 4926437
 x 4924902
 y 4921682
 z 4921135

Total characters:  128000000
 a 4919012
 b 4921795
 c 4926574
 d 4923347
 e 4922587
 f 4921194
 g 4921172
 h 4924136
 i 4922782
 j 4923424
 k 4924965
 l 4921798
 m 4924714
 n 4923356
 o 4924130
 p 4923067
 q 4923414
 r 4923847
 s 4922934
 t 4921513
 u 4921384
 v 4924699
 w 4926437
 x 4924902
 y 4921682
 z 4921135

Total characters:  128000000
 a 4919012
 b 4921795
 c 4926574
 d 4923347
 e 4922587
 f 4921194
 g 4921172
 h 4924136
 i 4922782
 j 4923424
 k 4924965
 l 4921798
 m 4924714
 n 4923356
 o 4924130
 p 4923067
 q 4923414
 r 4923847
 s 4922934
 t 4921513
 u 4921384
 v 4924699
 w 4926437
 x 4924902
 y 4921682
 z 4921135

Total characters:  128000000
 a 4919012
 b 4921795
 c 4926574
 d 4923347
 e 4922587
 f 4921194
 g 4921172
 h 4924136
 i 4922782
 j 4923424
 k 4924965
 l 4921798
 m 4924714
 n 4923356
 o 4924130
 p 4923067
 q 4923414
 r 4923847
 s 4922934
 t 4921513
 u 4921384
 v 4924699
 w 4926437
 x 4924902
 y 4921682
 z 4921135

Total characters:  128000000
 a 4919012
 b 4921795
 c 4926574
 d 4923347
 e 4922587
 f 4921194
 g 4921172
 h 4924136
 i 4922782
 j 4923424
 k 4924965
 l 4921798
 m 4924714
 n 4923356
 o 4924130
 p 4923067
 q 4923414
 r 4923847
 s 4922934
 t 4921513
 u 4921384
 v 4924699
 w 4926437
 x 4924902
 y 4921682
 z 4921135

Total characters:  128000000
 a 4919012
 b 4921795
 c 4926574
 d 4923347
 e 4922587
 f 4921194
 g 4921172
 h 4924136
 i 4922782
 j 4923424
 k 4924965
 l 4921798
 m 4924714
 n 4923356
 o 4924130
 p 4923067
 q 4923414
 r 4923847
 s 4922934
 t 4921513
 u 4921384
 v 4924699
 w 4926437
 x 4924902
 y 4921682
 z 4921135

Total characters:  128000000
 a 4919012
 b 4921795
 c 4926574
 d 4923347
 e 4922587
 f 4921194
 g 4921172
 h 4924136
 i 4922782
 j 4923424
 k 4924965
 l 4921798
 m 4924714
 n 4923356
 o 4924130
 p 4923067
 q 4923414
 r 4923847
 s 4922934
 t 4921513
 u 4921384
 v 4924699
 w 4926437
 x 4924902
 y 4921682
 z 4921135

Total characters:  128000000
 a 4919012
 b 4921795
 c 4926574
 d 4923347
 e 4922587
 f 4921194
 g 4921172
 h 4924136
 i 4922782
 j 4923424
 k 4924965
 l 4921798
 m 4924714
 n 4923356
 o 4924130
 p 4923067
 q 4923414
 r 4923847
 s 4922934
 t 4921513
 u 4921384
 v 4924699
 w 4926437
 x 4924902
 y 4921682
 z 4921135

Total characters:  128000000
 a 4919012
 b 4921795
 c 4926574
 d 4923347
 e 4922587
 f 4921194
 g 4921172
 h 4924136
 i 4922782
 j 4923424
 k 4924965
 l 4921798
 m 4924714
 n 4923356
 o 4924130
 p 4923067
 q 4923414
 r 4923847
 s 4922934
 t 4921513
 u 4921384
 v 4924699
 w 4926437
 x 4924902
 y 4921682
 z 4921135

Total characters:  128000000
 a 4919012
 b 4921795
 c 4926574
 d 4923347
 e 4922587
 f 4921194
 g 4921172
 h 4924136
 i 4922782
 j 4923424
 k 4924965
 l 4921798
 m 4924714
 n 4923356
 o 4924130
 p 4923067
 q 4923414
 r 4923847
 s 4922934
 t 4921513
 u 4921384
 v 4924699
 w 4926437
 x 4924902
 y 4921682
 z 4921135

Total characters:  128000000
 a 4919012
 b 4921795
 c 4926574
 d 4923347
 e 4922587
 f 4921194
 g 4921172
 h 4924136
 i 4922782
 j 4923424
 k 4924965
 l 4921798
 m 4924714
 n 4923356
 o 4924130
 p 4923067
 q 4923414
 r 4923847
 s 4922934
 t 4921513
 u 4921384
 v 4924699
 w 4926437
 x 4924902
 y 4921682
 z 4921135

Total characters:  128000000
 a 4919012
 b 4921795
 c 4926574
 d 4923347
 e 4922587
 f 4921194
 g 4921172
 h 4924136
 i 4922782
 j 4923424
 k 4924965
 l 4921798
 m 4924714
 n 4923356
 o 4924130
 p 4923067
 q 4923414
 r 4923847
 s 4922934
 t 4921513
 u 4921384
 v 4924699
 w 4926437
 x 4924902
 y 4921682
 z 4921135

Total characters:  128000000
 a 4919012
 b 4921795
 c 4926574
 d 4923347
 e 4922587
 f 4921194
 g 4921172
 h 4924136
 i 4922782
 j 4923424
 k 4924965
 l 4921798
 m 4924714
 n 4923356
 o 4924130
 p 4923067
 q 4923414
 r 4923847
 s 4922934
 t 4921513
 u 4921384
 v 4924699
 w 4926437
 x 4924902
 y 4921682
 z 4921135

Total characters:  128000000
 a 4919012
 b 4921795
 c 4926574
 d 4923347
 e 4922587
 f 4921194
 g 4921172
 h 4924136
 i 4922782
 j 4923424
 k 4924965
 l 4921798
 m 4924714
 n 4923356
 o 4924130
 p 4923067
 q 4923414
 r 4923847
 s 4922934
 t 4921513
 u 4921384
 v 4924699
 w 4926437
 x 4924902
 y 4921682
 z 4921135

Total characters:  128000000
 a 4919012
 b 4921795
 c 4926574
 d 4923347
 e 4922587
 f 4921194
 g 4921172
 h 4924136
 i 4922782
 j 4923424
 k 4924965
 l 4921798
 m 4924714
 n 4923356
 o 4924130
 p 4923067
 q 4923414
 r 4923847
 s 4922934
 t 4921513
 u 4921384
 v 4924699
 w 4926437
 x 4924902
 y 4921682
 z 4921135

Total characters:  128000000
 a 4919012
 b 4921795
 c 4926574
 d 4923347
 e 4922587
 f 4921194
 g 4921172
 h 4924136
 i 4922782
 j 4923424
 k 4924965
 l 4921798
 m 4924714
 n 4923356
 o 4924130
 p 4923067
 q 4923414
 r 4923847
 s 4922934
 t 4921513
 u 4921384
 v 4924699
 w 4926437
 x 4924902
 y 4921682
 z 4921135

Total characters:  128000000
 a 4919012
 b 4921795
 c 4926574
 d 4923347
 e 4922587
 f 4921194
 g 4921172
 h 4924136
 i 4922782
 j 4923424
 k 4924965
 l 4921798
 m 4924714
 n 4923356
 o 4924130
 p 4923067
 q 4923414
 r 4923847
 s 4922934
 t 4921513
 u 4921384
 v 4924699
 w 4926437
 x 4924902
 y 4921682
 z 4921135

Total characters:  128000000
 a 4919012
 b 4921795
 c 4926574
 d 4923347
 e 4922587
 f 4921194
 g 4921172
 h 4924136
 i 4922782
 j 4923424
 k 4924965
 l 4921798
 m 4924714
 n 4923356
 o 4924130
 p 4923067
 q 4923414
 r 4923847
 s 4922934
 t 4921513
 u 4921384
 v 4924699
 w 4926437
 x 4924902
 y 4921682
 z 4921135

Total characters:  128000000
 a 4919012
 b 4921795
 c 4926574
 d 4923347
 e 4922587
 f 4921194
 g 4921172
 h 4924136
 i 4922782
 j 4923424
 k 4924965
 l 4921798
 m 4924714
 n 4923356
 o 4924130
 p 4923067
 q 4923414
 r 4923847
 s 4922934
 t 4921513
 u 4921384
 v 4924699
 w 4926437
 x 4924902
 y 4921682
 z 4921135

Total characters:  128000000
 a 4919012
 b 4921795
 c 4926574
 d 4923347
 e 4922587
 f 4921194
 g 4921172
 h 4924136
 i 4922782
 j 4923424
 k 4924965
 l 4921798
 m 4924714
 n 4923356
 o 4924130
 p 4923067
 q 4923414
 r 4923847
 s 4922934
 t 4921513
 u 4921384
 v 4924699
 w 4926437
 x 4924902
 y 4921682
 z 4921135

Total characters:  128000000
 a 4919012
 b 4921795
 c 4926574
 d 4923347
 e 4922587
 f 4921194
 g 4921172
 h 4924136
 i 4922782
 j 4923424
 k 4924965
 l 4921798
 m 4924714
 n 4923356
 o 4924130
 p 4923067
 q 4923414
 r 4923847
 s 4922934
 t 4921513
 u 4921384
 v 4924699
 w 4926437
 x 4924902
 y 4921682
 z 4921135

Total characters:  128000000
 a 4919012
 b 4921795
 c 4926574
 d 4923347
 e 4922587
 f 4921194
 g 4921172
 h 4924136
 i 4922782
 j 4923424
 k 4924965
 l 4921798
 m 4924714
 n 4923356
 o 4924130
 p 4923067
 q 4923414
 r 4923847
 s 4922934
 t 4921513
 u 4921384
 v 4924699
 w 4926437
 x 4924902
 y 4921682
 z 4921135

Total characters:  128000000
 a 4919012
 b 4921795
 c 4926574
 d 4923347
 e 4922587
 f 4921194
 g 4921172
 h 4924136
 i 4922782
 j 4923424
 k 4924965
 l 4921798
 m 4924714
 n 4923356
 o 4924130
 p 4923067
 q 4923414
 r 4923847
 s 4922934
 t 4921513
 u 4921384
 v 4924699
 w 4926437
 x 4924902
 y 4921682
 z 4921135

Total characters:  128000000
 a 4919012
 b 4921795
 c 4926574
 d 4923347
 e 4922587
 f 4921194
 g 4921172
 h 4924136
 i 4922782
 j 4923424
 k 4924965
 l 4921798
 m 4924714
 n 4923356
 o 4924130
 p 4923067
 q 4923414
 r 4923847
 s 4922934
 t 4921513
 u 4921384
 v 4924699
 w 4926437
 x 4924902
 y 4921682
 z 4921135

Total characters:  128000000
 a 4919012
 b 4921795
 c 4926574
 d 4923347
 e 4922587
 f 4921194
 g 4921172
 h 4924136
 i 4922782
 j 4923424
 k 4924965
 l 4921798
 m 4924714
 n 4923356
 o 4924130
 p 4923067
 q 4923414
 r 4923847
 s 4922934
 t 4921513
 u 4921384
 v 4924699
 w 4926437
 x 4924902
 y 4921682
 z 4921135

Total characters:  128000000
 a 4919012
 b 4921795
 c 4926574
 d 4923347
 e 4922587
 f 4921194
 g 4921172
 h 4924136
 i 4922782
 j 4923424
 k 4924965
 l 4921798
 m 4924714
 n 4923356
 o 4924130
 p 4923067
 q 4923414
 r 4923847
 s 4922934
 t 4921513
 u 4921384
 v 4924699
 w 4926437
 x 4924902
 y 4921682
 z 4921135

Total characters:  128000000
 a 4919012
 b 4921795
 c 4926574
 d 4923347
 e 4922587
 f 4921194
 g 4921172
 h 4924136
 i 4922782
 j 4923424
 k 4924965
 l 4921798
 m 4924714
 n 4923356
 o 4924130
 p 4923067
 q 4923414
 r 4923847
 s 4922934
 t 4921513
 u 4921384
 v 4924699
 w 4926437
 x 4924902
 y 4921682
 z 4921135

Total characters:  128000000
 a 4919012
 b 4921795
 c 4926574
 d 4923347
 e 4922587
 f 4921194
 g 4921172
 h 4924136
 i 4922782
 j 4923424
 k 4924965
 l 4921798
 m 4924714
 n 4923356
 o 4924130
 p 4923067
 q 4923414
 r 4923847
 s 4922934
 t 4921513
 u 4921384
 v 4924699
 w 4926437
 x 4924902
 y 4921682
 z 4921135

Total characters:  128000000
 a 4919012
 b 4921795
 c 4926574
 d 4923347
 e 4922587
 f 4921194
 g 4921172
 h 4924136
 i 4922782
 j 4923424
 k 4924965
 l 4921798
 m 4924714
 n 4923356
 o 4924130
 p 4923067
 q 4923414
 r 4923847
 s 4922934
 t 4921513
 u 4921384
 v 4924699
 w 4926437
 x 4924902
 y 4921682
 z 4921135

Total characters:  128000000
 a 4919012
 b 4921795
 c 4926574
 d 4923347
 e 4922587
 f 4921194
 g 4921172
 h 4924136
 i 4922782
 j 4923424
 k 4924965
 l 4921798
 m 4924714
 n 4923356
 o 4924130
 p 4923067
 q 4923414
 r 4923847
 s 4922934
 t 4921513
 u 4921384
 v 4924699
 w 4926437
 x 4924902
 y 4921682
 z 4921135

Total characters:  128000000
 a 4919012
 b 4921795
 c 4926574
 d 4923347
 e 4922587
 f 4921194
 g 4921172
 h 4924136
 i 4922782
 j 4923424
 k 4924965
 l 4921798
 m 4924714
 n 4923356
 o 4924130
 p 4923067
 q 4923414
 r 4923847
 s 4922934
 t 4921513
 u 4921384
 v 4924699
 w 4926437
 x 4924902
 y 4921682
 z 4921135

Total characters:  128000000
 a 4919012
 b 4921795
 c 4926574
 d 4923347
 e 4922587
 f 4921194
 g 4921172
 h 4924136
 i 4922782
 j 4923424
 k 4924965
 l 4921798
 m 4924714
 n 4923356
 o 4924130
 p 4923067
 q 4923414
 r 4923847
 s 4922934
 t 4921513
 u 4921384
 v 4924699
 w 4926437
 x 4924902
 y 4921682
 z 4921135

Total characters:  128000000
 a 4919012
 b 4921795
 c 4926574
 d 4923347
 e 4922587
 f 4921194
 g 4921172
 h 4924136
 i 4922782
 j 4923424
 k 4924965
 l 4921798
 m 4924714
 n 4923356
 o 4924130
 p 4923067
 q 4923414
 r 4923847
 s 4922934
 t 4921513
 u 4921384
 v 4924699
 w 4926437
 x 4924902
 y 4921682
 z 4921135

Total characters:  128000000
 a 4919012
 b 4921795
 c 4926574
 d 4923347
 e 4922587
 f 4921194
 g 4921172
 h 4924136
 i 4922782
 j 4923424
 k 4924965
 l 4921798
 m 4924714
 n 4923356
 o 4924130
 p 4923067
 q 4923414
 r 4923847
 s 4922934
 t 4921513
 u 4921384
 v 4924699
 w 4926437
 x 4924902
 y 4921682
 z 4921135

Total characters:  128000000
 a 4919012
 b 4921795
 c 4926574
 d 4923347
 e 4922587
 f 4921194
 g 4921172
 h 4924136
 i 4922782
 j 4923424
 k 4924965
 l 4921798
 m 4924714
 n 4923356
 o 4924130
 p 4923067
 q 4923414
 r 4923847
 s 4922934
 t 4921513
 u 4921384
 v 4924699
 w 4926437
 x 4924902
 y 4921682
 z 4921135

Total characters:  128000000
 a 4919012
 b 4921795
 c 4926574
 d 4923347
 e 4922587
 f 4921194
 g 4921172
 h 4924136
 i 4922782
 j 4923424
 k 4924965
 l 4921798
 m 4924714
 n 4923356
 o 4924130
 p 4923067
 q 4923414
 r 4923847
 s 4922934
 t 4921513
 u 4921384
 v 4924699
 w 4926437
 x 4924902
 y 4921682
 z 4921135

Total characters:  128000000
 a 4919012
 b 4921795
 c 4926574
 d 4923347
 e 4922587
 f 4921194
 g 4921172
 h 4924136
 i 4922782
 j 4923424
 k 4924965
 l 4921798
 m 4924714
 n 4923356
 o 4924130
 p 4923067
 q 4923414
 r 4923847
 s 4922934
 t 4921513
 u 4921384
 v 4924699
 w 4926437
 x 4924902
 y 4921682
 z 4921135

Total characters:  128000000
 a 4919012
 b 4921795
 c 4926574
 d 4923347
 e 4922587
 f 4921194
 g 4921172
 h 4924136
 i 4922782
 j 4923424
 k 4924965
 l 4921798
 m 4924714
 n 4923356
 o 4924130
 p 4923067
 q 4923414
 r 4923847
 s 4922934
 t 4921513
 u 4921384
 v 4924699
 w 4926437
 x 4924902
 y 4921682
 z 4921135

Total characters:  128000000
 a 4919012
 b 4921795
 c 4926574
 d 4923347
 e 4922587
 f 4921194
 g 4921172
 h 4924136
 i 4922782
 j 4923424
 k 4924965
 l 4921798
 m 4924714
 n 4923356
 o 4924130
 p 4923067
 q 4923414
 r 4923847
 s 4922934
 t 4921513
 u 4921384
 v 4924699
 w 4926437
 x 4924902
 y 4921682
 z 4921135

Total characters:  128000000
 a 4919012
 b 4921795
 c 4926574
 d 4923347
 e 4922587
 f 4921194
 g 4921172
 h 4924136
 i 4922782
 j 4923424
 k 4924965
 l 4921798
 m 4924714
 n 4923356
 o 4924130
 p 4923067
 q 4923414
 r 4923847
 s 4922934
 t 4921513
 u 4921384
 v 4924699
 w 4926437
 x 4924902
 y 4921682
 z 4921135

Total characters:  128000000
 a 4919012
 b 4921795
 c 4926574
 d 4923347
 e 4922587
 f 4921194
 g 4921172
 h 4924136
 i 4922782
 j 4923424
 k 4924965
 l 4921798
 m 4924714
 n 4923356
 o 4924130
 p 4923067
 q 4923414
 r 4923847
 s 4922934
 t 4921513
 u 4921384
 v 4924699
 w 4926437
 x 4924902
 y 4921682
 z 4921135

Total characters:  128000000
 a 4919012
 b 4921795
 c 4926574
 d 4923347
 e 4922587
 f 4921194
 g 4921172
 h 4924136
 i 4922782
 j 4923424
 k 4924965
 l 4921798
 m 4924714
 n 4923356
 o 4924130
 p 4923067
 q 4923414
 r 4923847
 s 4922934
 t 4921513
 u 4921384
 v 4924699
 w 4926437
 x 4924902
 y 4921682
 z 4921135

Total characters:  128000000
 a 4919012
 b 4921795
 c 4926574
 d 4923347
 e 4922587
 f 4921194
 g 4921172
 h 4924136
 i 4922782
 j 4923424
 k 4924965
 l 4921798
 m 4924714
 n 4923356
 o 4924130
 p 4923067
 q 4923414
 r 4923847
 s 4922934
 t 4921513
 u 4921384
 v 4924699
 w 4926437
 x 4924902
 y 4921682
 z 4921135

Total characters:  128000000
 a 4919012
 b 4921795
 c 4926574
 d 4923347
 e 4922587
 f 4921194
 g 4921172
 h 4924136
 i 4922782
 j 4923424
 k 4924965
 l 4921798
 m 4924714
 n 4923356
 o 4924130
 p 4923067
 q 4923414
 r 4923847
 s 4922934
 t 4921513
 u 4921384
 v 4924699
 w 4926437
 x 4924902
 y 4921682
 z 4921135

Total characters:  128000000
srun: error: elf27: tasks 48,50-63: Exited with exit code 30
 a 4919012
 b 4921795
 c 4926574
 d 4923347
 e 4922587
 f 4921194
 g 4921172
 h 4924136
 i 4922782
 j 4923424
 k 4924965
 l 4921798
 m 4924714
 n 4923356
 o 4924130
 p 4923067
 q 4923414
 r 4923847
 s 4922934
 t 4921513
 u 4921384
 v 4924699
 w 4926437
 x 4924902
 y 4921682
 z 4921135

Total characters:  128000000
srun: error: elf20: tasks 16-20,22-31: Exited with exit code 30
 a 4919012
 b 4921795
 c 4926574
 d 4923347
 e 4922587
 f 4921194
 g 4921172
 h 4924136
 i 4922782
 j 4923424
 k 4924965
 l 4921798
 m 4924714
 n 4923356
 o 4924130
 p 4923067
 q 4923414
 r 4923847
 s 4922934
 t 4921513
 u 4921384
 v 4924699
 w 4926437
 x 4924902
 y 4921682
 z 4921135

Total characters:  128000000
srun: error: elf25: tasks 32-39,41-43,46-47: Exited with exit code 30
srun: error: elf35: tasks 80-81,83-89,91-94: Exited with exit code 30
srun: error: elf32: tasks 64-66,68-79: Exited with exit code 30
 a 4919012
 b 4921795
 c 4926574
 d 4923347
 e 4922587
 f 4921194
 g 4921172
 h 4924136
 i 4922782
 j 4923424
 k 4924965
 l 4921798
 m 4924714
 n 4923356
 o 4924130
 p 4923067
 q 4923414
 r 4923847
 s 4922934
 t 4921513
 u 4921384
 v 4924699
 w 4926437
 x 4924902
 y 4921682
 z 4921135

Total characters:  128000000
 a 4919012
 b 4921795
 c 4926574
 d 4923347
 e 4922587
 f 4921194
 g 4921172
 h 4924136
 i 4922782
 j 4923424
 k 4924965
 l 4921798
 m 4924714
 n 4923356
 o 4924130
 p 4923067
 q 4923414
 r 4923847
 s 4922934
 t 4921513
 u 4921384
 v 4924699
 w 4926437
 x 4924902
 y 4921682
 z 4921135

Total characters:  128000000
srun: error: elf09: tasks 0-15: Exited with exit code 30
 a 4919012
 b 4921795
 c 4926574
 d 4923347
 e 4922587
 f 4921194
 g 4921172
 h 4924136
 i 4922782
 j 4923424
 k 4924965
 l 4921798
 m 4924714
 n 4923356
 o 4924130
 p 4923067
 q 4923414
 r 4923847
 s 4922934
 t 4921513
 u 4921384
 v 4924699
 w 4926437
 x 4924902
 y 4921682
 z 4921135

Total characters:  128000000
srun: error: elf20: task 21: Exited with exit code 30
 a 4919012
 b 4921795
 c 4926574
 d 4923347
 e 4922587
 f 4921194
 g 4921172
 h 4924136
 i 4922782
 j 4923424
 k 4924965
 l 4921798
 m 4924714
 n 4923356
 o 4924130
 p 4923067
 q 4923414
 r 4923847
 s 4922934
 t 4921513
 u 4921384
 v 4924699
 w 4926437
 x 4924902
 y 4921682
 z 4921135

Total characters:  128000000
srun: error: elf32: task 67: Exited with exit code 30
 a 4919012
 b 4921795
 c 4926574
 d 4923347
 e 4922587
 f 4921194
 g 4921172
 h 4924136
 i 4922782
 j 4923424
 k 4924965
 l 4921798
 m 4924714
 n 4923356
 o 4924130
 p 4923067
 q 4923414
 r 4923847
 s 4922934
 t 4921513
 u 4921384
 v 4924699
 w 4926437
 x 4924902
 y 4921682
 z 4921135

Total characters:  128000000
 a 4919012
 b 4921795
 c 4926574
 d 4923347
 e 4922587
 f 4921194
 g 4921172
 h 4924136
 i 4922782
 j 4923424
 k 4924965
 l 4921798
 m 4924714
 n 4923356
 o 4924130
 p 4923067
 q 4923414
 r 4923847
 s 4922934
 t 4921513
 u 4921384
 v 4924699
 w 4926437
 x 4924902
 y 4921682
 z 4921135

Total characters:  128000000
srun: error: elf35: tasks 82,90,95: Exited with exit code 30
srun: error: elf25: tasks 40,45: Exited with exit code 30
 a 4919012
 b 4921795
 c 4926574
 d 4923347
 e 4922587
 f 4921194
 g 4921172
 h 4924136
 i 4922782
 j 4923424
 k 4924965
 l 4921798
 m 4924714
 n 4923356
 o 4924130
 p 4923067
 q 4923414
 r 4923847
 s 4922934
 t 4921513
 u 4921384
 v 4924699
 w 4926437
 x 4924902
 y 4921682
 z 4921135

Total characters:  128000000
 a 4919012
 b 4921795
 c 4926574
 d 4923347
 e 4922587
 f 4921194
 g 4921172
 h 4924136
 i 4922782
 j 4923424
 k 4924965
 l 4921798
 m 4924714
 n 4923356
 o 4924130
 p 4923067
 q 4923414
 r 4923847
 s 4922934
 t 4921513
 u 4921384
 v 4924699
 w 4926437
 x 4924902
 y 4921682
 z 4921135

Total characters:  128000000
srun: error: elf27: task 49: Exited with exit code 30
srun: error: elf25: task 44: Exited with exit code 30
 a 601
 b 629
 c 662
 d 640
 e 604
 f 568
 g 608
 h 647
 i 641
 j 611
 k 571
 l 642
 m 638
 n 653
 o 624
 p 619
 q 635
 r 576
 s 586
 t 589
 u 610
 v 605
 w 627
 x 598
 y 608
 z 608

Total characters:  16000
DATA, 1000, 100, elf36, 0.383000
 a 601
 b 629
 c 662
 d 640
 e 604
 f 568
 g 608
 h 647
 i 641
 j 611
 k 571
 l 642
 m 638
 n 653
 o 624
 p 619
 q 635
 r 576
 s 586
 t 589
 u 610
 v 605
 w 627
 x 598
 y 608
 z 608

Total characters:  16000
DATA, 1000, 100, elf36, 0.378000
 a 601
 b 629
 c 662
 d 640
 e 604
 f 568
 g 608
 h 647
 i 641
 j 611
 k 571
 l 642
 m 638
 n 653
 o 624
 p 619
 q 635
 r 576
 s 586
 t 589
 u 610
 v 605
 w 627
 x 598
 y 608
 z 608

Total characters:  16000
DATA, 1000, 100, elf36, 0.375000
 a 601
 b 629
 c 662
 d 640
 e 604
 f 568
 g 608
 h 647
 i 641
 j 611
 k 571
 l 642
 m 638
 n 653
 o 624
 p 619
 q 635
 r 576
 s 586
 t 589
 u 610
 v 605
 w 627
 x 598
 y 608
 z 608

Total characters:  16000
DATA, 1000, 100, elf36, 0.390000
 a 601
 b 629
 c 662
 d 640
 e 604
 f 568
 g 608
 h 647
 i 641
 j 611
 k 571
 l 642
 m 638
 n 653
 o 624
 p 619
 q 635
 r 576
 s 586
 t 589
 u 610
 v 605
 w 627
 x 598
 y 608
 z 608

Total characters:  16000
DATA, 1000, 100, elf25, 0.397000
 a 601
 b 629
 c 662
 d 640
 e 604
 f 568
 g 608
 h 647
 i 641
 j 611
 k 571
 l 642
 m 638
 n 653
 o 624
 p 619
 q 635
 r 576
 s 586
 t 589
 u 610
 v 605
 w 627
 x 598
 y 608
 z 608

Total characters:  16000
DATA, 1000, 100, elf20, 0.411000
 a 601
 b 629
 c 662
 d 640
 e 604
 f 568
 g 608
 h 647
 i 641
 j 611
 k 571
 l 642
 m 638
 n 653
 o 624
 p 619
 q 635
 r 576
 s 586
 t 589
 u 610
 v 605
 w 627
 x 598
 y 608
 z 608

Total characters:  16000
DATA, 1000, 100, elf32, 0.396000
 a 601
 b 629
 c 662
 d 640
 e 604
 f 568
 g 608
 h 647
 i 641
 j 611
 k 571
 l 642
 m 638
 n 653
 o 624
 p 619
 q 635
 r 576
 s 586
 t 589
 u 610
 v 605
 w 627
 x 598
 y 608
 z 608

Total characters:  16000
DATA, 1000, 100, elf35, 0.404000
 a 601
 b 629
 c 662
 d 640
 e 604
 f 568
 g 608
 h 647
 i 641
 j 611
 k 571
 l 642
 m 638
 n 653
 o 624
 p 619
 q 635
 r 576
 s 586
 t 589
 u 610
 v 605
 w 627
 x 598
 y 608
 z 608

Total characters:  16000
DATA, 1000, 100, elf25, 0.386000
 a 601
 b 629
 c 662
 d 640
 e 604
 f 568
 g 608
 h 647
 i 641
 j 611
 k 571
 l 642
 m 638
 n 653
 o 624
 p 619
 q 635
 r 576
 s 586
 t 589
 u 610
 v 605
 w 627
 x 598
 y 608
 z 608

Total characters:  16000
DATA, 1000, 100, elf25, 0.386000
 a 601
 b 629
 c 662
 d 640
 e 604
 f 568
 g 608
 h 647
 i 641
 j 611
 k 571
 l 642
 m 638
 n 653
 o 624
 p 619
 q 635
 r 576
 s 586
 t 589
 u 610
 v 605
 w 627
 x 598
 y 608
 z 608

Total characters:  16000
DATA, 1000, 100, elf27, 0.411000
 a 601
 b 629
 c 662
 d 640
 e 604
 f 568
 g 608
 h 647
 i 641
 j 611
 k 571
 l 642
 m 638
 n 653
 o 624
 p 619
 q 635
 r 576
 s 586
 t 589
 u 610
 v 605
 w 627
 x 598
 y 608
 z 608

Total characters:  16000
DATA, 1000, 100, elf25, 0.397000
 a 601
 b 629
 c 662
 d 640
 e 604
 f 568
 g 608
 h 647
 i 641
 j 611
 k 571
 l 642
 m 638
 n 653
 o 624
 p 619
 q 635
 r 576
 s 586
 t 589
 u 610
 v 605
 w 627
 x 598
 y 608
 z 608

Total characters:  16000
DATA, 1000, 100, elf25, 0.417000
 a 601
 b 629
 c 662
 d 640
 e 604
 f 568
 g 608
 h 647
 i 641
 j 611
 k 571
 l 642
 m 638
 n 653
 o 624
 p 619
 q 635
 r 576
 s 586
 t 589
 u 610
 v 605
 w 627
 x 598
 y 608
 z 608

Total characters:  16000
DATA, 1000, 100, elf25, 0.414000
 a 601
 b 629
 c 662
 d 640
 e 604
 f 568
 g 608
 h 647
 i 641
 j 611
 k 571
 l 642
 m 638
 n 653
 o 624
 p 619
 q 635
 r 576
 s 586
 t 589
 u 610
 v 605
 w 627
 x 598
 y 608
 z 608

Total characters:  16000
DATA, 1000, 100, elf25, 0.448000
 a 601
 b 629
 c 662
 d 640
 e 604
 f 568
 g 608
 h 647
 i 641
 j 611
 k 571
 l 642
 m 638
 n 653
 o 624
 p 619
 q 635
 r 576
 s 586
 t 589
 u 610
 v 605
 w 627
 x 598
 y 608
 z 608

Total characters:  16000
DATA, 1000, 100, elf25, 0.394000
 a 601
 b 629
 c 662
 d 640
 e 604
 f 568
 g 608
 h 647
 i 641
 j 611
 k 571
 l 642
 m 638
 n 653
 o 624
 p 619
 q 635
 r 576
 s 586
 t 589
 u 610
 v 605
 w 627
 x 598
 y 608
 z 608

Total characters:  16000
DATA, 1000, 100, elf25, 0.394000
 a 601
 b 629
 c 662
 d 640
 e 604
 f 568
 g 608
 h 647
 i 641
 j 611
 k 571
 l 642
 m 638
 n 653
 o 624
 p 619
 q 635
 r 576
 s 586
 t 589
 u 610
 v 605
 w 627
 x 598
 y 608
 z 608

Total characters:  16000
DATA, 1000, 100, elf09, 0.398000
 a 601
 b 629
 c 662
 d 640
 e 604
 f 568
 g 608
 h 647
 i 641
 j 611
 k 571
 l 642
 m 638
 n 653
 o 624
 p 619
 q 635
 r 576
 s 586
 t 589
 u 610
 v 605
 w 627
 x 598
 y 608
 z 608

Total characters:  16000
DATA, 1000, 100, elf25, 0.376000
 a 601
 b 629
 c 662
 d 640
 e 604
 f 568
 g 608
 h 647
 i 641
 j 611
 k 571
 l 642
 m 638
 n 653
 o 624
 p 619
 q 635
 r 576
 s 586
 t 589
 u 610
 v 605
 w 627
 x 598
 y 608
 z 608

Total characters:  16000
DATA, 1000, 100, elf25, 0.399000
 a 601
 b 629
 c 662
 d 640
 e 604
 f 568
 g 608
 h 647
 i 641
 j 611
 k 571
 l 642
 m 638
 n 653
 o 624
 p 619
 q 635
 r 576
 s 586
 t 589
 u 610
 v 605
 w 627
 x 598
 y 608
 z 608

Total characters:  16000
DATA, 1000, 100, elf25, 0.419000
 a 601
 b 629
 c 662
 d 640
 e 604
 f 568
 g 608
 h 647
 i 641
 j 611
 k 571
 l 642
 m 638
 n 653
 o 624
 p 619
 q 635
 r 576
 s 586
 t 589
 u 610
 v 605
 w 627
 x 598
 y 608
 z 608

Total characters:  16000
DATA, 1000, 100, elf25, 0.350000
 a 601
 b 629
 c 662
 d 640
 e 604
 f 568
 g 608
 h 647
 i 641
 j 611
 k 571
 l 642
 m 638
 n 653
 o 624
 p 619
 q 635
 r 576
 s 586
 t 589
 u 610
 v 605
 w 627
 x 598
 y 608
 z 608

Total characters:  16000
DATA, 1000, 100, elf25, 0.410000
 a 601
 b 629
 c 662
 d 640
 e 604
 f 568
 g 608
 h 647
 i 641
 j 611
 k 571
 l 642
 m 638
 n 653
 o 624
 p 619
 q 635
 r 576
 s 586
 t 589
 u 610
 v 605
 w 627
 x 598
 y 608
 z 608

Total characters:  16000
DATA, 1000, 100, elf25, 0.390000
 a 601
 b 629
 c 662
 d 640
 e 604
 f 568
 g 608
 h 647
 i 641
 j 611
 k 571
 l 642
 m 638
 n 653
 o 624
 p 619
 q 635
 r 576
 s 586
 t 589
 u 610
 v 605
 w 627
 x 598
 y 608
 z 608

Total characters:  16000
DATA, 1000, 100, elf25, 0.370000
 a 601
 b 629
 c 662
 d 640
 e 604
 f 568
 g 608
 h 647
 i 641
 j 611
 k 571
 l 642
 m 638
 n 653
 o 624
 p 619
 q 635
 r 576
 s 586
 t 589
 u 610
 v 605
 w 627
 x 598
 y 608
 z 608

Total characters:  16000
DATA, 1000, 100, elf20, 0.417000
 a 601
 b 629
 c 662
 d 640
 e 604
 f 568
 g 608
 h 647
 i 641
 j 611
 k 571
 l 642
 m 638
 n 653
 o 624
 p 619
 q 635
 r 576
 s 586
 t 589
 u 610
 v 605
 w 627
 x 598
 y 608
 z 608

Total characters:  16000
DATA, 1000, 100, elf20, 0.411000
 a 601
 b 629
 c 662
 d 640
 e 604
 f 568
 g 608
 h 647
 i 641
 j 611
 k 571
 l 642
 m 638
 n 653
 o 624
 p 619
 q 635
 r 576
 s 586
 t 589
 u 610
 v 605
 w 627
 x 598
 y 608
 z 608

Total characters:  16000
DATA, 1000, 100, elf20, 0.456000
 a 601
 b 629
 c 662
 d 640
 e 604
 f 568
 g 608
 h 647
 i 641
 j 611
 k 571
 l 642
 m 638
 n 653
 o 624
 p 619
 q 635
 r 576
 s 586
 t 589
 u 610
 v 605
 w 627
 x 598
 y 608
 z 608

Total characters:  16000
DATA, 1000, 100, elf20, 0.402000
 a 601
 b 629
 c 662
 d 640
 e 604
 f 568
 g 608
 h 647
 i 641
 j 611
 k 571
 l 642
 m 638
 n 653
 o 624
 p 619
 q 635
 r 576
 s 586
 t 589
 u 610
 v 605
 w 627
 x 598
 y 608
 z 608

Total characters:  16000
DATA, 1000, 100, elf20, 0.392000
 a 601
 b 629
 c 662
 d 640
 e 604
 f 568
 g 608
 h 647
 i 641
 j 611
 k 571
 l 642
 m 638
 n 653
 o 624
 p 619
 q 635
 r 576
 s 586
 t 589
 u 610
 v 605
 w 627
 x 598
 y 608
 z 608

Total characters:  16000
DATA, 1000, 100, elf20, 0.417000
 a 601
 b 629
 c 662
 d 640
 e 604
 f 568
 g 608
 h 647
 i 641
 j 611
 k 571
 l 642
 m 638
 n 653
 o 624
 p 619
 q 635
 r 576
 s 586
 t 589
 u 610
 v 605
 w 627
 x 598
 y 608
 z 608

Total characters:  16000
DATA, 1000, 100, elf20, 0.439000
 a 601
 b 629
 c 662
 d 640
 e 604
 f 568
 g 608
 h 647
 i 641
 j 611
 k 571
 l 642
 m 638
 n 653
 o 624
 p 619
 q 635
 r 576
 s 586
 t 589
 u 610
 v 605
 w 627
 x 598
 y 608
 z 608

Total characters:  16000
DATA, 1000, 100, elf20, 0.414000
 a 601
 b 629
 c 662
 d 640
 e 604
 f 568
 g 608
 h 647
 i 641
 j 611
 k 571
 l 642
 m 638
 n 653
 o 624
 p 619
 q 635
 r 576
 s 586
 t 589
 u 610
 v 605
 w 627
 x 598
 y 608
 z 608

Total characters:  16000
DATA, 1000, 100, elf20, 0.399000
 a 601
 b 629
 c 662
 d 640
 e 604
 f 568
 g 608
 h 647
 i 641
 j 611
 k 571
 l 642
 m 638
 n 653
 o 624
 p 619
 q 635
 r 576
 s 586
 t 589
 u 610
 v 605
 w 627
 x 598
 y 608
 z 608

Total characters:  16000
DATA, 1000, 100, elf20, 0.418000
 a 601
 b 629
 c 662
 d 640
 e 604
 f 568
 g 608
 h 647
 i 641
 j 611
 k 571
 l 642
 m 638
 n 653
 o 624
 p 619
 q 635
 r 576
 s 586
 t 589
 u 610
 v 605
 w 627
 x 598
 y 608
 z 608

Total characters:  16000
DATA, 1000, 100, elf20, 0.382000
 a 601
 b 629
 c 662
 d 640
 e 604
 f 568
 g 608
 h 647
 i 641
 j 611
 k 571
 l 642
 m 638
 n 653
 o 624
 p 619
 q 635
 r 576
 s 586
 t 589
 u 610
 v 605
 w 627
 x 598
 y 608
 z 608

Total characters:  16000
DATA, 1000, 100, elf20, 0.379000
 a 601
 b 629
 c 662
 d 640
 e 604
 f 568
 g 608
 h 647
 i 641
 j 611
 k 571
 l 642
 m 638
 n 653
 o 624
 p 619
 q 635
 r 576
 s 586
 t 589
 u 610
 v 605
 w 627
 x 598
 y 608
 z 608

Total characters:  16000
DATA, 1000, 100, elf20, 0.381000
 a 601
 b 629
 c 662
 d 640
 e 604
 f 568
 g 608
 h 647
 i 641
 j 611
 k 571
 l 642
 m 638
 n 653
 o 624
 p 619
 q 635
 r 576
 s 586
 t 589
 u 610
 v 605
 w 627
 x 598
 y 608
 z 608

Total characters:  16000
DATA, 1000, 100, elf20, 0.381000
 a 601
 b 629
 c 662
 d 640
 e 604
 f 568
 g 608
 h 647
 i 641
 j 611
 k 571
 l 642
 m 638
 n 653
 o 624
 p 619
 q 635
 r 576
 s 586
 t 589
 u 610
 v 605
 w 627
 x 598
 y 608
 z 608

Total characters:  16000
DATA, 1000, 100, elf20, 0.384000
 a 601
 b 629
 c 662
 d 640
 e 604
 f 568
 g 608
 h 647
 i 641
 j 611
 k 571
 l 642
 m 638
 n 653
 o 624
 p 619
 q 635
 r 576
 s 586
 t 589
 u 610
 v 605
 w 627
 x 598
 y 608
 z 608

Total characters:  16000
DATA, 1000, 100, elf32, 0.396000
 a 601
 b 629
 c 662
 d 640
 e 604
 f 568
 g 608
 h 647
 i 641
 j 611
 k 571
 l 642
 m 638
 n 653
 o 624
 p 619
 q 635
 r 576
 s 586
 t 589
 u 610
 v 605
 w 627
 x 598
 y 608
 z 608

Total characters:  16000
DATA, 1000, 100, elf32, 0.390000
 a 601
 b 629
 c 662
 d 640
 e 604
 f 568
 g 608
 h 647
 i 641
 j 611
 k 571
 l 642
 m 638
 n 653
 o 624
 p 619
 q 635
 r 576
 s 586
 t 589
 u 610
 v 605
 w 627
 x 598
 y 608
 z 608

Total characters:  16000
DATA, 1000, 100, elf32, 0.376000
 a 601
 b 629
 c 662
 d 640
 e 604
 f 568
 g 608
 h 647
 i 641
 j 611
 k 571
 l 642
 m 638
 n 653
 o 624
 p 619
 q 635
 r 576
 s 586
 t 589
 u 610
 v 605
 w 627
 x 598
 y 608
 z 608

Total characters:  16000
DATA, 1000, 100, elf32, 0.395000
 a 601
 b 629
 c 662
 d 640
 e 604
 f 568
 g 608
 h 647
 i 641
 j 611
 k 571
 l 642
 m 638
 n 653
 o 624
 p 619
 q 635
 r 576
 s 586
 t 589
 u 610
 v 605
 w 627
 x 598
 y 608
 z 608

Total characters:  16000
DATA, 1000, 100, elf32, 0.411000
 a 601
 b 629
 c 662
 d 640
 e 604
 f 568
 g 608
 h 647
 i 641
 j 611
 k 571
 l 642
 m 638
 n 653
 o 624
 p 619
 q 635
 r 576
 s 586
 t 589
 u 610
 v 605
 w 627
 x 598
 y 608
 z 608

Total characters:  16000
DATA, 1000, 100, elf32, 0.376000
 a 601
 b 629
 c 662
 d 640
 e 604
 f 568
 g 608
 h 647
 i 641
 j 611
 k 571
 l 642
 m 638
 n 653
 o 624
 p 619
 q 635
 r 576
 s 586
 t 589
 u 610
 v 605
 w 627
 x 598
 y 608
 z 608

Total characters:  16000
DATA, 1000, 100, elf32, 0.413000
 a 601
 b 629
 c 662
 d 640
 e 604
 f 568
 g 608
 h 647
 i 641
 j 611
 k 571
 l 642
 m 638
 n 653
 o 624
 p 619
 q 635
 r 576
 s 586
 t 589
 u 610
 v 605
 w 627
 x 598
 y 608
 z 608

Total characters:  16000
DATA, 1000, 100, elf32, 0.377000
 a 601
 b 629
 c 662
 d 640
 e 604
 f 568
 g 608
 h 647
 i 641
 j 611
 k 571
 l 642
 m 638
 n 653
 o 624
 p 619
 q 635
 r 576
 s 586
 t 589
 u 610
 v 605
 w 627
 x 598
 y 608
 z 608

Total characters:  16000
DATA, 1000, 100, elf32, 0.377000
 a 601
 b 629
 c 662
 d 640
 e 604
 f 568
 g 608
 h 647
 i 641
 j 611
 k 571
 l 642
 m 638
 n 653
 o 624
 p 619
 q 635
 r 576
 s 586
 t 589
 u 610
 v 605
 w 627
 x 598
 y 608
 z 608

Total characters:  16000
DATA, 1000, 100, elf32, 0.382000
 a 601
 b 629
 c 662
 d 640
 e 604
 f 568
 g 608
 h 647
 i 641
 j 611
 k 571
 l 642
 m 638
 n 653
 o 624
 p 619
 q 635
 r 576
 s 586
 t 589
 u 610
 v 605
 w 627
 x 598
 y 608
 z 608

Total characters:  16000
DATA, 1000, 100, elf32, 0.384000
 a 601
 b 629
 c 662
 d 640
 e 604
 f 568
 g 608
 h 647
 i 641
 j 611
 k 571
 l 642
 m 638
 n 653
 o 624
 p 619
 q 635
 r 576
 s 586
 t 589
 u 610
 v 605
 w 627
 x 598
 y 608
 z 608

Total characters:  16000
DATA, 1000, 100, elf32, 0.401000
 a 601
 b 629
 c 662
 d 640
 e 604
 f 568
 g 608
 h 647
 i 641
 j 611
 k 571
 l 642
 m 638
 n 653
 o 624
 p 619
 q 635
 r 576
 s 586
 t 589
 u 610
 v 605
 w 627
 x 598
 y 608
 z 608

Total characters:  16000
DATA, 1000, 100, elf32, 0.485000
 a 601
 b 629
 c 662
 d 640
 e 604
 f 568
 g 608
 h 647
 i 641
 j 611
 k 571
 l 642
 m 638
 n 653
 o 624
 p 619
 q 635
 r 576
 s 586
 t 589
 u 610
 v 605
 w 627
 x 598
 y 608
 z 608

Total characters:  16000
DATA, 1000, 100, elf32, 0.338000
 a 601
 b 629
 c 662
 d 640
 e 604
 f 568
 g 608
 h 647
 i 641
 j 611
 k 571
 l 642
 m 638
 n 653
 o 624
 p 619
 q 635
 r 576
 s 586
 t 589
 u 610
 v 605
 w 627
 x 598
 y 608
 z 608

Total characters:  16000
DATA, 1000, 100, elf32, 0.409000
 a 601
 b 629
 c 662
 d 640
 e 604
 f 568
 g 608
 h 647
 i 641
 j 611
 k 571
 l 642
 m 638
 n 653
 o 624
 p 619
 q 635
 r 576
 s 586
 t 589
 u 610
 v 605
 w 627
 x 598
 y 608
 z 608

Total characters:  16000
DATA, 1000, 100, elf35, 0.398000
 a 601
 b 629
 c 662
 d 640
 e 604
 f 568
 g 608
 h 647
 i 641
 j 611
 k 571
 l 642
 m 638
 n 653
 o 624
 p 619
 q 635
 r 576
 s 586
 t 589
 u 610
 v 605
 w 627
 x 598
 y 608
 z 608

Total characters:  16000
DATA, 1000, 100, elf35, 0.374000
 a 601
 b 629
 c 662
 d 640
 e 604
 f 568
 g 608
 h 647
 i 641
 j 611
 k 571
 l 642
 m 638
 n 653
 o 624
 p 619
 q 635
 r 576
 s 586
 t 589
 u 610
 v 605
 w 627
 x 598
 y 608
 z 608

Total characters:  16000
DATA, 1000, 100, elf35, 0.396000
 a 601
 b 629
 c 662
 d 640
 e 604
 f 568
 g 608
 h 647
 i 641
 j 611
 k 571
 l 642
 m 638
 n 653
 o 624
 p 619
 q 635
 r 576
 s 586
 t 589
 u 610
 v 605
 w 627
 x 598
 y 608
 z 608

Total characters:  16000
DATA, 1000, 100, elf35, 0.425000
 a 601
 b 629
 c 662
 d 640
 e 604
 f 568
 g 608
 h 647
 i 641
 j 611
 k 571
 l 642
 m 638
 n 653
 o 624
 p 619
 q 635
 r 576
 s 586
 t 589
 u 610
 v 605
 w 627
 x 598
 y 608
 z 608

Total characters:  16000
DATA, 1000, 100, elf35, 0.429000
 a 601
 b 629
 c 662
 d 640
 e 604
 f 568
 g 608
 h 647
 i 641
 j 611
 k 571
 l 642
 m 638
 n 653
 o 624
 p 619
 q 635
 r 576
 s 586
 t 589
 u 610
 v 605
 w 627
 x 598
 y 608
 z 608

Total characters:  16000
DATA, 1000, 100, elf35, 0.379000
 a 601
 b 629
 c 662
 d 640
 e 604
 f 568
 g 608
 h 647
 i 641
 j 611
 k 571
 l 642
 m 638
 n 653
 o 624
 p 619
 q 635
 r 576
 s 586
 t 589
 u 610
 v 605
 w 627
 x 598
 y 608
 z 608

Total characters:  16000
DATA, 1000, 100, elf35, 0.397000
 a 601
 b 629
 c 662
 d 640
 e 604
 f 568
 g 608
 h 647
 i 641
 j 611
 k 571
 l 642
 m 638
 n 653
 o 624
 p 619
 q 635
 r 576
 s 586
 t 589
 u 610
 v 605
 w 627
 x 598
 y 608
 z 608

Total characters:  16000
DATA, 1000, 100, elf35, 0.417000
 a 601
 b 629
 c 662
 d 640
 e 604
 f 568
 g 608
 h 647
 i 641
 j 611
 k 571
 l 642
 m 638
 n 653
 o 624
 p 619
 q 635
 r 576
 s 586
 t 589
 u 610
 v 605
 w 627
 x 598
 y 608
 z 608

Total characters:  16000
DATA, 1000, 100, elf35, 0.437000
 a 601
 b 629
 c 662
 d 640
 e 604
 f 568
 g 608
 h 647
 i 641
 j 611
 k 571
 l 642
 m 638
 n 653
 o 624
 p 619
 q 635
 r 576
 s 586
 t 589
 u 610
 v 605
 w 627
 x 598
 y 608
 z 608

Total characters:  16000
DATA, 1000, 100, elf35, 0.407000
 a 601
 b 629
 c 662
 d 640
 e 604
 f 568
 g 608
 h 647
 i 641
 j 611
 k 571
 l 642
 m 638
 n 653
 o 624
 p 619
 q 635
 r 576
 s 586
 t 589
 u 610
 v 605
 w 627
 x 598
 y 608
 z 608

Total characters:  16000
DATA, 1000, 100, elf35, 0.406000
 a 601
 b 629
 c 662
 d 640
 e 604
 f 568
 g 608
 h 647
 i 641
 j 611
 k 571
 l 642
 m 638
 n 653
 o 624
 p 619
 q 635
 r 576
 s 586
 t 589
 u 610
 v 605
 w 627
 x 598
 y 608
 z 608

Total characters:  16000
DATA, 1000, 100, elf35, 0.408000
 a 601
 b 629
 c 662
 d 640
 e 604
 f 568
 g 608
 h 647
 i 641
 j 611
 k 571
 l 642
 m 638
 n 653
 o 624
 p 619
 q 635
 r 576
 s 586
 t 589
 u 610
 v 605
 w 627
 x 598
 y 608
 z 608

Total characters:  16000
DATA, 1000, 100, elf35, 0.424000
 a 601
 b 629
 c 662
 d 640
 e 604
 f 568
 g 608
 h 647
 i 641
 j 611
 k 571
 l 642
 m 638
 n 653
 o 624
 p 619
 q 635
 r 576
 s 586
 t 589
 u 610
 v 605
 w 627
 x 598
 y 608
 z 608

Total characters:  16000
DATA, 1000, 100, elf35, 0.377000
 a 601
 b 629
 c 662
 d 640
 e 604
 f 568
 g 608
 h 647
 i 641
 j 611
 k 571
 l 642
 m 638
 n 653
 o 624
 p 619
 q 635
 r 576
 s 586
 t 589
 u 610
 v 605
 w 627
 x 598
 y 608
 z 608

Total characters:  16000
DATA, 1000, 100, elf35, 0.397000
 a 601
 b 629
 c 662
 d 640
 e 604
 f 568
 g 608
 h 647
 i 641
 j 611
 k 571
 l 642
 m 638
 n 653
 o 624
 p 619
 q 635
 r 576
 s 586
 t 589
 u 610
 v 605
 w 627
 x 598
 y 608
 z 608

Total characters:  16000
DATA, 1000, 100, elf27, 0.402000
 a 601
 b 629
 c 662
 d 640
 e 604
 f 568
 g 608
 h 647
 i 641
 j 611
 k 571
 l 642
 m 638
 n 653
 o 624
 p 619
 q 635
 r 576
 s 586
 t 589
 u 610
 v 605
 w 627
 x 598
 y 608
 z 608

Total characters:  16000
DATA, 1000, 100, elf27, 0.442000
 a 601
 b 629
 c 662
 d 640
 e 604
 f 568
 g 608
 h 647
 i 641
 j 611
 k 571
 l 642
 m 638
 n 653
 o 624
 p 619
 q 635
 r 576
 s 586
 t 589
 u 610
 v 605
 w 627
 x 598
 y 608
 z 608

Total characters:  16000
DATA, 1000, 100, elf27, 0.429000
 a 601
 b 629
 c 662
 d 640
 e 604
 f 568
 g 608
 h 647
 i 641
 j 611
 k 571
 l 642
 m 638
 n 653
 o 624
 p 619
 q 635
 r 576
 s 586
 t 589
 u 610
 v 605
 w 627
 x 598
 y 608
 z 608

Total characters:  16000
DATA, 1000, 100, elf27, 0.421000
 a 601
 b 629
 c 662
 d 640
 e 604
 f 568
 g 608
 h 647
 i 641
 j 611
 k 571
 l 642
 m 638
 n 653
 o 624
 p 619
 q 635
 r 576
 s 586
 t 589
 u 610
 v 605
 w 627
 x 598
 y 608
 z 608

Total characters:  16000
DATA, 1000, 100, elf27, 0.410000
 a 601
 b 629
 c 662
 d 640
 e 604
 f 568
 g 608
 h 647
 i 641
 j 611
 k 571
 l 642
 m 638
 n 653
 o 624
 p 619
 q 635
 r 576
 s 586
 t 589
 u 610
 v 605
 w 627
 x 598
 y 608
 z 608

Total characters:  16000
DATA, 1000, 100, elf27, 0.390000
 a 601
 b 629
 c 662
 d 640
 e 604
 f 568
 g 608
 h 647
 i 641
 j 611
 k 571
 l 642
 m 638
 n 653
 o 624
 p 619
 q 635
 r 576
 s 586
 t 589
 u 610
 v 605
 w 627
 x 598
 y 608
 z 608

Total characters:  16000
DATA, 1000, 100, elf27, 0.381000
 a 601
 b 629
 c 662
 d 640
 e 604
 f 568
 g 608
 h 647
 i 641
 j 611
 k 571
 l 642
 m 638
 n 653
 o 624
 p 619
 q 635
 r 576
 s 586
 t 589
 u 610
 v 605
 w 627
 x 598
 y 608
 z 608

Total characters:  16000
DATA, 1000, 100, elf27, 0.385000
 a 601
 b 629
 c 662
 d 640
 e 604
 f 568
 g 608
 h 647
 i 641
 j 611
 k 571
 l 642
 m 638
 n 653
 o 624
 p 619
 q 635
 r 576
 s 586
 t 589
 u 610
 v 605
 w 627
 x 598
 y 608
 z 608

Total characters:  16000
DATA, 1000, 100, elf27, 0.380000
 a 601
 b 629
 c 662
 d 640
 e 604
 f 568
 g 608
 h 647
 i 641
 j 611
 k 571
 l 642
 m 638
 n 653
 o 624
 p 619
 q 635
 r 576
 s 586
 t 589
 u 610
 v 605
 w 627
 x 598
 y 608
 z 608

Total characters:  16000
DATA, 1000, 100, elf27, 0.397000
 a 601
 b 629
 c 662
 d 640
 e 604
 f 568
 g 608
 h 647
 i 641
 j 611
 k 571
 l 642
 m 638
 n 653
 o 624
 p 619
 q 635
 r 576
 s 586
 t 589
 u 610
 v 605
 w 627
 x 598
 y 608
 z 608

Total characters:  16000
DATA, 1000, 100, elf27, 0.407000
 a 601
 b 629
 c 662
 d 640
 e 604
 f 568
 g 608
 h 647
 i 641
 j 611
 k 571
 l 642
 m 638
 n 653
 o 624
 p 619
 q 635
 r 576
 s 586
 t 589
 u 610
 v 605
 w 627
 x 598
 y 608
 z 608

Total characters:  16000
DATA, 1000, 100, elf27, 0.410000
 a 601
 b 629
 c 662
 d 640
 e 604
 f 568
 g 608
 h 647
 i 641
 j 611
 k 571
 l 642
 m 638
 n 653
 o 624
 p 619
 q 635
 r 576
 s 586
 t 589
 u 610
 v 605
 w 627
 x 598
 y 608
 z 608

Total characters:  16000
DATA, 1000, 100, elf27, 0.382000
 a 601
 b 629
 c 662
 d 640
 e 604
 f 568
 g 608
 h 647
 i 641
 j 611
 k 571
 l 642
 m 638
 n 653
 o 624
 p 619
 q 635
 r 576
 s 586
 t 589
 u 610
 v 605
 w 627
 x 598
 y 608
 z 608

Total characters:  16000
DATA, 1000, 100, elf27, 0.363000
 a 601
 b 629
 c 662
 d 640
 e 604
 f 568
 g 608
 h 647
 i 641
 j 611
 k 571
 l 642
 m 638
 n 653
 o 624
 p 619
 q 635
 r 576
 s 586
 t 589
 u 610
 v 605
 w 627
 x 598
 y 608
 z 608

Total characters:  16000
DATA, 1000, 100, elf27, 0.377000
 a 601
 b 629
 c 662
 d 640
 e 604
 f 568
 g 608
 h 647
 i 641
 j 611
 k 571
 l 642
 m 638
 n 653
 o 624
 p 619
 q 635
 r 576
 s 586
 t 589
 u 610
 v 605
 w 627
 x 598
 y 608
 z 608

Total characters:  16000
DATA, 1000, 100, elf09, 0.405000
 a 601
 b 629
 c 662
 d 640
 e 604
 f 568
 g 608
 h 647
 i 641
 j 611
 k 571
 l 642
 m 638
 n 653
 o 624
 p 619
 q 635
 r 576
 s 586
 t 589
 u 610
 v 605
 w 627
 x 598
 y 608
 z 608

Total characters:  16000
DATA, 1000, 100, elf09, 0.398000
 a 601
 b 629
 c 662
 d 640
 e 604
 f 568
 g 608
 h 647
 i 641
 j 611
 k 571
 l 642
 m 638
 n 653
 o 624
 p 619
 q 635
 r 576
 s 586
 t 589
 u 610
 v 605
 w 627
 x 598
 y 608
 z 608

Total characters:  16000
DATA, 1000, 100, elf09, 0.389000
 a 601
 b 629
 c 662
 d 640
 e 604
 f 568
 g 608
 h 647
 i 641
 j 611
 k 571
 l 642
 m 638
 n 653
 o 624
 p 619
 q 635
 r 576
 s 586
 t 589
 u 610
 v 605
 w 627
 x 598
 y 608
 z 608

Total characters:  16000
DATA, 1000, 100, elf09, 0.397000
 a 601
 b 629
 c 662
 d 640
 e 604
 f 568
 g 608
 h 647
 i 641
 j 611
 k 571
 l 642
 m 638
 n 653
 o 624
 p 619
 q 635
 r 576
 s 586
 t 589
 u 610
 v 605
 w 627
 x 598
 y 608
 z 608

Total characters:  16000
DATA, 1000, 100, elf09, 0.397000
 a 601
 b 629
 c 662
 d 640
 e 604
 f 568
 g 608
 h 647
 i 641
 j 611
 k 571
 l 642
 m 638
 n 653
 o 624
 p 619
 q 635
 r 576
 s 586
 t 589
 u 610
 v 605
 w 627
 x 598
 y 608
 z 608

Total characters:  16000
DATA, 1000, 100, elf09, 0.390000
 a 601
 b 629
 c 662
 d 640
 e 604
 f 568
 g 608
 h 647
 i 641
 j 611
 k 571
 l 642
 m 638
 n 653
 o 624
 p 619
 q 635
 r 576
 s 586
 t 589
 u 610
 v 605
 w 627
 x 598
 y 608
 z 608

Total characters:  16000
DATA, 1000, 100, elf09, 0.390000
 a 601
 b 629
 c 662
 d 640
 e 604
 f 568
 g 608
 h 647
 i 641
 j 611
 k 571
 l 642
 m 638
 n 653
 o 624
 p 619
 q 635
 r 576
 s 586
 t 589
 u 610
 v 605
 w 627
 x 598
 y 608
 z 608

Total characters:  16000
DATA, 1000, 100, elf09, 0.389000
 a 601
 b 629
 c 662
 d 640
 e 604
 f 568
 g 608
 h 647
 i 641
 j 611
 k 571
 l 642
 m 638
 n 653
 o 624
 p 619
 q 635
 r 576
 s 586
 t 589
 u 610
 v 605
 w 627
 x 598
 y 608
 z 608

Total characters:  16000
DATA, 1000, 100, elf09, 0.412000
 a 601
 b 629
 c 662
 d 640
 e 604
 f 568
 g 608
 h 647
 i 641
 j 611
 k 571
 l 642
 m 638
 n 653
 o 624
 p 619
 q 635
 r 576
 s 586
 t 589
 u 610
 v 605
 w 627
 x 598
 y 608
 z 608

Total characters:  16000
DATA, 1000, 100, elf09, 0.411000
 a 601
 b 629
 c 662
 d 640
 e 604
 f 568
 g 608
 h 647
 i 641
 j 611
 k 571
 l 642
 m 638
 n 653
 o 624
 p 619
 q 635
 r 576
 s 586
 t 589
 u 610
 v 605
 w 627
 x 598
 y 608
 z 608

Total characters:  16000
DATA, 1000, 100, elf09, 0.394000
 a 601
 b 629
 c 662
 d 640
 e 604
 f 568
 g 608
 h 647
 i 641
 j 611
 k 571
 l 642
 m 638
 n 653
 o 624
 p 619
 q 635
 r 576
 s 586
 t 589
 u 610
 v 605
 w 627
 x 598
 y 608
 z 608

Total characters:  16000
DATA, 1000, 100, elf09, 0.384000
 a 601
 b 629
 c 662
 d 640
 e 604
 f 568
 g 608
 h 647
 i 641
 j 611
 k 571
 l 642
 m 638
 n 653
 o 624
 p 619
 q 635
 r 576
 s 586
 t 589
 u 610
 v 605
 w 627
 x 598
 y 608
 z 608

Total characters:  16000
DATA, 1000, 100, elf09, 0.406000
 a 601
 b 629
 c 662
 d 640
 e 604
 f 568
 g 608
 h 647
 i 641
 j 611
 k 571
 l 642
 m 638
 n 653
 o 624
 p 619
 q 635
 r 576
 s 586
 t 589
 u 610
 v 605
 w 627
 x 598
 y 608
 z 608

Total characters:  16000
DATA, 1000, 100, elf09, 0.411000
 a 601
 b 629
 c 662
 d 640
 e 604
 f 568
 g 608
 h 647
 i 641
 j 611
 k 571
 l 642
 m 638
 n 653
 o 624
 p 619
 q 635
 r 576
 s 586
 t 589
 u 610
 v 605
 w 627
 x 598
 y 608
 z 608

Total characters:  16000
DATA, 1000, 100, elf09, 0.358000
